
Showing logs for build [32mentando-k8s-entando-k8s-control-wjhfd-2[0m stage [32mfrom-build-pack[0m and container [32mstep-credential-initializer-nqmnn[0m
{"level":"warn","ts":1600771871.5107548,"logger":"fallback-logger","caller":"logging/config.go:69","msg":"Fetch GitHub commit ID from kodata failed: \"ref: refs/heads/0.8.0-**-support-backwards-incompats\" is not a valid GitHub commit ID"}
{"level":"info","ts":1600771871.51507,"logger":"fallback-logger","caller":"creds-init/main.go:40","msg":"Credentials initialized."}

Showing logs for build [32mentando-k8s-entando-k8s-control-wjhfd-2[0m stage [32mfrom-build-pack[0m and container [32mstep-working-dir-initializer-f54kn[0m
{"level":"warn","ts":1600771875.1782613,"logger":"fallback-logger","caller":"logging/config.go:69","msg":"Fetch GitHub commit ID from kodata failed: open /var/run/ko/HEAD: no such file or directory"}
{"level":"info","ts":1600771875.1848197,"logger":"fallback-logger","caller":"bash/main.go:64","msg":"Successfully e**cuted command \"sh -c mkdir -p /workspace/source\"; output "}

Showing logs for build [32mentando-k8s-entando-k8s-control-wjhfd-2[0m stage [32mfrom-build-pack[0m and container [32mstep-place-tools[0m

Showing logs for build [32mentando-k8s-entando-k8s-control-wjhfd-2[0m stage [32mfrom-build-pack[0m and container [32mstep-git-source-entando-k8s-entando-k8s-control-x2hn2[0m
{"level":"warn","ts":1600771974.3965025,"logger":"fallback-logger","caller":"logging/config.go:69","msg":"Fetch GitHub commit ID from kodata failed: \"ref: refs/heads/0.8.0-**-support-backwards-incompats\" is not a valid GitHub commit ID"}
{"level":"info","ts":1600771975.7862456,"logger":"fallback-logger","caller":"git/git.go:103","msg":"Successfully cloned https://github.com/entando-k8s/entando-k8s-controller-coordinator.git @ master in path /workspace/source"}

Showing logs for build [32mentando-k8s-entando-k8s-control-wjhfd-2[0m stage [32mfrom-build-pack[0m and container [32mstep-git-merge[0m
Using SHAs from PULL_REFS=master:40289a4cbfa1b51089c8e1d4adee317223b40111,42:5ddf623f0281569d4b8b73e3f407ca246946b692
DEBUG: ran git fetch --unshallow origin 5ddf623f0281569d4b8b73e3f407ca246946b692: 40289a4cbfa1b51089c8e1d4adee317223b40111: in 
DEBUG: ran git checkout master in 
DEBUG: ran git reset --hard 40289a4cbfa1b51089c8e1d4adee317223b40111 in 
DEBUG: ran clean --force -d . in 
DEBUG: ran git merge 5ddf623f0281569d4b8b73e3f407ca246946b692 in 
Merged SHA 5ddf623f0281569d4b8b73e3f407ca246946b692 with commit message 'ENG-1205 checkstyle' into base branch master
Merged SHA b4daf27369e4aa79d2cfb939acf31368b2ef110f with commit message 'ENG-1205 cluster scope' into base branch master

Showing logs for build [32mentando-k8s-entando-k8s-control-wjhfd-2[0m stage [32mfrom-build-pack[0m and container [32mstep-build-set-version[0m
Picked up _JAVA_OPTIONS: -XX:+UnlockExperimentalVMOptions -Dsun.zip.disableMemoryMapping=true -XX:+UseParallelGC -XX:MinHeapFreeRatio=5 -XX:MaxHeapFreeRatio=10 -XX:GCTimeRatio=4 -XX:AdaptiveSizePolicyWeight=90 -Xms1000m -Xmx12000m
[INFO] Scanning for projects...
[INFO] 
[INFO] -----------< org.entando:entando-k8s-controller-coordinator >-----------
[INFO] Building Entando K8S Controller Coordinator 6.2.0-SNAPSHOT
[INFO] --------------------------------[ jar ]---------------------------------
[INFO] 
[INFO] --- versions-maven-plugin:2.8.1:set (default-cli) @ entando-k8s-controller-coordinator ---
[INFO] Local aggregation ****: /workspace/source
[INFO] Processing change of org.entando:entando-k8s-controller-coordinator:6.2.0-SNAPSHOT -> 0.0.0-SNAPSHOT-PR-42-2
[INFO] Processing org.entando:entando-k8s-controller-coordinator
[INFO]     Updating project org.entando:entando-k8s-controller-coordinator
[INFO]         from version 6.2.0-SNAPSHOT to 0.0.0-SNAPSHOT-PR-42-2
[INFO] 
[INFO] ------------------------------------------------------------------------
[INFO] BUILD SUCCESS
[INFO] ------------------------------------------------------------------------
[INFO] Total time:  14.336 s
[INFO] Finished at: 2020-09-22T10:53:15Z
[INFO] ------------------------------------------------------------------------

Showing logs for build [32mentando-k8s-entando-k8s-control-wjhfd-2[0m stage [32mfrom-build-pack[0m and container [32mstep-build-fix-git-for-sonar[0m
Switched to a new branch 'PR-42'
M	pom.xml
Deleted branch master (was 5ddf623).
From https://github.com/entando-k8s/entando-k8s-controller-coordinator
 * [new branch]      master                  -> master
 * [new tag]         Entando6.2.1-pre-test01 -> Entando6.2.1-pre-test01

Showing logs for build [32mentando-k8s-entando-k8s-control-wjhfd-2[0m stage [32mfrom-build-pack[0m and container [32mstep-build-mvn-verify-pr[0m
  % Total    % Received % Xferd  Average Speed   Time    Time     Time  Current
                                 Dload  Upload   Total   Spent    Left  Speed
  0     0    0     0    0     0      0      0 --:--:-- --:--:-- --:--:--     0  0     0    0     0    0     0      0      0 --:--:-- --:--:-- --:--:--     0100  1891  100  1665  100   226   2350    318 --:--:-- --:--:-- --:--:--  2348
{
  "url": "https://api.github.com/repos/entando-k8s/entando-k8s-controller-coordinator/statuses/5ddf623f0281569d4b8b73e3f407ca246946b692",
  "avatar_url": "https://avatars2.githubusercontent.com/u/57885396?v=4",
  "id": 10831765768,
  "node_id": "MDEzOlN0YXR1c0NvbnRleHQxMDgzMTc2NTc2OA==",
  "state": "pending",
  "description": "Pre-deployment tests pending!",
  "target_url": "https://entando-k8s.github.io/devops-results/entando-k8s-controller-coordinator/PR-42/surefire-report.html",
  "context": "Pre-deployment tests",
  "created_at": "2020-09-22T10:53:16Z",
  "updated_at": "2020-09-22T10:53:16Z",
  "creator": {
    "login": "**********",
    "id": 57885396,
    "node_id": "MDQ6VXNlcjU3ODg1Mzk2",
    "avatar_url": "https://avatars2.githubusercontent.com/u/57885396?v=4",
    "gravatar_id": "",
    "url": "https://api.github.com/users/**********",
    "html_url": "https://github.com/**********",
    "followers_url": "https://api.github.com/users/**********/followers",
    "following_url": "https://api.github.com/users/entando-**/following{/other_user}",
    "gists_url": "https://api.github.com/users/**********/gists{/gist_id}",
    "starred_url": "https://api.github.com/users/**********/starred{/owner}{/repo}",
    "subscriptions_url": "https://api.github.com/users/**********/subscriptions",
    "organizations_url": "https://api.github.com/users/**********/orgs",
    "repos_url": "https://api.github.com/users/**********/repos",
    "events_url": "https://api.github.com/users/**********/events{/privacy}",
    "received_events_url": "https://api.github.com/users/**********/received_events",
    "type": "User",
    "site_*****": *****
  }
}
  % Total    % Received % Xferd  Average Speed   Time    Time     Time  Current
                                 Dload  Upload   Total   Spent    Left  Speed
{
  "url": "https://api.github.com/repos/entando-k8s/entando-k8s-controller-coordinator/statuses/5ddf623f0281569d4b8b73e3f407ca246946b692",
  "avatar_url": "https://avatars2.githubusercontent.com/u/57885396?v=4",
  "id": 10831765891,
  "node_id": "MDEzOlN0YXR1c0NvbnRleHQxMDgzMTc2NTg5MQ==",
  "state": "pending",
  "description": "Post-deployment tests pending!",
  "target_url": "https://entando-k8s.github.io/devops-results/entando-k8s-controller-coordinator/PR-42/failsafe-report.html",
  "context": "Post-deployment tests",
  "created_at": "2020-09-22T10:53:17Z",
  "updated_at": "2020-09-22T10:53:17Z",
  "creator": {
    "login": "**********",
    "id": 57885396,
    "node_id": "MDQ6VXNlcjU3ODg1Mzk2",
    "avatar_url": "https://avatars2.githubusercontent.com/u/57885396?v=4",
    "gravatar_id": "",
    "url": "https://api.github.com/users/entando-**",
    "html_url": "https://github.com/**********",
    "followers_url": "https://api.github.com/users/entando-**/followers",
    "following_url": "https://api.github.com/users/entando-**/following{/other_user}",
    "gists_url": "https://api.github.com/users/**********/gists{/gist_id}",
    "starred_url": "https://api.github.com/users/**********/starred{/owner}{/repo}",
    "subscriptions_url": "https://api.github.com/users/**********/subscriptions",
    "organizations_url": "https://api.github.com/users/**********/orgs",
    "repos_url": "https://api.github.com/users/**********/repos",
    "events_url": "https://api.github.com/users/entando-**/events{/privacy}",
    "received_events_url": "https://api.github.com/users/**********/received_events",
    "type": "User",
    "site_*****": *****
  }
}
  0     0    0     0    0     0      0      0 --:--:-- --:--:-- --:--:--     0 12  1895    0     0  100   228      0    359 --:--:-- --:--:-- --:--:--   360100  1895  100  1667  100   228   2623    358 --:--:-- --:--:-- --:--:--  2637
  % Total    % Received % Xferd  Average Speed   Time    Time     Time  Current
                                 Dload  Upload   Total   Spent    Left  Speed
  0     0    0     0    0     0      0      0 --:--:-- --:--:-- --:--:--     0100  1841  100  1640  100   201   2800    343 --:--:-- --:--:-- --:--:--  2803
{
  "url": "https://api.github.com/repos/entando-k8s/entando-k8s-controller-coordinator/statuses/5ddf623f0281569d4b8b73e3f407ca246946b692",
  "avatar_url": "https://avatars2.githubusercontent.com/u/57885396?v=4",
  "id": 10831765985,
  "node_id": "MDEzOlN0YXR1c0NvbnRleHQxMDgzMTc2NTk4NQ==",
  "state": "pending",
  "description": "Checkstyle pending!",
  "target_url": "https://entando-k8s.github.io/devops-results/entando-k8s-controller-coordinator/PR-42/checkstyle.html",
  "context": "Checkstyle",
  "created_at": "2020-09-22T10:53:18Z",
  "updated_at": "2020-09-22T10:53:18Z",
  "creator": {
    "login": "**********",
    "id": 57885396,
    "node_id": "MDQ6VXNlcjU3ODg1Mzk2",
    "avatar_url": "https://avatars2.githubusercontent.com/u/57885396?v=4",
    "gravatar_id": "",
    "url": "https://api.github.com/users/**********",
    "html_url": "https://github.com/**********",
    "followers_url": "https://api.github.com/users/**********/followers",
    "following_url": "https://api.github.com/users/entando-**/following{/other_user}",
    "gists_url": "https://api.github.com/users/**********/gists{/gist_id}",
    "starred_url": "https://api.github.com/users/**********/starred{/owner}{/repo}",
    "subscriptions_url": "https://api.github.com/users/**********/subscriptions",
    "organizations_url": "https://api.github.com/users/**********/orgs",
    "repos_url": "https://api.github.com/users/**********/repos",
    "events_url": "https://api.github.com/users/**********/events{/privacy}",
    "received_events_url": "https://api.github.com/users/**********/received_events",
    "type": "User",
    "site_*****": *****
  }
}
  % Total    % Received % Xferd  Average Speed   Time    Time     Time  Current
                                 Dload  Upload   Total   Spent    Left  Speed
  0     0    0     0    0     0      0      0 --:--:-- --:--:-- --:--:--     0  0     0    0     0    0     0      0      0 --:--:-- --:--:-- --:--:--     0100  1863  100  1651  100   212   2563    329 --:--:-- --:--:-- --:--:--  2563
{
  "url": "https://api.github.com/repos/entando-k8s/entando-k8s-controller-coordinator/statuses/5ddf623f0281569d4b8b73e3f407ca246946b692",
  "avatar_url": "https://avatars2.githubusercontent.com/u/57885396?v=4",
  "id": 10831766067,
  "node_id": "MDEzOlN0YXR1c0NvbnRleHQxMDgzMTc2NjA2Nw==",
  "state": "pending",
  "description": "OWASP CVE pending!",
  "target_url": "https://entando-k8s.github.io/devops-results/entando-k8s-controller-coordinator/PR-42/dependency-check-report.html",
  "context": "OWASP CVE",
  "created_at": "2020-09-22T10:53:18Z",
  "updated_at": "2020-09-22T10:53:18Z",
  "creator": {
    "login": "**********",
    "id": 57885396,
    "node_id": "MDQ6VXNlcjU3ODg1Mzk2",
    "avatar_url": "https://avatars2.githubusercontent.com/u/57885396?v=4",
    "gravatar_id": "",
    "url": "https://api.github.com/users/**********",
    "html_url": "https://github.com/**********",
    "followers_url": "https://api.github.com/users/**********/followers",
    "following_url": "https://api.github.com/users/**********/following{/other_user}",
    "gists_url": "https://api.github.com/users/**********/gists{/gist_id}",
    "starred_url": "https://api.github.com/users/**********/starred{/owner}{/repo}",
    "subscriptions_url": "https://api.github.com/users/**********/subscriptions",
    "organizations_url": "https://api.github.com/users/**********/orgs",
    "repos_url": "https://api.github.com/users/**********/repos",
    "events_url": "https://api.github.com/users/entando-**/events{/privacy}",
    "received_events_url": "https://api.github.com/users/**********/received_events",
    "type": "User",
    "site_*****": *****
  }
}
Picked up _JAVA_OPTIONS: -XX:+UnlockExperimentalVMOptions -Dsun.zip.disableMemoryMapping=true -XX:+UseParallelGC -XX:MinHeapFreeRatio=5 -XX:MaxHeapFreeRatio=10 -XX:GCTimeRatio=4 -XX:AdaptiveSizePolicyWeight=90 -Xms1000m -Xmx12000m
[INFO] Scanning for projects...
[INFO] 
[INFO] -----------< org.entando:entando-k8s-controller-coordinator >-----------
[INFO] Building Entando K8S Controller Coordinator 0.0.0-SNAPSHOT-PR-42-2
[INFO] --------------------------------[ jar ]---------------------------------
[INFO] 
[INFO] --- maven-checkstyle-plugin:3.1.1:check (validate) @ entando-k8s-controller-coordinator ---
[INFO] Starting audit...
Audit done.
[INFO] You have 0 Checkstyle violations.
[INFO] 
[INFO] --- maven-checkstyle-plugin:3.1.1:checkstyle (validate) @ entando-k8s-controller-coordinator ---
[INFO] Starting audit...
Audit done.
[INFO] 
[INFO] --- jacoco-maven-plugin:0.8.5:prepare-agent (prepare-agent) @ entando-k8s-controller-coordinator ---
[INFO] argLine set to -javaagent:/home/jenkins/.mvnrepository/org/jacoco/org.jacoco.agent/0.8.5/org.jacoco.agent-0.8.5-runtime.jar=destfile=/workspace/source/target/jacoco.e**c
[INFO] 
[INFO] --- maven-resources-plugin:2.6:resources (default-resources) @ entando-k8s-controller-coordinator ---
[INFO] Using 'UTF-8' encoding to copy filtered resources.
[INFO] Copying 3 resources
[INFO] 
[INFO] --- maven-compiler-plugin:3.8.1:compile (default-compile) @ entando-k8s-controller-coordinator ---
[INFO] Changes detected - recompiling the module!
[INFO] Compiling 4 source files to /workspace/source/target/classes
[INFO] 
[INFO] --- maven-resources-plugin:2.6:testResources (default-testResources) @ entando-k8s-controller-coordinator ---
[INFO] Using 'UTF-8' encoding to copy filtered resources.
[INFO] Copying 6 resources
[INFO] 
[INFO] --- maven-compiler-plugin:3.8.1:testCompile (default-testCompile) @ entando-k8s-controller-coordinator ---
[INFO] Changes detected - recompiling the module!
[INFO] Compiling 7 source files to /workspace/source/target/test-classes
[WARNING] /workspace/source/src/test/java/org/entando/kubernetes/controller/coordinator/inprocesstests/ControllerCoordinatorMockedTest.java:[70,61] unchecked cast
  required: java.lang.Class<T>
  found:    java.lang.Class<capture#1 of ? extends org.entando.kubernetes.model.EntandoBaseCustomResource>
[INFO] 
[INFO] --- maven-surefire-plugin:3.0.0-M1:test (default-test) @ entando-k8s-controller-coordinator ---
[INFO] 
[INFO] -------------------------------------------------------
[INFO]  T E S T S
[INFO] -------------------------------------------------------
[INFO] Running org.entando.kubernetes.controller.coordinator.inprocesstests.EntandoOperatorMatcherTest
Sep 22, 2020 10:53:44 AM org.entando.kubernetes.controller.coordinator.EntandoOperatorMatcher matchesThisOperator
WARNING: Operator ID mismatch. Ignoring resource EntandoApp:null/null
Sep 22, 2020 10:53:44 AM org.entando.kubernetes.controller.coordinator.EntandoOperatorMatcher matchesThisOperator
WARNING: Operator version mismatch. Ignoring resource EntandoApp:null/null
Sep 22, 2020 10:53:44 AM org.entando.kubernetes.controller.coordinator.EntandoOperatorMatcher matchesThisOperator
WARNING: Operator ID mismatch. Ignoring resource EntandoApp:null/null
Sep 22, 2020 10:53:44 AM org.entando.kubernetes.controller.coordinator.EntandoOperatorMatcher matchesThisOperator
WARNING: Operator ID mismatch. Ignoring resource EntandoApp:null/null
[INFO] Tests run: 7, Failures: 0, Errors: 0, Skipped: 0, Time elapsed: 0.259 s - in org.entando.kubernetes.controller.coordinator.inprocesstests.EntandoOperatorMatcherTest
[INFO] Running org.entando.kubernetes.controller.coordinator.inprocesstests.ControllerCoordinatorEdgeConditionsTest
Sep 22, 2020 10:53:46 AM okhttp3.mockwebserver.MockWebServer$2 e**cute
INFO: MockWebServer[47297] starting to accept connections
Sep 22, 2020 10:53:46 AM okhttp3.mockwebserver.MockWebServer$3 processOneRequest
INFO: MockWebServer[47297] received request: GET /api/v1/namespaces/entando-k8s-controller-coordinator-carcpr42 HTTP/1.1 and responded: HTTP/1.1 404 Client Error
Sep 22, 2020 10:53:46 AM okhttp3.mockwebserver.MockWebServer$3 processOneRequest
INFO: MockWebServer[47297] received request: POST /api/v1/namespaces HTTP/1.1 and responded: HTTP/1.1 202 OK
Sep 22, 2020 10:53:46 AM okhttp3.mockwebserver.MockWebServer$3 processOneRequest
INFO: MockWebServer[47297] received request: GET /api/v1/namespaces/entando/configmaps/entando-docker-image-info-v6.1 HTTP/1.1 and responded: HTTP/1.1 404 Client Error
Sep 22, 2020 10:53:46 AM okhttp3.mockwebserver.MockWebServer$3 processOneRequest
INFO: MockWebServer[47297] received request: GET /apis/apiextensions.k8s.io/v1beta1/customresourcedefinitions/entandokeycloakservers.entando.org HTTP/1.1 and responded: HTTP/1.1 404 Client Error
Sep 22, 2020 10:53:47 AM okhttp3.mockwebserver.MockWebServer$3 processOneRequest
INFO: MockWebServer[47297] received request: POST /apis/apiextensions.k8s.io/v1beta1/customresourcedefinitions HTTP/1.1 and responded: HTTP/1.1 202 OK
Sep 22, 2020 10:53:47 AM okhttp3.mockwebserver.MockWebServer$3 processOneRequest
INFO: MockWebServer[47297] received request: GET /api/v1/namespaces/entando-k8s-controller-coordinator-carcpr42 HTTP/1.1 and responded: HTTP/1.1 200 OK
Sep 22, 2020 10:53:47 AM okhttp3.mockwebserver.MockWebServer$3 processOneRequest
INFO: MockWebServer[47297] received request: GET /apis/entando.org/v1/namespaces/entando-k8s-controller-coordinator-carcpr42/entandokeycloakservers HTTP/1.1 and responded: HTTP/1.1 200 OK
Sep 22, 2020 10:53:47 AM okhttp3.mockwebserver.MockWebServer$3 processOneRequest
INFO: MockWebServer[47297] received request: GET /api/v1/namespaces/entando-k8s-controller-coordinator-carcpr42 HTTP/1.1 and responded: HTTP/1.1 200 OK
Sep 22, 2020 10:53:47 AM okhttp3.mockwebserver.MockWebServer$3 processOneRequest
INFO: MockWebServer[47297] received request: GET /apis/entando.org/v1/namespaces/entando-k8s-controller-coordinator-carcpr42/entandokeycloakservers HTTP/1.1 and responded: HTTP/1.1 200 OK
Sep 22, 2020 10:53:47 AM okhttp3.mockwebserver.MockWebServer$3 processOneRequest
INFO: MockWebServer[47297] received request: GET /apis/entando.org/v1/namespaces/entando-k8s-controller-coordinator-carcpr42/entandokeycloakservers HTTP/1.1 and responded: HTTP/1.1 200 OK
Sep 22, 2020 10:53:47 AM okhttp3.mockwebserver.MockWebServer$3 processOneRequest
INFO: MockWebServer[47297] received request: GET /apis/entando.org/v1/namespaces/entando-k8s-controller-coordinator-carcpr42/entandokeycloakservers?watch=true HTTP/1.1 and responded: HTTP/1.1 200 OK
Sep 22, 2020 10:53:47 AM okhttp3.mockwebserver.MockWebServer$3 processOneRequest
INFO: MockWebServer[47297] received request: GET /apis/entando.org/v1/namespaces/entando-k8s-controller-coordinator-carcpr42/entandokeycloakservers?watch=true HTTP/1.1 and responded: HTTP/1.1 200 OK
Sep 22, 2020 10:53:47 AM io.fabric8.kubernetes.client.dsl.internal.WatchHTTPManager$1 onResponse
INFO: Watch terminated unexpectedly. reason: \n not found: limit=46 content=7b2261706956657273696f6e223a227631222c226b696e64223a224c69737422â€¦
Sep 22, 2020 10:53:47 AM okhttp3.mockwebserver.MockWebServer$3 processOneRequest
INFO: MockWebServer[47297] received request: GET /apis/apiextensions.k8s.io/v1beta1/customresourcedefinitions/entandoclusterinfrastructures.entando.org HTTP/1.1 and responded: HTTP/1.1 404 Client Error
Sep 22, 2020 10:53:47 AM okhttp3.mockwebserver.MockWebServer$3 processOneRequest
INFO: MockWebServer[47297] received request: POST /apis/apiextensions.k8s.io/v1beta1/customresourcedefinitions HTTP/1.1 and responded: HTTP/1.1 202 OK
Sep 22, 2020 10:53:48 AM okhttp3.mockwebserver.MockWebServer$3 processOneRequest
INFO: MockWebServer[47297] received request: GET /api/v1/namespaces/entando-k8s-controller-coordinator-carcpr42 HTTP/1.1 and responded: HTTP/1.1 200 OK
Sep 22, 2020 10:53:48 AM okhttp3.mockwebserver.MockWebServer$3 processOneRequest
INFO: MockWebServer[47297] received request: GET /apis/entando.org/v1/namespaces/entando-k8s-controller-coordinator-carcpr42/entandoclusterinfrastructures HTTP/1.1 and responded: HTTP/1.1 200 OK
Sep 22, 2020 10:53:48 AM okhttp3.mockwebserver.MockWebServer$3 processOneRequest
INFO: MockWebServer[47297] received request: GET /api/v1/namespaces/entando-k8s-controller-coordinator-carcpr42 HTTP/1.1 and responded: HTTP/1.1 200 OK
Sep 22, 2020 10:53:48 AM okhttp3.mockwebserver.MockWebServer$3 processOneRequest
INFO: MockWebServer[47297] received request: GET /apis/entando.org/v1/namespaces/entando-k8s-controller-coordinator-carcpr42/entandoclusterinfrastructures HTTP/1.1 and responded: HTTP/1.1 200 OK
Sep 22, 2020 10:53:48 AM okhttp3.mockwebserver.MockWebServer$3 processOneRequest
INFO: MockWebServer[47297] received request: GET /apis/entando.org/v1/namespaces/entando-k8s-controller-coordinator-carcpr42/entandoclusterinfrastructures HTTP/1.1 and responded: HTTP/1.1 200 OK
Sep 22, 2020 10:53:48 AM okhttp3.mockwebserver.MockWebServer$3 processOneRequest
INFO: MockWebServer[47297] received request: GET /apis/entando.org/v1/namespaces/entando-k8s-controller-coordinator-carcpr42/entandoclusterinfrastructures?watch=true HTTP/1.1 and responded: HTTP/1.1 200 OK
Sep 22, 2020 10:53:48 AM okhttp3.mockwebserver.MockWebServer$3 processOneRequest
INFO: MockWebServer[47297] received request: GET /apis/entando.org/v1/namespaces/entando-k8s-controller-coordinator-carcpr42/entandoclusterinfrastructures?watch=true HTTP/1.1 and responded: HTTP/1.1 200 OK
Sep 22, 2020 10:53:48 AM okhttp3.mockwebserver.MockWebServer$3 processOneRequest
INFO: MockWebServer[47297] received request: GET /apis/apiextensions.k8s.io/v1beta1/customresourcedefinitions/entandoapps.entando.org HTTP/1.1 and responded: HTTP/1.1 404 Client Error
Sep 22, 2020 10:53:48 AM io.fabric8.kubernetes.client.dsl.internal.WatchHTTPManager$1 onResponse
INFO: Watch terminated unexpectedly. reason: \n not found: limit=46 content=7b2261706956657273696f6e223a227631222c226b696e64223a224c69737422â€¦
Sep 22, 2020 10:53:48 AM okhttp3.mockwebserver.MockWebServer$3 processOneRequest
INFO: MockWebServer[47297] received request: POST /apis/apiextensions.k8s.io/v1beta1/customresourcedefinitions HTTP/1.1 and responded: HTTP/1.1 202 OK
Sep 22, 2020 10:53:48 AM okhttp3.mockwebserver.MockWebServer$3 processOneRequest
INFO: MockWebServer[47297] received request: GET /api/v1/namespaces/entando-k8s-controller-coordinator-carcpr42 HTTP/1.1 and responded: HTTP/1.1 200 OK
Sep 22, 2020 10:53:48 AM okhttp3.mockwebserver.MockWebServer$3 processOneRequest
INFO: MockWebServer[47297] received request: GET /apis/entando.org/v1/namespaces/entando-k8s-controller-coordinator-carcpr42/entandoapps HTTP/1.1 and responded: HTTP/1.1 200 OK
Sep 22, 2020 10:53:48 AM okhttp3.mockwebserver.MockWebServer$3 processOneRequest
INFO: MockWebServer[47297] received request: GET /api/v1/namespaces/entando-k8s-controller-coordinator-carcpr42 HTTP/1.1 and responded: HTTP/1.1 200 OK
Sep 22, 2020 10:53:48 AM okhttp3.mockwebserver.MockWebServer$3 processOneRequest
INFO: MockWebServer[47297] received request: GET /apis/entando.org/v1/namespaces/entando-k8s-controller-coordinator-carcpr42/entandokeycloakservers?watch=true HTTP/1.1 and responded: HTTP/1.1 200 OK
Sep 22, 2020 10:53:48 AM io.fabric8.kubernetes.client.dsl.internal.WatchHTTPManager$1 onResponse
INFO: Watch terminated unexpectedly. reason: \n not found: limit=46 content=7b2261706956657273696f6e223a227631222c226b696e64223a224c69737422â€¦
Sep 22, 2020 10:53:48 AM okhttp3.mockwebserver.MockWebServer$3 processOneRequest
INFO: MockWebServer[47297] received request: GET /apis/entando.org/v1/namespaces/entando-k8s-controller-coordinator-carcpr42/entandoapps HTTP/1.1 and responded: HTTP/1.1 200 OK
Sep 22, 2020 10:53:49 AM okhttp3.mockwebserver.MockWebServer$3 processOneRequest
INFO: MockWebServer[47297] received request: GET /apis/entando.org/v1/namespaces/entando-k8s-controller-coordinator-carcpr42/entandoapps HTTP/1.1 and responded: HTTP/1.1 200 OK
Sep 22, 2020 10:53:49 AM okhttp3.mockwebserver.MockWebServer$3 processOneRequest
INFO: MockWebServer[47297] received request: GET /apis/entando.org/v1/namespaces/entando-k8s-controller-coordinator-carcpr42/entandoapps?watch=true HTTP/1.1 and responded: HTTP/1.1 200 OK
Sep 22, 2020 10:53:49 AM okhttp3.mockwebserver.MockWebServer$3 processOneRequest
INFO: MockWebServer[47297] received request: GET /apis/entando.org/v1/namespaces/entando-k8s-controller-coordinator-carcpr42/entandoapps?watch=true HTTP/1.1 and responded: HTTP/1.1 200 OK
Sep 22, 2020 10:53:49 AM okhttp3.mockwebserver.MockWebServer$3 processOneRequest
INFO: MockWebServer[47297] received request: GET /apis/apiextensions.k8s.io/v1beta1/customresourcedefinitions/entandoplugins.entando.org HTTP/1.1 and responded: HTTP/1.1 404 Client Error
Sep 22, 2020 10:53:49 AM io.fabric8.kubernetes.client.dsl.internal.WatchHTTPManager$1 onResponse
INFO: Watch terminated unexpectedly. reason: \n not found: limit=46 content=7b2261706956657273696f6e223a227631222c226b696e64223a224c69737422â€¦
Sep 22, 2020 10:53:49 AM okhttp3.mockwebserver.MockWebServer$3 processOneRequest
INFO: MockWebServer[47297] received request: POST /apis/apiextensions.k8s.io/v1beta1/customresourcedefinitions HTTP/1.1 and responded: HTTP/1.1 202 OK
Sep 22, 2020 10:53:49 AM okhttp3.mockwebserver.MockWebServer$3 processOneRequest
INFO: MockWebServer[47297] received request: GET /api/v1/namespaces/entando-k8s-controller-coordinator-carcpr42 HTTP/1.1 and responded: HTTP/1.1 200 OK
Sep 22, 2020 10:53:49 AM okhttp3.mockwebserver.MockWebServer$3 processOneRequest
INFO: MockWebServer[47297] received request: GET /apis/entando.org/v1/namespaces/entando-k8s-controller-coordinator-carcpr42/entandoplugins HTTP/1.1 and responded: HTTP/1.1 200 OK
Sep 22, 2020 10:53:49 AM okhttp3.mockwebserver.MockWebServer$3 processOneRequest
INFO: MockWebServer[47297] received request: GET /api/v1/namespaces/entando-k8s-controller-coordinator-carcpr42 HTTP/1.1 and responded: HTTP/1.1 200 OK
Sep 22, 2020 10:53:49 AM okhttp3.mockwebserver.MockWebServer$3 processOneRequest
INFO: MockWebServer[47297] received request: GET /apis/entando.org/v1/namespaces/entando-k8s-controller-coordinator-carcpr42/entandoplugins HTTP/1.1 and responded: HTTP/1.1 200 OK
Sep 22, 2020 10:53:49 AM okhttp3.mockwebserver.MockWebServer$3 processOneRequest
INFO: MockWebServer[47297] received request: GET /apis/entando.org/v1/namespaces/entando-k8s-controller-coordinator-carcpr42/entandoclusterinfrastructures?watch=true HTTP/1.1 and responded: HTTP/1.1 200 OK
Sep 22, 2020 10:53:49 AM io.fabric8.kubernetes.client.dsl.internal.WatchHTTPManager$1 onResponse
INFO: Watch terminated unexpectedly. reason: \n not found: limit=46 content=7b2261706956657273696f6e223a227631222c226b696e64223a224c69737422â€¦
Sep 22, 2020 10:53:49 AM okhttp3.mockwebserver.MockWebServer$3 processOneRequest
INFO: MockWebServer[47297] received request: GET /apis/entando.org/v1/namespaces/entando-k8s-controller-coordinator-carcpr42/entandoplugins HTTP/1.1 and responded: HTTP/1.1 200 OK
Sep 22, 2020 10:53:49 AM okhttp3.mockwebserver.MockWebServer$3 processOneRequest
INFO: MockWebServer[47297] received request: GET /apis/entando.org/v1/namespaces/entando-k8s-controller-coordinator-carcpr42/entandoplugins?watch=true HTTP/1.1 and responded: HTTP/1.1 200 OK
Sep 22, 2020 10:53:49 AM okhttp3.mockwebserver.MockWebServer$3 processOneRequest
INFO: MockWebServer[47297] received request: GET /apis/entando.org/v1/namespaces/entando-k8s-controller-coordinator-carcpr42/entandoplugins?watch=true HTTP/1.1 and responded: HTTP/1.1 200 OK
Sep 22, 2020 10:53:49 AM okhttp3.mockwebserver.MockWebServer$3 processOneRequest
INFO: MockWebServer[47297] received request: GET /apis/apiextensions.k8s.io/v1beta1/customresourcedefinitions/entandoapppluginlinks.entando.org HTTP/1.1 and responded: HTTP/1.1 404 Client Error
Sep 22, 2020 10:53:49 AM io.fabric8.kubernetes.client.dsl.internal.WatchHTTPManager$1 onResponse
INFO: Watch terminated unexpectedly. reason: \n not found: limit=46 content=7b2261706956657273696f6e223a227631222c226b696e64223a224c69737422â€¦
Sep 22, 2020 10:53:49 AM okhttp3.mockwebserver.MockWebServer$3 processOneRequest
INFO: MockWebServer[47297] received request: POST /apis/apiextensions.k8s.io/v1beta1/customresourcedefinitions HTTP/1.1 and responded: HTTP/1.1 202 OK
Sep 22, 2020 10:53:50 AM okhttp3.mockwebserver.MockWebServer$3 processOneRequest
INFO: MockWebServer[47297] received request: GET /api/v1/namespaces/entando-k8s-controller-coordinator-carcpr42 HTTP/1.1 and responded: HTTP/1.1 200 OK
Sep 22, 2020 10:53:50 AM okhttp3.mockwebserver.MockWebServer$3 processOneRequest
INFO: MockWebServer[47297] received request: GET /apis/entando.org/v1/namespaces/entando-k8s-controller-coordinator-carcpr42/entandoapppluginlinks HTTP/1.1 and responded: HTTP/1.1 200 OK
Sep 22, 2020 10:53:50 AM okhttp3.mockwebserver.MockWebServer$3 processOneRequest
INFO: MockWebServer[47297] received request: GET /api/v1/namespaces/entando-k8s-controller-coordinator-carcpr42 HTTP/1.1 and responded: HTTP/1.1 200 OK
Sep 22, 2020 10:53:50 AM okhttp3.mockwebserver.MockWebServer$3 processOneRequest
INFO: MockWebServer[47297] received request: GET /apis/entando.org/v1/namespaces/entando-k8s-controller-coordinator-carcpr42/entandoapppluginlinks HTTP/1.1 and responded: HTTP/1.1 200 OK
Sep 22, 2020 10:53:50 AM okhttp3.mockwebserver.MockWebServer$3 processOneRequest
INFO: MockWebServer[47297] received request: GET /apis/entando.org/v1/namespaces/entando-k8s-controller-coordinator-carcpr42/entandoapps?watch=true HTTP/1.1 and responded: HTTP/1.1 200 OK
Sep 22, 2020 10:53:50 AM io.fabric8.kubernetes.client.dsl.internal.WatchHTTPManager$1 onResponse
INFO: Watch terminated unexpectedly. reason: \n not found: limit=46 content=7b2261706956657273696f6e223a227631222c226b696e64223a224c69737422â€¦
Sep 22, 2020 10:53:50 AM okhttp3.mockwebserver.MockWebServer$3 processOneRequest
INFO: MockWebServer[47297] received request: GET /apis/entando.org/v1/namespaces/entando-k8s-controller-coordinator-carcpr42/entandoapppluginlinks HTTP/1.1 and responded: HTTP/1.1 200 OK
Sep 22, 2020 10:53:50 AM okhttp3.mockwebserver.MockWebServer$3 processOneRequest
INFO: MockWebServer[47297] received request: GET /apis/entando.org/v1/namespaces/entando-k8s-controller-coordinator-carcpr42/entandoapppluginlinks?watch=true HTTP/1.1 and responded: HTTP/1.1 200 OK
Sep 22, 2020 10:53:50 AM okhttp3.mockwebserver.MockWebServer$3 processOneRequest
INFO: MockWebServer[47297] received request: GET /apis/entando.org/v1/namespaces/entando-k8s-controller-coordinator-carcpr42/entandoapppluginlinks?watch=true HTTP/1.1 and responded: HTTP/1.1 200 OK
Sep 22, 2020 10:53:50 AM okhttp3.mockwebserver.MockWebServer$3 processOneRequest
INFO: MockWebServer[47297] received request: GET /apis/apiextensions.k8s.io/v1beta1/customresourcedefinitions/entandocompositeapps.entando.org HTTP/1.1 and responded: HTTP/1.1 404 Client Error
Sep 22, 2020 10:53:50 AM io.fabric8.kubernetes.client.dsl.internal.WatchHTTPManager$1 onResponse
INFO: Watch terminated unexpectedly. reason: \n not found: limit=46 content=7b2261706956657273696f6e223a227631222c226b696e64223a224c69737422â€¦
Sep 22, 2020 10:53:50 AM okhttp3.mockwebserver.MockWebServer$3 processOneRequest
INFO: MockWebServer[47297] received request: POST /apis/apiextensions.k8s.io/v1beta1/customresourcedefinitions HTTP/1.1 and responded: HTTP/1.1 202 OK
Sep 22, 2020 10:53:50 AM okhttp3.mockwebserver.MockWebServer$3 processOneRequest
INFO: MockWebServer[47297] received request: GET /api/v1/namespaces/entando-k8s-controller-coordinator-carcpr42 HTTP/1.1 and responded: HTTP/1.1 200 OK
Sep 22, 2020 10:53:50 AM okhttp3.mockwebserver.MockWebServer$3 processOneRequest
INFO: MockWebServer[47297] received request: GET /apis/entando.org/v1/namespaces/entando-k8s-controller-coordinator-carcpr42/entandocompositeapps HTTP/1.1 and responded: HTTP/1.1 200 OK
Sep 22, 2020 10:53:50 AM okhttp3.mockwebserver.MockWebServer$3 processOneRequest
INFO: MockWebServer[47297] received request: GET /api/v1/namespaces/entando-k8s-controller-coordinator-carcpr42 HTTP/1.1 and responded: HTTP/1.1 200 OK
Sep 22, 2020 10:53:50 AM okhttp3.mockwebserver.MockWebServer$3 processOneRequest
INFO: MockWebServer[47297] received request: GET /apis/entando.org/v1/namespaces/entando-k8s-controller-coordinator-carcpr42/entandocompositeapps HTTP/1.1 and responded: HTTP/1.1 200 OK
Sep 22, 2020 10:53:50 AM okhttp3.mockwebserver.MockWebServer$3 processOneRequest
INFO: MockWebServer[47297] received request: GET /apis/entando.org/v1/namespaces/entando-k8s-controller-coordinator-carcpr42/entandoplugins?watch=true HTTP/1.1 and responded: HTTP/1.1 200 OK
Sep 22, 2020 10:53:50 AM io.fabric8.kubernetes.client.dsl.internal.WatchHTTPManager$1 onResponse
INFO: Watch terminated unexpectedly. reason: \n not found: limit=46 content=7b2261706956657273696f6e223a227631222c226b696e64223a224c69737422â€¦
Sep 22, 2020 10:53:50 AM okhttp3.mockwebserver.MockWebServer$3 processOneRequest
INFO: MockWebServer[47297] received request: GET /apis/entando.org/v1/namespaces/entando-k8s-controller-coordinator-carcpr42/entandocompositeapps HTTP/1.1 and responded: HTTP/1.1 200 OK
Sep 22, 2020 10:53:50 AM okhttp3.mockwebserver.MockWebServer$3 processOneRequest
INFO: MockWebServer[47297] received request: GET /apis/entando.org/v1/namespaces/entando-k8s-controller-coordinator-carcpr42/entandokeycloakservers?watch=true HTTP/1.1 and responded: HTTP/1.1 200 OK
Sep 22, 2020 10:53:51 AM io.fabric8.kubernetes.client.dsl.internal.WatchHTTPManager$1 onResponse
INFO: Watch terminated unexpectedly. reason: \n not found: limit=46 content=7b2261706956657273696f6e223a227631222c226b696e64223a224c69737422â€¦
Sep 22, 2020 10:53:51 AM okhttp3.mockwebserver.MockWebServer$3 processOneRequest
INFO: MockWebServer[47297] received request: GET /apis/entando.org/v1/namespaces/entando-k8s-controller-coordinator-carcpr42/entandocompositeapps?watch=true HTTP/1.1 and responded: HTTP/1.1 200 OK
Sep 22, 2020 10:53:51 AM okhttp3.mockwebserver.MockWebServer$3 processOneRequest
INFO: MockWebServer[47297] received request: GET /apis/entando.org/v1/namespaces/entando-k8s-controller-coordinator-carcpr42/entandocompositeapps?watch=true HTTP/1.1 and responded: HTTP/1.1 200 OK
Sep 22, 2020 10:53:51 AM okhttp3.mockwebserver.MockWebServer$3 processOneRequest
INFO: MockWebServer[47297] received request: GET /apis/apiextensions.k8s.io/v1beta1/customresourcedefinitions/entandodatabaseservices.entando.org HTTP/1.1 and responded: HTTP/1.1 404 Client Error
Sep 22, 2020 10:53:51 AM io.fabric8.kubernetes.client.dsl.internal.WatchHTTPManager$1 onResponse
INFO: Watch terminated unexpectedly. reason: \n not found: limit=46 content=7b2261706956657273696f6e223a227631222c226b696e64223a224c69737422â€¦
Sep 22, 2020 10:53:51 AM okhttp3.mockwebserver.MockWebServer$3 processOneRequest
INFO: MockWebServer[47297] received request: POST /apis/apiextensions.k8s.io/v1beta1/customresourcedefinitions HTTP/1.1 and responded: HTTP/1.1 202 OK
Sep 22, 2020 10:53:51 AM okhttp3.mockwebserver.MockWebServer$3 processOneRequest
INFO: MockWebServer[47297] received request: GET /api/v1/namespaces/entando-k8s-controller-coordinator-carcpr42 HTTP/1.1 and responded: HTTP/1.1 200 OK
Sep 22, 2020 10:53:51 AM okhttp3.mockwebserver.MockWebServer$3 processOneRequest
INFO: MockWebServer[47297] received request: GET /apis/entando.org/v1/namespaces/entando-k8s-controller-coordinator-carcpr42/entandodatabaseservices HTTP/1.1 and responded: HTTP/1.1 200 OK
Sep 22, 2020 10:53:51 AM okhttp3.mockwebserver.MockWebServer$3 processOneRequest
INFO: MockWebServer[47297] received request: GET /api/v1/namespaces/entando-k8s-controller-coordinator-carcpr42 HTTP/1.1 and responded: HTTP/1.1 200 OK
Sep 22, 2020 10:53:51 AM okhttp3.mockwebserver.MockWebServer$3 processOneRequest
INFO: MockWebServer[47297] received request: GET /apis/entando.org/v1/namespaces/entando-k8s-controller-coordinator-carcpr42/entandodatabaseservices HTTP/1.1 and responded: HTTP/1.1 200 OK
Sep 22, 2020 10:53:51 AM okhttp3.mockwebserver.MockWebServer$3 processOneRequest
INFO: MockWebServer[47297] received request: GET /apis/entando.org/v1/namespaces/entando-k8s-controller-coordinator-carcpr42/entandoapppluginlinks?watch=true HTTP/1.1 and responded: HTTP/1.1 200 OK
Sep 22, 2020 10:53:51 AM io.fabric8.kubernetes.client.dsl.internal.WatchHTTPManager$1 onResponse
INFO: Watch terminated unexpectedly. reason: \n not found: limit=46 content=7b2261706956657273696f6e223a227631222c226b696e64223a224c69737422â€¦
Sep 22, 2020 10:53:51 AM okhttp3.mockwebserver.MockWebServer$3 processOneRequest
INFO: MockWebServer[47297] received request: GET /apis/entando.org/v1/namespaces/entando-k8s-controller-coordinator-carcpr42/entandodatabaseservices HTTP/1.1 and responded: HTTP/1.1 200 OK
Sep 22, 2020 10:53:51 AM okhttp3.mockwebserver.MockWebServer$3 processOneRequest
INFO: MockWebServer[47297] received request: GET /apis/entando.org/v1/namespaces/entando-k8s-controller-coordinator-carcpr42/entandoclusterinfrastructures?watch=true HTTP/1.1 and responded: HTTP/1.1 200 OK
Sep 22, 2020 10:53:51 AM io.fabric8.kubernetes.client.dsl.internal.WatchHTTPManager$1 onResponse
INFO: Watch terminated unexpectedly. reason: \n not found: limit=46 content=7b2261706956657273696f6e223a227631222c226b696e64223a224c69737422â€¦
Sep 22, 2020 10:53:51 AM okhttp3.mockwebserver.MockWebServer$3 processOneRequest
INFO: MockWebServer[47297] received request: GET /apis/entando.org/v1/namespaces/entando-k8s-controller-coordinator-carcpr42/entandodatabaseservices?watch=true HTTP/1.1 and responded: HTTP/1.1 200 OK
Sep 22, 2020 10:53:51 AM okhttp3.mockwebserver.MockWebServer$3 processOneRequest
INFO: MockWebServer[47297] received request: GET /apis/entando.org/v1/namespaces/entando-k8s-controller-coordinator-carcpr42/entandodatabaseservices?watch=true HTTP/1.1 and responded: HTTP/1.1 200 OK
Sep 22, 2020 10:53:51 AM io.fabric8.kubernetes.client.dsl.internal.WatchHTTPManager$1 onResponse
INFO: Watch terminated unexpectedly. reason: \n not found: limit=46 content=7b2261706956657273696f6e223a227631222c226b696e64223a224c69737422â€¦
Sep 22, 2020 10:53:51 AM okhttp3.mockwebserver.MockWebServer$3 processOneRequest
INFO: MockWebServer[47297] received request: POST /api/v1/namespaces/entando/configmaps HTTP/1.1 and responded: HTTP/1.1 202 OK
Sep 22, 2020 10:53:51 AM okhttp3.mockwebserver.MockWebServer$3 processOneRequest
INFO: MockWebServer[47297] received request: GET /api/v1/namespaces/entando-k8s-controller-coordinator-carcpr42 HTTP/1.1 and responded: HTTP/1.1 200 OK
Sep 22, 2020 10:53:51 AM okhttp3.mockwebserver.MockWebServer$3 processOneRequest
INFO: MockWebServer[47297] received request: GET /apis/entando.org/v1/namespaces/entando-k8s-controller-coordinator-carcpr42/entandokeycloakservers HTTP/1.1 and responded: HTTP/1.1 200 OK
Sep 22, 2020 10:53:52 AM okhttp3.mockwebserver.MockWebServer$3 processOneRequest
INFO: MockWebServer[47297] received request: GET /api/v1/namespaces/entando-k8s-controller-coordinator-carcpr42 HTTP/1.1 and responded: HTTP/1.1 200 OK
Sep 22, 2020 10:53:52 AM okhttp3.mockwebserver.MockWebServer$3 processOneRequest
INFO: MockWebServer[47297] received request: GET /apis/entando.org/v1/namespaces/entando-k8s-controller-coordinator-carcpr42/entandokeycloakservers HTTP/1.1 and responded: HTTP/1.1 200 OK
Sep 22, 2020 10:53:52 AM okhttp3.mockwebserver.MockWebServer$3 processOneRequest
INFO: MockWebServer[47297] received request: GET /apis/entando.org/v1/namespaces/entando-k8s-controller-coordinator-carcpr42/entandocompositeapps?watch=true HTTP/1.1 and responded: HTTP/1.1 200 OK
Sep 22, 2020 10:53:52 AM io.fabric8.kubernetes.client.dsl.internal.WatchHTTPManager$1 onResponse
INFO: Watch terminated unexpectedly. reason: \n not found: limit=46 content=7b2261706956657273696f6e223a227631222c226b696e64223a224c69737422â€¦
Sep 22, 2020 10:53:52 AM okhttp3.mockwebserver.MockWebServer$3 processOneRequest
INFO: MockWebServer[47297] received request: POST /apis/entando.org/v1/namespaces/entando-k8s-controller-coordinator-carcpr42/entandokeycloakservers HTTP/1.1 and responded: HTTP/1.1 202 OK
Sep 22, 2020 10:53:52 AM org.entando.kubernetes.controller.coordinator.EntandoResourceObserver logAction
INFO: Received ADDED for resource EntandoKeycloakServer entando-k8s-controller-coordinator-carcpr42/test-keycloak
Sep 22, 2020 10:53:52 AM okhttp3.mockwebserver.MockWebServer$3 processOneRequest
INFO: MockWebServer[47297] received request: GET /apis/entando.org/v1/namespaces/entando-k8s-controller-coordinator-carcpr42/entandoapps?watch=true HTTP/1.1 and responded: HTTP/1.1 200 OK
Sep 22, 2020 10:53:52 AM io.fabric8.kubernetes.client.dsl.internal.WatchHTTPManager$1 onResponse
INFO: Watch terminated unexpectedly. reason: \n not found: limit=46 content=7b2261706956657273696f6e223a227631222c226b696e64223a224c69737422â€¦
Sep 22, 2020 10:53:52 AM okhttp3.mockwebserver.MockWebServer$3 processOneRequest
INFO: MockWebServer[47297] received request: GET /api/v1/namespaces/entando/configmaps/entando-docker-image-info-v6.1 HTTP/1.1 and responded: HTTP/1.1 200 OK
Sep 22, 2020 10:53:52 AM okhttp3.mockwebserver.MockWebServer$3 processOneRequest
INFO: MockWebServer[47297] received request: GET /api/v1/namespaces/entando-k8s-controller-coordinator-carcpr42/pods?labelSelector=EntandoResourceKind%3DEntandoKeycloakServer HTTP/1.1 and responded: HTTP/1.1 200 OK
Sep 22, 2020 10:53:52 AM okhttp3.mockwebserver.MockWebServer$3 processOneRequest
INFO: MockWebServer[47297] received request: GET /api/v1/namespaces/entando-k8s-controller-coordinator-carcpr42/secrets/test-keycloak-controller-ca-cert-secret HTTP/1.1 and responded: HTTP/1.1 404 Client Error
Sep 22, 2020 10:53:52 AM okhttp3.mockwebserver.MockWebServer$3 processOneRequest
INFO: MockWebServer[47297] received request: GET /apis/entando.org/v1/namespaces/entando-k8s-controller-coordinator-carcpr42/entandodatabaseservices?watch=true HTTP/1.1 and responded: HTTP/1.1 200 OK
Sep 22, 2020 10:53:52 AM io.fabric8.kubernetes.client.dsl.internal.WatchHTTPManager$1 onResponse
INFO: Watch terminated unexpectedly. reason: \n not found: limit=46 content=7b2261706956657273696f6e223a227631222c226b696e64223a224c69737422â€¦
Sep 22, 2020 10:53:52 AM okhttp3.mockwebserver.MockWebServer$3 processOneRequest
INFO: MockWebServer[47297] received request: POST /api/v1/namespaces/entando-k8s-controller-coordinator-carcpr42/secrets HTTP/1.1 and responded: HTTP/1.1 202 OK
Sep 22, 2020 10:53:52 AM okhttp3.mockwebserver.MockWebServer$3 processOneRequest
INFO: MockWebServer[47297] received request: GET /apis/entando.org/v1/namespaces/entando-k8s-controller-coordinator-carcpr42/entandoplugins?watch=true HTTP/1.1 and responded: HTTP/1.1 200 OK
Sep 22, 2020 10:53:53 AM io.fabric8.kubernetes.client.dsl.internal.WatchHTTPManager$1 onResponse
INFO: Watch terminated unexpectedly. reason: \n not found: limit=46 content=7b2261706956657273696f6e223a227631222c226b696e64223a224c69737422â€¦
Sep 22, 2020 10:53:53 AM okhttp3.mockwebserver.MockWebServer$3 processOneRequest
INFO: MockWebServer[47297] received request: POST /api/v1/namespaces/entando-k8s-controller-coordinator-carcpr42/pods HTTP/1.1 and responded: HTTP/1.1 202 OK
Sep 22, 2020 10:53:53 AM okhttp3.mockwebserver.MockWebServer$3 processOneRequest
INFO: MockWebServer[47297] received request: GET /api/v1/namespaces/entando-k8s-controller-coordinator-carcpr42/pods?labelSelector=EntandoResourceKind%3DEntandoKeycloakServer HTTP/1.1 and responded: HTTP/1.1 200 OK
Sep 22, 2020 10:53:53 AM okhttp3.mockwebserver.MockWebServer$3 processOneRequest
INFO: MockWebServer[47297] received request: GET /api/v1/namespaces/entando-k8s-controller-coordinator-carcpr42 HTTP/1.1 and responded: HTTP/1.1 200 OK
Sep 22, 2020 10:53:53 AM okhttp3.mockwebserver.MockWebServer$3 processOneRequest
INFO: MockWebServer[47297] received request: GET /apis/entando.org/v1/namespaces/entando-k8s-controller-coordinator-carcpr42/entandokeycloakservers HTTP/1.1 and responded: HTTP/1.1 200 OK
Sep 22, 2020 10:53:53 AM okhttp3.mockwebserver.MockWebServer$3 processOneRequest
INFO: MockWebServer[47297] received request: GET /api/v1/namespaces/entando-k8s-controller-coordinator-carcpr42 HTTP/1.1 and responded: HTTP/1.1 200 OK
Sep 22, 2020 10:53:53 AM okhttp3.mockwebserver.MockWebServer$3 processOneRequest
INFO: MockWebServer[47297] received request: GET /apis/entando.org/v1/namespaces/entando-k8s-controller-coordinator-carcpr42/entandokeycloakservers HTTP/1.1 and responded: HTTP/1.1 200 OK
Sep 22, 2020 10:53:53 AM okhttp3.mockwebserver.MockWebServer$3 processOneRequest
INFO: MockWebServer[47297] received request: GET /apis/entando.org/v1/namespaces/entando-k8s-controller-coordinator-carcpr42/entandokeycloakservers/test-keycloak HTTP/1.1 and responded: HTTP/1.1 200 OK
Sep 22, 2020 10:53:53 AM okhttp3.mockwebserver.MockWebServer$3 processOneRequest
INFO: MockWebServer[47297] received request: GET /api/v1/namespaces/entando-k8s-controller-coordinator-carcpr42/pods?labelSelector=EntandoResourceKind%3DEntandoKeycloakServer HTTP/1.1 and responded: HTTP/1.1 200 OK
Sep 22, 2020 10:53:53 AM okhttp3.mockwebserver.MockWebServer$3 processOneRequest
INFO: MockWebServer[47297] received request: GET /apis/entando.org/v1/namespaces/entando-k8s-controller-coordinator-carcpr42/entandoapppluginlinks?watch=true HTTP/1.1 and responded: HTTP/1.1 200 OK
Sep 22, 2020 10:53:53 AM io.fabric8.kubernetes.client.dsl.internal.WatchHTTPManager$1 onResponse
INFO: Watch terminated unexpectedly. reason: \n not found: limit=46 content=7b2261706956657273696f6e223a227631222c226b696e64223a224c69737422â€¦
Sep 22, 2020 10:53:53 AM okhttp3.mockwebserver.MockWebServer$3 processOneRequest
INFO: MockWebServer[47297] received request: GET /api/v1/namespaces/entando-k8s-controller-coordinator-carcpr42/pods?labelSelector=EntandoResourceKind%3DEntandoKeycloakServer HTTP/1.1 and responded: HTTP/1.1 200 OK
Sep 22, 2020 10:53:53 AM okhttp3.mockwebserver.MockWebServer$3 processOneRequest
INFO: MockWebServer[47297] received request: GET /api/v1/namespaces/entando-k8s-controller-coordinator-carcpr42/pods?labelSelector=EntandoResourceKind%3DEntandoKeycloakServer HTTP/1.1 and responded: HTTP/1.1 200 OK
Sep 22, 2020 10:53:54 AM okhttp3.mockwebserver.MockWebServer$3 processOneRequest
INFO: MockWebServer[47297] received request: GET /api/v1/namespaces/entando-k8s-controller-coordinator-carcpr42/pods?labelSelector=EntandoResourceKind%3DEntandoKeycloakServer HTTP/1.1 and responded: HTTP/1.1 200 OK
Sep 22, 2020 10:53:54 AM okhttp3.mockwebserver.MockWebServer$3 processOneRequest
INFO: MockWebServer[47297] received request: GET /api/v1/namespaces/entando-k8s-controller-coordinator-carcpr42/pods?labelSelector=EntandoResourceKind%3DEntandoKeycloakServer HTTP/1.1 and responded: HTTP/1.1 200 OK
Sep 22, 2020 10:53:54 AM okhttp3.mockwebserver.MockWebServer$3 processOneRequest
INFO: MockWebServer[47297] received request: GET /apis/entando.org/v1/namespaces/entando-k8s-controller-coordinator-carcpr42/entandocompositeapps?watch=true HTTP/1.1 and responded: HTTP/1.1 200 OK
Sep 22, 2020 10:53:54 AM io.fabric8.kubernetes.client.dsl.internal.WatchHTTPManager$1 onResponse
INFO: Watch terminated unexpectedly. reason: \n not found: limit=46 content=7b2261706956657273696f6e223a227631222c226b696e64223a224c69737422â€¦
Sep 22, 2020 10:53:54 AM okhttp3.mockwebserver.MockWebServer$3 processOneRequest
INFO: MockWebServer[47297] received request: GET /api/v1/namespaces/entando-k8s-controller-coordinator-carcpr42/pods?labelSelector=EntandoResourceKind%3DEntandoKeycloakServer HTTP/1.1 and responded: HTTP/1.1 200 OK
Sep 22, 2020 10:53:54 AM okhttp3.mockwebserver.MockWebServer$3 processOneRequest
INFO: MockWebServer[47297] received request: GET /api/v1/namespaces/entando-k8s-controller-coordinator-carcpr42/pods?labelSelector=EntandoResourceKind%3DEntandoKeycloakServer HTTP/1.1 and responded: HTTP/1.1 200 OK
Sep 22, 2020 10:53:54 AM okhttp3.mockwebserver.MockWebServer$3 processOneRequest
INFO: MockWebServer[47297] received request: GET /api/v1/namespaces/entando-k8s-controller-coordinator-carcpr42/pods?labelSelector=EntandoResourceKind%3DEntandoKeycloakServer HTTP/1.1 and responded: HTTP/1.1 200 OK
Sep 22, 2020 10:53:54 AM okhttp3.mockwebserver.MockWebServer$3 processOneRequest
INFO: MockWebServer[47297] received request: GET /api/v1/namespaces/entando-k8s-controller-coordinator-carcpr42/pods?labelSelector=EntandoResourceKind%3DEntandoKeycloakServer HTTP/1.1 and responded: HTTP/1.1 200 OK
Sep 22, 2020 10:53:54 AM okhttp3.mockwebserver.MockWebServer$3 processOneRequest
INFO: MockWebServer[47297] received request: GET /apis/entando.org/v1/namespaces/entando-k8s-controller-coordinator-carcpr42/entandodatabaseservices?watch=true HTTP/1.1 and responded: HTTP/1.1 200 OK
Sep 22, 2020 10:53:54 AM io.fabric8.kubernetes.client.dsl.internal.WatchHTTPManager$1 onResponse
INFO: Watch terminated unexpectedly. reason: \n not found: limit=46 content=7b2261706956657273696f6e223a227631222c226b696e64223a224c69737422â€¦
Sep 22, 2020 10:53:55 AM okhttp3.mockwebserver.MockWebServer$3 processOneRequest
INFO: MockWebServer[47297] received request: GET /api/v1/namespaces/entando-k8s-controller-coordinator-carcpr42/pods?labelSelector=EntandoResourceKind%3DEntandoKeycloakServer HTTP/1.1 and responded: HTTP/1.1 200 OK
Sep 22, 2020 10:53:55 AM io.fabric8.kubernetes.client.dsl.internal.WatchHTTPManager$1 onResponse
INFO: Watch terminated unexpectedly. reason: \n not found: limit=315 content=7b2261706956657273696f6e223a227631222c226b696e64223a224c69737422â€¦
Sep 22, 2020 10:53:55 AM okhttp3.mockwebserver.MockWebServer$3 processOneRequest
INFO: MockWebServer[47297] received request: GET /apis/entando.org/v1/namespaces/entando-k8s-controller-coordinator-carcpr42/entandokeycloakservers?watch=true HTTP/1.1 and responded: HTTP/1.1 200 OK
Sep 22, 2020 10:53:55 AM okhttp3.mockwebserver.MockWebServer$3 processOneRequest
INFO: MockWebServer[47297] received request: GET /api/v1/namespaces/entando-k8s-controller-coordinator-carcpr42/pods?labelSelector=EntandoResourceKind%3DEntandoKeycloakServer HTTP/1.1 and responded: HTTP/1.1 200 OK
Sep 22, 2020 10:53:55 AM okhttp3.mockwebserver.MockWebServer$3 processOneRequest
INFO: MockWebServer[47297] received request: GET /api/v1/namespaces/entando-k8s-controller-coordinator-carcpr42/pods?labelSelector=EntandoResourceKind%3DEntandoKeycloakServer HTTP/1.1 and responded: HTTP/1.1 200 OK
Sep 22, 2020 10:53:55 AM okhttp3.mockwebserver.MockWebServer$3 processOneRequest
INFO: MockWebServer[47297] received request: GET /api/v1/namespaces/entando-k8s-controller-coordinator-carcpr42/pods?labelSelector=EntandoResourceKind%3DEntandoKeycloakServer HTTP/1.1 and responded: HTTP/1.1 200 OK
Sep 22, 2020 10:53:55 AM okhttp3.mockwebserver.MockWebServer$3 processOneRequest
INFO: MockWebServer[47297] received request: GET /api/v1/namespaces/entando-k8s-controller-coordinator-carcpr42/pods?labelSelector=EntandoResourceKind%3DEntandoKeycloakServer HTTP/1.1 and responded: HTTP/1.1 200 OK
Sep 22, 2020 10:53:55 AM okhttp3.mockwebserver.MockWebServer$3 processOneRequest
INFO: MockWebServer[47297] received request: GET /apis/entando.org/v1/namespaces/entando-k8s-controller-coordinator-carcpr42/entandoclusterinfrastructures?watch=true HTTP/1.1 and responded: HTTP/1.1 200 OK
Sep 22, 2020 10:53:55 AM io.fabric8.kubernetes.client.dsl.internal.WatchHTTPManager$1 onResponse
INFO: Watch terminated unexpectedly. reason: \n not found: limit=46 content=7b2261706956657273696f6e223a227631222c226b696e64223a224c69737422â€¦
Sep 22, 2020 10:53:55 AM okhttp3.mockwebserver.MockWebServer$3 processOneRequest
INFO: MockWebServer[47297] received request: GET /api/v1/namespaces/entando-k8s-controller-coordinator-carcpr42/pods?labelSelector=EntandoResourceKind%3DEntandoKeycloakServer HTTP/1.1 and responded: HTTP/1.1 200 OK
Sep 22, 2020 10:53:55 AM okhttp3.mockwebserver.MockWebServer$3 processOneRequest
INFO: MockWebServer[47297] received request: GET /api/v1/namespaces/entando-k8s-controller-coordinator-carcpr42/pods?labelSelector=EntandoResourceKind%3DEntandoKeycloakServer HTTP/1.1 and responded: HTTP/1.1 200 OK
Sep 22, 2020 10:53:56 AM okhttp3.mockwebserver.MockWebServer$3 processOneRequest
INFO: MockWebServer[47297] received request: GET /api/v1/namespaces/entando-k8s-controller-coordinator-carcpr42/pods?labelSelector=EntandoResourceKind%3DEntandoKeycloakServer HTTP/1.1 and responded: HTTP/1.1 200 OK
Sep 22, 2020 10:53:56 AM okhttp3.mockwebserver.MockWebServer$3 processOneRequest
INFO: MockWebServer[47297] received request: GET /api/v1/namespaces/entando-k8s-controller-coordinator-carcpr42/pods?labelSelector=EntandoResourceKind%3DEntandoKeycloakServer HTTP/1.1 and responded: HTTP/1.1 200 OK
Sep 22, 2020 10:53:56 AM okhttp3.mockwebserver.MockWebServer$3 processOneRequest
INFO: MockWebServer[47297] received request: GET /apis/entando.org/v1/namespaces/entando-k8s-controller-coordinator-carcpr42/entandoapps?watch=true HTTP/1.1 and responded: HTTP/1.1 200 OK
Sep 22, 2020 10:53:56 AM io.fabric8.kubernetes.client.dsl.internal.WatchHTTPManager$1 onResponse
INFO: Watch terminated unexpectedly. reason: \n not found: limit=46 content=7b2261706956657273696f6e223a227631222c226b696e64223a224c69737422â€¦
Sep 22, 2020 10:53:56 AM okhttp3.mockwebserver.MockWebServer$3 processOneRequest
INFO: MockWebServer[47297] received request: GET /api/v1/namespaces/entando-k8s-controller-coordinator-carcpr42/pods?labelSelector=EntandoResourceKind%3DEntandoKeycloakServer HTTP/1.1 and responded: HTTP/1.1 200 OK
Sep 22, 2020 10:53:56 AM okhttp3.mockwebserver.MockWebServer$3 processOneRequest
INFO: MockWebServer[47297] received request: GET /api/v1/namespaces/entando-k8s-controller-coordinator-carcpr42/pods?labelSelector=EntandoResourceKind%3DEntandoKeycloakServer HTTP/1.1 and responded: HTTP/1.1 200 OK
Sep 22, 2020 10:53:56 AM okhttp3.mockwebserver.MockWebServer$3 processOneRequest
INFO: MockWebServer[47297] received request: GET /api/v1/namespaces/entando-k8s-controller-coordinator-carcpr42/pods?labelSelector=EntandoResourceKind%3DEntandoKeycloakServer HTTP/1.1 and responded: HTTP/1.1 200 OK
Sep 22, 2020 10:53:56 AM okhttp3.mockwebserver.MockWebServer$3 processOneRequest
INFO: MockWebServer[47297] received request: GET /api/v1/namespaces/entando-k8s-controller-coordinator-carcpr42/pods?labelSelector=EntandoResourceKind%3DEntandoKeycloakServer HTTP/1.1 and responded: HTTP/1.1 200 OK
Sep 22, 2020 10:53:57 AM okhttp3.mockwebserver.MockWebServer$3 processOneRequest
INFO: MockWebServer[47297] received request: GET /api/v1/namespaces/entando-k8s-controller-coordinator-carcpr42/pods?labelSelector=EntandoResourceKind%3DEntandoKeycloakServer HTTP/1.1 and responded: HTTP/1.1 200 OK
Sep 22, 2020 10:53:57 AM okhttp3.mockwebserver.MockWebServer$3 processOneRequest
INFO: MockWebServer[47297] received request: GET /apis/entando.org/v1/namespaces/entando-k8s-controller-coordinator-carcpr42/entandoplugins?watch=true HTTP/1.1 and responded: HTTP/1.1 200 OK
Sep 22, 2020 10:53:57 AM io.fabric8.kubernetes.client.dsl.internal.WatchHTTPManager$1 onResponse
INFO: Watch terminated unexpectedly. reason: \n not found: limit=46 content=7b2261706956657273696f6e223a227631222c226b696e64223a224c69737422â€¦
Sep 22, 2020 10:53:57 AM okhttp3.mockwebserver.MockWebServer$3 processOneRequest
INFO: MockWebServer[47297] received request: GET /api/v1/namespaces/entando-k8s-controller-coordinator-carcpr42/pods?labelSelector=EntandoResourceKind%3DEntandoKeycloakServer HTTP/1.1 and responded: HTTP/1.1 200 OK
Sep 22, 2020 10:53:57 AM okhttp3.mockwebserver.MockWebServer$3 processOneRequest
INFO: MockWebServer[47297] received request: GET /api/v1/namespaces/entando-k8s-controller-coordinator-carcpr42/pods?labelSelector=EntandoResourceKind%3DEntandoKeycloakServer HTTP/1.1 and responded: HTTP/1.1 200 OK
Sep 22, 2020 10:53:57 AM okhttp3.mockwebserver.MockWebServer$3 processOneRequest
INFO: MockWebServer[47297] received request: GET /api/v1/namespaces/entando-k8s-controller-coordinator-carcpr42/pods?labelSelector=EntandoResourceKind%3DEntandoKeycloakServer HTTP/1.1 and responded: HTTP/1.1 200 OK
Sep 22, 2020 10:53:57 AM okhttp3.mockwebserver.MockWebServer$3 processOneRequest
INFO: MockWebServer[47297] received request: GET /api/v1/namespaces/entando-k8s-controller-coordinator-carcpr42/pods?labelSelector=EntandoResourceKind%3DEntandoKeycloakServer HTTP/1.1 and responded: HTTP/1.1 200 OK
Sep 22, 2020 10:53:57 AM okhttp3.mockwebserver.MockWebServer$3 processOneRequest
INFO: MockWebServer[47297] received request: GET /apis/entando.org/v1/namespaces/entando-k8s-controller-coordinator-carcpr42/entandoapppluginlinks?watch=true HTTP/1.1 and responded: HTTP/1.1 200 OK
Sep 22, 2020 10:53:57 AM io.fabric8.kubernetes.client.dsl.internal.WatchHTTPManager$1 onResponse
INFO: Watch terminated unexpectedly. reason: \n not found: limit=46 content=7b2261706956657273696f6e223a227631222c226b696e64223a224c69737422â€¦
Sep 22, 2020 10:53:57 AM okhttp3.mockwebserver.MockWebServer$3 processOneRequest
INFO: MockWebServer[47297] received request: GET /api/v1/namespaces/entando-k8s-controller-coordinator-carcpr42/pods?labelSelector=EntandoResourceKind%3DEntandoKeycloakServer HTTP/1.1 and responded: HTTP/1.1 200 OK
Sep 22, 2020 10:53:57 AM okhttp3.mockwebserver.MockWebServer$3 processOneRequest
INFO: MockWebServer[47297] received request: GET /api/v1/namespaces/entando-k8s-controller-coordinator-carcpr42/pods?labelSelector=EntandoResourceKind%3DEntandoKeycloakServer HTTP/1.1 and responded: HTTP/1.1 200 OK
Sep 22, 2020 10:53:58 AM okhttp3.mockwebserver.MockWebServer$3 processOneRequest
INFO: MockWebServer[47297] received request: GET /api/v1/namespaces/entando-k8s-controller-coordinator-carcpr42/pods?labelSelector=EntandoResourceKind%3DEntandoKeycloakServer HTTP/1.1 and responded: HTTP/1.1 200 OK
Sep 22, 2020 10:53:58 AM okhttp3.mockwebserver.MockWebServer$3 processOneRequest
INFO: MockWebServer[47297] received request: GET /api/v1/namespaces/entando-k8s-controller-coordinator-carcpr42/pods?labelSelector=EntandoResourceKind%3DEntandoKeycloakServer HTTP/1.1 and responded: HTTP/1.1 200 OK
Sep 22, 2020 10:53:58 AM okhttp3.mockwebserver.MockWebServer$3 processOneRequest
INFO: MockWebServer[47297] received request: GET /api/v1/namespaces/entando-k8s-controller-coordinator-carcpr42/pods?labelSelector=EntandoResourceKind%3DEntandoKeycloakServer HTTP/1.1 and responded: HTTP/1.1 200 OK
Sep 22, 2020 10:53:58 AM okhttp3.mockwebserver.MockWebServer$3 processOneRequest
INFO: MockWebServer[47297] received request: GET /apis/entando.org/v1/namespaces/entando-k8s-controller-coordinator-carcpr42/entandocompositeapps?watch=true HTTP/1.1 and responded: HTTP/1.1 200 OK
Sep 22, 2020 10:53:58 AM io.fabric8.kubernetes.client.dsl.internal.WatchHTTPManager$1 onResponse
INFO: Watch terminated unexpectedly. reason: \n not found: limit=46 content=7b2261706956657273696f6e223a227631222c226b696e64223a224c69737422â€¦
Sep 22, 2020 10:53:58 AM okhttp3.mockwebserver.MockWebServer$3 processOneRequest
INFO: MockWebServer[47297] received request: GET /api/v1/namespaces/entando-k8s-controller-coordinator-carcpr42/pods?labelSelector=EntandoResourceKind%3DEntandoKeycloakServer HTTP/1.1 and responded: HTTP/1.1 200 OK
Sep 22, 2020 10:53:58 AM okhttp3.mockwebserver.MockWebServer$2 acceptConnections
INFO: MockWebServer[47297] done accepting connections: Socket closed
Sep 22, 2020 10:53:58 AM okhttp3.mockwebserver.MockWebServer$2 e**cute
INFO: MockWebServer[35069] starting to accept connections
Sep 22, 2020 10:53:58 AM okhttp3.mockwebserver.MockWebServer$3 processOneRequest
INFO: MockWebServer[35069] received request: GET /api/v1/namespaces/entando-k8s-controller-coordinator-carcpr42 HTTP/1.1 and responded: HTTP/1.1 404 Client Error
Sep 22, 2020 10:53:58 AM okhttp3.mockwebserver.MockWebServer$3 processOneRequest
INFO: MockWebServer[35069] received request: POST /api/v1/namespaces HTTP/1.1 and responded: HTTP/1.1 202 OK
Sep 22, 2020 10:53:58 AM okhttp3.mockwebserver.MockWebServer$3 processOneRequest
INFO: MockWebServer[35069] received request: POST /api/v1/namespaces/entando/configmaps HTTP/1.1 and responded: HTTP/1.1 202 OK
Sep 22, 2020 10:53:58 AM io.fabric8.kubernetes.client.dsl.internal.WatchHTTPManager$1 onFailure
INFO: Watch connection failed. reason: e**cutor rejected
Sep 22, 2020 10:53:58 AM okhttp3.mockwebserver.MockWebServer$3 processOneRequest
INFO: MockWebServer[35069] received request: GET /api/v1/namespaces/entando-k8s-controller-coordinator-carcpr42 HTTP/1.1 and responded: HTTP/1.1 200 OK
Sep 22, 2020 10:53:59 AM okhttp3.mockwebserver.MockWebServer$3 processOneRequest
INFO: MockWebServer[35069] received request: GET /apis/entando.org/v1/namespaces/entando-k8s-controller-coordinator-carcpr42/entandokeycloakservers HTTP/1.1 and responded: HTTP/1.1 200 OK
Sep 22, 2020 10:53:59 AM okhttp3.mockwebserver.MockWebServer$3 processOneRequest
INFO: MockWebServer[35069] received request: GET /api/v1/namespaces/entando-k8s-controller-coordinator-carcpr42 HTTP/1.1 and responded: HTTP/1.1 200 OK
Sep 22, 2020 10:53:59 AM okhttp3.mockwebserver.MockWebServer$3 processOneRequest
INFO: MockWebServer[35069] received request: GET /apis/entando.org/v1/namespaces/entando-k8s-controller-coordinator-carcpr42/entandokeycloakservers HTTP/1.1 and responded: HTTP/1.1 200 OK
Sep 22, 2020 10:53:59 AM okhttp3.mockwebserver.MockWebServer$3 processOneRequest
INFO: MockWebServer[35069] received request: POST /apis/entando.org/v1/namespaces/entando-k8s-controller-coordinator-carcpr42/entandokeycloakservers HTTP/1.1 and responded: HTTP/1.1 202 OK
Sep 22, 2020 10:53:59 AM okhttp3.mockwebserver.MockWebServer$3 processOneRequest
INFO: MockWebServer[35069] received request: GET /api/v1/namespaces/entando-k8s-controller-coordinator-carcpr42/pods?labelSelector=EntandoResourceKind%3DEntandoKeycloakServer HTTP/1.1 and responded: HTTP/1.1 200 OK
Sep 22, 2020 10:53:59 AM okhttp3.mockwebserver.MockWebServer$3 processOneRequest
INFO: MockWebServer[35069] received request: GET /api/v1/namespaces/entando-k8s-controller-coordinator-carcpr42/pods?labelSelector=EntandoResourceKind%3DEntandoKeycloakServer HTTP/1.1 and responded: HTTP/1.1 200 OK
Sep 22, 2020 10:53:59 AM okhttp3.mockwebserver.MockWebServer$3 processOneRequest
INFO: MockWebServer[35069] received request: GET /api/v1/namespaces/entando-k8s-controller-coordinator-carcpr42/pods?labelSelector=EntandoResourceKind%3DEntandoKeycloakServer HTTP/1.1 and responded: HTTP/1.1 200 OK
Sep 22, 2020 10:53:59 AM okhttp3.mockwebserver.MockWebServer$3 processOneRequest
INFO: MockWebServer[35069] received request: GET /api/v1/namespaces/entando-k8s-controller-coordinator-carcpr42/pods?labelSelector=EntandoResourceKind%3DEntandoKeycloakServer HTTP/1.1 and responded: HTTP/1.1 200 OK
Sep 22, 2020 10:54:00 AM okhttp3.mockwebserver.MockWebServer$3 processOneRequest
INFO: MockWebServer[35069] received request: GET /api/v1/namespaces/entando-k8s-controller-coordinator-carcpr42/pods?labelSelector=EntandoResourceKind%3DEntandoKeycloakServer HTTP/1.1 and responded: HTTP/1.1 200 OK
Sep 22, 2020 10:54:00 AM okhttp3.mockwebserver.MockWebServer$3 processOneRequest
INFO: MockWebServer[35069] received request: GET /api/v1/namespaces/entando-k8s-controller-coordinator-carcpr42/pods?labelSelector=EntandoResourceKind%3DEntandoKeycloakServer HTTP/1.1 and responded: HTTP/1.1 200 OK
Sep 22, 2020 10:54:00 AM okhttp3.mockwebserver.MockWebServer$3 processOneRequest
INFO: MockWebServer[35069] received request: GET /api/v1/namespaces/entando-k8s-controller-coordinator-carcpr42/pods?labelSelector=EntandoResourceKind%3DEntandoKeycloakServer HTTP/1.1 and responded: HTTP/1.1 200 OK
Sep 22, 2020 10:54:00 AM okhttp3.mockwebserver.MockWebServer$3 processOneRequest
INFO: MockWebServer[35069] received request: GET /api/v1/namespaces/entando-k8s-controller-coordinator-carcpr42/pods?labelSelector=EntandoResourceKind%3DEntandoKeycloakServer HTTP/1.1 and responded: HTTP/1.1 200 OK
Sep 22, 2020 10:54:00 AM okhttp3.mockwebserver.MockWebServer$3 processOneRequest
INFO: MockWebServer[35069] received request: GET /api/v1/namespaces/entando-k8s-controller-coordinator-carcpr42/pods?labelSelector=EntandoResourceKind%3DEntandoKeycloakServer HTTP/1.1 and responded: HTTP/1.1 200 OK
Sep 22, 2020 10:54:00 AM okhttp3.mockwebserver.MockWebServer$3 processOneRequest
INFO: MockWebServer[35069] received request: GET /api/v1/namespaces/entando-k8s-controller-coordinator-carcpr42/pods?labelSelector=EntandoResourceKind%3DEntandoKeycloakServer HTTP/1.1 and responded: HTTP/1.1 200 OK
Sep 22, 2020 10:54:00 AM okhttp3.mockwebserver.MockWebServer$3 processOneRequest
INFO: MockWebServer[35069] received request: GET /api/v1/namespaces/entando-k8s-controller-coordinator-carcpr42/pods?labelSelector=EntandoResourceKind%3DEntandoKeycloakServer HTTP/1.1 and responded: HTTP/1.1 200 OK
Sep 22, 2020 10:54:01 AM okhttp3.mockwebserver.MockWebServer$3 processOneRequest
INFO: MockWebServer[35069] received request: GET /api/v1/namespaces/entando-k8s-controller-coordinator-carcpr42/pods?labelSelector=EntandoResourceKind%3DEntandoKeycloakServer HTTP/1.1 and responded: HTTP/1.1 200 OK
Sep 22, 2020 10:54:01 AM okhttp3.mockwebserver.MockWebServer$3 processOneRequest
INFO: MockWebServer[35069] received request: GET /api/v1/namespaces/entando-k8s-controller-coordinator-carcpr42/pods?labelSelector=EntandoResourceKind%3DEntandoKeycloakServer HTTP/1.1 and responded: HTTP/1.1 200 OK
Sep 22, 2020 10:54:01 AM okhttp3.mockwebserver.MockWebServer$3 processOneRequest
INFO: MockWebServer[35069] received request: GET /api/v1/namespaces/entando-k8s-controller-coordinator-carcpr42/pods?labelSelector=EntandoResourceKind%3DEntandoKeycloakServer HTTP/1.1 and responded: HTTP/1.1 200 OK
Sep 22, 2020 10:54:01 AM okhttp3.mockwebserver.MockWebServer$3 processOneRequest
INFO: MockWebServer[35069] received request: GET /api/v1/namespaces/entando-k8s-controller-coordinator-carcpr42/pods?labelSelector=EntandoResourceKind%3DEntandoKeycloakServer HTTP/1.1 and responded: HTTP/1.1 200 OK
Sep 22, 2020 10:54:01 AM okhttp3.mockwebserver.MockWebServer$3 processOneRequest
INFO: MockWebServer[35069] received request: GET /api/v1/namespaces/entando-k8s-controller-coordinator-carcpr42/pods?labelSelector=EntandoResourceKind%3DEntandoKeycloakServer HTTP/1.1 and responded: HTTP/1.1 200 OK
Sep 22, 2020 10:54:01 AM okhttp3.mockwebserver.MockWebServer$3 processOneRequest
INFO: MockWebServer[35069] received request: GET /api/v1/namespaces/entando-k8s-controller-coordinator-carcpr42/pods?labelSelector=EntandoResourceKind%3DEntandoKeycloakServer HTTP/1.1 and responded: HTTP/1.1 200 OK
Sep 22, 2020 10:54:01 AM okhttp3.mockwebserver.MockWebServer$3 processOneRequest
INFO: MockWebServer[35069] received request: GET /api/v1/namespaces/entando-k8s-controller-coordinator-carcpr42/pods?labelSelector=EntandoResourceKind%3DEntandoKeycloakServer HTTP/1.1 and responded: HTTP/1.1 200 OK
Sep 22, 2020 10:54:02 AM okhttp3.mockwebserver.MockWebServer$3 processOneRequest
INFO: MockWebServer[35069] received request: GET /api/v1/namespaces/entando-k8s-controller-coordinator-carcpr42/pods?labelSelector=EntandoResourceKind%3DEntandoKeycloakServer HTTP/1.1 and responded: HTTP/1.1 200 OK
Sep 22, 2020 10:54:02 AM okhttp3.mockwebserver.MockWebServer$3 processOneRequest
INFO: MockWebServer[35069] received request: GET /api/v1/namespaces/entando-k8s-controller-coordinator-carcpr42/pods?labelSelector=EntandoResourceKind%3DEntandoKeycloakServer HTTP/1.1 and responded: HTTP/1.1 200 OK
Sep 22, 2020 10:54:02 AM okhttp3.mockwebserver.MockWebServer$3 processOneRequest
INFO: MockWebServer[35069] received request: GET /api/v1/namespaces/entando-k8s-controller-coordinator-carcpr42/pods?labelSelector=EntandoResourceKind%3DEntandoKeycloakServer HTTP/1.1 and responded: HTTP/1.1 200 OK
Sep 22, 2020 10:54:02 AM okhttp3.mockwebserver.MockWebServer$3 processOneRequest
INFO: MockWebServer[35069] received request: GET /api/v1/namespaces/entando-k8s-controller-coordinator-carcpr42/pods?labelSelector=EntandoResourceKind%3DEntandoKeycloakServer HTTP/1.1 and responded: HTTP/1.1 200 OK
Sep 22, 2020 10:54:02 AM okhttp3.mockwebserver.MockWebServer$3 processOneRequest
INFO: MockWebServer[35069] received request: GET /api/v1/namespaces/entando-k8s-controller-coordinator-carcpr42/pods?labelSelector=EntandoResourceKind%3DEntandoKeycloakServer HTTP/1.1 and responded: HTTP/1.1 200 OK
Sep 22, 2020 10:54:02 AM okhttp3.mockwebserver.MockWebServer$3 processOneRequest
INFO: MockWebServer[35069] received request: GET /api/v1/namespaces/entando-k8s-controller-coordinator-carcpr42/pods?labelSelector=EntandoResourceKind%3DEntandoKeycloakServer HTTP/1.1 and responded: HTTP/1.1 200 OK
Sep 22, 2020 10:54:02 AM okhttp3.mockwebserver.MockWebServer$3 processOneRequest
INFO: MockWebServer[35069] received request: GET /api/v1/namespaces/entando-k8s-controller-coordinator-carcpr42/pods?labelSelector=EntandoResourceKind%3DEntandoKeycloakServer HTTP/1.1 and responded: HTTP/1.1 200 OK
Sep 22, 2020 10:54:03 AM io.fabric8.kubernetes.client.dsl.internal.WatchHTTPManager$1 onFailure
INFO: Watch connection failed. reason: e**cutor rejected
Sep 22, 2020 10:54:03 AM okhttp3.mockwebserver.MockWebServer$3 processOneRequest
INFO: MockWebServer[35069] received request: GET /api/v1/namespaces/entando-k8s-controller-coordinator-carcpr42/pods?labelSelector=EntandoResourceKind%3DEntandoKeycloakServer HTTP/1.1 and responded: HTTP/1.1 200 OK
Sep 22, 2020 10:54:03 AM okhttp3.mockwebserver.MockWebServer$3 processOneRequest
INFO: MockWebServer[35069] received request: GET /api/v1/namespaces/entando-k8s-controller-coordinator-carcpr42/pods?labelSelector=EntandoResourceKind%3DEntandoKeycloakServer HTTP/1.1 and responded: HTTP/1.1 200 OK
Sep 22, 2020 10:54:03 AM okhttp3.mockwebserver.MockWebServer$3 processOneRequest
INFO: MockWebServer[35069] received request: GET /api/v1/namespaces/entando-k8s-controller-coordinator-carcpr42/pods?labelSelector=EntandoResourceKind%3DEntandoKeycloakServer HTTP/1.1 and responded: HTTP/1.1 200 OK
Sep 22, 2020 10:54:03 AM okhttp3.mockwebserver.MockWebServer$3 processOneRequest
INFO: MockWebServer[35069] received request: GET /api/v1/namespaces/entando-k8s-controller-coordinator-carcpr42/pods?labelSelector=EntandoResourceKind%3DEntandoKeycloakServer HTTP/1.1 and responded: HTTP/1.1 200 OK
Sep 22, 2020 10:54:03 AM okhttp3.mockwebserver.MockWebServer$3 processOneRequest
INFO: MockWebServer[35069] received request: GET /api/v1/namespaces/entando-k8s-controller-coordinator-carcpr42/pods?labelSelector=EntandoResourceKind%3DEntandoKeycloakServer HTTP/1.1 and responded: HTTP/1.1 200 OK
Sep 22, 2020 10:54:03 AM io.fabric8.kubernetes.client.dsl.internal.WatchHTTPManager$1 onFailure
INFO: Watch connection failed. reason: e**cutor rejected
Sep 22, 2020 10:54:03 AM okhttp3.mockwebserver.MockWebServer$3 processOneRequest
INFO: MockWebServer[35069] received request: GET /api/v1/namespaces/entando-k8s-controller-coordinator-carcpr42/pods?labelSelector=EntandoResourceKind%3DEntandoKeycloakServer HTTP/1.1 and responded: HTTP/1.1 200 OK
Sep 22, 2020 10:54:04 AM okhttp3.mockwebserver.MockWebServer$3 processOneRequest
INFO: MockWebServer[35069] received request: GET /api/v1/namespaces/entando-k8s-controller-coordinator-carcpr42/pods?labelSelector=EntandoResourceKind%3DEntandoKeycloakServer HTTP/1.1 and responded: HTTP/1.1 200 OK
Sep 22, 2020 10:54:04 AM okhttp3.mockwebserver.MockWebServer$3 processOneRequest
INFO: MockWebServer[35069] received request: GET /api/v1/namespaces/entando-k8s-controller-coordinator-carcpr42/pods?labelSelector=EntandoResourceKind%3DEntandoKeycloakServer HTTP/1.1 and responded: HTTP/1.1 200 OK
Sep 22, 2020 10:54:04 AM okhttp3.mockwebserver.MockWebServer$3 processOneRequest
INFO: MockWebServer[35069] received request: GET /api/v1/namespaces/entando-k8s-controller-coordinator-carcpr42/pods?labelSelector=EntandoResourceKind%3DEntandoKeycloakServer HTTP/1.1 and responded: HTTP/1.1 200 OK
Sep 22, 2020 10:54:04 AM io.fabric8.kubernetes.client.dsl.internal.WatchHTTPManager$1 onFailure
INFO: Watch connection failed. reason: e**cutor rejected
Sep 22, 2020 10:54:04 AM okhttp3.mockwebserver.MockWebServer$3 processOneRequest
INFO: MockWebServer[35069] received request: GET /api/v1/namespaces/entando-k8s-controller-coordinator-carcpr42/pods?labelSelector=EntandoResourceKind%3DEntandoKeycloakServer HTTP/1.1 and responded: HTTP/1.1 200 OK
Sep 22, 2020 10:54:04 AM okhttp3.mockwebserver.MockWebServer$3 processOneRequest
INFO: MockWebServer[35069] received request: GET /api/v1/namespaces/entando/configmaps/entando-docker-image-info-v6.1 HTTP/1.1 and responded: HTTP/1.1 200 OK
Sep 22, 2020 10:54:04 AM okhttp3.mockwebserver.MockWebServer$3 processOneRequest
INFO: MockWebServer[35069] received request: GET /api/v1/namespaces/entando-k8s-controller-coordinator-carcpr42 HTTP/1.1 and responded: HTTP/1.1 200 OK
Sep 22, 2020 10:54:04 AM okhttp3.mockwebserver.MockWebServer$3 processOneRequest
INFO: MockWebServer[35069] received request: GET /apis/entando.org/v1/namespaces/entando-k8s-controller-coordinator-carcpr42/entandokeycloakservers HTTP/1.1 and responded: HTTP/1.1 200 OK
Sep 22, 2020 10:54:04 AM okhttp3.mockwebserver.MockWebServer$3 processOneRequest
INFO: MockWebServer[35069] received request: GET /api/v1/namespaces/entando-k8s-controller-coordinator-carcpr42 HTTP/1.1 and responded: HTTP/1.1 200 OK
Sep 22, 2020 10:54:04 AM okhttp3.mockwebserver.MockWebServer$3 processOneRequest
INFO: MockWebServer[35069] received request: GET /apis/entando.org/v1/namespaces/entando-k8s-controller-coordinator-carcpr42/entandokeycloakservers HTTP/1.1 and responded: HTTP/1.1 200 OK
Sep 22, 2020 10:54:04 AM okhttp3.mockwebserver.MockWebServer$3 processOneRequest
INFO: MockWebServer[35069] received request: GET /apis/entando.org/v1/namespaces/entando-k8s-controller-coordinator-carcpr42/entandokeycloakservers HTTP/1.1 and responded: HTTP/1.1 200 OK
Sep 22, 2020 10:54:05 AM org.entando.kubernetes.controller.coordinator.EntandoResourceObserver logAction
INFO: Received ADDED for resource EntandoKeycloakServer entando-k8s-controller-coordinator-carcpr42/test-keycloak
Sep 22, 2020 10:54:05 AM okhttp3.mockwebserver.MockWebServer$3 processOneRequest
INFO: MockWebServer[35069] received request: GET /api/v1/namespaces/entando/configmaps/entando-docker-image-info-v6.1 HTTP/1.1 and responded: HTTP/1.1 200 OK
Sep 22, 2020 10:54:05 AM okhttp3.mockwebserver.MockWebServer$3 processOneRequest
INFO: MockWebServer[35069] received request: GET /apis/entando.org/v1/namespaces/entando-k8s-controller-coordinator-carcpr42/entandokeycloakservers/test-keycloak?watch=true HTTP/1.1 and responded: HTTP/1.1 200 OK
Sep 22, 2020 10:54:05 AM okhttp3.mockwebserver.MockWebServer$3 processOneRequest
INFO: MockWebServer[35069] received request: GET /api/v1/namespaces/entando-k8s-controller-coordinator-carcpr42 HTTP/1.1 and responded: HTTP/1.1 200 OK
Sep 22, 2020 10:54:05 AM io.fabric8.kubernetes.client.dsl.internal.WatchHTTPManager$1 onFailure
INFO: Watch connection failed. reason: e**cutor rejected
Sep 22, 2020 10:54:05 AM okhttp3.mockwebserver.MockWebServer$3 processOneRequest
INFO: MockWebServer[35069] received request: GET /apis/entando.org/v1/namespaces/entando-k8s-controller-coordinator-carcpr42/entandokeycloakservers/test-keycloak HTTP/1.1 and responded: HTTP/1.1 200 OK
Sep 22, 2020 10:54:05 AM okhttp3.mockwebserver.MockWebServer$3 processOneRequest
INFO: MockWebServer[35069] received request: GET /apis/entando.org/v1/namespaces/entando-k8s-controller-coordinator-carcpr42/entandokeycloakservers/test-keycloak?watch=true HTTP/1.1 and responded: HTTP/1.1 200 OK
Sep 22, 2020 10:54:05 AM io.fabric8.kubernetes.client.dsl.internal.WatchHTTPManager$1 onResponse
INFO: Watch terminated unexpectedly. reason: \n not found: limit=269 content=7b226b696e64223a22456e74616e646f4b6579636c6f616b536572766572222câ€¦
Sep 22, 2020 10:54:05 AM okhttp3.mockwebserver.MockWebServer$3 processOneRequest
INFO: MockWebServer[35069] received request: GET /api/v1/namespaces/entando-k8s-controller-coordinator-carcpr42/secrets/test-keycloak-controller-ca-cert-secret HTTP/1.1 and responded: HTTP/1.1 404 Client Error
Sep 22, 2020 10:54:05 AM okhttp3.mockwebserver.MockWebServer$3 processOneRequest
INFO: MockWebServer[35069] received request: GET /apis/entando.org/v1/namespaces/entando-k8s-controller-coordinator-carcpr42/entandokeycloakservers HTTP/1.1 and responded: HTTP/1.1 200 OK
Sep 22, 2020 10:54:05 AM okhttp3.mockwebserver.MockWebServer$3 processOneRequest
INFO: MockWebServer[35069] received request: POST /api/v1/namespaces/entando-k8s-controller-coordinator-carcpr42/secrets HTTP/1.1 and responded: HTTP/1.1 202 OK
Sep 22, 2020 10:54:05 AM okhttp3.mockwebserver.MockWebServer$3 processOneRequest
INFO: MockWebServer[35069] received request: GET /api/v1/namespaces/entando-k8s-controller-coordinator-carcpr42 HTTP/1.1 and responded: HTTP/1.1 200 OK
Sep 22, 2020 10:54:05 AM okhttp3.mockwebserver.MockWebServer$3 processOneRequest
INFO: MockWebServer[35069] received request: POST /api/v1/namespaces/entando-k8s-controller-coordinator-carcpr42/pods HTTP/1.1 and responded: HTTP/1.1 202 OK
Sep 22, 2020 10:54:05 AM okhttp3.mockwebserver.MockWebServer$3 processOneRequest
INFO: MockWebServer[35069] received request: GET /apis/entando.org/v1/namespaces/entando-k8s-controller-coordinator-carcpr42/entandokeycloakservers HTTP/1.1 and responded: HTTP/1.1 200 OK
Sep 22, 2020 10:54:05 AM okhttp3.mockwebserver.MockWebServer$3 processOneRequest
INFO: MockWebServer[35069] received request: GET /apis/entando.org/v1/namespaces/entando-k8s-controller-coordinator-carcpr42/entandokeycloakservers/test-keycloak HTTP/1.1 and responded: HTTP/1.1 200 OK
Sep 22, 2020 10:54:05 AM okhttp3.mockwebserver.MockWebServer$3 processOneRequest
INFO: MockWebServer[35069] received request: GET /apis/entando.org/v1/namespaces/entando-k8s-controller-coordinator-carcpr42/entandokeycloakservers/test-keycloak HTTP/1.1 and responded: HTTP/1.1 200 OK
Sep 22, 2020 10:54:05 AM okhttp3.mockwebserver.MockWebServer$3 processOneRequest
INFO: MockWebServer[35069] received request: PATCH /apis/entando.org/v1/namespaces/entando-k8s-controller-coordinator-carcpr42/entandokeycloakservers/test-keycloak HTTP/1.1 and responded: HTTP/1.1 202 OK
Sep 22, 2020 10:54:05 AM io.fabric8.kubernetes.client.dsl.internal.WatchHTTPManager$1 onFailure
INFO: Watch connection failed. reason: e**cutor rejected
Sep 22, 2020 10:54:06 AM io.fabric8.kubernetes.client.dsl.internal.WatchHTTPManager$1 onResponse
INFO: Watch terminated unexpectedly. reason: \n not found: limit=322 content=7b226b696e64223a22456e74616e646f4b6579636c6f616b536572766572222câ€¦
Sep 22, 2020 10:54:06 AM okhttp3.mockwebserver.MockWebServer$3 processOneRequest
INFO: MockWebServer[35069] received request: GET /apis/entando.org/v1/namespaces/entando-k8s-controller-coordinator-carcpr42/entandokeycloakservers/test-keycloak?watch=true HTTP/1.1 and responded: HTTP/1.1 200 OK
Sep 22, 2020 10:54:06 AM io.fabric8.kubernetes.client.dsl.internal.WatchHTTPManager$1 onFailure
INFO: Watch connection failed. reason: e**cutor rejected
Sep 22, 2020 10:54:06 AM io.fabric8.kubernetes.client.dsl.internal.WatchHTTPManager$1 onFailure
INFO: Watch connection failed. reason: e**cutor rejected
Sep 22, 2020 10:54:08 AM io.fabric8.kubernetes.client.dsl.internal.WatchHTTPManager$1 onResponse
INFO: Watch terminated unexpectedly. reason: \n not found: limit=322 content=7b226b696e64223a22456e74616e646f4b6579636c6f616b536572766572222câ€¦
Sep 22, 2020 10:54:08 AM okhttp3.mockwebserver.MockWebServer$3 processOneRequest
INFO: MockWebServer[35069] received request: GET /apis/entando.org/v1/namespaces/entando-k8s-controller-coordinator-carcpr42/entandokeycloakservers/test-keycloak?watch=true HTTP/1.1 and responded: HTTP/1.1 200 OK
Sep 22, 2020 10:54:10 AM okhttp3.mockwebserver.MockWebServer$3 processOneRequest
INFO: MockWebServer[35069] received request: GET /apis/entando.org/v1/namespaces/entando-k8s-controller-coordinator-carcpr42/entandokeycloakservers/test-keycloak HTTP/1.1 and responded: HTTP/1.1 200 OK
Sep 22, 2020 10:54:11 AM io.fabric8.kubernetes.client.dsl.internal.WatchHTTPManager close
WARN: E**cutor didn't terminate in time after shutdown in close(), killing it in: io.fabric8.kubernetes.client.dsl.internal.WatchHTTPManager@7b1acdc7
Sep 22, 2020 10:54:11 AM okhttp3.mockwebserver.MockWebServer$3 processOneRequest
INFO: MockWebServer[35069] received request: GET /apis/entando.org/v1/namespaces/entando-k8s-controller-coordinator-carcpr42/entandokeycloakservers?watch=true HTTP/1.1 and responded: HTTP/1.1 200 OK
Sep 22, 2020 10:54:11 AM okhttp3.mockwebserver.MockWebServer$3 processOneRequest
INFO: MockWebServer[35069] received request: GET /api/v1/namespaces/entando-k8s-controller-coordinator-carcpr42 HTTP/1.1 and responded: HTTP/1.1 200 OK
Sep 22, 2020 10:54:11 AM okhttp3.mockwebserver.MockWebServer$3 processOneRequest
INFO: MockWebServer[35069] received request: GET /apis/entando.org/v1/namespaces/entando-k8s-controller-coordinator-carcpr42/entandokeycloakservers?watch=true HTTP/1.1 and responded: HTTP/1.1 200 OK
Sep 22, 2020 10:54:11 AM io.fabric8.kubernetes.client.dsl.internal.WatchHTTPManager$1 onResponse
INFO: Watch terminated unexpectedly. reason: \n not found: limit=368 content=7b2261706956657273696f6e223a227631222c226b696e64223a224c69737422â€¦
Sep 22, 2020 10:54:11 AM okhttp3.mockwebserver.MockWebServer$3 processOneRequest
INFO: MockWebServer[35069] received request: GET /apis/entando.org/v1/namespaces/entando-k8s-controller-coordinator-carcpr42/entandoclusterinfrastructures HTTP/1.1 and responded: HTTP/1.1 200 OK
Sep 22, 2020 10:54:11 AM okhttp3.mockwebserver.MockWebServer$3 processOneRequest
INFO: MockWebServer[35069] received request: GET /api/v1/namespaces/entando-k8s-controller-coordinator-carcpr42 HTTP/1.1 and responded: HTTP/1.1 200 OK
Sep 22, 2020 10:54:11 AM okhttp3.mockwebserver.MockWebServer$3 processOneRequest
INFO: MockWebServer[35069] received request: GET /apis/entando.org/v1/namespaces/entando-k8s-controller-coordinator-carcpr42/entandoclusterinfrastructures HTTP/1.1 and responded: HTTP/1.1 200 OK
Sep 22, 2020 10:54:11 AM okhttp3.mockwebserver.MockWebServer$3 processOneRequest
INFO: MockWebServer[35069] received request: GET /apis/entando.org/v1/namespaces/entando-k8s-controller-coordinator-carcpr42/entandoclusterinfrastructures HTTP/1.1 and responded: HTTP/1.1 200 OK
Sep 22, 2020 10:54:11 AM okhttp3.mockwebserver.MockWebServer$3 processOneRequest
INFO: MockWebServer[35069] received request: GET /apis/entando.org/v1/namespaces/entando-k8s-controller-coordinator-carcpr42/entandoclusterinfrastructures?watch=true HTTP/1.1 and responded: HTTP/1.1 200 OK
Sep 22, 2020 10:54:11 AM okhttp3.mockwebserver.MockWebServer$3 processOneRequest
INFO: MockWebServer[35069] received request: GET /apis/entando.org/v1/namespaces/entando-k8s-controller-coordinator-carcpr42/entandoclusterinfrastructures?watch=true HTTP/1.1 and responded: HTTP/1.1 200 OK
Sep 22, 2020 10:54:11 AM okhttp3.mockwebserver.MockWebServer$3 processOneRequest
INFO: MockWebServer[35069] received request: GET /api/v1/namespaces/entando-k8s-controller-coordinator-carcpr42 HTTP/1.1 and responded: HTTP/1.1 200 OK
Sep 22, 2020 10:54:11 AM io.fabric8.kubernetes.client.dsl.internal.WatchHTTPManager$1 onResponse
INFO: Watch terminated unexpectedly. reason: \n not found: limit=46 content=7b2261706956657273696f6e223a227631222c226b696e64223a224c69737422â€¦
Sep 22, 2020 10:54:11 AM okhttp3.mockwebserver.MockWebServer$3 processOneRequest
INFO: MockWebServer[35069] received request: GET /apis/entando.org/v1/namespaces/entando-k8s-controller-coordinator-carcpr42/entandoapps HTTP/1.1 and responded: HTTP/1.1 200 OK
Sep 22, 2020 10:54:11 AM okhttp3.mockwebserver.MockWebServer$3 processOneRequest
INFO: MockWebServer[35069] received request: GET /api/v1/namespaces/entando-k8s-controller-coordinator-carcpr42 HTTP/1.1 and responded: HTTP/1.1 200 OK
Sep 22, 2020 10:54:11 AM okhttp3.mockwebserver.MockWebServer$3 processOneRequest
INFO: MockWebServer[35069] received request: GET /apis/entando.org/v1/namespaces/entando-k8s-controller-coordinator-carcpr42/entandoapps HTTP/1.1 and responded: HTTP/1.1 200 OK
Sep 22, 2020 10:54:11 AM okhttp3.mockwebserver.MockWebServer$3 processOneRequest
INFO: MockWebServer[35069] received request: GET /apis/entando.org/v1/namespaces/entando-k8s-controller-coordinator-carcpr42/entandoapps HTTP/1.1 and responded: HTTP/1.1 200 OK
Sep 22, 2020 10:54:12 AM okhttp3.mockwebserver.MockWebServer$3 processOneRequest
INFO: MockWebServer[35069] received request: GET /apis/entando.org/v1/namespaces/entando-k8s-controller-coordinator-carcpr42/entandoapps?watch=true HTTP/1.1 and responded: HTTP/1.1 200 OK
Sep 22, 2020 10:54:12 AM okhttp3.mockwebserver.MockWebServer$3 processOneRequest
INFO: MockWebServer[35069] received request: GET /api/v1/namespaces/entando-k8s-controller-coordinator-carcpr42 HTTP/1.1 and responded: HTTP/1.1 200 OK
Sep 22, 2020 10:54:12 AM okhttp3.mockwebserver.MockWebServer$3 processOneRequest
INFO: MockWebServer[35069] received request: GET /apis/entando.org/v1/namespaces/entando-k8s-controller-coordinator-carcpr42/entandoapps?watch=true HTTP/1.1 and responded: HTTP/1.1 200 OK
Sep 22, 2020 10:54:12 AM io.fabric8.kubernetes.client.dsl.internal.WatchHTTPManager$1 onResponse
INFO: Watch terminated unexpectedly. reason: \n not found: limit=46 content=7b2261706956657273696f6e223a227631222c226b696e64223a224c69737422â€¦
Sep 22, 2020 10:54:12 AM okhttp3.mockwebserver.MockWebServer$3 processOneRequest
INFO: MockWebServer[35069] received request: GET /apis/entando.org/v1/namespaces/entando-k8s-controller-coordinator-carcpr42/entandoplugins HTTP/1.1 and responded: HTTP/1.1 200 OK
Sep 22, 2020 10:54:12 AM okhttp3.mockwebserver.MockWebServer$3 processOneRequest
INFO: MockWebServer[35069] received request: GET /api/v1/namespaces/entando-k8s-controller-coordinator-carcpr42 HTTP/1.1 and responded: HTTP/1.1 200 OK
Sep 22, 2020 10:54:12 AM okhttp3.mockwebserver.MockWebServer$3 processOneRequest
INFO: MockWebServer[35069] received request: GET /apis/entando.org/v1/namespaces/entando-k8s-controller-coordinator-carcpr42/entandoplugins HTTP/1.1 and responded: HTTP/1.1 200 OK
Sep 22, 2020 10:54:12 AM okhttp3.mockwebserver.MockWebServer$3 processOneRequest
INFO: MockWebServer[35069] received request: GET /apis/entando.org/v1/namespaces/entando-k8s-controller-coordinator-carcpr42/entandokeycloakservers?watch=true HTTP/1.1 and responded: HTTP/1.1 200 OK
Sep 22, 2020 10:54:12 AM io.fabric8.kubernetes.client.dsl.internal.WatchHTTPManager$1 onResponse
INFO: Watch terminated unexpectedly. reason: \n not found: limit=368 content=7b2261706956657273696f6e223a227631222c226b696e64223a224c69737422â€¦
Sep 22, 2020 10:54:12 AM okhttp3.mockwebserver.MockWebServer$3 processOneRequest
INFO: MockWebServer[35069] received request: GET /apis/entando.org/v1/namespaces/entando-k8s-controller-coordinator-carcpr42/entandoplugins HTTP/1.1 and responded: HTTP/1.1 200 OK
Sep 22, 2020 10:54:12 AM okhttp3.mockwebserver.MockWebServer$3 processOneRequest
INFO: MockWebServer[35069] received request: GET /apis/entando.org/v1/namespaces/entando-k8s-controller-coordinator-carcpr42/entandoplugins?watch=true HTTP/1.1 and responded: HTTP/1.1 200 OK
Sep 22, 2020 10:54:12 AM okhttp3.mockwebserver.MockWebServer$3 processOneRequest
INFO: MockWebServer[35069] received request: GET /api/v1/namespaces/entando-k8s-controller-coordinator-carcpr42 HTTP/1.1 and responded: HTTP/1.1 200 OK
Sep 22, 2020 10:54:12 AM okhttp3.mockwebserver.MockWebServer$3 processOneRequest
INFO: MockWebServer[35069] received request: GET /apis/entando.org/v1/namespaces/entando-k8s-controller-coordinator-carcpr42/entandoplugins?watch=true HTTP/1.1 and responded: HTTP/1.1 200 OK
Sep 22, 2020 10:54:12 AM io.fabric8.kubernetes.client.dsl.internal.WatchHTTPManager$1 onResponse
INFO: Watch terminated unexpectedly. reason: \n not found: limit=46 content=7b2261706956657273696f6e223a227631222c226b696e64223a224c69737422â€¦
Sep 22, 2020 10:54:12 AM okhttp3.mockwebserver.MockWebServer$3 processOneRequest
INFO: MockWebServer[35069] received request: GET /apis/entando.org/v1/namespaces/entando-k8s-controller-coordinator-carcpr42/entandoapppluginlinks HTTP/1.1 and responded: HTTP/1.1 200 OK
Sep 22, 2020 10:54:12 AM okhttp3.mockwebserver.MockWebServer$3 processOneRequest
INFO: MockWebServer[35069] received request: GET /api/v1/namespaces/entando-k8s-controller-coordinator-carcpr42 HTTP/1.1 and responded: HTTP/1.1 200 OK
Sep 22, 2020 10:54:12 AM okhttp3.mockwebserver.MockWebServer$3 processOneRequest
INFO: MockWebServer[35069] received request: GET /apis/entando.org/v1/namespaces/entando-k8s-controller-coordinator-carcpr42/entandoapppluginlinks HTTP/1.1 and responded: HTTP/1.1 200 OK
Sep 22, 2020 10:54:12 AM io.fabric8.kubernetes.client.dsl.internal.WatchHTTPManager$1 onResponse
INFO: Watch terminated unexpectedly. reason: \n not found: limit=46 content=7b2261706956657273696f6e223a227631222c226b696e64223a224c69737422â€¦
Sep 22, 2020 10:54:12 AM okhttp3.mockwebserver.MockWebServer$3 processOneRequest
INFO: MockWebServer[35069] received request: GET /apis/entando.org/v1/namespaces/entando-k8s-controller-coordinator-carcpr42/entandoclusterinfrastructures?watch=true HTTP/1.1 and responded: HTTP/1.1 200 OK
Sep 22, 2020 10:54:12 AM okhttp3.mockwebserver.MockWebServer$3 processOneRequest
INFO: MockWebServer[35069] received request: GET /apis/entando.org/v1/namespaces/entando-k8s-controller-coordinator-carcpr42/entandoapppluginlinks HTTP/1.1 and responded: HTTP/1.1 200 OK
Sep 22, 2020 10:54:12 AM okhttp3.mockwebserver.MockWebServer$3 processOneRequest
INFO: MockWebServer[35069] received request: GET /apis/entando.org/v1/namespaces/entando-k8s-controller-coordinator-carcpr42/entandoapppluginlinks?watch=true HTTP/1.1 and responded: HTTP/1.1 200 OK
Sep 22, 2020 10:54:12 AM io.fabric8.kubernetes.client.dsl.internal.WatchHTTPManager$1 onResponse
INFO: Watch terminated unexpectedly. reason: \n not found: limit=46 content=7b2261706956657273696f6e223a227631222c226b696e64223a224c69737422â€¦
Sep 22, 2020 10:54:12 AM okhttp3.mockwebserver.MockWebServer$3 processOneRequest
INFO: MockWebServer[35069] received request: GET /apis/entando.org/v1/namespaces/entando-k8s-controller-coordinator-carcpr42/entandoapppluginlinks?watch=true HTTP/1.1 and responded: HTTP/1.1 200 OK
Sep 22, 2020 10:54:12 AM okhttp3.mockwebserver.MockWebServer$3 processOneRequest
INFO: MockWebServer[35069] received request: GET /api/v1/namespaces/entando-k8s-controller-coordinator-carcpr42 HTTP/1.1 and responded: HTTP/1.1 200 OK
Sep 22, 2020 10:54:13 AM okhttp3.mockwebserver.MockWebServer$3 processOneRequest
INFO: MockWebServer[35069] received request: GET /apis/entando.org/v1/namespaces/entando-k8s-controller-coordinator-carcpr42/entandocompositeapps HTTP/1.1 and responded: HTTP/1.1 200 OK
Sep 22, 2020 10:54:13 AM okhttp3.mockwebserver.MockWebServer$3 processOneRequest
INFO: MockWebServer[35069] received request: GET /api/v1/namespaces/entando-k8s-controller-coordinator-carcpr42 HTTP/1.1 and responded: HTTP/1.1 200 OK
Sep 22, 2020 10:54:13 AM io.fabric8.kubernetes.client.dsl.internal.WatchHTTPManager$1 onResponse
INFO: Watch terminated unexpectedly. reason: \n not found: limit=46 content=7b2261706956657273696f6e223a227631222c226b696e64223a224c69737422â€¦
Sep 22, 2020 10:54:13 AM okhttp3.mockwebserver.MockWebServer$3 processOneRequest
INFO: MockWebServer[35069] received request: GET /apis/entando.org/v1/namespaces/entando-k8s-controller-coordinator-carcpr42/entandoapps?watch=true HTTP/1.1 and responded: HTTP/1.1 200 OK
Sep 22, 2020 10:54:13 AM okhttp3.mockwebserver.MockWebServer$3 processOneRequest
INFO: MockWebServer[35069] received request: GET /apis/entando.org/v1/namespaces/entando-k8s-controller-coordinator-carcpr42/entandocompositeapps HTTP/1.1 and responded: HTTP/1.1 200 OK
Sep 22, 2020 10:54:13 AM okhttp3.mockwebserver.MockWebServer$3 processOneRequest
INFO: MockWebServer[35069] received request: GET /apis/entando.org/v1/namespaces/entando-k8s-controller-coordinator-carcpr42/entandocompositeapps HTTP/1.1 and responded: HTTP/1.1 200 OK
Sep 22, 2020 10:54:13 AM okhttp3.mockwebserver.MockWebServer$3 processOneRequest
INFO: MockWebServer[35069] received request: GET /apis/entando.org/v1/namespaces/entando-k8s-controller-coordinator-carcpr42/entandocompositeapps?watch=true HTTP/1.1 and responded: HTTP/1.1 200 OK
Sep 22, 2020 10:54:13 AM okhttp3.mockwebserver.MockWebServer$3 processOneRequest
INFO: MockWebServer[35069] received request: GET /apis/entando.org/v1/namespaces/entando-k8s-controller-coordinator-carcpr42/entandocompositeapps?watch=true HTTP/1.1 and responded: HTTP/1.1 200 OK
Sep 22, 2020 10:54:13 AM okhttp3.mockwebserver.MockWebServer$3 processOneRequest
INFO: MockWebServer[35069] received request: GET /api/v1/namespaces/entando-k8s-controller-coordinator-carcpr42 HTTP/1.1 and responded: HTTP/1.1 200 OK
Sep 22, 2020 10:54:13 AM io.fabric8.kubernetes.client.dsl.internal.WatchHTTPManager$1 onResponse
INFO: Watch terminated unexpectedly. reason: \n not found: limit=46 content=7b2261706956657273696f6e223a227631222c226b696e64223a224c69737422â€¦
Sep 22, 2020 10:54:13 AM okhttp3.mockwebserver.MockWebServer$3 processOneRequest
INFO: MockWebServer[35069] received request: GET /apis/entando.org/v1/namespaces/entando-k8s-controller-coordinator-carcpr42/entandodatabaseservices HTTP/1.1 and responded: HTTP/1.1 200 OK
Sep 22, 2020 10:54:13 AM okhttp3.mockwebserver.MockWebServer$3 processOneRequest
INFO: MockWebServer[35069] received request: GET /api/v1/namespaces/entando-k8s-controller-coordinator-carcpr42 HTTP/1.1 and responded: HTTP/1.1 200 OK
Sep 22, 2020 10:54:13 AM okhttp3.mockwebserver.MockWebServer$3 processOneRequest
INFO: MockWebServer[35069] received request: GET /apis/entando.org/v1/namespaces/entando-k8s-controller-coordinator-carcpr42/entandoplugins?watch=true HTTP/1.1 and responded: HTTP/1.1 200 OK
Sep 22, 2020 10:54:13 AM okhttp3.mockwebserver.MockWebServer$3 processOneRequest
INFO: MockWebServer[35069] received request: GET /apis/entando.org/v1/namespaces/entando-k8s-controller-coordinator-carcpr42/entandodatabaseservices HTTP/1.1 and responded: HTTP/1.1 200 OK
Sep 22, 2020 10:54:13 AM io.fabric8.kubernetes.client.dsl.internal.WatchHTTPManager$1 onResponse
INFO: Watch terminated unexpectedly. reason: \n not found: limit=46 content=7b2261706956657273696f6e223a227631222c226b696e64223a224c69737422â€¦
Sep 22, 2020 10:54:13 AM okhttp3.mockwebserver.MockWebServer$3 processOneRequest
INFO: MockWebServer[35069] received request: GET /apis/entando.org/v1/namespaces/entando-k8s-controller-coordinator-carcpr42/entandodatabaseservices HTTP/1.1 and responded: HTTP/1.1 200 OK
Sep 22, 2020 10:54:13 AM okhttp3.mockwebserver.MockWebServer$3 processOneRequest
INFO: MockWebServer[35069] received request: GET /apis/entando.org/v1/namespaces/entando-k8s-controller-coordinator-carcpr42/entandodatabaseservices?watch=true HTTP/1.1 and responded: HTTP/1.1 200 OK
Sep 22, 2020 10:54:13 AM okhttp3.mockwebserver.MockWebServer$3 processOneRequest
INFO: MockWebServer[35069] received request: GET /apis/entando.org/v1/namespaces/entando-k8s-controller-coordinator-carcpr42/entandodatabaseservices?watch=true HTTP/1.1 and responded: HTTP/1.1 200 OK
Sep 22, 2020 10:54:13 AM io.fabric8.kubernetes.client.dsl.internal.WatchHTTPManager$1 onResponse
INFO: Watch terminated unexpectedly. reason: \n not found: limit=46 content=7b2261706956657273696f6e223a227631222c226b696e64223a224c69737422â€¦
Sep 22, 2020 10:54:14 AM okhttp3.mockwebserver.MockWebServer$3 processOneRequest
INFO: MockWebServer[35069] received request: GET /api/v1/namespaces/entando-k8s-controller-coordinator-carcpr42/pods?labelSelector=EntandoResourceKind%3DEntandoKeycloakServer HTTP/1.1 and responded: HTTP/1.1 200 OK
Sep 22, 2020 10:54:14 AM io.fabric8.kubernetes.client.dsl.internal.WatchHTTPManager$1 onResponse
INFO: Watch terminated unexpectedly. reason: \n not found: limit=46 content=7b2261706956657273696f6e223a227631222c226b696e64223a224c69737422â€¦
Sep 22, 2020 10:54:14 AM okhttp3.mockwebserver.MockWebServer$3 processOneRequest
INFO: MockWebServer[35069] received request: GET /apis/entando.org/v1/namespaces/entando-k8s-controller-coordinator-carcpr42/entandoapppluginlinks?watch=true HTTP/1.1 and responded: HTTP/1.1 200 OK
Sep 22, 2020 10:54:14 AM okhttp3.mockwebserver.MockWebServer$2 acceptConnections
INFO: MockWebServer[35069] done accepting connections: Socket closed
Sep 22, 2020 10:54:14 AM okhttp3.mockwebserver.MockWebServer$2 e**cute
INFO: MockWebServer[36858] starting to accept connections
[INFO] Tests run: 2, Failures: 0, Errors: 0, Skipped: 0, Time elapsed: 2***75 s - in org.entando.kubernetes.controller.coordinator.inprocesstests.ControllerCoordinatorEdgeConditionsTest
[INFO] Running org.entando.kubernetes.controller.coordinator.inprocesstests.DeploymentPhaseWatcherTest
Sep 22, 2020 10:54:14 AM okhttp3.mockwebserver.MockWebServer$3 processOneRequest
INFO: MockWebServer[36858] received request: GET /api/v1/namespaces/test HTTP/1.1 and responded: HTTP/1.1 404 Client Error
Sep 22, 2020 10:54:14 AM okhttp3.mockwebserver.MockWebServer$3 processOneRequest
INFO: MockWebServer[36858] received request: GET /apis/entando.org/v1/namespaces/default/entandoapps HTTP/1.1 and responded: HTTP/1.1 200 OK
Sep 22, 2020 10:54:14 AM okhttp3.mockwebserver.MockWebServer$3 processOneRequest
INFO: MockWebServer[36858] received request: GET /api/v1/namespaces/test HTTP/1.1 and responded: HTTP/1.1 404 Client Error
Sep 22, 2020 10:54:14 AM io.fabric8.kubernetes.client.dsl.internal.WatchHTTPManager$1 onFailure
INFO: Watch connection failed. reason: e**cutor rejected
Sep 22, 2020 10:54:14 AM okhttp3.mockwebserver.MockWebServer$3 processOneRequest
INFO: MockWebServer[36858] received request: GET /apis/entando.org/v1/namespaces/default/entandoapps HTTP/1.1 and responded: HTTP/1.1 200 OK
Sep 22, 2020 10:54:14 AM okhttp3.mockwebserver.MockWebServer$3 processOneRequest
INFO: MockWebServer[36858] received request: POST /apis/entando.org/v1/namespaces/test/entandoapps HTTP/1.1 and responded: HTTP/1.1 202 OK
Sep 22, 2020 10:54:14 AM io.fabric8.kubernetes.client.dsl.internal.WatchHTTPManager$1 onFailure
INFO: Watch connection failed. reason: e**cutor rejected
Sep 22, 2020 10:54:14 AM okhttp3.mockwebserver.MockWebServer$3 processOneRequest
INFO: MockWebServer[36858] received request: GET /apis/entando.org/v1/namespaces/test/entandoapps/test-app?watch=true HTTP/1.1 and responded: HTTP/1.1 200 OK
Sep 22, 2020 10:54:14 AM okhttp3.mockwebserver.MockWebServer$3 processOneRequest
INFO: MockWebServer[36858] received request: GET /apis/entando.org/v1/namespaces/test/entandoapps/test-app HTTP/1.1 and responded: HTTP/1.1 200 OK
Sep 22, 2020 10:54:14 AM okhttp3.mockwebserver.MockWebServer$3 processOneRequest
INFO: MockWebServer[36858] received request: GET /apis/entando.org/v1/namespaces/test/entandoapps/test-app?watch=true HTTP/1.1 and responded: HTTP/1.1 200 OK
Sep 22, 2020 10:54:14 AM io.fabric8.kubernetes.client.dsl.internal.WatchHTTPManager$1 onResponse
INFO: Watch terminated unexpectedly. reason: \n not found: limit=210 content=7b226b696e64223a22456e74616e646f417070222c2261706956657273696f6eâ€¦
Sep 22, 2020 10:54:14 AM io.fabric8.kubernetes.client.dsl.internal.WatchHTTPManager$1 onFailure
INFO: Watch connection failed. reason: e**cutor rejected
Sep 22, 2020 10:54:14 AM io.fabric8.kubernetes.client.dsl.internal.WatchHTTPManager$1 onFailure
INFO: Watch connection failed. reason: e**cutor rejected
Sep 22, 2020 10:54:15 AM okhttp3.mockwebserver.MockWebServer$3 processOneRequest
INFO: MockWebServer[36858] received request: GET /apis/entando.org/v1/namespaces/test/entandoapps/test-app HTTP/1.1 and responded: HTTP/1.1 200 OK
Sep 22, 2020 10:54:15 AM okhttp3.mockwebserver.MockWebServer$3 processOneRequest
INFO: MockWebServer[36858] received request: GET /apis/entando.org/v1/namespaces/test/entandoapps/test-app HTTP/1.1 and responded: HTTP/1.1 200 OK
Sep 22, 2020 10:54:15 AM io.fabric8.kubernetes.client.dsl.internal.WatchHTTPManager$1 onFailure
INFO: Watch connection failed. reason: e**cutor rejected
Sep 22, 2020 10:54:15 AM okhttp3.mockwebserver.MockWebServer$3 processOneRequest
INFO: MockWebServer[36858] received request: PATCH /apis/entando.org/v1/namespaces/test/entandoapps/test-app HTTP/1.1 and responded: HTTP/1.1 202 OK
Sep 22, 2020 10:54:15 AM okhttp3.mockwebserver.MockWebServer$3 processOneRequest
INFO: MockWebServer[36858] received request: GET /apis/entando.org/v1/namespaces/test/entandoapps/test-app HTTP/1.1 and responded: HTTP/1.1 200 OK
Sep 22, 2020 10:54:15 AM io.fabric8.kubernetes.client.dsl.internal.WatchHTTPManager$1 onFailure
INFO: Watch connection failed. reason: e**cutor rejected
Sep 22, 2020 10:54:15 AM okhttp3.mockwebserver.MockWebServer$2 acceptConnections
INFO: MockWebServer[36858] done accepting connections: Socket closed
Sep 22, 2020 10:54:15 AM io.fabric8.kubernetes.client.dsl.internal.WatchHTTPManager$1 onFailure
INFO: Watch connection failed. reason: Canceled
Sep 22, 2020 10:54:15 AM io.fabric8.kubernetes.client.dsl.internal.WatchHTTPManager scheduleReconnect
WARN: Ignoring error for already closed/closing connection
[INFO] Tests run: 1, Failures: 0, Errors: 0, Skipped: 0, Time elapsed: 1.607 s - in org.entando.kubernetes.controller.coordinator.inprocesstests.DeploymentPhaseWatcherTest
[INFO] Running org.entando.kubernetes.controller.coordinator.inprocesstests.ControllerCoordinatorMockedTest
Sep 22, 2020 10:54:15 AM okhttp3.mockwebserver.MockWebServer$2 e**cute
INFO: MockWebServer[51546] starting to accept connections
Sep 22, 2020 10:54:15 AM okhttp3.mockwebserver.MockWebServer$3 processOneRequest
INFO: MockWebServer[51546] received request: GET /api/v1/namespaces/entando/configmaps/entando-docker-image-info-v6.1 HTTP/1.1 and responded: HTTP/1.1 404 Client Error
Sep 22, 2020 10:54:15 AM okhttp3.mockwebserver.MockWebServer$3 processOneRequest
INFO: MockWebServer[51546] received request: GET /api/v1/namespaces/entando-k8s-controller-coordinator-carcpr42 HTTP/1.1 and responded: HTTP/1.1 404 Client Error
Sep 22, 2020 10:54:16 AM io.fabric8.kubernetes.client.dsl.internal.WatchHTTPManager$1 onFailure
INFO: Watch connection failed. reason: e**cutor rejected
Sep 22, 2020 10:54:16 AM okhttp3.mockwebserver.MockWebServer$3 processOneRequest
INFO: MockWebServer[51546] received request: GET /apis/entando.org/v1/namespaces/default/entandokeycloakservers HTTP/1.1 and responded: HTTP/1.1 200 OK
Sep 22, 2020 10:54:16 AM okhttp3.mockwebserver.MockWebServer$3 processOneRequest
INFO: MockWebServer[51546] received request: GET /api/v1/namespaces/entando-k8s-controller-coordinator-carcpr42 HTTP/1.1 and responded: HTTP/1.1 404 Client Error
Sep 22, 2020 10:54:16 AM okhttp3.mockwebserver.MockWebServer$3 processOneRequest
INFO: MockWebServer[51546] received request: GET /apis/entando.org/v1/namespaces/default/entandokeycloakservers HTTP/1.1 and responded: HTTP/1.1 200 OK
Sep 22, 2020 10:54:16 AM okhttp3.mockwebserver.MockWebServer$3 processOneRequest
INFO: MockWebServer[51546] received request: GET /apis/entando.org/v1/namespaces/entando-k8s-controller-coordinator-carcpr42/entandokeycloakservers HTTP/1.1 and responded: HTTP/1.1 200 OK
Sep 22, 2020 10:54:16 AM okhttp3.mockwebserver.MockWebServer$3 processOneRequest
INFO: MockWebServer[51546] received request: GET /apis/entando.org/v1/namespaces/entando-k8s-controller-coordinator-carcpr42/entandokeycloakservers?watch=true HTTP/1.1 and responded: HTTP/1.1 200 OK
Sep 22, 2020 10:54:16 AM okhttp3.mockwebserver.MockWebServer$3 processOneRequest
INFO: MockWebServer[51546] received request: GET /apis/entando.org/v1/namespaces/entando-k8s-controller-coordinator-carcpr42/entandokeycloakservers?watch=true HTTP/1.1 and responded: HTTP/1.1 200 OK
Sep 22, 2020 10:54:16 AM okhttp3.mockwebserver.MockWebServer$3 processOneRequest
INFO: MockWebServer[51546] received request: GET /api/v1/namespaces/entando-k8s-controller-coordinator-carcpr42 HTTP/1.1 and responded: HTTP/1.1 404 Client Error
Sep 22, 2020 10:54:16 AM io.fabric8.kubernetes.client.dsl.internal.WatchHTTPManager$1 onResponse
INFO: Watch terminated unexpectedly. reason: \n not found: limit=46 content=7b2261706956657273696f6e223a227631222c226b696e64223a224c69737422â€¦
Sep 22, 2020 10:54:16 AM okhttp3.mockwebserver.MockWebServer$3 processOneRequest
INFO: MockWebServer[51546] received request: GET /apis/entando.org/v1/namespaces/default/entandoclusterinfrastructures HTTP/1.1 and responded: HTTP/1.1 200 OK
Sep 22, 2020 10:54:16 AM io.fabric8.kubernetes.client.dsl.internal.WatchHTTPManager$1 onFailure
INFO: Watch connection failed. reason: e**cutor rejected
Sep 22, 2020 10:54:16 AM okhttp3.mockwebserver.MockWebServer$3 processOneRequest
INFO: MockWebServer[51546] received request: GET /api/v1/namespaces/entando-k8s-controller-coordinator-carcpr42 HTTP/1.1 and responded: HTTP/1.1 404 Client Error
Sep 22, 2020 10:54:16 AM okhttp3.mockwebserver.MockWebServer$3 processOneRequest
INFO: MockWebServer[51546] received request: GET /apis/entando.org/v1/namespaces/default/entandoclusterinfrastructures HTTP/1.1 and responded: HTTP/1.1 200 OK
Sep 22, 2020 10:54:16 AM okhttp3.mockwebserver.MockWebServer$3 processOneRequest
INFO: MockWebServer[51546] received request: GET /apis/entando.org/v1/namespaces/entando-k8s-controller-coordinator-carcpr42/entandoclusterinfrastructures HTTP/1.1 and responded: HTTP/1.1 200 OK
Sep 22, 2020 10:54:16 AM okhttp3.mockwebserver.MockWebServer$3 processOneRequest
INFO: MockWebServer[51546] received request: GET /apis/entando.org/v1/namespaces/entando-k8s-controller-coordinator-carcpr42/entandoclusterinfrastructures?watch=true HTTP/1.1 and responded: HTTP/1.1 200 OK
Sep 22, 2020 10:54:16 AM okhttp3.mockwebserver.MockWebServer$3 processOneRequest
INFO: MockWebServer[51546] received request: GET /apis/entando.org/v1/namespaces/entando-k8s-controller-coordinator-carcpr42/entandoclusterinfrastructures?watch=true HTTP/1.1 and responded: HTTP/1.1 200 OK
Sep 22, 2020 10:54:16 AM okhttp3.mockwebserver.MockWebServer$3 processOneRequest
INFO: MockWebServer[51546] received request: GET /api/v1/namespaces/entando-k8s-controller-coordinator-carcpr42 HTTP/1.1 and responded: HTTP/1.1 404 Client Error
Sep 22, 2020 10:54:16 AM io.fabric8.kubernetes.client.dsl.internal.WatchHTTPManager$1 onResponse
INFO: Watch terminated unexpectedly. reason: \n not found: limit=46 content=7b2261706956657273696f6e223a227631222c226b696e64223a224c69737422â€¦
Sep 22, 2020 10:54:16 AM okhttp3.mockwebserver.MockWebServer$3 processOneRequest
INFO: MockWebServer[51546] received request: GET /apis/entando.org/v1/namespaces/default/entandoapps HTTP/1.1 and responded: HTTP/1.1 200 OK
Sep 22, 2020 10:54:16 AM io.fabric8.kubernetes.client.dsl.internal.WatchHTTPManager$1 onFailure
INFO: Watch connection failed. reason: e**cutor rejected
Sep 22, 2020 10:54:17 AM okhttp3.mockwebserver.MockWebServer$3 processOneRequest
INFO: MockWebServer[51546] received request: GET /api/v1/namespaces/entando-k8s-controller-coordinator-carcpr42 HTTP/1.1 and responded: HTTP/1.1 404 Client Error
Sep 22, 2020 10:54:17 AM okhttp3.mockwebserver.MockWebServer$3 processOneRequest
INFO: MockWebServer[51546] received request: GET /apis/entando.org/v1/namespaces/default/entandoapps HTTP/1.1 and responded: HTTP/1.1 200 OK
Sep 22, 2020 10:54:17 AM okhttp3.mockwebserver.MockWebServer$3 processOneRequest
INFO: MockWebServer[51546] received request: GET /apis/entando.org/v1/namespaces/entando-k8s-controller-coordinator-carcpr42/entandoapps HTTP/1.1 and responded: HTTP/1.1 200 OK
Sep 22, 2020 10:54:17 AM okhttp3.mockwebserver.MockWebServer$3 processOneRequest
INFO: MockWebServer[51546] received request: GET /apis/entando.org/v1/namespaces/entando-k8s-controller-coordinator-carcpr42/entandoapps?watch=true HTTP/1.1 and responded: HTTP/1.1 200 OK
Sep 22, 2020 10:54:17 AM okhttp3.mockwebserver.MockWebServer$3 processOneRequest
INFO: MockWebServer[51546] received request: GET /apis/entando.org/v1/namespaces/entando-k8s-controller-coordinator-carcpr42/entandoapps?watch=true HTTP/1.1 and responded: HTTP/1.1 200 OK
Sep 22, 2020 10:54:17 AM okhttp3.mockwebserver.MockWebServer$3 processOneRequest
INFO: MockWebServer[51546] received request: GET /api/v1/namespaces/entando-k8s-controller-coordinator-carcpr42 HTTP/1.1 and responded: HTTP/1.1 404 Client Error
Sep 22, 2020 10:54:17 AM io.fabric8.kubernetes.client.dsl.internal.WatchHTTPManager$1 onResponse
INFO: Watch terminated unexpectedly. reason: \n not found: limit=46 content=7b2261706956657273696f6e223a227631222c226b696e64223a224c69737422â€¦
Sep 22, 2020 10:54:17 AM okhttp3.mockwebserver.MockWebServer$3 processOneRequest
INFO: MockWebServer[51546] received request: GET /apis/entando.org/v1/namespaces/default/entandoplugins HTTP/1.1 and responded: HTTP/1.1 200 OK
Sep 22, 2020 10:54:17 AM okhttp3.mockwebserver.MockWebServer$3 processOneRequest
INFO: MockWebServer[51546] received request: GET /api/v1/namespaces/entando-k8s-controller-coordinator-carcpr42 HTTP/1.1 and responded: HTTP/1.1 404 Client Error
Sep 22, 2020 10:54:17 AM okhttp3.mockwebserver.MockWebServer$3 processOneRequest
INFO: MockWebServer[51546] received request: GET /apis/entando.org/v1/namespaces/default/entandoplugins HTTP/1.1 and responded: HTTP/1.1 200 OK
Sep 22, 2020 10:54:17 AM okhttp3.mockwebserver.MockWebServer$3 processOneRequest
INFO: MockWebServer[51546] received request: GET /apis/entando.org/v1/namespaces/entando-k8s-controller-coordinator-carcpr42/entandokeycloakservers?watch=true HTTP/1.1 and responded: HTTP/1.1 200 OK
Sep 22, 2020 10:54:17 AM io.fabric8.kubernetes.client.dsl.internal.WatchHTTPManager$1 onResponse
INFO: Watch terminated unexpectedly. reason: \n not found: limit=46 content=7b2261706956657273696f6e223a227631222c226b696e64223a224c69737422â€¦
Sep 22, 2020 10:54:17 AM okhttp3.mockwebserver.MockWebServer$3 processOneRequest
INFO: MockWebServer[51546] received request: GET /apis/entando.org/v1/namespaces/entando-k8s-controller-coordinator-carcpr42/entandoplugins HTTP/1.1 and responded: HTTP/1.1 200 OK
Sep 22, 2020 10:54:17 AM okhttp3.mockwebserver.MockWebServer$3 processOneRequest
INFO: MockWebServer[51546] received request: GET /apis/entando.org/v1/namespaces/entando-k8s-controller-coordinator-carcpr42/entandoplugins?watch=true HTTP/1.1 and responded: HTTP/1.1 200 OK
Sep 22, 2020 10:54:17 AM okhttp3.mockwebserver.MockWebServer$3 processOneRequest
INFO: MockWebServer[51546] received request: GET /api/v1/namespaces/entando-k8s-controller-coordinator-carcpr42 HTTP/1.1 and responded: HTTP/1.1 404 Client Error
Sep 22, 2020 10:54:17 AM okhttp3.mockwebserver.MockWebServer$3 processOneRequest
INFO: MockWebServer[51546] received request: GET /apis/entando.org/v1/namespaces/entando-k8s-controller-coordinator-carcpr42/entandoplugins?watch=true HTTP/1.1 and responded: HTTP/1.1 200 OK
Sep 22, 2020 10:54:17 AM io.fabric8.kubernetes.client.dsl.internal.WatchHTTPManager$1 onResponse
INFO: Watch terminated unexpectedly. reason: \n not found: limit=46 content=7b2261706956657273696f6e223a227631222c226b696e64223a224c69737422â€¦
Sep 22, 2020 10:54:17 AM okhttp3.mockwebserver.MockWebServer$3 processOneRequest
INFO: MockWebServer[51546] received request: GET /apis/entando.org/v1/namespaces/default/entandoapppluginlinks HTTP/1.1 and responded: HTTP/1.1 200 OK
Sep 22, 2020 10:54:17 AM okhttp3.mockwebserver.MockWebServer$3 processOneRequest
INFO: MockWebServer[51546] received request: GET /api/v1/namespaces/entando-k8s-controller-coordinator-carcpr42 HTTP/1.1 and responded: HTTP/1.1 404 Client Error
Sep 22, 2020 10:54:17 AM okhttp3.mockwebserver.MockWebServer$3 processOneRequest
INFO: MockWebServer[51546] received request: GET /apis/entando.org/v1/namespaces/default/entandoapppluginlinks HTTP/1.1 and responded: HTTP/1.1 200 OK
Sep 22, 2020 10:54:18 AM okhttp3.mockwebserver.MockWebServer$3 processOneRequest
INFO: MockWebServer[51546] received request: GET /apis/entando.org/v1/namespaces/entando-k8s-controller-coordinator-carcpr42/entandoclusterinfrastructures?watch=true HTTP/1.1 and responded: HTTP/1.1 200 OK
Sep 22, 2020 10:54:18 AM io.fabric8.kubernetes.client.dsl.internal.WatchHTTPManager$1 onResponse
INFO: Watch terminated unexpectedly. reason: \n not found: limit=46 content=7b2261706956657273696f6e223a227631222c226b696e64223a224c69737422â€¦
Sep 22, 2020 10:54:18 AM okhttp3.mockwebserver.MockWebServer$3 processOneRequest
INFO: MockWebServer[51546] received request: GET /apis/entando.org/v1/namespaces/entando-k8s-controller-coordinator-carcpr42/entandoapppluginlinks HTTP/1.1 and responded: HTTP/1.1 200 OK
Sep 22, 2020 10:54:18 AM okhttp3.mockwebserver.MockWebServer$3 processOneRequest
INFO: MockWebServer[51546] received request: GET /apis/entando.org/v1/namespaces/entando-k8s-controller-coordinator-carcpr42/entandoapppluginlinks?watch=true HTTP/1.1 and responded: HTTP/1.1 200 OK
Sep 22, 2020 10:54:18 AM okhttp3.mockwebserver.MockWebServer$3 processOneRequest
INFO: MockWebServer[51546] received request: GET /apis/entando.org/v1/namespaces/entando-k8s-controller-coordinator-carcpr42/entandoapppluginlinks?watch=true HTTP/1.1 and responded: HTTP/1.1 200 OK
Sep 22, 2020 10:54:18 AM io.fabric8.kubernetes.client.dsl.internal.WatchHTTPManager$1 onResponse
INFO: Watch terminated unexpectedly. reason: \n not found: limit=46 content=7b2261706956657273696f6e223a227631222c226b696e64223a224c69737422â€¦
Sep 22, 2020 10:54:18 AM okhttp3.mockwebserver.MockWebServer$3 processOneRequest
INFO: MockWebServer[51546] received request: GET /api/v1/namespaces/entando-k8s-controller-coordinator-carcpr42 HTTP/1.1 and responded: HTTP/1.1 404 Client Error
Sep 22, 2020 10:54:18 AM okhttp3.mockwebserver.MockWebServer$3 processOneRequest
INFO: MockWebServer[51546] received request: GET /apis/entando.org/v1/namespaces/default/entandocompositeapps HTTP/1.1 and responded: HTTP/1.1 200 OK
Sep 22, 2020 10:54:18 AM okhttp3.mockwebserver.MockWebServer$3 processOneRequest
INFO: MockWebServer[51546] received request: GET /api/v1/namespaces/entando-k8s-controller-coordinator-carcpr42 HTTP/1.1 and responded: HTTP/1.1 404 Client Error
Sep 22, 2020 10:54:18 AM io.fabric8.kubernetes.client.dsl.internal.WatchHTTPManager$1 onFailure
INFO: Watch connection failed. reason: e**cutor rejected
Sep 22, 2020 10:54:18 AM okhttp3.mockwebserver.MockWebServer$3 processOneRequest
INFO: MockWebServer[51546] received request: GET /apis/entando.org/v1/namespaces/entando-k8s-controller-coordinator-carcpr42/entandoapps?watch=true HTTP/1.1 and responded: HTTP/1.1 200 OK
Sep 22, 2020 10:54:18 AM io.fabric8.kubernetes.client.dsl.internal.WatchHTTPManager$1 onResponse
INFO: Watch terminated unexpectedly. reason: \n not found: limit=46 content=7b2261706956657273696f6e223a227631222c226b696e64223a224c69737422â€¦
Sep 22, 2020 10:54:18 AM okhttp3.mockwebserver.MockWebServer$3 processOneRequest
INFO: MockWebServer[51546] received request: GET /apis/entando.org/v1/namespaces/default/entandocompositeapps HTTP/1.1 and responded: HTTP/1.1 200 OK
Sep 22, 2020 10:54:18 AM okhttp3.mockwebserver.MockWebServer$3 processOneRequest
INFO: MockWebServer[51546] received request: GET /apis/entando.org/v1/namespaces/entando-k8s-controller-coordinator-carcpr42/entandocompositeapps HTTP/1.1 and responded: HTTP/1.1 200 OK
Sep 22, 2020 10:54:18 AM okhttp3.mockwebserver.MockWebServer$3 processOneRequest
INFO: MockWebServer[51546] received request: GET /apis/entando.org/v1/namespaces/entando-k8s-controller-coordinator-carcpr42/entandocompositeapps?watch=true HTTP/1.1 and responded: HTTP/1.1 200 OK
Sep 22, 2020 10:54:18 AM okhttp3.mockwebserver.MockWebServer$3 processOneRequest
INFO: MockWebServer[51546] received request: GET /api/v1/namespaces/entando-k8s-controller-coordinator-carcpr42 HTTP/1.1 and responded: HTTP/1.1 404 Client Error
Sep 22, 2020 10:54:18 AM okhttp3.mockwebserver.MockWebServer$3 processOneRequest
INFO: MockWebServer[51546] received request: GET /apis/entando.org/v1/namespaces/entando-k8s-controller-coordinator-carcpr42/entandocompositeapps?watch=true HTTP/1.1 and responded: HTTP/1.1 200 OK
Sep 22, 2020 10:54:18 AM io.fabric8.kubernetes.client.dsl.internal.WatchHTTPManager$1 onResponse
INFO: Watch terminated unexpectedly. reason: \n not found: limit=46 content=7b2261706956657273696f6e223a227631222c226b696e64223a224c69737422â€¦
Sep 22, 2020 10:54:18 AM okhttp3.mockwebserver.MockWebServer$3 processOneRequest
INFO: MockWebServer[51546] received request: GET /apis/entando.org/v1/namespaces/default/entandodatabaseservices HTTP/1.1 and responded: HTTP/1.1 200 OK
Sep 22, 2020 10:54:18 AM io.fabric8.kubernetes.client.dsl.internal.WatchHTTPManager$1 onFailure
INFO: Watch connection failed. reason: e**cutor rejected
Sep 22, 2020 10:54:18 AM okhttp3.mockwebserver.MockWebServer$3 processOneRequest
INFO: MockWebServer[51546] received request: GET /api/v1/namespaces/entando-k8s-controller-coordinator-carcpr42 HTTP/1.1 and responded: HTTP/1.1 404 Client Error
Sep 22, 2020 10:54:18 AM okhttp3.mockwebserver.MockWebServer$3 processOneRequest
INFO: MockWebServer[51546] received request: GET /apis/entando.org/v1/namespaces/entando-k8s-controller-coordinator-carcpr42/entandoplugins?watch=true HTTP/1.1 and responded: HTTP/1.1 200 OK
Sep 22, 2020 10:54:18 AM okhttp3.mockwebserver.MockWebServer$3 processOneRequest
INFO: MockWebServer[51546] received request: GET /apis/entando.org/v1/namespaces/default/entandodatabaseservices HTTP/1.1 and responded: HTTP/1.1 200 OK
Sep 22, 2020 10:54:18 AM io.fabric8.kubernetes.client.dsl.internal.WatchHTTPManager$1 onResponse
INFO: Watch terminated unexpectedly. reason: \n not found: limit=46 content=7b2261706956657273696f6e223a227631222c226b696e64223a224c69737422â€¦
Sep 22, 2020 10:54:18 AM okhttp3.mockwebserver.MockWebServer$3 processOneRequest
INFO: MockWebServer[51546] received request: GET /apis/entando.org/v1/namespaces/entando-k8s-controller-coordinator-carcpr42/entandodatabaseservices HTTP/1.1 and responded: HTTP/1.1 200 OK
Sep 22, 2020 10:54:19 AM okhttp3.mockwebserver.MockWebServer$3 processOneRequest
INFO: MockWebServer[51546] received request: GET /apis/entando.org/v1/namespaces/entando-k8s-controller-coordinator-carcpr42/entandodatabaseservices?watch=true HTTP/1.1 and responded: HTTP/1.1 200 OK
Sep 22, 2020 10:54:19 AM io.fabric8.kubernetes.client.dsl.internal.WatchHTTPManager$1 onFailure
INFO: Watch connection failed. reason: e**cutor rejected
Sep 22, 2020 10:54:19 AM okhttp3.mockwebserver.MockWebServer$3 processOneRequest
INFO: MockWebServer[51546] received request: GET /apis/entando.org/v1/namespaces/entando-k8s-controller-coordinator-carcpr42/entandodatabaseservices?watch=true HTTP/1.1 and responded: HTTP/1.1 200 OK
Sep 22, 2020 10:54:19 AM okhttp3.mockwebserver.MockWebServer$3 processOneRequest
INFO: MockWebServer[51546] received request: GET /api/v1/namespaces/entando-k8s-controller-coordinator-carcpr42 HTTP/1.1 and responded: HTTP/1.1 404 Client Error
Sep 22, 2020 10:54:19 AM io.fabric8.kubernetes.client.dsl.internal.WatchHTTPManager$1 onResponse
INFO: Watch terminated unexpectedly. reason: \n not found: limit=46 content=7b2261706956657273696f6e223a227631222c226b696e64223a224c69737422â€¦
Sep 22, 2020 10:54:19 AM okhttp3.mockwebserver.MockWebServer$3 processOneRequest
INFO: MockWebServer[51546] received request: POST /api/v1/namespaces HTTP/1.1 and responded: HTTP/1.1 202 OK
Sep 22, 2020 10:54:19 AM io.fabric8.kubernetes.client.dsl.internal.WatchHTTPManager$1 onFailure
INFO: Watch connection failed. reason: e**cutor rejected
Sep 22, 2020 10:54:19 AM okhttp3.mockwebserver.MockWebServer$3 processOneRequest
INFO: MockWebServer[51546] received request: GET /apis/entando.org/v1/namespaces/entando-k8s-controller-coordinator-carcpr42/entandoapppluginlinks?watch=true HTTP/1.1 and responded: HTTP/1.1 200 OK
Sep 22, 2020 10:54:19 AM okhttp3.mockwebserver.MockWebServer$3 processOneRequest
INFO: MockWebServer[51546] received request: GET /api/v1/namespaces/entando-k8s-controller-coordinator-carcpr42 HTTP/1.1 and responded: HTTP/1.1 200 OK
Sep 22, 2020 10:54:19 AM io.fabric8.kubernetes.client.dsl.internal.WatchHTTPManager$1 onResponse
INFO: Watch terminated unexpectedly. reason: \n not found: limit=46 content=7b2261706956657273696f6e223a227631222c226b696e64223a224c69737422â€¦
Sep 22, 2020 10:54:19 AM okhttp3.mockwebserver.MockWebServer$3 processOneRequest
INFO: MockWebServer[51546] received request: GET /apis/entando.org/v1/namespaces/entando-k8s-controller-coordinator-carcpr42/entandodatabaseservices HTTP/1.1 and responded: HTTP/1.1 200 OK
Sep 22, 2020 10:54:19 AM okhttp3.mockwebserver.MockWebServer$3 processOneRequest
INFO: MockWebServer[51546] received request: GET /api/v1/namespaces/entando-k8s-controller-coordinator-carcpr42 HTTP/1.1 and responded: HTTP/1.1 200 OK
Sep 22, 2020 10:54:19 AM okhttp3.mockwebserver.MockWebServer$3 processOneRequest
INFO: MockWebServer[51546] received request: GET /apis/entando.org/v1/namespaces/entando-k8s-controller-coordinator-carcpr42/entandodatabaseservices HTTP/1.1 and responded: HTTP/1.1 200 OK
Sep 22, 2020 10:54:19 AM okhttp3.mockwebserver.MockWebServer$3 processOneRequest
INFO: MockWebServer[51546] received request: POST /apis/entando.org/v1/namespaces/entando-k8s-controller-coordinator-carcpr42/entandodatabaseservices HTTP/1.1 and responded: HTTP/1.1 202 OK
Sep 22, 2020 10:54:19 AM okhttp3.mockwebserver.MockWebServer$3 processOneRequest
INFO: MockWebServer[51546] received request: GET /apis/entando.org/v1/namespaces/entando-k8s-controller-coordinator-carcpr42/entandokeycloakservers?watch=true HTTP/1.1 and responded: HTTP/1.1 200 OK
Sep 22, 2020 10:54:19 AM io.fabric8.kubernetes.client.dsl.internal.WatchHTTPManager$1 onResponse
INFO: Watch terminated unexpectedly. reason: \n not found: limit=46 content=7b2261706956657273696f6e223a227631222c226b696e64223a224c69737422â€¦
Sep 22, 2020 10:54:19 AM org.entando.kubernetes.controller.coordinator.EntandoResourceObserver logAction
INFO: Received ADDED for resource EntandoDatabaseService entando-k8s-controller-coordinator-carcpr42/test-database
Sep 22, 2020 10:54:19 AM io.fabric8.kubernetes.client.dsl.internal.WatchHTTPManager$1 onFailure
INFO: Watch connection failed. reason: e**cutor rejected
Sep 22, 2020 10:54:19 AM okhttp3.mockwebserver.MockWebServer$3 processOneRequest
INFO: MockWebServer[51546] received request: GET /api/v1/namespaces/entando-k8s-controller-coordinator-carcpr42 HTTP/1.1 and responded: HTTP/1.1 200 OK
Sep 22, 2020 10:54:19 AM io.fabric8.kubernetes.client.dsl.internal.WatchHTTPManager$1 onFailure
INFO: Watch connection failed. reason: e**cutor rejected
Sep 22, 2020 10:54:19 AM okhttp3.mockwebserver.MockWebServer$3 processOneRequest
INFO: MockWebServer[51546] received request: GET /apis/entando.org/v1/namespaces/entando-k8s-controller-coordinator-carcpr42/entandocompositeapps?watch=true HTTP/1.1 and responded: HTTP/1.1 200 OK
Sep 22, 2020 10:54:19 AM io.fabric8.kubernetes.client.dsl.internal.WatchHTTPManager$1 onResponse
INFO: Watch terminated unexpectedly. reason: \n not found: limit=46 content=7b2261706956657273696f6e223a227631222c226b696e64223a224c69737422â€¦
Sep 22, 2020 10:54:19 AM okhttp3.mockwebserver.MockWebServer$3 processOneRequest
INFO: MockWebServer[51546] received request: GET /apis/entando.org/v1/namespaces/entando-k8s-controller-coordinator-carcpr42/entandodatabaseservices HTTP/1.1 and responded: HTTP/1.1 200 OK
Sep 22, 2020 10:54:19 AM okhttp3.mockwebserver.MockWebServer$3 processOneRequest
INFO: MockWebServer[51546] received request: GET /api/v1/namespaces/entando-k8s-controller-coordinator-carcpr42/services?labelSelector=EntandoDatabaseService%3Dtest-database HTTP/1.1 and responded: HTTP/1.1 200 OK
Sep 22, 2020 10:54:19 AM okhttp3.mockwebserver.MockWebServer$3 processOneRequest
INFO: MockWebServer[51546] received request: GET /api/v1/namespaces/entando-k8s-controller-coordinator-carcpr42 HTTP/1.1 and responded: HTTP/1.1 200 OK
Sep 22, 2020 10:54:19 AM okhttp3.mockwebserver.MockWebServer$3 processOneRequest
INFO: MockWebServer[51546] received request: GET /apis/entando.org/v1/namespaces/entando-k8s-controller-coordinator-carcpr42/entandodatabaseservices HTTP/1.1 and responded: HTTP/1.1 200 OK
Sep 22, 2020 10:54:20 AM io.fabric8.kubernetes.client.dsl.internal.WatchHTTPManager$1 onFailure
INFO: Watch connection failed. reason: e**cutor rejected
Sep 22, 2020 10:54:20 AM okhttp3.mockwebserver.MockWebServer$3 processOneRequest
INFO: MockWebServer[51546] received request: GET /apis/entando.org/v1/namespaces/entando-k8s-controller-coordinator-carcpr42/entandodatabaseservices/test-database HTTP/1.1 and responded: HTTP/1.1 200 OK
Sep 22, 2020 10:54:20 AM io.fabric8.kubernetes.client.dsl.internal.WatchHTTPManager$1 onResponse
INFO: Watch terminated unexpectedly. reason: \n not found: limit=46 content=7b2261706956657273696f6e223a227631222c226b696e64223a224c69737422â€¦
Sep 22, 2020 10:54:20 AM okhttp3.mockwebserver.MockWebServer$3 processOneRequest
INFO: MockWebServer[51546] received request: GET /api/v1/namespaces/entando-k8s-controller-coordinator-carcpr42/services?labelSelector=EntandoDatabaseService%3Dtest-database HTTP/1.1 and responded: HTTP/1.1 200 OK
Sep 22, 2020 10:54:20 AM okhttp3.mockwebserver.MockWebServer$3 processOneRequest
INFO: MockWebServer[51546] received request: GET /apis/entando.org/v1/namespaces/entando-k8s-controller-coordinator-carcpr42/entandoclusterinfrastructures?watch=true HTTP/1.1 and responded: HTTP/1.1 200 OK
Sep 22, 2020 10:54:20 AM okhttp3.mockwebserver.MockWebServer$3 processOneRequest
INFO: MockWebServer[51546] received request: GET /apis/entando.org/v1/namespaces/entando-k8s-controller-coordinator-carcpr42/entandodatabaseservices/test-database HTTP/1.1 and responded: HTTP/1.1 200 OK
Sep 22, 2020 10:54:20 AM okhttp3.mockwebserver.MockWebServer$3 processOneRequest
INFO: MockWebServer[51546] received request: GET /api/v1/namespaces/entando-k8s-controller-coordinator-carcpr42/services?labelSelector=EntandoDatabaseService%3Dtest-database HTTP/1.1 and responded: HTTP/1.1 200 OK
Sep 22, 2020 10:54:20 AM okhttp3.mockwebserver.MockWebServer$3 processOneRequest
INFO: MockWebServer[51546] received request: GET /apis/entando.org/v1/namespaces/entando-k8s-controller-coordinator-carcpr42/entandodatabaseservices?watch=true HTTP/1.1 and responded: HTTP/1.1 200 OK
Sep 22, 2020 10:54:20 AM io.fabric8.kubernetes.client.dsl.internal.WatchHTTPManager$1 onResponse
INFO: Watch terminated unexpectedly. reason: \n not found: limit=315 content=7b2261706956657273696f6e223a227631222c226b696e64223a224c69737422â€¦
Sep 22, 2020 10:54:20 AM okhttp3.mockwebserver.MockWebServer$3 processOneRequest
INFO: MockWebServer[51546] received request: PATCH /apis/entando.org/v1/namespaces/entando-k8s-controller-coordinator-carcpr42/entandodatabaseservices/test-database HTTP/1.1 and responded: HTTP/1.1 202 OK
Sep 22, 2020 10:54:20 AM okhttp3.mockwebserver.MockWebServer$3 processOneRequest
INFO: MockWebServer[51546] received request: GET /api/v1/namespaces/entando-k8s-controller-coordinator-carcpr42/services/test-database-service HTTP/1.1 and responded: HTTP/1.1 404 Client Error
Sep 22, 2020 10:54:20 AM okhttp3.mockwebserver.MockWebServer$3 processOneRequest
INFO: MockWebServer[51546] received request: GET /api/v1/namespaces/entando-k8s-controller-coordinator-carcpr42/services?labelSelector=EntandoDatabaseService%3Dtest-database HTTP/1.1 and responded: HTTP/1.1 200 OK
Sep 22, 2020 10:54:20 AM io.fabric8.kubernetes.client.dsl.internal.WatchHTTPManager$1 onFailure
INFO: Watch connection failed. reason: e**cutor rejected
Sep 22, 2020 10:54:20 AM okhttp3.mockwebserver.MockWebServer$3 processOneRequest
INFO: MockWebServer[51546] received request: POST /api/v1/namespaces/entando-k8s-controller-coordinator-carcpr42/services HTTP/1.1 and responded: HTTP/1.1 202 OK
Sep 22, 2020 10:54:20 AM okhttp3.mockwebserver.MockWebServer$3 processOneRequest
INFO: MockWebServer[51546] received request: GET /apis/entando.org/v1/namespaces/entando-k8s-controller-coordinator-carcpr42/entandoapps?watch=true HTTP/1.1 and responded: HTTP/1.1 200 OK
Sep 22, 2020 10:54:20 AM io.fabric8.kubernetes.client.dsl.internal.WatchHTTPManager$1 onResponse
INFO: Watch terminated unexpectedly. reason: \n not found: limit=46 content=7b2261706956657273696f6e223a227631222c226b696e64223a224c69737422â€¦
Sep 22, 2020 10:54:20 AM okhttp3.mockwebserver.MockWebServer$3 processOneRequest
INFO: MockWebServer[51546] received request: GET /api/v1/namespaces/entando-k8s-controller-coordinator-carcpr42/services?labelSelector=EntandoDatabaseService%3Dtest-database HTTP/1.1 and responded: HTTP/1.1 200 OK
Sep 22, 2020 10:54:20 AM okhttp3.mockwebserver.MockWebServer$3 processOneRequest
INFO: MockWebServer[51546] received request: GET /apis/entando.org/v1/namespaces/entando-k8s-controller-coordinator-carcpr42/entandodatabaseservices/test-database HTTP/1.1 and responded: HTTP/1.1 200 OK
Sep 22, 2020 10:54:20 AM okhttp3.mockwebserver.MockWebServer$3 processOneRequest
INFO: MockWebServer[51546] received request: GET /api/v1/namespaces/entando-k8s-controller-coordinator-carcpr42/services?labelSelector=EntandoDatabaseService%3Dtest-database HTTP/1.1 and responded: HTTP/1.1 200 OK
Sep 22, 2020 10:54:20 AM io.fabric8.kubernetes.client.dsl.internal.WatchHTTPManager$1 onFailure
INFO: Watch connection failed. reason: e**cutor rejected
Sep 22, 2020 10:54:20 AM okhttp3.mockwebserver.MockWebServer$2 acceptConnections
INFO: MockWebServer[51546] done accepting connections: Socket closed
Sep 22, 2020 10:54:20 AM org.entando.kubernetes.controller.AbstractDbAwareController processAction
SEVERE: Unexpected exception occurred while adding EntandoDatabaseService entando-k8s-controller-coordinator-carcpr42/test-database
io.fabric8.kubernetes.client.KubernetesClientException: Operation: [get]  for kind: [EntandoDatabaseService]  with name: [test-database]  in namespace: [entando-k8s-controller-coordinator-carcpr42]  failed.
	at io.fabric8.kubernetes.client.KubernetesClientException.launderThrowable(KubernetesClientException.java:64)
	at io.fabric8.kubernetes.client.KubernetesClientException.launderThrowable(KubernetesClientException.java:72)
	at io.fabric8.kubernetes.client.dsl.base.BaseOperation.getMandatory(BaseOperation.java:225)
	at io.fabric8.kubernetes.client.dsl.base.BaseOperation.get(BaseOperation.java:168)
	at io.fabric8.kubernetes.client.dsl.base.HasMetadataOperation.patch(HasMetadataOperation.java:121)
	at io.fabric8.kubernetes.client.dsl.base.HasMetadataOperation.lambda$edit$0(HasMetadataOperation.java:47)
	at org.entando.kubernetes.model.externaldatabase.DoneableEntandoDatabaseService.done(DoneableEntandoDatabaseService.java:48)
	at org.entando.kubernetes.model.externaldatabase.DoneableEntandoDatabaseService.done(DoneableEntandoDatabaseService.java:27)
	at org.entando.kubernetes.client.DefaultEntandoResourceClient.updatePhase(DefaultEntandoResourceClient.java:162)
	at org.entando.kubernetes.controller.AbstractDbAwareController.processAction(AbstractDbAwareController.java:148)
	at org.entando.kubernetes.controller.database.EntandoDatabaseServiceController.processEvent(EntandoDatabaseServiceController.java:43)
	at org.entando.kubernetes.controller.coordinator.EntandoResourceObserver.lambda$performCallback$4(EntandoResourceObserver.java:101)
	at java.base/java.util.concurrent.ThreadPoolE**cutor.runWorker(ThreadPoolE**cutor.java:1128)
	at java.base/java.util.concurrent.ThreadPoolE**cutor$Worker.run(ThreadPoolE**cutor.java:628)
	at java.base/java.lang.Thread.run(Thread.java:834)
Caused by: java.io.IOException: Canceled
	at okhttp3.internal.http.RetryAndFollowUpInterceptor.intercept(RetryAndFollowUpInterceptor.java:120)
	at okhttp3.internal.http.RealInterceptorChain.proceed(RealInterceptorChain.java:147)
	at okhttp3.internal.http.RealInterceptorChain.proceed(RealInterceptorChain.java:121)
	at io.fabric8.kubernetes.client.utils.BackwardsCompatibilityInterceptor.intercept(BackwardsCompatibilityInterceptor.java:119)
	at okhttp3.internal.http.RealInterceptorChain.proceed(RealInterceptorChain.java:147)
	at okhttp3.internal.http.RealInterceptorChain.proceed(RealInterceptorChain.java:121)
	at io.fabric8.kubernetes.client.utils.ImpersonatorInterceptor.intercept(ImpersonatorInterceptor.java:68)
	at okhttp3.internal.http.RealInterceptorChain.proceed(RealInterceptorChain.java:147)
	at okhttp3.internal.http.RealInterceptorChain.proceed(RealInterceptorChain.java:121)
	at io.fabric8.kubernetes.client.utils.HttpClientUtils.lambda$createHttpClient$3(HttpClientUtils.java:111)
	at okhttp3.internal.http.RealInterceptorChain.proceed(RealInterceptorChain.java:147)
	at okhttp3.internal.http.RealInterceptorChain.proceed(RealInterceptorChain.java:121)
	at okhttp3.RealCall.getResponseWithInterceptorChain(RealCall.java:254)
	at okhttp3.RealCall.e**cute(RealCall.java:92)
	at io.fabric8.kubernetes.client.dsl.base.OperationSupport.handleResponse(OperationSupport.java:469)
	at io.fabric8.kubernetes.client.dsl.base.OperationSupport.handleResponse(OperationSupport.java:430)
	at io.fabric8.kubernetes.client.dsl.base.OperationSupport.handleGet(OperationSupport.java:395)
	at io.fabric8.kubernetes.client.dsl.base.OperationSupport.handleGet(OperationSupport.java:376)
	at io.fabric8.kubernetes.client.dsl.base.BaseOperation.handleGet(BaseOperation.java:837)
	at io.fabric8.kubernetes.client.dsl.base.BaseOperation.getMandatory(BaseOperation.java:214)
	... 12 more

Sep 22, 2020 10:54:20 AM okhttp3.mockwebserver.MockWebServer$2 e**cute
INFO: MockWebServer[39057] starting to accept connections
Sep 22, 2020 10:54:20 AM okhttp3.mockwebserver.MockWebServer$3 processOneRequest
INFO: MockWebServer[39057] received request: GET /api/v1/namespaces/entando/configmaps/entando-docker-image-info-v6.1 HTTP/1.1 and responded: HTTP/1.1 404 Client Error
Sep 22, 2020 10:54:20 AM okhttp3.mockwebserver.MockWebServer$3 processOneRequest
INFO: MockWebServer[39057] received request: GET /api/v1/namespaces/entando-k8s-controller-coordinator-carcpr42 HTTP/1.1 and responded: HTTP/1.1 404 Client Error
Sep 22, 2020 10:54:20 AM okhttp3.mockwebserver.MockWebServer$3 processOneRequest
INFO: MockWebServer[39057] received request: GET /apis/entando.org/v1/namespaces/default/entandokeycloakservers HTTP/1.1 and responded: HTTP/1.1 200 OK
Sep 22, 2020 10:54:20 AM io.fabric8.kubernetes.client.dsl.internal.WatchHTTPManager$1 onFailure
INFO: Watch connection failed. reason: e**cutor rejected
Sep 22, 2020 10:54:20 AM okhttp3.mockwebserver.MockWebServer$3 processOneRequest
INFO: MockWebServer[39057] received request: GET /api/v1/namespaces/entando-k8s-controller-coordinator-carcpr42 HTTP/1.1 and responded: HTTP/1.1 404 Client Error
Sep 22, 2020 10:54:20 AM io.fabric8.kubernetes.client.dsl.internal.WatchHTTPManager$1 onFailure
INFO: Watch connection failed. reason: e**cutor rejected
Sep 22, 2020 10:54:21 AM okhttp3.mockwebserver.MockWebServer$3 processOneRequest
INFO: MockWebServer[39057] received request: GET /apis/entando.org/v1/namespaces/default/entandokeycloakservers HTTP/1.1 and responded: HTTP/1.1 200 OK
Sep 22, 2020 10:54:21 AM okhttp3.mockwebserver.MockWebServer$3 processOneRequest
INFO: MockWebServer[39057] received request: GET /apis/entando.org/v1/namespaces/entando-k8s-controller-coordinator-carcpr42/entandokeycloakservers HTTP/1.1 and responded: HTTP/1.1 200 OK
Sep 22, 2020 10:54:21 AM io.fabric8.kubernetes.client.dsl.internal.WatchHTTPManager$1 onFailure
INFO: Watch connection failed. reason: e**cutor rejected
Sep 22, 2020 10:54:21 AM okhttp3.mockwebserver.MockWebServer$3 processOneRequest
INFO: MockWebServer[39057] received request: GET /apis/entando.org/v1/namespaces/entando-k8s-controller-coordinator-carcpr42/entandokeycloakservers?watch=true HTTP/1.1 and responded: HTTP/1.1 200 OK
Sep 22, 2020 10:54:21 AM io.fabric8.kubernetes.client.dsl.internal.WatchHTTPManager$1 onFailure
INFO: Watch connection failed. reason: e**cutor rejected
Sep 22, 2020 10:54:21 AM okhttp3.mockwebserver.MockWebServer$3 processOneRequest
INFO: MockWebServer[39057] received request: GET /apis/entando.org/v1/namespaces/entando-k8s-controller-coordinator-carcpr42/entandokeycloakservers?watch=true HTTP/1.1 and responded: HTTP/1.1 200 OK
Sep 22, 2020 10:54:21 AM okhttp3.mockwebserver.MockWebServer$3 processOneRequest
INFO: MockWebServer[39057] received request: GET /api/v1/namespaces/entando-k8s-controller-coordinator-carcpr42 HTTP/1.1 and responded: HTTP/1.1 404 Client Error
Sep 22, 2020 10:54:21 AM okhttp3.mockwebserver.MockWebServer$3 processOneRequest
INFO: MockWebServer[39057] received request: GET /apis/entando.org/v1/namespaces/default/entandoclusterinfrastructures HTTP/1.1 and responded: HTTP/1.1 200 OK
Sep 22, 2020 10:54:21 AM io.fabric8.kubernetes.client.dsl.internal.WatchHTTPManager$1 onResponse
INFO: Watch terminated unexpectedly. reason: \n not found: limit=46 content=7b2261706956657273696f6e223a227631222c226b696e64223a224c69737422â€¦
Sep 22, 2020 10:54:21 AM okhttp3.mockwebserver.MockWebServer$3 processOneRequest
INFO: MockWebServer[39057] received request: GET /api/v1/namespaces/entando-k8s-controller-coordinator-carcpr42 HTTP/1.1 and responded: HTTP/1.1 404 Client Error
Sep 22, 2020 10:54:21 AM okhttp3.mockwebserver.MockWebServer$3 processOneRequest
INFO: MockWebServer[39057] received request: GET /apis/entando.org/v1/namespaces/default/entandoclusterinfrastructures HTTP/1.1 and responded: HTTP/1.1 200 OK
Sep 22, 2020 10:54:21 AM okhttp3.mockwebserver.MockWebServer$3 processOneRequest
INFO: MockWebServer[39057] received request: GET /apis/entando.org/v1/namespaces/entando-k8s-controller-coordinator-carcpr42/entandoclusterinfrastructures HTTP/1.1 and responded: HTTP/1.1 200 OK
Sep 22, 2020 10:54:21 AM okhttp3.mockwebserver.MockWebServer$3 processOneRequest
INFO: MockWebServer[39057] received request: GET /apis/entando.org/v1/namespaces/entando-k8s-controller-coordinator-carcpr42/entandoclusterinfrastructures?watch=true HTTP/1.1 and responded: HTTP/1.1 200 OK
Sep 22, 2020 10:54:21 AM io.fabric8.kubernetes.client.dsl.internal.WatchHTTPManager$1 onFailure
INFO: Watch connection failed. reason: e**cutor rejected
Sep 22, 2020 10:54:21 AM okhttp3.mockwebserver.MockWebServer$3 processOneRequest
INFO: MockWebServer[39057] received request: GET /apis/entando.org/v1/namespaces/entando-k8s-controller-coordinator-carcpr42/entandoclusterinfrastructures?watch=true HTTP/1.1 and responded: HTTP/1.1 200 OK
Sep 22, 2020 10:54:21 AM okhttp3.mockwebserver.MockWebServer$3 processOneRequest
INFO: MockWebServer[39057] received request: GET /api/v1/namespaces/entando-k8s-controller-coordinator-carcpr42 HTTP/1.1 and responded: HTTP/1.1 404 Client Error
Sep 22, 2020 10:54:21 AM io.fabric8.kubernetes.client.dsl.internal.WatchHTTPManager$1 onFailure
INFO: Watch connection failed. reason: e**cutor rejected
Sep 22, 2020 10:54:21 AM io.fabric8.kubernetes.client.dsl.internal.WatchHTTPManager$1 onResponse
INFO: Watch terminated unexpectedly. reason: \n not found: limit=46 content=7b2261706956657273696f6e223a227631222c226b696e64223a224c69737422â€¦
Sep 22, 2020 10:54:21 AM okhttp3.mockwebserver.MockWebServer$3 processOneRequest
INFO: MockWebServer[39057] received request: GET /apis/entando.org/v1/namespaces/default/entandoapps HTTP/1.1 and responded: HTTP/1.1 200 OK
Sep 22, 2020 10:54:21 AM okhttp3.mockwebserver.MockWebServer$3 processOneRequest
INFO: MockWebServer[39057] received request: GET /api/v1/namespaces/entando-k8s-controller-coordinator-carcpr42 HTTP/1.1 and responded: HTTP/1.1 404 Client Error
Sep 22, 2020 10:54:21 AM okhttp3.mockwebserver.MockWebServer$3 processOneRequest
INFO: MockWebServer[39057] received request: GET /apis/entando.org/v1/namespaces/default/entandoapps HTTP/1.1 and responded: HTTP/1.1 200 OK
Sep 22, 2020 10:54:22 AM okhttp3.mockwebserver.MockWebServer$3 processOneRequest
INFO: MockWebServer[39057] received request: GET /apis/entando.org/v1/namespaces/entando-k8s-controller-coordinator-carcpr42/entandoapps HTTP/1.1 and responded: HTTP/1.1 200 OK
Sep 22, 2020 10:54:22 AM okhttp3.mockwebserver.MockWebServer$3 processOneRequest
INFO: MockWebServer[39057] received request: GET /apis/entando.org/v1/namespaces/entando-k8s-controller-coordinator-carcpr42/entandoapps?watch=true HTTP/1.1 and responded: HTTP/1.1 200 OK
Sep 22, 2020 10:54:22 AM okhttp3.mockwebserver.MockWebServer$3 processOneRequest
INFO: MockWebServer[39057] received request: GET /api/v1/namespaces/entando-k8s-controller-coordinator-carcpr42 HTTP/1.1 and responded: HTTP/1.1 404 Client Error
Sep 22, 2020 10:54:22 AM okhttp3.mockwebserver.MockWebServer$3 processOneRequest
INFO: MockWebServer[39057] received request: GET /apis/entando.org/v1/namespaces/entando-k8s-controller-coordinator-carcpr42/entandoapps?watch=true HTTP/1.1 and responded: HTTP/1.1 200 OK
Sep 22, 2020 10:54:22 AM io.fabric8.kubernetes.client.dsl.internal.WatchHTTPManager$1 onFailure
INFO: Watch connection failed. reason: e**cutor rejected
Sep 22, 2020 10:54:22 AM io.fabric8.kubernetes.client.dsl.internal.WatchHTTPManager$1 onResponse
INFO: Watch terminated unexpectedly. reason: \n not found: limit=46 content=7b2261706956657273696f6e223a227631222c226b696e64223a224c69737422â€¦
Sep 22, 2020 10:54:22 AM okhttp3.mockwebserver.MockWebServer$3 processOneRequest
INFO: MockWebServer[39057] received request: GET /apis/entando.org/v1/namespaces/default/entandoplugins HTTP/1.1 and responded: HTTP/1.1 200 OK
Sep 22, 2020 10:54:22 AM okhttp3.mockwebserver.MockWebServer$3 processOneRequest
INFO: MockWebServer[39057] received request: GET /api/v1/namespaces/entando-k8s-controller-coordinator-carcpr42 HTTP/1.1 and responded: HTTP/1.1 404 Client Error
Sep 22, 2020 10:54:22 AM okhttp3.mockwebserver.MockWebServer$3 processOneRequest
INFO: MockWebServer[39057] received request: GET /apis/entando.org/v1/namespaces/default/entandoplugins HTTP/1.1 and responded: HTTP/1.1 200 OK
Sep 22, 2020 10:54:22 AM io.fabric8.kubernetes.client.dsl.internal.WatchHTTPManager$1 onFailure
INFO: Watch connection failed. reason: e**cutor rejected
Sep 22, 2020 10:54:22 AM io.fabric8.kubernetes.client.dsl.internal.WatchHTTPManager$1 onResponse
INFO: Watch terminated unexpectedly. reason: \n not found: limit=46 content=7b2261706956657273696f6e223a227631222c226b696e64223a224c69737422â€¦
Sep 22, 2020 10:54:22 AM okhttp3.mockwebserver.MockWebServer$3 processOneRequest
INFO: MockWebServer[39057] received request: GET /apis/entando.org/v1/namespaces/entando-k8s-controller-coordinator-carcpr42/entandokeycloakservers?watch=true HTTP/1.1 and responded: HTTP/1.1 200 OK
Sep 22, 2020 10:54:22 AM okhttp3.mockwebserver.MockWebServer$3 processOneRequest
INFO: MockWebServer[39057] received request: GET /apis/entando.org/v1/namespaces/entando-k8s-controller-coordinator-carcpr42/entandoplugins HTTP/1.1 and responded: HTTP/1.1 200 OK
Sep 22, 2020 10:54:22 AM okhttp3.mockwebserver.MockWebServer$3 processOneRequest
INFO: MockWebServer[39057] received request: GET /apis/entando.org/v1/namespaces/entando-k8s-controller-coordinator-carcpr42/entandoplugins?watch=true HTTP/1.1 and responded: HTTP/1.1 200 OK
Sep 22, 2020 10:54:22 AM okhttp3.mockwebserver.MockWebServer$3 processOneRequest
INFO: MockWebServer[39057] received request: GET /apis/entando.org/v1/namespaces/entando-k8s-controller-coordinator-carcpr42/entandoplugins?watch=true HTTP/1.1 and responded: HTTP/1.1 200 OK
Sep 22, 2020 10:54:22 AM okhttp3.mockwebserver.MockWebServer$3 processOneRequest
INFO: MockWebServer[39057] received request: GET /api/v1/namespaces/entando-k8s-controller-coordinator-carcpr42 HTTP/1.1 and responded: HTTP/1.1 404 Client Error
Sep 22, 2020 10:54:22 AM io.fabric8.kubernetes.client.dsl.internal.WatchHTTPManager$1 onResponse
INFO: Watch terminated unexpectedly. reason: \n not found: limit=46 content=7b2261706956657273696f6e223a227631222c226b696e64223a224c69737422â€¦
Sep 22, 2020 10:54:22 AM okhttp3.mockwebserver.MockWebServer$3 processOneRequest
INFO: MockWebServer[39057] received request: GET /apis/entando.org/v1/namespaces/default/entandoapppluginlinks HTTP/1.1 and responded: HTTP/1.1 200 OK
Sep 22, 2020 10:54:22 AM okhttp3.mockwebserver.MockWebServer$3 processOneRequest
INFO: MockWebServer[39057] received request: GET /api/v1/namespaces/entando-k8s-controller-coordinator-carcpr42 HTTP/1.1 and responded: HTTP/1.1 404 Client Error
Sep 22, 2020 10:54:22 AM okhttp3.mockwebserver.MockWebServer$3 processOneRequest
INFO: MockWebServer[39057] received request: GET /apis/entando.org/v1/namespaces/default/entandoapppluginlinks HTTP/1.1 and responded: HTTP/1.1 200 OK
Sep 22, 2020 10:54:22 AM io.fabric8.kubernetes.client.dsl.internal.WatchHTTPManager$1 onResponse
INFO: Watch terminated unexpectedly. reason: \n not found: limit=46 content=7b2261706956657273696f6e223a227631222c226b696e64223a224c69737422â€¦
Sep 22, 2020 10:54:22 AM okhttp3.mockwebserver.MockWebServer$3 processOneRequest
INFO: MockWebServer[39057] received request: GET /apis/entando.org/v1/namespaces/entando-k8s-controller-coordinator-carcpr42/entandoclusterinfrastructures?watch=true HTTP/1.1 and responded: HTTP/1.1 200 OK
Sep 22, 2020 10:54:22 AM okhttp3.mockwebserver.MockWebServer$3 processOneRequest
INFO: MockWebServer[39057] received request: GET /apis/entando.org/v1/namespaces/entando-k8s-controller-coordinator-carcpr42/entandoapppluginlinks HTTP/1.1 and responded: HTTP/1.1 200 OK
Sep 22, 2020 10:54:22 AM okhttp3.mockwebserver.MockWebServer$3 processOneRequest
INFO: MockWebServer[39057] received request: GET /apis/entando.org/v1/namespaces/entando-k8s-controller-coordinator-carcpr42/entandoapppluginlinks?watch=true HTTP/1.1 and responded: HTTP/1.1 200 OK
Sep 22, 2020 10:54:22 AM io.fabric8.kubernetes.client.dsl.internal.WatchHTTPManager$1 onFailure
INFO: Watch connection failed. reason: e**cutor rejected
Sep 22, 2020 10:54:23 AM okhttp3.mockwebserver.MockWebServer$3 processOneRequest
INFO: MockWebServer[39057] received request: GET /api/v1/namespaces/entando-k8s-controller-coordinator-carcpr42 HTTP/1.1 and responded: HTTP/1.1 404 Client Error
Sep 22, 2020 10:54:23 AM okhttp3.mockwebserver.MockWebServer$3 processOneRequest
INFO: MockWebServer[39057] received request: GET /apis/entando.org/v1/namespaces/entando-k8s-controller-coordinator-carcpr42/entandoapppluginlinks?watch=true HTTP/1.1 and responded: HTTP/1.1 200 OK
Sep 22, 2020 10:54:23 AM io.fabric8.kubernetes.client.dsl.internal.WatchHTTPManager$1 onResponse
INFO: Watch terminated unexpectedly. reason: \n not found: limit=46 content=7b2261706956657273696f6e223a227631222c226b696e64223a224c69737422â€¦
Sep 22, 2020 10:54:23 AM okhttp3.mockwebserver.MockWebServer$3 processOneRequest
INFO: MockWebServer[39057] received request: GET /apis/entando.org/v1/namespaces/default/entandocompositeapps HTTP/1.1 and responded: HTTP/1.1 200 OK
Sep 22, 2020 10:54:23 AM okhttp3.mockwebserver.MockWebServer$3 processOneRequest
INFO: MockWebServer[39057] received request: GET /api/v1/namespaces/entando-k8s-controller-coordinator-carcpr42 HTTP/1.1 and responded: HTTP/1.1 404 Client Error
Sep 22, 2020 10:54:23 AM okhttp3.mockwebserver.MockWebServer$3 processOneRequest
INFO: MockWebServer[39057] received request: GET /apis/entando.org/v1/namespaces/default/entandocompositeapps HTTP/1.1 and responded: HTTP/1.1 200 OK
Sep 22, 2020 10:54:23 AM okhttp3.mockwebserver.MockWebServer$3 processOneRequest
INFO: MockWebServer[39057] received request: GET /apis/entando.org/v1/namespaces/entando-k8s-controller-coordinator-carcpr42/entandocompositeapps HTTP/1.1 and responded: HTTP/1.1 200 OK
Sep 22, 2020 10:54:23 AM okhttp3.mockwebserver.MockWebServer$3 processOneRequest
INFO: MockWebServer[39057] received request: GET /apis/entando.org/v1/namespaces/entando-k8s-controller-coordinator-carcpr42/entandoapps?watch=true HTTP/1.1 and responded: HTTP/1.1 200 OK
Sep 22, 2020 10:54:23 AM io.fabric8.kubernetes.client.dsl.internal.WatchHTTPManager$1 onResponse
INFO: Watch terminated unexpectedly. reason: \n not found: limit=46 content=7b2261706956657273696f6e223a227631222c226b696e64223a224c69737422â€¦
Sep 22, 2020 10:54:23 AM okhttp3.mockwebserver.MockWebServer$3 processOneRequest
INFO: MockWebServer[39057] received request: GET /apis/entando.org/v1/namespaces/entando-k8s-controller-coordinator-carcpr42/entandocompositeapps?watch=true HTTP/1.1 and responded: HTTP/1.1 200 OK
Sep 22, 2020 10:54:23 AM okhttp3.mockwebserver.MockWebServer$3 processOneRequest
INFO: MockWebServer[39057] received request: GET /apis/entando.org/v1/namespaces/entando-k8s-controller-coordinator-carcpr42/entandocompositeapps?watch=true HTTP/1.1 and responded: HTTP/1.1 200 OK
Sep 22, 2020 10:54:23 AM okhttp3.mockwebserver.MockWebServer$3 processOneRequest
INFO: MockWebServer[39057] received request: GET /api/v1/namespaces/entando-k8s-controller-coordinator-carcpr42 HTTP/1.1 and responded: HTTP/1.1 404 Client Error
Sep 22, 2020 10:54:23 AM okhttp3.mockwebserver.MockWebServer$3 processOneRequest
INFO: MockWebServer[39057] received request: GET /apis/entando.org/v1/namespaces/default/entandodatabaseservices HTTP/1.1 and responded: HTTP/1.1 200 OK
Sep 22, 2020 10:54:23 AM io.fabric8.kubernetes.client.dsl.internal.WatchHTTPManager$1 onResponse
INFO: Watch terminated unexpectedly. reason: \n not found: limit=46 content=7b2261706956657273696f6e223a227631222c226b696e64223a224c69737422â€¦
Sep 22, 2020 10:54:23 AM okhttp3.mockwebserver.MockWebServer$3 processOneRequest
INFO: MockWebServer[39057] received request: GET /api/v1/namespaces/entando-k8s-controller-coordinator-carcpr42 HTTP/1.1 and responded: HTTP/1.1 404 Client Error
Sep 22, 2020 10:54:23 AM okhttp3.mockwebserver.MockWebServer$3 processOneRequest
INFO: MockWebServer[39057] received request: GET /apis/entando.org/v1/namespaces/default/entandodatabaseservices HTTP/1.1 and responded: HTTP/1.1 200 OK
Sep 22, 2020 10:54:23 AM io.fabric8.kubernetes.client.dsl.internal.WatchHTTPManager$1 onFailure
INFO: Watch connection failed. reason: e**cutor rejected
Sep 22, 2020 10:54:23 AM okhttp3.mockwebserver.MockWebServer$3 processOneRequest
INFO: MockWebServer[39057] received request: GET /apis/entando.org/v1/namespaces/entando-k8s-controller-coordinator-carcpr42/entandoplugins?watch=true HTTP/1.1 and responded: HTTP/1.1 200 OK
Sep 22, 2020 10:54:23 AM io.fabric8.kubernetes.client.dsl.internal.WatchHTTPManager$1 onResponse
INFO: Watch terminated unexpectedly. reason: \n not found: limit=46 content=7b2261706956657273696f6e223a227631222c226b696e64223a224c69737422â€¦
Sep 22, 2020 10:54:23 AM okhttp3.mockwebserver.MockWebServer$3 processOneRequest
INFO: MockWebServer[39057] received request: GET /apis/entando.org/v1/namespaces/entando-k8s-controller-coordinator-carcpr42/entandodatabaseservices HTTP/1.1 and responded: HTTP/1.1 200 OK
Sep 22, 2020 10:54:23 AM okhttp3.mockwebserver.MockWebServer$3 processOneRequest
INFO: MockWebServer[39057] received request: GET /apis/entando.org/v1/namespaces/entando-k8s-controller-coordinator-carcpr42/entandodatabaseservices?watch=true HTTP/1.1 and responded: HTTP/1.1 200 OK
Sep 22, 2020 10:54:23 AM okhttp3.mockwebserver.MockWebServer$3 processOneRequest
INFO: MockWebServer[39057] received request: GET /apis/entando.org/v1/namespaces/entando-k8s-controller-coordinator-carcpr42/entandodatabaseservices?watch=true HTTP/1.1 and responded: HTTP/1.1 200 OK
Sep 22, 2020 10:54:23 AM okhttp3.mockwebserver.MockWebServer$3 processOneRequest
INFO: MockWebServer[39057] received request: GET /api/v1/namespaces/entando-k8s-controller-coordinator-carcpr42 HTTP/1.1 and responded: HTTP/1.1 404 Client Error
Sep 22, 2020 10:54:23 AM io.fabric8.kubernetes.client.dsl.internal.WatchHTTPManager$1 onResponse
INFO: Watch terminated unexpectedly. reason: \n not found: limit=46 content=7b2261706956657273696f6e223a227631222c226b696e64223a224c69737422â€¦
Sep 22, 2020 10:54:23 AM okhttp3.mockwebserver.MockWebServer$3 processOneRequest
INFO: MockWebServer[39057] received request: POST /api/v1/namespaces HTTP/1.1 and responded: HTTP/1.1 202 OK
Sep 22, 2020 10:54:24 AM okhttp3.mockwebserver.MockWebServer$3 processOneRequest
INFO: MockWebServer[39057] received request: GET /api/v1/namespaces/entando/configmaps/entando-docker-image-info-v6.1 HTTP/1.1 and responded: HTTP/1.1 404 Client Error
Sep 22, 2020 10:54:24 AM okhttp3.mockwebserver.MockWebServer$3 processOneRequest
INFO: MockWebServer[39057] received request: POST /api/v1/namespaces/entando/configmaps HTTP/1.1 and responded: HTTP/1.1 202 OK
Sep 22, 2020 10:54:24 AM io.fabric8.kubernetes.client.dsl.internal.WatchHTTPManager$1 onFailure
INFO: Watch connection failed. reason: e**cutor rejected
Sep 22, 2020 10:54:24 AM okhttp3.mockwebserver.MockWebServer$3 processOneRequest
INFO: MockWebServer[39057] received request: GET /apis/entando.org/v1/namespaces/entando-k8s-controller-coordinator-carcpr42/entandoapppluginlinks?watch=true HTTP/1.1 and responded: HTTP/1.1 200 OK
Sep 22, 2020 10:54:24 AM io.fabric8.kubernetes.client.dsl.internal.WatchHTTPManager$1 onResponse
INFO: Watch terminated unexpectedly. reason: \n not found: limit=46 content=7b2261706956657273696f6e223a227631222c226b696e64223a224c69737422â€¦
Sep 22, 2020 10:54:24 AM okhttp3.mockwebserver.MockWebServer$3 processOneRequest
INFO: MockWebServer[39057] received request: GET /api/v1/namespaces/entando-k8s-controller-coordinator-carcpr42 HTTP/1.1 and responded: HTTP/1.1 200 OK
Sep 22, 2020 10:54:24 AM okhttp3.mockwebserver.MockWebServer$3 processOneRequest
INFO: MockWebServer[39057] received request: GET /apis/entando.org/v1/namespaces/entando-k8s-controller-coordinator-carcpr42/entandokeycloakservers HTTP/1.1 and responded: HTTP/1.1 200 OK
Sep 22, 2020 10:54:24 AM okhttp3.mockwebserver.MockWebServer$3 processOneRequest
INFO: MockWebServer[39057] received request: GET /api/v1/namespaces/entando-k8s-controller-coordinator-carcpr42 HTTP/1.1 and responded: HTTP/1.1 200 OK
Sep 22, 2020 10:54:24 AM okhttp3.mockwebserver.MockWebServer$3 processOneRequest
INFO: MockWebServer[39057] received request: GET /apis/entando.org/v1/namespaces/entando-k8s-controller-coordinator-carcpr42/entandokeycloakservers HTTP/1.1 and responded: HTTP/1.1 200 OK
Sep 22, 2020 10:54:24 AM okhttp3.mockwebserver.MockWebServer$3 processOneRequest
INFO: MockWebServer[39057] received request: GET /apis/entando.org/v1/namespaces/entando-k8s-controller-coordinator-carcpr42/entandokeycloakservers?watch=true HTTP/1.1 and responded: HTTP/1.1 200 OK
Sep 22, 2020 10:54:24 AM io.fabric8.kubernetes.client.dsl.internal.WatchHTTPManager$1 onResponse
INFO: Watch terminated unexpectedly. reason: \n not found: limit=46 content=7b2261706956657273696f6e223a227631222c226b696e64223a224c69737422â€¦
Sep 22, 2020 10:54:24 AM okhttp3.mockwebserver.MockWebServer$3 processOneRequest
INFO: MockWebServer[39057] received request: POST /apis/entando.org/v1/namespaces/entando-k8s-controller-coordinator-carcpr42/entandokeycloakservers HTTP/1.1 and responded: HTTP/1.1 202 OK
Sep 22, 2020 10:54:24 AM io.fabric8.kubernetes.client.dsl.internal.WatchHTTPManager$1 onFailure
INFO: Watch connection failed. reason: e**cutor rejected
Sep 22, 2020 10:54:24 AM okhttp3.mockwebserver.MockWebServer$3 processOneRequest
INFO: MockWebServer[39057] received request: GET /apis/entando.org/v1/namespaces/entando-k8s-controller-coordinator-carcpr42/entandocompositeapps?watch=true HTTP/1.1 and responded: HTTP/1.1 200 OK
Sep 22, 2020 10:54:24 AM org.entando.kubernetes.controller.coordinator.EntandoResourceObserver logAction
INFO: Received ADDED for resource EntandoKeycloakServer entando-k8s-controller-coordinator-carcpr42/test-keycloak
Sep 22, 2020 10:54:24 AM io.fabric8.kubernetes.client.dsl.internal.WatchHTTPManager$1 onResponse
INFO: Watch terminated unexpectedly. reason: \n not found: limit=46 content=7b2261706956657273696f6e223a227631222c226b696e64223a224c69737422â€¦
Sep 22, 2020 10:54:24 AM okhttp3.mockwebserver.MockWebServer$3 processOneRequest
INFO: MockWebServer[39057] received request: GET /api/v1/namespaces/entando/configmaps/entando-docker-image-info-v6.1 HTTP/1.1 and responded: HTTP/1.1 200 OK
Sep 22, 2020 10:54:24 AM okhttp3.mockwebserver.MockWebServer$3 processOneRequest
INFO: MockWebServer[39057] received request: GET /api/v1/namespaces/entando-k8s-controller-coordinator-carcpr42/pods?labelSelector=EntandoResourceKind%3DEntandoKeycloakServer HTTP/1.1 and responded: HTTP/1.1 200 OK
Sep 22, 2020 10:54:24 AM okhttp3.mockwebserver.MockWebServer$3 processOneRequest
INFO: MockWebServer[39057] received request: GET /api/v1/namespaces/entando-k8s-controller-coordinator-carcpr42/secrets/test-keycloak-controller-ca-cert-secret HTTP/1.1 and responded: HTTP/1.1 404 Client Error
Sep 22, 2020 10:54:24 AM okhttp3.mockwebserver.MockWebServer$3 processOneRequest
INFO: MockWebServer[39057] received request: POST /api/v1/namespaces/entando-k8s-controller-coordinator-carcpr42/secrets HTTP/1.1 and responded: HTTP/1.1 202 OK
Sep 22, 2020 10:54:24 AM okhttp3.mockwebserver.MockWebServer$3 processOneRequest
INFO: MockWebServer[39057] received request: POST /api/v1/namespaces/entando-k8s-controller-coordinator-carcpr42/pods HTTP/1.1 and responded: HTTP/1.1 202 OK
Sep 22, 2020 10:54:24 AM okhttp3.mockwebserver.MockWebServer$3 processOneRequest
INFO: MockWebServer[39057] received request: GET /api/v1/namespaces/entando-k8s-controller-coordinator-carcpr42/pods?labelSelector=EntandoResourceKind%3DEntandoKeycloakServer HTTP/1.1 and responded: HTTP/1.1 200 OK
Sep 22, 2020 10:54:24 AM io.fabric8.kubernetes.client.dsl.internal.WatchHTTPManager$1 onFailure
INFO: Watch connection failed. reason: e**cutor rejected
Sep 22, 2020 10:54:24 AM okhttp3.mockwebserver.MockWebServer$3 processOneRequest
INFO: MockWebServer[39057] received request: GET /apis/entando.org/v1/namespaces/entando-k8s-controller-coordinator-carcpr42/entandoclusterinfrastructures?watch=true HTTP/1.1 and responded: HTTP/1.1 200 OK
Sep 22, 2020 10:54:24 AM io.fabric8.kubernetes.client.dsl.internal.WatchHTTPManager$1 onResponse
INFO: Watch terminated unexpectedly. reason: \n not found: limit=46 content=7b2261706956657273696f6e223a227631222c226b696e64223a224c69737422â€¦
Sep 22, 2020 10:54:24 AM okhttp3.mockwebserver.MockWebServer$3 processOneRequest
INFO: MockWebServer[39057] received request: GET /api/v1/namespaces/entando-k8s-controller-coordinator-carcpr42/pods?labelSelector=EntandoResourceKind%3DEntandoKeycloakServer HTTP/1.1 and responded: HTTP/1.1 200 OK
Sep 22, 2020 10:54:24 AM okhttp3.mockwebserver.MockWebServer$3 processOneRequest
INFO: MockWebServer[39057] received request: GET /apis/entando.org/v1/namespaces/entando-k8s-controller-coordinator-carcpr42/entandodatabaseservices?watch=true HTTP/1.1 and responded: HTTP/1.1 200 OK
Sep 22, 2020 10:54:24 AM okhttp3.mockwebserver.MockWebServer$2 acceptConnections
INFO: MockWebServer[39057] done accepting connections: Socket closed
Sep 22, 2020 10:54:24 AM io.fabric8.kubernetes.client.dsl.internal.WatchHTTPManager$1 onResponse
INFO: Watch terminated unexpectedly. reason: \n not found: limit=46 content=7b2261706956657273696f6e223a227631222c226b696e64223a224c69737422â€¦
[INFO] Tests run: 2, Failures: 0, Errors: 0, Skipped: 0, Time elapsed: 9.2 s - in org.entando.kubernetes.controller.coordinator.inprocesstests.ControllerCoordinatorMockedTest
[INFO] 
[INFO] Results:
[INFO] 
[INFO] Tests run: 12, Failures: 0, Errors: 0, Skipped: 0
[INFO] 
[INFO] 
[INFO] --- maven-jar-plugin:3.2.0:jar (default-jar) @ entando-k8s-controller-coordinator ---
[INFO] Building jar: /workspace/source/target/entando-k8s-controller-coordinator-0.0.0-SNAPSHOT-PR-42-2.jar
[INFO] 
[INFO] --- maven-jar-plugin:3.2.0:test-jar (build-test-jar) @ entando-k8s-controller-coordinator ---
[INFO] Building jar: /workspace/source/target/entando-k8s-controller-coordinator-0.0.0-SNAPSHOT-PR-42-2-tests.jar
[INFO] 
[INFO] --- quarkus-maven-plugin:1.2.0.Final:build (default) @ entando-k8s-controller-coordinator ---
[WARNING] [io.quarkus.creator.curator.Curator] These dependencies are not recommended:
	- jakarta.xml.bind:jakarta.xml.bind-api should be replaced by org.jboss.spec.javax.xml.bind:jboss-jaxb-api_2.3_spec
	- javax.activation:activation should be replaced by com.sun.activation:jakarta.activation
You might end up with two different versions of the same classes or with an artifact you shouldn't have in your classpath.
[INFO] [org.jboss.threads] JBoss Threads version 3.0.0.Final
[WARNING] [io.quarkus.kubernetes.client.deployment.KubernetesClientProcessor] Watcher 'org.entando.kubernetes.controller.coordinator.EntandoResourceObserver' will most likely not work correctly in native mode. Consider specifying the generic type of 'io.fabric8.kubernetes.client.Watcher' that this class handles. See https://quarkus.io/guides/kubernetes-client#note-on-implementing-the-watcher-interface for more details
[WARNING] [io.quarkus.kubernetes.client.deployment.KubernetesClientProcessor] Watcher 'org.entando.kubernetes.controller.coordinator.EntandoDeploymentPhaseWatcher' will most likely not work correctly in native mode. Consider specifying the generic type of 'io.fabric8.kubernetes.client.Watcher' that this class handles. See https://quarkus.io/guides/kubernetes-client#note-on-implementing-the-watcher-interface for more details
[INFO] [io.quarkus.deployment.pkg.steps.JarResultBuildStep] Building thin jar: /workspace/source/target/entando-k8s-controller-coordinator-0.0.0-SNAPSHOT-PR-42-2-runner.jar
[INFO] [io.quarkus.deployment.QuarkusAugmentor] Quarkus augmentation completed in 1646ms
[INFO] 
[INFO] --- maven-surefire-report-plugin:3.0.0-M4:failsafe-report-only (integration-tests) @ entando-k8s-controller-coordinator ---
[INFO] 
[INFO] --- dependency-check-maven:5.3.2:aggregate (default) @ entando-k8s-controller-coordinator ---
[INFO] 

Dependency-Check is an open source tool performing a best effort analysis of 3rd party dependencies; ***** positives and ***** negatives may exist in the analysis performed by the tool. Use of the tool and the reporting provided constitutes acceptance for use in an AS IS condition, and there are NO warranties, implied or otherwise, with regard to the analysis or its use. Any use of the tool and the reporting provided is at the userâ€™s risk. In no event shall the copyright holder or OWASP be held liable for any damages whatsoever arising out of or in connection with the use of this tool, the analysis performed, or the resulting report.


[INFO] Analysis Started
[INFO] Finished Archive Analyzer (0 seconds)
[INFO] Finished File Name Analyzer (0 seconds)
[INFO] Finished Jar Analyzer (0 seconds)
[INFO] Finished Dependency Merging Analyzer (0 seconds)
[INFO] Finished Version Filter Analyzer (0 seconds)
[INFO] Finished Hint Analyzer (0 seconds)
[INFO] Created CPE Index (2 seconds)
[INFO] Finished CPE Analyzer (4 seconds)
[INFO] Finished False Positive Analyzer (0 seconds)
[INFO] Finished NVD CVE Analyzer (0 seconds)
[INFO] Finished Sonatype OSS Index Analyzer (1 seconds)
[INFO] Finished Vulnerability Suppression Analyzer (0 seconds)
[INFO] Finished Dependency Bundling Analyzer (0 seconds)
[INFO] Analysis Complete (8 seconds)
[WARNING] 

One or more dependencies were identified with known vulnerabilities in Entando K8S Controller Coordinator:

snakeyaml-1.23.jar (pkg:maven/org.yaml/snakeyaml@1.23, cpe:2.3:a:snakeyaml_project:snakeyaml:1.23:*:*:*:*:*:*:*) : CVE-2017-18640


See the dependency-check report for more details.


[INFO] 
[INFO] --- jacoco-maven-plugin:0.8.5:report (report) @ entando-k8s-controller-coordinator ---
[INFO] Loading e**cution data file /workspace/source/target/jacoco.e**c
[INFO] Analyzed bundle 'Entando K8S Controller Coordinator' with 4 classes
[INFO] 
[INFO] --- maven-surefire-report-plugin:3.0.0-M4:report-only (unit-tests) @ entando-k8s-controller-coordinator ---
[WARNING] Unable to locate Test Source XRef to link to - DISABLED
[INFO] 
[INFO] --- maven-install-plugin:2.4:install (default-install) @ entando-k8s-controller-coordinator ---
[INFO] Installing /workspace/source/target/entando-k8s-controller-coordinator-0.0.0-SNAPSHOT-PR-42-2.jar to /home/jenkins/.mvnrepository/org/entando/entando-k8s-controller-coordinator/0.0.0-SNAPSHOT-PR-42-2/entando-k8s-controller-coordinator-0.0.0-SNAPSHOT-PR-42-2.jar
[INFO] Installing /workspace/source/pom.xml to /home/jenkins/.mvnrepository/org/entando/entando-k8s-controller-coordinator/0.0.0-SNAPSHOT-PR-42-2/entando-k8s-controller-coordinator-0.0.0-SNAPSHOT-PR-42-2.pom
[INFO] Installing /workspace/source/target/entando-k8s-controller-coordinator-0.0.0-SNAPSHOT-PR-42-2-tests.jar to /home/jenkins/.mvnrepository/org/entando/entando-k8s-controller-coordinator/0.0.0-SNAPSHOT-PR-42-2/entando-k8s-controller-coordinator-0.0.0-SNAPSHOT-PR-42-2-tests.jar
[INFO] 
[INFO] --- maven-site-plugin:3.9.0:site (default-site) @ entando-k8s-controller-coordinator ---
[INFO] configuring report plugin org.apache.maven.plugins:maven-project-info-reports-plugin:3.0.0
[INFO] 9 reports configured for maven-project-info-reports-plugin:3.0.0: dependency-info, distribution-management, index, ci-management, issue-management, licenses, plugins, scm, summary
[INFO] Rendering site with default locale English (en)
[WARNING] Unable to find a URL to the parent project. The parent menu will NOT be added.
[INFO] Relativizing decoration links with respect to localized project URL: https://central.entando.com
[INFO] Rendering content with org.apache.maven.skins:maven-default-skin:jar:1.3 skin.
[INFO] Generating "Dependency Information" report --- maven-project-info-reports-plugin:3.0.0:dependency-info
[INFO] Generating "About" report         --- maven-project-info-reports-plugin:3.0.0:index
[INFO] Generating "Issue Management" report --- maven-project-info-reports-plugin:3.0.0:issue-management
[INFO] Generating "Licenses" report      --- maven-project-info-reports-plugin:3.0.0:licenses
[INFO] Generating "Plugins" report       --- maven-project-info-reports-plugin:3.0.0:plugins
[INFO] Generating "Source Code Management" report --- maven-project-info-reports-plugin:3.0.0:scm
[INFO] Generating "Summary" report       --- maven-project-info-reports-plugin:3.0.0:summary
[INFO] 
[INFO] -----------< org.entando:entando-k8s-controller-coordinator >-----------
[INFO] Building Entando K8S Controller Coordinator 0.0.0-SNAPSHOT-PR-42-2
[INFO] --------------------------------[ jar ]---------------------------------
[INFO] 
[INFO] --- sonar-maven-plugin:3.7.0.1746:sonar (default-cli) @ entando-k8s-controller-coordinator ---
[INFO] User cache: /****/.sonar/cache
[INFO] SonarQube version: 8.0.0
[INFO] Default locale: "en", source code encoding: "UTF-8"
[INFO] Load global settings
[INFO] Load global settings (done) | time=227ms
[INFO] Server id: 1BD809FA-AWHW8ct9-T_TB3XqouNu
[INFO] User cache: /****/.sonar/cache
[INFO] Load/download plugins
[INFO] Load plugins index
[INFO] Load plugins index (done) | time=82ms
[INFO] Load/download plugins (done) | time=22421ms
[INFO] Loaded core extensions: developer-scanner
[INFO] Process project properties
[INFO] E**cute project builders
[INFO] E**cute project builders (done) | time=3ms
[INFO] Project key: entando-k8s_entando-k8s-controller-coordinator
[INFO] Base dir: /workspace/source
[INFO] Working dir: /workspace/source/target/sonar
[INFO] Load project settings for component key: 'entando-k8s_entando-k8s-controller-coordinator'
[INFO] Load project settings for component key: 'entando-k8s_entando-k8s-controller-coordinator' (done) | time=138ms
[INFO] Load project branches
[INFO] Load project branches (done) | time=38ms
[INFO] Check ALM binding of project 'entando-k8s_entando-k8s-controller-coordinator'
[INFO] Detected project binding: BOUND
[INFO] Check ALM binding of project 'entando-k8s_entando-k8s-controller-coordinator' (done) | time=26ms
[INFO] Load project pull requests
[INFO] Load project pull requests (done) | time=30ms
[INFO] Load branch configuration
[INFO] Load branch configuration (done) | time=540ms
[INFO] Load quality profiles
[INFO] Load quality profiles (done) | time=70ms
[INFO] Load active rules
[INFO] Load active rules (done) | time=1499ms
[INFO] Organization key: entando-k8s
[INFO] Pull request 42 for merge into master from ENG-1205_clusterwide_scope
[INFO] SCM collecting changed files in the branch
[WARNING] Exception caught during e**cution of command '[git, config, --******, --edit]' in '/usr/local/git/bin', return code '128', error message 'fatal: Invalid path '/usr/local/git/etc': No such file or directory
'
[INFO] SCM collecting changed files in the branch (done) | time=345ms
[INFO] Indexing files...
[INFO] Project configuration:
[INFO] 12 files inde**d
[INFO] 0 files ignored because of scm ignore settings
[INFO] Quality profile for java: Sonar way
[INFO] Quality profile for xml: Sonar way
[INFO] ------------- Run sensors on module Entando K8S Controller Coordinator
[INFO] Load metrics repository
[INFO] Load metrics repository (done) | time=30ms
WARNING: An illegal reflective access operation has occurred
WARNING: Illegal reflective access by net.sf.cglib.core.ReflectUtils$1 (file:/****/.sonar/cache/a89f1943fc75b65becd9fb4ecab8d913/sonar-tsql-plugin.jar) to method java.lang.ClassLoader.defineClass(java.lang.String,byte[],int,int,java.security.ProtectionDomain)
WARNING: Please consider reporting this to the maintainers of net.sf.cglib.core.ReflectUtils$1
WARNING: Use --illegal-access=warn to enable warnings of further illegal reflective access operations
WARNING: All illegal access operations will be denied in a future release
[INFO] Sensor JavaSquidSensor [java]
[INFO] Configured Java source version (sonar.java.source): 8
[INFO] JavaClasspath initialization
[INFO] JavaClasspath initialization (done) | time=13ms
[INFO] JavaTestClasspath initialization
[INFO] JavaTestClasspath initialization (done) | time=2ms
[INFO] Java Main Files AST scan
[INFO] 4 source files to be analyzed
[INFO] 4/4 source files have been analyzed
[INFO] Java Main Files AST scan (done) | time=4181ms
[INFO] Java Test Files AST scan
[INFO] 7 source files to be analyzed
[INFO] Java Test Files AST scan (done) | time=767ms
[INFO] Java Generated Files AST scan
[INFO] 0 source files to be analyzed
[INFO] Java Generated Files AST scan (done) | time=0ms
[INFO] Sensor JavaSquidSensor [java] (done) | time=5158ms
[INFO] Sensor SonarCSS Rules [cssfamily]
[INFO] No CSS, PHP, HTML or VueJS files are found in the project. CSS analysis is skipped.
[INFO] Sensor SonarCSS Rules [cssfamily] (done) | time=1ms
[INFO] Sensor Import of Checkstyle issues [java]
[INFO] 0/0 source files have been analyzed
[INFO] 7/7 source files have been analyzed
[INFO] Importing /workspace/source/target/checkstyle-result.xml
[INFO] Sensor Import of Checkstyle issues [java] (done) | time=87ms
[INFO] Sensor SurefireSensor [java]
[INFO] parsing [/workspace/source/target/surefire-reports]
[INFO] Sensor SurefireSensor [java] (done) | time=47ms
[INFO] Sensor JavaXmlSensor [java]
[INFO] 1 source files to be analyzed
[INFO] Sensor JavaXmlSensor [java] (done) | time=390ms
[INFO] Sensor HTML [web]
[INFO] 1/1 source files have been analyzed
[INFO] Sensor HTML [web] (done) | time=4ms
[INFO] Sensor XML Sensor [xml]
[INFO] 1 source files to be analyzed
[INFO] Sensor XML Sensor [xml] (done) | time=177ms
[INFO] Sensor JaCoCo XML Report Importer [jacoco]
[INFO] 1/1 source files have been analyzed
[INFO] Importing 1 report(s). Turn your logs in debug mode in order to see the exhaustive list.
[INFO] Sensor JaCoCo XML Report Importer [jacoco] (done) | time=31ms
[INFO] Sensor ThymeLeaf template sensor [securityjavafrontend]
[INFO] Sensor ThymeLeaf template sensor [securityjavafrontend] (done) | time=2ms
[INFO] Sensor JavaSecuritySensor [security]
[INFO] Reading type hierarchy from: /workspace/source/target/sonar/ucfg2/java
[INFO] Read 102 type definitions
[INFO] Reading UCFGs from: /workspace/source/target/sonar/ucfg2/java
[INFO] 10:55:31.102893 Building Type propagation graph
[INFO] 10:55:31.115249 Running Tarjan on 87 nodes
[INFO] 10:55:31.118508 Tarjan found 87 components
[INFO] 10:55:31.123228 Variable type analysis: done
[INFO] 10:55:31.124185 Building Type propagation graph
[INFO] 10:55:31.134629 Running Tarjan on 87 nodes
[INFO] 10:55:31.135694 Tarjan found 87 components
[INFO] 10:55:31.136682 Variable type analysis: done
[INFO] Analyzing 28 ucfgs to detect vulnerabilities.
[INFO] All rules entrypoints : 0 Retained UCFGs : 0
[INFO] rule: S5131, entrypoints: 0
[INFO] rule: S5131 done
[INFO] rule: S3649, entrypoints: 0
[INFO] rule: S3649 done
[INFO] rule: S2076, entrypoints: 0
[INFO] rule: S2076 done
[INFO] rule: S2091, entrypoints: 0
[INFO] rule: S2091 done
[INFO] rule: S2078, entrypoints: 0
[INFO] rule: S2078 done
[INFO] rule: S2631, entrypoints: 0
[INFO] rule: S2631 done
[INFO] rule: S5135, entrypoints: 0
[INFO] rule: S5135 done
[INFO] rule: S2083, entrypoints: 0
[INFO] rule: S2083 done
[INFO] rule: S5167, entrypoints: 0
[INFO] rule: S5167 done
[INFO] rule: S5144, entrypoints: 0
[INFO] rule: S5144 done
[INFO] rule: S5145, entrypoints: 0
[INFO] rule: S5145 done
[INFO] rule: S5146, entrypoints: 0
[INFO] rule: S5146 done
[INFO] rule: S5334, entrypoints: 0
[INFO] rule: S5334 done
[INFO] Sensor JavaSecuritySensor [security] (done) | time=538ms
[INFO] Sensor CSharpSecuritySensor [security]
[INFO] Reading type hierarchy from: /workspace/source/target/ucfg_cs2
[INFO] Read 0 type definitions
[INFO] Reading UCFGs from: /workspace/source/target/ucfg_cs2
[INFO] No UCFGs have been included for analysis.
[INFO] Sensor CSharpSecuritySensor [security] (done) | time=1ms
[INFO] Sensor PhpSecuritySensor [security]
[INFO] Reading type hierarchy from: /workspace/source/target/sonar/ucfg2/php
[INFO] Read 0 type definitions
[INFO] Reading UCFGs from: /workspace/source/target/sonar/ucfg2/php
[INFO] No UCFGs have been included for analysis.
[INFO] Sensor PhpSecuritySensor [security] (done) | time=1ms
[INFO] Sensor PythonSecuritySensor [security]
[INFO] Reading type hierarchy from: /workspace/source/target/sonar/ucfg2/python
[INFO] Read 0 type definitions
[INFO] Reading UCFGs from: /workspace/source/target/sonar/ucfg2/python
[INFO] No UCFGs have been included for analysis.
[INFO] Sensor PythonSecuritySensor [security] (done) | time=1ms
[INFO] ------------- Run sensors on project
[INFO] Sensor Zero Coverage Sensor
[INFO] Sensor Zero Coverage Sensor (done) | time=1ms
[INFO] Sensor Java CPD Block Inde**r
[INFO] Sensor Java CPD Block Inde**r (done) | time=66ms
[INFO] SCM Publisher SCM provider for this project is: git
[INFO] SCM Publisher 2 source files to be analyzed
[INFO] SCM Publisher 1/2 source file have been analyzed (done) | time=169ms
[WARNING] Missing blame information for the following files:
[WARNING]   * pom.xml
[WARNING] This may lead to missing/broken features in SonarCloud
[INFO] CPD E**cutor Calculating CPD for 4 files
[INFO] CPD E**cutor CPD calculation finished (done) | time=26ms
[INFO] SCM writing changed lines
[INFO] SCM writing changed lines (done) | time=63ms
[INFO] Analysis report generated in 245ms, dir size=185 KB
[INFO] Analysis report compressed in 24ms, zip size=45 KB
[INFO] Analysis report uploaded in 157ms
[INFO] ANALYSIS SUCCESSFUL, you can find the results at: https://sonarcloud.io/dashboard?id=entando-k8s_entando-k8s-controller-coordinator&pullRequest=42
[INFO] Note that you will be able to access the updated dashboard once the server has processed the submitted analysis report
[INFO] More about the report processing at https://sonarcloud.io/api/ce/task?id=AXS1dE0JlRfcTCTykflu
[INFO] Analysis total time: 15.063 s
[INFO] ------------------------------------------------------------------------
[INFO] BUILD SUCCESS
[INFO] ------------------------------------------------------------------------
[INFO] Total time:  02:10 min
[INFO] Finished at: 2020-09-22T10:55:32Z
[INFO] ------------------------------------------------------------------------
shallow cloning https://github.com/entando-k8s/devops-results.git branch gh-pages
ran git init in /tmp/jenkins-x-collect527649634
ran git add remote origin https://github.com/entando-k8s/devops-results.git in /tmp/jenkins-x-collect527649634
ran git fetch origin --depth=1 gh-pages in dir /tmp/jenkins-x-collect527649634
Publishing https://raw.githubusercontent.com/entando-k8s/devops-results/gh-pages/entando-k8s-controller-coordinator/PR-42/checkstyle.html
Publishing https://raw.githubusercontent.com/entando-k8s/devops-results/gh-pages/entando-k8s-controller-coordinator/PR-42/checkstyle.rss
Publishing https://raw.githubusercontent.com/entando-k8s/devops-results/gh-pages/entando-k8s-controller-coordinator/PR-42/css/maven-base.css
Publishing https://raw.githubusercontent.com/entando-k8s/devops-results/gh-pages/entando-k8s-controller-coordinator/PR-42/css/maven-theme.css
Publishing https://raw.githubusercontent.com/entando-k8s/devops-results/gh-pages/entando-k8s-controller-coordinator/PR-42/css/print.css
Publishing https://raw.githubusercontent.com/entando-k8s/devops-results/gh-pages/entando-k8s-controller-coordinator/PR-42/css/site.css
Publishing https://raw.githubusercontent.com/entando-k8s/devops-results/gh-pages/entando-k8s-controller-coordinator/PR-42/dependency-check-junit.xml
Publishing https://raw.githubusercontent.com/entando-k8s/devops-results/gh-pages/entando-k8s-controller-coordinator/PR-42/dependency-check-report.html
Publishing https://raw.githubusercontent.com/entando-k8s/devops-results/gh-pages/entando-k8s-controller-coordinator/PR-42/dependency-check-report.xml
Publishing https://raw.githubusercontent.com/entando-k8s/devops-results/gh-pages/entando-k8s-controller-coordinator/PR-42/dependency-info.html
Publishing https://raw.githubusercontent.com/entando-k8s/devops-results/gh-pages/entando-k8s-controller-coordinator/PR-42/images/collapsed.gif
Publishing https://raw.githubusercontent.com/entando-k8s/devops-results/gh-pages/entando-k8s-controller-coordinator/PR-42/images/expanded.gif
Publishing https://raw.githubusercontent.com/entando-k8s/devops-results/gh-pages/entando-k8s-controller-coordinator/PR-42/images/external.png
Publishing https://raw.githubusercontent.com/entando-k8s/devops-results/gh-pages/entando-k8s-controller-coordinator/PR-42/images/icon_error_sml.gif
Publishing https://raw.githubusercontent.com/entando-k8s/devops-results/gh-pages/entando-k8s-controller-coordinator/PR-42/images/icon_info_sml.gif
Publishing https://raw.githubusercontent.com/entando-k8s/devops-results/gh-pages/entando-k8s-controller-coordinator/PR-42/images/icon_success_sml.gif
Publishing https://raw.githubusercontent.com/entando-k8s/devops-results/gh-pages/entando-k8s-controller-coordinator/PR-42/images/icon_warning_sml.gif
Publishing https://raw.githubusercontent.com/entando-k8s/devops-results/gh-pages/entando-k8s-controller-coordinator/PR-42/images/logos/build-by-maven-black.png
Publishing https://raw.githubusercontent.com/entando-k8s/devops-results/gh-pages/entando-k8s-controller-coordinator/PR-42/images/logos/build-by-maven-white.png
Publishing https://raw.githubusercontent.com/entando-k8s/devops-results/gh-pages/entando-k8s-controller-coordinator/PR-42/images/logos/maven-feather.png
Publishing https://raw.githubusercontent.com/entando-k8s/devops-results/gh-pages/entando-k8s-controller-coordinator/PR-42/images/newwindow.png
Publishing https://raw.githubusercontent.com/entando-k8s/devops-results/gh-pages/entando-k8s-controller-coordinator/PR-42/images/rss.png
Publishing https://raw.githubusercontent.com/entando-k8s/devops-results/gh-pages/entando-k8s-controller-coordinator/PR-42/index.html
Publishing https://raw.githubusercontent.com/entando-k8s/devops-results/gh-pages/entando-k8s-controller-coordinator/PR-42/issue-management.html
Publishing https://raw.githubusercontent.com/entando-k8s/devops-results/gh-pages/entando-k8s-controller-coordinator/PR-42/jacoco/index.html
Publishing https://raw.githubusercontent.com/entando-k8s/devops-results/gh-pages/entando-k8s-controller-coordinator/PR-42/jacoco/jacoco-resources/branchfc.gif
Publishing https://raw.githubusercontent.com/entando-k8s/devops-results/gh-pages/entando-k8s-controller-coordinator/PR-42/jacoco/jacoco-resources/branchnc.gif
Publishing https://raw.githubusercontent.com/entando-k8s/devops-results/gh-pages/entando-k8s-controller-coordinator/PR-42/jacoco/jacoco-resources/branchpc.gif
Publishing https://raw.githubusercontent.com/entando-k8s/devops-results/gh-pages/entando-k8s-controller-coordinator/PR-42/jacoco/jacoco-resources/bundle.gif
Publishing https://raw.githubusercontent.com/entando-k8s/devops-results/gh-pages/entando-k8s-controller-coordinator/PR-42/jacoco/jacoco-resources/class.gif
Publishing https://raw.githubusercontent.com/entando-k8s/devops-results/gh-pages/entando-k8s-controller-coordinator/PR-42/jacoco/jacoco-resources/down.gif
Publishing https://raw.githubusercontent.com/entando-k8s/devops-results/gh-pages/entando-k8s-controller-coordinator/PR-42/jacoco/jacoco-resources/greenbar.gif
Publishing https://raw.githubusercontent.com/entando-k8s/devops-results/gh-pages/entando-k8s-controller-coordinator/PR-42/jacoco/jacoco-resources/group.gif
Publishing https://raw.githubusercontent.com/entando-k8s/devops-results/gh-pages/entando-k8s-controller-coordinator/PR-42/jacoco/jacoco-resources/method.gif
Publishing https://raw.githubusercontent.com/entando-k8s/devops-results/gh-pages/entando-k8s-controller-coordinator/PR-42/jacoco/jacoco-resources/package.gif
Publishing https://raw.githubusercontent.com/entando-k8s/devops-results/gh-pages/entando-k8s-controller-coordinator/PR-42/jacoco/jacoco-resources/prettify.css
Publishing https://raw.githubusercontent.com/entando-k8s/devops-results/gh-pages/entando-k8s-controller-coordinator/PR-42/jacoco/jacoco-resources/prettify.js
Publishing https://raw.githubusercontent.com/entando-k8s/devops-results/gh-pages/entando-k8s-controller-coordinator/PR-42/jacoco/jacoco-resources/redbar.gif
Publishing https://raw.githubusercontent.com/entando-k8s/devops-results/gh-pages/entando-k8s-controller-coordinator/PR-42/jacoco/jacoco-resources/report.css
Publishing https://raw.githubusercontent.com/entando-k8s/devops-results/gh-pages/entando-k8s-controller-coordinator/PR-42/jacoco/jacoco-resources/report.gif
Publishing https://raw.githubusercontent.com/entando-k8s/devops-results/gh-pages/entando-k8s-controller-coordinator/PR-42/jacoco/jacoco-resources/session.gif
Publishing https://raw.githubusercontent.com/entando-k8s/devops-results/gh-pages/entando-k8s-controller-coordinator/PR-42/jacoco/jacoco-resources/sort.gif
Publishing https://raw.githubusercontent.com/entando-k8s/devops-results/gh-pages/entando-k8s-controller-coordinator/PR-42/jacoco/jacoco-resources/sort.js
Publishing https://raw.githubusercontent.com/entando-k8s/devops-results/gh-pages/entando-k8s-controller-coordinator/PR-42/jacoco/jacoco-resources/source.gif
Publishing https://raw.githubusercontent.com/entando-k8s/devops-results/gh-pages/entando-k8s-controller-coordinator/PR-42/jacoco/jacoco-resources/up.gif
Publishing https://raw.githubusercontent.com/entando-k8s/devops-results/gh-pages/entando-k8s-controller-coordinator/PR-42/jacoco/jacoco-sessions.html
Publishing https://raw.githubusercontent.com/entando-k8s/devops-results/gh-pages/entando-k8s-controller-coordinator/PR-42/jacoco/jacoco.csv
Publishing https://raw.githubusercontent.com/entando-k8s/devops-results/gh-pages/entando-k8s-controller-coordinator/PR-42/jacoco/jacoco.xml
Publishing https://raw.githubusercontent.com/entando-k8s/devops-results/gh-pages/entando-k8s-controller-coordinator/PR-42/jacoco/org.entando.kubernetes.controller.coordinator/EntandoControllerCoordinator.html
Publishing https://raw.githubusercontent.com/entando-k8s/devops-results/gh-pages/entando-k8s-controller-coordinator/PR-42/jacoco/org.entando.kubernetes.controller.coordinator/EntandoControllerCoordinator.java.html
Publishing https://raw.githubusercontent.com/entando-k8s/devops-results/gh-pages/entando-k8s-controller-coordinator/PR-42/jacoco/org.entando.kubernetes.controller.coordinator/EntandoDeploymentPhaseWatcher.html
Publishing https://raw.githubusercontent.com/entando-k8s/devops-results/gh-pages/entando-k8s-controller-coordinator/PR-42/jacoco/org.entando.kubernetes.controller.coordinator/EntandoDeploymentPhaseWatcher.java.html
Publishing https://raw.githubusercontent.com/entando-k8s/devops-results/gh-pages/entando-k8s-controller-coordinator/PR-42/jacoco/org.entando.kubernetes.controller.coordinator/EntandoOperatorMatcher.html
Publishing https://raw.githubusercontent.com/entando-k8s/devops-results/gh-pages/entando-k8s-controller-coordinator/PR-42/jacoco/org.entando.kubernetes.controller.coordinator/EntandoOperatorMatcher.java.html
Publishing https://raw.githubusercontent.com/entando-k8s/devops-results/gh-pages/entando-k8s-controller-coordinator/PR-42/jacoco/org.entando.kubernetes.controller.coordinator/EntandoResourceObserver.html
Publishing https://raw.githubusercontent.com/entando-k8s/devops-results/gh-pages/entando-k8s-controller-coordinator/PR-42/jacoco/org.entando.kubernetes.controller.coordinator/EntandoResourceObserver.java.html
Publishing https://raw.githubusercontent.com/entando-k8s/devops-results/gh-pages/entando-k8s-controller-coordinator/PR-42/jacoco/org.entando.kubernetes.controller.coordinator/index.html
Publishing https://raw.githubusercontent.com/entando-k8s/devops-results/gh-pages/entando-k8s-controller-coordinator/PR-42/jacoco/org.entando.kubernetes.controller.coordinator/index.source.html
Publishing https://raw.githubusercontent.com/entando-k8s/devops-results/gh-pages/entando-k8s-controller-coordinator/PR-42/licenses.html
Publishing https://raw.githubusercontent.com/entando-k8s/devops-results/gh-pages/entando-k8s-controller-coordinator/PR-42/plugins.html
Publishing https://raw.githubusercontent.com/entando-k8s/devops-results/gh-pages/entando-k8s-controller-coordinator/PR-42/project-info.html
Publishing https://raw.githubusercontent.com/entando-k8s/devops-results/gh-pages/entando-k8s-controller-coordinator/PR-42/scm.html
Publishing https://raw.githubusercontent.com/entando-k8s/devops-results/gh-pages/entando-k8s-controller-coordinator/PR-42/summary.html
Publishing https://raw.githubusercontent.com/entando-k8s/devops-results/gh-pages/entando-k8s-controller-coordinator/PR-42/surefire-report.html
error: failed to collect patterns target/site/* to path entando-k8s-controller-coordinator/PR-42: Have you set up a git credential helper? See https://help.github.com/articles/caching-your-github-password-in-git/
: git output: To https://github.com/entando-k8s/devops-results.git
 ! [rejected]          gh-pages -> gh-pages (fetch first)
error: failed to push some refs to 'https://github.com/entando-k8s/devops-results.git'
hint: Updates were rejected because the remote contains work that you do
hint: not have locally. This is usually caused by another repository pushing
hint: to the same ref. You may want to first integrate the remote changes
hint: (e.g., 'git pull ...') before pushing again.
hint: See the 'Note about fast-forwards' in 'git push --help' for details.: failed to run 'git push origin gh-pages' command in directory '/tmp/jenkins-x-collect527649634', output: 'To https://github.com/entando-k8s/devops-results.git
 ! [rejected]          gh-pages -> gh-pages (fetch first)
error: failed to push some refs to 'https://github.com/entando-k8s/devops-results.git'
hint: Updates were rejected because the remote contains work that you do
hint: not have locally. This is usually caused by another repository pushing
hint: to the same ref. You may want to first integrate the remote changes
hint: (e.g., 'git pull ...') before pushing again.
hint: See the 'Note about fast-forwards' in 'git push --help' for details.'
  % Total    % Received % Xferd  Average Speed   Time    Time     Time  Current
                                 Dload  Upload   Total   Spent    Left  Speed
  0     0    0     0    0     0      0      0 --:--:-- --:--:-- --:--:--     0 11  1891    0     0  100   226      0    384 --:--:-- --:--:-- --:--:--   385100  1891  100  1665  100   226   2834    384 --:--:-- --:--:-- --:--:--  2831
{
  "url": "https://api.github.com/repos/entando-k8s/entando-k8s-controller-coordinator/statuses/5ddf623f0281569d4b8b73e3f407ca246946b692",
  "avatar_url": "https://avatars2.githubusercontent.com/u/57885396?v=4",
  "id": 10831798917,
  "node_id": "MDEzOlN0YXR1c0NvbnRleHQxMDgzMTc5ODkxNw==",
  "state": "success",
  "description": "Pre-deployment tests success!",
  "target_url": "https://entando-k8s.github.io/devops-results/entando-k8s-controller-coordinator/PR-42/surefire-report.html",
  "context": "Pre-deployment tests",
  "created_at": "2020-09-22T10:57:42Z",
  "updated_at": "2020-09-22T10:57:42Z",
  "creator": {
    "login": "**********",
    "id": 57885396,
    "node_id": "MDQ6VXNlcjU3ODg1Mzk2",
    "avatar_url": "https://avatars2.githubusercontent.com/u/57885396?v=4",
    "gravatar_id": "",
    "url": "https://api.github.com/users/**********",
    "html_url": "https://github.com/**********",
    "followers_url": "https://api.github.com/users/**********/followers",
    "following_url": "https://api.github.com/users/**********/following{/other_user}",
    "gists_url": "https://api.github.com/users/**********/gists{/gist_id}",
    "starred_url": "https://api.github.com/users/**********/starred{/owner}{/repo}",
    "subscriptions_url": "https://api.github.com/users/entando-**/subscriptions",
    "organizations_url": "https://api.github.com/users/**********/orgs",
    "repos_url": "https://api.github.com/users/**********/repos",
    "events_url": "https://api.github.com/users/**********/events{/privacy}",
    "received_events_url": "https://api.github.com/users/**********/received_events",
    "type": "User",
    "site_*****": *****
  }
}
  % Total    % Received % Xferd  Average Speed   Time    Time     Time  Current
                                 Dload  Upload   Total   Spent    Left  Speed
{
  "url": "https://api.github.com/repos/entando-k8s/entando-k8s-controller-coordinator/statuses/5ddf623f0281569d4b8b73e3f407ca246946b692",
  "avatar_url": "https://avatars2.githubusercontent.com/u/57885396?v=4",
  "id": 10831798990,
  "node_id": "MDEzOlN0YXR1c0NvbnRleHQxMDgzMTc5ODk5MA==",
  "state": "success",
  "description": "Checkstyle success!",
  "target_url": "https://entando-k8s.github.io/devops-results/entando-k8s-controller-coordinator/PR-42/checkstyle.html",
  "context": "Checkstyle",
  "created_at": "2020-09-22T10:57:43Z",
  "updated_at": "2020-09-22T10:57:43Z",
  "creator": {
    "login": "entando-**",
    "id": 57885396,
    "node_id": "MDQ6VXNlcjU3ODg1Mzk2",
    "avatar_url": "https://avatars2.githubusercontent.com/u/57885396?v=4",
    "gravatar_id": "",
    "url": "https://api.github.com/users/**********",
    "html_url": "https://github.com/**********",
    "followers_url": "https://api.github.com/users/**********/followers",
    "following_url": "https://api.github.com/users/**********/following{/other_user}",
    "gists_url": "https://api.github.com/users/**********/gists{/gist_id}",
    "starred_url": "https://api.github.com/users/**********/starred{/owner}{/repo}",
    "subscriptions_url": "https://api.github.com/users/**********/subscriptions",
    "organizations_url": "https://api.github.com/users/**********/orgs",
    "repos_url": "https://api.github.com/users/**********/repos",
    "events_url": "https://api.github.com/users/**********/events{/privacy}",
    "received_events_url": "https://api.github.com/users/**********/received_events",
    "type": "User",
    "site_*****": *****
  }
}
  0     0    0     0    0     0      0      0 --:--:-- --:--:-- --:--:--     0100  1841  100  1640  100   201   2629    322 --:--:-- --:--:-- --:--:--  2645
OWASP has found dependencies with vulnerabilities for entando-k8s-controller-coordinator-PR-42.
  % Total    % Received % Xferd  Average Speed   Time    Time     Time  Current
                                 Dload  Upload   Total   Spent    Left  Speed
  0     0    0     0    0     0      0      0 --:--:-- --:--:-- --:--:--     0  0     0    0     0    0     0      0      0 --:--:-- --:--:-- --:--:--     0100  1863  100  1651  100   212   2620    336 --:--:-- --:--:-- --:--:--  2620
{
  "url": "https://api.github.com/repos/entando-k8s/entando-k8s-controller-coordinator/statuses/5ddf623f0281569d4b8b73e3f407ca246946b692",
  "avatar_url": "https://avatars2.githubusercontent.com/u/57885396?v=4",
  "id": 10831799095,
  "node_id": "MDEzOlN0YXR1c0NvbnRleHQxMDgzMTc5OTA5NQ==",
  "state": "failure",
  "description": "OWASP CVE failure!",
  "target_url": "https://entando-k8s.github.io/devops-results/entando-k8s-controller-coordinator/PR-42/dependency-check-report.html",
  "context": "OWASP CVE",
  "created_at": "2020-09-22T10:57:43Z",
  "updated_at": "2020-09-22T10:57:43Z",
  "creator": {
    "login": "**********",
    "id": 57885396,
    "node_id": "MDQ6VXNlcjU3ODg1Mzk2",
    "avatar_url": "https://avatars2.githubusercontent.com/u/57885396?v=4",
    "gravatar_id": "",
    "url": "https://api.github.com/users/**********",
    "html_url": "https://github.com/**********",
    "followers_url": "https://api.github.com/users/**********/followers",
    "following_url": "https://api.github.com/users/**********/following{/other_user}",
    "gists_url": "https://api.github.com/users/**********/gists{/gist_id}",
    "starred_url": "https://api.github.com/users/**********/starred{/owner}{/repo}",
    "subscriptions_url": "https://api.github.com/users/entando-**/subscriptions",
    "organizations_url": "https://api.github.com/users/**********/orgs",
    "repos_url": "https://api.github.com/users/**********/repos",
    "events_url": "https://api.github.com/users/**********/events{/privacy}",
    "received_events_url": "https://api.github.com/users/**********/received_events",
    "type": "User",
    "site_*****": *****
  }
}
The following checks failed: for entando-k8s-controller-coordinator-PR-42 : OWASP Maven Dependency Check; 
[31m
Pipeline failed on stage 'from-build-pack' : container 'step-build-mvn-verify-pr'. The execution of the pipeline has stopped.[0m
