
Showing logs for build [32mentando-k8s-entando-k8s-control-4k87h-1[0m stage [32mfrom-build-pack[0m and container [32mstep-credential-initializer-mlhkr[0m
{"level":"warn","ts":1599478206.6695175,"logger":"fallback-logger","caller":"logging/config.go:69","msg":"Fetch GitHub commit ID from kodata failed: \"ref: refs/heads/0.8.0-**-support-backwards-incompats\" is not a valid GitHub commit ID"}
{"level":"info","ts":1599478206.6717124,"logger":"fallback-logger","caller":"creds-init/main.go:40","msg":"Credentials initialized."}

Showing logs for build [32mentando-k8s-entando-k8s-control-4k87h-1[0m stage [32mfrom-build-pack[0m and container [32mstep-working-dir-initializer-pklmp[0m
{"level":"warn","ts":1599478207.9719055,"logger":"fallback-logger","caller":"logging/config.go:69","msg":"Fetch GitHub commit ID from kodata failed: open /var/run/ko/HEAD: no such file or directory"}
{"level":"info","ts":1599478207.9772696,"logger":"fallback-logger","caller":"bash/main.go:64","msg":"Successfully e**cuted command \"sh -c mkdir -p /workspace/source\"; output "}

Showing logs for build [32mentando-k8s-entando-k8s-control-4k87h-1[0m stage [32mfrom-build-pack[0m and container [32mstep-place-tools[0m

Showing logs for build [32mentando-k8s-entando-k8s-control-4k87h-1[0m stage [32mfrom-build-pack[0m and container [32mstep-git-source-entando-k8s-entando-k8s-control-p8wwd[0m
{"level":"warn","ts":1599478239.4806013,"logger":"fallback-logger","caller":"logging/config.go:69","msg":"Fetch GitHub commit ID from kodata failed: \"ref: refs/heads/0.8.0-**-support-backwards-incompats\" is not a valid GitHub commit ID"}
{"level":"info","ts":1599478240.895557,"logger":"fallback-logger","caller":"git/git.go:103","msg":"Successfully cloned https://github.com/entando-k8s/entando-k8s-controller-coordinator.git @ master in path /workspace/source"}

Showing logs for build [32mentando-k8s-entando-k8s-control-4k87h-1[0m stage [32mfrom-build-pack[0m and container [32mstep-git-merge[0m
Using SHAs from PULL_REFS=master:c0307be15f35fe4f614b3b8f39149f7a85e1a4aa,41:61487f6e404e0029aa6ebcba24d64c67f04d6c40
DEBUG: ran git fetch --unshallow origin 61487f6e404e0029aa6ebcba24d64c67f04d6c40: c0307be15f35fe4f614b3b8f39149f7a85e1a4aa: in 
DEBUG: ran git checkout master in 
DEBUG: ran git reset --hard c0307be15f35fe4f614b3b8f39149f7a85e1a4aa in 
DEBUG: ran clean --force -d . in 
DEBUG: ran git merge 61487f6e404e0029aa6ebcba24d64c67f04d6c40 in 
Merged SHA 61487f6e404e0029aa6ebcba24d64c67f04d6c40 with commit message 'ENG-1205 commit after merge' into base branch master
Merged SHA 8c50580147939e699bb8cf0a7d3ce7dc2e75b1be with commit message 'ENG-1205 implemented initial support for cluster wide observation' into base branch master

Showing logs for build [32mentando-k8s-entando-k8s-control-4k87h-1[0m stage [32mfrom-build-pack[0m and container [32mstep-build-set-version[0m
Picked up _JAVA_OPTIONS: -XX:+UnlockExperimentalVMOptions -Dsun.zip.disableMemoryMapping=true -XX:+UseParallelGC -XX:MinHeapFreeRatio=5 -XX:MaxHeapFreeRatio=10 -XX:GCTimeRatio=4 -XX:AdaptiveSizePolicyWeight=90 -Xms1000m -Xmx12000m
[INFO] Scanning for projects...
[INFO] 
[INFO] -----------< org.entando:entando-k8s-controller-coordinator >-----------
[INFO] Building Entando K8S Controller Coordinator 6.2.0-SNAPSHOT
[INFO] --------------------------------[ jar ]---------------------------------
[INFO] 
[INFO] --- versions-maven-plugin:2.8.1:set (default-cli) @ entando-k8s-controller-coordinator ---
[INFO] Local aggregation ****: /workspace/source
[INFO] Processing change of org.entando:entando-k8s-controller-coordinator:6.2.0-SNAPSHOT -> 0.0.0-SNAPSHOT-PR-41-1
[INFO] Processing org.entando:entando-k8s-controller-coordinator
[INFO]     Updating project org.entando:entando-k8s-controller-coordinator
[INFO]         from version 6.2.0-SNAPSHOT to 0.0.0-SNAPSHOT-PR-41-1
[INFO] 
[INFO] ------------------------------------------------------------------------
[INFO] BUILD SUCCESS
[INFO] ------------------------------------------------------------------------
[INFO] Total time:  9.889 s
[INFO] Finished at: 2020-09-07T11:30:57Z
[INFO] ------------------------------------------------------------------------

Showing logs for build [32mentando-k8s-entando-k8s-control-4k87h-1[0m stage [32mfrom-build-pack[0m and container [32mstep-build-fix-git-for-sonar[0m
Switched to a new branch 'PR-41'
M	pom.xml
Deleted branch master (was 61487f6).
From https://github.com/entando-k8s/entando-k8s-controller-coordinator
 * [new branch]      master                  -> master
 * [new tag]         Entando6.2.1-pre-test01 -> Entando6.2.1-pre-test01

Showing logs for build [32mentando-k8s-entando-k8s-control-4k87h-1[0m stage [32mfrom-build-pack[0m and container [32mstep-build-mvn-verify-pr[0m
  % Total    % Received % Xferd  Average Speed   Time    Time     Time  Current
                                 Dload  Upload   Total   Spent    Left  Speed
{
  "url": "https://api.github.com/repos/entando-k8s/entando-k8s-controller-coordinator/statuses/61487f6e404e0029aa6ebcba24d64c67f04d6c40",
  "avatar_url": "https://avatars2.githubusercontent.com/u/57885396?v=4",
  0     0    0     0    0     0      0      0 --:--:-- --:--:-- --:--:--     0 11  1891    0     0  100   226      0    255 --:--:-- --:--:-- --:--:--   255100  1891  100  1665  100   226   1880    255 --:--:-- --:--:-- --:--:--  1879
  "id": 10692148848,
  "node_id": "MDEzOlN0YXR1c0NvbnRleHQxMDY5MjE0ODg0OA==",
  "state": "pending",
  "description": "Pre-deployment tests pending!",
  "target_url": "https://entando-k8s.github.io/devops-results/entando-k8s-controller-coordinator/PR-41/surefire-report.html",
  "context": "Pre-deployment tests",
  "created_at": "2020-09-07T11:30:59Z",
  "updated_at": "2020-09-07T11:30:59Z",
  "creator": {
    "login": "**********",
    "id": 57885396,
    "node_id": "MDQ6VXNlcjU3ODg1Mzk2",
    "avatar_url": "https://avatars2.githubusercontent.com/u/57885396?v=4",
    "gravatar_id": "",
    "url": "https://api.github.com/users/**********",
    "html_url": "https://github.com/entando-**",
    "followers_url": "https://api.github.com/users/**********/followers",
    "following_url": "https://api.github.com/users/entando-**/following{/other_user}",
    "gists_url": "https://api.github.com/users/**********/gists{/gist_id}",
    "starred_url": "https://api.github.com/users/entando-**/starred{/owner}{/repo}",
    "subscriptions_url": "https://api.github.com/users/**********/subscriptions",
    "organizations_url": "https://api.github.com/users/**********/orgs",
    "repos_url": "https://api.github.com/users/**********/repos",
    "events_url": "https://api.github.com/users/**********/events{/privacy}",
    "received_events_url": "https://api.github.com/users/**********/received_events",
    "type": "User",
    "site_*****": false
  }
}
  % Total    % Received % Xferd  Average Speed   Time    Time     Time  Current
                                 Dload  Upload   Total   Spent    Left  Speed
{
  "url": "https://api.github.com/repos/entando-k8s/entando-k8s-controller-coordinator/statuses/61487f6e404e0029aa6ebcba24d64c67f04d6c40",
  "avatar_url": "https://avatars2.githubusercontent.com/u/57885396?v=4",
  "id": 10692148935,
  "node_id": "MDEzOlN0YXR1c0NvbnRleHQxMDY5MjE0ODkzNQ==",
  "state": "pending",
  "description": "Post-deployment tests pending!",
  "target_url": "https://entando-k8s.github.io/devops-results/entando-k8s-controller-coordinator/PR-41/failsafe-report.html",
  "context": "Post-deployment tests",
  "created_at": "2020-09-07T11:31:00Z",
  "updated_at": "2020-09-07T11:31:00Z",
  "creator": {
    "login": "entando-**",
    "id": 57885396,
    "node_id": "MDQ6VXNlcjU3ODg1Mzk2",
    "avatar_url": "https://avatars2.githubusercontent.com/u/57885396?v=4",
    "gravatar_id": "",
    "url": "https://api.github.com/users/**********",
    "html_url": "https://github.com/**********",
    "followers_url": "https://api.github.com/users/entando-**/followers",
    "following_url": "https://api.github.com/users/entando-**/following{/other_user}",
    "gists_url": "https://api.github.com/users/entando-**/gists{/gist_id}",
    "starred_url": "https://api.github.com/users/entando-**/starred{/owner}{/repo}",
    "subscriptions_url": "https://api.github.com/users/**********/subscriptions",
    "organizations_url": "https://api.github.com/users/**********/orgs",
    "repos_url": "https://api.github.com/users/entando-**/repos",
    "events_url": "https://api.github.com/users/entando-**/events{/privacy}",
    "received_events_url": "https://api.github.com/users/**********/received_events",
    "type": "User",
    "site_*****": false
  }
}
  0     0    0     0    0     0      0      0 --:--:-- --:--:-- --:--:--     0100  1895  100  1667  100   228   2644    361 --:--:-- --:--:-- --:--:--  2646
  % Total    % Received % Xferd  Average Speed   Time    Time     Time  Current
                                 Dload  Upload   Total   Spent    Left  Speed
{
  "url": "https://api.github.com/repos/entando-k8s/entando-k8s-controller-coordinator/statuses/61487f6e404e0029aa6ebcba24d64c67f04d6c40",
  "avatar_url": "https://avatars2.githubusercontent.com/u/57885396?v=4",
  "id": 10692149041,
  "node_id": "MDEzOlN0YXR1c0NvbnRleHQxMDY5MjE0OTA0MQ==",
  "state": "pending",
  "description": "Checkstyle pending!",
  "target_url": "https://entando-k8s.github.io/devops-results/entando-k8s-controller-coordinator/PR-41/checkstyle.html",
  "context": "Checkstyle",
  "created_at": "2020-09-07T11:31:00Z",
  "updated_at": "2020-09-07T11:31:00Z",
  "creator": {
    "login": "**********",
    "id": 57885396,
    "node_id": "MDQ6VXNlcjU3ODg1Mzk2",
    "avatar_url": "https://avatars2.githubusercontent.com/u/57885396?v=4",
    "gravatar_id": "",
    "url": "https://api.github.com/users/entando-**",
    "html_url": "https://github.com/**********",
    "followers_url": "https://api.github.com/users/**********/followers",
    "following_url": "https://api.github.com/users/**********/following{/other_user}",
    "gists_url": "https://api.github.com/users/entando-**/gists{/gist_id}",
    "starred_url": "https://api.github.com/users/**********/starred{/owner}{/repo}",
    "subscriptions_url": "https://api.github.com/users/entando-**/subscriptions",
    "organizations_url": "https://api.github.com/users/**********/orgs",
    "repos_url": "https://api.github.com/users/entando-**/repos",
    "events_url": "https://api.github.com/users/entando-**/events{/privacy}",
    "received_events_url": "https://api.github.com/users/entando-**/received_events",
    "type": "User",
    "site_*****": false
  }
}
  0     0    0     0    0     0      0      0 --:--:-- --:--:-- --:--:--     0  0     0    0     0    0     0      0      0 --:--:-- --:--:-- --:--:--     0100  1841  100  1640  100   201   2564    314 --:--:-- --:--:-- --:--:--  2574
  % Total    % Received % Xferd  Average Speed   Time    Time     Time  Current
                                 Dload  Upload   Total   Spent    Left  Speed
{
  "url": "https://api.github.com/repos/entando-k8s/entando-k8s-controller-coordinator/statuses/61487f6e404e0029aa6ebcba24d64c67f04d6c40",
  "avatar_url": "https://avatars2.githubusercontent.com/u/57885396?v=4",
  "id": 10692149158,
  "node_id": "MDEzOlN0YXR1c0NvbnRleHQxMDY5MjE0OTE1OA==",
  "state": "pending",
  "description": "OWASP CVE pending!",
  "target_url": "https://entando-k8s.github.io/devops-results/entando-k8s-controller-coordinator/PR-41/dependency-check-report.html",
  "context": "OWASP CVE",
  "created_at": "2020-09-07T11:31:01Z",
  "updated_at": "2020-09-07T11:31:01Z",
  "creator": {
    "login": "**********",
    "id": 57885396,
    "node_id": "MDQ6VXNlcjU3ODg1Mzk2",
    "avatar_url": "https://avatars2.githubusercontent.com/u/57885396?v=4",
    "gravatar_id": "",
    "url": "https://api.github.com/users/**********",
    "html_url": "https://github.com/**********",
    "followers_url": "https://api.github.com/users/**********/followers",
    "following_url": "https://api.github.com/users/entando-**/following{/other_user}",
    "gists_url": "https://api.github.com/users/**********/gists{/gist_id}",
    "starred_url": "https://api.github.com/users/entando-**/starred{/owner}{/repo}",
    "subscriptions_url": "https://api.github.com/users/entando-**/subscriptions",
    "organizations_url": "https://api.github.com/users/entando-**/orgs",
    "repos_url": "https://api.github.com/users/entando-**/repos",
    "events_url": "https://api.github.com/users/**********/events{/privacy}",
    "received_events_url": "https://api.github.com/users/entando-**/received_events",
    "type": "User",
    "site_*****": false
  }
}
  0     0    0     0    0     0      0      0 --:--:-- --:--:-- --:--:--     0 11  1863    0     0  100   212      0    222 --:--:-- --:--:-- --:--:--   222100  1863  100  1651  100   212   1734    222 --:--:-- --:--:-- --:--:--  1734
Picked up _JAVA_OPTIONS: -XX:+UnlockExperimentalVMOptions -Dsun.zip.disableMemoryMapping=true -XX:+UseParallelGC -XX:MinHeapFreeRatio=5 -XX:MaxHeapFreeRatio=10 -XX:GCTimeRatio=4 -XX:AdaptiveSizePolicyWeight=90 -Xms1000m -Xmx12000m
[INFO] Scanning for projects...
[INFO] 
[INFO] -----------< org.entando:entando-k8s-controller-coordinator >-----------
[INFO] Building Entando K8S Controller Coordinator 0.0.0-SNAPSHOT-PR-41-1
[INFO] --------------------------------[ jar ]---------------------------------
[INFO] 
[INFO] --- maven-checkstyle-plugin:3.1.1:check (validate) @ entando-k8s-controller-coordinator ---
[INFO] Starting audit...
[WARN] /workspace/source/src/test/java/org/entando/kubernetes/controller/coordinator/interprocesstests/ControllerCoordinatorIntegratedTest.java:90: Comment has incorrect indentation level 0, expected is 4, indentation should be the same level as line 91. [CommentsIndentation]
[WARN] /workspace/source/src/test/java/org/entando/kubernetes/controller/coordinator/AbstractControllerCoordinatorTest.java:114: Comment has incorrect indentation level 0, expected is 4, indentation should be the same level as line 115. [CommentsIndentation]
[WARN] /workspace/source/src/test/java/org/entando/kubernetes/controller/coordinator/inprocesstests/EntandoOperatorMatcherTest.java:37:41: WhitespaceAround: '{' is not preceded with whitespace. [WhitespaceAround]
[WARN] /workspace/source/src/test/java/org/entando/kubernetes/controller/coordinator/inprocesstests/EntandoOperatorMatcherTest.java:41: 'METHOD_DEF' should be separated from previous statement. [EmptyLineSeparator]
[WARN] /workspace/source/src/test/java/org/entando/kubernetes/controller/coordinator/inprocesstests/EntandoOperatorMatcherTest.java:42:48: WhitespaceAround: '{' is not preceded with whitespace. [WhitespaceAround]
[WARN] /workspace/source/src/test/java/org/entando/kubernetes/controller/coordinator/inprocesstests/EntandoOperatorMatcherTest.java:49: 'METHOD_DEF' should be separated from previous statement. [EmptyLineSeparator]
[WARN] /workspace/source/src/test/java/org/entando/kubernetes/controller/coordinator/inprocesstests/EntandoOperatorMatcherTest.java:50:50: WhitespaceAround: '{' is not preceded with whitespace. [WhitespaceAround]
[WARN] /workspace/source/src/test/java/org/entando/kubernetes/controller/coordinator/inprocesstests/EntandoOperatorMatcherTest.java:56: 'METHOD_DEF' should be separated from previous statement. [EmptyLineSeparator]
[WARN] /workspace/source/src/test/java/org/entando/kubernetes/controller/coordinator/inprocesstests/EntandoOperatorMatcherTest.java:57:50: WhitespaceAround: '{' is not preceded with whitespace. [WhitespaceAround]
[WARN] /workspace/source/src/test/java/org/entando/kubernetes/controller/coordinator/inprocesstests/EntandoOperatorMatcherTest.java:63: 'METHOD_DEF' should be separated from previous statement. [EmptyLineSeparator]
[WARN] /workspace/source/src/test/java/org/entando/kubernetes/controller/coordinator/inprocesstests/EntandoOperatorMatcherTest.java:64:51: WhitespaceAround: '{' is not preceded with whitespace. [WhitespaceAround]
[WARN] /workspace/source/src/test/java/org/entando/kubernetes/controller/coordinator/inprocesstests/EntandoOperatorMatcherTest.java:70: 'METHOD_DEF' should be separated from previous statement. [EmptyLineSeparator]
[WARN] /workspace/source/src/test/java/org/entando/kubernetes/controller/coordinator/inprocesstests/EntandoOperatorMatcherTest.java:71:43: WhitespaceAround: '{' is not preceded with whitespace. [WhitespaceAround]
[WARN] /workspace/source/src/test/java/org/entando/kubernetes/controller/coordinator/inprocesstests/EntandoOperatorMatcherTest.java:78:41: WhitespaceAround: '{' is not preceded with whitespace. [WhitespaceAround]
[WARN] /workspace/source/src/test/java/org/entando/kubernetes/controller/coordinator/inprocesstests/EntandoOperatorMatcherTest.java:89: 'METHOD_DEF' should be separated from previous statement. [EmptyLineSeparator]
[WARN] /workspace/source/src/test/java/org/entando/kubernetes/controller/coordinator/inprocesstests/EntandoOperatorMatcherTest.java:90:47: WhitespaceAround: '{' is not preceded with whitespace. [WhitespaceAround]
Audit done.
[WARNING] src/test/java/org/entando/kubernetes/controller/coordinator/interprocesstests/ControllerCoordinatorIntegratedTest.java:[90] (indentation) CommentsIndentation: Comment has incorrect indentation level 0, expected is 4, indentation should be the same level as line 91.
[WARNING] src/test/java/org/entando/kubernetes/controller/coordinator/AbstractControllerCoordinatorTest.java:[114] (indentation) CommentsIndentation: Comment has incorrect indentation level 0, expected is 4, indentation should be the same level as line 115.
[WARNING] src/test/java/org/entando/kubernetes/controller/coordinator/inprocesstests/EntandoOperatorMatcherTest.java:[37,41] (whitespace) WhitespaceAround: WhitespaceAround: '{' is not preceded with whitespace.
[WARNING] src/test/java/org/entando/kubernetes/controller/coordinator/inprocesstests/EntandoOperatorMatcherTest.java:[41] (whitespace) EmptyLineSeparator: 'METHOD_DEF' should be separated from previous statement.
[WARNING] src/test/java/org/entando/kubernetes/controller/coordinator/inprocesstests/EntandoOperatorMatcherTest.java:[42,48] (whitespace) WhitespaceAround: WhitespaceAround: '{' is not preceded with whitespace.
[WARNING] src/test/java/org/entando/kubernetes/controller/coordinator/inprocesstests/EntandoOperatorMatcherTest.java:[49] (whitespace) EmptyLineSeparator: 'METHOD_DEF' should be separated from previous statement.
[WARNING] src/test/java/org/entando/kubernetes/controller/coordinator/inprocesstests/EntandoOperatorMatcherTest.java:[50,50] (whitespace) WhitespaceAround: WhitespaceAround: '{' is not preceded with whitespace.
[WARNING] src/test/java/org/entando/kubernetes/controller/coordinator/inprocesstests/EntandoOperatorMatcherTest.java:[56] (whitespace) EmptyLineSeparator: 'METHOD_DEF' should be separated from previous statement.
[WARNING] src/test/java/org/entando/kubernetes/controller/coordinator/inprocesstests/EntandoOperatorMatcherTest.java:[57,50] (whitespace) WhitespaceAround: WhitespaceAround: '{' is not preceded with whitespace.
[WARNING] src/test/java/org/entando/kubernetes/controller/coordinator/inprocesstests/EntandoOperatorMatcherTest.java:[63] (whitespace) EmptyLineSeparator: 'METHOD_DEF' should be separated from previous statement.
[WARNING] src/test/java/org/entando/kubernetes/controller/coordinator/inprocesstests/EntandoOperatorMatcherTest.java:[64,51] (whitespace) WhitespaceAround: WhitespaceAround: '{' is not preceded with whitespace.
[WARNING] src/test/java/org/entando/kubernetes/controller/coordinator/inprocesstests/EntandoOperatorMatcherTest.java:[70] (whitespace) EmptyLineSeparator: 'METHOD_DEF' should be separated from previous statement.
[WARNING] src/test/java/org/entando/kubernetes/controller/coordinator/inprocesstests/EntandoOperatorMatcherTest.java:[71,43] (whitespace) WhitespaceAround: WhitespaceAround: '{' is not preceded with whitespace.
[WARNING] src/test/java/org/entando/kubernetes/controller/coordinator/inprocesstests/EntandoOperatorMatcherTest.java:[78,41] (whitespace) WhitespaceAround: WhitespaceAround: '{' is not preceded with whitespace.
[WARNING] src/test/java/org/entando/kubernetes/controller/coordinator/inprocesstests/EntandoOperatorMatcherTest.java:[89] (whitespace) EmptyLineSeparator: 'METHOD_DEF' should be separated from previous statement.
[WARNING] src/test/java/org/entando/kubernetes/controller/coordinator/inprocesstests/EntandoOperatorMatcherTest.java:[90,47] (whitespace) WhitespaceAround: WhitespaceAround: '{' is not preceded with whitespace.
[WARNING] checkstyle:check violations detected but failOnViolation set to false
[INFO] You have 16 Checkstyle violations.
[INFO] 
[INFO] --- maven-checkstyle-plugin:3.1.1:checkstyle (validate) @ entando-k8s-controller-coordinator ---
[INFO] Starting audit...
[WARN] /workspace/source/src/test/java/org/entando/kubernetes/controller/coordinator/interprocesstests/ControllerCoordinatorIntegratedTest.java:90: Comment has incorrect indentation level 0, expected is 4, indentation should be the same level as line 91. [CommentsIndentation]
[WARN] /workspace/source/src/test/java/org/entando/kubernetes/controller/coordinator/AbstractControllerCoordinatorTest.java:114: Comment has incorrect indentation level 0, expected is 4, indentation should be the same level as line 115. [CommentsIndentation]
[WARN] /workspace/source/src/test/java/org/entando/kubernetes/controller/coordinator/inprocesstests/EntandoOperatorMatcherTest.java:37:41: WhitespaceAround: '{' is not preceded with whitespace. [WhitespaceAround]
[WARN] /workspace/source/src/test/java/org/entando/kubernetes/controller/coordinator/inprocesstests/EntandoOperatorMatcherTest.java:41: 'METHOD_DEF' should be separated from previous statement. [EmptyLineSeparator]
[WARN] /workspace/source/src/test/java/org/entando/kubernetes/controller/coordinator/inprocesstests/EntandoOperatorMatcherTest.java:42:48: WhitespaceAround: '{' is not preceded with whitespace. [WhitespaceAround]
[WARN] /workspace/source/src/test/java/org/entando/kubernetes/controller/coordinator/inprocesstests/EntandoOperatorMatcherTest.java:49: 'METHOD_DEF' should be separated from previous statement. [EmptyLineSeparator]
[WARN] /workspace/source/src/test/java/org/entando/kubernetes/controller/coordinator/inprocesstests/EntandoOperatorMatcherTest.java:50:50: WhitespaceAround: '{' is not preceded with whitespace. [WhitespaceAround]
[WARN] /workspace/source/src/test/java/org/entando/kubernetes/controller/coordinator/inprocesstests/EntandoOperatorMatcherTest.java:56: 'METHOD_DEF' should be separated from previous statement. [EmptyLineSeparator]
[WARN] /workspace/source/src/test/java/org/entando/kubernetes/controller/coordinator/inprocesstests/EntandoOperatorMatcherTest.java:57:50: WhitespaceAround: '{' is not preceded with whitespace. [WhitespaceAround]
[WARN] /workspace/source/src/test/java/org/entando/kubernetes/controller/coordinator/inprocesstests/EntandoOperatorMatcherTest.java:63: 'METHOD_DEF' should be separated from previous statement. [EmptyLineSeparator]
[WARN] /workspace/source/src/test/java/org/entando/kubernetes/controller/coordinator/inprocesstests/EntandoOperatorMatcherTest.java:64:51: WhitespaceAround: '{' is not preceded with whitespace. [WhitespaceAround]
[WARN] /workspace/source/src/test/java/org/entando/kubernetes/controller/coordinator/inprocesstests/EntandoOperatorMatcherTest.java:70: 'METHOD_DEF' should be separated from previous statement. [EmptyLineSeparator]
[WARN] /workspace/source/src/test/java/org/entando/kubernetes/controller/coordinator/inprocesstests/EntandoOperatorMatcherTest.java:71:43: WhitespaceAround: '{' is not preceded with whitespace. [WhitespaceAround]
[WARN] /workspace/source/src/test/java/org/entando/kubernetes/controller/coordinator/inprocesstests/EntandoOperatorMatcherTest.java:78:41: WhitespaceAround: '{' is not preceded with whitespace. [WhitespaceAround]
[WARN] /workspace/source/src/test/java/org/entando/kubernetes/controller/coordinator/inprocesstests/EntandoOperatorMatcherTest.java:89: 'METHOD_DEF' should be separated from previous statement. [EmptyLineSeparator]
[WARN] /workspace/source/src/test/java/org/entando/kubernetes/controller/coordinator/inprocesstests/EntandoOperatorMatcherTest.java:90:47: WhitespaceAround: '{' is not preceded with whitespace. [WhitespaceAround]
Audit done.
[INFO] 
[INFO] --- jacoco-maven-plugin:0.8.5:prepare-agent (prepare-agent) @ entando-k8s-controller-coordinator ---
[INFO] argLine set to -javaagent:/home/jenkins/.mvnrepository/org/jacoco/org.jacoco.agent/0.8.5/org.jacoco.agent-0.8.5-runtime.jar=destfile=/workspace/source/target/jacoco.e**c
[INFO] 
[INFO] --- maven-resources-plugin:2.6:resources (default-resources) @ entando-k8s-controller-coordinator ---
[INFO] Using 'UTF-8' encoding to copy filtered resources.
[INFO] Copying 3 resources
[INFO] 
[INFO] --- maven-compiler-plugin:3.8.1:compile (default-compile) @ entando-k8s-controller-coordinator ---
[INFO] Changes detected - recompiling the module!
[INFO] Compiling 4 source files to /workspace/source/target/classes
[INFO] 
[INFO] --- maven-resources-plugin:2.6:testResources (default-testResources) @ entando-k8s-controller-coordinator ---
[INFO] Using 'UTF-8' encoding to copy filtered resources.
[INFO] Copying 6 resources
[INFO] 
[INFO] --- maven-compiler-plugin:3.8.1:testCompile (default-testCompile) @ entando-k8s-controller-coordinator ---
[INFO] Changes detected - recompiling the module!
[INFO] Compiling 7 source files to /workspace/source/target/test-classes
[WARNING] /workspace/source/src/test/java/org/entando/kubernetes/controller/coordinator/inprocesstests/ControllerCoordinatorMockedTest.java:[70,61] unchecked cast
  required: java.lang.Class<T>
  found:    java.lang.Class<capture#1 of ? extends org.entando.kubernetes.model.EntandoBaseCustomResource>
[INFO] 
[INFO] --- maven-surefire-plugin:3.0.0-M1:test (default-test) @ entando-k8s-controller-coordinator ---
[INFO] 
[INFO] -------------------------------------------------------
[INFO]  T E S T S
[INFO] -------------------------------------------------------
[INFO] Running org.entando.kubernetes.controller.coordinator.inprocesstests.EntandoOperatorMatcherTest
Sep 07, 2020 11:31:24 AM org.entando.kubernetes.controller.coordinator.EntandoOperatorMatcher matchesThisOperator
WARNING: Operator ID mismatch. Ignoring resource EntandoApp:null/null
Sep 07, 2020 11:31:24 AM org.entando.kubernetes.controller.coordinator.EntandoOperatorMatcher matchesThisOperator
WARNING: Operator version mismatch. Ignoring resource EntandoApp:null/null
Sep 07, 2020 11:31:24 AM org.entando.kubernetes.controller.coordinator.EntandoOperatorMatcher matchesThisOperator
WARNING: Operator ID mismatch. Ignoring resource EntandoApp:null/null
Sep 07, 2020 11:31:24 AM org.entando.kubernetes.controller.coordinator.EntandoOperatorMatcher matchesThisOperator
WARNING: Operator ID mismatch. Ignoring resource EntandoApp:null/null
[INFO] Tests run: 7, Failures: 0, Errors: 0, Skipped: 0, Time elapsed: 0.177 s - in org.entando.kubernetes.controller.coordinator.inprocesstests.EntandoOperatorMatcherTest
[INFO] Running org.entando.kubernetes.controller.coordinator.inprocesstests.ControllerCoordinatorEdgeConditionsTest
Sep 07, 2020 11:31:25 AM okhttp3.mockwebserver.MockWebServer$2 e**cute
INFO: MockWebServer[56902] starting to accept connections
Sep 07, 2020 11:31:26 AM okhttp3.mockwebserver.MockWebServer$3 processOneRequest
INFO: MockWebServer[56902] received request: GET /api/v1/namespaces/entando-k8s-controller-coordinator-carcpr41 HTTP/1.1 and responded: HTTP/1.1 404 Client Error
Sep 07, 2020 11:31:26 AM okhttp3.mockwebserver.MockWebServer$3 processOneRequest
INFO: MockWebServer[56902] received request: POST /api/v1/namespaces HTTP/1.1 and responded: HTTP/1.1 202 OK
Sep 07, 2020 11:31:26 AM okhttp3.mockwebserver.MockWebServer$3 processOneRequest
INFO: MockWebServer[56902] received request: GET /api/v1/namespaces/entando/configmaps/entando-docker-image-info-v6.1 HTTP/1.1 and responded: HTTP/1.1 404 Client Error
Sep 07, 2020 11:31:26 AM okhttp3.mockwebserver.MockWebServer$3 processOneRequest
INFO: MockWebServer[56902] received request: GET /apis/apiextensions.k8s.io/v1beta1/customresourcedefinitions/entandokeycloakservers.entando.org HTTP/1.1 and responded: HTTP/1.1 404 Client Error
Sep 07, 2020 11:31:26 AM okhttp3.mockwebserver.MockWebServer$3 processOneRequest
INFO: MockWebServer[56902] received request: POST /apis/apiextensions.k8s.io/v1beta1/customresourcedefinitions HTTP/1.1 and responded: HTTP/1.1 202 OK
Sep 07, 2020 11:31:26 AM okhttp3.mockwebserver.MockWebServer$3 processOneRequest
INFO: MockWebServer[56902] received request: GET /api/v1/namespaces/entando-k8s-controller-coordinator-carcpr41 HTTP/1.1 and responded: HTTP/1.1 200 OK
Sep 07, 2020 11:31:27 AM okhttp3.mockwebserver.MockWebServer$3 processOneRequest
INFO: MockWebServer[56902] received request: GET /apis/entando.org/v1/namespaces/entando-k8s-controller-coordinator-carcpr41/entandokeycloakservers HTTP/1.1 and responded: HTTP/1.1 200 OK
Sep 07, 2020 11:31:27 AM okhttp3.mockwebserver.MockWebServer$3 processOneRequest
INFO: MockWebServer[56902] received request: GET /api/v1/namespaces/entando-k8s-controller-coordinator-carcpr41 HTTP/1.1 and responded: HTTP/1.1 200 OK
Sep 07, 2020 11:31:27 AM okhttp3.mockwebserver.MockWebServer$3 processOneRequest
INFO: MockWebServer[56902] received request: GET /apis/entando.org/v1/namespaces/entando-k8s-controller-coordinator-carcpr41/entandokeycloakservers HTTP/1.1 and responded: HTTP/1.1 200 OK
Sep 07, 2020 11:31:27 AM okhttp3.mockwebserver.MockWebServer$3 processOneRequest
INFO: MockWebServer[56902] received request: GET /apis/entando.org/v1/namespaces/entando-k8s-controller-coordinator-carcpr41/entandokeycloakservers HTTP/1.1 and responded: HTTP/1.1 200 OK
Sep 07, 2020 11:31:27 AM okhttp3.mockwebserver.MockWebServer$3 processOneRequest
INFO: MockWebServer[56902] received request: GET /apis/entando.org/v1/namespaces/entando-k8s-controller-coordinator-carcpr41/entandokeycloakservers?watch=true HTTP/1.1 and responded: HTTP/1.1 200 OK
Sep 07, 2020 11:31:27 AM okhttp3.mockwebserver.MockWebServer$3 processOneRequest
INFO: MockWebServer[56902] received request: GET /apis/apiextensions.k8s.io/v1beta1/customresourcedefinitions/entandoclusterinfrastructures.entando.org HTTP/1.1 and responded: HTTP/1.1 404 Client Error
Sep 07, 2020 11:31:27 AM okhttp3.mockwebserver.MockWebServer$3 processOneRequest
INFO: MockWebServer[56902] received request: GET /apis/entando.org/v1/namespaces/entando-k8s-controller-coordinator-carcpr41/entandokeycloakservers?watch=true HTTP/1.1 and responded: HTTP/1.1 200 OK
Sep 07, 2020 11:31:27 AM io.fabric8.kubernetes.client.dsl.internal.WatchHTTPManager$1 onResponse
INFO: Watch terminated unexpectedly. reason: \n not found: limit=46 content=7b2261706956657273696f6e223a227631222c226b696e64223a224c69737422â€¦
Sep 07, 2020 11:31:27 AM okhttp3.mockwebserver.MockWebServer$3 processOneRequest
INFO: MockWebServer[56902] received request: POST /apis/apiextensions.k8s.io/v1beta1/customresourcedefinitions HTTP/1.1 and responded: HTTP/1.1 202 OK
Sep 07, 2020 11:31:27 AM okhttp3.mockwebserver.MockWebServer$3 processOneRequest
INFO: MockWebServer[56902] received request: GET /api/v1/namespaces/entando-k8s-controller-coordinator-carcpr41 HTTP/1.1 and responded: HTTP/1.1 200 OK
Sep 07, 2020 11:31:27 AM okhttp3.mockwebserver.MockWebServer$3 processOneRequest
INFO: MockWebServer[56902] received request: GET /apis/entando.org/v1/namespaces/entando-k8s-controller-coordinator-carcpr41/entandoclusterinfrastructures HTTP/1.1 and responded: HTTP/1.1 200 OK
Sep 07, 2020 11:31:27 AM okhttp3.mockwebserver.MockWebServer$3 processOneRequest
INFO: MockWebServer[56902] received request: GET /api/v1/namespaces/entando-k8s-controller-coordinator-carcpr41 HTTP/1.1 and responded: HTTP/1.1 200 OK
Sep 07, 2020 11:31:27 AM okhttp3.mockwebserver.MockWebServer$3 processOneRequest
INFO: MockWebServer[56902] received request: GET /apis/entando.org/v1/namespaces/entando-k8s-controller-coordinator-carcpr41/entandoclusterinfrastructures HTTP/1.1 and responded: HTTP/1.1 200 OK
Sep 07, 2020 11:31:28 AM okhttp3.mockwebserver.MockWebServer$3 processOneRequest
INFO: MockWebServer[56902] received request: GET /apis/entando.org/v1/namespaces/entando-k8s-controller-coordinator-carcpr41/entandoclusterinfrastructures HTTP/1.1 and responded: HTTP/1.1 200 OK
Sep 07, 2020 11:31:28 AM okhttp3.mockwebserver.MockWebServer$3 processOneRequest
INFO: MockWebServer[56902] received request: GET /apis/entando.org/v1/namespaces/entando-k8s-controller-coordinator-carcpr41/entandoclusterinfrastructures?watch=true HTTP/1.1 and responded: HTTP/1.1 200 OK
Sep 07, 2020 11:31:28 AM okhttp3.mockwebserver.MockWebServer$3 processOneRequest
INFO: MockWebServer[56902] received request: GET /apis/entando.org/v1/namespaces/entando-k8s-controller-coordinator-carcpr41/entandoclusterinfrastructures?watch=true HTTP/1.1 and responded: HTTP/1.1 200 OK
Sep 07, 2020 11:31:28 AM okhttp3.mockwebserver.MockWebServer$3 processOneRequest
INFO: MockWebServer[56902] received request: GET /apis/apiextensions.k8s.io/v1beta1/customresourcedefinitions/entandoapps.entando.org HTTP/1.1 and responded: HTTP/1.1 404 Client Error
Sep 07, 2020 11:31:28 AM io.fabric8.kubernetes.client.dsl.internal.WatchHTTPManager$1 onResponse
INFO: Watch terminated unexpectedly. reason: \n not found: limit=46 content=7b2261706956657273696f6e223a227631222c226b696e64223a224c69737422â€¦
Sep 07, 2020 11:31:28 AM okhttp3.mockwebserver.MockWebServer$3 processOneRequest
INFO: MockWebServer[56902] received request: POST /apis/apiextensions.k8s.io/v1beta1/customresourcedefinitions HTTP/1.1 and responded: HTTP/1.1 202 OK
Sep 07, 2020 11:31:28 AM okhttp3.mockwebserver.MockWebServer$3 processOneRequest
INFO: MockWebServer[56902] received request: GET /api/v1/namespaces/entando-k8s-controller-coordinator-carcpr41 HTTP/1.1 and responded: HTTP/1.1 200 OK
Sep 07, 2020 11:31:28 AM okhttp3.mockwebserver.MockWebServer$3 processOneRequest
INFO: MockWebServer[56902] received request: GET /apis/entando.org/v1/namespaces/entando-k8s-controller-coordinator-carcpr41/entandoapps HTTP/1.1 and responded: HTTP/1.1 200 OK
Sep 07, 2020 11:31:28 AM okhttp3.mockwebserver.MockWebServer$3 processOneRequest
INFO: MockWebServer[56902] received request: GET /api/v1/namespaces/entando-k8s-controller-coordinator-carcpr41 HTTP/1.1 and responded: HTTP/1.1 200 OK
Sep 07, 2020 11:31:28 AM io.fabric8.kubernetes.client.dsl.internal.WatchHTTPManager$1 onResponse
INFO: Watch terminated unexpectedly. reason: \n not found: limit=46 content=7b2261706956657273696f6e223a227631222c226b696e64223a224c69737422â€¦
Sep 07, 2020 11:31:28 AM okhttp3.mockwebserver.MockWebServer$3 processOneRequest
INFO: MockWebServer[56902] received request: GET /apis/entando.org/v1/namespaces/entando-k8s-controller-coordinator-carcpr41/entandokeycloakservers?watch=true HTTP/1.1 and responded: HTTP/1.1 200 OK
Sep 07, 2020 11:31:28 AM okhttp3.mockwebserver.MockWebServer$3 processOneRequest
INFO: MockWebServer[56902] received request: GET /apis/entando.org/v1/namespaces/entando-k8s-controller-coordinator-carcpr41/entandoapps HTTP/1.1 and responded: HTTP/1.1 200 OK
Sep 07, 2020 11:31:28 AM okhttp3.mockwebserver.MockWebServer$3 processOneRequest
INFO: MockWebServer[56902] received request: GET /apis/entando.org/v1/namespaces/entando-k8s-controller-coordinator-carcpr41/entandoapps HTTP/1.1 and responded: HTTP/1.1 200 OK
Sep 07, 2020 11:31:28 AM okhttp3.mockwebserver.MockWebServer$3 processOneRequest
INFO: MockWebServer[56902] received request: GET /apis/entando.org/v1/namespaces/entando-k8s-controller-coordinator-carcpr41/entandoapps?watch=true HTTP/1.1 and responded: HTTP/1.1 200 OK
Sep 07, 2020 11:31:28 AM okhttp3.mockwebserver.MockWebServer$3 processOneRequest
INFO: MockWebServer[56902] received request: GET /apis/apiextensions.k8s.io/v1beta1/customresourcedefinitions/entandoplugins.entando.org HTTP/1.1 and responded: HTTP/1.1 404 Client Error
Sep 07, 2020 11:31:28 AM okhttp3.mockwebserver.MockWebServer$3 processOneRequest
INFO: MockWebServer[56902] received request: GET /apis/entando.org/v1/namespaces/entando-k8s-controller-coordinator-carcpr41/entandoapps?watch=true HTTP/1.1 and responded: HTTP/1.1 200 OK
Sep 07, 2020 11:31:28 AM io.fabric8.kubernetes.client.dsl.internal.WatchHTTPManager$1 onResponse
INFO: Watch terminated unexpectedly. reason: \n not found: limit=46 content=7b2261706956657273696f6e223a227631222c226b696e64223a224c69737422â€¦
Sep 07, 2020 11:31:28 AM okhttp3.mockwebserver.MockWebServer$3 processOneRequest
INFO: MockWebServer[56902] received request: POST /apis/apiextensions.k8s.io/v1beta1/customresourcedefinitions HTTP/1.1 and responded: HTTP/1.1 202 OK
Sep 07, 2020 11:31:29 AM okhttp3.mockwebserver.MockWebServer$3 processOneRequest
INFO: MockWebServer[56902] received request: GET /api/v1/namespaces/entando-k8s-controller-coordinator-carcpr41 HTTP/1.1 and responded: HTTP/1.1 200 OK
Sep 07, 2020 11:31:29 AM okhttp3.mockwebserver.MockWebServer$3 processOneRequest
INFO: MockWebServer[56902] received request: GET /apis/entando.org/v1/namespaces/entando-k8s-controller-coordinator-carcpr41/entandoplugins HTTP/1.1 and responded: HTTP/1.1 200 OK
Sep 07, 2020 11:31:29 AM okhttp3.mockwebserver.MockWebServer$3 processOneRequest
INFO: MockWebServer[56902] received request: GET /api/v1/namespaces/entando-k8s-controller-coordinator-carcpr41 HTTP/1.1 and responded: HTTP/1.1 200 OK
Sep 07, 2020 11:31:29 AM okhttp3.mockwebserver.MockWebServer$3 processOneRequest
INFO: MockWebServer[56902] received request: GET /apis/entando.org/v1/namespaces/entando-k8s-controller-coordinator-carcpr41/entandoplugins HTTP/1.1 and responded: HTTP/1.1 200 OK
Sep 07, 2020 11:31:29 AM okhttp3.mockwebserver.MockWebServer$3 processOneRequest
INFO: MockWebServer[56902] received request: GET /apis/entando.org/v1/namespaces/entando-k8s-controller-coordinator-carcpr41/entandoclusterinfrastructures?watch=true HTTP/1.1 and responded: HTTP/1.1 200 OK
Sep 07, 2020 11:31:29 AM io.fabric8.kubernetes.client.dsl.internal.WatchHTTPManager$1 onResponse
INFO: Watch terminated unexpectedly. reason: \n not found: limit=46 content=7b2261706956657273696f6e223a227631222c226b696e64223a224c69737422â€¦
Sep 07, 2020 11:31:29 AM okhttp3.mockwebserver.MockWebServer$3 processOneRequest
INFO: MockWebServer[56902] received request: GET /apis/entando.org/v1/namespaces/entando-k8s-controller-coordinator-carcpr41/entandoplugins HTTP/1.1 and responded: HTTP/1.1 200 OK
Sep 07, 2020 11:31:29 AM okhttp3.mockwebserver.MockWebServer$3 processOneRequest
INFO: MockWebServer[56902] received request: GET /apis/entando.org/v1/namespaces/entando-k8s-controller-coordinator-carcpr41/entandoplugins?watch=true HTTP/1.1 and responded: HTTP/1.1 200 OK
Sep 07, 2020 11:31:29 AM okhttp3.mockwebserver.MockWebServer$3 processOneRequest
INFO: MockWebServer[56902] received request: GET /apis/entando.org/v1/namespaces/entando-k8s-controller-coordinator-carcpr41/entandoplugins?watch=true HTTP/1.1 and responded: HTTP/1.1 200 OK
Sep 07, 2020 11:31:29 AM okhttp3.mockwebserver.MockWebServer$3 processOneRequest
INFO: MockWebServer[56902] received request: GET /apis/apiextensions.k8s.io/v1beta1/customresourcedefinitions/entandoapppluginlinks.entando.org HTTP/1.1 and responded: HTTP/1.1 404 Client Error
Sep 07, 2020 11:31:29 AM io.fabric8.kubernetes.client.dsl.internal.WatchHTTPManager$1 onResponse
INFO: Watch terminated unexpectedly. reason: \n not found: limit=46 content=7b2261706956657273696f6e223a227631222c226b696e64223a224c69737422â€¦
Sep 07, 2020 11:31:29 AM okhttp3.mockwebserver.MockWebServer$3 processOneRequest
INFO: MockWebServer[56902] received request: POST /apis/apiextensions.k8s.io/v1beta1/customresourcedefinitions HTTP/1.1 and responded: HTTP/1.1 202 OK
Sep 07, 2020 11:31:29 AM okhttp3.mockwebserver.MockWebServer$3 processOneRequest
INFO: MockWebServer[56902] received request: GET /api/v1/namespaces/entando-k8s-controller-coordinator-carcpr41 HTTP/1.1 and responded: HTTP/1.1 200 OK
Sep 07, 2020 11:31:29 AM okhttp3.mockwebserver.MockWebServer$3 processOneRequest
INFO: MockWebServer[56902] received request: GET /apis/entando.org/v1/namespaces/entando-k8s-controller-coordinator-carcpr41/entandoapppluginlinks HTTP/1.1 and responded: HTTP/1.1 200 OK
Sep 07, 2020 11:31:29 AM okhttp3.mockwebserver.MockWebServer$3 processOneRequest
INFO: MockWebServer[56902] received request: GET /api/v1/namespaces/entando-k8s-controller-coordinator-carcpr41 HTTP/1.1 and responded: HTTP/1.1 200 OK
Sep 07, 2020 11:31:29 AM okhttp3.mockwebserver.MockWebServer$3 processOneRequest
INFO: MockWebServer[56902] received request: GET /apis/entando.org/v1/namespaces/entando-k8s-controller-coordinator-carcpr41/entandoapppluginlinks HTTP/1.1 and responded: HTTP/1.1 200 OK
Sep 07, 2020 11:31:29 AM okhttp3.mockwebserver.MockWebServer$3 processOneRequest
INFO: MockWebServer[56902] received request: GET /apis/entando.org/v1/namespaces/entando-k8s-controller-coordinator-carcpr41/entandoapps?watch=true HTTP/1.1 and responded: HTTP/1.1 200 OK
Sep 07, 2020 11:31:29 AM io.fabric8.kubernetes.client.dsl.internal.WatchHTTPManager$1 onResponse
INFO: Watch terminated unexpectedly. reason: \n not found: limit=46 content=7b2261706956657273696f6e223a227631222c226b696e64223a224c69737422â€¦
Sep 07, 2020 11:31:29 AM okhttp3.mockwebserver.MockWebServer$3 processOneRequest
INFO: MockWebServer[56902] received request: GET /apis/entando.org/v1/namespaces/entando-k8s-controller-coordinator-carcpr41/entandoapppluginlinks HTTP/1.1 and responded: HTTP/1.1 200 OK
Sep 07, 2020 11:31:30 AM okhttp3.mockwebserver.MockWebServer$3 processOneRequest
INFO: MockWebServer[56902] received request: GET /apis/entando.org/v1/namespaces/entando-k8s-controller-coordinator-carcpr41/entandoapppluginlinks?watch=true HTTP/1.1 and responded: HTTP/1.1 200 OK
Sep 07, 2020 11:31:30 AM okhttp3.mockwebserver.MockWebServer$3 processOneRequest
INFO: MockWebServer[56902] received request: GET /apis/entando.org/v1/namespaces/entando-k8s-controller-coordinator-carcpr41/entandoapppluginlinks?watch=true HTTP/1.1 and responded: HTTP/1.1 200 OK
Sep 07, 2020 11:31:30 AM okhttp3.mockwebserver.MockWebServer$3 processOneRequest
INFO: MockWebServer[56902] received request: GET /apis/apiextensions.k8s.io/v1beta1/customresourcedefinitions/entandocompositeapps.entando.org HTTP/1.1 and responded: HTTP/1.1 404 Client Error
Sep 07, 2020 11:31:30 AM io.fabric8.kubernetes.client.dsl.internal.WatchHTTPManager$1 onResponse
INFO: Watch terminated unexpectedly. reason: \n not found: limit=46 content=7b2261706956657273696f6e223a227631222c226b696e64223a224c69737422â€¦
Sep 07, 2020 11:31:30 AM okhttp3.mockwebserver.MockWebServer$3 processOneRequest
INFO: MockWebServer[56902] received request: POST /apis/apiextensions.k8s.io/v1beta1/customresourcedefinitions HTTP/1.1 and responded: HTTP/1.1 202 OK
Sep 07, 2020 11:31:30 AM okhttp3.mockwebserver.MockWebServer$3 processOneRequest
INFO: MockWebServer[56902] received request: GET /api/v1/namespaces/entando-k8s-controller-coordinator-carcpr41 HTTP/1.1 and responded: HTTP/1.1 200 OK
Sep 07, 2020 11:31:30 AM okhttp3.mockwebserver.MockWebServer$3 processOneRequest
INFO: MockWebServer[56902] received request: GET /apis/entando.org/v1/namespaces/entando-k8s-controller-coordinator-carcpr41/entandocompositeapps HTTP/1.1 and responded: HTTP/1.1 200 OK
Sep 07, 2020 11:31:30 AM okhttp3.mockwebserver.MockWebServer$3 processOneRequest
INFO: MockWebServer[56902] received request: GET /api/v1/namespaces/entando-k8s-controller-coordinator-carcpr41 HTTP/1.1 and responded: HTTP/1.1 200 OK
Sep 07, 2020 11:31:30 AM okhttp3.mockwebserver.MockWebServer$3 processOneRequest
INFO: MockWebServer[56902] received request: GET /apis/entando.org/v1/namespaces/entando-k8s-controller-coordinator-carcpr41/entandocompositeapps HTTP/1.1 and responded: HTTP/1.1 200 OK
Sep 07, 2020 11:31:30 AM okhttp3.mockwebserver.MockWebServer$3 processOneRequest
INFO: MockWebServer[56902] received request: GET /apis/entando.org/v1/namespaces/entando-k8s-controller-coordinator-carcpr41/entandocompositeapps HTTP/1.1 and responded: HTTP/1.1 200 OK
Sep 07, 2020 11:31:30 AM io.fabric8.kubernetes.client.dsl.internal.WatchHTTPManager$1 onResponse
INFO: Watch terminated unexpectedly. reason: \n not found: limit=46 content=7b2261706956657273696f6e223a227631222c226b696e64223a224c69737422â€¦
Sep 07, 2020 11:31:30 AM okhttp3.mockwebserver.MockWebServer$3 processOneRequest
INFO: MockWebServer[56902] received request: GET /apis/entando.org/v1/namespaces/entando-k8s-controller-coordinator-carcpr41/entandoplugins?watch=true HTTP/1.1 and responded: HTTP/1.1 200 OK
Sep 07, 2020 11:31:30 AM okhttp3.mockwebserver.MockWebServer$3 processOneRequest
INFO: MockWebServer[56902] received request: GET /apis/entando.org/v1/namespaces/entando-k8s-controller-coordinator-carcpr41/entandokeycloakservers?watch=true HTTP/1.1 and responded: HTTP/1.1 200 OK
Sep 07, 2020 11:31:30 AM okhttp3.mockwebserver.MockWebServer$3 processOneRequest
INFO: MockWebServer[56902] received request: GET /apis/entando.org/v1/namespaces/entando-k8s-controller-coordinator-carcpr41/entandocompositeapps?watch=true HTTP/1.1 and responded: HTTP/1.1 200 OK
Sep 07, 2020 11:31:30 AM io.fabric8.kubernetes.client.dsl.internal.WatchHTTPManager$1 onResponse
INFO: Watch terminated unexpectedly. reason: \n not found: limit=46 content=7b2261706956657273696f6e223a227631222c226b696e64223a224c69737422â€¦
Sep 07, 2020 11:31:30 AM okhttp3.mockwebserver.MockWebServer$3 processOneRequest
INFO: MockWebServer[56902] received request: GET /apis/entando.org/v1/namespaces/entando-k8s-controller-coordinator-carcpr41/entandocompositeapps?watch=true HTTP/1.1 and responded: HTTP/1.1 200 OK
Sep 07, 2020 11:31:30 AM okhttp3.mockwebserver.MockWebServer$3 processOneRequest
INFO: MockWebServer[56902] received request: GET /apis/apiextensions.k8s.io/v1beta1/customresourcedefinitions/entandodatabaseservices.entando.org HTTP/1.1 and responded: HTTP/1.1 404 Client Error
Sep 07, 2020 11:31:30 AM io.fabric8.kubernetes.client.dsl.internal.WatchHTTPManager$1 onResponse
INFO: Watch terminated unexpectedly. reason: \n not found: limit=46 content=7b2261706956657273696f6e223a227631222c226b696e64223a224c69737422â€¦
Sep 07, 2020 11:31:30 AM okhttp3.mockwebserver.MockWebServer$3 processOneRequest
INFO: MockWebServer[56902] received request: POST /apis/apiextensions.k8s.io/v1beta1/customresourcedefinitions HTTP/1.1 and responded: HTTP/1.1 202 OK
Sep 07, 2020 11:31:30 AM okhttp3.mockwebserver.MockWebServer$3 processOneRequest
INFO: MockWebServer[56902] received request: GET /api/v1/namespaces/entando-k8s-controller-coordinator-carcpr41 HTTP/1.1 and responded: HTTP/1.1 200 OK
Sep 07, 2020 11:31:30 AM okhttp3.mockwebserver.MockWebServer$3 processOneRequest
INFO: MockWebServer[56902] received request: GET /apis/entando.org/v1/namespaces/entando-k8s-controller-coordinator-carcpr41/entandodatabaseservices HTTP/1.1 and responded: HTTP/1.1 200 OK
Sep 07, 2020 11:31:31 AM okhttp3.mockwebserver.MockWebServer$3 processOneRequest
INFO: MockWebServer[56902] received request: GET /api/v1/namespaces/entando-k8s-controller-coordinator-carcpr41 HTTP/1.1 and responded: HTTP/1.1 200 OK
Sep 07, 2020 11:31:31 AM okhttp3.mockwebserver.MockWebServer$3 processOneRequest
INFO: MockWebServer[56902] received request: GET /apis/entando.org/v1/namespaces/entando-k8s-controller-coordinator-carcpr41/entandodatabaseservices HTTP/1.1 and responded: HTTP/1.1 200 OK
Sep 07, 2020 11:31:31 AM okhttp3.mockwebserver.MockWebServer$3 processOneRequest
INFO: MockWebServer[56902] received request: GET /apis/entando.org/v1/namespaces/entando-k8s-controller-coordinator-carcpr41/entandodatabaseservices HTTP/1.1 and responded: HTTP/1.1 200 OK
Sep 07, 2020 11:31:31 AM okhttp3.mockwebserver.MockWebServer$3 processOneRequest
INFO: MockWebServer[56902] received request: GET /apis/entando.org/v1/namespaces/entando-k8s-controller-coordinator-carcpr41/entandoapppluginlinks?watch=true HTTP/1.1 and responded: HTTP/1.1 200 OK
Sep 07, 2020 11:31:31 AM io.fabric8.kubernetes.client.dsl.internal.WatchHTTPManager$1 onResponse
INFO: Watch terminated unexpectedly. reason: \n not found: limit=46 content=7b2261706956657273696f6e223a227631222c226b696e64223a224c69737422â€¦
Sep 07, 2020 11:31:31 AM okhttp3.mockwebserver.MockWebServer$3 processOneRequest
INFO: MockWebServer[56902] received request: GET /apis/entando.org/v1/namespaces/entando-k8s-controller-coordinator-carcpr41/entandodatabaseservices?watch=true HTTP/1.1 and responded: HTTP/1.1 200 OK
Sep 07, 2020 11:31:31 AM okhttp3.mockwebserver.MockWebServer$3 processOneRequest
INFO: MockWebServer[56902] received request: GET /apis/entando.org/v1/namespaces/entando-k8s-controller-coordinator-carcpr41/entandoclusterinfrastructures?watch=true HTTP/1.1 and responded: HTTP/1.1 200 OK
Sep 07, 2020 11:31:31 AM io.fabric8.kubernetes.client.dsl.internal.WatchHTTPManager$1 onResponse
INFO: Watch terminated unexpectedly. reason: \n not found: limit=46 content=7b2261706956657273696f6e223a227631222c226b696e64223a224c69737422â€¦
Sep 07, 2020 11:31:31 AM okhttp3.mockwebserver.MockWebServer$3 processOneRequest
INFO: MockWebServer[56902] received request: GET /apis/entando.org/v1/namespaces/entando-k8s-controller-coordinator-carcpr41/entandodatabaseservices?watch=true HTTP/1.1 and responded: HTTP/1.1 200 OK
Sep 07, 2020 11:31:31 AM io.fabric8.kubernetes.client.dsl.internal.WatchHTTPManager$1 onResponse
INFO: Watch terminated unexpectedly. reason: \n not found: limit=46 content=7b2261706956657273696f6e223a227631222c226b696e64223a224c69737422â€¦
Sep 07, 2020 11:31:31 AM okhttp3.mockwebserver.MockWebServer$3 processOneRequest
INFO: MockWebServer[56902] received request: POST /api/v1/namespaces/entando/configmaps HTTP/1.1 and responded: HTTP/1.1 202 OK
Sep 07, 2020 11:31:31 AM okhttp3.mockwebserver.MockWebServer$3 processOneRequest
INFO: MockWebServer[56902] received request: GET /api/v1/namespaces/entando-k8s-controller-coordinator-carcpr41 HTTP/1.1 and responded: HTTP/1.1 200 OK
Sep 07, 2020 11:31:31 AM okhttp3.mockwebserver.MockWebServer$3 processOneRequest
INFO: MockWebServer[56902] received request: GET /apis/entando.org/v1/namespaces/entando-k8s-controller-coordinator-carcpr41/entandokeycloakservers HTTP/1.1 and responded: HTTP/1.1 200 OK
Sep 07, 2020 11:31:31 AM okhttp3.mockwebserver.MockWebServer$3 processOneRequest
INFO: MockWebServer[56902] received request: GET /api/v1/namespaces/entando-k8s-controller-coordinator-carcpr41 HTTP/1.1 and responded: HTTP/1.1 200 OK
Sep 07, 2020 11:31:31 AM okhttp3.mockwebserver.MockWebServer$3 processOneRequest
INFO: MockWebServer[56902] received request: GET /apis/entando.org/v1/namespaces/entando-k8s-controller-coordinator-carcpr41/entandokeycloakservers HTTP/1.1 and responded: HTTP/1.1 200 OK
Sep 07, 2020 11:31:31 AM okhttp3.mockwebserver.MockWebServer$3 processOneRequest
INFO: MockWebServer[56902] received request: POST /apis/entando.org/v1/namespaces/entando-k8s-controller-coordinator-carcpr41/entandokeycloakservers HTTP/1.1 and responded: HTTP/1.1 202 OK
Sep 07, 2020 11:31:31 AM org.entando.kubernetes.controller.coordinator.EntandoResourceObserver logAction
INFO: Received ADDED for resource EntandoKeycloakServer entando-k8s-controller-coordinator-carcpr41/test-keycloak
Sep 07, 2020 11:31:31 AM okhttp3.mockwebserver.MockWebServer$3 processOneRequest
INFO: MockWebServer[56902] received request: GET /apis/entando.org/v1/namespaces/entando-k8s-controller-coordinator-carcpr41/entandocompositeapps?watch=true HTTP/1.1 and responded: HTTP/1.1 200 OK
Sep 07, 2020 11:31:31 AM io.fabric8.kubernetes.client.dsl.internal.WatchHTTPManager$1 onResponse
INFO: Watch terminated unexpectedly. reason: \n not found: limit=46 content=7b2261706956657273696f6e223a227631222c226b696e64223a224c69737422â€¦
Sep 07, 2020 11:31:31 AM okhttp3.mockwebserver.MockWebServer$3 processOneRequest
INFO: MockWebServer[56902] received request: GET /api/v1/namespaces/entando/configmaps/entando-docker-image-info-v6.1 HTTP/1.1 and responded: HTTP/1.1 200 OK
Sep 07, 2020 11:31:32 AM okhttp3.mockwebserver.MockWebServer$3 processOneRequest
INFO: MockWebServer[56902] received request: GET /apis/entando.org/v1/namespaces/entando-k8s-controller-coordinator-carcpr41/entandoapps?watch=true HTTP/1.1 and responded: HTTP/1.1 200 OK
Sep 07, 2020 11:31:32 AM okhttp3.mockwebserver.MockWebServer$3 processOneRequest
INFO: MockWebServer[56902] received request: GET /api/v1/namespaces/entando-k8s-controller-coordinator-carcpr41/pods?labelSelector=EntandoResourceKind%3DEntandoKeycloakServer HTTP/1.1 and responded: HTTP/1.1 200 OK
Sep 07, 2020 11:31:32 AM io.fabric8.kubernetes.client.dsl.internal.WatchHTTPManager$1 onResponse
INFO: Watch terminated unexpectedly. reason: \n not found: limit=46 content=7b2261706956657273696f6e223a227631222c226b696e64223a224c69737422â€¦
Sep 07, 2020 11:31:32 AM okhttp3.mockwebserver.MockWebServer$3 processOneRequest
INFO: MockWebServer[56902] received request: GET /api/v1/namespaces/entando-k8s-controller-coordinator-carcpr41/secrets/test-keycloak-controller-ca-cert-secret HTTP/1.1 and responded: HTTP/1.1 404 Client Error
Sep 07, 2020 11:31:32 AM okhttp3.mockwebserver.MockWebServer$3 processOneRequest
INFO: MockWebServer[56902] received request: POST /api/v1/namespaces/entando-k8s-controller-coordinator-carcpr41/secrets HTTP/1.1 and responded: HTTP/1.1 202 OK
Sep 07, 2020 11:31:32 AM okhttp3.mockwebserver.MockWebServer$3 processOneRequest
INFO: MockWebServer[56902] received request: GET /apis/entando.org/v1/namespaces/entando-k8s-controller-coordinator-carcpr41/entandodatabaseservices?watch=true HTTP/1.1 and responded: HTTP/1.1 200 OK
Sep 07, 2020 11:31:32 AM io.fabric8.kubernetes.client.dsl.internal.WatchHTTPManager$1 onResponse
INFO: Watch terminated unexpectedly. reason: \n not found: limit=46 content=7b2261706956657273696f6e223a227631222c226b696e64223a224c69737422â€¦
Sep 07, 2020 11:31:32 AM okhttp3.mockwebserver.MockWebServer$3 processOneRequest
INFO: MockWebServer[56902] received request: GET /api/v1/namespaces/entando-k8s-controller-coordinator-carcpr41/pods?labelSelector=EntandoResourceKind%3DEntandoKeycloakServer HTTP/1.1 and responded: HTTP/1.1 200 OK
Sep 07, 2020 11:31:32 AM okhttp3.mockwebserver.MockWebServer$3 processOneRequest
INFO: MockWebServer[56902] received request: POST /api/v1/namespaces/entando-k8s-controller-coordinator-carcpr41/pods HTTP/1.1 and responded: HTTP/1.1 202 OK
Sep 07, 2020 11:31:32 AM okhttp3.mockwebserver.MockWebServer$3 processOneRequest
INFO: MockWebServer[56902] received request: GET /apis/entando.org/v1/namespaces/entando-k8s-controller-coordinator-carcpr41/entandoplugins?watch=true HTTP/1.1 and responded: HTTP/1.1 200 OK
Sep 07, 2020 11:31:32 AM io.fabric8.kubernetes.client.dsl.internal.WatchHTTPManager$1 onResponse
INFO: Watch terminated unexpectedly. reason: \n not found: limit=46 content=7b2261706956657273696f6e223a227631222c226b696e64223a224c69737422â€¦
Sep 07, 2020 11:31:32 AM okhttp3.mockwebserver.MockWebServer$3 processOneRequest
INFO: MockWebServer[56902] received request: GET /api/v1/namespaces/entando-k8s-controller-coordinator-carcpr41/pods?labelSelector=EntandoResourceKind%3DEntandoKeycloakServer HTTP/1.1 and responded: HTTP/1.1 200 OK
Sep 07, 2020 11:31:32 AM okhttp3.mockwebserver.MockWebServer$3 processOneRequest
INFO: MockWebServer[56902] received request: GET /api/v1/namespaces/entando-k8s-controller-coordinator-carcpr41 HTTP/1.1 and responded: HTTP/1.1 200 OK
Sep 07, 2020 11:31:32 AM okhttp3.mockwebserver.MockWebServer$3 processOneRequest
INFO: MockWebServer[56902] received request: GET /apis/entando.org/v1/namespaces/entando-k8s-controller-coordinator-carcpr41/entandokeycloakservers HTTP/1.1 and responded: HTTP/1.1 200 OK
Sep 07, 2020 11:31:33 AM okhttp3.mockwebserver.MockWebServer$3 processOneRequest
INFO: MockWebServer[56902] received request: GET /api/v1/namespaces/entando-k8s-controller-coordinator-carcpr41 HTTP/1.1 and responded: HTTP/1.1 200 OK
Sep 07, 2020 11:31:33 AM okhttp3.mockwebserver.MockWebServer$3 processOneRequest
INFO: MockWebServer[56902] received request: GET /apis/entando.org/v1/namespaces/entando-k8s-controller-coordinator-carcpr41/entandokeycloakservers HTTP/1.1 and responded: HTTP/1.1 200 OK
Sep 07, 2020 11:31:33 AM okhttp3.mockwebserver.MockWebServer$3 processOneRequest
INFO: MockWebServer[56902] received request: GET /apis/entando.org/v1/namespaces/entando-k8s-controller-coordinator-carcpr41/entandokeycloakservers/test-keycloak HTTP/1.1 and responded: HTTP/1.1 200 OK
Sep 07, 2020 11:31:33 AM okhttp3.mockwebserver.MockWebServer$3 processOneRequest
INFO: MockWebServer[56902] received request: GET /apis/entando.org/v1/namespaces/entando-k8s-controller-coordinator-carcpr41/entandoapppluginlinks?watch=true HTTP/1.1 and responded: HTTP/1.1 200 OK
Sep 07, 2020 11:31:33 AM io.fabric8.kubernetes.client.dsl.internal.WatchHTTPManager$1 onResponse
INFO: Watch terminated unexpectedly. reason: \n not found: limit=46 content=7b2261706956657273696f6e223a227631222c226b696e64223a224c69737422â€¦
Sep 07, 2020 11:31:33 AM okhttp3.mockwebserver.MockWebServer$3 processOneRequest
INFO: MockWebServer[56902] received request: GET /api/v1/namespaces/entando-k8s-controller-coordinator-carcpr41/pods?labelSelector=EntandoResourceKind%3DEntandoKeycloakServer HTTP/1.1 and responded: HTTP/1.1 200 OK
Sep 07, 2020 11:31:33 AM okhttp3.mockwebserver.MockWebServer$3 processOneRequest
INFO: MockWebServer[56902] received request: GET /api/v1/namespaces/entando-k8s-controller-coordinator-carcpr41/pods?labelSelector=EntandoResourceKind%3DEntandoKeycloakServer HTTP/1.1 and responded: HTTP/1.1 200 OK
Sep 07, 2020 11:31:33 AM okhttp3.mockwebserver.MockWebServer$3 processOneRequest
INFO: MockWebServer[56902] received request: GET /api/v1/namespaces/entando-k8s-controller-coordinator-carcpr41/pods?labelSelector=EntandoResourceKind%3DEntandoKeycloakServer HTTP/1.1 and responded: HTTP/1.1 200 OK
Sep 07, 2020 11:31:33 AM okhttp3.mockwebserver.MockWebServer$3 processOneRequest
INFO: MockWebServer[56902] received request: GET /api/v1/namespaces/entando-k8s-controller-coordinator-carcpr41/pods?labelSelector=EntandoResourceKind%3DEntandoKeycloakServer HTTP/1.1 and responded: HTTP/1.1 200 OK
Sep 07, 2020 11:31:33 AM okhttp3.mockwebserver.MockWebServer$3 processOneRequest
INFO: MockWebServer[56902] received request: GET /apis/entando.org/v1/namespaces/entando-k8s-controller-coordinator-carcpr41/entandocompositeapps?watch=true HTTP/1.1 and responded: HTTP/1.1 200 OK
Sep 07, 2020 11:31:33 AM io.fabric8.kubernetes.client.dsl.internal.WatchHTTPManager$1 onResponse
INFO: Watch terminated unexpectedly. reason: \n not found: limit=46 content=7b2261706956657273696f6e223a227631222c226b696e64223a224c69737422â€¦
Sep 07, 2020 11:31:34 AM okhttp3.mockwebserver.MockWebServer$3 processOneRequest
INFO: MockWebServer[56902] received request: GET /api/v1/namespaces/entando-k8s-controller-coordinator-carcpr41/pods?labelSelector=EntandoResourceKind%3DEntandoKeycloakServer HTTP/1.1 and responded: HTTP/1.1 200 OK
Sep 07, 2020 11:31:34 AM okhttp3.mockwebserver.MockWebServer$3 processOneRequest
INFO: MockWebServer[56902] received request: GET /api/v1/namespaces/entando-k8s-controller-coordinator-carcpr41/pods?labelSelector=EntandoResourceKind%3DEntandoKeycloakServer HTTP/1.1 and responded: HTTP/1.1 200 OK
Sep 07, 2020 11:31:34 AM okhttp3.mockwebserver.MockWebServer$3 processOneRequest
INFO: MockWebServer[56902] received request: GET /api/v1/namespaces/entando-k8s-controller-coordinator-carcpr41/pods?labelSelector=EntandoResourceKind%3DEntandoKeycloakServer HTTP/1.1 and responded: HTTP/1.1 200 OK
Sep 07, 2020 11:31:34 AM okhttp3.mockwebserver.MockWebServer$3 processOneRequest
INFO: MockWebServer[56902] received request: GET /api/v1/namespaces/entando-k8s-controller-coordinator-carcpr41/pods?labelSelector=EntandoResourceKind%3DEntandoKeycloakServer HTTP/1.1 and responded: HTTP/1.1 200 OK
Sep 07, 2020 11:31:34 AM okhttp3.mockwebserver.MockWebServer$3 processOneRequest
INFO: MockWebServer[56902] received request: GET /apis/entando.org/v1/namespaces/entando-k8s-controller-coordinator-carcpr41/entandodatabaseservices?watch=true HTTP/1.1 and responded: HTTP/1.1 200 OK
Sep 07, 2020 11:31:34 AM io.fabric8.kubernetes.client.dsl.internal.WatchHTTPManager$1 onResponse
INFO: Watch terminated unexpectedly. reason: \n not found: limit=46 content=7b2261706956657273696f6e223a227631222c226b696e64223a224c69737422â€¦
Sep 07, 2020 11:31:34 AM okhttp3.mockwebserver.MockWebServer$3 processOneRequest
INFO: MockWebServer[56902] received request: GET /api/v1/namespaces/entando-k8s-controller-coordinator-carcpr41/pods?labelSelector=EntandoResourceKind%3DEntandoKeycloakServer HTTP/1.1 and responded: HTTP/1.1 200 OK
Sep 07, 2020 11:31:34 AM okhttp3.mockwebserver.MockWebServer$3 processOneRequest
INFO: MockWebServer[56902] received request: GET /apis/entando.org/v1/namespaces/entando-k8s-controller-coordinator-carcpr41/entandokeycloakservers?watch=true HTTP/1.1 and responded: HTTP/1.1 200 OK
Sep 07, 2020 11:31:34 AM io.fabric8.kubernetes.client.dsl.internal.WatchHTTPManager$1 onResponse
INFO: Watch terminated unexpectedly. reason: \n not found: limit=315 content=7b2261706956657273696f6e223a227631222c226b696e64223a224c69737422â€¦
Sep 07, 2020 11:31:34 AM okhttp3.mockwebserver.MockWebServer$3 processOneRequest
INFO: MockWebServer[56902] received request: GET /api/v1/namespaces/entando-k8s-controller-coordinator-carcpr41/pods?labelSelector=EntandoResourceKind%3DEntandoKeycloakServer HTTP/1.1 and responded: HTTP/1.1 200 OK
Sep 07, 2020 11:31:34 AM okhttp3.mockwebserver.MockWebServer$3 processOneRequest
INFO: MockWebServer[56902] received request: GET /api/v1/namespaces/entando-k8s-controller-coordinator-carcpr41/pods?labelSelector=EntandoResourceKind%3DEntandoKeycloakServer HTTP/1.1 and responded: HTTP/1.1 200 OK
Sep 07, 2020 11:31:35 AM okhttp3.mockwebserver.MockWebServer$3 processOneRequest
INFO: MockWebServer[56902] received request: GET /api/v1/namespaces/entando-k8s-controller-coordinator-carcpr41/pods?labelSelector=EntandoResourceKind%3DEntandoKeycloakServer HTTP/1.1 and responded: HTTP/1.1 200 OK
Sep 07, 2020 11:31:35 AM okhttp3.mockwebserver.MockWebServer$3 processOneRequest
INFO: MockWebServer[56902] received request: GET /api/v1/namespaces/entando-k8s-controller-coordinator-carcpr41/pods?labelSelector=EntandoResourceKind%3DEntandoKeycloakServer HTTP/1.1 and responded: HTTP/1.1 200 OK
Sep 07, 2020 11:31:35 AM okhttp3.mockwebserver.MockWebServer$3 processOneRequest
INFO: MockWebServer[56902] received request: GET /apis/entando.org/v1/namespaces/entando-k8s-controller-coordinator-carcpr41/entandoclusterinfrastructures?watch=true HTTP/1.1 and responded: HTTP/1.1 200 OK
Sep 07, 2020 11:31:35 AM io.fabric8.kubernetes.client.dsl.internal.WatchHTTPManager$1 onResponse
INFO: Watch terminated unexpectedly. reason: \n not found: limit=46 content=7b2261706956657273696f6e223a227631222c226b696e64223a224c69737422â€¦
Sep 07, 2020 11:31:35 AM okhttp3.mockwebserver.MockWebServer$3 processOneRequest
INFO: MockWebServer[56902] received request: GET /api/v1/namespaces/entando-k8s-controller-coordinator-carcpr41/pods?labelSelector=EntandoResourceKind%3DEntandoKeycloakServer HTTP/1.1 and responded: HTTP/1.1 200 OK
Sep 07, 2020 11:31:35 AM okhttp3.mockwebserver.MockWebServer$3 processOneRequest
INFO: MockWebServer[56902] received request: GET /api/v1/namespaces/entando-k8s-controller-coordinator-carcpr41/pods?labelSelector=EntandoResourceKind%3DEntandoKeycloakServer HTTP/1.1 and responded: HTTP/1.1 200 OK
Sep 07, 2020 11:31:35 AM okhttp3.mockwebserver.MockWebServer$3 processOneRequest
INFO: MockWebServer[56902] received request: GET /api/v1/namespaces/entando-k8s-controller-coordinator-carcpr41/pods?labelSelector=EntandoResourceKind%3DEntandoKeycloakServer HTTP/1.1 and responded: HTTP/1.1 200 OK
Sep 07, 2020 11:31:35 AM okhttp3.mockwebserver.MockWebServer$3 processOneRequest
INFO: MockWebServer[56902] received request: GET /api/v1/namespaces/entando-k8s-controller-coordinator-carcpr41/pods?labelSelector=EntandoResourceKind%3DEntandoKeycloakServer HTTP/1.1 and responded: HTTP/1.1 200 OK
Sep 07, 2020 11:31:36 AM okhttp3.mockwebserver.MockWebServer$3 processOneRequest
INFO: MockWebServer[56902] received request: GET /api/v1/namespaces/entando-k8s-controller-coordinator-carcpr41/pods?labelSelector=EntandoResourceKind%3DEntandoKeycloakServer HTTP/1.1 and responded: HTTP/1.1 200 OK
Sep 07, 2020 11:31:36 AM io.fabric8.kubernetes.client.dsl.internal.WatchHTTPManager$1 onResponse
INFO: Watch terminated unexpectedly. reason: \n not found: limit=46 content=7b2261706956657273696f6e223a227631222c226b696e64223a224c69737422â€¦
Sep 07, 2020 11:31:36 AM okhttp3.mockwebserver.MockWebServer$3 processOneRequest
INFO: MockWebServer[56902] received request: GET /apis/entando.org/v1/namespaces/entando-k8s-controller-coordinator-carcpr41/entandoapps?watch=true HTTP/1.1 and responded: HTTP/1.1 200 OK
Sep 07, 2020 11:31:36 AM okhttp3.mockwebserver.MockWebServer$3 processOneRequest
INFO: MockWebServer[56902] received request: GET /api/v1/namespaces/entando-k8s-controller-coordinator-carcpr41/pods?labelSelector=EntandoResourceKind%3DEntandoKeycloakServer HTTP/1.1 and responded: HTTP/1.1 200 OK
Sep 07, 2020 11:31:36 AM okhttp3.mockwebserver.MockWebServer$3 processOneRequest
INFO: MockWebServer[56902] received request: GET /api/v1/namespaces/entando-k8s-controller-coordinator-carcpr41/pods?labelSelector=EntandoResourceKind%3DEntandoKeycloakServer HTTP/1.1 and responded: HTTP/1.1 200 OK
Sep 07, 2020 11:31:36 AM okhttp3.mockwebserver.MockWebServer$3 processOneRequest
INFO: MockWebServer[56902] received request: GET /api/v1/namespaces/entando-k8s-controller-coordinator-carcpr41/pods?labelSelector=EntandoResourceKind%3DEntandoKeycloakServer HTTP/1.1 and responded: HTTP/1.1 200 OK
Sep 07, 2020 11:31:36 AM okhttp3.mockwebserver.MockWebServer$3 processOneRequest
INFO: MockWebServer[56902] received request: GET /api/v1/namespaces/entando-k8s-controller-coordinator-carcpr41/pods?labelSelector=EntandoResourceKind%3DEntandoKeycloakServer HTTP/1.1 and responded: HTTP/1.1 200 OK
Sep 07, 2020 11:31:36 AM okhttp3.mockwebserver.MockWebServer$3 processOneRequest
INFO: MockWebServer[56902] received request: GET /apis/entando.org/v1/namespaces/entando-k8s-controller-coordinator-carcpr41/entandoplugins?watch=true HTTP/1.1 and responded: HTTP/1.1 200 OK
Sep 07, 2020 11:31:36 AM io.fabric8.kubernetes.client.dsl.internal.WatchHTTPManager$1 onResponse
INFO: Watch terminated unexpectedly. reason: \n not found: limit=46 content=7b2261706956657273696f6e223a227631222c226b696e64223a224c69737422â€¦
Sep 07, 2020 11:31:36 AM okhttp3.mockwebserver.MockWebServer$3 processOneRequest
INFO: MockWebServer[56902] received request: GET /api/v1/namespaces/entando-k8s-controller-coordinator-carcpr41/pods?labelSelector=EntandoResourceKind%3DEntandoKeycloakServer HTTP/1.1 and responded: HTTP/1.1 200 OK
Sep 07, 2020 11:31:36 AM okhttp3.mockwebserver.MockWebServer$3 processOneRequest
INFO: MockWebServer[56902] received request: GET /api/v1/namespaces/entando-k8s-controller-coordinator-carcpr41/pods?labelSelector=EntandoResourceKind%3DEntandoKeycloakServer HTTP/1.1 and responded: HTTP/1.1 200 OK
Sep 07, 2020 11:31:37 AM okhttp3.mockwebserver.MockWebServer$3 processOneRequest
INFO: MockWebServer[56902] received request: GET /api/v1/namespaces/entando-k8s-controller-coordinator-carcpr41/pods?labelSelector=EntandoResourceKind%3DEntandoKeycloakServer HTTP/1.1 and responded: HTTP/1.1 200 OK
Sep 07, 2020 11:31:37 AM okhttp3.mockwebserver.MockWebServer$3 processOneRequest
INFO: MockWebServer[56902] received request: GET /api/v1/namespaces/entando-k8s-controller-coordinator-carcpr41/pods?labelSelector=EntandoResourceKind%3DEntandoKeycloakServer HTTP/1.1 and responded: HTTP/1.1 200 OK
Sep 07, 2020 11:31:37 AM okhttp3.mockwebserver.MockWebServer$3 processOneRequest
INFO: MockWebServer[56902] received request: GET /api/v1/namespaces/entando-k8s-controller-coordinator-carcpr41/pods?labelSelector=EntandoResourceKind%3DEntandoKeycloakServer HTTP/1.1 and responded: HTTP/1.1 200 OK
Sep 07, 2020 11:31:37 AM okhttp3.mockwebserver.MockWebServer$3 processOneRequest
INFO: MockWebServer[56902] received request: GET /apis/entando.org/v1/namespaces/entando-k8s-controller-coordinator-carcpr41/entandoapppluginlinks?watch=true HTTP/1.1 and responded: HTTP/1.1 200 OK
Sep 07, 2020 11:31:37 AM io.fabric8.kubernetes.client.dsl.internal.WatchHTTPManager$1 onResponse
INFO: Watch terminated unexpectedly. reason: \n not found: limit=46 content=7b2261706956657273696f6e223a227631222c226b696e64223a224c69737422â€¦
Sep 07, 2020 11:31:37 AM okhttp3.mockwebserver.MockWebServer$3 processOneRequest
INFO: MockWebServer[56902] received request: GET /api/v1/namespaces/entando-k8s-controller-coordinator-carcpr41/pods?labelSelector=EntandoResourceKind%3DEntandoKeycloakServer HTTP/1.1 and responded: HTTP/1.1 200 OK
Sep 07, 2020 11:31:37 AM okhttp3.mockwebserver.MockWebServer$3 processOneRequest
INFO: MockWebServer[56902] received request: GET /api/v1/namespaces/entando-k8s-controller-coordinator-carcpr41/pods?labelSelector=EntandoResourceKind%3DEntandoKeycloakServer HTTP/1.1 and responded: HTTP/1.1 200 OK
Sep 07, 2020 11:31:37 AM okhttp3.mockwebserver.MockWebServer$3 processOneRequest
INFO: MockWebServer[56902] received request: GET /api/v1/namespaces/entando-k8s-controller-coordinator-carcpr41/pods?labelSelector=EntandoResourceKind%3DEntandoKeycloakServer HTTP/1.1 and responded: HTTP/1.1 200 OK
Sep 07, 2020 11:31:37 AM okhttp3.mockwebserver.MockWebServer$3 processOneRequest
INFO: MockWebServer[56902] received request: GET /api/v1/namespaces/entando-k8s-controller-coordinator-carcpr41/pods?labelSelector=EntandoResourceKind%3DEntandoKeycloakServer HTTP/1.1 and responded: HTTP/1.1 200 OK
Sep 07, 2020 11:31:38 AM io.fabric8.kubernetes.client.dsl.internal.WatchHTTPManager$1 onResponse
INFO: Watch terminated unexpectedly. reason: \n not found: limit=46 content=7b2261706956657273696f6e223a227631222c226b696e64223a224c69737422â€¦
Sep 07, 2020 11:31:38 AM okhttp3.mockwebserver.MockWebServer$3 processOneRequest
INFO: MockWebServer[56902] received request: GET /apis/entando.org/v1/namespaces/entando-k8s-controller-coordinator-carcpr41/entandocompositeapps?watch=true HTTP/1.1 and responded: HTTP/1.1 200 OK
Sep 07, 2020 11:31:38 AM okhttp3.mockwebserver.MockWebServer$3 processOneRequest
INFO: MockWebServer[56902] received request: GET /api/v1/namespaces/entando-k8s-controller-coordinator-carcpr41/pods?labelSelector=EntandoResourceKind%3DEntandoKeycloakServer HTTP/1.1 and responded: HTTP/1.1 200 OK
Sep 07, 2020 11:31:38 AM okhttp3.mockwebserver.MockWebServer$3 processOneRequest
INFO: MockWebServer[56902] received request: GET /api/v1/namespaces/entando-k8s-controller-coordinator-carcpr41/pods?labelSelector=EntandoResourceKind%3DEntandoKeycloakServer HTTP/1.1 and responded: HTTP/1.1 200 OK
Sep 07, 2020 11:31:38 AM okhttp3.mockwebserver.MockWebServer$3 processOneRequest
INFO: MockWebServer[56902] received request: GET /api/v1/namespaces/entando-k8s-controller-coordinator-carcpr41/pods?labelSelector=EntandoResourceKind%3DEntandoKeycloakServer HTTP/1.1 and responded: HTTP/1.1 200 OK
Sep 07, 2020 11:31:38 AM okhttp3.mockwebserver.MockWebServer$2 acceptConnections
INFO: MockWebServer[56902] done accepting connections: Socket closed
Sep 07, 2020 11:31:38 AM okhttp3.mockwebserver.MockWebServer$2 e**cute
INFO: MockWebServer[36765] starting to accept connections
Sep 07, 2020 11:31:38 AM io.fabric8.kubernetes.client.dsl.internal.WatchHTTPManager$1 onFailure
INFO: Watch connection failed. reason: e**cutor rejected
Sep 07, 2020 11:31:38 AM okhttp3.mockwebserver.MockWebServer$3 processOneRequest
INFO: MockWebServer[36765] received request: GET /api/v1/namespaces/entando-k8s-controller-coordinator-carcpr41 HTTP/1.1 and responded: HTTP/1.1 404 Client Error
Sep 07, 2020 11:31:38 AM okhttp3.mockwebserver.MockWebServer$3 processOneRequest
INFO: MockWebServer[36765] received request: POST /api/v1/namespaces HTTP/1.1 and responded: HTTP/1.1 202 OK
Sep 07, 2020 11:31:38 AM okhttp3.mockwebserver.MockWebServer$3 processOneRequest
INFO: MockWebServer[36765] received request: POST /api/v1/namespaces/entando/configmaps HTTP/1.1 and responded: HTTP/1.1 202 OK
Sep 07, 2020 11:31:38 AM okhttp3.mockwebserver.MockWebServer$3 processOneRequest
INFO: MockWebServer[36765] received request: GET /api/v1/namespaces/entando-k8s-controller-coordinator-carcpr41 HTTP/1.1 and responded: HTTP/1.1 200 OK
Sep 07, 2020 11:31:38 AM okhttp3.mockwebserver.MockWebServer$3 processOneRequest
INFO: MockWebServer[36765] received request: GET /apis/entando.org/v1/namespaces/entando-k8s-controller-coordinator-carcpr41/entandokeycloakservers HTTP/1.1 and responded: HTTP/1.1 200 OK
Sep 07, 2020 11:31:38 AM okhttp3.mockwebserver.MockWebServer$3 processOneRequest
INFO: MockWebServer[36765] received request: GET /api/v1/namespaces/entando-k8s-controller-coordinator-carcpr41 HTTP/1.1 and responded: HTTP/1.1 200 OK
Sep 07, 2020 11:31:39 AM okhttp3.mockwebserver.MockWebServer$3 processOneRequest
INFO: MockWebServer[36765] received request: GET /apis/entando.org/v1/namespaces/entando-k8s-controller-coordinator-carcpr41/entandokeycloakservers HTTP/1.1 and responded: HTTP/1.1 200 OK
Sep 07, 2020 11:31:39 AM okhttp3.mockwebserver.MockWebServer$3 processOneRequest
INFO: MockWebServer[36765] received request: POST /apis/entando.org/v1/namespaces/entando-k8s-controller-coordinator-carcpr41/entandokeycloakservers HTTP/1.1 and responded: HTTP/1.1 202 OK
Sep 07, 2020 11:31:39 AM okhttp3.mockwebserver.MockWebServer$3 processOneRequest
INFO: MockWebServer[36765] received request: GET /api/v1/namespaces/entando-k8s-controller-coordinator-carcpr41/pods?labelSelector=EntandoResourceKind%3DEntandoKeycloakServer HTTP/1.1 and responded: HTTP/1.1 200 OK
Sep 07, 2020 11:31:39 AM okhttp3.mockwebserver.MockWebServer$3 processOneRequest
INFO: MockWebServer[36765] received request: GET /api/v1/namespaces/entando-k8s-controller-coordinator-carcpr41/pods?labelSelector=EntandoResourceKind%3DEntandoKeycloakServer HTTP/1.1 and responded: HTTP/1.1 200 OK
Sep 07, 2020 11:31:39 AM okhttp3.mockwebserver.MockWebServer$3 processOneRequest
INFO: MockWebServer[36765] received request: GET /api/v1/namespaces/entando-k8s-controller-coordinator-carcpr41/pods?labelSelector=EntandoResourceKind%3DEntandoKeycloakServer HTTP/1.1 and responded: HTTP/1.1 200 OK
Sep 07, 2020 11:31:39 AM okhttp3.mockwebserver.MockWebServer$3 processOneRequest
INFO: MockWebServer[36765] received request: GET /api/v1/namespaces/entando-k8s-controller-coordinator-carcpr41/pods?labelSelector=EntandoResourceKind%3DEntandoKeycloakServer HTTP/1.1 and responded: HTTP/1.1 200 OK
Sep 07, 2020 11:31:39 AM okhttp3.mockwebserver.MockWebServer$3 processOneRequest
INFO: MockWebServer[36765] received request: GET /api/v1/namespaces/entando-k8s-controller-coordinator-carcpr41/pods?labelSelector=EntandoResourceKind%3DEntandoKeycloakServer HTTP/1.1 and responded: HTTP/1.1 200 OK
Sep 07, 2020 11:31:40 AM okhttp3.mockwebserver.MockWebServer$3 processOneRequest
INFO: MockWebServer[36765] received request: GET /api/v1/namespaces/entando-k8s-controller-coordinator-carcpr41/pods?labelSelector=EntandoResourceKind%3DEntandoKeycloakServer HTTP/1.1 and responded: HTTP/1.1 200 OK
Sep 07, 2020 11:31:40 AM okhttp3.mockwebserver.MockWebServer$3 processOneRequest
INFO: MockWebServer[36765] received request: GET /api/v1/namespaces/entando-k8s-controller-coordinator-carcpr41/pods?labelSelector=EntandoResourceKind%3DEntandoKeycloakServer HTTP/1.1 and responded: HTTP/1.1 200 OK
Sep 07, 2020 11:31:40 AM okhttp3.mockwebserver.MockWebServer$3 processOneRequest
INFO: MockWebServer[36765] received request: GET /api/v1/namespaces/entando-k8s-controller-coordinator-carcpr41/pods?labelSelector=EntandoResourceKind%3DEntandoKeycloakServer HTTP/1.1 and responded: HTTP/1.1 200 OK
Sep 07, 2020 11:31:40 AM okhttp3.mockwebserver.MockWebServer$3 processOneRequest
INFO: MockWebServer[36765] received request: GET /api/v1/namespaces/entando-k8s-controller-coordinator-carcpr41/pods?labelSelector=EntandoResourceKind%3DEntandoKeycloakServer HTTP/1.1 and responded: HTTP/1.1 200 OK
Sep 07, 2020 11:31:40 AM okhttp3.mockwebserver.MockWebServer$3 processOneRequest
INFO: MockWebServer[36765] received request: GET /api/v1/namespaces/entando-k8s-controller-coordinator-carcpr41/pods?labelSelector=EntandoResourceKind%3DEntandoKeycloakServer HTTP/1.1 and responded: HTTP/1.1 200 OK
Sep 07, 2020 11:31:40 AM okhttp3.mockwebserver.MockWebServer$3 processOneRequest
INFO: MockWebServer[36765] received request: GET /api/v1/namespaces/entando-k8s-controller-coordinator-carcpr41/pods?labelSelector=EntandoResourceKind%3DEntandoKeycloakServer HTTP/1.1 and responded: HTTP/1.1 200 OK
Sep 07, 2020 11:31:40 AM okhttp3.mockwebserver.MockWebServer$3 processOneRequest
INFO: MockWebServer[36765] received request: GET /api/v1/namespaces/entando-k8s-controller-coordinator-carcpr41/pods?labelSelector=EntandoResourceKind%3DEntandoKeycloakServer HTTP/1.1 and responded: HTTP/1.1 200 OK
Sep 07, 2020 11:31:41 AM okhttp3.mockwebserver.MockWebServer$3 processOneRequest
INFO: MockWebServer[36765] received request: GET /api/v1/namespaces/entando-k8s-controller-coordinator-carcpr41/pods?labelSelector=EntandoResourceKind%3DEntandoKeycloakServer HTTP/1.1 and responded: HTTP/1.1 200 OK
Sep 07, 2020 11:31:41 AM okhttp3.mockwebserver.MockWebServer$3 processOneRequest
INFO: MockWebServer[36765] received request: GET /api/v1/namespaces/entando-k8s-controller-coordinator-carcpr41/pods?labelSelector=EntandoResourceKind%3DEntandoKeycloakServer HTTP/1.1 and responded: HTTP/1.1 200 OK
Sep 07, 2020 11:31:41 AM okhttp3.mockwebserver.MockWebServer$3 processOneRequest
INFO: MockWebServer[36765] received request: GET /api/v1/namespaces/entando-k8s-controller-coordinator-carcpr41/pods?labelSelector=EntandoResourceKind%3DEntandoKeycloakServer HTTP/1.1 and responded: HTTP/1.1 200 OK
Sep 07, 2020 11:31:41 AM okhttp3.mockwebserver.MockWebServer$3 processOneRequest
INFO: MockWebServer[36765] received request: GET /api/v1/namespaces/entando-k8s-controller-coordinator-carcpr41/pods?labelSelector=EntandoResourceKind%3DEntandoKeycloakServer HTTP/1.1 and responded: HTTP/1.1 200 OK
Sep 07, 2020 11:31:41 AM okhttp3.mockwebserver.MockWebServer$3 processOneRequest
INFO: MockWebServer[36765] received request: GET /api/v1/namespaces/entando-k8s-controller-coordinator-carcpr41/pods?labelSelector=EntandoResourceKind%3DEntandoKeycloakServer HTTP/1.1 and responded: HTTP/1.1 200 OK
Sep 07, 2020 11:31:41 AM okhttp3.mockwebserver.MockWebServer$3 processOneRequest
INFO: MockWebServer[36765] received request: GET /api/v1/namespaces/entando-k8s-controller-coordinator-carcpr41/pods?labelSelector=EntandoResourceKind%3DEntandoKeycloakServer HTTP/1.1 and responded: HTTP/1.1 200 OK
Sep 07, 2020 11:31:41 AM okhttp3.mockwebserver.MockWebServer$3 processOneRequest
INFO: MockWebServer[36765] received request: GET /api/v1/namespaces/entando-k8s-controller-coordinator-carcpr41/pods?labelSelector=EntandoResourceKind%3DEntandoKeycloakServer HTTP/1.1 and responded: HTTP/1.1 200 OK
Sep 07, 2020 11:31:42 AM okhttp3.mockwebserver.MockWebServer$3 processOneRequest
INFO: MockWebServer[36765] received request: GET /api/v1/namespaces/entando-k8s-controller-coordinator-carcpr41/pods?labelSelector=EntandoResourceKind%3DEntandoKeycloakServer HTTP/1.1 and responded: HTTP/1.1 200 OK
Sep 07, 2020 11:31:42 AM okhttp3.mockwebserver.MockWebServer$3 processOneRequest
INFO: MockWebServer[36765] received request: GET /api/v1/namespaces/entando-k8s-controller-coordinator-carcpr41/pods?labelSelector=EntandoResourceKind%3DEntandoKeycloakServer HTTP/1.1 and responded: HTTP/1.1 200 OK
Sep 07, 2020 11:31:42 AM okhttp3.mockwebserver.MockWebServer$3 processOneRequest
INFO: MockWebServer[36765] received request: GET /api/v1/namespaces/entando-k8s-controller-coordinator-carcpr41/pods?labelSelector=EntandoResourceKind%3DEntandoKeycloakServer HTTP/1.1 and responded: HTTP/1.1 200 OK
Sep 07, 2020 11:31:42 AM okhttp3.mockwebserver.MockWebServer$3 processOneRequest
INFO: MockWebServer[36765] received request: GET /api/v1/namespaces/entando-k8s-controller-coordinator-carcpr41/pods?labelSelector=EntandoResourceKind%3DEntandoKeycloakServer HTTP/1.1 and responded: HTTP/1.1 200 OK
Sep 07, 2020 11:31:42 AM okhttp3.mockwebserver.MockWebServer$3 processOneRequest
INFO: MockWebServer[36765] received request: GET /api/v1/namespaces/entando-k8s-controller-coordinator-carcpr41/pods?labelSelector=EntandoResourceKind%3DEntandoKeycloakServer HTTP/1.1 and responded: HTTP/1.1 200 OK
Sep 07, 2020 11:31:42 AM io.fabric8.kubernetes.client.dsl.internal.WatchHTTPManager$1 onFailure
INFO: Watch connection failed. reason: e**cutor rejected
Sep 07, 2020 11:31:42 AM okhttp3.mockwebserver.MockWebServer$3 processOneRequest
INFO: MockWebServer[36765] received request: GET /api/v1/namespaces/entando-k8s-controller-coordinator-carcpr41/pods?labelSelector=EntandoResourceKind%3DEntandoKeycloakServer HTTP/1.1 and responded: HTTP/1.1 200 OK
Sep 07, 2020 11:31:42 AM okhttp3.mockwebserver.MockWebServer$3 processOneRequest
INFO: MockWebServer[36765] received request: GET /api/v1/namespaces/entando-k8s-controller-coordinator-carcpr41/pods?labelSelector=EntandoResourceKind%3DEntandoKeycloakServer HTTP/1.1 and responded: HTTP/1.1 200 OK
Sep 07, 2020 11:31:43 AM okhttp3.mockwebserver.MockWebServer$3 processOneRequest
INFO: MockWebServer[36765] received request: GET /api/v1/namespaces/entando-k8s-controller-coordinator-carcpr41/pods?labelSelector=EntandoResourceKind%3DEntandoKeycloakServer HTTP/1.1 and responded: HTTP/1.1 200 OK
Sep 07, 2020 11:31:43 AM okhttp3.mockwebserver.MockWebServer$3 processOneRequest
INFO: MockWebServer[36765] received request: GET /api/v1/namespaces/entando-k8s-controller-coordinator-carcpr41/pods?labelSelector=EntandoResourceKind%3DEntandoKeycloakServer HTTP/1.1 and responded: HTTP/1.1 200 OK
Sep 07, 2020 11:31:43 AM okhttp3.mockwebserver.MockWebServer$3 processOneRequest
INFO: MockWebServer[36765] received request: GET /api/v1/namespaces/entando-k8s-controller-coordinator-carcpr41/pods?labelSelector=EntandoResourceKind%3DEntandoKeycloakServer HTTP/1.1 and responded: HTTP/1.1 200 OK
Sep 07, 2020 11:31:43 AM io.fabric8.kubernetes.client.dsl.internal.WatchHTTPManager$1 onFailure
INFO: Watch connection failed. reason: e**cutor rejected
Sep 07, 2020 11:31:43 AM okhttp3.mockwebserver.MockWebServer$3 processOneRequest
INFO: MockWebServer[36765] received request: GET /api/v1/namespaces/entando-k8s-controller-coordinator-carcpr41/pods?labelSelector=EntandoResourceKind%3DEntandoKeycloakServer HTTP/1.1 and responded: HTTP/1.1 200 OK
Sep 07, 2020 11:31:43 AM okhttp3.mockwebserver.MockWebServer$3 processOneRequest
INFO: MockWebServer[36765] received request: GET /api/v1/namespaces/entando-k8s-controller-coordinator-carcpr41/pods?labelSelector=EntandoResourceKind%3DEntandoKeycloakServer HTTP/1.1 and responded: HTTP/1.1 200 OK
Sep 07, 2020 11:31:43 AM okhttp3.mockwebserver.MockWebServer$3 processOneRequest
INFO: MockWebServer[36765] received request: GET /api/v1/namespaces/entando-k8s-controller-coordinator-carcpr41/pods?labelSelector=EntandoResourceKind%3DEntandoKeycloakServer HTTP/1.1 and responded: HTTP/1.1 200 OK
Sep 07, 2020 11:31:43 AM okhttp3.mockwebserver.MockWebServer$3 processOneRequest
INFO: MockWebServer[36765] received request: GET /api/v1/namespaces/entando-k8s-controller-coordinator-carcpr41/pods?labelSelector=EntandoResourceKind%3DEntandoKeycloakServer HTTP/1.1 and responded: HTTP/1.1 200 OK
Sep 07, 2020 11:31:44 AM okhttp3.mockwebserver.MockWebServer$3 processOneRequest
INFO: MockWebServer[36765] received request: GET /api/v1/namespaces/entando-k8s-controller-coordinator-carcpr41/pods?labelSelector=EntandoResourceKind%3DEntandoKeycloakServer HTTP/1.1 and responded: HTTP/1.1 200 OK
Sep 07, 2020 11:31:44 AM io.fabric8.kubernetes.client.dsl.internal.WatchHTTPManager$1 onFailure
INFO: Watch connection failed. reason: e**cutor rejected
Sep 07, 2020 11:31:44 AM okhttp3.mockwebserver.MockWebServer$3 processOneRequest
INFO: MockWebServer[36765] received request: GET /api/v1/namespaces/entando-k8s-controller-coordinator-carcpr41/pods?labelSelector=EntandoResourceKind%3DEntandoKeycloakServer HTTP/1.1 and responded: HTTP/1.1 200 OK
Sep 07, 2020 11:31:44 AM okhttp3.mockwebserver.MockWebServer$3 processOneRequest
INFO: MockWebServer[36765] received request: GET /api/v1/namespaces/entando/configmaps/entando-docker-image-info-v6.1 HTTP/1.1 and responded: HTTP/1.1 200 OK
Sep 07, 2020 11:31:44 AM okhttp3.mockwebserver.MockWebServer$3 processOneRequest
INFO: MockWebServer[36765] received request: GET /api/v1/namespaces/entando-k8s-controller-coordinator-carcpr41 HTTP/1.1 and responded: HTTP/1.1 200 OK
Sep 07, 2020 11:31:44 AM okhttp3.mockwebserver.MockWebServer$3 processOneRequest
INFO: MockWebServer[36765] received request: GET /apis/entando.org/v1/namespaces/entando-k8s-controller-coordinator-carcpr41/entandokeycloakservers HTTP/1.1 and responded: HTTP/1.1 200 OK
Sep 07, 2020 11:31:44 AM okhttp3.mockwebserver.MockWebServer$3 processOneRequest
INFO: MockWebServer[36765] received request: GET /api/v1/namespaces/entando-k8s-controller-coordinator-carcpr41 HTTP/1.1 and responded: HTTP/1.1 200 OK
Sep 07, 2020 11:31:44 AM okhttp3.mockwebserver.MockWebServer$3 processOneRequest
INFO: MockWebServer[36765] received request: GET /apis/entando.org/v1/namespaces/entando-k8s-controller-coordinator-carcpr41/entandokeycloakservers HTTP/1.1 and responded: HTTP/1.1 200 OK
Sep 07, 2020 11:31:44 AM io.fabric8.kubernetes.client.dsl.internal.WatchHTTPManager$1 onFailure
INFO: Watch connection failed. reason: e**cutor rejected
Sep 07, 2020 11:31:44 AM okhttp3.mockwebserver.MockWebServer$3 processOneRequest
INFO: MockWebServer[36765] received request: GET /apis/entando.org/v1/namespaces/entando-k8s-controller-coordinator-carcpr41/entandokeycloakservers HTTP/1.1 and responded: HTTP/1.1 200 OK
Sep 07, 2020 11:31:44 AM org.entando.kubernetes.controller.coordinator.EntandoResourceObserver logAction
INFO: Received ADDED for resource EntandoKeycloakServer entando-k8s-controller-coordinator-carcpr41/test-keycloak
Sep 07, 2020 11:31:44 AM okhttp3.mockwebserver.MockWebServer$3 processOneRequest
INFO: MockWebServer[36765] received request: GET /api/v1/namespaces/entando/configmaps/entando-docker-image-info-v6.1 HTTP/1.1 and responded: HTTP/1.1 200 OK
Sep 07, 2020 11:31:44 AM okhttp3.mockwebserver.MockWebServer$3 processOneRequest
INFO: MockWebServer[36765] received request: GET /apis/entando.org/v1/namespaces/entando-k8s-controller-coordinator-carcpr41/entandokeycloakservers/test-keycloak?watch=true HTTP/1.1 and responded: HTTP/1.1 200 OK
Sep 07, 2020 11:31:44 AM okhttp3.mockwebserver.MockWebServer$3 processOneRequest
INFO: MockWebServer[36765] received request: GET /api/v1/namespaces/entando-k8s-controller-coordinator-carcpr41 HTTP/1.1 and responded: HTTP/1.1 200 OK
Sep 07, 2020 11:31:44 AM okhttp3.mockwebserver.MockWebServer$3 processOneRequest
INFO: MockWebServer[36765] received request: GET /apis/entando.org/v1/namespaces/entando-k8s-controller-coordinator-carcpr41/entandokeycloakservers/test-keycloak HTTP/1.1 and responded: HTTP/1.1 200 OK
Sep 07, 2020 11:31:44 AM okhttp3.mockwebserver.MockWebServer$3 processOneRequest
INFO: MockWebServer[36765] received request: GET /apis/entando.org/v1/namespaces/entando-k8s-controller-coordinator-carcpr41/entandokeycloakservers/test-keycloak?watch=true HTTP/1.1 and responded: HTTP/1.1 200 OK
Sep 07, 2020 11:31:44 AM okhttp3.mockwebserver.MockWebServer$3 processOneRequest
INFO: MockWebServer[36765] received request: GET /api/v1/namespaces/entando-k8s-controller-coordinator-carcpr41/secrets/test-keycloak-controller-ca-cert-secret HTTP/1.1 and responded: HTTP/1.1 404 Client Error
Sep 07, 2020 11:31:44 AM io.fabric8.kubernetes.client.dsl.internal.WatchHTTPManager$1 onResponse
INFO: Watch terminated unexpectedly. reason: \n not found: limit=269 content=7b226b696e64223a22456e74616e646f4b6579636c6f616b536572766572222câ€¦
Sep 07, 2020 11:31:45 AM okhttp3.mockwebserver.MockWebServer$3 processOneRequest
INFO: MockWebServer[36765] received request: GET /apis/entando.org/v1/namespaces/entando-k8s-controller-coordinator-carcpr41/entandokeycloakservers HTTP/1.1 and responded: HTTP/1.1 200 OK
Sep 07, 2020 11:31:45 AM okhttp3.mockwebserver.MockWebServer$3 processOneRequest
INFO: MockWebServer[36765] received request: GET /api/v1/namespaces/entando-k8s-controller-coordinator-carcpr41 HTTP/1.1 and responded: HTTP/1.1 200 OK
Sep 07, 2020 11:31:45 AM okhttp3.mockwebserver.MockWebServer$3 processOneRequest
INFO: MockWebServer[36765] received request: POST /api/v1/namespaces/entando-k8s-controller-coordinator-carcpr41/secrets HTTP/1.1 and responded: HTTP/1.1 202 OK
Sep 07, 2020 11:31:45 AM okhttp3.mockwebserver.MockWebServer$3 processOneRequest
INFO: MockWebServer[36765] received request: GET /apis/entando.org/v1/namespaces/entando-k8s-controller-coordinator-carcpr41/entandokeycloakservers HTTP/1.1 and responded: HTTP/1.1 200 OK
Sep 07, 2020 11:31:45 AM okhttp3.mockwebserver.MockWebServer$3 processOneRequest
INFO: MockWebServer[36765] received request: POST /api/v1/namespaces/entando-k8s-controller-coordinator-carcpr41/pods HTTP/1.1 and responded: HTTP/1.1 202 OK
Sep 07, 2020 11:31:45 AM okhttp3.mockwebserver.MockWebServer$3 processOneRequest
INFO: MockWebServer[36765] received request: GET /apis/entando.org/v1/namespaces/entando-k8s-controller-coordinator-carcpr41/entandokeycloakservers/test-keycloak HTTP/1.1 and responded: HTTP/1.1 200 OK
Sep 07, 2020 11:31:45 AM okhttp3.mockwebserver.MockWebServer$3 processOneRequest
INFO: MockWebServer[36765] received request: GET /apis/entando.org/v1/namespaces/entando-k8s-controller-coordinator-carcpr41/entandokeycloakservers/test-keycloak HTTP/1.1 and responded: HTTP/1.1 200 OK
Sep 07, 2020 11:31:45 AM okhttp3.mockwebserver.MockWebServer$3 processOneRequest
INFO: MockWebServer[36765] received request: PATCH /apis/entando.org/v1/namespaces/entando-k8s-controller-coordinator-carcpr41/entandokeycloakservers/test-keycloak HTTP/1.1 and responded: HTTP/1.1 202 OK
Sep 07, 2020 11:31:45 AM io.fabric8.kubernetes.client.dsl.internal.WatchHTTPManager$1 onFailure
INFO: Watch connection failed. reason: e**cutor rejected
Sep 07, 2020 11:31:46 AM io.fabric8.kubernetes.client.dsl.internal.WatchHTTPManager$1 onFailure
INFO: Watch connection failed. reason: e**cutor rejected
Sep 07, 2020 11:31:46 AM io.fabric8.kubernetes.client.dsl.internal.WatchHTTPManager$1 onResponse
INFO: Watch terminated unexpectedly. reason: \n not found: limit=322 content=7b226b696e64223a22456e74616e646f4b6579636c6f616b536572766572222câ€¦
Sep 07, 2020 11:31:46 AM okhttp3.mockwebserver.MockWebServer$3 processOneRequest
INFO: MockWebServer[36765] received request: GET /apis/entando.org/v1/namespaces/entando-k8s-controller-coordinator-carcpr41/entandokeycloakservers/test-keycloak?watch=true HTTP/1.1 and responded: HTTP/1.1 200 OK
Sep 07, 2020 11:31:46 AM io.fabric8.kubernetes.client.dsl.internal.WatchHTTPManager$1 onFailure
INFO: Watch connection failed. reason: e**cutor rejected
Sep 07, 2020 11:31:48 AM io.fabric8.kubernetes.client.dsl.internal.WatchHTTPManager$1 onResponse
INFO: Watch terminated unexpectedly. reason: \n not found: limit=322 content=7b226b696e64223a22456e74616e646f4b6579636c6f616b536572766572222câ€¦
Sep 07, 2020 11:31:48 AM okhttp3.mockwebserver.MockWebServer$3 processOneRequest
INFO: MockWebServer[36765] received request: GET /apis/entando.org/v1/namespaces/entando-k8s-controller-coordinator-carcpr41/entandokeycloakservers/test-keycloak?watch=true HTTP/1.1 and responded: HTTP/1.1 200 OK
Sep 07, 2020 11:31:50 AM okhttp3.mockwebserver.MockWebServer$3 processOneRequest
INFO: MockWebServer[36765] received request: GET /apis/entando.org/v1/namespaces/entando-k8s-controller-coordinator-carcpr41/entandokeycloakservers/test-keycloak HTTP/1.1 and responded: HTTP/1.1 200 OK
Sep 07, 2020 11:31:51 AM io.fabric8.kubernetes.client.dsl.internal.WatchHTTPManager close
WARN: E**cutor didn't terminate in time after shutdown in close(), killing it in: io.fabric8.kubernetes.client.dsl.internal.WatchHTTPManager@67621922
Sep 07, 2020 11:31:51 AM okhttp3.mockwebserver.MockWebServer$3 processOneRequest
INFO: MockWebServer[36765] received request: GET /apis/entando.org/v1/namespaces/entando-k8s-controller-coordinator-carcpr41/entandokeycloakservers?watch=true HTTP/1.1 and responded: HTTP/1.1 200 OK
Sep 07, 2020 11:31:51 AM okhttp3.mockwebserver.MockWebServer$3 processOneRequest
INFO: MockWebServer[36765] received request: GET /api/v1/namespaces/entando-k8s-controller-coordinator-carcpr41 HTTP/1.1 and responded: HTTP/1.1 200 OK
Sep 07, 2020 11:31:51 AM okhttp3.mockwebserver.MockWebServer$3 processOneRequest
INFO: MockWebServer[36765] received request: GET /apis/entando.org/v1/namespaces/entando-k8s-controller-coordinator-carcpr41/entandokeycloakservers?watch=true HTTP/1.1 and responded: HTTP/1.1 200 OK
Sep 07, 2020 11:31:51 AM io.fabric8.kubernetes.client.dsl.internal.WatchHTTPManager$1 onResponse
INFO: Watch terminated unexpectedly. reason: \n not found: limit=368 content=7b2261706956657273696f6e223a227631222c226b696e64223a224c69737422â€¦
Sep 07, 2020 11:31:51 AM okhttp3.mockwebserver.MockWebServer$3 processOneRequest
INFO: MockWebServer[36765] received request: GET /apis/entando.org/v1/namespaces/entando-k8s-controller-coordinator-carcpr41/entandoclusterinfrastructures HTTP/1.1 and responded: HTTP/1.1 200 OK
Sep 07, 2020 11:31:51 AM okhttp3.mockwebserver.MockWebServer$3 processOneRequest
INFO: MockWebServer[36765] received request: GET /api/v1/namespaces/entando-k8s-controller-coordinator-carcpr41 HTTP/1.1 and responded: HTTP/1.1 200 OK
Sep 07, 2020 11:31:51 AM okhttp3.mockwebserver.MockWebServer$3 processOneRequest
INFO: MockWebServer[36765] received request: GET /apis/entando.org/v1/namespaces/entando-k8s-controller-coordinator-carcpr41/entandoclusterinfrastructures HTTP/1.1 and responded: HTTP/1.1 200 OK
Sep 07, 2020 11:31:51 AM okhttp3.mockwebserver.MockWebServer$3 processOneRequest
INFO: MockWebServer[36765] received request: GET /apis/entando.org/v1/namespaces/entando-k8s-controller-coordinator-carcpr41/entandoclusterinfrastructures HTTP/1.1 and responded: HTTP/1.1 200 OK
Sep 07, 2020 11:31:51 AM okhttp3.mockwebserver.MockWebServer$3 processOneRequest
INFO: MockWebServer[36765] received request: GET /apis/entando.org/v1/namespaces/entando-k8s-controller-coordinator-carcpr41/entandoclusterinfrastructures?watch=true HTTP/1.1 and responded: HTTP/1.1 200 OK
Sep 07, 2020 11:31:51 AM okhttp3.mockwebserver.MockWebServer$3 processOneRequest
INFO: MockWebServer[36765] received request: GET /api/v1/namespaces/entando-k8s-controller-coordinator-carcpr41 HTTP/1.1 and responded: HTTP/1.1 200 OK
Sep 07, 2020 11:31:51 AM okhttp3.mockwebserver.MockWebServer$3 processOneRequest
INFO: MockWebServer[36765] received request: GET /apis/entando.org/v1/namespaces/entando-k8s-controller-coordinator-carcpr41/entandoclusterinfrastructures?watch=true HTTP/1.1 and responded: HTTP/1.1 200 OK
Sep 07, 2020 11:31:51 AM io.fabric8.kubernetes.client.dsl.internal.WatchHTTPManager$1 onResponse
INFO: Watch terminated unexpectedly. reason: \n not found: limit=46 content=7b2261706956657273696f6e223a227631222c226b696e64223a224c69737422â€¦
Sep 07, 2020 11:31:51 AM okhttp3.mockwebserver.MockWebServer$3 processOneRequest
INFO: MockWebServer[36765] received request: GET /apis/entando.org/v1/namespaces/entando-k8s-controller-coordinator-carcpr41/entandoapps HTTP/1.1 and responded: HTTP/1.1 200 OK
Sep 07, 2020 11:31:51 AM okhttp3.mockwebserver.MockWebServer$3 processOneRequest
INFO: MockWebServer[36765] received request: GET /api/v1/namespaces/entando-k8s-controller-coordinator-carcpr41 HTTP/1.1 and responded: HTTP/1.1 200 OK
Sep 07, 2020 11:31:51 AM okhttp3.mockwebserver.MockWebServer$3 processOneRequest
INFO: MockWebServer[36765] received request: GET /apis/entando.org/v1/namespaces/entando-k8s-controller-coordinator-carcpr41/entandoapps HTTP/1.1 and responded: HTTP/1.1 200 OK
Sep 07, 2020 11:31:51 AM okhttp3.mockwebserver.MockWebServer$3 processOneRequest
INFO: MockWebServer[36765] received request: GET /apis/entando.org/v1/namespaces/entando-k8s-controller-coordinator-carcpr41/entandoapps HTTP/1.1 and responded: HTTP/1.1 200 OK
Sep 07, 2020 11:31:51 AM okhttp3.mockwebserver.MockWebServer$3 processOneRequest
INFO: MockWebServer[36765] received request: GET /apis/entando.org/v1/namespaces/entando-k8s-controller-coordinator-carcpr41/entandoapps?watch=true HTTP/1.1 and responded: HTTP/1.1 200 OK
Sep 07, 2020 11:31:51 AM okhttp3.mockwebserver.MockWebServer$3 processOneRequest
INFO: MockWebServer[36765] received request: GET /apis/entando.org/v1/namespaces/entando-k8s-controller-coordinator-carcpr41/entandoapps?watch=true HTTP/1.1 and responded: HTTP/1.1 200 OK
Sep 07, 2020 11:31:51 AM okhttp3.mockwebserver.MockWebServer$3 processOneRequest
INFO: MockWebServer[36765] received request: GET /api/v1/namespaces/entando-k8s-controller-coordinator-carcpr41 HTTP/1.1 and responded: HTTP/1.1 200 OK
Sep 07, 2020 11:31:52 AM io.fabric8.kubernetes.client.dsl.internal.WatchHTTPManager$1 onResponse
INFO: Watch terminated unexpectedly. reason: \n not found: limit=46 content=7b2261706956657273696f6e223a227631222c226b696e64223a224c69737422â€¦
Sep 07, 2020 11:31:52 AM okhttp3.mockwebserver.MockWebServer$3 processOneRequest
INFO: MockWebServer[36765] received request: GET /apis/entando.org/v1/namespaces/entando-k8s-controller-coordinator-carcpr41/entandoplugins HTTP/1.1 and responded: HTTP/1.1 200 OK
Sep 07, 2020 11:31:52 AM okhttp3.mockwebserver.MockWebServer$3 processOneRequest
INFO: MockWebServer[36765] received request: GET /api/v1/namespaces/entando-k8s-controller-coordinator-carcpr41 HTTP/1.1 and responded: HTTP/1.1 200 OK
Sep 07, 2020 11:31:52 AM okhttp3.mockwebserver.MockWebServer$3 processOneRequest
INFO: MockWebServer[36765] received request: GET /apis/entando.org/v1/namespaces/entando-k8s-controller-coordinator-carcpr41/entandoplugins HTTP/1.1 and responded: HTTP/1.1 200 OK
Sep 07, 2020 11:31:52 AM okhttp3.mockwebserver.MockWebServer$3 processOneRequest
INFO: MockWebServer[36765] received request: GET /apis/entando.org/v1/namespaces/entando-k8s-controller-coordinator-carcpr41/entandokeycloakservers?watch=true HTTP/1.1 and responded: HTTP/1.1 200 OK
Sep 07, 2020 11:31:52 AM io.fabric8.kubernetes.client.dsl.internal.WatchHTTPManager$1 onResponse
INFO: Watch terminated unexpectedly. reason: \n not found: limit=368 content=7b2261706956657273696f6e223a227631222c226b696e64223a224c69737422â€¦
Sep 07, 2020 11:31:52 AM okhttp3.mockwebserver.MockWebServer$3 processOneRequest
INFO: MockWebServer[36765] received request: GET /apis/entando.org/v1/namespaces/entando-k8s-controller-coordinator-carcpr41/entandoplugins HTTP/1.1 and responded: HTTP/1.1 200 OK
Sep 07, 2020 11:31:52 AM okhttp3.mockwebserver.MockWebServer$3 processOneRequest
INFO: MockWebServer[36765] received request: GET /apis/entando.org/v1/namespaces/entando-k8s-controller-coordinator-carcpr41/entandoplugins?watch=true HTTP/1.1 and responded: HTTP/1.1 200 OK
Sep 07, 2020 11:31:52 AM okhttp3.mockwebserver.MockWebServer$3 processOneRequest
INFO: MockWebServer[36765] received request: GET /apis/entando.org/v1/namespaces/entando-k8s-controller-coordinator-carcpr41/entandoplugins?watch=true HTTP/1.1 and responded: HTTP/1.1 200 OK
Sep 07, 2020 11:31:52 AM io.fabric8.kubernetes.client.dsl.internal.WatchHTTPManager$1 onResponse
INFO: Watch terminated unexpectedly. reason: \n not found: limit=46 content=7b2261706956657273696f6e223a227631222c226b696e64223a224c69737422â€¦
Sep 07, 2020 11:31:52 AM okhttp3.mockwebserver.MockWebServer$3 processOneRequest
INFO: MockWebServer[36765] received request: GET /api/v1/namespaces/entando-k8s-controller-coordinator-carcpr41 HTTP/1.1 and responded: HTTP/1.1 200 OK
Sep 07, 2020 11:31:52 AM okhttp3.mockwebserver.MockWebServer$3 processOneRequest
INFO: MockWebServer[36765] received request: GET /apis/entando.org/v1/namespaces/entando-k8s-controller-coordinator-carcpr41/entandoapppluginlinks HTTP/1.1 and responded: HTTP/1.1 200 OK
Sep 07, 2020 11:31:52 AM okhttp3.mockwebserver.MockWebServer$3 processOneRequest
INFO: MockWebServer[36765] received request: GET /api/v1/namespaces/entando-k8s-controller-coordinator-carcpr41 HTTP/1.1 and responded: HTTP/1.1 200 OK
Sep 07, 2020 11:31:52 AM okhttp3.mockwebserver.MockWebServer$3 processOneRequest
INFO: MockWebServer[36765] received request: GET /apis/entando.org/v1/namespaces/entando-k8s-controller-coordinator-carcpr41/entandoclusterinfrastructures?watch=true HTTP/1.1 and responded: HTTP/1.1 200 OK
Sep 07, 2020 11:31:52 AM io.fabric8.kubernetes.client.dsl.internal.WatchHTTPManager$1 onResponse
INFO: Watch terminated unexpectedly. reason: \n not found: limit=46 content=7b2261706956657273696f6e223a227631222c226b696e64223a224c69737422â€¦
Sep 07, 2020 11:31:52 AM okhttp3.mockwebserver.MockWebServer$3 processOneRequest
INFO: MockWebServer[36765] received request: GET /apis/entando.org/v1/namespaces/entando-k8s-controller-coordinator-carcpr41/entandoapppluginlinks HTTP/1.1 and responded: HTTP/1.1 200 OK
Sep 07, 2020 11:31:52 AM okhttp3.mockwebserver.MockWebServer$3 processOneRequest
INFO: MockWebServer[36765] received request: GET /apis/entando.org/v1/namespaces/entando-k8s-controller-coordinator-carcpr41/entandoapppluginlinks HTTP/1.1 and responded: HTTP/1.1 200 OK
Sep 07, 2020 11:31:52 AM okhttp3.mockwebserver.MockWebServer$3 processOneRequest
INFO: MockWebServer[36765] received request: GET /apis/entando.org/v1/namespaces/entando-k8s-controller-coordinator-carcpr41/entandoapppluginlinks?watch=true HTTP/1.1 and responded: HTTP/1.1 200 OK
Sep 07, 2020 11:31:52 AM okhttp3.mockwebserver.MockWebServer$3 processOneRequest
INFO: MockWebServer[36765] received request: GET /apis/entando.org/v1/namespaces/entando-k8s-controller-coordinator-carcpr41/entandoapppluginlinks?watch=true HTTP/1.1 and responded: HTTP/1.1 200 OK
Sep 07, 2020 11:31:52 AM okhttp3.mockwebserver.MockWebServer$3 processOneRequest
INFO: MockWebServer[36765] received request: GET /api/v1/namespaces/entando-k8s-controller-coordinator-carcpr41 HTTP/1.1 and responded: HTTP/1.1 200 OK
Sep 07, 2020 11:31:52 AM io.fabric8.kubernetes.client.dsl.internal.WatchHTTPManager$1 onResponse
INFO: Watch terminated unexpectedly. reason: \n not found: limit=46 content=7b2261706956657273696f6e223a227631222c226b696e64223a224c69737422â€¦
Sep 07, 2020 11:31:52 AM okhttp3.mockwebserver.MockWebServer$3 processOneRequest
INFO: MockWebServer[36765] received request: GET /apis/entando.org/v1/namespaces/entando-k8s-controller-coordinator-carcpr41/entandocompositeapps HTTP/1.1 and responded: HTTP/1.1 200 OK
Sep 07, 2020 11:31:53 AM okhttp3.mockwebserver.MockWebServer$3 processOneRequest
INFO: MockWebServer[36765] received request: GET /api/v1/namespaces/entando-k8s-controller-coordinator-carcpr41 HTTP/1.1 and responded: HTTP/1.1 200 OK
Sep 07, 2020 11:31:53 AM okhttp3.mockwebserver.MockWebServer$3 processOneRequest
INFO: MockWebServer[36765] received request: GET /apis/entando.org/v1/namespaces/entando-k8s-controller-coordinator-carcpr41/entandoapps?watch=true HTTP/1.1 and responded: HTTP/1.1 200 OK
Sep 07, 2020 11:31:53 AM okhttp3.mockwebserver.MockWebServer$3 processOneRequest
INFO: MockWebServer[36765] received request: GET /apis/entando.org/v1/namespaces/entando-k8s-controller-coordinator-carcpr41/entandocompositeapps HTTP/1.1 and responded: HTTP/1.1 200 OK
Sep 07, 2020 11:31:53 AM io.fabric8.kubernetes.client.dsl.internal.WatchHTTPManager$1 onResponse
INFO: Watch terminated unexpectedly. reason: \n not found: limit=46 content=7b2261706956657273696f6e223a227631222c226b696e64223a224c69737422â€¦
Sep 07, 2020 11:31:53 AM okhttp3.mockwebserver.MockWebServer$3 processOneRequest
INFO: MockWebServer[36765] received request: GET /apis/entando.org/v1/namespaces/entando-k8s-controller-coordinator-carcpr41/entandocompositeapps HTTP/1.1 and responded: HTTP/1.1 200 OK
Sep 07, 2020 11:31:53 AM okhttp3.mockwebserver.MockWebServer$3 processOneRequest
INFO: MockWebServer[36765] received request: GET /apis/entando.org/v1/namespaces/entando-k8s-controller-coordinator-carcpr41/entandocompositeapps?watch=true HTTP/1.1 and responded: HTTP/1.1 200 OK
Sep 07, 2020 11:31:53 AM okhttp3.mockwebserver.MockWebServer$3 processOneRequest
INFO: MockWebServer[36765] received request: GET /api/v1/namespaces/entando-k8s-controller-coordinator-carcpr41 HTTP/1.1 and responded: HTTP/1.1 200 OK
Sep 07, 2020 11:31:53 AM okhttp3.mockwebserver.MockWebServer$3 processOneRequest
INFO: MockWebServer[36765] received request: GET /apis/entando.org/v1/namespaces/entando-k8s-controller-coordinator-carcpr41/entandocompositeapps?watch=true HTTP/1.1 and responded: HTTP/1.1 200 OK
Sep 07, 2020 11:31:53 AM io.fabric8.kubernetes.client.dsl.internal.WatchHTTPManager$1 onResponse
INFO: Watch terminated unexpectedly. reason: \n not found: limit=46 content=7b2261706956657273696f6e223a227631222c226b696e64223a224c69737422â€¦
Sep 07, 2020 11:31:53 AM okhttp3.mockwebserver.MockWebServer$3 processOneRequest
INFO: MockWebServer[36765] received request: GET /apis/entando.org/v1/namespaces/entando-k8s-controller-coordinator-carcpr41/entandodatabaseservices HTTP/1.1 and responded: HTTP/1.1 200 OK
Sep 07, 2020 11:31:53 AM okhttp3.mockwebserver.MockWebServer$3 processOneRequest
INFO: MockWebServer[36765] received request: GET /apis/entando.org/v1/namespaces/entando-k8s-controller-coordinator-carcpr41/entandoplugins?watch=true HTTP/1.1 and responded: HTTP/1.1 200 OK
Sep 07, 2020 11:31:53 AM okhttp3.mockwebserver.MockWebServer$3 processOneRequest
INFO: MockWebServer[36765] received request: GET /api/v1/namespaces/entando-k8s-controller-coordinator-carcpr41 HTTP/1.1 and responded: HTTP/1.1 200 OK
Sep 07, 2020 11:31:53 AM io.fabric8.kubernetes.client.dsl.internal.WatchHTTPManager$1 onResponse
INFO: Watch terminated unexpectedly. reason: \n not found: limit=46 content=7b2261706956657273696f6e223a227631222c226b696e64223a224c69737422â€¦
Sep 07, 2020 11:31:53 AM okhttp3.mockwebserver.MockWebServer$3 processOneRequest
INFO: MockWebServer[36765] received request: GET /apis/entando.org/v1/namespaces/entando-k8s-controller-coordinator-carcpr41/entandodatabaseservices HTTP/1.1 and responded: HTTP/1.1 200 OK
Sep 07, 2020 11:31:53 AM okhttp3.mockwebserver.MockWebServer$3 processOneRequest
INFO: MockWebServer[36765] received request: GET /apis/entando.org/v1/namespaces/entando-k8s-controller-coordinator-carcpr41/entandodatabaseservices HTTP/1.1 and responded: HTTP/1.1 200 OK
Sep 07, 2020 11:31:53 AM okhttp3.mockwebserver.MockWebServer$3 processOneRequest
INFO: MockWebServer[36765] received request: GET /apis/entando.org/v1/namespaces/entando-k8s-controller-coordinator-carcpr41/entandodatabaseservices?watch=true HTTP/1.1 and responded: HTTP/1.1 200 OK
Sep 07, 2020 11:31:53 AM okhttp3.mockwebserver.MockWebServer$3 processOneRequest
INFO: MockWebServer[36765] received request: GET /apis/entando.org/v1/namespaces/entando-k8s-controller-coordinator-carcpr41/entandodatabaseservices?watch=true HTTP/1.1 and responded: HTTP/1.1 200 OK
Sep 07, 2020 11:31:53 AM io.fabric8.kubernetes.client.dsl.internal.WatchHTTPManager$1 onResponse
INFO: Watch terminated unexpectedly. reason: \n not found: limit=46 content=7b2261706956657273696f6e223a227631222c226b696e64223a224c69737422â€¦
Sep 07, 2020 11:31:53 AM okhttp3.mockwebserver.MockWebServer$3 processOneRequest
INFO: MockWebServer[36765] received request: GET /api/v1/namespaces/entando-k8s-controller-coordinator-carcpr41/pods?labelSelector=EntandoResourceKind%3DEntandoKeycloakServer HTTP/1.1 and responded: HTTP/1.1 200 OK
Sep 07, 2020 11:31:53 AM okhttp3.mockwebserver.MockWebServer$2 acceptConnections
INFO: MockWebServer[36765] done accepting connections: Socket closed
Sep 07, 2020 11:31:53 AM okhttp3.mockwebserver.MockWebServer$3 e**cute
INFO: MockWebServer[36765] connection from /127.0.0.1 failed: java.net.SocketException: Connection or outbound has closed
Sep 07, 2020 11:31:53 AM io.fabric8.kubernetes.client.dsl.internal.WatchHTTPManager$1 onFailure
INFO: Watch connection failed. reason: Canceled
[INFO] Tests run: 2, Failures: 0, Errors: 0, Skipped: 0, Time elapsed: 29.319 s - in org.entando.kubernetes.controller.coordinator.inprocesstests.ControllerCoordinatorEdgeConditionsTest
[INFO] Running org.entando.kubernetes.controller.coordinator.inprocesstests.DeploymentPhaseWatcherTest
Sep 07, 2020 11:31:53 AM okhttp3.mockwebserver.MockWebServer$2 e**cute
INFO: MockWebServer[60590] starting to accept connections
Sep 07, 2020 11:31:54 AM okhttp3.mockwebserver.MockWebServer$3 processOneRequest
INFO: MockWebServer[60590] received request: GET /api/v1/namespaces/test HTTP/1.1 and responded: HTTP/1.1 404 Client Error
Sep 07, 2020 11:31:54 AM okhttp3.mockwebserver.MockWebServer$3 processOneRequest
INFO: MockWebServer[60590] received request: GET /apis/entando.org/v1/namespaces/default/entandoapps HTTP/1.1 and responded: HTTP/1.1 200 OK
Sep 07, 2020 11:31:54 AM io.fabric8.kubernetes.client.dsl.internal.WatchHTTPManager$1 onFailure
INFO: Watch connection failed. reason: e**cutor rejected
Sep 07, 2020 11:31:54 AM okhttp3.mockwebserver.MockWebServer$3 processOneRequest
INFO: MockWebServer[60590] received request: GET /api/v1/namespaces/test HTTP/1.1 and responded: HTTP/1.1 404 Client Error
Sep 07, 2020 11:31:54 AM okhttp3.mockwebserver.MockWebServer$3 processOneRequest
INFO: MockWebServer[60590] received request: GET /apis/entando.org/v1/namespaces/default/entandoapps HTTP/1.1 and responded: HTTP/1.1 200 OK
Sep 07, 2020 11:31:54 AM io.fabric8.kubernetes.client.dsl.internal.WatchHTTPManager$1 onFailure
INFO: Watch connection failed. reason: e**cutor rejected
Sep 07, 2020 11:31:54 AM okhttp3.mockwebserver.MockWebServer$3 processOneRequest
INFO: MockWebServer[60590] received request: POST /apis/entando.org/v1/namespaces/test/entandoapps HTTP/1.1 and responded: HTTP/1.1 202 OK
Sep 07, 2020 11:31:54 AM okhttp3.mockwebserver.MockWebServer$3 processOneRequest
INFO: MockWebServer[60590] received request: GET /apis/entando.org/v1/namespaces/test/entandoapps/test-app?watch=true HTTP/1.1 and responded: HTTP/1.1 200 OK
Sep 07, 2020 11:31:54 AM okhttp3.mockwebserver.MockWebServer$3 processOneRequest
INFO: MockWebServer[60590] received request: GET /apis/entando.org/v1/namespaces/test/entandoapps/test-app HTTP/1.1 and responded: HTTP/1.1 200 OK
Sep 07, 2020 11:31:54 AM okhttp3.mockwebserver.MockWebServer$3 processOneRequest
INFO: MockWebServer[60590] received request: GET /apis/entando.org/v1/namespaces/test/entandoapps/test-app?watch=true HTTP/1.1 and responded: HTTP/1.1 200 OK
Sep 07, 2020 11:31:54 AM io.fabric8.kubernetes.client.dsl.internal.WatchHTTPManager$1 onFailure
INFO: Watch connection failed. reason: e**cutor rejected
Sep 07, 2020 11:31:54 AM io.fabric8.kubernetes.client.dsl.internal.WatchHTTPManager$1 onResponse
INFO: Watch terminated unexpectedly. reason: \n not found: limit=210 content=7b226b696e64223a22456e74616e646f417070222c2261706956657273696f6eâ€¦
Sep 07, 2020 11:31:54 AM io.fabric8.kubernetes.client.dsl.internal.WatchHTTPManager$1 onFailure
INFO: Watch connection failed. reason: e**cutor rejected
Sep 07, 2020 11:31:54 AM okhttp3.mockwebserver.MockWebServer$3 processOneRequest
INFO: MockWebServer[60590] received request: GET /apis/entando.org/v1/namespaces/test/entandoapps/test-app HTTP/1.1 and responded: HTTP/1.1 200 OK
Sep 07, 2020 11:31:55 AM okhttp3.mockwebserver.MockWebServer$3 processOneRequest
INFO: MockWebServer[60590] received request: GET /apis/entando.org/v1/namespaces/test/entandoapps/test-app HTTP/1.1 and responded: HTTP/1.1 200 OK
Sep 07, 2020 11:31:55 AM io.fabric8.kubernetes.client.dsl.internal.WatchHTTPManager$1 onFailure
INFO: Watch connection failed. reason: e**cutor rejected
Sep 07, 2020 11:31:55 AM okhttp3.mockwebserver.MockWebServer$3 processOneRequest
INFO: MockWebServer[60590] received request: PATCH /apis/entando.org/v1/namespaces/test/entandoapps/test-app HTTP/1.1 and responded: HTTP/1.1 202 OK
Sep 07, 2020 11:31:55 AM okhttp3.mockwebserver.MockWebServer$3 processOneRequest
INFO: MockWebServer[60590] received request: GET /apis/entando.org/v1/namespaces/test/entandoapps/test-app HTTP/1.1 and responded: HTTP/1.1 200 OK
Sep 07, 2020 11:31:55 AM io.fabric8.kubernetes.client.dsl.internal.WatchHTTPManager$1 onFailure
INFO: Watch connection failed. reason: e**cutor rejected
Sep 07, 2020 11:31:55 AM okhttp3.mockwebserver.MockWebServer$2 acceptConnections
INFO: MockWebServer[60590] done accepting connections: Socket closed
Sep 07, 2020 11:31:55 AM io.fabric8.kubernetes.client.dsl.internal.WatchHTTPManager$1 onFailure
INFO: Watch connection failed. reason: Canceled
Sep 07, 2020 11:31:55 AM io.fabric8.kubernetes.client.dsl.internal.WatchHTTPManager scheduleReconnect
WARN: Ignoring error for already closed/closing connection
[INFO] Tests run: 1, Failures: 0, Errors: 0, Skipped: 0, Time elapsed: 1.688 s - in org.entando.kubernetes.controller.coordinator.inprocesstests.DeploymentPhaseWatcherTest
[INFO] Running org.entando.kubernetes.controller.coordinator.inprocesstests.ControllerCoordinatorMockedTest
Sep 07, 2020 11:31:55 AM okhttp3.mockwebserver.MockWebServer$2 e**cute
INFO: MockWebServer[54348] starting to accept connections
Sep 07, 2020 11:31:55 AM okhttp3.mockwebserver.MockWebServer$3 processOneRequest
INFO: MockWebServer[54348] received request: GET /api/v1/namespaces/entando/configmaps/entando-docker-image-info-v6.1 HTTP/1.1 and responded: HTTP/1.1 404 Client Error
Sep 07, 2020 11:31:55 AM okhttp3.mockwebserver.MockWebServer$3 processOneRequest
INFO: MockWebServer[54348] received request: GET /api/v1/namespaces/entando-k8s-controller-coordinator-carcpr41 HTTP/1.1 and responded: HTTP/1.1 404 Client Error
Sep 07, 2020 11:31:55 AM okhttp3.mockwebserver.MockWebServer$3 processOneRequest
INFO: MockWebServer[54348] received request: GET /apis/entando.org/v1/namespaces/default/entandokeycloakservers HTTP/1.1 and responded: HTTP/1.1 200 OK
Sep 07, 2020 11:31:55 AM io.fabric8.kubernetes.client.dsl.internal.WatchHTTPManager$1 onFailure
INFO: Watch connection failed. reason: e**cutor rejected
Sep 07, 2020 11:31:56 AM okhttp3.mockwebserver.MockWebServer$3 processOneRequest
INFO: MockWebServer[54348] received request: GET /api/v1/namespaces/entando-k8s-controller-coordinator-carcpr41 HTTP/1.1 and responded: HTTP/1.1 404 Client Error
Sep 07, 2020 11:31:56 AM okhttp3.mockwebserver.MockWebServer$3 processOneRequest
INFO: MockWebServer[54348] received request: GET /apis/entando.org/v1/namespaces/default/entandokeycloakservers HTTP/1.1 and responded: HTTP/1.1 200 OK
Sep 07, 2020 11:31:56 AM okhttp3.mockwebserver.MockWebServer$3 processOneRequest
INFO: MockWebServer[54348] received request: GET /apis/entando.org/v1/namespaces/entando-k8s-controller-coordinator-carcpr41/entandokeycloakservers HTTP/1.1 and responded: HTTP/1.1 200 OK
Sep 07, 2020 11:31:56 AM okhttp3.mockwebserver.MockWebServer$3 processOneRequest
INFO: MockWebServer[54348] received request: GET /apis/entando.org/v1/namespaces/entando-k8s-controller-coordinator-carcpr41/entandokeycloakservers?watch=true HTTP/1.1 and responded: HTTP/1.1 200 OK
Sep 07, 2020 11:31:56 AM okhttp3.mockwebserver.MockWebServer$3 processOneRequest
INFO: MockWebServer[54348] received request: GET /apis/entando.org/v1/namespaces/entando-k8s-controller-coordinator-carcpr41/entandokeycloakservers?watch=true HTTP/1.1 and responded: HTTP/1.1 200 OK
Sep 07, 2020 11:31:56 AM okhttp3.mockwebserver.MockWebServer$3 processOneRequest
INFO: MockWebServer[54348] received request: GET /api/v1/namespaces/entando-k8s-controller-coordinator-carcpr41 HTTP/1.1 and responded: HTTP/1.1 404 Client Error
Sep 07, 2020 11:31:56 AM io.fabric8.kubernetes.client.dsl.internal.WatchHTTPManager$1 onFailure
INFO: Watch connection failed. reason: e**cutor rejected
Sep 07, 2020 11:31:56 AM io.fabric8.kubernetes.client.dsl.internal.WatchHTTPManager$1 onResponse
INFO: Watch terminated unexpectedly. reason: \n not found: limit=46 content=7b2261706956657273696f6e223a227631222c226b696e64223a224c69737422â€¦
Sep 07, 2020 11:31:56 AM okhttp3.mockwebserver.MockWebServer$3 processOneRequest
INFO: MockWebServer[54348] received request: GET /apis/entando.org/v1/namespaces/default/entandoclusterinfrastructures HTTP/1.1 and responded: HTTP/1.1 200 OK
Sep 07, 2020 11:31:56 AM okhttp3.mockwebserver.MockWebServer$3 processOneRequest
INFO: MockWebServer[54348] received request: GET /api/v1/namespaces/entando-k8s-controller-coordinator-carcpr41 HTTP/1.1 and responded: HTTP/1.1 404 Client Error
Sep 07, 2020 11:31:56 AM okhttp3.mockwebserver.MockWebServer$3 processOneRequest
INFO: MockWebServer[54348] received request: GET /apis/entando.org/v1/namespaces/default/entandoclusterinfrastructures HTTP/1.1 and responded: HTTP/1.1 200 OK
Sep 07, 2020 11:31:56 AM okhttp3.mockwebserver.MockWebServer$3 processOneRequest
INFO: MockWebServer[54348] received request: GET /apis/entando.org/v1/namespaces/entando-k8s-controller-coordinator-carcpr41/entandoclusterinfrastructures HTTP/1.1 and responded: HTTP/1.1 200 OK
Sep 07, 2020 11:31:56 AM okhttp3.mockwebserver.MockWebServer$3 processOneRequest
INFO: MockWebServer[54348] received request: GET /apis/entando.org/v1/namespaces/entando-k8s-controller-coordinator-carcpr41/entandoclusterinfrastructures?watch=true HTTP/1.1 and responded: HTTP/1.1 200 OK
Sep 07, 2020 11:31:56 AM okhttp3.mockwebserver.MockWebServer$3 processOneRequest
INFO: MockWebServer[54348] received request: GET /api/v1/namespaces/entando-k8s-controller-coordinator-carcpr41 HTTP/1.1 and responded: HTTP/1.1 404 Client Error
Sep 07, 2020 11:31:56 AM okhttp3.mockwebserver.MockWebServer$3 processOneRequest
INFO: MockWebServer[54348] received request: GET /apis/entando.org/v1/namespaces/entando-k8s-controller-coordinator-carcpr41/entandoclusterinfrastructures?watch=true HTTP/1.1 and responded: HTTP/1.1 200 OK
Sep 07, 2020 11:31:56 AM io.fabric8.kubernetes.client.dsl.internal.WatchHTTPManager$1 onResponse
INFO: Watch terminated unexpectedly. reason: \n not found: limit=46 content=7b2261706956657273696f6e223a227631222c226b696e64223a224c69737422â€¦
Sep 07, 2020 11:31:56 AM okhttp3.mockwebserver.MockWebServer$3 processOneRequest
INFO: MockWebServer[54348] received request: GET /apis/entando.org/v1/namespaces/default/entandoapps HTTP/1.1 and responded: HTTP/1.1 200 OK
Sep 07, 2020 11:31:56 AM io.fabric8.kubernetes.client.dsl.internal.WatchHTTPManager$1 onFailure
INFO: Watch connection failed. reason: e**cutor rejected
Sep 07, 2020 11:31:56 AM okhttp3.mockwebserver.MockWebServer$3 processOneRequest
INFO: MockWebServer[54348] received request: GET /api/v1/namespaces/entando-k8s-controller-coordinator-carcpr41 HTTP/1.1 and responded: HTTP/1.1 404 Client Error
Sep 07, 2020 11:31:56 AM okhttp3.mockwebserver.MockWebServer$3 processOneRequest
INFO: MockWebServer[54348] received request: GET /apis/entando.org/v1/namespaces/default/entandoapps HTTP/1.1 and responded: HTTP/1.1 200 OK
Sep 07, 2020 11:31:57 AM okhttp3.mockwebserver.MockWebServer$3 processOneRequest
INFO: MockWebServer[54348] received request: GET /apis/entando.org/v1/namespaces/entando-k8s-controller-coordinator-carcpr41/entandoapps HTTP/1.1 and responded: HTTP/1.1 200 OK
Sep 07, 2020 11:31:57 AM okhttp3.mockwebserver.MockWebServer$3 processOneRequest
INFO: MockWebServer[54348] received request: GET /apis/entando.org/v1/namespaces/entando-k8s-controller-coordinator-carcpr41/entandoapps?watch=true HTTP/1.1 and responded: HTTP/1.1 200 OK
Sep 07, 2020 11:31:57 AM okhttp3.mockwebserver.MockWebServer$3 processOneRequest
INFO: MockWebServer[54348] received request: GET /api/v1/namespaces/entando-k8s-controller-coordinator-carcpr41 HTTP/1.1 and responded: HTTP/1.1 404 Client Error
Sep 07, 2020 11:31:57 AM okhttp3.mockwebserver.MockWebServer$3 processOneRequest
INFO: MockWebServer[54348] received request: GET /apis/entando.org/v1/namespaces/entando-k8s-controller-coordinator-carcpr41/entandoapps?watch=true HTTP/1.1 and responded: HTTP/1.1 200 OK
Sep 07, 2020 11:31:57 AM io.fabric8.kubernetes.client.dsl.internal.WatchHTTPManager$1 onResponse
INFO: Watch terminated unexpectedly. reason: \n not found: limit=46 content=7b2261706956657273696f6e223a227631222c226b696e64223a224c69737422â€¦
Sep 07, 2020 11:31:57 AM okhttp3.mockwebserver.MockWebServer$3 processOneRequest
INFO: MockWebServer[54348] received request: GET /apis/entando.org/v1/namespaces/default/entandoplugins HTTP/1.1 and responded: HTTP/1.1 200 OK
Sep 07, 2020 11:31:57 AM okhttp3.mockwebserver.MockWebServer$3 processOneRequest
INFO: MockWebServer[54348] received request: GET /api/v1/namespaces/entando-k8s-controller-coordinator-carcpr41 HTTP/1.1 and responded: HTTP/1.1 404 Client Error
Sep 07, 2020 11:31:57 AM okhttp3.mockwebserver.MockWebServer$3 processOneRequest
INFO: MockWebServer[54348] received request: GET /apis/entando.org/v1/namespaces/default/entandoplugins HTTP/1.1 and responded: HTTP/1.1 200 OK
Sep 07, 2020 11:31:57 AM okhttp3.mockwebserver.MockWebServer$3 processOneRequest
INFO: MockWebServer[54348] received request: GET /apis/entando.org/v1/namespaces/entando-k8s-controller-coordinator-carcpr41/entandokeycloakservers?watch=true HTTP/1.1 and responded: HTTP/1.1 200 OK
Sep 07, 2020 11:31:57 AM io.fabric8.kubernetes.client.dsl.internal.WatchHTTPManager$1 onResponse
INFO: Watch terminated unexpectedly. reason: \n not found: limit=46 content=7b2261706956657273696f6e223a227631222c226b696e64223a224c69737422â€¦
Sep 07, 2020 11:31:57 AM okhttp3.mockwebserver.MockWebServer$3 processOneRequest
INFO: MockWebServer[54348] received request: GET /apis/entando.org/v1/namespaces/entando-k8s-controller-coordinator-carcpr41/entandoplugins HTTP/1.1 and responded: HTTP/1.1 200 OK
Sep 07, 2020 11:31:57 AM okhttp3.mockwebserver.MockWebServer$3 processOneRequest
INFO: MockWebServer[54348] received request: GET /apis/entando.org/v1/namespaces/entando-k8s-controller-coordinator-carcpr41/entandoplugins?watch=true HTTP/1.1 and responded: HTTP/1.1 200 OK
Sep 07, 2020 11:31:57 AM okhttp3.mockwebserver.MockWebServer$3 processOneRequest
INFO: MockWebServer[54348] received request: GET /apis/entando.org/v1/namespaces/entando-k8s-controller-coordinator-carcpr41/entandoplugins?watch=true HTTP/1.1 and responded: HTTP/1.1 200 OK
Sep 07, 2020 11:31:57 AM okhttp3.mockwebserver.MockWebServer$3 processOneRequest
INFO: MockWebServer[54348] received request: GET /api/v1/namespaces/entando-k8s-controller-coordinator-carcpr41 HTTP/1.1 and responded: HTTP/1.1 404 Client Error
Sep 07, 2020 11:31:57 AM io.fabric8.kubernetes.client.dsl.internal.WatchHTTPManager$1 onResponse
INFO: Watch terminated unexpectedly. reason: \n not found: limit=46 content=7b2261706956657273696f6e223a227631222c226b696e64223a224c69737422â€¦
Sep 07, 2020 11:31:57 AM okhttp3.mockwebserver.MockWebServer$3 processOneRequest
INFO: MockWebServer[54348] received request: GET /apis/entando.org/v1/namespaces/default/entandoapppluginlinks HTTP/1.1 and responded: HTTP/1.1 200 OK
Sep 07, 2020 11:31:57 AM okhttp3.mockwebserver.MockWebServer$3 processOneRequest
INFO: MockWebServer[54348] received request: GET /api/v1/namespaces/entando-k8s-controller-coordinator-carcpr41 HTTP/1.1 and responded: HTTP/1.1 404 Client Error
Sep 07, 2020 11:31:57 AM okhttp3.mockwebserver.MockWebServer$3 processOneRequest
INFO: MockWebServer[54348] received request: GET /apis/entando.org/v1/namespaces/default/entandoapppluginlinks HTTP/1.1 and responded: HTTP/1.1 200 OK
Sep 07, 2020 11:31:57 AM io.fabric8.kubernetes.client.dsl.internal.WatchHTTPManager$1 onResponse
INFO: Watch terminated unexpectedly. reason: \n not found: limit=46 content=7b2261706956657273696f6e223a227631222c226b696e64223a224c69737422â€¦
Sep 07, 2020 11:31:57 AM okhttp3.mockwebserver.MockWebServer$3 processOneRequest
INFO: MockWebServer[54348] received request: GET /apis/entando.org/v1/namespaces/entando-k8s-controller-coordinator-carcpr41/entandoclusterinfrastructures?watch=true HTTP/1.1 and responded: HTTP/1.1 200 OK
Sep 07, 2020 11:31:57 AM okhttp3.mockwebserver.MockWebServer$3 processOneRequest
INFO: MockWebServer[54348] received request: GET /apis/entando.org/v1/namespaces/entando-k8s-controller-coordinator-carcpr41/entandoapppluginlinks HTTP/1.1 and responded: HTTP/1.1 200 OK
Sep 07, 2020 11:31:57 AM okhttp3.mockwebserver.MockWebServer$3 processOneRequest
INFO: MockWebServer[54348] received request: GET /apis/entando.org/v1/namespaces/entando-k8s-controller-coordinator-carcpr41/entandoapppluginlinks?watch=true HTTP/1.1 and responded: HTTP/1.1 200 OK
Sep 07, 2020 11:31:58 AM okhttp3.mockwebserver.MockWebServer$3 processOneRequest
INFO: MockWebServer[54348] received request: GET /apis/entando.org/v1/namespaces/entando-k8s-controller-coordinator-carcpr41/entandoapppluginlinks?watch=true HTTP/1.1 and responded: HTTP/1.1 200 OK
Sep 07, 2020 11:31:58 AM okhttp3.mockwebserver.MockWebServer$3 processOneRequest
INFO: MockWebServer[54348] received request: GET /api/v1/namespaces/entando-k8s-controller-coordinator-carcpr41 HTTP/1.1 and responded: HTTP/1.1 404 Client Error
Sep 07, 2020 11:31:58 AM io.fabric8.kubernetes.client.dsl.internal.WatchHTTPManager$1 onResponse
INFO: Watch terminated unexpectedly. reason: \n not found: limit=46 content=7b2261706956657273696f6e223a227631222c226b696e64223a224c69737422â€¦
Sep 07, 2020 11:31:58 AM okhttp3.mockwebserver.MockWebServer$3 processOneRequest
INFO: MockWebServer[54348] received request: GET /apis/entando.org/v1/namespaces/default/entandocompositeapps HTTP/1.1 and responded: HTTP/1.1 200 OK
Sep 07, 2020 11:31:58 AM okhttp3.mockwebserver.MockWebServer$3 processOneRequest
INFO: MockWebServer[54348] received request: GET /api/v1/namespaces/entando-k8s-controller-coordinator-carcpr41 HTTP/1.1 and responded: HTTP/1.1 404 Client Error
Sep 07, 2020 11:31:58 AM io.fabric8.kubernetes.client.dsl.internal.WatchHTTPManager$1 onFailure
INFO: Watch connection failed. reason: e**cutor rejected
Sep 07, 2020 11:31:58 AM okhttp3.mockwebserver.MockWebServer$3 processOneRequest
INFO: MockWebServer[54348] received request: GET /apis/entando.org/v1/namespaces/default/entandocompositeapps HTTP/1.1 and responded: HTTP/1.1 200 OK
Sep 07, 2020 11:31:58 AM io.fabric8.kubernetes.client.dsl.internal.WatchHTTPManager$1 onResponse
INFO: Watch terminated unexpectedly. reason: \n not found: limit=46 content=7b2261706956657273696f6e223a227631222c226b696e64223a224c69737422â€¦
Sep 07, 2020 11:31:58 AM okhttp3.mockwebserver.MockWebServer$3 processOneRequest
INFO: MockWebServer[54348] received request: GET /apis/entando.org/v1/namespaces/entando-k8s-controller-coordinator-carcpr41/entandoapps?watch=true HTTP/1.1 and responded: HTTP/1.1 200 OK
Sep 07, 2020 11:31:58 AM okhttp3.mockwebserver.MockWebServer$3 processOneRequest
INFO: MockWebServer[54348] received request: GET /apis/entando.org/v1/namespaces/entando-k8s-controller-coordinator-carcpr41/entandocompositeapps HTTP/1.1 and responded: HTTP/1.1 200 OK
Sep 07, 2020 11:31:58 AM okhttp3.mockwebserver.MockWebServer$3 processOneRequest
INFO: MockWebServer[54348] received request: GET /apis/entando.org/v1/namespaces/entando-k8s-controller-coordinator-carcpr41/entandocompositeapps?watch=true HTTP/1.1 and responded: HTTP/1.1 200 OK
Sep 07, 2020 11:31:58 AM okhttp3.mockwebserver.MockWebServer$3 processOneRequest
INFO: MockWebServer[54348] received request: GET /api/v1/namespaces/entando-k8s-controller-coordinator-carcpr41 HTTP/1.1 and responded: HTTP/1.1 404 Client Error
Sep 07, 2020 11:31:58 AM okhttp3.mockwebserver.MockWebServer$3 processOneRequest
INFO: MockWebServer[54348] received request: GET /apis/entando.org/v1/namespaces/entando-k8s-controller-coordinator-carcpr41/entandocompositeapps?watch=true HTTP/1.1 and responded: HTTP/1.1 200 OK
Sep 07, 2020 11:31:58 AM io.fabric8.kubernetes.client.dsl.internal.WatchHTTPManager$1 onResponse
INFO: Watch terminated unexpectedly. reason: \n not found: limit=46 content=7b2261706956657273696f6e223a227631222c226b696e64223a224c69737422â€¦
Sep 07, 2020 11:31:58 AM okhttp3.mockwebserver.MockWebServer$3 processOneRequest
INFO: MockWebServer[54348] received request: GET /apis/entando.org/v1/namespaces/default/entandodatabaseservices HTTP/1.1 and responded: HTTP/1.1 200 OK
Sep 07, 2020 11:31:58 AM okhttp3.mockwebserver.MockWebServer$3 processOneRequest
INFO: MockWebServer[54348] received request: GET /api/v1/namespaces/entando-k8s-controller-coordinator-carcpr41 HTTP/1.1 and responded: HTTP/1.1 404 Client Error
Sep 07, 2020 11:31:58 AM io.fabric8.kubernetes.client.dsl.internal.WatchHTTPManager$1 onFailure
INFO: Watch connection failed. reason: e**cutor rejected
Sep 07, 2020 11:31:58 AM okhttp3.mockwebserver.MockWebServer$3 processOneRequest
INFO: MockWebServer[54348] received request: GET /apis/entando.org/v1/namespaces/default/entandodatabaseservices HTTP/1.1 and responded: HTTP/1.1 200 OK
Sep 07, 2020 11:31:58 AM io.fabric8.kubernetes.client.dsl.internal.WatchHTTPManager$1 onResponse
INFO: Watch terminated unexpectedly. reason: \n not found: limit=46 content=7b2261706956657273696f6e223a227631222c226b696e64223a224c69737422â€¦
Sep 07, 2020 11:31:58 AM okhttp3.mockwebserver.MockWebServer$3 processOneRequest
INFO: MockWebServer[54348] received request: GET /apis/entando.org/v1/namespaces/entando-k8s-controller-coordinator-carcpr41/entandoplugins?watch=true HTTP/1.1 and responded: HTTP/1.1 200 OK
Sep 07, 2020 11:31:58 AM okhttp3.mockwebserver.MockWebServer$3 processOneRequest
INFO: MockWebServer[54348] received request: GET /apis/entando.org/v1/namespaces/entando-k8s-controller-coordinator-carcpr41/entandodatabaseservices HTTP/1.1 and responded: HTTP/1.1 200 OK
Sep 07, 2020 11:31:58 AM io.fabric8.kubernetes.client.dsl.internal.WatchHTTPManager$1 onFailure
INFO: Watch connection failed. reason: e**cutor rejected
Sep 07, 2020 11:31:58 AM okhttp3.mockwebserver.MockWebServer$3 processOneRequest
INFO: MockWebServer[54348] received request: GET /apis/entando.org/v1/namespaces/entando-k8s-controller-coordinator-carcpr41/entandodatabaseservices?watch=true HTTP/1.1 and responded: HTTP/1.1 200 OK
Sep 07, 2020 11:31:58 AM okhttp3.mockwebserver.MockWebServer$3 processOneRequest
INFO: MockWebServer[54348] received request: GET /api/v1/namespaces/entando-k8s-controller-coordinator-carcpr41 HTTP/1.1 and responded: HTTP/1.1 404 Client Error
Sep 07, 2020 11:31:58 AM okhttp3.mockwebserver.MockWebServer$3 processOneRequest
INFO: MockWebServer[54348] received request: GET /apis/entando.org/v1/namespaces/entando-k8s-controller-coordinator-carcpr41/entandodatabaseservices?watch=true HTTP/1.1 and responded: HTTP/1.1 200 OK
Sep 07, 2020 11:31:58 AM io.fabric8.kubernetes.client.dsl.internal.WatchHTTPManager$1 onResponse
INFO: Watch terminated unexpectedly. reason: \n not found: limit=46 content=7b2261706956657273696f6e223a227631222c226b696e64223a224c69737422â€¦
Sep 07, 2020 11:31:58 AM okhttp3.mockwebserver.MockWebServer$3 processOneRequest
INFO: MockWebServer[54348] received request: POST /api/v1/namespaces HTTP/1.1 and responded: HTTP/1.1 202 OK
Sep 07, 2020 11:31:59 AM okhttp3.mockwebserver.MockWebServer$3 processOneRequest
INFO: MockWebServer[54348] received request: GET /api/v1/namespaces/entando/configmaps/entando-docker-image-info-v6.1 HTTP/1.1 and responded: HTTP/1.1 404 Client Error
Sep 07, 2020 11:31:59 AM okhttp3.mockwebserver.MockWebServer$3 processOneRequest
INFO: MockWebServer[54348] received request: POST /api/v1/namespaces/entando/configmaps HTTP/1.1 and responded: HTTP/1.1 202 OK
Sep 07, 2020 11:31:59 AM io.fabric8.kubernetes.client.dsl.internal.WatchHTTPManager$1 onFailure
INFO: Watch connection failed. reason: e**cutor rejected
Sep 07, 2020 11:31:59 AM io.fabric8.kubernetes.client.dsl.internal.WatchHTTPManager$1 onResponse
INFO: Watch terminated unexpectedly. reason: \n not found: limit=46 content=7b2261706956657273696f6e223a227631222c226b696e64223a224c69737422â€¦
Sep 07, 2020 11:31:59 AM okhttp3.mockwebserver.MockWebServer$3 processOneRequest
INFO: MockWebServer[54348] received request: GET /apis/entando.org/v1/namespaces/entando-k8s-controller-coordinator-carcpr41/entandoapppluginlinks?watch=true HTTP/1.1 and responded: HTTP/1.1 200 OK
Sep 07, 2020 11:31:59 AM okhttp3.mockwebserver.MockWebServer$3 processOneRequest
INFO: MockWebServer[54348] received request: GET /api/v1/namespaces/entando-k8s-controller-coordinator-carcpr41 HTTP/1.1 and responded: HTTP/1.1 200 OK
Sep 07, 2020 11:31:59 AM okhttp3.mockwebserver.MockWebServer$3 processOneRequest
INFO: MockWebServer[54348] received request: GET /apis/entando.org/v1/namespaces/entando-k8s-controller-coordinator-carcpr41/entandokeycloakservers HTTP/1.1 and responded: HTTP/1.1 200 OK
Sep 07, 2020 11:31:59 AM okhttp3.mockwebserver.MockWebServer$3 processOneRequest
INFO: MockWebServer[54348] received request: GET /api/v1/namespaces/entando-k8s-controller-coordinator-carcpr41 HTTP/1.1 and responded: HTTP/1.1 200 OK
Sep 07, 2020 11:31:59 AM okhttp3.mockwebserver.MockWebServer$3 processOneRequest
INFO: MockWebServer[54348] received request: GET /apis/entando.org/v1/namespaces/entando-k8s-controller-coordinator-carcpr41/entandokeycloakservers HTTP/1.1 and responded: HTTP/1.1 200 OK
Sep 07, 2020 11:31:59 AM io.fabric8.kubernetes.client.dsl.internal.WatchHTTPManager$1 onFailure
INFO: Watch connection failed. reason: e**cutor rejected
Sep 07, 2020 11:31:59 AM io.fabric8.kubernetes.client.dsl.internal.WatchHTTPManager$1 onResponse
INFO: Watch terminated unexpectedly. reason: \n not found: limit=46 content=7b2261706956657273696f6e223a227631222c226b696e64223a224c69737422â€¦
Sep 07, 2020 11:31:59 AM okhttp3.mockwebserver.MockWebServer$3 processOneRequest
INFO: MockWebServer[54348] received request: GET /apis/entando.org/v1/namespaces/entando-k8s-controller-coordinator-carcpr41/entandokeycloakservers?watch=true HTTP/1.1 and responded: HTTP/1.1 200 OK
Sep 07, 2020 11:31:59 AM okhttp3.mockwebserver.MockWebServer$3 processOneRequest
INFO: MockWebServer[54348] received request: POST /apis/entando.org/v1/namespaces/entando-k8s-controller-coordinator-carcpr41/entandokeycloakservers HTTP/1.1 and responded: HTTP/1.1 202 OK
Sep 07, 2020 11:31:59 AM io.fabric8.kubernetes.client.dsl.internal.WatchHTTPManager$1 onFailure
INFO: Watch connection failed. reason: e**cutor rejected
Sep 07, 2020 11:31:59 AM org.entando.kubernetes.controller.coordinator.EntandoResourceObserver logAction
INFO: Received ADDED for resource EntandoKeycloakServer entando-k8s-controller-coordinator-carcpr41/test-keycloak
Sep 07, 2020 11:31:59 AM okhttp3.mockwebserver.MockWebServer$3 processOneRequest
INFO: MockWebServer[54348] received request: GET /apis/entando.org/v1/namespaces/entando-k8s-controller-coordinator-carcpr41/entandocompositeapps?watch=true HTTP/1.1 and responded: HTTP/1.1 200 OK
Sep 07, 2020 11:31:59 AM okhttp3.mockwebserver.MockWebServer$3 processOneRequest
INFO: MockWebServer[54348] received request: GET /api/v1/namespaces/entando/configmaps/entando-docker-image-info-v6.1 HTTP/1.1 and responded: HTTP/1.1 200 OK
Sep 07, 2020 11:31:59 AM io.fabric8.kubernetes.client.dsl.internal.WatchHTTPManager$1 onResponse
INFO: Watch terminated unexpectedly. reason: \n not found: limit=46 content=7b2261706956657273696f6e223a227631222c226b696e64223a224c69737422â€¦
Sep 07, 2020 11:31:59 AM okhttp3.mockwebserver.MockWebServer$3 processOneRequest
INFO: MockWebServer[54348] received request: GET /api/v1/namespaces/entando-k8s-controller-coordinator-carcpr41/pods?labelSelector=EntandoResourceKind%3DEntandoKeycloakServer HTTP/1.1 and responded: HTTP/1.1 200 OK
Sep 07, 2020 11:31:59 AM okhttp3.mockwebserver.MockWebServer$3 processOneRequest
INFO: MockWebServer[54348] received request: GET /api/v1/namespaces/entando-k8s-controller-coordinator-carcpr41/secrets/test-keycloak-controller-ca-cert-secret HTTP/1.1 and responded: HTTP/1.1 404 Client Error
Sep 07, 2020 11:31:59 AM okhttp3.mockwebserver.MockWebServer$3 processOneRequest
INFO: MockWebServer[54348] received request: POST /api/v1/namespaces/entando-k8s-controller-coordinator-carcpr41/secrets HTTP/1.1 and responded: HTTP/1.1 202 OK
Sep 07, 2020 11:31:59 AM okhttp3.mockwebserver.MockWebServer$3 processOneRequest
INFO: MockWebServer[54348] received request: POST /api/v1/namespaces/entando-k8s-controller-coordinator-carcpr41/pods HTTP/1.1 and responded: HTTP/1.1 202 OK
Sep 07, 2020 11:31:59 AM okhttp3.mockwebserver.MockWebServer$3 processOneRequest
INFO: MockWebServer[54348] received request: GET /api/v1/namespaces/entando-k8s-controller-coordinator-carcpr41/pods?labelSelector=EntandoResourceKind%3DEntandoKeycloakServer HTTP/1.1 and responded: HTTP/1.1 200 OK
Sep 07, 2020 11:31:59 AM okhttp3.mockwebserver.MockWebServer$3 processOneRequest
INFO: MockWebServer[54348] received request: GET /api/v1/namespaces/entando-k8s-controller-coordinator-carcpr41/pods?labelSelector=EntandoResourceKind%3DEntandoKeycloakServer HTTP/1.1 and responded: HTTP/1.1 200 OK
Sep 07, 2020 11:31:59 AM okhttp3.mockwebserver.MockWebServer$3 processOneRequest
INFO: MockWebServer[54348] received request: GET /apis/entando.org/v1/namespaces/entando-k8s-controller-coordinator-carcpr41/entandoclusterinfrastructures?watch=true HTTP/1.1 and responded: HTTP/1.1 200 OK
Sep 07, 2020 11:31:59 AM okhttp3.mockwebserver.MockWebServer$2 acceptConnections
INFO: MockWebServer[54348] done accepting connections: Socket closed
Sep 07, 2020 11:31:59 AM io.fabric8.kubernetes.client.dsl.internal.WatchHTTPManager$1 onResponse
INFO: Watch terminated unexpectedly. reason: \n not found: limit=46 content=7b2261706956657273696f6e223a227631222c226b696e64223a224c69737422â€¦
Sep 07, 2020 11:31:59 AM io.fabric8.kubernetes.client.dsl.internal.WatchHTTPManager$1 onFailure
INFO: Watch connection failed. reason: Canceled
[INFO] Tests run: 1, Failures: 0, Errors: 0, Skipped: 0, Time elapsed: 4.285 s - in org.entando.kubernetes.controller.coordinator.inprocesstests.ControllerCoordinatorMockedTest
Sep 07, 2020 11:31:59 AM io.fabric8.kubernetes.client.dsl.internal.WatchHTTPManager$1 onFailure
INFO: Watch connection failed. reason: e**cutor rejected
[INFO] 
[INFO] Results:
[INFO] 
[INFO] Tests run: 11, Failures: 0, Errors: 0, Skipped: 0
[INFO] 
[INFO] 
[INFO] --- maven-jar-plugin:3.2.0:jar (default-jar) @ entando-k8s-controller-coordinator ---
[INFO] Building jar: /workspace/source/target/entando-k8s-controller-coordinator-0.0.0-SNAPSHOT-PR-41-1.jar
[INFO] 
[INFO] --- maven-jar-plugin:3.2.0:test-jar (build-test-jar) @ entando-k8s-controller-coordinator ---
[INFO] Building jar: /workspace/source/target/entando-k8s-controller-coordinator-0.0.0-SNAPSHOT-PR-41-1-tests.jar
[INFO] 
[INFO] --- quarkus-maven-plugin:1.2.0.Final:build (default) @ entando-k8s-controller-coordinator ---
[WARNING] [io.quarkus.creator.curator.Curator] These dependencies are not recommended:
	- jakarta.xml.bind:jakarta.xml.bind-api should be replaced by org.jboss.spec.javax.xml.bind:jboss-jaxb-api_2.3_spec
	- javax.activation:activation should be replaced by com.sun.activation:jakarta.activation
You might end up with two different versions of the same classes or with an artifact you shouldn't have in your classpath.
[INFO] [org.jboss.threads] JBoss Threads version 3.0.0.Final
[WARNING] [io.quarkus.kubernetes.client.deployment.KubernetesClientProcessor] Watcher 'org.entando.kubernetes.controller.coordinator.EntandoDeploymentPhaseWatcher' will most likely not work correctly in native mode. Consider specifying the generic type of 'io.fabric8.kubernetes.client.Watcher' that this class handles. See https://quarkus.io/guides/kubernetes-client#note-on-implementing-the-watcher-interface for more details
[WARNING] [io.quarkus.kubernetes.client.deployment.KubernetesClientProcessor] Watcher 'org.entando.kubernetes.controller.coordinator.EntandoResourceObserver' will most likely not work correctly in native mode. Consider specifying the generic type of 'io.fabric8.kubernetes.client.Watcher' that this class handles. See https://quarkus.io/guides/kubernetes-client#note-on-implementing-the-watcher-interface for more details
[INFO] [io.quarkus.deployment.pkg.steps.JarResultBuildStep] Building thin jar: /workspace/source/target/entando-k8s-controller-coordinator-0.0.0-SNAPSHOT-PR-41-1-runner.jar
[INFO] [io.quarkus.deployment.QuarkusAugmentor] Quarkus augmentation completed in 1524ms
[INFO] 
[INFO] --- maven-surefire-report-plugin:3.0.0-M4:failsafe-report-only (integration-tests) @ entando-k8s-controller-coordinator ---
[INFO] 
[INFO] --- dependency-check-maven:5.3.2:aggregate (default) @ entando-k8s-controller-coordinator ---
[INFO] 

Dependency-Check is an open source tool performing a best effort analysis of 3rd party dependencies; false positives and false negatives may exist in the analysis performed by the tool. Use of the tool and the reporting provided constitutes acceptance for use in an AS IS condition, and there are NO warranties, implied or otherwise, with regard to the analysis or its use. Any use of the tool and the reporting provided is at the userâ€™s risk. In no event shall the copyright holder or OWASP be held liable for any damages whatsoever arising out of or in connection with the use of this tool, the analysis performed, or the resulting report.


[INFO] Analysis Started
[INFO] Finished Archive Analyzer (0 seconds)
[INFO] Finished File Name Analyzer (0 seconds)
[INFO] Finished Jar Analyzer (0 seconds)
[INFO] Finished Dependency Merging Analyzer (0 seconds)
[INFO] Finished Version Filter Analyzer (0 seconds)
[INFO] Finished Hint Analyzer (0 seconds)
[INFO] Created CPE Index (2 seconds)
[INFO] Finished CPE Analyzer (4 seconds)
[INFO] Finished False Positive Analyzer (0 seconds)
[INFO] Finished NVD CVE Analyzer (0 seconds)
[INFO] Finished Sonatype OSS Index Analyzer (1 seconds)
[INFO] Finished Vulnerability Suppression Analyzer (0 seconds)
[INFO] Finished Dependency Bundling Analyzer (0 seconds)
[INFO] Analysis Complete (7 seconds)
[INFO] 
[INFO] --- jacoco-maven-plugin:0.8.5:report (report) @ entando-k8s-controller-coordinator ---
[INFO] Loading e**cution data file /workspace/source/target/jacoco.e**c
[INFO] Analyzed bundle 'Entando K8S Controller Coordinator' with 4 classes
[INFO] 
[INFO] --- maven-surefire-report-plugin:3.0.0-M4:report-only (unit-tests) @ entando-k8s-controller-coordinator ---
[WARNING] Unable to locate Test Source XRef to link to - DISABLED
[INFO] 
[INFO] --- maven-install-plugin:2.4:install (default-install) @ entando-k8s-controller-coordinator ---
[INFO] Installing /workspace/source/target/entando-k8s-controller-coordinator-0.0.0-SNAPSHOT-PR-41-1.jar to /home/jenkins/.mvnrepository/org/entando/entando-k8s-controller-coordinator/0.0.0-SNAPSHOT-PR-41-1/entando-k8s-controller-coordinator-0.0.0-SNAPSHOT-PR-41-1.jar
[INFO] Installing /workspace/source/pom.xml to /home/jenkins/.mvnrepository/org/entando/entando-k8s-controller-coordinator/0.0.0-SNAPSHOT-PR-41-1/entando-k8s-controller-coordinator-0.0.0-SNAPSHOT-PR-41-1.pom
[INFO] Installing /workspace/source/target/entando-k8s-controller-coordinator-0.0.0-SNAPSHOT-PR-41-1-tests.jar to /home/jenkins/.mvnrepository/org/entando/entando-k8s-controller-coordinator/0.0.0-SNAPSHOT-PR-41-1/entando-k8s-controller-coordinator-0.0.0-SNAPSHOT-PR-41-1-tests.jar
[INFO] 
[INFO] --- maven-site-plugin:3.9.0:site (default-site) @ entando-k8s-controller-coordinator ---
[INFO] configuring report plugin org.apache.maven.plugins:maven-project-info-reports-plugin:3.0.0
[INFO] 9 reports configured for maven-project-info-reports-plugin:3.0.0: dependency-info, distribution-management, index, ci-management, issue-management, licenses, plugins, scm, summary
[INFO] Rendering site with default locale English (en)
[WARNING] Unable to find a URL to the parent project. The parent menu will NOT be added.
[INFO] Relativizing decoration links with respect to localized project URL: https://central.entando.com
[INFO] Rendering content with org.apache.maven.skins:maven-default-skin:jar:1.3 skin.
[INFO] Generating "Dependency Information" report --- maven-project-info-reports-plugin:3.0.0:dependency-info
[INFO] Generating "About" report         --- maven-project-info-reports-plugin:3.0.0:index
[INFO] Generating "Issue Management" report --- maven-project-info-reports-plugin:3.0.0:issue-management
[INFO] Generating "Licenses" report      --- maven-project-info-reports-plugin:3.0.0:licenses
[INFO] Generating "Plugins" report       --- maven-project-info-reports-plugin:3.0.0:plugins
[INFO] Generating "Source Code Management" report --- maven-project-info-reports-plugin:3.0.0:scm
[INFO] Generating "Summary" report       --- maven-project-info-reports-plugin:3.0.0:summary
[INFO] 
[INFO] -----------< org.entando:entando-k8s-controller-coordinator >-----------
[INFO] Building Entando K8S Controller Coordinator 0.0.0-SNAPSHOT-PR-41-1
[INFO] --------------------------------[ jar ]---------------------------------
[INFO] 
[INFO] --- sonar-maven-plugin:3.7.0.1746:sonar (default-cli) @ entando-k8s-controller-coordinator ---
[INFO] User cache: /****/.sonar/cache
[INFO] SonarQube version: 8.0.0
[INFO] Default locale: "en", source code encoding: "UTF-8"
[INFO] Load global settings
[INFO] Load global settings (done) | time=254ms
[INFO] Server id: 1BD809FA-AWHW8ct9-T_TB3XqouNu
[INFO] User cache: /****/.sonar/cache
[INFO] Load/download plugins
[INFO] Load plugins index
[INFO] Load plugins index (done) | time=73ms
[INFO] Load/download plugins (done) | time=20664ms
[INFO] Loaded core extensions: developer-scanner
[INFO] Process project properties
[INFO] E**cute project builders
[INFO] E**cute project builders (done) | time=2ms
[INFO] Project key: entando-k8s_entando-k8s-controller-coordinator
[INFO] Base dir: /workspace/source
[INFO] Working dir: /workspace/source/target/sonar
[INFO] Load project settings for component key: 'entando-k8s_entando-k8s-controller-coordinator'
[INFO] Load project settings for component key: 'entando-k8s_entando-k8s-controller-coordinator' (done) | time=186ms
[INFO] Load project branches
[INFO] Load project branches (done) | time=33ms
[INFO] Check ALM binding of project 'entando-k8s_entando-k8s-controller-coordinator'
[INFO] Detected project binding: BOUND
[INFO] Check ALM binding of project 'entando-k8s_entando-k8s-controller-coordinator' (done) | time=26ms
[INFO] Load project pull requests
[INFO] Load project pull requests (done) | time=37ms
[INFO] Load branch configuration
[INFO] Load branch configuration (done) | time=624ms
[INFO] Load quality profiles
[INFO] Load quality profiles (done) | time=64ms
[INFO] Load active rules
[INFO] Load active rules (done) | time=1301ms
[INFO] Organization key: entando-k8s
[INFO] Pull request 41 for merge into master from ENG-1205_cluster_wide_deployment
[INFO] SCM collecting changed files in the branch
[WARNING] Exception caught during e**cution of command '[git, config, --******, --edit]' in '/usr/local/git/bin', return code '128', error message 'fatal: Invalid path '/usr/local/git/etc': No such file or directory
'
[INFO] SCM collecting changed files in the branch (done) | time=297ms
[INFO] Indexing files...
[INFO] Project configuration:
[INFO] 12 files inde**d
[INFO] 0 files ignored because of scm ignore settings
[INFO] Quality profile for java: Sonar way
[INFO] Quality profile for xml: Sonar way
[INFO] ------------- Run sensors on module Entando K8S Controller Coordinator
[INFO] Load metrics repository
[INFO] Load metrics repository (done) | time=47ms
WARNING: An illegal reflective access operation has occurred
WARNING: Illegal reflective access by net.sf.cglib.core.ReflectUtils$1 (file:/****/.sonar/cache/a89f1943fc75b65becd9fb4ecab8d913/sonar-tsql-plugin.jar) to method java.lang.ClassLoader.defineClass(java.lang.String,byte[],int,int,java.security.ProtectionDomain)
WARNING: Please consider reporting this to the maintainers of net.sf.cglib.core.ReflectUtils$1
WARNING: Use --illegal-access=warn to enable warnings of further illegal reflective access operations
WARNING: All illegal access operations will be denied in a future release
[INFO] Sensor JavaSquidSensor [java]
[INFO] Configured Java source version (sonar.java.source): 8
[INFO] JavaClasspath initialization
[INFO] JavaClasspath initialization (done) | time=14ms
[INFO] JavaTestClasspath initialization
[INFO] JavaTestClasspath initialization (done) | time=3ms
[INFO] Java Main Files AST scan
[INFO] 4 source files to be analyzed
[INFO] 4/4 source files have been analyzed
[INFO] Java Main Files AST scan (done) | time=3574ms
[INFO] Java Test Files AST scan
[INFO] 7 source files to be analyzed
[INFO] Java Test Files AST scan (done) | time=742ms
[INFO] Java Generated Files AST scan
[INFO] 7/7 source files have been analyzed
[INFO] 0 source files to be analyzed
[INFO] Java Generated Files AST scan (done) | time=1ms
[INFO] 0/0 source files have been analyzed
[INFO] Sensor JavaSquidSensor [java] (done) | time=4510ms
[INFO] Sensor SonarCSS Rules [cssfamily]
[INFO] No CSS, PHP, HTML or VueJS files are found in the project. CSS analysis is skipped.
[INFO] Sensor SonarCSS Rules [cssfamily] (done) | time=2ms
[INFO] Sensor Import of Checkstyle issues [java]
[INFO] Importing /workspace/source/target/checkstyle-result.xml
[INFO] Sensor Import of Checkstyle issues [java] (done) | time=110ms
[INFO] Sensor SurefireSensor [java]
[INFO] parsing [/workspace/source/target/surefire-reports]
[INFO] Sensor SurefireSensor [java] (done) | time=49ms
[INFO] Sensor JavaXmlSensor [java]
[INFO] 1 source files to be analyzed
[INFO] Sensor JavaXmlSensor [java] (done) | time=222ms
[INFO] 1/1 source files have been analyzed
[INFO] Sensor HTML [web]
[INFO] Sensor HTML [web] (done) | time=5ms
[INFO] Sensor XML Sensor [xml]
[INFO] 1 source files to be analyzed
[INFO] Sensor XML Sensor [xml] (done) | time=170ms
[INFO] 1/1 source files have been analyzed
[INFO] Sensor JaCoCo XML Report Importer [jacoco]
[INFO] Importing 1 report(s). Turn your logs in debug mode in order to see the exhaustive list.
[INFO] Sensor JaCoCo XML Report Importer [jacoco] (done) | time=32ms
[INFO] Sensor ThymeLeaf template sensor [securityjavafrontend]
[INFO] Sensor ThymeLeaf template sensor [securityjavafrontend] (done) | time=3ms
[INFO] Sensor JavaSecuritySensor [security]
[INFO] Reading type hierarchy from: /workspace/source/target/sonar/ucfg2/java
[INFO] Read 101 type definitions
[INFO] Reading UCFGs from: /workspace/source/target/sonar/ucfg2/java
[INFO] 11:33:13.033999 Building Type propagation graph
[INFO] 11:33:13.043466 Running Tarjan on 85 nodes
[INFO] 11:33:13.045477 Tarjan found 85 components
[INFO] 11:33:13.048104 Variable type analysis: done
[INFO] 11:33:13.04865 Building Type propagation graph
[INFO] 11:33:13.052732 Running Tarjan on 85 nodes
[INFO] 11:33:13.053254 Tarjan found 85 components
[INFO] 11:33:13.053821 Variable type analysis: done
[INFO] Analyzing 28 ucfgs to detect vulnerabilities.
[INFO] All rules entrypoints : 0 Retained UCFGs : 0
[INFO] rule: S5131, entrypoints: 0
[INFO] rule: S5131 done
[INFO] rule: S3649, entrypoints: 0
[INFO] rule: S3649 done
[INFO] rule: S2076, entrypoints: 0
[INFO] rule: S2076 done
[INFO] rule: S2091, entrypoints: 0
[INFO] rule: S2091 done
[INFO] rule: S2078, entrypoints: 0
[INFO] rule: S2078 done
[INFO] rule: S2631, entrypoints: 0
[INFO] rule: S2631 done
[INFO] rule: S5135, entrypoints: 0
[INFO] rule: S5135 done
[INFO] rule: S2083, entrypoints: 0
[INFO] rule: S2083 done
[INFO] rule: S5167, entrypoints: 0
[INFO] rule: S5167 done
[INFO] rule: S5144, entrypoints: 0
[INFO] rule: S5144 done
[INFO] rule: S5145, entrypoints: 0
[INFO] rule: S5145 done
[INFO] rule: S5146, entrypoints: 0
[INFO] rule: S5146 done
[INFO] rule: S5334, entrypoints: 0
[INFO] rule: S5334 done
[INFO] Sensor JavaSecuritySensor [security] (done) | time=451ms
[INFO] Sensor CSharpSecuritySensor [security]
[INFO] Reading type hierarchy from: /workspace/source/target/ucfg_cs2
[INFO] Read 0 type definitions
[INFO] Reading UCFGs from: /workspace/source/target/ucfg_cs2
[INFO] No UCFGs have been included for analysis.
[INFO] Sensor CSharpSecuritySensor [security] (done) | time=1ms
[INFO] Sensor PhpSecuritySensor [security]
[INFO] Reading type hierarchy from: /workspace/source/target/sonar/ucfg2/php
[INFO] Read 0 type definitions
[INFO] Reading UCFGs from: /workspace/source/target/sonar/ucfg2/php
[INFO] No UCFGs have been included for analysis.
[INFO] Sensor PhpSecuritySensor [security] (done) | time=1ms
[INFO] Sensor PythonSecuritySensor [security]
[INFO] Reading type hierarchy from: /workspace/source/target/sonar/ucfg2/python
[INFO] Read 0 type definitions
[INFO] Reading UCFGs from: /workspace/source/target/sonar/ucfg2/python
[INFO] No UCFGs have been included for analysis.
[INFO] Sensor PythonSecuritySensor [security] (done) | time=1ms
[INFO] ------------- Run sensors on project
[INFO] Sensor Zero Coverage Sensor
[INFO] Sensor Zero Coverage Sensor (done) | time=0ms
[INFO] Sensor Java CPD Block Inde**r
[INFO] Sensor Java CPD Block Inde**r (done) | time=46ms
[INFO] SCM Publisher SCM provider for this project is: git
[INFO] SCM Publisher 10 source files to be analyzed
[INFO] SCM Publisher 9/10 source files have been analyzed (done) | time=181ms
[WARNING] Missing blame information for the following files:
[WARNING]   * pom.xml
[WARNING] This may lead to missing/broken features in SonarCloud
[INFO] CPD E**cutor Calculating CPD for 4 files
[INFO] CPD E**cutor CPD calculation finished (done) | time=11ms
[INFO] SCM writing changed lines
[INFO] SCM writing changed lines (done) | time=103ms
[INFO] Analysis report generated in 306ms, dir size=264 KB
[INFO] Analysis report compressed in 39ms, zip size=78 KB
[INFO] Analysis report uploaded in 120ms
[INFO] ANALYSIS SUCCESSFUL, you can find the results at: https://sonarcloud.io/dashboard?id=entando-k8s_entando-k8s-controller-coordinator&pullRequest=41
[INFO] Note that you will be able to access the updated dashboard once the server has processed the submitted analysis report
[INFO] More about the report processing at https://sonarcloud.io/api/ce/task?id=AXRoV2yZTL0mFSenBr_o
[INFO] Analysis total time: 13.534 s
[INFO] ------------------------------------------------------------------------
[INFO] BUILD SUCCESS
[INFO] ------------------------------------------------------------------------
[INFO] Total time:  02:10 min
[INFO] Finished at: 2020-09-07T11:33:14Z
[INFO] ------------------------------------------------------------------------
shallow cloning https://github.com/entando-k8s/devops-results.git branch gh-pages
ran git init in /tmp/jenkins-x-collect302169260
ran git add remote origin https://github.com/entando-k8s/devops-results.git in /tmp/jenkins-x-collect302169260
ran git fetch origin --depth=1 gh-pages in dir /tmp/jenkins-x-collect302169260
Publishing https://raw.githubusercontent.com/entando-k8s/devops-results/gh-pages/entando-k8s-controller-coordinator/PR-41/checkstyle.html
Publishing https://raw.githubusercontent.com/entando-k8s/devops-results/gh-pages/entando-k8s-controller-coordinator/PR-41/checkstyle.rss
Publishing https://raw.githubusercontent.com/entando-k8s/devops-results/gh-pages/entando-k8s-controller-coordinator/PR-41/css/maven-base.css
Publishing https://raw.githubusercontent.com/entando-k8s/devops-results/gh-pages/entando-k8s-controller-coordinator/PR-41/css/maven-theme.css
Publishing https://raw.githubusercontent.com/entando-k8s/devops-results/gh-pages/entando-k8s-controller-coordinator/PR-41/css/print.css
Publishing https://raw.githubusercontent.com/entando-k8s/devops-results/gh-pages/entando-k8s-controller-coordinator/PR-41/css/site.css
Publishing https://raw.githubusercontent.com/entando-k8s/devops-results/gh-pages/entando-k8s-controller-coordinator/PR-41/dependency-check-junit.xml
Publishing https://raw.githubusercontent.com/entando-k8s/devops-results/gh-pages/entando-k8s-controller-coordinator/PR-41/dependency-check-report.html
Publishing https://raw.githubusercontent.com/entando-k8s/devops-results/gh-pages/entando-k8s-controller-coordinator/PR-41/dependency-check-report.xml
Publishing https://raw.githubusercontent.com/entando-k8s/devops-results/gh-pages/entando-k8s-controller-coordinator/PR-41/dependency-info.html
Publishing https://raw.githubusercontent.com/entando-k8s/devops-results/gh-pages/entando-k8s-controller-coordinator/PR-41/images/collapsed.gif
Publishing https://raw.githubusercontent.com/entando-k8s/devops-results/gh-pages/entando-k8s-controller-coordinator/PR-41/images/expanded.gif
Publishing https://raw.githubusercontent.com/entando-k8s/devops-results/gh-pages/entando-k8s-controller-coordinator/PR-41/images/external.png
Publishing https://raw.githubusercontent.com/entando-k8s/devops-results/gh-pages/entando-k8s-controller-coordinator/PR-41/images/icon_error_sml.gif
Publishing https://raw.githubusercontent.com/entando-k8s/devops-results/gh-pages/entando-k8s-controller-coordinator/PR-41/images/icon_info_sml.gif
Publishing https://raw.githubusercontent.com/entando-k8s/devops-results/gh-pages/entando-k8s-controller-coordinator/PR-41/images/icon_success_sml.gif
Publishing https://raw.githubusercontent.com/entando-k8s/devops-results/gh-pages/entando-k8s-controller-coordinator/PR-41/images/icon_warning_sml.gif
Publishing https://raw.githubusercontent.com/entando-k8s/devops-results/gh-pages/entando-k8s-controller-coordinator/PR-41/images/logos/build-by-maven-black.png
Publishing https://raw.githubusercontent.com/entando-k8s/devops-results/gh-pages/entando-k8s-controller-coordinator/PR-41/images/logos/build-by-maven-white.png
Publishing https://raw.githubusercontent.com/entando-k8s/devops-results/gh-pages/entando-k8s-controller-coordinator/PR-41/images/logos/maven-feather.png
Publishing https://raw.githubusercontent.com/entando-k8s/devops-results/gh-pages/entando-k8s-controller-coordinator/PR-41/images/newwindow.png
Publishing https://raw.githubusercontent.com/entando-k8s/devops-results/gh-pages/entando-k8s-controller-coordinator/PR-41/images/rss.png
Publishing https://raw.githubusercontent.com/entando-k8s/devops-results/gh-pages/entando-k8s-controller-coordinator/PR-41/index.html
Publishing https://raw.githubusercontent.com/entando-k8s/devops-results/gh-pages/entando-k8s-controller-coordinator/PR-41/issue-management.html
Publishing https://raw.githubusercontent.com/entando-k8s/devops-results/gh-pages/entando-k8s-controller-coordinator/PR-41/jacoco/index.html
Publishing https://raw.githubusercontent.com/entando-k8s/devops-results/gh-pages/entando-k8s-controller-coordinator/PR-41/jacoco/jacoco-resources/branchfc.gif
Publishing https://raw.githubusercontent.com/entando-k8s/devops-results/gh-pages/entando-k8s-controller-coordinator/PR-41/jacoco/jacoco-resources/branchnc.gif
Publishing https://raw.githubusercontent.com/entando-k8s/devops-results/gh-pages/entando-k8s-controller-coordinator/PR-41/jacoco/jacoco-resources/branchpc.gif
Publishing https://raw.githubusercontent.com/entando-k8s/devops-results/gh-pages/entando-k8s-controller-coordinator/PR-41/jacoco/jacoco-resources/bundle.gif
Publishing https://raw.githubusercontent.com/entando-k8s/devops-results/gh-pages/entando-k8s-controller-coordinator/PR-41/jacoco/jacoco-resources/class.gif
Publishing https://raw.githubusercontent.com/entando-k8s/devops-results/gh-pages/entando-k8s-controller-coordinator/PR-41/jacoco/jacoco-resources/down.gif
Publishing https://raw.githubusercontent.com/entando-k8s/devops-results/gh-pages/entando-k8s-controller-coordinator/PR-41/jacoco/jacoco-resources/greenbar.gif
Publishing https://raw.githubusercontent.com/entando-k8s/devops-results/gh-pages/entando-k8s-controller-coordinator/PR-41/jacoco/jacoco-resources/group.gif
Publishing https://raw.githubusercontent.com/entando-k8s/devops-results/gh-pages/entando-k8s-controller-coordinator/PR-41/jacoco/jacoco-resources/method.gif
Publishing https://raw.githubusercontent.com/entando-k8s/devops-results/gh-pages/entando-k8s-controller-coordinator/PR-41/jacoco/jacoco-resources/package.gif
Publishing https://raw.githubusercontent.com/entando-k8s/devops-results/gh-pages/entando-k8s-controller-coordinator/PR-41/jacoco/jacoco-resources/prettify.css
Publishing https://raw.githubusercontent.com/entando-k8s/devops-results/gh-pages/entando-k8s-controller-coordinator/PR-41/jacoco/jacoco-resources/prettify.js
Publishing https://raw.githubusercontent.com/entando-k8s/devops-results/gh-pages/entando-k8s-controller-coordinator/PR-41/jacoco/jacoco-resources/redbar.gif
Publishing https://raw.githubusercontent.com/entando-k8s/devops-results/gh-pages/entando-k8s-controller-coordinator/PR-41/jacoco/jacoco-resources/report.css
Publishing https://raw.githubusercontent.com/entando-k8s/devops-results/gh-pages/entando-k8s-controller-coordinator/PR-41/jacoco/jacoco-resources/report.gif
Publishing https://raw.githubusercontent.com/entando-k8s/devops-results/gh-pages/entando-k8s-controller-coordinator/PR-41/jacoco/jacoco-resources/session.gif
Publishing https://raw.githubusercontent.com/entando-k8s/devops-results/gh-pages/entando-k8s-controller-coordinator/PR-41/jacoco/jacoco-resources/sort.gif
Publishing https://raw.githubusercontent.com/entando-k8s/devops-results/gh-pages/entando-k8s-controller-coordinator/PR-41/jacoco/jacoco-resources/sort.js
Publishing https://raw.githubusercontent.com/entando-k8s/devops-results/gh-pages/entando-k8s-controller-coordinator/PR-41/jacoco/jacoco-resources/source.gif
Publishing https://raw.githubusercontent.com/entando-k8s/devops-results/gh-pages/entando-k8s-controller-coordinator/PR-41/jacoco/jacoco-resources/up.gif
Publishing https://raw.githubusercontent.com/entando-k8s/devops-results/gh-pages/entando-k8s-controller-coordinator/PR-41/jacoco/jacoco-sessions.html
Publishing https://raw.githubusercontent.com/entando-k8s/devops-results/gh-pages/entando-k8s-controller-coordinator/PR-41/jacoco/jacoco.csv
Publishing https://raw.githubusercontent.com/entando-k8s/devops-results/gh-pages/entando-k8s-controller-coordinator/PR-41/jacoco/jacoco.xml
Publishing https://raw.githubusercontent.com/entando-k8s/devops-results/gh-pages/entando-k8s-controller-coordinator/PR-41/jacoco/org.entando.kubernetes.controller.coordinator/EntandoControllerCoordinator.html
Publishing https://raw.githubusercontent.com/entando-k8s/devops-results/gh-pages/entando-k8s-controller-coordinator/PR-41/jacoco/org.entando.kubernetes.controller.coordinator/EntandoControllerCoordinator.java.html
Publishing https://raw.githubusercontent.com/entando-k8s/devops-results/gh-pages/entando-k8s-controller-coordinator/PR-41/jacoco/org.entando.kubernetes.controller.coordinator/EntandoDeploymentPhaseWatcher.html
Publishing https://raw.githubusercontent.com/entando-k8s/devops-results/gh-pages/entando-k8s-controller-coordinator/PR-41/jacoco/org.entando.kubernetes.controller.coordinator/EntandoDeploymentPhaseWatcher.java.html
Publishing https://raw.githubusercontent.com/entando-k8s/devops-results/gh-pages/entando-k8s-controller-coordinator/PR-41/jacoco/org.entando.kubernetes.controller.coordinator/EntandoOperatorMatcher.html
Publishing https://raw.githubusercontent.com/entando-k8s/devops-results/gh-pages/entando-k8s-controller-coordinator/PR-41/jacoco/org.entando.kubernetes.controller.coordinator/EntandoOperatorMatcher.java.html
Publishing https://raw.githubusercontent.com/entando-k8s/devops-results/gh-pages/entando-k8s-controller-coordinator/PR-41/jacoco/org.entando.kubernetes.controller.coordinator/EntandoResourceObserver.html
Publishing https://raw.githubusercontent.com/entando-k8s/devops-results/gh-pages/entando-k8s-controller-coordinator/PR-41/jacoco/org.entando.kubernetes.controller.coordinator/EntandoResourceObserver.java.html
Publishing https://raw.githubusercontent.com/entando-k8s/devops-results/gh-pages/entando-k8s-controller-coordinator/PR-41/jacoco/org.entando.kubernetes.controller.coordinator/index.html
Publishing https://raw.githubusercontent.com/entando-k8s/devops-results/gh-pages/entando-k8s-controller-coordinator/PR-41/jacoco/org.entando.kubernetes.controller.coordinator/index.source.html
Publishing https://raw.githubusercontent.com/entando-k8s/devops-results/gh-pages/entando-k8s-controller-coordinator/PR-41/licenses.html
Publishing https://raw.githubusercontent.com/entando-k8s/devops-results/gh-pages/entando-k8s-controller-coordinator/PR-41/plugins.html
Publishing https://raw.githubusercontent.com/entando-k8s/devops-results/gh-pages/entando-k8s-controller-coordinator/PR-41/project-info.html
Publishing https://raw.githubusercontent.com/entando-k8s/devops-results/gh-pages/entando-k8s-controller-coordinator/PR-41/scm.html
Publishing https://raw.githubusercontent.com/entando-k8s/devops-results/gh-pages/entando-k8s-controller-coordinator/PR-41/summary.html
Publishing https://raw.githubusercontent.com/entando-k8s/devops-results/gh-pages/entando-k8s-controller-coordinator/PR-41/surefire-report.html
stashed: https://raw.githubusercontent.com/entando-k8s/devops-results/gh-pages/entando-k8s-controller-coordinator/PR-41/checkstyle.html
stashed: https://raw.githubusercontent.com/entando-k8s/devops-results/gh-pages/entando-k8s-controller-coordinator/PR-41/checkstyle.rss
stashed: https://raw.githubusercontent.com/entando-k8s/devops-results/gh-pages/entando-k8s-controller-coordinator/PR-41/css/maven-base.css
stashed: https://raw.githubusercontent.com/entando-k8s/devops-results/gh-pages/entando-k8s-controller-coordinator/PR-41/css/maven-theme.css
stashed: https://raw.githubusercontent.com/entando-k8s/devops-results/gh-pages/entando-k8s-controller-coordinator/PR-41/css/print.css
stashed: https://raw.githubusercontent.com/entando-k8s/devops-results/gh-pages/entando-k8s-controller-coordinator/PR-41/css/site.css
stashed: https://raw.githubusercontent.com/entando-k8s/devops-results/gh-pages/entando-k8s-controller-coordinator/PR-41/dependency-check-junit.xml
stashed: https://raw.githubusercontent.com/entando-k8s/devops-results/gh-pages/entando-k8s-controller-coordinator/PR-41/dependency-check-report.html
stashed: https://raw.githubusercontent.com/entando-k8s/devops-results/gh-pages/entando-k8s-controller-coordinator/PR-41/dependency-check-report.xml
stashed: https://raw.githubusercontent.com/entando-k8s/devops-results/gh-pages/entando-k8s-controller-coordinator/PR-41/dependency-info.html
stashed: https://raw.githubusercontent.com/entando-k8s/devops-results/gh-pages/entando-k8s-controller-coordinator/PR-41/images/collapsed.gif
stashed: https://raw.githubusercontent.com/entando-k8s/devops-results/gh-pages/entando-k8s-controller-coordinator/PR-41/images/expanded.gif
stashed: https://raw.githubusercontent.com/entando-k8s/devops-results/gh-pages/entando-k8s-controller-coordinator/PR-41/images/external.png
stashed: https://raw.githubusercontent.com/entando-k8s/devops-results/gh-pages/entando-k8s-controller-coordinator/PR-41/images/icon_error_sml.gif
stashed: https://raw.githubusercontent.com/entando-k8s/devops-results/gh-pages/entando-k8s-controller-coordinator/PR-41/images/icon_info_sml.gif
stashed: https://raw.githubusercontent.com/entando-k8s/devops-results/gh-pages/entando-k8s-controller-coordinator/PR-41/images/icon_success_sml.gif
stashed: https://raw.githubusercontent.com/entando-k8s/devops-results/gh-pages/entando-k8s-controller-coordinator/PR-41/images/icon_warning_sml.gif
stashed: https://raw.githubusercontent.com/entando-k8s/devops-results/gh-pages/entando-k8s-controller-coordinator/PR-41/images/logos/build-by-maven-black.png
stashed: https://raw.githubusercontent.com/entando-k8s/devops-results/gh-pages/entando-k8s-controller-coordinator/PR-41/images/logos/build-by-maven-white.png
stashed: https://raw.githubusercontent.com/entando-k8s/devops-results/gh-pages/entando-k8s-controller-coordinator/PR-41/images/logos/maven-feather.png
stashed: https://raw.githubusercontent.com/entando-k8s/devops-results/gh-pages/entando-k8s-controller-coordinator/PR-41/images/newwindow.png
stashed: https://raw.githubusercontent.com/entando-k8s/devops-results/gh-pages/entando-k8s-controller-coordinator/PR-41/images/rss.png
stashed: https://raw.githubusercontent.com/entando-k8s/devops-results/gh-pages/entando-k8s-controller-coordinator/PR-41/index.html
stashed: https://raw.githubusercontent.com/entando-k8s/devops-results/gh-pages/entando-k8s-controller-coordinator/PR-41/issue-management.html
stashed: https://raw.githubusercontent.com/entando-k8s/devops-results/gh-pages/entando-k8s-controller-coordinator/PR-41/jacoco/index.html
stashed: https://raw.githubusercontent.com/entando-k8s/devops-results/gh-pages/entando-k8s-controller-coordinator/PR-41/jacoco/jacoco-resources/branchfc.gif
stashed: https://raw.githubusercontent.com/entando-k8s/devops-results/gh-pages/entando-k8s-controller-coordinator/PR-41/jacoco/jacoco-resources/branchnc.gif
stashed: https://raw.githubusercontent.com/entando-k8s/devops-results/gh-pages/entando-k8s-controller-coordinator/PR-41/jacoco/jacoco-resources/branchpc.gif
stashed: https://raw.githubusercontent.com/entando-k8s/devops-results/gh-pages/entando-k8s-controller-coordinator/PR-41/jacoco/jacoco-resources/bundle.gif
stashed: https://raw.githubusercontent.com/entando-k8s/devops-results/gh-pages/entando-k8s-controller-coordinator/PR-41/jacoco/jacoco-resources/class.gif
stashed: https://raw.githubusercontent.com/entando-k8s/devops-results/gh-pages/entando-k8s-controller-coordinator/PR-41/jacoco/jacoco-resources/down.gif
stashed: https://raw.githubusercontent.com/entando-k8s/devops-results/gh-pages/entando-k8s-controller-coordinator/PR-41/jacoco/jacoco-resources/greenbar.gif
stashed: https://raw.githubusercontent.com/entando-k8s/devops-results/gh-pages/entando-k8s-controller-coordinator/PR-41/jacoco/jacoco-resources/group.gif
stashed: https://raw.githubusercontent.com/entando-k8s/devops-results/gh-pages/entando-k8s-controller-coordinator/PR-41/jacoco/jacoco-resources/method.gif
stashed: https://raw.githubusercontent.com/entando-k8s/devops-results/gh-pages/entando-k8s-controller-coordinator/PR-41/jacoco/jacoco-resources/package.gif
stashed: https://raw.githubusercontent.com/entando-k8s/devops-results/gh-pages/entando-k8s-controller-coordinator/PR-41/jacoco/jacoco-resources/prettify.css
stashed: https://raw.githubusercontent.com/entando-k8s/devops-results/gh-pages/entando-k8s-controller-coordinator/PR-41/jacoco/jacoco-resources/prettify.js
stashed: https://raw.githubusercontent.com/entando-k8s/devops-results/gh-pages/entando-k8s-controller-coordinator/PR-41/jacoco/jacoco-resources/redbar.gif
stashed: https://raw.githubusercontent.com/entando-k8s/devops-results/gh-pages/entando-k8s-controller-coordinator/PR-41/jacoco/jacoco-resources/report.css
stashed: https://raw.githubusercontent.com/entando-k8s/devops-results/gh-pages/entando-k8s-controller-coordinator/PR-41/jacoco/jacoco-resources/report.gif
stashed: https://raw.githubusercontent.com/entando-k8s/devops-results/gh-pages/entando-k8s-controller-coordinator/PR-41/jacoco/jacoco-resources/session.gif
stashed: https://raw.githubusercontent.com/entando-k8s/devops-results/gh-pages/entando-k8s-controller-coordinator/PR-41/jacoco/jacoco-resources/sort.gif
stashed: https://raw.githubusercontent.com/entando-k8s/devops-results/gh-pages/entando-k8s-controller-coordinator/PR-41/jacoco/jacoco-resources/sort.js
stashed: https://raw.githubusercontent.com/entando-k8s/devops-results/gh-pages/entando-k8s-controller-coordinator/PR-41/jacoco/jacoco-resources/source.gif
stashed: https://raw.githubusercontent.com/entando-k8s/devops-results/gh-pages/entando-k8s-controller-coordinator/PR-41/jacoco/jacoco-resources/up.gif
stashed: https://raw.githubusercontent.com/entando-k8s/devops-results/gh-pages/entando-k8s-controller-coordinator/PR-41/jacoco/jacoco-sessions.html
stashed: https://raw.githubusercontent.com/entando-k8s/devops-results/gh-pages/entando-k8s-controller-coordinator/PR-41/jacoco/jacoco.csv
stashed: https://raw.githubusercontent.com/entando-k8s/devops-results/gh-pages/entando-k8s-controller-coordinator/PR-41/jacoco/jacoco.xml
stashed: https://raw.githubusercontent.com/entando-k8s/devops-results/gh-pages/entando-k8s-controller-coordinator/PR-41/jacoco/org.entando.kubernetes.controller.coordinator/EntandoControllerCoordinator.html
stashed: https://raw.githubusercontent.com/entando-k8s/devops-results/gh-pages/entando-k8s-controller-coordinator/PR-41/jacoco/org.entando.kubernetes.controller.coordinator/EntandoControllerCoordinator.java.html
stashed: https://raw.githubusercontent.com/entando-k8s/devops-results/gh-pages/entando-k8s-controller-coordinator/PR-41/jacoco/org.entando.kubernetes.controller.coordinator/EntandoDeploymentPhaseWatcher.html
stashed: https://raw.githubusercontent.com/entando-k8s/devops-results/gh-pages/entando-k8s-controller-coordinator/PR-41/jacoco/org.entando.kubernetes.controller.coordinator/EntandoDeploymentPhaseWatcher.java.html
stashed: https://raw.githubusercontent.com/entando-k8s/devops-results/gh-pages/entando-k8s-controller-coordinator/PR-41/jacoco/org.entando.kubernetes.controller.coordinator/EntandoOperatorMatcher.html
stashed: https://raw.githubusercontent.com/entando-k8s/devops-results/gh-pages/entando-k8s-controller-coordinator/PR-41/jacoco/org.entando.kubernetes.controller.coordinator/EntandoOperatorMatcher.java.html
stashed: https://raw.githubusercontent.com/entando-k8s/devops-results/gh-pages/entando-k8s-controller-coordinator/PR-41/jacoco/org.entando.kubernetes.controller.coordinator/EntandoResourceObserver.html
stashed: https://raw.githubusercontent.com/entando-k8s/devops-results/gh-pages/entando-k8s-controller-coordinator/PR-41/jacoco/org.entando.kubernetes.controller.coordinator/EntandoResourceObserver.java.html
stashed: https://raw.githubusercontent.com/entando-k8s/devops-results/gh-pages/entando-k8s-controller-coordinator/PR-41/jacoco/org.entando.kubernetes.controller.coordinator/index.html
stashed: https://raw.githubusercontent.com/entando-k8s/devops-results/gh-pages/entando-k8s-controller-coordinator/PR-41/jacoco/org.entando.kubernetes.controller.coordinator/index.source.html
stashed: https://raw.githubusercontent.com/entando-k8s/devops-results/gh-pages/entando-k8s-controller-coordinator/PR-41/licenses.html
stashed: https://raw.githubusercontent.com/entando-k8s/devops-results/gh-pages/entando-k8s-controller-coordinator/PR-41/plugins.html
stashed: https://raw.githubusercontent.com/entando-k8s/devops-results/gh-pages/entando-k8s-controller-coordinator/PR-41/project-info.html
stashed: https://raw.githubusercontent.com/entando-k8s/devops-results/gh-pages/entando-k8s-controller-coordinator/PR-41/scm.html
stashed: https://raw.githubusercontent.com/entando-k8s/devops-results/gh-pages/entando-k8s-controller-coordinator/PR-41/summary.html
stashed: https://raw.githubusercontent.com/entando-k8s/devops-results/gh-pages/entando-k8s-controller-coordinator/PR-41/surefire-report.html
error: etcdserver: request is too large
  % Total    % Received % Xferd  Average Speed   Time    Time     Time  Current
                                 Dload  Upload   Total   Spent    Left  Speed
  0     0    0     0    0     0      0      0 --:--:-- --:--:-- --:--:--     0100  1891  100  1665  100   226   2532    343 --:--:-- --:--:-- --:--:--  2541
{
  "url": "https://api.github.com/repos/entando-k8s/entando-k8s-controller-coordinator/statuses/61487f6e404e0029aa6ebcba24d64c67f04d6c40",
  "avatar_url": "https://avatars2.githubusercontent.com/u/57885396?v=4",
  "id": 10692181002,
  "node_id": "MDEzOlN0YXR1c0NvbnRleHQxMDY5MjE4MTAwMg==",
  "state": "success",
  "description": "Pre-deployment tests success!",
  "target_url": "https://entando-k8s.github.io/devops-results/entando-k8s-controller-coordinator/PR-41/surefire-report.html",
  "context": "Pre-deployment tests",
  "created_at": "2020-09-07T11:35:01Z",
  "updated_at": "2020-09-07T11:35:01Z",
  "creator": {
    "login": "**********",
    "id": 57885396,
    "node_id": "MDQ6VXNlcjU3ODg1Mzk2",
    "avatar_url": "https://avatars2.githubusercontent.com/u/57885396?v=4",
    "gravatar_id": "",
    "url": "https://api.github.com/users/entando-**",
    "html_url": "https://github.com/entando-**",
    "followers_url": "https://api.github.com/users/**********/followers",
    "following_url": "https://api.github.com/users/**********/following{/other_user}",
    "gists_url": "https://api.github.com/users/**********/gists{/gist_id}",
    "starred_url": "https://api.github.com/users/entando-**/starred{/owner}{/repo}",
    "subscriptions_url": "https://api.github.com/users/**********/subscriptions",
    "organizations_url": "https://api.github.com/users/entando-**/orgs",
    "repos_url": "https://api.github.com/users/**********/repos",
    "events_url": "https://api.github.com/users/entando-**/events{/privacy}",
    "received_events_url": "https://api.github.com/users/entando-**/received_events",
    "type": "User",
    "site_*****": false
  }
}
Checkstyle rules were violated for entando-k8s-controller-coordinator-PR-41.
  % Total    % Received % Xferd  Average Speed   Time    Time     Time  Current
                                 Dload  Upload   Total   Spent    Left  Speed
{
  "url": "https://api.github.com/repos/entando-k8s/entando-k8s-controller-coordinator/statuses/61487f6e404e0029aa6ebcba24d64c67f04d6c40",
  "avatar_url": "https://avatars2.githubusercontent.com/u/57885396?v=4",
  "id": 10692181102,
  "node_id": "MDEzOlN0YXR1c0NvbnRleHQxMDY5MjE4MTEwMg==",
  "state": "failure",
  "description": "Checkstyle failure!",
  "target_url": "https://entando-k8s.github.io/devops-results/entando-k8s-controller-coordinator/PR-41/checkstyle.html",
  "context": "Checkstyle",
  "created_at": "2020-09-07T11:35:01Z",
  "updated_at": "2020-09-07T11:35:01Z",
  "creator": {
    "login": "**********",
    "id": 57885396,
    "node_id": "MDQ6VXNlcjU3ODg1Mzk2",
    "avatar_url": "https://avatars2.githubusercontent.com/u/57885396?v=4",
    "gravatar_id": "",
    "url": "https://api.github.com/users/**********",
    "html_url": "https://github.com/entando-**",
    "followers_url": "https://api.github.com/users/entando-**/followers",
    "following_url": "https://api.github.com/users/entando-**/following{/other_user}",
    "gists_url": "https://api.github.com/users/**********/gists{/gist_id}",
    "starred_url": "https://api.github.com/users/**********/starred{/owner}{/repo}",
    "subscriptions_url": "https://api.github.com/users/entando-**/subscriptions",
    "organizations_url": "https://api.github.com/users/**********/orgs",
    "repos_url": "https://api.github.com/users/**********/repos",
    "events_url": "https://api.github.com/users/entando-**/events{/privacy}",
    "received_events_url": "https://api.github.com/users/**********/received_events",
    "type": "User",
    "site_*****": false
  }
}
  0     0    0     0    0     0      0      0 --:--:-- --:--:-- --:--:--     0  0     0    0     0    0     0      0      0 --:--:-- --:--:-- --:--:--     0100  1841  100  1640  100   201   1835    224 --:--:-- --:--:-- --:--:--  1834
  % Total    % Received % Xferd  Average Speed   Time    Time     Time  Current
                                 Dload  Upload   Total   Spent    Left  Speed
{
  "url": "https://api.github.com/repos/entando-k8s/entando-k8s-controller-coordinator/statuses/61487f6e404e0029aa6ebcba24d64c67f04d6c40",
  "avatar_url": "https://avatars2.githubusercontent.com/u/57885396?v=4",
  "id": 10692181213,
  "node_id": "MDEzOlN0YXR1c0NvbnRleHQxMDY5MjE4MTIxMw==",
  "state": "success",
  "description": "OWASP CVE success!",
  "target_url": "https://entando-k8s.github.io/devops-results/entando-k8s-controller-coordinator/PR-41/dependency-check-report.html",
  "context": "OWASP CVE",
  "created_at": "2020-09-07T11:35:02Z",
  "updated_at": "2020-09-07T11:35:02Z",
  "creator": {
    "login": "entando-**",
    "id": 57885396,
    "node_id": "MDQ6VXNlcjU3ODg1Mzk2",
    "avatar_url": "https://avatars2.githubusercontent.com/u/57885396?v=4",
    "gravatar_id": "",
    "url": "https://api.github.com/users/**********",
    "html_url": "https://github.com/**********",
    "followers_url": "https://api.github.com/users/**********/followers",
    "following_url": "https://api.github.com/users/**********/following{/other_user}",
    "gists_url": "https://api.github.com/users/**********/gists{/gist_id}",
    "starred_url": "https://api.github.com/users/entando-**/starred{/owner}{/repo}",
    "subscriptions_url": "https://api.github.com/users/**********/subscriptions",
    "organizations_url": "https://api.github.com/users/**********/orgs",
    "repos_url": "https://api.github.com/users/**********/repos",
    "events_url": "https://api.github.com/users/entando-**/events{/privacy}",
    "received_events_url": "https://api.github.com/users/**********/received_events",
    "type": "User",
    "site_*****": false
  }
}
  0     0    0     0    0     0      0      0 --:--:-- --:--:-- --:--:--     0 11  1863    0     0  100   212      0    310 --:--:-- --:--:-- --:--:--   311100  1863  100  1651  100   212   2418    310 --:--:-- --:--:-- --:--:--  2424
The following checks failed: for entando-k8s-controller-coordinator-PR-41 : Checkstyle; 
[31m
Pipeline failed on stage 'from-build-pack' : container 'step-build-mvn-verify-pr'. The execution of the pipeline has stopped.[0m
