
Showing logs for build [32mentando-k8s-entando-k8s-control-smwxp-3[0m stage [32mfrom-build-pack[0m and container [32mstep-credential-initializer-d8wh5[0m
{"level":"warn","ts":1599478636.124922,"logger":"fallback-logger","caller":"logging/config.go:69","msg":"Fetch GitHub commit ID from kodata failed: \"ref: refs/heads/0.8.0-**-support-backwards-incompats\" is not a valid GitHub commit ID"}
{"level":"info","ts":1599478636.1281655,"logger":"fallback-logger","caller":"creds-init/main.go:40","msg":"Credentials initialized."}

Showing logs for build [32mentando-k8s-entando-k8s-control-smwxp-3[0m stage [32mfrom-build-pack[0m and container [32mstep-working-dir-initializer-7gqgp[0m
{"level":"warn","ts":1599478638.2112217,"logger":"fallback-logger","caller":"logging/config.go:69","msg":"Fetch GitHub commit ID from kodata failed: open /var/run/ko/HEAD: no such file or directory"}
{"level":"info","ts":1599478638.2171168,"logger":"fallback-logger","caller":"bash/main.go:64","msg":"Successfully e**cuted command \"sh -c mkdir -p /workspace/source\"; output "}

Showing logs for build [32mentando-k8s-entando-k8s-control-smwxp-3[0m stage [32mfrom-build-pack[0m and container [32mstep-place-tools[0m

Showing logs for build [32mentando-k8s-entando-k8s-control-smwxp-3[0m stage [32mfrom-build-pack[0m and container [32mstep-git-source-entando-k8s-entando-k8s-control-vvhwt[0m
{"level":"warn","ts":1599478679.7878845,"logger":"fallback-logger","caller":"logging/config.go:69","msg":"Fetch GitHub commit ID from kodata failed: \"ref: refs/heads/0.8.0-**-support-backwards-incompats\" is not a valid GitHub commit ID"}
{"level":"info","ts":1599478681.3976762,"logger":"fallback-logger","caller":"git/git.go:103","msg":"Successfully cloned https://github.com/entando-k8s/entando-k8s-controller-coordinator.git @ master in path /workspace/source"}

Showing logs for build [32mentando-k8s-entando-k8s-control-smwxp-3[0m stage [32mfrom-build-pack[0m and container [32mstep-git-merge[0m
Using SHAs from PULL_REFS=master:c0307be15f35fe4f614b3b8f39149f7a85e1a4aa,41:2bc6a99a4b426b87e6bd5a10e14cee7fc087cfb6
DEBUG: ran git fetch --unshallow origin 2bc6a99a4b426b87e6bd5a10e14cee7fc087cfb6: c0307be15f35fe4f614b3b8f39149f7a85e1a4aa: in 
DEBUG: ran git checkout master in 
DEBUG: ran git reset --hard c0307be15f35fe4f614b3b8f39149f7a85e1a4aa in 
DEBUG: ran clean --force -d . in 
DEBUG: ran git merge 2bc6a99a4b426b87e6bd5a10e14cee7fc087cfb6 in 
Merged SHA 2bc6a99a4b426b87e6bd5a10e14cee7fc087cfb6 with commit message 'ENG-1205 checkstyle' into base branch master
Merged SHA 61487f6e404e0029aa6ebcba24d64c67f04d6c40 with commit message 'ENG-1205 commit after merge' into base branch master
Merged SHA 8c50580147939e699bb8cf0a7d3ce7dc2e75b1be with commit message 'ENG-1205 implemented initial support for cluster wide observation' into base branch master

Showing logs for build [32mentando-k8s-entando-k8s-control-smwxp-3[0m stage [32mfrom-build-pack[0m and container [32mstep-build-set-version[0m
Picked up _JAVA_OPTIONS: -XX:+UnlockExperimentalVMOptions -Dsun.zip.disableMemoryMapping=true -XX:+UseParallelGC -XX:MinHeapFreeRatio=5 -XX:MaxHeapFreeRatio=10 -XX:GCTimeRatio=4 -XX:AdaptiveSizePolicyWeight=90 -Xms1000m -Xmx12000m
[INFO] Scanning for projects...
[INFO] 
[INFO] -----------< org.entando:entando-k8s-controller-coordinator >-----------
[INFO] Building Entando K8S Controller Coordinator 6.2.0-SNAPSHOT
[INFO] --------------------------------[ jar ]---------------------------------
[INFO] 
[INFO] --- versions-maven-plugin:2.8.1:set (default-cli) @ entando-k8s-controller-coordinator ---
[INFO] Local aggregation ****: /workspace/source
[INFO] Processing change of org.entando:entando-k8s-controller-coordinator:6.2.0-SNAPSHOT -> 0.0.0-SNAPSHOT-PR-41-3
[INFO] Processing org.entando:entando-k8s-controller-coordinator
[INFO]     Updating project org.entando:entando-k8s-controller-coordinator
[INFO]         from version 6.2.0-SNAPSHOT to 0.0.0-SNAPSHOT-PR-41-3
[INFO] 
[INFO] ------------------------------------------------------------------------
[INFO] BUILD SUCCESS
[INFO] ------------------------------------------------------------------------
[INFO] Total time:  10.615 s
[INFO] Finished at: 2020-09-07T11:38:18Z
[INFO] ------------------------------------------------------------------------

Showing logs for build [32mentando-k8s-entando-k8s-control-smwxp-3[0m stage [32mfrom-build-pack[0m and container [32mstep-build-fix-git-for-sonar[0m
Switched to a new branch 'PR-41'
M	pom.xml
Deleted branch master (was 2bc6a99).
From https://github.com/entando-k8s/entando-k8s-controller-coordinator
 * [new branch]      master                  -> master
 * [new tag]         Entando6.2.1-pre-test01 -> Entando6.2.1-pre-test01

Showing logs for build [32mentando-k8s-entando-k8s-control-smwxp-3[0m stage [32mfrom-build-pack[0m and container [32mstep-build-mvn-verify-pr[0m
  % Total    % Received % Xferd  Average Speed   Time    Time     Time  Current
                                 Dload  Upload   Total   Spent    Left  Speed
  0     0    0     0    0     0      0      0 --:--:-- --:--:-- --:--:--     0100  1891  100  1665  100   226   2565    348 --:--:-- --:--:-- --:--:--  2577
{
  "url": "https://api.github.com/repos/entando-k8s/entando-k8s-controller-coordinator/statuses/2bc6a99a4b426b87e6bd5a10e14cee7fc087cfb6",
  "avatar_url": "https://avatars2.githubusercontent.com/u/57885396?v=4",
  "id": 10692206747,
  "node_id": "MDEzOlN0YXR1c0NvbnRleHQxMDY5MjIwNjc0Nw==",
  "state": "pending",
  "description": "Pre-deployment tests pending!",
  "target_url": "https://entando-k8s.github.io/devops-results/entando-k8s-controller-coordinator/PR-41/surefire-report.html",
  "context": "Pre-deployment tests",
  "created_at": "2020-09-07T11:38:21Z",
  "updated_at": "2020-09-07T11:38:21Z",
  "creator": {
    "login": "**********",
    "id": 57885396,
    "node_id": "MDQ6VXNlcjU3ODg1Mzk2",
    "avatar_url": "https://avatars2.githubusercontent.com/u/57885396?v=4",
    "gravatar_id": "",
    "url": "https://api.github.com/users/**********",
    "html_url": "https://github.com/entando-**",
    "followers_url": "https://api.github.com/users/entando-**/followers",
    "following_url": "https://api.github.com/users/**********/following{/other_user}",
    "gists_url": "https://api.github.com/users/entando-**/gists{/gist_id}",
    "starred_url": "https://api.github.com/users/entando-**/starred{/owner}{/repo}",
    "subscriptions_url": "https://api.github.com/users/**********/subscriptions",
    "organizations_url": "https://api.github.com/users/**********/orgs",
    "repos_url": "https://api.github.com/users/**********/repos",
    "events_url": "https://api.github.com/users/**********/events{/privacy}",
    "received_events_url": "https://api.github.com/users/entando-**/received_events",
    "type": "User",
    "site_*****": false
  }
}
  % Total    % Received % Xferd  Average Speed   Time    Time     Time  Current
                                 Dload  Upload   Total   Spent    Left  Speed
{
  "url": "https://api.github.com/repos/entando-k8s/entando-k8s-controller-coordinator/statuses/2bc6a99a4b426b87e6bd5a10e14cee7fc087cfb6",
  "avatar_url": "https://avatars2.githubusercontent.com/u/57885396?v=4",
  "id": 10692206820,
  "node_id": "MDEzOlN0YXR1c0NvbnRleHQxMDY5MjIwNjgyMA==",
  "state": "pending",
  "description": "Post-deployment tests pending!",
  "target_url": "https://entando-k8s.github.io/devops-results/entando-k8s-controller-coordinator/PR-41/failsafe-report.html",
  "context": "Post-deployment tests",
  "created_at": "2020-09-07T11:38:22Z",
  "updated_at": "2020-09-07T11:38:22Z",
  "creator": {
    "login": "entando-**",
    "id": 57885396,
    "node_id": "MDQ6VXNlcjU3ODg1Mzk2",
    "avatar_url": "https://avatars2.githubusercontent.com/u/57885396?v=4",
    "gravatar_id": "",
    "url": "https://api.github.com/users/entando-**",
    "html_url": "https://github.com/**********",
    "followers_url": "https://api.github.com/users/entando-**/followers",
    "following_url": "https://api.github.com/users/entando-**/following{/other_user}",
    "gists_url": "https://api.github.com/users/**********/gists{/gist_id}",
    "starred_url": "https://api.github.com/users/**********/starred{/owner}{/repo}",
    "subscriptions_url": "https://api.github.com/users/entando-**/subscriptions",
    "organizations_url": "https://api.github.com/users/**********/orgs",
    "repos_url": "https://api.github.com/users/**********/repos",
    "events_url": "https://api.github.com/users/entando-**/events{/privacy}",
    "received_events_url": "https://api.github.com/users/**********/received_events",
    "type": "User",
    "site_*****": false
  }
}
  0     0    0     0    0     0      0      0 --:--:-- --:--:-- --:--:--     0  0     0    0     0    0     0      0      0 --:--:-- --:--:-- --:--:--     0100  1895  100  1667  100   228   2793    382 --:--:-- --:--:-- --:--:--  2792
  % Total    % Received % Xferd  Average Speed   Time    Time     Time  Current
                                 Dload  Upload   Total   Spent    Left  Speed
  0     0    0     0    0     0      0      0 --:--:-- --:--:-- --:--:--     0 10  1841    0     0  100   201      0    334 --:--:-- --:--:-- --:--:--   336100  1841  100  1640  100   201   2729    334 --:--:-- --:--:-- --:--:--  2742
{
  "url": "https://api.github.com/repos/entando-k8s/entando-k8s-controller-coordinator/statuses/2bc6a99a4b426b87e6bd5a10e14cee7fc087cfb6",
  "avatar_url": "https://avatars2.githubusercontent.com/u/57885396?v=4",
  "id": 10692206902,
  "node_id": "MDEzOlN0YXR1c0NvbnRleHQxMDY5MjIwNjkwMg==",
  "state": "pending",
  "description": "Checkstyle pending!",
  "target_url": "https://entando-k8s.github.io/devops-results/entando-k8s-controller-coordinator/PR-41/checkstyle.html",
  "context": "Checkstyle",
  "created_at": "2020-09-07T11:38:22Z",
  "updated_at": "2020-09-07T11:38:22Z",
  "creator": {
    "login": "entando-**",
    "id": 57885396,
    "node_id": "MDQ6VXNlcjU3ODg1Mzk2",
    "avatar_url": "https://avatars2.githubusercontent.com/u/57885396?v=4",
    "gravatar_id": "",
    "url": "https://api.github.com/users/**********",
    "html_url": "https://github.com/entando-**",
    "followers_url": "https://api.github.com/users/entando-**/followers",
    "following_url": "https://api.github.com/users/**********/following{/other_user}",
    "gists_url": "https://api.github.com/users/entando-**/gists{/gist_id}",
    "starred_url": "https://api.github.com/users/entando-**/starred{/owner}{/repo}",
    "subscriptions_url": "https://api.github.com/users/entando-**/subscriptions",
    "organizations_url": "https://api.github.com/users/entando-**/orgs",
    "repos_url": "https://api.github.com/users/entando-**/repos",
    "events_url": "https://api.github.com/users/entando-**/events{/privacy}",
    "received_events_url": "https://api.github.com/users/**********/received_events",
    "type": "User",
    "site_*****": false
  }
}
  % Total    % Received % Xferd  Average Speed   Time    Time     Time  Current
                                 Dload  Upload   Total   Spent    Left  Speed
  0     0    0     0    0     0      0      0 --:--:-- --:--:-- --:--:--     0100  1863  100  1651  100   212   2733    351 --:--:-- --:--:-- --:--:--  2737
{
  "url": "https://api.github.com/repos/entando-k8s/entando-k8s-controller-coordinator/statuses/2bc6a99a4b426b87e6bd5a10e14cee7fc087cfb6",
  "avatar_url": "https://avatars2.githubusercontent.com/u/57885396?v=4",
  "id": 10692206973,
  "node_id": "MDEzOlN0YXR1c0NvbnRleHQxMDY5MjIwNjk3Mw==",
  "state": "pending",
  "description": "OWASP CVE pending!",
  "target_url": "https://entando-k8s.github.io/devops-results/entando-k8s-controller-coordinator/PR-41/dependency-check-report.html",
  "context": "OWASP CVE",
  "created_at": "2020-09-07T11:38:23Z",
  "updated_at": "2020-09-07T11:38:23Z",
  "creator": {
    "login": "entando-**",
    "id": 57885396,
    "node_id": "MDQ6VXNlcjU3ODg1Mzk2",
    "avatar_url": "https://avatars2.githubusercontent.com/u/57885396?v=4",
    "gravatar_id": "",
    "url": "https://api.github.com/users/entando-**",
    "html_url": "https://github.com/**********",
    "followers_url": "https://api.github.com/users/**********/followers",
    "following_url": "https://api.github.com/users/entando-**/following{/other_user}",
    "gists_url": "https://api.github.com/users/**********/gists{/gist_id}",
    "starred_url": "https://api.github.com/users/**********/starred{/owner}{/repo}",
    "subscriptions_url": "https://api.github.com/users/**********/subscriptions",
    "organizations_url": "https://api.github.com/users/**********/orgs",
    "repos_url": "https://api.github.com/users/entando-**/repos",
    "events_url": "https://api.github.com/users/**********/events{/privacy}",
    "received_events_url": "https://api.github.com/users/**********/received_events",
    "type": "User",
    "site_*****": false
  }
}
Picked up _JAVA_OPTIONS: -XX:+UnlockExperimentalVMOptions -Dsun.zip.disableMemoryMapping=true -XX:+UseParallelGC -XX:MinHeapFreeRatio=5 -XX:MaxHeapFreeRatio=10 -XX:GCTimeRatio=4 -XX:AdaptiveSizePolicyWeight=90 -Xms1000m -Xmx12000m
[INFO] Scanning for projects...
[INFO] 
[INFO] -----------< org.entando:entando-k8s-controller-coordinator >-----------
[INFO] Building Entando K8S Controller Coordinator 0.0.0-SNAPSHOT-PR-41-3
[INFO] --------------------------------[ jar ]---------------------------------
[INFO] 
[INFO] --- maven-checkstyle-plugin:3.1.1:check (validate) @ entando-k8s-controller-coordinator ---
[INFO] Starting audit...
Audit done.
[INFO] You have 0 Checkstyle violations.
[INFO] 
[INFO] --- maven-checkstyle-plugin:3.1.1:checkstyle (validate) @ entando-k8s-controller-coordinator ---
[INFO] Starting audit...
Audit done.
[INFO] 
[INFO] --- jacoco-maven-plugin:0.8.5:prepare-agent (prepare-agent) @ entando-k8s-controller-coordinator ---
[INFO] argLine set to -javaagent:/home/jenkins/.mvnrepository/org/jacoco/org.jacoco.agent/0.8.5/org.jacoco.agent-0.8.5-runtime.jar=destfile=/workspace/source/target/jacoco.e**c
[INFO] 
[INFO] --- maven-resources-plugin:2.6:resources (default-resources) @ entando-k8s-controller-coordinator ---
[INFO] Using 'UTF-8' encoding to copy filtered resources.
[INFO] Copying 3 resources
[INFO] 
[INFO] --- maven-compiler-plugin:3.8.1:compile (default-compile) @ entando-k8s-controller-coordinator ---
[INFO] Changes detected - recompiling the module!
[INFO] Compiling 4 source files to /workspace/source/target/classes
[INFO] 
[INFO] --- maven-resources-plugin:2.6:testResources (default-testResources) @ entando-k8s-controller-coordinator ---
[INFO] Using 'UTF-8' encoding to copy filtered resources.
[INFO] Copying 6 resources
[INFO] 
[INFO] --- maven-compiler-plugin:3.8.1:testCompile (default-testCompile) @ entando-k8s-controller-coordinator ---
[INFO] Changes detected - recompiling the module!
[INFO] Compiling 7 source files to /workspace/source/target/test-classes
[WARNING] /workspace/source/src/test/java/org/entando/kubernetes/controller/coordinator/inprocesstests/ControllerCoordinatorMockedTest.java:[70,61] unchecked cast
  required: java.lang.Class<T>
  found:    java.lang.Class<capture#1 of ? extends org.entando.kubernetes.model.EntandoBaseCustomResource>
[INFO] 
[INFO] --- maven-surefire-plugin:3.0.0-M1:test (default-test) @ entando-k8s-controller-coordinator ---
[INFO] 
[INFO] -------------------------------------------------------
[INFO]  T E S T S
[INFO] -------------------------------------------------------
[INFO] Running org.entando.kubernetes.controller.coordinator.inprocesstests.EntandoOperatorMatcherTest
Sep 07, 2020 11:38:47 AM org.entando.kubernetes.controller.coordinator.EntandoOperatorMatcher matchesThisOperator
WARNING: Operator ID mismatch. Ignoring resource EntandoApp:null/null
Sep 07, 2020 11:38:47 AM org.entando.kubernetes.controller.coordinator.EntandoOperatorMatcher matchesThisOperator
WARNING: Operator version mismatch. Ignoring resource EntandoApp:null/null
Sep 07, 2020 11:38:47 AM org.entando.kubernetes.controller.coordinator.EntandoOperatorMatcher matchesThisOperator
WARNING: Operator ID mismatch. Ignoring resource EntandoApp:null/null
Sep 07, 2020 11:38:47 AM org.entando.kubernetes.controller.coordinator.EntandoOperatorMatcher matchesThisOperator
WARNING: Operator ID mismatch. Ignoring resource EntandoApp:null/null
[INFO] Tests run: 7, Failures: 0, Errors: 0, Skipped: 0, Time elapsed: 0.145 s - in org.entando.kubernetes.controller.coordinator.inprocesstests.EntandoOperatorMatcherTest
[INFO] Running org.entando.kubernetes.controller.coordinator.inprocesstests.ControllerCoordinatorEdgeConditionsTest
Sep 07, 2020 11:38:48 AM okhttp3.mockwebserver.MockWebServer$2 e**cute
INFO: MockWebServer[50005] starting to accept connections
Sep 07, 2020 11:38:48 AM okhttp3.mockwebserver.MockWebServer$3 processOneRequest
INFO: MockWebServer[50005] received request: GET /api/v1/namespaces/entando-k8s-controller-coordinator-carcpr41 HTTP/1.1 and responded: HTTP/1.1 404 Client Error
Sep 07, 2020 11:38:49 AM okhttp3.mockwebserver.MockWebServer$3 processOneRequest
INFO: MockWebServer[50005] received request: POST /api/v1/namespaces HTTP/1.1 and responded: HTTP/1.1 202 OK
Sep 07, 2020 11:38:49 AM okhttp3.mockwebserver.MockWebServer$3 processOneRequest
INFO: MockWebServer[50005] received request: GET /api/v1/namespaces/entando/configmaps/entando-docker-image-info-v6.1 HTTP/1.1 and responded: HTTP/1.1 404 Client Error
Sep 07, 2020 11:38:49 AM okhttp3.mockwebserver.MockWebServer$3 processOneRequest
INFO: MockWebServer[50005] received request: GET /apis/apiextensions.k8s.io/v1beta1/customresourcedefinitions/entandokeycloakservers.entando.org HTTP/1.1 and responded: HTTP/1.1 404 Client Error
Sep 07, 2020 11:38:49 AM okhttp3.mockwebserver.MockWebServer$3 processOneRequest
INFO: MockWebServer[50005] received request: POST /apis/apiextensions.k8s.io/v1beta1/customresourcedefinitions HTTP/1.1 and responded: HTTP/1.1 202 OK
Sep 07, 2020 11:38:49 AM okhttp3.mockwebserver.MockWebServer$3 processOneRequest
INFO: MockWebServer[50005] received request: GET /api/v1/namespaces/entando-k8s-controller-coordinator-carcpr41 HTTP/1.1 and responded: HTTP/1.1 200 OK
Sep 07, 2020 11:38:49 AM okhttp3.mockwebserver.MockWebServer$3 processOneRequest
INFO: MockWebServer[50005] received request: GET /apis/entando.org/v1/namespaces/entando-k8s-controller-coordinator-carcpr41/entandokeycloakservers HTTP/1.1 and responded: HTTP/1.1 200 OK
Sep 07, 2020 11:38:49 AM okhttp3.mockwebserver.MockWebServer$3 processOneRequest
INFO: MockWebServer[50005] received request: GET /api/v1/namespaces/entando-k8s-controller-coordinator-carcpr41 HTTP/1.1 and responded: HTTP/1.1 200 OK
Sep 07, 2020 11:38:49 AM okhttp3.mockwebserver.MockWebServer$3 processOneRequest
INFO: MockWebServer[50005] received request: GET /apis/entando.org/v1/namespaces/entando-k8s-controller-coordinator-carcpr41/entandokeycloakservers HTTP/1.1 and responded: HTTP/1.1 200 OK
Sep 07, 2020 11:38:49 AM okhttp3.mockwebserver.MockWebServer$3 processOneRequest
INFO: MockWebServer[50005] received request: GET /apis/entando.org/v1/namespaces/entando-k8s-controller-coordinator-carcpr41/entandokeycloakservers HTTP/1.1 and responded: HTTP/1.1 200 OK
Sep 07, 2020 11:38:50 AM okhttp3.mockwebserver.MockWebServer$3 processOneRequest
INFO: MockWebServer[50005] received request: GET /apis/entando.org/v1/namespaces/entando-k8s-controller-coordinator-carcpr41/entandokeycloakservers?watch=true HTTP/1.1 and responded: HTTP/1.1 200 OK
Sep 07, 2020 11:38:50 AM okhttp3.mockwebserver.MockWebServer$3 processOneRequest
INFO: MockWebServer[50005] received request: GET /apis/entando.org/v1/namespaces/entando-k8s-controller-coordinator-carcpr41/entandokeycloakservers?watch=true HTTP/1.1 and responded: HTTP/1.1 200 OK
Sep 07, 2020 11:38:50 AM okhttp3.mockwebserver.MockWebServer$3 processOneRequest
INFO: MockWebServer[50005] received request: GET /apis/apiextensions.k8s.io/v1beta1/customresourcedefinitions/entandoclusterinfrastructures.entando.org HTTP/1.1 and responded: HTTP/1.1 404 Client Error
Sep 07, 2020 11:38:50 AM io.fabric8.kubernetes.client.dsl.internal.WatchHTTPManager$1 onResponse
INFO: Watch terminated unexpectedly. reason: \n not found: limit=46 content=7b2261706956657273696f6e223a227631222c226b696e64223a224c69737422â€¦
Sep 07, 2020 11:38:50 AM okhttp3.mockwebserver.MockWebServer$3 processOneRequest
INFO: MockWebServer[50005] received request: POST /apis/apiextensions.k8s.io/v1beta1/customresourcedefinitions HTTP/1.1 and responded: HTTP/1.1 202 OK
Sep 07, 2020 11:38:50 AM okhttp3.mockwebserver.MockWebServer$3 processOneRequest
INFO: MockWebServer[50005] received request: GET /api/v1/namespaces/entando-k8s-controller-coordinator-carcpr41 HTTP/1.1 and responded: HTTP/1.1 200 OK
Sep 07, 2020 11:38:50 AM okhttp3.mockwebserver.MockWebServer$3 processOneRequest
INFO: MockWebServer[50005] received request: GET /apis/entando.org/v1/namespaces/entando-k8s-controller-coordinator-carcpr41/entandoclusterinfrastructures HTTP/1.1 and responded: HTTP/1.1 200 OK
Sep 07, 2020 11:38:50 AM okhttp3.mockwebserver.MockWebServer$3 processOneRequest
INFO: MockWebServer[50005] received request: GET /api/v1/namespaces/entando-k8s-controller-coordinator-carcpr41 HTTP/1.1 and responded: HTTP/1.1 200 OK
Sep 07, 2020 11:38:50 AM okhttp3.mockwebserver.MockWebServer$3 processOneRequest
INFO: MockWebServer[50005] received request: GET /apis/entando.org/v1/namespaces/entando-k8s-controller-coordinator-carcpr41/entandoclusterinfrastructures HTTP/1.1 and responded: HTTP/1.1 200 OK
Sep 07, 2020 11:38:50 AM okhttp3.mockwebserver.MockWebServer$3 processOneRequest
INFO: MockWebServer[50005] received request: GET /apis/entando.org/v1/namespaces/entando-k8s-controller-coordinator-carcpr41/entandoclusterinfrastructures HTTP/1.1 and responded: HTTP/1.1 200 OK
Sep 07, 2020 11:38:50 AM okhttp3.mockwebserver.MockWebServer$3 processOneRequest
INFO: MockWebServer[50005] received request: GET /apis/entando.org/v1/namespaces/entando-k8s-controller-coordinator-carcpr41/entandoclusterinfrastructures?watch=true HTTP/1.1 and responded: HTTP/1.1 200 OK
Sep 07, 2020 11:38:50 AM okhttp3.mockwebserver.MockWebServer$3 processOneRequest
INFO: MockWebServer[50005] received request: GET /apis/entando.org/v1/namespaces/entando-k8s-controller-coordinator-carcpr41/entandoclusterinfrastructures?watch=true HTTP/1.1 and responded: HTTP/1.1 200 OK
Sep 07, 2020 11:38:50 AM okhttp3.mockwebserver.MockWebServer$3 processOneRequest
INFO: MockWebServer[50005] received request: GET /apis/apiextensions.k8s.io/v1beta1/customresourcedefinitions/entandoapps.entando.org HTTP/1.1 and responded: HTTP/1.1 404 Client Error
Sep 07, 2020 11:38:50 AM io.fabric8.kubernetes.client.dsl.internal.WatchHTTPManager$1 onResponse
INFO: Watch terminated unexpectedly. reason: \n not found: limit=46 content=7b2261706956657273696f6e223a227631222c226b696e64223a224c69737422â€¦
Sep 07, 2020 11:38:50 AM okhttp3.mockwebserver.MockWebServer$3 processOneRequest
INFO: MockWebServer[50005] received request: POST /apis/apiextensions.k8s.io/v1beta1/customresourcedefinitions HTTP/1.1 and responded: HTTP/1.1 202 OK
Sep 07, 2020 11:38:50 AM okhttp3.mockwebserver.MockWebServer$3 processOneRequest
INFO: MockWebServer[50005] received request: GET /api/v1/namespaces/entando-k8s-controller-coordinator-carcpr41 HTTP/1.1 and responded: HTTP/1.1 200 OK
Sep 07, 2020 11:38:51 AM okhttp3.mockwebserver.MockWebServer$3 processOneRequest
INFO: MockWebServer[50005] received request: GET /apis/entando.org/v1/namespaces/entando-k8s-controller-coordinator-carcpr41/entandoapps HTTP/1.1 and responded: HTTP/1.1 200 OK
Sep 07, 2020 11:38:51 AM okhttp3.mockwebserver.MockWebServer$3 processOneRequest
INFO: MockWebServer[50005] received request: GET /api/v1/namespaces/entando-k8s-controller-coordinator-carcpr41 HTTP/1.1 and responded: HTTP/1.1 200 OK
Sep 07, 2020 11:38:51 AM okhttp3.mockwebserver.MockWebServer$3 processOneRequest
INFO: MockWebServer[50005] received request: GET /apis/entando.org/v1/namespaces/entando-k8s-controller-coordinator-carcpr41/entandokeycloakservers?watch=true HTTP/1.1 and responded: HTTP/1.1 200 OK
Sep 07, 2020 11:38:51 AM io.fabric8.kubernetes.client.dsl.internal.WatchHTTPManager$1 onResponse
INFO: Watch terminated unexpectedly. reason: \n not found: limit=46 content=7b2261706956657273696f6e223a227631222c226b696e64223a224c69737422â€¦
Sep 07, 2020 11:38:51 AM okhttp3.mockwebserver.MockWebServer$3 processOneRequest
INFO: MockWebServer[50005] received request: GET /apis/entando.org/v1/namespaces/entando-k8s-controller-coordinator-carcpr41/entandoapps HTTP/1.1 and responded: HTTP/1.1 200 OK
Sep 07, 2020 11:38:51 AM okhttp3.mockwebserver.MockWebServer$3 processOneRequest
INFO: MockWebServer[50005] received request: GET /apis/entando.org/v1/namespaces/entando-k8s-controller-coordinator-carcpr41/entandoapps HTTP/1.1 and responded: HTTP/1.1 200 OK
Sep 07, 2020 11:38:51 AM okhttp3.mockwebserver.MockWebServer$3 processOneRequest
INFO: MockWebServer[50005] received request: GET /apis/entando.org/v1/namespaces/entando-k8s-controller-coordinator-carcpr41/entandoapps?watch=true HTTP/1.1 and responded: HTTP/1.1 200 OK
Sep 07, 2020 11:38:51 AM okhttp3.mockwebserver.MockWebServer$3 processOneRequest
INFO: MockWebServer[50005] received request: GET /apis/entando.org/v1/namespaces/entando-k8s-controller-coordinator-carcpr41/entandoapps?watch=true HTTP/1.1 and responded: HTTP/1.1 200 OK
Sep 07, 2020 11:38:51 AM okhttp3.mockwebserver.MockWebServer$3 processOneRequest
INFO: MockWebServer[50005] received request: GET /apis/apiextensions.k8s.io/v1beta1/customresourcedefinitions/entandoplugins.entando.org HTTP/1.1 and responded: HTTP/1.1 404 Client Error
Sep 07, 2020 11:38:51 AM io.fabric8.kubernetes.client.dsl.internal.WatchHTTPManager$1 onResponse
INFO: Watch terminated unexpectedly. reason: \n not found: limit=46 content=7b2261706956657273696f6e223a227631222c226b696e64223a224c69737422â€¦
Sep 07, 2020 11:38:51 AM okhttp3.mockwebserver.MockWebServer$3 processOneRequest
INFO: MockWebServer[50005] received request: POST /apis/apiextensions.k8s.io/v1beta1/customresourcedefinitions HTTP/1.1 and responded: HTTP/1.1 202 OK
Sep 07, 2020 11:38:51 AM okhttp3.mockwebserver.MockWebServer$3 processOneRequest
INFO: MockWebServer[50005] received request: GET /api/v1/namespaces/entando-k8s-controller-coordinator-carcpr41 HTTP/1.1 and responded: HTTP/1.1 200 OK
Sep 07, 2020 11:38:51 AM okhttp3.mockwebserver.MockWebServer$3 processOneRequest
INFO: MockWebServer[50005] received request: GET /apis/entando.org/v1/namespaces/entando-k8s-controller-coordinator-carcpr41/entandoplugins HTTP/1.1 and responded: HTTP/1.1 200 OK
Sep 07, 2020 11:38:51 AM okhttp3.mockwebserver.MockWebServer$3 processOneRequest
INFO: MockWebServer[50005] received request: GET /api/v1/namespaces/entando-k8s-controller-coordinator-carcpr41 HTTP/1.1 and responded: HTTP/1.1 200 OK
Sep 07, 2020 11:38:51 AM okhttp3.mockwebserver.MockWebServer$3 processOneRequest
INFO: MockWebServer[50005] received request: GET /apis/entando.org/v1/namespaces/entando-k8s-controller-coordinator-carcpr41/entandoplugins HTTP/1.1 and responded: HTTP/1.1 200 OK
Sep 07, 2020 11:38:51 AM okhttp3.mockwebserver.MockWebServer$3 processOneRequest
INFO: MockWebServer[50005] received request: GET /apis/entando.org/v1/namespaces/entando-k8s-controller-coordinator-carcpr41/entandoclusterinfrastructures?watch=true HTTP/1.1 and responded: HTTP/1.1 200 OK
Sep 07, 2020 11:38:51 AM io.fabric8.kubernetes.client.dsl.internal.WatchHTTPManager$1 onResponse
INFO: Watch terminated unexpectedly. reason: \n not found: limit=46 content=7b2261706956657273696f6e223a227631222c226b696e64223a224c69737422â€¦
Sep 07, 2020 11:38:51 AM okhttp3.mockwebserver.MockWebServer$3 processOneRequest
INFO: MockWebServer[50005] received request: GET /apis/entando.org/v1/namespaces/entando-k8s-controller-coordinator-carcpr41/entandoplugins HTTP/1.1 and responded: HTTP/1.1 200 OK
Sep 07, 2020 11:38:52 AM okhttp3.mockwebserver.MockWebServer$3 processOneRequest
INFO: MockWebServer[50005] received request: GET /apis/entando.org/v1/namespaces/entando-k8s-controller-coordinator-carcpr41/entandoplugins?watch=true HTTP/1.1 and responded: HTTP/1.1 200 OK
Sep 07, 2020 11:38:52 AM okhttp3.mockwebserver.MockWebServer$3 processOneRequest
INFO: MockWebServer[50005] received request: GET /apis/apiextensions.k8s.io/v1beta1/customresourcedefinitions/entandoapppluginlinks.entando.org HTTP/1.1 and responded: HTTP/1.1 404 Client Error
Sep 07, 2020 11:38:52 AM okhttp3.mockwebserver.MockWebServer$3 processOneRequest
INFO: MockWebServer[50005] received request: GET /apis/entando.org/v1/namespaces/entando-k8s-controller-coordinator-carcpr41/entandoplugins?watch=true HTTP/1.1 and responded: HTTP/1.1 200 OK
Sep 07, 2020 11:38:52 AM io.fabric8.kubernetes.client.dsl.internal.WatchHTTPManager$1 onResponse
INFO: Watch terminated unexpectedly. reason: \n not found: limit=46 content=7b2261706956657273696f6e223a227631222c226b696e64223a224c69737422â€¦
Sep 07, 2020 11:38:52 AM okhttp3.mockwebserver.MockWebServer$3 processOneRequest
INFO: MockWebServer[50005] received request: POST /apis/apiextensions.k8s.io/v1beta1/customresourcedefinitions HTTP/1.1 and responded: HTTP/1.1 202 OK
Sep 07, 2020 11:38:52 AM okhttp3.mockwebserver.MockWebServer$3 processOneRequest
INFO: MockWebServer[50005] received request: GET /api/v1/namespaces/entando-k8s-controller-coordinator-carcpr41 HTTP/1.1 and responded: HTTP/1.1 200 OK
Sep 07, 2020 11:38:52 AM okhttp3.mockwebserver.MockWebServer$3 processOneRequest
INFO: MockWebServer[50005] received request: GET /apis/entando.org/v1/namespaces/entando-k8s-controller-coordinator-carcpr41/entandoapppluginlinks HTTP/1.1 and responded: HTTP/1.1 200 OK
Sep 07, 2020 11:38:52 AM okhttp3.mockwebserver.MockWebServer$3 processOneRequest
INFO: MockWebServer[50005] received request: GET /api/v1/namespaces/entando-k8s-controller-coordinator-carcpr41 HTTP/1.1 and responded: HTTP/1.1 200 OK
Sep 07, 2020 11:38:52 AM okhttp3.mockwebserver.MockWebServer$3 processOneRequest
INFO: MockWebServer[50005] received request: GET /apis/entando.org/v1/namespaces/entando-k8s-controller-coordinator-carcpr41/entandoapppluginlinks HTTP/1.1 and responded: HTTP/1.1 200 OK
Sep 07, 2020 11:38:52 AM okhttp3.mockwebserver.MockWebServer$3 processOneRequest
INFO: MockWebServer[50005] received request: GET /apis/entando.org/v1/namespaces/entando-k8s-controller-coordinator-carcpr41/entandoapps?watch=true HTTP/1.1 and responded: HTTP/1.1 200 OK
Sep 07, 2020 11:38:52 AM io.fabric8.kubernetes.client.dsl.internal.WatchHTTPManager$1 onResponse
INFO: Watch terminated unexpectedly. reason: \n not found: limit=46 content=7b2261706956657273696f6e223a227631222c226b696e64223a224c69737422â€¦
Sep 07, 2020 11:38:52 AM okhttp3.mockwebserver.MockWebServer$3 processOneRequest
INFO: MockWebServer[50005] received request: GET /apis/entando.org/v1/namespaces/entando-k8s-controller-coordinator-carcpr41/entandoapppluginlinks HTTP/1.1 and responded: HTTP/1.1 200 OK
Sep 07, 2020 11:38:52 AM okhttp3.mockwebserver.MockWebServer$3 processOneRequest
INFO: MockWebServer[50005] received request: GET /apis/entando.org/v1/namespaces/entando-k8s-controller-coordinator-carcpr41/entandoapppluginlinks?watch=true HTTP/1.1 and responded: HTTP/1.1 200 OK
Sep 07, 2020 11:38:52 AM okhttp3.mockwebserver.MockWebServer$3 processOneRequest
INFO: MockWebServer[50005] received request: GET /apis/entando.org/v1/namespaces/entando-k8s-controller-coordinator-carcpr41/entandoapppluginlinks?watch=true HTTP/1.1 and responded: HTTP/1.1 200 OK
Sep 07, 2020 11:38:52 AM okhttp3.mockwebserver.MockWebServer$3 processOneRequest
INFO: MockWebServer[50005] received request: GET /apis/apiextensions.k8s.io/v1beta1/customresourcedefinitions/entandocompositeapps.entando.org HTTP/1.1 and responded: HTTP/1.1 404 Client Error
Sep 07, 2020 11:38:52 AM io.fabric8.kubernetes.client.dsl.internal.WatchHTTPManager$1 onResponse
INFO: Watch terminated unexpectedly. reason: \n not found: limit=46 content=7b2261706956657273696f6e223a227631222c226b696e64223a224c69737422â€¦
Sep 07, 2020 11:38:52 AM okhttp3.mockwebserver.MockWebServer$3 processOneRequest
INFO: MockWebServer[50005] received request: POST /apis/apiextensions.k8s.io/v1beta1/customresourcedefinitions HTTP/1.1 and responded: HTTP/1.1 202 OK
Sep 07, 2020 11:38:52 AM okhttp3.mockwebserver.MockWebServer$3 processOneRequest
INFO: MockWebServer[50005] received request: GET /api/v1/namespaces/entando-k8s-controller-coordinator-carcpr41 HTTP/1.1 and responded: HTTP/1.1 200 OK
Sep 07, 2020 11:38:52 AM okhttp3.mockwebserver.MockWebServer$3 processOneRequest
INFO: MockWebServer[50005] received request: GET /apis/entando.org/v1/namespaces/entando-k8s-controller-coordinator-carcpr41/entandocompositeapps HTTP/1.1 and responded: HTTP/1.1 200 OK
Sep 07, 2020 11:38:53 AM okhttp3.mockwebserver.MockWebServer$3 processOneRequest
INFO: MockWebServer[50005] received request: GET /api/v1/namespaces/entando-k8s-controller-coordinator-carcpr41 HTTP/1.1 and responded: HTTP/1.1 200 OK
Sep 07, 2020 11:38:53 AM okhttp3.mockwebserver.MockWebServer$3 processOneRequest
INFO: MockWebServer[50005] received request: GET /apis/entando.org/v1/namespaces/entando-k8s-controller-coordinator-carcpr41/entandocompositeapps HTTP/1.1 and responded: HTTP/1.1 200 OK
Sep 07, 2020 11:38:53 AM okhttp3.mockwebserver.MockWebServer$3 processOneRequest
INFO: MockWebServer[50005] received request: GET /apis/entando.org/v1/namespaces/entando-k8s-controller-coordinator-carcpr41/entandoplugins?watch=true HTTP/1.1 and responded: HTTP/1.1 200 OK
Sep 07, 2020 11:38:53 AM io.fabric8.kubernetes.client.dsl.internal.WatchHTTPManager$1 onResponse
INFO: Watch terminated unexpectedly. reason: \n not found: limit=46 content=7b2261706956657273696f6e223a227631222c226b696e64223a224c69737422â€¦
Sep 07, 2020 11:38:53 AM okhttp3.mockwebserver.MockWebServer$3 processOneRequest
INFO: MockWebServer[50005] received request: GET /apis/entando.org/v1/namespaces/entando-k8s-controller-coordinator-carcpr41/entandocompositeapps HTTP/1.1 and responded: HTTP/1.1 200 OK
Sep 07, 2020 11:38:53 AM okhttp3.mockwebserver.MockWebServer$3 processOneRequest
INFO: MockWebServer[50005] received request: GET /apis/entando.org/v1/namespaces/entando-k8s-controller-coordinator-carcpr41/entandokeycloakservers?watch=true HTTP/1.1 and responded: HTTP/1.1 200 OK
Sep 07, 2020 11:38:53 AM io.fabric8.kubernetes.client.dsl.internal.WatchHTTPManager$1 onResponse
INFO: Watch terminated unexpectedly. reason: \n not found: limit=46 content=7b2261706956657273696f6e223a227631222c226b696e64223a224c69737422â€¦
Sep 07, 2020 11:38:53 AM okhttp3.mockwebserver.MockWebServer$3 processOneRequest
INFO: MockWebServer[50005] received request: GET /apis/entando.org/v1/namespaces/entando-k8s-controller-coordinator-carcpr41/entandocompositeapps?watch=true HTTP/1.1 and responded: HTTP/1.1 200 OK
Sep 07, 2020 11:38:53 AM okhttp3.mockwebserver.MockWebServer$3 processOneRequest
INFO: MockWebServer[50005] received request: GET /apis/entando.org/v1/namespaces/entando-k8s-controller-coordinator-carcpr41/entandocompositeapps?watch=true HTTP/1.1 and responded: HTTP/1.1 200 OK
Sep 07, 2020 11:38:53 AM okhttp3.mockwebserver.MockWebServer$3 processOneRequest
INFO: MockWebServer[50005] received request: GET /apis/apiextensions.k8s.io/v1beta1/customresourcedefinitions/entandodatabaseservices.entando.org HTTP/1.1 and responded: HTTP/1.1 404 Client Error
Sep 07, 2020 11:38:53 AM io.fabric8.kubernetes.client.dsl.internal.WatchHTTPManager$1 onResponse
INFO: Watch terminated unexpectedly. reason: \n not found: limit=46 content=7b2261706956657273696f6e223a227631222c226b696e64223a224c69737422â€¦
Sep 07, 2020 11:38:53 AM okhttp3.mockwebserver.MockWebServer$3 processOneRequest
INFO: MockWebServer[50005] received request: POST /apis/apiextensions.k8s.io/v1beta1/customresourcedefinitions HTTP/1.1 and responded: HTTP/1.1 202 OK
Sep 07, 2020 11:38:53 AM okhttp3.mockwebserver.MockWebServer$3 processOneRequest
INFO: MockWebServer[50005] received request: GET /api/v1/namespaces/entando-k8s-controller-coordinator-carcpr41 HTTP/1.1 and responded: HTTP/1.1 200 OK
Sep 07, 2020 11:38:53 AM okhttp3.mockwebserver.MockWebServer$3 processOneRequest
INFO: MockWebServer[50005] received request: GET /apis/entando.org/v1/namespaces/entando-k8s-controller-coordinator-carcpr41/entandodatabaseservices HTTP/1.1 and responded: HTTP/1.1 200 OK
Sep 07, 2020 11:38:53 AM okhttp3.mockwebserver.MockWebServer$3 processOneRequest
INFO: MockWebServer[50005] received request: GET /api/v1/namespaces/entando-k8s-controller-coordinator-carcpr41 HTTP/1.1 and responded: HTTP/1.1 200 OK
Sep 07, 2020 11:38:53 AM okhttp3.mockwebserver.MockWebServer$3 processOneRequest
INFO: MockWebServer[50005] received request: GET /apis/entando.org/v1/namespaces/entando-k8s-controller-coordinator-carcpr41/entandodatabaseservices HTTP/1.1 and responded: HTTP/1.1 200 OK
Sep 07, 2020 11:38:53 AM okhttp3.mockwebserver.MockWebServer$3 processOneRequest
INFO: MockWebServer[50005] received request: GET /apis/entando.org/v1/namespaces/entando-k8s-controller-coordinator-carcpr41/entandoapppluginlinks?watch=true HTTP/1.1 and responded: HTTP/1.1 200 OK
Sep 07, 2020 11:38:53 AM io.fabric8.kubernetes.client.dsl.internal.WatchHTTPManager$1 onResponse
INFO: Watch terminated unexpectedly. reason: \n not found: limit=46 content=7b2261706956657273696f6e223a227631222c226b696e64223a224c69737422â€¦
Sep 07, 2020 11:38:53 AM okhttp3.mockwebserver.MockWebServer$3 processOneRequest
INFO: MockWebServer[50005] received request: GET /apis/entando.org/v1/namespaces/entando-k8s-controller-coordinator-carcpr41/entandodatabaseservices HTTP/1.1 and responded: HTTP/1.1 200 OK
Sep 07, 2020 11:38:53 AM okhttp3.mockwebserver.MockWebServer$3 processOneRequest
INFO: MockWebServer[50005] received request: GET /apis/entando.org/v1/namespaces/entando-k8s-controller-coordinator-carcpr41/entandodatabaseservices?watch=true HTTP/1.1 and responded: HTTP/1.1 200 OK
Sep 07, 2020 11:38:53 AM okhttp3.mockwebserver.MockWebServer$3 processOneRequest
INFO: MockWebServer[50005] received request: GET /apis/entando.org/v1/namespaces/entando-k8s-controller-coordinator-carcpr41/entandoclusterinfrastructures?watch=true HTTP/1.1 and responded: HTTP/1.1 200 OK
Sep 07, 2020 11:38:53 AM io.fabric8.kubernetes.client.dsl.internal.WatchHTTPManager$1 onResponse
INFO: Watch terminated unexpectedly. reason: \n not found: limit=46 content=7b2261706956657273696f6e223a227631222c226b696e64223a224c69737422â€¦
Sep 07, 2020 11:38:54 AM okhttp3.mockwebserver.MockWebServer$3 processOneRequest
INFO: MockWebServer[50005] received request: GET /apis/entando.org/v1/namespaces/entando-k8s-controller-coordinator-carcpr41/entandodatabaseservices?watch=true HTTP/1.1 and responded: HTTP/1.1 200 OK
Sep 07, 2020 11:38:54 AM io.fabric8.kubernetes.client.dsl.internal.WatchHTTPManager$1 onResponse
INFO: Watch terminated unexpectedly. reason: \n not found: limit=46 content=7b2261706956657273696f6e223a227631222c226b696e64223a224c69737422â€¦
Sep 07, 2020 11:38:54 AM okhttp3.mockwebserver.MockWebServer$3 processOneRequest
INFO: MockWebServer[50005] received request: POST /api/v1/namespaces/entando/configmaps HTTP/1.1 and responded: HTTP/1.1 202 OK
Sep 07, 2020 11:38:54 AM okhttp3.mockwebserver.MockWebServer$3 processOneRequest
INFO: MockWebServer[50005] received request: GET /api/v1/namespaces/entando-k8s-controller-coordinator-carcpr41 HTTP/1.1 and responded: HTTP/1.1 200 OK
Sep 07, 2020 11:38:54 AM okhttp3.mockwebserver.MockWebServer$3 processOneRequest
INFO: MockWebServer[50005] received request: GET /apis/entando.org/v1/namespaces/entando-k8s-controller-coordinator-carcpr41/entandokeycloakservers HTTP/1.1 and responded: HTTP/1.1 200 OK
Sep 07, 2020 11:38:54 AM okhttp3.mockwebserver.MockWebServer$3 processOneRequest
INFO: MockWebServer[50005] received request: GET /api/v1/namespaces/entando-k8s-controller-coordinator-carcpr41 HTTP/1.1 and responded: HTTP/1.1 200 OK
Sep 07, 2020 11:38:54 AM okhttp3.mockwebserver.MockWebServer$3 processOneRequest
INFO: MockWebServer[50005] received request: GET /apis/entando.org/v1/namespaces/entando-k8s-controller-coordinator-carcpr41/entandokeycloakservers HTTP/1.1 and responded: HTTP/1.1 200 OK
Sep 07, 2020 11:38:54 AM okhttp3.mockwebserver.MockWebServer$3 processOneRequest
INFO: MockWebServer[50005] received request: POST /apis/entando.org/v1/namespaces/entando-k8s-controller-coordinator-carcpr41/entandokeycloakservers HTTP/1.1 and responded: HTTP/1.1 202 OK
Sep 07, 2020 11:38:54 AM okhttp3.mockwebserver.MockWebServer$3 processOneRequest
INFO: MockWebServer[50005] received request: GET /apis/entando.org/v1/namespaces/entando-k8s-controller-coordinator-carcpr41/entandocompositeapps?watch=true HTTP/1.1 and responded: HTTP/1.1 200 OK
Sep 07, 2020 11:38:54 AM io.fabric8.kubernetes.client.dsl.internal.WatchHTTPManager$1 onResponse
INFO: Watch terminated unexpectedly. reason: \n not found: limit=46 content=7b2261706956657273696f6e223a227631222c226b696e64223a224c69737422â€¦
Sep 07, 2020 11:38:54 AM org.entando.kubernetes.controller.coordinator.EntandoResourceObserver logAction
INFO: Received ADDED for resource EntandoKeycloakServer entando-k8s-controller-coordinator-carcpr41/test-keycloak
Sep 07, 2020 11:38:54 AM okhttp3.mockwebserver.MockWebServer$3 processOneRequest
INFO: MockWebServer[50005] received request: GET /api/v1/namespaces/entando/configmaps/entando-docker-image-info-v6.1 HTTP/1.1 and responded: HTTP/1.1 200 OK
Sep 07, 2020 11:38:54 AM okhttp3.mockwebserver.MockWebServer$3 processOneRequest
INFO: MockWebServer[50005] received request: GET /apis/entando.org/v1/namespaces/entando-k8s-controller-coordinator-carcpr41/entandoapps?watch=true HTTP/1.1 and responded: HTTP/1.1 200 OK
Sep 07, 2020 11:38:54 AM io.fabric8.kubernetes.client.dsl.internal.WatchHTTPManager$1 onResponse
INFO: Watch terminated unexpectedly. reason: \n not found: limit=46 content=7b2261706956657273696f6e223a227631222c226b696e64223a224c69737422â€¦
Sep 07, 2020 11:38:54 AM okhttp3.mockwebserver.MockWebServer$3 processOneRequest
INFO: MockWebServer[50005] received request: GET /api/v1/namespaces/entando-k8s-controller-coordinator-carcpr41/pods?labelSelector=EntandoResourceKind%3DEntandoKeycloakServer HTTP/1.1 and responded: HTTP/1.1 200 OK
Sep 07, 2020 11:38:54 AM okhttp3.mockwebserver.MockWebServer$3 processOneRequest
INFO: MockWebServer[50005] received request: GET /api/v1/namespaces/entando-k8s-controller-coordinator-carcpr41/secrets/test-keycloak-controller-ca-cert-secret HTTP/1.1 and responded: HTTP/1.1 404 Client Error
Sep 07, 2020 11:38:55 AM okhttp3.mockwebserver.MockWebServer$3 processOneRequest
INFO: MockWebServer[50005] received request: POST /api/v1/namespaces/entando-k8s-controller-coordinator-carcpr41/secrets HTTP/1.1 and responded: HTTP/1.1 202 OK
Sep 07, 2020 11:38:55 AM okhttp3.mockwebserver.MockWebServer$3 processOneRequest
INFO: MockWebServer[50005] received request: GET /apis/entando.org/v1/namespaces/entando-k8s-controller-coordinator-carcpr41/entandodatabaseservices?watch=true HTTP/1.1 and responded: HTTP/1.1 200 OK
Sep 07, 2020 11:38:55 AM io.fabric8.kubernetes.client.dsl.internal.WatchHTTPManager$1 onResponse
INFO: Watch terminated unexpectedly. reason: \n not found: limit=46 content=7b2261706956657273696f6e223a227631222c226b696e64223a224c69737422â€¦
Sep 07, 2020 11:38:55 AM okhttp3.mockwebserver.MockWebServer$3 processOneRequest
INFO: MockWebServer[50005] received request: POST /api/v1/namespaces/entando-k8s-controller-coordinator-carcpr41/pods HTTP/1.1 and responded: HTTP/1.1 202 OK
Sep 07, 2020 11:38:55 AM okhttp3.mockwebserver.MockWebServer$3 processOneRequest
INFO: MockWebServer[50005] received request: GET /api/v1/namespaces/entando-k8s-controller-coordinator-carcpr41/pods?labelSelector=EntandoResourceKind%3DEntandoKeycloakServer HTTP/1.1 and responded: HTTP/1.1 200 OK
Sep 07, 2020 11:38:55 AM okhttp3.mockwebserver.MockWebServer$3 processOneRequest
INFO: MockWebServer[50005] received request: GET /apis/entando.org/v1/namespaces/entando-k8s-controller-coordinator-carcpr41/entandoplugins?watch=true HTTP/1.1 and responded: HTTP/1.1 200 OK
Sep 07, 2020 11:38:55 AM io.fabric8.kubernetes.client.dsl.internal.WatchHTTPManager$1 onResponse
INFO: Watch terminated unexpectedly. reason: \n not found: limit=46 content=7b2261706956657273696f6e223a227631222c226b696e64223a224c69737422â€¦
Sep 07, 2020 11:38:55 AM okhttp3.mockwebserver.MockWebServer$3 processOneRequest
INFO: MockWebServer[50005] received request: GET /api/v1/namespaces/entando-k8s-controller-coordinator-carcpr41 HTTP/1.1 and responded: HTTP/1.1 200 OK
Sep 07, 2020 11:38:55 AM okhttp3.mockwebserver.MockWebServer$3 processOneRequest
INFO: MockWebServer[50005] received request: GET /apis/entando.org/v1/namespaces/entando-k8s-controller-coordinator-carcpr41/entandokeycloakservers HTTP/1.1 and responded: HTTP/1.1 200 OK
Sep 07, 2020 11:38:55 AM okhttp3.mockwebserver.MockWebServer$3 processOneRequest
INFO: MockWebServer[50005] received request: GET /api/v1/namespaces/entando-k8s-controller-coordinator-carcpr41 HTTP/1.1 and responded: HTTP/1.1 200 OK
Sep 07, 2020 11:38:55 AM okhttp3.mockwebserver.MockWebServer$3 processOneRequest
INFO: MockWebServer[50005] received request: GET /apis/entando.org/v1/namespaces/entando-k8s-controller-coordinator-carcpr41/entandokeycloakservers HTTP/1.1 and responded: HTTP/1.1 200 OK
Sep 07, 2020 11:38:55 AM okhttp3.mockwebserver.MockWebServer$3 processOneRequest
INFO: MockWebServer[50005] received request: GET /apis/entando.org/v1/namespaces/entando-k8s-controller-coordinator-carcpr41/entandokeycloakservers/test-keycloak HTTP/1.1 and responded: HTTP/1.1 200 OK
Sep 07, 2020 11:38:55 AM okhttp3.mockwebserver.MockWebServer$3 processOneRequest
INFO: MockWebServer[50005] received request: GET /api/v1/namespaces/entando-k8s-controller-coordinator-carcpr41/pods?labelSelector=EntandoResourceKind%3DEntandoKeycloakServer HTTP/1.1 and responded: HTTP/1.1 200 OK
Sep 07, 2020 11:38:55 AM io.fabric8.kubernetes.client.dsl.internal.WatchHTTPManager$1 onResponse
INFO: Watch terminated unexpectedly. reason: \n not found: limit=46 content=7b2261706956657273696f6e223a227631222c226b696e64223a224c69737422â€¦
Sep 07, 2020 11:38:55 AM okhttp3.mockwebserver.MockWebServer$3 processOneRequest
INFO: MockWebServer[50005] received request: GET /apis/entando.org/v1/namespaces/entando-k8s-controller-coordinator-carcpr41/entandoapppluginlinks?watch=true HTTP/1.1 and responded: HTTP/1.1 200 OK
Sep 07, 2020 11:38:55 AM okhttp3.mockwebserver.MockWebServer$3 processOneRequest
INFO: MockWebServer[50005] received request: GET /api/v1/namespaces/entando-k8s-controller-coordinator-carcpr41/pods?labelSelector=EntandoResourceKind%3DEntandoKeycloakServer HTTP/1.1 and responded: HTTP/1.1 200 OK
Sep 07, 2020 11:38:56 AM okhttp3.mockwebserver.MockWebServer$3 processOneRequest
INFO: MockWebServer[50005] received request: GET /api/v1/namespaces/entando-k8s-controller-coordinator-carcpr41/pods?labelSelector=EntandoResourceKind%3DEntandoKeycloakServer HTTP/1.1 and responded: HTTP/1.1 200 OK
Sep 07, 2020 11:38:56 AM okhttp3.mockwebserver.MockWebServer$3 processOneRequest
INFO: MockWebServer[50005] received request: GET /api/v1/namespaces/entando-k8s-controller-coordinator-carcpr41/pods?labelSelector=EntandoResourceKind%3DEntandoKeycloakServer HTTP/1.1 and responded: HTTP/1.1 200 OK
Sep 07, 2020 11:38:56 AM okhttp3.mockwebserver.MockWebServer$3 processOneRequest
INFO: MockWebServer[50005] received request: GET /api/v1/namespaces/entando-k8s-controller-coordinator-carcpr41/pods?labelSelector=EntandoResourceKind%3DEntandoKeycloakServer HTTP/1.1 and responded: HTTP/1.1 200 OK
Sep 07, 2020 11:38:56 AM io.fabric8.kubernetes.client.dsl.internal.WatchHTTPManager$1 onResponse
INFO: Watch terminated unexpectedly. reason: \n not found: limit=46 content=7b2261706956657273696f6e223a227631222c226b696e64223a224c69737422â€¦
Sep 07, 2020 11:38:56 AM okhttp3.mockwebserver.MockWebServer$3 processOneRequest
INFO: MockWebServer[50005] received request: GET /apis/entando.org/v1/namespaces/entando-k8s-controller-coordinator-carcpr41/entandocompositeapps?watch=true HTTP/1.1 and responded: HTTP/1.1 200 OK
Sep 07, 2020 11:38:56 AM okhttp3.mockwebserver.MockWebServer$3 processOneRequest
INFO: MockWebServer[50005] received request: GET /api/v1/namespaces/entando-k8s-controller-coordinator-carcpr41/pods?labelSelector=EntandoResourceKind%3DEntandoKeycloakServer HTTP/1.1 and responded: HTTP/1.1 200 OK
Sep 07, 2020 11:38:56 AM okhttp3.mockwebserver.MockWebServer$3 processOneRequest
INFO: MockWebServer[50005] received request: GET /api/v1/namespaces/entando-k8s-controller-coordinator-carcpr41/pods?labelSelector=EntandoResourceKind%3DEntandoKeycloakServer HTTP/1.1 and responded: HTTP/1.1 200 OK
Sep 07, 2020 11:38:56 AM okhttp3.mockwebserver.MockWebServer$3 processOneRequest
INFO: MockWebServer[50005] received request: GET /api/v1/namespaces/entando-k8s-controller-coordinator-carcpr41/pods?labelSelector=EntandoResourceKind%3DEntandoKeycloakServer HTTP/1.1 and responded: HTTP/1.1 200 OK
Sep 07, 2020 11:38:57 AM okhttp3.mockwebserver.MockWebServer$3 processOneRequest
INFO: MockWebServer[50005] received request: GET /api/v1/namespaces/entando-k8s-controller-coordinator-carcpr41/pods?labelSelector=EntandoResourceKind%3DEntandoKeycloakServer HTTP/1.1 and responded: HTTP/1.1 200 OK
Sep 07, 2020 11:38:57 AM io.fabric8.kubernetes.client.dsl.internal.WatchHTTPManager$1 onResponse
INFO: Watch terminated unexpectedly. reason: \n not found: limit=46 content=7b2261706956657273696f6e223a227631222c226b696e64223a224c69737422â€¦
Sep 07, 2020 11:38:57 AM okhttp3.mockwebserver.MockWebServer$3 processOneRequest
INFO: MockWebServer[50005] received request: GET /apis/entando.org/v1/namespaces/entando-k8s-controller-coordinator-carcpr41/entandodatabaseservices?watch=true HTTP/1.1 and responded: HTTP/1.1 200 OK
Sep 07, 2020 11:38:57 AM okhttp3.mockwebserver.MockWebServer$3 processOneRequest
INFO: MockWebServer[50005] received request: GET /api/v1/namespaces/entando-k8s-controller-coordinator-carcpr41/pods?labelSelector=EntandoResourceKind%3DEntandoKeycloakServer HTTP/1.1 and responded: HTTP/1.1 200 OK
Sep 07, 2020 11:38:57 AM io.fabric8.kubernetes.client.dsl.internal.WatchHTTPManager$1 onResponse
INFO: Watch terminated unexpectedly. reason: \n not found: limit=315 content=7b2261706956657273696f6e223a227631222c226b696e64223a224c69737422â€¦
Sep 07, 2020 11:38:57 AM okhttp3.mockwebserver.MockWebServer$3 processOneRequest
INFO: MockWebServer[50005] received request: GET /apis/entando.org/v1/namespaces/entando-k8s-controller-coordinator-carcpr41/entandokeycloakservers?watch=true HTTP/1.1 and responded: HTTP/1.1 200 OK
Sep 07, 2020 11:38:57 AM okhttp3.mockwebserver.MockWebServer$3 processOneRequest
INFO: MockWebServer[50005] received request: GET /api/v1/namespaces/entando-k8s-controller-coordinator-carcpr41/pods?labelSelector=EntandoResourceKind%3DEntandoKeycloakServer HTTP/1.1 and responded: HTTP/1.1 200 OK
Sep 07, 2020 11:38:57 AM okhttp3.mockwebserver.MockWebServer$3 processOneRequest
INFO: MockWebServer[50005] received request: GET /api/v1/namespaces/entando-k8s-controller-coordinator-carcpr41/pods?labelSelector=EntandoResourceKind%3DEntandoKeycloakServer HTTP/1.1 and responded: HTTP/1.1 200 OK
Sep 07, 2020 11:38:57 AM okhttp3.mockwebserver.MockWebServer$3 processOneRequest
INFO: MockWebServer[50005] received request: GET /api/v1/namespaces/entando-k8s-controller-coordinator-carcpr41/pods?labelSelector=EntandoResourceKind%3DEntandoKeycloakServer HTTP/1.1 and responded: HTTP/1.1 200 OK
Sep 07, 2020 11:38:57 AM okhttp3.mockwebserver.MockWebServer$3 processOneRequest
INFO: MockWebServer[50005] received request: GET /api/v1/namespaces/entando-k8s-controller-coordinator-carcpr41/pods?labelSelector=EntandoResourceKind%3DEntandoKeycloakServer HTTP/1.1 and responded: HTTP/1.1 200 OK
Sep 07, 2020 11:38:58 AM io.fabric8.kubernetes.client.dsl.internal.WatchHTTPManager$1 onResponse
INFO: Watch terminated unexpectedly. reason: \n not found: limit=46 content=7b2261706956657273696f6e223a227631222c226b696e64223a224c69737422â€¦
Sep 07, 2020 11:38:58 AM okhttp3.mockwebserver.MockWebServer$3 processOneRequest
INFO: MockWebServer[50005] received request: GET /apis/entando.org/v1/namespaces/entando-k8s-controller-coordinator-carcpr41/entandoclusterinfrastructures?watch=true HTTP/1.1 and responded: HTTP/1.1 200 OK
Sep 07, 2020 11:38:58 AM okhttp3.mockwebserver.MockWebServer$3 processOneRequest
INFO: MockWebServer[50005] received request: GET /api/v1/namespaces/entando-k8s-controller-coordinator-carcpr41/pods?labelSelector=EntandoResourceKind%3DEntandoKeycloakServer HTTP/1.1 and responded: HTTP/1.1 200 OK
Sep 07, 2020 11:38:58 AM okhttp3.mockwebserver.MockWebServer$3 processOneRequest
INFO: MockWebServer[50005] received request: GET /api/v1/namespaces/entando-k8s-controller-coordinator-carcpr41/pods?labelSelector=EntandoResourceKind%3DEntandoKeycloakServer HTTP/1.1 and responded: HTTP/1.1 200 OK
Sep 07, 2020 11:38:58 AM okhttp3.mockwebserver.MockWebServer$3 processOneRequest
INFO: MockWebServer[50005] received request: GET /api/v1/namespaces/entando-k8s-controller-coordinator-carcpr41/pods?labelSelector=EntandoResourceKind%3DEntandoKeycloakServer HTTP/1.1 and responded: HTTP/1.1 200 OK
Sep 07, 2020 11:38:58 AM okhttp3.mockwebserver.MockWebServer$3 processOneRequest
INFO: MockWebServer[50005] received request: GET /api/v1/namespaces/entando-k8s-controller-coordinator-carcpr41/pods?labelSelector=EntandoResourceKind%3DEntandoKeycloakServer HTTP/1.1 and responded: HTTP/1.1 200 OK
Sep 07, 2020 11:38:58 AM okhttp3.mockwebserver.MockWebServer$3 processOneRequest
INFO: MockWebServer[50005] received request: GET /api/v1/namespaces/entando-k8s-controller-coordinator-carcpr41/pods?labelSelector=EntandoResourceKind%3DEntandoKeycloakServer HTTP/1.1 and responded: HTTP/1.1 200 OK
Sep 07, 2020 11:38:58 AM okhttp3.mockwebserver.MockWebServer$3 processOneRequest
INFO: MockWebServer[50005] received request: GET /apis/entando.org/v1/namespaces/entando-k8s-controller-coordinator-carcpr41/entandoapps?watch=true HTTP/1.1 and responded: HTTP/1.1 200 OK
Sep 07, 2020 11:38:58 AM io.fabric8.kubernetes.client.dsl.internal.WatchHTTPManager$1 onResponse
INFO: Watch terminated unexpectedly. reason: \n not found: limit=46 content=7b2261706956657273696f6e223a227631222c226b696e64223a224c69737422â€¦
Sep 07, 2020 11:38:58 AM okhttp3.mockwebserver.MockWebServer$3 processOneRequest
INFO: MockWebServer[50005] received request: GET /api/v1/namespaces/entando-k8s-controller-coordinator-carcpr41/pods?labelSelector=EntandoResourceKind%3DEntandoKeycloakServer HTTP/1.1 and responded: HTTP/1.1 200 OK
Sep 07, 2020 11:38:58 AM okhttp3.mockwebserver.MockWebServer$3 processOneRequest
INFO: MockWebServer[50005] received request: GET /api/v1/namespaces/entando-k8s-controller-coordinator-carcpr41/pods?labelSelector=EntandoResourceKind%3DEntandoKeycloakServer HTTP/1.1 and responded: HTTP/1.1 200 OK
Sep 07, 2020 11:38:59 AM okhttp3.mockwebserver.MockWebServer$3 processOneRequest
INFO: MockWebServer[50005] received request: GET /api/v1/namespaces/entando-k8s-controller-coordinator-carcpr41/pods?labelSelector=EntandoResourceKind%3DEntandoKeycloakServer HTTP/1.1 and responded: HTTP/1.1 200 OK
Sep 07, 2020 11:38:59 AM okhttp3.mockwebserver.MockWebServer$3 processOneRequest
INFO: MockWebServer[50005] received request: GET /api/v1/namespaces/entando-k8s-controller-coordinator-carcpr41/pods?labelSelector=EntandoResourceKind%3DEntandoKeycloakServer HTTP/1.1 and responded: HTTP/1.1 200 OK
Sep 07, 2020 11:38:59 AM io.fabric8.kubernetes.client.dsl.internal.WatchHTTPManager$1 onResponse
INFO: Watch terminated unexpectedly. reason: \n not found: limit=46 content=7b2261706956657273696f6e223a227631222c226b696e64223a224c69737422â€¦
Sep 07, 2020 11:38:59 AM okhttp3.mockwebserver.MockWebServer$3 processOneRequest
INFO: MockWebServer[50005] received request: GET /apis/entando.org/v1/namespaces/entando-k8s-controller-coordinator-carcpr41/entandoplugins?watch=true HTTP/1.1 and responded: HTTP/1.1 200 OK
Sep 07, 2020 11:38:59 AM okhttp3.mockwebserver.MockWebServer$3 processOneRequest
INFO: MockWebServer[50005] received request: GET /api/v1/namespaces/entando-k8s-controller-coordinator-carcpr41/pods?labelSelector=EntandoResourceKind%3DEntandoKeycloakServer HTTP/1.1 and responded: HTTP/1.1 200 OK
Sep 07, 2020 11:38:59 AM okhttp3.mockwebserver.MockWebServer$3 processOneRequest
INFO: MockWebServer[50005] received request: GET /api/v1/namespaces/entando-k8s-controller-coordinator-carcpr41/pods?labelSelector=EntandoResourceKind%3DEntandoKeycloakServer HTTP/1.1 and responded: HTTP/1.1 200 OK
Sep 07, 2020 11:38:59 AM okhttp3.mockwebserver.MockWebServer$3 processOneRequest
INFO: MockWebServer[50005] received request: GET /api/v1/namespaces/entando-k8s-controller-coordinator-carcpr41/pods?labelSelector=EntandoResourceKind%3DEntandoKeycloakServer HTTP/1.1 and responded: HTTP/1.1 200 OK
Sep 07, 2020 11:38:59 AM okhttp3.mockwebserver.MockWebServer$3 processOneRequest
INFO: MockWebServer[50005] received request: GET /api/v1/namespaces/entando-k8s-controller-coordinator-carcpr41/pods?labelSelector=EntandoResourceKind%3DEntandoKeycloakServer HTTP/1.1 and responded: HTTP/1.1 200 OK
Sep 07, 2020 11:38:59 AM okhttp3.mockwebserver.MockWebServer$3 processOneRequest
INFO: MockWebServer[50005] received request: GET /api/v1/namespaces/entando-k8s-controller-coordinator-carcpr41/pods?labelSelector=EntandoResourceKind%3DEntandoKeycloakServer HTTP/1.1 and responded: HTTP/1.1 200 OK
Sep 07, 2020 11:38:59 AM okhttp3.mockwebserver.MockWebServer$3 processOneRequest
INFO: MockWebServer[50005] received request: GET /apis/entando.org/v1/namespaces/entando-k8s-controller-coordinator-carcpr41/entandoapppluginlinks?watch=true HTTP/1.1 and responded: HTTP/1.1 200 OK
Sep 07, 2020 11:38:59 AM io.fabric8.kubernetes.client.dsl.internal.WatchHTTPManager$1 onResponse
INFO: Watch terminated unexpectedly. reason: \n not found: limit=46 content=7b2261706956657273696f6e223a227631222c226b696e64223a224c69737422â€¦
Sep 07, 2020 11:39:00 AM okhttp3.mockwebserver.MockWebServer$3 processOneRequest
INFO: MockWebServer[50005] received request: GET /api/v1/namespaces/entando-k8s-controller-coordinator-carcpr41/pods?labelSelector=EntandoResourceKind%3DEntandoKeycloakServer HTTP/1.1 and responded: HTTP/1.1 200 OK
Sep 07, 2020 11:39:00 AM okhttp3.mockwebserver.MockWebServer$3 processOneRequest
INFO: MockWebServer[50005] received request: GET /api/v1/namespaces/entando-k8s-controller-coordinator-carcpr41/pods?labelSelector=EntandoResourceKind%3DEntandoKeycloakServer HTTP/1.1 and responded: HTTP/1.1 200 OK
Sep 07, 2020 11:39:00 AM okhttp3.mockwebserver.MockWebServer$3 processOneRequest
INFO: MockWebServer[50005] received request: GET /api/v1/namespaces/entando-k8s-controller-coordinator-carcpr41/pods?labelSelector=EntandoResourceKind%3DEntandoKeycloakServer HTTP/1.1 and responded: HTTP/1.1 200 OK
Sep 07, 2020 11:39:00 AM okhttp3.mockwebserver.MockWebServer$3 processOneRequest
INFO: MockWebServer[50005] received request: GET /api/v1/namespaces/entando-k8s-controller-coordinator-carcpr41/pods?labelSelector=EntandoResourceKind%3DEntandoKeycloakServer HTTP/1.1 and responded: HTTP/1.1 200 OK
Sep 07, 2020 11:39:00 AM okhttp3.mockwebserver.MockWebServer$3 processOneRequest
INFO: MockWebServer[50005] received request: GET /apis/entando.org/v1/namespaces/entando-k8s-controller-coordinator-carcpr41/entandocompositeapps?watch=true HTTP/1.1 and responded: HTTP/1.1 200 OK
Sep 07, 2020 11:39:00 AM io.fabric8.kubernetes.client.dsl.internal.WatchHTTPManager$1 onResponse
INFO: Watch terminated unexpectedly. reason: \n not found: limit=46 content=7b2261706956657273696f6e223a227631222c226b696e64223a224c69737422â€¦
Sep 07, 2020 11:39:00 AM okhttp3.mockwebserver.MockWebServer$3 processOneRequest
INFO: MockWebServer[50005] received request: GET /api/v1/namespaces/entando-k8s-controller-coordinator-carcpr41/pods?labelSelector=EntandoResourceKind%3DEntandoKeycloakServer HTTP/1.1 and responded: HTTP/1.1 200 OK
Sep 07, 2020 11:39:00 AM okhttp3.mockwebserver.MockWebServer$2 acceptConnections
INFO: MockWebServer[50005] done accepting connections: Socket closed
Sep 07, 2020 11:39:00 AM okhttp3.mockwebserver.MockWebServer$2 e**cute
INFO: MockWebServer[43336] starting to accept connections
Sep 07, 2020 11:39:00 AM okhttp3.mockwebserver.MockWebServer$3 processOneRequest
INFO: MockWebServer[43336] received request: GET /api/v1/namespaces/entando-k8s-controller-coordinator-carcpr41 HTTP/1.1 and responded: HTTP/1.1 404 Client Error
Sep 07, 2020 11:39:01 AM okhttp3.mockwebserver.MockWebServer$3 processOneRequest
INFO: MockWebServer[43336] received request: POST /api/v1/namespaces HTTP/1.1 and responded: HTTP/1.1 202 OK
Sep 07, 2020 11:39:01 AM okhttp3.mockwebserver.MockWebServer$3 processOneRequest
INFO: MockWebServer[43336] received request: POST /api/v1/namespaces/entando/configmaps HTTP/1.1 and responded: HTTP/1.1 202 OK
Sep 07, 2020 11:39:01 AM io.fabric8.kubernetes.client.dsl.internal.WatchHTTPManager$1 onFailure
INFO: Watch connection failed. reason: e**cutor rejected
Sep 07, 2020 11:39:01 AM okhttp3.mockwebserver.MockWebServer$3 processOneRequest
INFO: MockWebServer[43336] received request: GET /api/v1/namespaces/entando-k8s-controller-coordinator-carcpr41 HTTP/1.1 and responded: HTTP/1.1 200 OK
Sep 07, 2020 11:39:01 AM okhttp3.mockwebserver.MockWebServer$3 processOneRequest
INFO: MockWebServer[43336] received request: GET /apis/entando.org/v1/namespaces/entando-k8s-controller-coordinator-carcpr41/entandokeycloakservers HTTP/1.1 and responded: HTTP/1.1 200 OK
Sep 07, 2020 11:39:01 AM okhttp3.mockwebserver.MockWebServer$3 processOneRequest
INFO: MockWebServer[43336] received request: GET /api/v1/namespaces/entando-k8s-controller-coordinator-carcpr41 HTTP/1.1 and responded: HTTP/1.1 200 OK
Sep 07, 2020 11:39:01 AM okhttp3.mockwebserver.MockWebServer$3 processOneRequest
INFO: MockWebServer[43336] received request: GET /apis/entando.org/v1/namespaces/entando-k8s-controller-coordinator-carcpr41/entandokeycloakservers HTTP/1.1 and responded: HTTP/1.1 200 OK
Sep 07, 2020 11:39:01 AM okhttp3.mockwebserver.MockWebServer$3 processOneRequest
INFO: MockWebServer[43336] received request: POST /apis/entando.org/v1/namespaces/entando-k8s-controller-coordinator-carcpr41/entandokeycloakservers HTTP/1.1 and responded: HTTP/1.1 202 OK
Sep 07, 2020 11:39:01 AM okhttp3.mockwebserver.MockWebServer$3 processOneRequest
INFO: MockWebServer[43336] received request: GET /api/v1/namespaces/entando-k8s-controller-coordinator-carcpr41/pods?labelSelector=EntandoResourceKind%3DEntandoKeycloakServer HTTP/1.1 and responded: HTTP/1.1 200 OK
Sep 07, 2020 11:39:01 AM okhttp3.mockwebserver.MockWebServer$3 processOneRequest
INFO: MockWebServer[43336] received request: GET /api/v1/namespaces/entando-k8s-controller-coordinator-carcpr41/pods?labelSelector=EntandoResourceKind%3DEntandoKeycloakServer HTTP/1.1 and responded: HTTP/1.1 200 OK
Sep 07, 2020 11:39:02 AM okhttp3.mockwebserver.MockWebServer$3 processOneRequest
INFO: MockWebServer[43336] received request: GET /api/v1/namespaces/entando-k8s-controller-coordinator-carcpr41/pods?labelSelector=EntandoResourceKind%3DEntandoKeycloakServer HTTP/1.1 and responded: HTTP/1.1 200 OK
Sep 07, 2020 11:39:02 AM okhttp3.mockwebserver.MockWebServer$3 processOneRequest
INFO: MockWebServer[43336] received request: GET /api/v1/namespaces/entando-k8s-controller-coordinator-carcpr41/pods?labelSelector=EntandoResourceKind%3DEntandoKeycloakServer HTTP/1.1 and responded: HTTP/1.1 200 OK
Sep 07, 2020 11:39:02 AM okhttp3.mockwebserver.MockWebServer$3 processOneRequest
INFO: MockWebServer[43336] received request: GET /api/v1/namespaces/entando-k8s-controller-coordinator-carcpr41/pods?labelSelector=EntandoResourceKind%3DEntandoKeycloakServer HTTP/1.1 and responded: HTTP/1.1 200 OK
Sep 07, 2020 11:39:02 AM okhttp3.mockwebserver.MockWebServer$3 processOneRequest
INFO: MockWebServer[43336] received request: GET /api/v1/namespaces/entando-k8s-controller-coordinator-carcpr41/pods?labelSelector=EntandoResourceKind%3DEntandoKeycloakServer HTTP/1.1 and responded: HTTP/1.1 200 OK
Sep 07, 2020 11:39:02 AM okhttp3.mockwebserver.MockWebServer$3 processOneRequest
INFO: MockWebServer[43336] received request: GET /api/v1/namespaces/entando-k8s-controller-coordinator-carcpr41/pods?labelSelector=EntandoResourceKind%3DEntandoKeycloakServer HTTP/1.1 and responded: HTTP/1.1 200 OK
Sep 07, 2020 11:39:02 AM okhttp3.mockwebserver.MockWebServer$3 processOneRequest
INFO: MockWebServer[43336] received request: GET /api/v1/namespaces/entando-k8s-controller-coordinator-carcpr41/pods?labelSelector=EntandoResourceKind%3DEntandoKeycloakServer HTTP/1.1 and responded: HTTP/1.1 200 OK
Sep 07, 2020 11:39:02 AM okhttp3.mockwebserver.MockWebServer$3 processOneRequest
INFO: MockWebServer[43336] received request: GET /api/v1/namespaces/entando-k8s-controller-coordinator-carcpr41/pods?labelSelector=EntandoResourceKind%3DEntandoKeycloakServer HTTP/1.1 and responded: HTTP/1.1 200 OK
Sep 07, 2020 11:39:03 AM okhttp3.mockwebserver.MockWebServer$3 processOneRequest
INFO: MockWebServer[43336] received request: GET /api/v1/namespaces/entando-k8s-controller-coordinator-carcpr41/pods?labelSelector=EntandoResourceKind%3DEntandoKeycloakServer HTTP/1.1 and responded: HTTP/1.1 200 OK
Sep 07, 2020 11:39:03 AM okhttp3.mockwebserver.MockWebServer$3 processOneRequest
INFO: MockWebServer[43336] received request: GET /api/v1/namespaces/entando-k8s-controller-coordinator-carcpr41/pods?labelSelector=EntandoResourceKind%3DEntandoKeycloakServer HTTP/1.1 and responded: HTTP/1.1 200 OK
Sep 07, 2020 11:39:03 AM okhttp3.mockwebserver.MockWebServer$3 processOneRequest
INFO: MockWebServer[43336] received request: GET /api/v1/namespaces/entando-k8s-controller-coordinator-carcpr41/pods?labelSelector=EntandoResourceKind%3DEntandoKeycloakServer HTTP/1.1 and responded: HTTP/1.1 200 OK
Sep 07, 2020 11:39:03 AM okhttp3.mockwebserver.MockWebServer$3 processOneRequest
INFO: MockWebServer[43336] received request: GET /api/v1/namespaces/entando-k8s-controller-coordinator-carcpr41/pods?labelSelector=EntandoResourceKind%3DEntandoKeycloakServer HTTP/1.1 and responded: HTTP/1.1 200 OK
Sep 07, 2020 11:39:03 AM okhttp3.mockwebserver.MockWebServer$3 processOneRequest
INFO: MockWebServer[43336] received request: GET /api/v1/namespaces/entando-k8s-controller-coordinator-carcpr41/pods?labelSelector=EntandoResourceKind%3DEntandoKeycloakServer HTTP/1.1 and responded: HTTP/1.1 200 OK
Sep 07, 2020 11:39:03 AM okhttp3.mockwebserver.MockWebServer$3 processOneRequest
INFO: MockWebServer[43336] received request: GET /api/v1/namespaces/entando-k8s-controller-coordinator-carcpr41/pods?labelSelector=EntandoResourceKind%3DEntandoKeycloakServer HTTP/1.1 and responded: HTTP/1.1 200 OK
Sep 07, 2020 11:39:03 AM okhttp3.mockwebserver.MockWebServer$3 processOneRequest
INFO: MockWebServer[43336] received request: GET /api/v1/namespaces/entando-k8s-controller-coordinator-carcpr41/pods?labelSelector=EntandoResourceKind%3DEntandoKeycloakServer HTTP/1.1 and responded: HTTP/1.1 200 OK
Sep 07, 2020 11:39:04 AM okhttp3.mockwebserver.MockWebServer$3 processOneRequest
INFO: MockWebServer[43336] received request: GET /api/v1/namespaces/entando-k8s-controller-coordinator-carcpr41/pods?labelSelector=EntandoResourceKind%3DEntandoKeycloakServer HTTP/1.1 and responded: HTTP/1.1 200 OK
Sep 07, 2020 11:39:04 AM okhttp3.mockwebserver.MockWebServer$3 processOneRequest
INFO: MockWebServer[43336] received request: GET /api/v1/namespaces/entando-k8s-controller-coordinator-carcpr41/pods?labelSelector=EntandoResourceKind%3DEntandoKeycloakServer HTTP/1.1 and responded: HTTP/1.1 200 OK
Sep 07, 2020 11:39:04 AM okhttp3.mockwebserver.MockWebServer$3 processOneRequest
INFO: MockWebServer[43336] received request: GET /api/v1/namespaces/entando-k8s-controller-coordinator-carcpr41/pods?labelSelector=EntandoResourceKind%3DEntandoKeycloakServer HTTP/1.1 and responded: HTTP/1.1 200 OK
Sep 07, 2020 11:39:04 AM okhttp3.mockwebserver.MockWebServer$3 processOneRequest
INFO: MockWebServer[43336] received request: GET /api/v1/namespaces/entando-k8s-controller-coordinator-carcpr41/pods?labelSelector=EntandoResourceKind%3DEntandoKeycloakServer HTTP/1.1 and responded: HTTP/1.1 200 OK
Sep 07, 2020 11:39:04 AM okhttp3.mockwebserver.MockWebServer$3 processOneRequest
INFO: MockWebServer[43336] received request: GET /api/v1/namespaces/entando-k8s-controller-coordinator-carcpr41/pods?labelSelector=EntandoResourceKind%3DEntandoKeycloakServer HTTP/1.1 and responded: HTTP/1.1 200 OK
Sep 07, 2020 11:39:04 AM okhttp3.mockwebserver.MockWebServer$3 processOneRequest
INFO: MockWebServer[43336] received request: GET /api/v1/namespaces/entando-k8s-controller-coordinator-carcpr41/pods?labelSelector=EntandoResourceKind%3DEntandoKeycloakServer HTTP/1.1 and responded: HTTP/1.1 200 OK
Sep 07, 2020 11:39:04 AM okhttp3.mockwebserver.MockWebServer$3 processOneRequest
INFO: MockWebServer[43336] received request: GET /api/v1/namespaces/entando-k8s-controller-coordinator-carcpr41/pods?labelSelector=EntandoResourceKind%3DEntandoKeycloakServer HTTP/1.1 and responded: HTTP/1.1 200 OK
Sep 07, 2020 11:39:05 AM okhttp3.mockwebserver.MockWebServer$3 processOneRequest
INFO: MockWebServer[43336] received request: GET /api/v1/namespaces/entando-k8s-controller-coordinator-carcpr41/pods?labelSelector=EntandoResourceKind%3DEntandoKeycloakServer HTTP/1.1 and responded: HTTP/1.1 200 OK
Sep 07, 2020 11:39:05 AM okhttp3.mockwebserver.MockWebServer$3 processOneRequest
INFO: MockWebServer[43336] received request: GET /api/v1/namespaces/entando-k8s-controller-coordinator-carcpr41/pods?labelSelector=EntandoResourceKind%3DEntandoKeycloakServer HTTP/1.1 and responded: HTTP/1.1 200 OK
Sep 07, 2020 11:39:05 AM io.fabric8.kubernetes.client.dsl.internal.WatchHTTPManager$1 onFailure
INFO: Watch connection failed. reason: e**cutor rejected
Sep 07, 2020 11:39:05 AM okhttp3.mockwebserver.MockWebServer$3 processOneRequest
INFO: MockWebServer[43336] received request: GET /api/v1/namespaces/entando-k8s-controller-coordinator-carcpr41/pods?labelSelector=EntandoResourceKind%3DEntandoKeycloakServer HTTP/1.1 and responded: HTTP/1.1 200 OK
Sep 07, 2020 11:39:05 AM okhttp3.mockwebserver.MockWebServer$3 processOneRequest
INFO: MockWebServer[43336] received request: GET /api/v1/namespaces/entando-k8s-controller-coordinator-carcpr41/pods?labelSelector=EntandoResourceKind%3DEntandoKeycloakServer HTTP/1.1 and responded: HTTP/1.1 200 OK
Sep 07, 2020 11:39:05 AM okhttp3.mockwebserver.MockWebServer$3 processOneRequest
INFO: MockWebServer[43336] received request: GET /api/v1/namespaces/entando-k8s-controller-coordinator-carcpr41/pods?labelSelector=EntandoResourceKind%3DEntandoKeycloakServer HTTP/1.1 and responded: HTTP/1.1 200 OK
Sep 07, 2020 11:39:05 AM okhttp3.mockwebserver.MockWebServer$3 processOneRequest
INFO: MockWebServer[43336] received request: GET /api/v1/namespaces/entando-k8s-controller-coordinator-carcpr41/pods?labelSelector=EntandoResourceKind%3DEntandoKeycloakServer HTTP/1.1 and responded: HTTP/1.1 200 OK
Sep 07, 2020 11:39:05 AM okhttp3.mockwebserver.MockWebServer$3 processOneRequest
INFO: MockWebServer[43336] received request: GET /api/v1/namespaces/entando-k8s-controller-coordinator-carcpr41/pods?labelSelector=EntandoResourceKind%3DEntandoKeycloakServer HTTP/1.1 and responded: HTTP/1.1 200 OK
Sep 07, 2020 11:39:06 AM io.fabric8.kubernetes.client.dsl.internal.WatchHTTPManager$1 onFailure
INFO: Watch connection failed. reason: e**cutor rejected
Sep 07, 2020 11:39:06 AM okhttp3.mockwebserver.MockWebServer$3 processOneRequest
INFO: MockWebServer[43336] received request: GET /api/v1/namespaces/entando-k8s-controller-coordinator-carcpr41/pods?labelSelector=EntandoResourceKind%3DEntandoKeycloakServer HTTP/1.1 and responded: HTTP/1.1 200 OK
Sep 07, 2020 11:39:06 AM okhttp3.mockwebserver.MockWebServer$3 processOneRequest
INFO: MockWebServer[43336] received request: GET /api/v1/namespaces/entando-k8s-controller-coordinator-carcpr41/pods?labelSelector=EntandoResourceKind%3DEntandoKeycloakServer HTTP/1.1 and responded: HTTP/1.1 200 OK
Sep 07, 2020 11:39:06 AM okhttp3.mockwebserver.MockWebServer$3 processOneRequest
INFO: MockWebServer[43336] received request: GET /api/v1/namespaces/entando-k8s-controller-coordinator-carcpr41/pods?labelSelector=EntandoResourceKind%3DEntandoKeycloakServer HTTP/1.1 and responded: HTTP/1.1 200 OK
Sep 07, 2020 11:39:06 AM okhttp3.mockwebserver.MockWebServer$3 processOneRequest
INFO: MockWebServer[43336] received request: GET /api/v1/namespaces/entando-k8s-controller-coordinator-carcpr41/pods?labelSelector=EntandoResourceKind%3DEntandoKeycloakServer HTTP/1.1 and responded: HTTP/1.1 200 OK
Sep 07, 2020 11:39:06 AM io.fabric8.kubernetes.client.dsl.internal.WatchHTTPManager$1 onFailure
INFO: Watch connection failed. reason: e**cutor rejected
Sep 07, 2020 11:39:06 AM okhttp3.mockwebserver.MockWebServer$3 processOneRequest
INFO: MockWebServer[43336] received request: GET /api/v1/namespaces/entando-k8s-controller-coordinator-carcpr41/pods?labelSelector=EntandoResourceKind%3DEntandoKeycloakServer HTTP/1.1 and responded: HTTP/1.1 200 OK
Sep 07, 2020 11:39:06 AM okhttp3.mockwebserver.MockWebServer$3 processOneRequest
INFO: MockWebServer[43336] received request: GET /api/v1/namespaces/entando/configmaps/entando-docker-image-info-v6.1 HTTP/1.1 and responded: HTTP/1.1 200 OK
Sep 07, 2020 11:39:06 AM okhttp3.mockwebserver.MockWebServer$3 processOneRequest
INFO: MockWebServer[43336] received request: GET /api/v1/namespaces/entando-k8s-controller-coordinator-carcpr41 HTTP/1.1 and responded: HTTP/1.1 200 OK
Sep 07, 2020 11:39:06 AM okhttp3.mockwebserver.MockWebServer$3 processOneRequest
INFO: MockWebServer[43336] received request: GET /apis/entando.org/v1/namespaces/entando-k8s-controller-coordinator-carcpr41/entandokeycloakservers HTTP/1.1 and responded: HTTP/1.1 200 OK
Sep 07, 2020 11:39:07 AM okhttp3.mockwebserver.MockWebServer$3 processOneRequest
INFO: MockWebServer[43336] received request: GET /api/v1/namespaces/entando-k8s-controller-coordinator-carcpr41 HTTP/1.1 and responded: HTTP/1.1 200 OK
Sep 07, 2020 11:39:07 AM okhttp3.mockwebserver.MockWebServer$3 processOneRequest
INFO: MockWebServer[43336] received request: GET /apis/entando.org/v1/namespaces/entando-k8s-controller-coordinator-carcpr41/entandokeycloakservers HTTP/1.1 and responded: HTTP/1.1 200 OK
Sep 07, 2020 11:39:07 AM okhttp3.mockwebserver.MockWebServer$3 processOneRequest
INFO: MockWebServer[43336] received request: GET /apis/entando.org/v1/namespaces/entando-k8s-controller-coordinator-carcpr41/entandokeycloakservers HTTP/1.1 and responded: HTTP/1.1 200 OK
Sep 07, 2020 11:39:07 AM org.entando.kubernetes.controller.coordinator.EntandoResourceObserver logAction
INFO: Received ADDED for resource EntandoKeycloakServer entando-k8s-controller-coordinator-carcpr41/test-keycloak
Sep 07, 2020 11:39:07 AM okhttp3.mockwebserver.MockWebServer$3 processOneRequest
INFO: MockWebServer[43336] received request: GET /api/v1/namespaces/entando/configmaps/entando-docker-image-info-v6.1 HTTP/1.1 and responded: HTTP/1.1 200 OK
Sep 07, 2020 11:39:07 AM okhttp3.mockwebserver.MockWebServer$3 processOneRequest
INFO: MockWebServer[43336] received request: GET /apis/entando.org/v1/namespaces/entando-k8s-controller-coordinator-carcpr41/entandokeycloakservers/test-keycloak?watch=true HTTP/1.1 and responded: HTTP/1.1 200 OK
Sep 07, 2020 11:39:07 AM io.fabric8.kubernetes.client.dsl.internal.WatchHTTPManager$1 onFailure
INFO: Watch connection failed. reason: e**cutor rejected
Sep 07, 2020 11:39:07 AM okhttp3.mockwebserver.MockWebServer$3 processOneRequest
INFO: MockWebServer[43336] received request: GET /api/v1/namespaces/entando-k8s-controller-coordinator-carcpr41 HTTP/1.1 and responded: HTTP/1.1 200 OK
Sep 07, 2020 11:39:07 AM okhttp3.mockwebserver.MockWebServer$3 processOneRequest
INFO: MockWebServer[43336] received request: GET /apis/entando.org/v1/namespaces/entando-k8s-controller-coordinator-carcpr41/entandokeycloakservers/test-keycloak?watch=true HTTP/1.1 and responded: HTTP/1.1 200 OK
Sep 07, 2020 11:39:07 AM okhttp3.mockwebserver.MockWebServer$3 processOneRequest
INFO: MockWebServer[43336] received request: GET /apis/entando.org/v1/namespaces/entando-k8s-controller-coordinator-carcpr41/entandokeycloakservers/test-keycloak HTTP/1.1 and responded: HTTP/1.1 200 OK
Sep 07, 2020 11:39:07 AM okhttp3.mockwebserver.MockWebServer$3 processOneRequest
INFO: MockWebServer[43336] received request: GET /api/v1/namespaces/entando-k8s-controller-coordinator-carcpr41/secrets/test-keycloak-controller-ca-cert-secret HTTP/1.1 and responded: HTTP/1.1 404 Client Error
Sep 07, 2020 11:39:07 AM io.fabric8.kubernetes.client.dsl.internal.WatchHTTPManager$1 onResponse
INFO: Watch terminated unexpectedly. reason: \n not found: limit=269 content=7b226b696e64223a22456e74616e646f4b6579636c6f616b536572766572222câ€¦
Sep 07, 2020 11:39:07 AM okhttp3.mockwebserver.MockWebServer$3 processOneRequest
INFO: MockWebServer[43336] received request: GET /apis/entando.org/v1/namespaces/entando-k8s-controller-coordinator-carcpr41/entandokeycloakservers HTTP/1.1 and responded: HTTP/1.1 200 OK
Sep 07, 2020 11:39:07 AM okhttp3.mockwebserver.MockWebServer$3 processOneRequest
INFO: MockWebServer[43336] received request: POST /api/v1/namespaces/entando-k8s-controller-coordinator-carcpr41/secrets HTTP/1.1 and responded: HTTP/1.1 202 OK
Sep 07, 2020 11:39:07 AM okhttp3.mockwebserver.MockWebServer$3 processOneRequest
INFO: MockWebServer[43336] received request: GET /api/v1/namespaces/entando-k8s-controller-coordinator-carcpr41 HTTP/1.1 and responded: HTTP/1.1 200 OK
Sep 07, 2020 11:39:07 AM okhttp3.mockwebserver.MockWebServer$3 processOneRequest
INFO: MockWebServer[43336] received request: POST /api/v1/namespaces/entando-k8s-controller-coordinator-carcpr41/pods HTTP/1.1 and responded: HTTP/1.1 202 OK
Sep 07, 2020 11:39:07 AM okhttp3.mockwebserver.MockWebServer$3 processOneRequest
INFO: MockWebServer[43336] received request: GET /apis/entando.org/v1/namespaces/entando-k8s-controller-coordinator-carcpr41/entandokeycloakservers HTTP/1.1 and responded: HTTP/1.1 200 OK
Sep 07, 2020 11:39:07 AM okhttp3.mockwebserver.MockWebServer$3 processOneRequest
INFO: MockWebServer[43336] received request: GET /apis/entando.org/v1/namespaces/entando-k8s-controller-coordinator-carcpr41/entandokeycloakservers/test-keycloak HTTP/1.1 and responded: HTTP/1.1 200 OK
Sep 07, 2020 11:39:07 AM okhttp3.mockwebserver.MockWebServer$3 processOneRequest
INFO: MockWebServer[43336] received request: GET /apis/entando.org/v1/namespaces/entando-k8s-controller-coordinator-carcpr41/entandokeycloakservers/test-keycloak HTTP/1.1 and responded: HTTP/1.1 200 OK
Sep 07, 2020 11:39:07 AM okhttp3.mockwebserver.MockWebServer$3 processOneRequest
INFO: MockWebServer[43336] received request: PATCH /apis/entando.org/v1/namespaces/entando-k8s-controller-coordinator-carcpr41/entandokeycloakservers/test-keycloak HTTP/1.1 and responded: HTTP/1.1 202 OK
Sep 07, 2020 11:39:07 AM io.fabric8.kubernetes.client.dsl.internal.WatchHTTPManager$1 onFailure
INFO: Watch connection failed. reason: e**cutor rejected
Sep 07, 2020 11:39:08 AM okhttp3.mockwebserver.MockWebServer$3 processOneRequest
INFO: MockWebServer[43336] received request: GET /apis/entando.org/v1/namespaces/entando-k8s-controller-coordinator-carcpr41/entandokeycloakservers/test-keycloak?watch=true HTTP/1.1 and responded: HTTP/1.1 200 OK
Sep 07, 2020 11:39:08 AM io.fabric8.kubernetes.client.dsl.internal.WatchHTTPManager$1 onResponse
INFO: Watch terminated unexpectedly. reason: \n not found: limit=322 content=7b226b696e64223a22456e74616e646f4b6579636c6f616b536572766572222câ€¦
Sep 07, 2020 11:39:08 AM io.fabric8.kubernetes.client.dsl.internal.WatchHTTPManager$1 onFailure
INFO: Watch connection failed. reason: e**cutor rejected
Sep 07, 2020 11:39:09 AM io.fabric8.kubernetes.client.dsl.internal.WatchHTTPManager$1 onFailure
INFO: Watch connection failed. reason: e**cutor rejected
Sep 07, 2020 11:39:10 AM okhttp3.mockwebserver.MockWebServer$3 processOneRequest
INFO: MockWebServer[43336] received request: GET /apis/entando.org/v1/namespaces/entando-k8s-controller-coordinator-carcpr41/entandokeycloakservers/test-keycloak?watch=true HTTP/1.1 and responded: HTTP/1.1 200 OK
Sep 07, 2020 11:39:10 AM io.fabric8.kubernetes.client.dsl.internal.WatchHTTPManager$1 onResponse
INFO: Watch terminated unexpectedly. reason: \n not found: limit=322 content=7b226b696e64223a22456e74616e646f4b6579636c6f616b536572766572222câ€¦
Sep 07, 2020 11:39:12 AM okhttp3.mockwebserver.MockWebServer$3 processOneRequest
INFO: MockWebServer[43336] received request: GET /apis/entando.org/v1/namespaces/entando-k8s-controller-coordinator-carcpr41/entandokeycloakservers/test-keycloak HTTP/1.1 and responded: HTTP/1.1 200 OK
Sep 07, 2020 11:39:13 AM io.fabric8.kubernetes.client.dsl.internal.WatchHTTPManager close
WARN: E**cutor didn't terminate in time after shutdown in close(), killing it in: io.fabric8.kubernetes.client.dsl.internal.WatchHTTPManager@502e6d3d
Sep 07, 2020 11:39:13 AM okhttp3.mockwebserver.MockWebServer$3 processOneRequest
INFO: MockWebServer[43336] received request: GET /apis/entando.org/v1/namespaces/entando-k8s-controller-coordinator-carcpr41/entandokeycloakservers?watch=true HTTP/1.1 and responded: HTTP/1.1 200 OK
Sep 07, 2020 11:39:13 AM okhttp3.mockwebserver.MockWebServer$3 processOneRequest
INFO: MockWebServer[43336] received request: GET /api/v1/namespaces/entando-k8s-controller-coordinator-carcpr41 HTTP/1.1 and responded: HTTP/1.1 200 OK
Sep 07, 2020 11:39:13 AM okhttp3.mockwebserver.MockWebServer$3 processOneRequest
INFO: MockWebServer[43336] received request: GET /apis/entando.org/v1/namespaces/entando-k8s-controller-coordinator-carcpr41/entandokeycloakservers?watch=true HTTP/1.1 and responded: HTTP/1.1 200 OK
Sep 07, 2020 11:39:13 AM io.fabric8.kubernetes.client.dsl.internal.WatchHTTPManager$1 onResponse
INFO: Watch terminated unexpectedly. reason: \n not found: limit=368 content=7b2261706956657273696f6e223a227631222c226b696e64223a224c69737422â€¦
Sep 07, 2020 11:39:13 AM okhttp3.mockwebserver.MockWebServer$3 processOneRequest
INFO: MockWebServer[43336] received request: GET /apis/entando.org/v1/namespaces/entando-k8s-controller-coordinator-carcpr41/entandoclusterinfrastructures HTTP/1.1 and responded: HTTP/1.1 200 OK
Sep 07, 2020 11:39:13 AM okhttp3.mockwebserver.MockWebServer$3 processOneRequest
INFO: MockWebServer[43336] received request: GET /api/v1/namespaces/entando-k8s-controller-coordinator-carcpr41 HTTP/1.1 and responded: HTTP/1.1 200 OK
Sep 07, 2020 11:39:13 AM okhttp3.mockwebserver.MockWebServer$3 processOneRequest
INFO: MockWebServer[43336] received request: GET /apis/entando.org/v1/namespaces/entando-k8s-controller-coordinator-carcpr41/entandoclusterinfrastructures HTTP/1.1 and responded: HTTP/1.1 200 OK
Sep 07, 2020 11:39:13 AM okhttp3.mockwebserver.MockWebServer$3 processOneRequest
INFO: MockWebServer[43336] received request: GET /apis/entando.org/v1/namespaces/entando-k8s-controller-coordinator-carcpr41/entandoclusterinfrastructures HTTP/1.1 and responded: HTTP/1.1 200 OK
Sep 07, 2020 11:39:13 AM okhttp3.mockwebserver.MockWebServer$3 processOneRequest
INFO: MockWebServer[43336] received request: GET /apis/entando.org/v1/namespaces/entando-k8s-controller-coordinator-carcpr41/entandoclusterinfrastructures?watch=true HTTP/1.1 and responded: HTTP/1.1 200 OK
Sep 07, 2020 11:39:14 AM okhttp3.mockwebserver.MockWebServer$3 processOneRequest
INFO: MockWebServer[43336] received request: GET /api/v1/namespaces/entando-k8s-controller-coordinator-carcpr41 HTTP/1.1 and responded: HTTP/1.1 200 OK
Sep 07, 2020 11:39:14 AM okhttp3.mockwebserver.MockWebServer$3 processOneRequest
INFO: MockWebServer[43336] received request: GET /apis/entando.org/v1/namespaces/entando-k8s-controller-coordinator-carcpr41/entandoclusterinfrastructures?watch=true HTTP/1.1 and responded: HTTP/1.1 200 OK
Sep 07, 2020 11:39:14 AM io.fabric8.kubernetes.client.dsl.internal.WatchHTTPManager$1 onResponse
INFO: Watch terminated unexpectedly. reason: \n not found: limit=46 content=7b2261706956657273696f6e223a227631222c226b696e64223a224c69737422â€¦
Sep 07, 2020 11:39:14 AM okhttp3.mockwebserver.MockWebServer$3 processOneRequest
INFO: MockWebServer[43336] received request: GET /apis/entando.org/v1/namespaces/entando-k8s-controller-coordinator-carcpr41/entandoapps HTTP/1.1 and responded: HTTP/1.1 200 OK
Sep 07, 2020 11:39:14 AM okhttp3.mockwebserver.MockWebServer$3 processOneRequest
INFO: MockWebServer[43336] received request: GET /api/v1/namespaces/entando-k8s-controller-coordinator-carcpr41 HTTP/1.1 and responded: HTTP/1.1 200 OK
Sep 07, 2020 11:39:14 AM okhttp3.mockwebserver.MockWebServer$3 processOneRequest
INFO: MockWebServer[43336] received request: GET /apis/entando.org/v1/namespaces/entando-k8s-controller-coordinator-carcpr41/entandoapps HTTP/1.1 and responded: HTTP/1.1 200 OK
Sep 07, 2020 11:39:14 AM okhttp3.mockwebserver.MockWebServer$3 processOneRequest
INFO: MockWebServer[43336] received request: GET /apis/entando.org/v1/namespaces/entando-k8s-controller-coordinator-carcpr41/entandoapps HTTP/1.1 and responded: HTTP/1.1 200 OK
Sep 07, 2020 11:39:14 AM okhttp3.mockwebserver.MockWebServer$3 processOneRequest
INFO: MockWebServer[43336] received request: GET /apis/entando.org/v1/namespaces/entando-k8s-controller-coordinator-carcpr41/entandoapps?watch=true HTTP/1.1 and responded: HTTP/1.1 200 OK
Sep 07, 2020 11:39:14 AM okhttp3.mockwebserver.MockWebServer$3 processOneRequest
INFO: MockWebServer[43336] received request: GET /api/v1/namespaces/entando-k8s-controller-coordinator-carcpr41 HTTP/1.1 and responded: HTTP/1.1 200 OK
Sep 07, 2020 11:39:14 AM okhttp3.mockwebserver.MockWebServer$3 processOneRequest
INFO: MockWebServer[43336] received request: GET /apis/entando.org/v1/namespaces/entando-k8s-controller-coordinator-carcpr41/entandoapps?watch=true HTTP/1.1 and responded: HTTP/1.1 200 OK
Sep 07, 2020 11:39:14 AM io.fabric8.kubernetes.client.dsl.internal.WatchHTTPManager$1 onResponse
INFO: Watch terminated unexpectedly. reason: \n not found: limit=46 content=7b2261706956657273696f6e223a227631222c226b696e64223a224c69737422â€¦
Sep 07, 2020 11:39:14 AM okhttp3.mockwebserver.MockWebServer$3 processOneRequest
INFO: MockWebServer[43336] received request: GET /apis/entando.org/v1/namespaces/entando-k8s-controller-coordinator-carcpr41/entandoplugins HTTP/1.1 and responded: HTTP/1.1 200 OK
Sep 07, 2020 11:39:14 AM okhttp3.mockwebserver.MockWebServer$3 processOneRequest
INFO: MockWebServer[43336] received request: GET /apis/entando.org/v1/namespaces/entando-k8s-controller-coordinator-carcpr41/entandokeycloakservers?watch=true HTTP/1.1 and responded: HTTP/1.1 200 OK
Sep 07, 2020 11:39:14 AM okhttp3.mockwebserver.MockWebServer$3 processOneRequest
INFO: MockWebServer[43336] received request: GET /api/v1/namespaces/entando-k8s-controller-coordinator-carcpr41 HTTP/1.1 and responded: HTTP/1.1 200 OK
Sep 07, 2020 11:39:14 AM io.fabric8.kubernetes.client.dsl.internal.WatchHTTPManager$1 onResponse
INFO: Watch terminated unexpectedly. reason: \n not found: limit=368 content=7b2261706956657273696f6e223a227631222c226b696e64223a224c69737422â€¦
Sep 07, 2020 11:39:14 AM okhttp3.mockwebserver.MockWebServer$3 processOneRequest
INFO: MockWebServer[43336] received request: GET /apis/entando.org/v1/namespaces/entando-k8s-controller-coordinator-carcpr41/entandoplugins HTTP/1.1 and responded: HTTP/1.1 200 OK
Sep 07, 2020 11:39:14 AM okhttp3.mockwebserver.MockWebServer$3 processOneRequest
INFO: MockWebServer[43336] received request: GET /apis/entando.org/v1/namespaces/entando-k8s-controller-coordinator-carcpr41/entandoplugins HTTP/1.1 and responded: HTTP/1.1 200 OK
Sep 07, 2020 11:39:14 AM okhttp3.mockwebserver.MockWebServer$3 processOneRequest
INFO: MockWebServer[43336] received request: GET /apis/entando.org/v1/namespaces/entando-k8s-controller-coordinator-carcpr41/entandoplugins?watch=true HTTP/1.1 and responded: HTTP/1.1 200 OK
Sep 07, 2020 11:39:14 AM okhttp3.mockwebserver.MockWebServer$3 processOneRequest
INFO: MockWebServer[43336] received request: GET /apis/entando.org/v1/namespaces/entando-k8s-controller-coordinator-carcpr41/entandoplugins?watch=true HTTP/1.1 and responded: HTTP/1.1 200 OK
Sep 07, 2020 11:39:14 AM okhttp3.mockwebserver.MockWebServer$3 processOneRequest
INFO: MockWebServer[43336] received request: GET /api/v1/namespaces/entando-k8s-controller-coordinator-carcpr41 HTTP/1.1 and responded: HTTP/1.1 200 OK
Sep 07, 2020 11:39:14 AM io.fabric8.kubernetes.client.dsl.internal.WatchHTTPManager$1 onResponse
INFO: Watch terminated unexpectedly. reason: \n not found: limit=46 content=7b2261706956657273696f6e223a227631222c226b696e64223a224c69737422â€¦
Sep 07, 2020 11:39:14 AM okhttp3.mockwebserver.MockWebServer$3 processOneRequest
INFO: MockWebServer[43336] received request: GET /apis/entando.org/v1/namespaces/entando-k8s-controller-coordinator-carcpr41/entandoapppluginlinks HTTP/1.1 and responded: HTTP/1.1 200 OK
Sep 07, 2020 11:39:15 AM okhttp3.mockwebserver.MockWebServer$3 processOneRequest
INFO: MockWebServer[43336] received request: GET /api/v1/namespaces/entando-k8s-controller-coordinator-carcpr41 HTTP/1.1 and responded: HTTP/1.1 200 OK
Sep 07, 2020 11:39:15 AM okhttp3.mockwebserver.MockWebServer$3 processOneRequest
INFO: MockWebServer[43336] received request: GET /apis/entando.org/v1/namespaces/entando-k8s-controller-coordinator-carcpr41/entandoapppluginlinks HTTP/1.1 and responded: HTTP/1.1 200 OK
Sep 07, 2020 11:39:15 AM okhttp3.mockwebserver.MockWebServer$3 processOneRequest
INFO: MockWebServer[43336] received request: GET /apis/entando.org/v1/namespaces/entando-k8s-controller-coordinator-carcpr41/entandoclusterinfrastructures?watch=true HTTP/1.1 and responded: HTTP/1.1 200 OK
Sep 07, 2020 11:39:15 AM io.fabric8.kubernetes.client.dsl.internal.WatchHTTPManager$1 onResponse
INFO: Watch terminated unexpectedly. reason: \n not found: limit=46 content=7b2261706956657273696f6e223a227631222c226b696e64223a224c69737422â€¦
Sep 07, 2020 11:39:15 AM okhttp3.mockwebserver.MockWebServer$3 processOneRequest
INFO: MockWebServer[43336] received request: GET /apis/entando.org/v1/namespaces/entando-k8s-controller-coordinator-carcpr41/entandoapppluginlinks HTTP/1.1 and responded: HTTP/1.1 200 OK
Sep 07, 2020 11:39:15 AM okhttp3.mockwebserver.MockWebServer$3 processOneRequest
INFO: MockWebServer[43336] received request: GET /apis/entando.org/v1/namespaces/entando-k8s-controller-coordinator-carcpr41/entandoapppluginlinks?watch=true HTTP/1.1 and responded: HTTP/1.1 200 OK
Sep 07, 2020 11:39:15 AM okhttp3.mockwebserver.MockWebServer$3 processOneRequest
INFO: MockWebServer[43336] received request: GET /apis/entando.org/v1/namespaces/entando-k8s-controller-coordinator-carcpr41/entandoapppluginlinks?watch=true HTTP/1.1 and responded: HTTP/1.1 200 OK
Sep 07, 2020 11:39:15 AM okhttp3.mockwebserver.MockWebServer$3 processOneRequest
INFO: MockWebServer[43336] received request: GET /api/v1/namespaces/entando-k8s-controller-coordinator-carcpr41 HTTP/1.1 and responded: HTTP/1.1 200 OK
Sep 07, 2020 11:39:15 AM io.fabric8.kubernetes.client.dsl.internal.WatchHTTPManager$1 onResponse
INFO: Watch terminated unexpectedly. reason: \n not found: limit=46 content=7b2261706956657273696f6e223a227631222c226b696e64223a224c69737422â€¦
Sep 07, 2020 11:39:15 AM okhttp3.mockwebserver.MockWebServer$3 processOneRequest
INFO: MockWebServer[43336] received request: GET /apis/entando.org/v1/namespaces/entando-k8s-controller-coordinator-carcpr41/entandocompositeapps HTTP/1.1 and responded: HTTP/1.1 200 OK
Sep 07, 2020 11:39:15 AM okhttp3.mockwebserver.MockWebServer$3 processOneRequest
INFO: MockWebServer[43336] received request: GET /api/v1/namespaces/entando-k8s-controller-coordinator-carcpr41 HTTP/1.1 and responded: HTTP/1.1 200 OK
Sep 07, 2020 11:39:15 AM okhttp3.mockwebserver.MockWebServer$3 processOneRequest
INFO: MockWebServer[43336] received request: GET /apis/entando.org/v1/namespaces/entando-k8s-controller-coordinator-carcpr41/entandocompositeapps HTTP/1.1 and responded: HTTP/1.1 200 OK
Sep 07, 2020 11:39:15 AM io.fabric8.kubernetes.client.dsl.internal.WatchHTTPManager$1 onResponse
INFO: Watch terminated unexpectedly. reason: \n not found: limit=46 content=7b2261706956657273696f6e223a227631222c226b696e64223a224c69737422â€¦
Sep 07, 2020 11:39:15 AM okhttp3.mockwebserver.MockWebServer$3 processOneRequest
INFO: MockWebServer[43336] received request: GET /apis/entando.org/v1/namespaces/entando-k8s-controller-coordinator-carcpr41/entandoapps?watch=true HTTP/1.1 and responded: HTTP/1.1 200 OK
Sep 07, 2020 11:39:15 AM okhttp3.mockwebserver.MockWebServer$3 processOneRequest
INFO: MockWebServer[43336] received request: GET /apis/entando.org/v1/namespaces/entando-k8s-controller-coordinator-carcpr41/entandocompositeapps HTTP/1.1 and responded: HTTP/1.1 200 OK
Sep 07, 2020 11:39:15 AM okhttp3.mockwebserver.MockWebServer$3 processOneRequest
INFO: MockWebServer[43336] received request: GET /apis/entando.org/v1/namespaces/entando-k8s-controller-coordinator-carcpr41/entandocompositeapps?watch=true HTTP/1.1 and responded: HTTP/1.1 200 OK
Sep 07, 2020 11:39:15 AM okhttp3.mockwebserver.MockWebServer$3 processOneRequest
INFO: MockWebServer[43336] received request: GET /api/v1/namespaces/entando-k8s-controller-coordinator-carcpr41 HTTP/1.1 and responded: HTTP/1.1 200 OK
Sep 07, 2020 11:39:15 AM okhttp3.mockwebserver.MockWebServer$3 processOneRequest
INFO: MockWebServer[43336] received request: GET /apis/entando.org/v1/namespaces/entando-k8s-controller-coordinator-carcpr41/entandocompositeapps?watch=true HTTP/1.1 and responded: HTTP/1.1 200 OK
Sep 07, 2020 11:39:15 AM io.fabric8.kubernetes.client.dsl.internal.WatchHTTPManager$1 onResponse
INFO: Watch terminated unexpectedly. reason: \n not found: limit=46 content=7b2261706956657273696f6e223a227631222c226b696e64223a224c69737422â€¦
Sep 07, 2020 11:39:15 AM okhttp3.mockwebserver.MockWebServer$3 processOneRequest
INFO: MockWebServer[43336] received request: GET /apis/entando.org/v1/namespaces/entando-k8s-controller-coordinator-carcpr41/entandodatabaseservices HTTP/1.1 and responded: HTTP/1.1 200 OK
Sep 07, 2020 11:39:15 AM okhttp3.mockwebserver.MockWebServer$3 processOneRequest
INFO: MockWebServer[43336] received request: GET /api/v1/namespaces/entando-k8s-controller-coordinator-carcpr41 HTTP/1.1 and responded: HTTP/1.1 200 OK
Sep 07, 2020 11:39:15 AM okhttp3.mockwebserver.MockWebServer$3 processOneRequest
INFO: MockWebServer[43336] received request: GET /apis/entando.org/v1/namespaces/entando-k8s-controller-coordinator-carcpr41/entandodatabaseservices HTTP/1.1 and responded: HTTP/1.1 200 OK
Sep 07, 2020 11:39:16 AM io.fabric8.kubernetes.client.dsl.internal.WatchHTTPManager$1 onResponse
INFO: Watch terminated unexpectedly. reason: \n not found: limit=46 content=7b2261706956657273696f6e223a227631222c226b696e64223a224c69737422â€¦
Sep 07, 2020 11:39:16 AM okhttp3.mockwebserver.MockWebServer$3 processOneRequest
INFO: MockWebServer[43336] received request: GET /apis/entando.org/v1/namespaces/entando-k8s-controller-coordinator-carcpr41/entandoplugins?watch=true HTTP/1.1 and responded: HTTP/1.1 200 OK
Sep 07, 2020 11:39:16 AM okhttp3.mockwebserver.MockWebServer$3 processOneRequest
INFO: MockWebServer[43336] received request: GET /apis/entando.org/v1/namespaces/entando-k8s-controller-coordinator-carcpr41/entandodatabaseservices HTTP/1.1 and responded: HTTP/1.1 200 OK
Sep 07, 2020 11:39:16 AM okhttp3.mockwebserver.MockWebServer$3 processOneRequest
INFO: MockWebServer[43336] received request: GET /apis/entando.org/v1/namespaces/entando-k8s-controller-coordinator-carcpr41/entandodatabaseservices?watch=true HTTP/1.1 and responded: HTTP/1.1 200 OK
Sep 07, 2020 11:39:16 AM okhttp3.mockwebserver.MockWebServer$3 processOneRequest
INFO: MockWebServer[43336] received request: GET /apis/entando.org/v1/namespaces/entando-k8s-controller-coordinator-carcpr41/entandodatabaseservices?watch=true HTTP/1.1 and responded: HTTP/1.1 200 OK
Sep 07, 2020 11:39:16 AM io.fabric8.kubernetes.client.dsl.internal.WatchHTTPManager$1 onResponse
INFO: Watch terminated unexpectedly. reason: \n not found: limit=46 content=7b2261706956657273696f6e223a227631222c226b696e64223a224c69737422â€¦
Sep 07, 2020 11:39:16 AM okhttp3.mockwebserver.MockWebServer$3 processOneRequest
INFO: MockWebServer[43336] received request: GET /api/v1/namespaces/entando-k8s-controller-coordinator-carcpr41/pods?labelSelector=EntandoResourceKind%3DEntandoKeycloakServer HTTP/1.1 and responded: HTTP/1.1 200 OK
Sep 07, 2020 11:39:16 AM okhttp3.mockwebserver.MockWebServer$2 acceptConnections
INFO: MockWebServer[43336] done accepting connections: Socket closed
[INFO] Tests run: 2, Failures: 0, Errors: 0, Skipped: 0, Time elapsed: 28.981 s - in org.entando.kubernetes.controller.coordinator.inprocesstests.ControllerCoordinatorEdgeConditionsTest
[INFO] Running org.entando.kubernetes.controller.coordinator.inprocesstests.DeploymentPhaseWatcherTest
Sep 07, 2020 11:39:16 AM okhttp3.mockwebserver.MockWebServer$2 e**cute
INFO: MockWebServer[50480] starting to accept connections
Sep 07, 2020 11:39:16 AM io.fabric8.kubernetes.client.dsl.internal.WatchHTTPManager$1 onFailure
INFO: Watch connection failed. reason: e**cutor rejected
Sep 07, 2020 11:39:16 AM okhttp3.mockwebserver.MockWebServer$3 processOneRequest
INFO: MockWebServer[50480] received request: GET /api/v1/namespaces/test HTTP/1.1 and responded: HTTP/1.1 404 Client Error
Sep 07, 2020 11:39:16 AM okhttp3.mockwebserver.MockWebServer$3 processOneRequest
INFO: MockWebServer[50480] received request: GET /apis/entando.org/v1/namespaces/default/entandoapps HTTP/1.1 and responded: HTTP/1.1 200 OK
Sep 07, 2020 11:39:16 AM okhttp3.mockwebserver.MockWebServer$3 processOneRequest
INFO: MockWebServer[50480] received request: GET /api/v1/namespaces/test HTTP/1.1 and responded: HTTP/1.1 404 Client Error
Sep 07, 2020 11:39:16 AM io.fabric8.kubernetes.client.dsl.internal.WatchHTTPManager$1 onFailure
INFO: Watch connection failed. reason: e**cutor rejected
Sep 07, 2020 11:39:16 AM okhttp3.mockwebserver.MockWebServer$3 processOneRequest
INFO: MockWebServer[50480] received request: GET /apis/entando.org/v1/namespaces/default/entandoapps HTTP/1.1 and responded: HTTP/1.1 200 OK
Sep 07, 2020 11:39:16 AM okhttp3.mockwebserver.MockWebServer$3 processOneRequest
INFO: MockWebServer[50480] received request: POST /apis/entando.org/v1/namespaces/test/entandoapps HTTP/1.1 and responded: HTTP/1.1 202 OK
Sep 07, 2020 11:39:16 AM io.fabric8.kubernetes.client.dsl.internal.WatchHTTPManager$1 onFailure
INFO: Watch connection failed. reason: e**cutor rejected
Sep 07, 2020 11:39:16 AM okhttp3.mockwebserver.MockWebServer$3 processOneRequest
INFO: MockWebServer[50480] received request: GET /apis/entando.org/v1/namespaces/test/entandoapps/test-app?watch=true HTTP/1.1 and responded: HTTP/1.1 200 OK
Sep 07, 2020 11:39:16 AM okhttp3.mockwebserver.MockWebServer$3 processOneRequest
INFO: MockWebServer[50480] received request: GET /apis/entando.org/v1/namespaces/test/entandoapps/test-app HTTP/1.1 and responded: HTTP/1.1 200 OK
Sep 07, 2020 11:39:16 AM okhttp3.mockwebserver.MockWebServer$3 processOneRequest
INFO: MockWebServer[50480] received request: GET /apis/entando.org/v1/namespaces/test/entandoapps/test-app?watch=true HTTP/1.1 and responded: HTTP/1.1 200 OK
Sep 07, 2020 11:39:17 AM io.fabric8.kubernetes.client.dsl.internal.WatchHTTPManager$1 onResponse
INFO: Watch terminated unexpectedly. reason: \n not found: limit=210 content=7b226b696e64223a22456e74616e646f417070222c2261706956657273696f6eâ€¦
Sep 07, 2020 11:39:17 AM io.fabric8.kubernetes.client.dsl.internal.WatchHTTPManager$1 onFailure
INFO: Watch connection failed. reason: e**cutor rejected
Sep 07, 2020 11:39:17 AM io.fabric8.kubernetes.client.dsl.internal.WatchHTTPManager$1 onFailure
INFO: Watch connection failed. reason: e**cutor rejected
Sep 07, 2020 11:39:17 AM okhttp3.mockwebserver.MockWebServer$3 processOneRequest
INFO: MockWebServer[50480] received request: GET /apis/entando.org/v1/namespaces/test/entandoapps/test-app HTTP/1.1 and responded: HTTP/1.1 200 OK
Sep 07, 2020 11:39:17 AM okhttp3.mockwebserver.MockWebServer$3 processOneRequest
INFO: MockWebServer[50480] received request: GET /apis/entando.org/v1/namespaces/test/entandoapps/test-app HTTP/1.1 and responded: HTTP/1.1 200 OK
Sep 07, 2020 11:39:17 AM okhttp3.mockwebserver.MockWebServer$3 processOneRequest
INFO: MockWebServer[50480] received request: PATCH /apis/entando.org/v1/namespaces/test/entandoapps/test-app HTTP/1.1 and responded: HTTP/1.1 202 OK
Sep 07, 2020 11:39:17 AM io.fabric8.kubernetes.client.dsl.internal.WatchHTTPManager$1 onFailure
INFO: Watch connection failed. reason: e**cutor rejected
Sep 07, 2020 11:39:17 AM okhttp3.mockwebserver.MockWebServer$3 processOneRequest
INFO: MockWebServer[50480] received request: GET /apis/entando.org/v1/namespaces/test/entandoapps/test-app HTTP/1.1 and responded: HTTP/1.1 200 OK
Sep 07, 2020 11:39:18 AM io.fabric8.kubernetes.client.dsl.internal.WatchHTTPManager$1 onFailure
INFO: Watch connection failed. reason: e**cutor rejected
Sep 07, 2020 11:39:18 AM okhttp3.mockwebserver.MockWebServer$2 acceptConnections
INFO: MockWebServer[50480] done accepting connections: Socket closed
Sep 07, 2020 11:39:18 AM okhttp3.mockwebserver.MockWebServer$3 e**cute
INFO: MockWebServer[50480] connection from /127.0.0.1 failed: java.net.SocketException: Connection or outbound has closed
Sep 07, 2020 11:39:18 AM okhttp3.mockwebserver.MockWebServer$3 e**cute
INFO: MockWebServer[50480] connection from /127.0.0.1 failed: java.net.SocketException: Connection or outbound has closed
Sep 07, 2020 11:39:18 AM io.fabric8.kubernetes.client.dsl.internal.WatchHTTPManager$1 onFailure
INFO: Watch connection failed. reason: Canceled
Sep 07, 2020 11:39:18 AM io.fabric8.kubernetes.client.dsl.internal.WatchHTTPManager scheduleReconnect
WARN: Ignoring error for already closed/closing connection
[INFO] Tests run: 1, Failures: 0, Errors: 0, Skipped: 0, Time elapsed: 1.679 s - in org.entando.kubernetes.controller.coordinator.inprocesstests.DeploymentPhaseWatcherTest
[INFO] Running org.entando.kubernetes.controller.coordinator.inprocesstests.ControllerCoordinatorMockedTest
Sep 07, 2020 11:39:18 AM okhttp3.mockwebserver.MockWebServer$2 e**cute
INFO: MockWebServer[41298] starting to accept connections
Sep 07, 2020 11:39:18 AM okhttp3.mockwebserver.MockWebServer$3 processOneRequest
INFO: MockWebServer[41298] received request: GET /api/v1/namespaces/entando/configmaps/entando-docker-image-info-v6.1 HTTP/1.1 and responded: HTTP/1.1 404 Client Error
Sep 07, 2020 11:39:18 AM okhttp3.mockwebserver.MockWebServer$3 processOneRequest
INFO: MockWebServer[41298] received request: GET /api/v1/namespaces/entando-k8s-controller-coordinator-carcpr41 HTTP/1.1 and responded: HTTP/1.1 404 Client Error
Sep 07, 2020 11:39:18 AM okhttp3.mockwebserver.MockWebServer$3 processOneRequest
INFO: MockWebServer[41298] received request: GET /apis/entando.org/v1/namespaces/default/entandokeycloakservers HTTP/1.1 and responded: HTTP/1.1 200 OK
Sep 07, 2020 11:39:18 AM okhttp3.mockwebserver.MockWebServer$3 processOneRequest
INFO: MockWebServer[41298] received request: GET /api/v1/namespaces/entando-k8s-controller-coordinator-carcpr41 HTTP/1.1 and responded: HTTP/1.1 404 Client Error
Sep 07, 2020 11:39:18 AM io.fabric8.kubernetes.client.dsl.internal.WatchHTTPManager$1 onFailure
INFO: Watch connection failed. reason: e**cutor rejected
Sep 07, 2020 11:39:18 AM okhttp3.mockwebserver.MockWebServer$3 processOneRequest
INFO: MockWebServer[41298] received request: GET /apis/entando.org/v1/namespaces/default/entandokeycloakservers HTTP/1.1 and responded: HTTP/1.1 200 OK
Sep 07, 2020 11:39:18 AM okhttp3.mockwebserver.MockWebServer$3 processOneRequest
INFO: MockWebServer[41298] received request: GET /apis/entando.org/v1/namespaces/entando-k8s-controller-coordinator-carcpr41/entandokeycloakservers HTTP/1.1 and responded: HTTP/1.1 200 OK
Sep 07, 2020 11:39:18 AM okhttp3.mockwebserver.MockWebServer$3 processOneRequest
INFO: MockWebServer[41298] received request: GET /apis/entando.org/v1/namespaces/entando-k8s-controller-coordinator-carcpr41/entandokeycloakservers?watch=true HTTP/1.1 and responded: HTTP/1.1 200 OK
Sep 07, 2020 11:39:18 AM okhttp3.mockwebserver.MockWebServer$3 processOneRequest
INFO: MockWebServer[41298] received request: GET /api/v1/namespaces/entando-k8s-controller-coordinator-carcpr41 HTTP/1.1 and responded: HTTP/1.1 404 Client Error
Sep 07, 2020 11:39:18 AM okhttp3.mockwebserver.MockWebServer$3 processOneRequest
INFO: MockWebServer[41298] received request: GET /apis/entando.org/v1/namespaces/entando-k8s-controller-coordinator-carcpr41/entandokeycloakservers?watch=true HTTP/1.1 and responded: HTTP/1.1 200 OK
Sep 07, 2020 11:39:18 AM io.fabric8.kubernetes.client.dsl.internal.WatchHTTPManager$1 onResponse
INFO: Watch terminated unexpectedly. reason: \n not found: limit=46 content=7b2261706956657273696f6e223a227631222c226b696e64223a224c69737422â€¦
Sep 07, 2020 11:39:18 AM okhttp3.mockwebserver.MockWebServer$3 processOneRequest
INFO: MockWebServer[41298] received request: GET /apis/entando.org/v1/namespaces/default/entandoclusterinfrastructures HTTP/1.1 and responded: HTTP/1.1 200 OK
Sep 07, 2020 11:39:18 AM io.fabric8.kubernetes.client.dsl.internal.WatchHTTPManager$1 onFailure
INFO: Watch connection failed. reason: e**cutor rejected
Sep 07, 2020 11:39:18 AM okhttp3.mockwebserver.MockWebServer$3 processOneRequest
INFO: MockWebServer[41298] received request: GET /api/v1/namespaces/entando-k8s-controller-coordinator-carcpr41 HTTP/1.1 and responded: HTTP/1.1 404 Client Error
Sep 07, 2020 11:39:18 AM okhttp3.mockwebserver.MockWebServer$3 processOneRequest
INFO: MockWebServer[41298] received request: GET /apis/entando.org/v1/namespaces/default/entandoclusterinfrastructures HTTP/1.1 and responded: HTTP/1.1 200 OK
Sep 07, 2020 11:39:19 AM okhttp3.mockwebserver.MockWebServer$3 processOneRequest
INFO: MockWebServer[41298] received request: GET /apis/entando.org/v1/namespaces/entando-k8s-controller-coordinator-carcpr41/entandoclusterinfrastructures HTTP/1.1 and responded: HTTP/1.1 200 OK
Sep 07, 2020 11:39:19 AM okhttp3.mockwebserver.MockWebServer$3 processOneRequest
INFO: MockWebServer[41298] received request: GET /apis/entando.org/v1/namespaces/entando-k8s-controller-coordinator-carcpr41/entandoclusterinfrastructures?watch=true HTTP/1.1 and responded: HTTP/1.1 200 OK
Sep 07, 2020 11:39:19 AM okhttp3.mockwebserver.MockWebServer$3 processOneRequest
INFO: MockWebServer[41298] received request: GET /apis/entando.org/v1/namespaces/entando-k8s-controller-coordinator-carcpr41/entandoclusterinfrastructures?watch=true HTTP/1.1 and responded: HTTP/1.1 200 OK
Sep 07, 2020 11:39:19 AM okhttp3.mockwebserver.MockWebServer$3 processOneRequest
INFO: MockWebServer[41298] received request: GET /api/v1/namespaces/entando-k8s-controller-coordinator-carcpr41 HTTP/1.1 and responded: HTTP/1.1 404 Client Error
Sep 07, 2020 11:39:19 AM io.fabric8.kubernetes.client.dsl.internal.WatchHTTPManager$1 onFailure
INFO: Watch connection failed. reason: e**cutor rejected
Sep 07, 2020 11:39:19 AM io.fabric8.kubernetes.client.dsl.internal.WatchHTTPManager$1 onResponse
INFO: Watch terminated unexpectedly. reason: \n not found: limit=46 content=7b2261706956657273696f6e223a227631222c226b696e64223a224c69737422â€¦
Sep 07, 2020 11:39:19 AM okhttp3.mockwebserver.MockWebServer$3 processOneRequest
INFO: MockWebServer[41298] received request: GET /apis/entando.org/v1/namespaces/default/entandoapps HTTP/1.1 and responded: HTTP/1.1 200 OK
Sep 07, 2020 11:39:19 AM okhttp3.mockwebserver.MockWebServer$3 processOneRequest
INFO: MockWebServer[41298] received request: GET /api/v1/namespaces/entando-k8s-controller-coordinator-carcpr41 HTTP/1.1 and responded: HTTP/1.1 404 Client Error
Sep 07, 2020 11:39:19 AM okhttp3.mockwebserver.MockWebServer$3 processOneRequest
INFO: MockWebServer[41298] received request: GET /apis/entando.org/v1/namespaces/default/entandoapps HTTP/1.1 and responded: HTTP/1.1 200 OK
Sep 07, 2020 11:39:19 AM okhttp3.mockwebserver.MockWebServer$3 processOneRequest
INFO: MockWebServer[41298] received request: GET /apis/entando.org/v1/namespaces/entando-k8s-controller-coordinator-carcpr41/entandoapps HTTP/1.1 and responded: HTTP/1.1 200 OK
Sep 07, 2020 11:39:19 AM okhttp3.mockwebserver.MockWebServer$3 processOneRequest
INFO: MockWebServer[41298] received request: GET /apis/entando.org/v1/namespaces/entando-k8s-controller-coordinator-carcpr41/entandoapps?watch=true HTTP/1.1 and responded: HTTP/1.1 200 OK
Sep 07, 2020 11:39:19 AM okhttp3.mockwebserver.MockWebServer$3 processOneRequest
INFO: MockWebServer[41298] received request: GET /api/v1/namespaces/entando-k8s-controller-coordinator-carcpr41 HTTP/1.1 and responded: HTTP/1.1 404 Client Error
Sep 07, 2020 11:39:19 AM okhttp3.mockwebserver.MockWebServer$3 processOneRequest
INFO: MockWebServer[41298] received request: GET /apis/entando.org/v1/namespaces/entando-k8s-controller-coordinator-carcpr41/entandoapps?watch=true HTTP/1.1 and responded: HTTP/1.1 200 OK
Sep 07, 2020 11:39:19 AM io.fabric8.kubernetes.client.dsl.internal.WatchHTTPManager$1 onResponse
INFO: Watch terminated unexpectedly. reason: \n not found: limit=46 content=7b2261706956657273696f6e223a227631222c226b696e64223a224c69737422â€¦
Sep 07, 2020 11:39:19 AM okhttp3.mockwebserver.MockWebServer$3 processOneRequest
INFO: MockWebServer[41298] received request: GET /apis/entando.org/v1/namespaces/default/entandoplugins HTTP/1.1 and responded: HTTP/1.1 200 OK
Sep 07, 2020 11:39:19 AM okhttp3.mockwebserver.MockWebServer$3 processOneRequest
INFO: MockWebServer[41298] received request: GET /api/v1/namespaces/entando-k8s-controller-coordinator-carcpr41 HTTP/1.1 and responded: HTTP/1.1 404 Client Error
Sep 07, 2020 11:39:19 AM okhttp3.mockwebserver.MockWebServer$3 processOneRequest
INFO: MockWebServer[41298] received request: GET /apis/entando.org/v1/namespaces/default/entandoplugins HTTP/1.1 and responded: HTTP/1.1 200 OK
Sep 07, 2020 11:39:19 AM io.fabric8.kubernetes.client.dsl.internal.WatchHTTPManager$1 onResponse
INFO: Watch terminated unexpectedly. reason: \n not found: limit=46 content=7b2261706956657273696f6e223a227631222c226b696e64223a224c69737422â€¦
Sep 07, 2020 11:39:19 AM okhttp3.mockwebserver.MockWebServer$3 processOneRequest
INFO: MockWebServer[41298] received request: GET /apis/entando.org/v1/namespaces/entando-k8s-controller-coordinator-carcpr41/entandokeycloakservers?watch=true HTTP/1.1 and responded: HTTP/1.1 200 OK
Sep 07, 2020 11:39:19 AM okhttp3.mockwebserver.MockWebServer$3 processOneRequest
INFO: MockWebServer[41298] received request: GET /apis/entando.org/v1/namespaces/entando-k8s-controller-coordinator-carcpr41/entandoplugins HTTP/1.1 and responded: HTTP/1.1 200 OK
Sep 07, 2020 11:39:20 AM okhttp3.mockwebserver.MockWebServer$3 processOneRequest
INFO: MockWebServer[41298] received request: GET /apis/entando.org/v1/namespaces/entando-k8s-controller-coordinator-carcpr41/entandoplugins?watch=true HTTP/1.1 and responded: HTTP/1.1 200 OK
Sep 07, 2020 11:39:20 AM okhttp3.mockwebserver.MockWebServer$3 processOneRequest
INFO: MockWebServer[41298] received request: GET /api/v1/namespaces/entando-k8s-controller-coordinator-carcpr41 HTTP/1.1 and responded: HTTP/1.1 404 Client Error
Sep 07, 2020 11:39:20 AM okhttp3.mockwebserver.MockWebServer$3 processOneRequest
INFO: MockWebServer[41298] received request: GET /apis/entando.org/v1/namespaces/entando-k8s-controller-coordinator-carcpr41/entandoplugins?watch=true HTTP/1.1 and responded: HTTP/1.1 200 OK
Sep 07, 2020 11:39:20 AM io.fabric8.kubernetes.client.dsl.internal.WatchHTTPManager$1 onResponse
INFO: Watch terminated unexpectedly. reason: \n not found: limit=46 content=7b2261706956657273696f6e223a227631222c226b696e64223a224c69737422â€¦
Sep 07, 2020 11:39:20 AM okhttp3.mockwebserver.MockWebServer$3 processOneRequest
INFO: MockWebServer[41298] received request: GET /apis/entando.org/v1/namespaces/default/entandoapppluginlinks HTTP/1.1 and responded: HTTP/1.1 200 OK
Sep 07, 2020 11:39:20 AM okhttp3.mockwebserver.MockWebServer$3 processOneRequest
INFO: MockWebServer[41298] received request: GET /api/v1/namespaces/entando-k8s-controller-coordinator-carcpr41 HTTP/1.1 and responded: HTTP/1.1 404 Client Error
Sep 07, 2020 11:39:20 AM okhttp3.mockwebserver.MockWebServer$3 processOneRequest
INFO: MockWebServer[41298] received request: GET /apis/entando.org/v1/namespaces/default/entandoapppluginlinks HTTP/1.1 and responded: HTTP/1.1 200 OK
Sep 07, 2020 11:39:20 AM io.fabric8.kubernetes.client.dsl.internal.WatchHTTPManager$1 onResponse
INFO: Watch terminated unexpectedly. reason: \n not found: limit=46 content=7b2261706956657273696f6e223a227631222c226b696e64223a224c69737422â€¦
Sep 07, 2020 11:39:20 AM okhttp3.mockwebserver.MockWebServer$3 processOneRequest
INFO: MockWebServer[41298] received request: GET /apis/entando.org/v1/namespaces/entando-k8s-controller-coordinator-carcpr41/entandoclusterinfrastructures?watch=true HTTP/1.1 and responded: HTTP/1.1 200 OK
Sep 07, 2020 11:39:20 AM okhttp3.mockwebserver.MockWebServer$3 processOneRequest
INFO: MockWebServer[41298] received request: GET /apis/entando.org/v1/namespaces/entando-k8s-controller-coordinator-carcpr41/entandoapppluginlinks HTTP/1.1 and responded: HTTP/1.1 200 OK
Sep 07, 2020 11:39:20 AM okhttp3.mockwebserver.MockWebServer$3 processOneRequest
INFO: MockWebServer[41298] received request: GET /apis/entando.org/v1/namespaces/entando-k8s-controller-coordinator-carcpr41/entandoapppluginlinks?watch=true HTTP/1.1 and responded: HTTP/1.1 200 OK
Sep 07, 2020 11:39:20 AM okhttp3.mockwebserver.MockWebServer$3 processOneRequest
INFO: MockWebServer[41298] received request: GET /api/v1/namespaces/entando-k8s-controller-coordinator-carcpr41 HTTP/1.1 and responded: HTTP/1.1 404 Client Error
Sep 07, 2020 11:39:20 AM okhttp3.mockwebserver.MockWebServer$3 processOneRequest
INFO: MockWebServer[41298] received request: GET /apis/entando.org/v1/namespaces/entando-k8s-controller-coordinator-carcpr41/entandoapppluginlinks?watch=true HTTP/1.1 and responded: HTTP/1.1 200 OK
Sep 07, 2020 11:39:20 AM io.fabric8.kubernetes.client.dsl.internal.WatchHTTPManager$1 onResponse
INFO: Watch terminated unexpectedly. reason: \n not found: limit=46 content=7b2261706956657273696f6e223a227631222c226b696e64223a224c69737422â€¦
Sep 07, 2020 11:39:20 AM okhttp3.mockwebserver.MockWebServer$3 processOneRequest
INFO: MockWebServer[41298] received request: GET /apis/entando.org/v1/namespaces/default/entandocompositeapps HTTP/1.1 and responded: HTTP/1.1 200 OK
Sep 07, 2020 11:39:20 AM okhttp3.mockwebserver.MockWebServer$3 processOneRequest
INFO: MockWebServer[41298] received request: GET /api/v1/namespaces/entando-k8s-controller-coordinator-carcpr41 HTTP/1.1 and responded: HTTP/1.1 404 Client Error
Sep 07, 2020 11:39:20 AM io.fabric8.kubernetes.client.dsl.internal.WatchHTTPManager$1 onFailure
INFO: Watch connection failed. reason: e**cutor rejected
Sep 07, 2020 11:39:20 AM okhttp3.mockwebserver.MockWebServer$3 processOneRequest
INFO: MockWebServer[41298] received request: GET /apis/entando.org/v1/namespaces/default/entandocompositeapps HTTP/1.1 and responded: HTTP/1.1 200 OK
Sep 07, 2020 11:39:20 AM okhttp3.mockwebserver.MockWebServer$3 processOneRequest
INFO: MockWebServer[41298] received request: GET /apis/entando.org/v1/namespaces/entando-k8s-controller-coordinator-carcpr41/entandoapps?watch=true HTTP/1.1 and responded: HTTP/1.1 200 OK
Sep 07, 2020 11:39:20 AM io.fabric8.kubernetes.client.dsl.internal.WatchHTTPManager$1 onResponse
INFO: Watch terminated unexpectedly. reason: \n not found: limit=46 content=7b2261706956657273696f6e223a227631222c226b696e64223a224c69737422â€¦
Sep 07, 2020 11:39:20 AM okhttp3.mockwebserver.MockWebServer$3 processOneRequest
INFO: MockWebServer[41298] received request: GET /apis/entando.org/v1/namespaces/entando-k8s-controller-coordinator-carcpr41/entandocompositeapps HTTP/1.1 and responded: HTTP/1.1 200 OK
Sep 07, 2020 11:39:20 AM okhttp3.mockwebserver.MockWebServer$3 processOneRequest
INFO: MockWebServer[41298] received request: GET /apis/entando.org/v1/namespaces/entando-k8s-controller-coordinator-carcpr41/entandocompositeapps?watch=true HTTP/1.1 and responded: HTTP/1.1 200 OK
Sep 07, 2020 11:39:20 AM okhttp3.mockwebserver.MockWebServer$3 processOneRequest
INFO: MockWebServer[41298] received request: GET /apis/entando.org/v1/namespaces/entando-k8s-controller-coordinator-carcpr41/entandocompositeapps?watch=true HTTP/1.1 and responded: HTTP/1.1 200 OK
Sep 07, 2020 11:39:20 AM okhttp3.mockwebserver.MockWebServer$3 processOneRequest
INFO: MockWebServer[41298] received request: GET /api/v1/namespaces/entando-k8s-controller-coordinator-carcpr41 HTTP/1.1 and responded: HTTP/1.1 404 Client Error
Sep 07, 2020 11:39:20 AM io.fabric8.kubernetes.client.dsl.internal.WatchHTTPManager$1 onResponse
INFO: Watch terminated unexpectedly. reason: \n not found: limit=46 content=7b2261706956657273696f6e223a227631222c226b696e64223a224c69737422â€¦
Sep 07, 2020 11:39:20 AM okhttp3.mockwebserver.MockWebServer$3 processOneRequest
INFO: MockWebServer[41298] received request: GET /apis/entando.org/v1/namespaces/default/entandodatabaseservices HTTP/1.1 and responded: HTTP/1.1 200 OK
Sep 07, 2020 11:39:21 AM okhttp3.mockwebserver.MockWebServer$3 processOneRequest
INFO: MockWebServer[41298] received request: GET /api/v1/namespaces/entando-k8s-controller-coordinator-carcpr41 HTTP/1.1 and responded: HTTP/1.1 404 Client Error
Sep 07, 2020 11:39:21 AM okhttp3.mockwebserver.MockWebServer$3 processOneRequest
INFO: MockWebServer[41298] received request: GET /apis/entando.org/v1/namespaces/default/entandodatabaseservices HTTP/1.1 and responded: HTTP/1.1 200 OK
Sep 07, 2020 11:39:21 AM io.fabric8.kubernetes.client.dsl.internal.WatchHTTPManager$1 onFailure
INFO: Watch connection failed. reason: e**cutor rejected
Sep 07, 2020 11:39:21 AM io.fabric8.kubernetes.client.dsl.internal.WatchHTTPManager$1 onResponse
INFO: Watch terminated unexpectedly. reason: \n not found: limit=46 content=7b2261706956657273696f6e223a227631222c226b696e64223a224c69737422â€¦
Sep 07, 2020 11:39:21 AM okhttp3.mockwebserver.MockWebServer$3 processOneRequest
INFO: MockWebServer[41298] received request: GET /apis/entando.org/v1/namespaces/entando-k8s-controller-coordinator-carcpr41/entandoplugins?watch=true HTTP/1.1 and responded: HTTP/1.1 200 OK
Sep 07, 2020 11:39:21 AM okhttp3.mockwebserver.MockWebServer$3 processOneRequest
INFO: MockWebServer[41298] received request: GET /apis/entando.org/v1/namespaces/entando-k8s-controller-coordinator-carcpr41/entandodatabaseservices HTTP/1.1 and responded: HTTP/1.1 200 OK
Sep 07, 2020 11:39:21 AM okhttp3.mockwebserver.MockWebServer$3 processOneRequest
INFO: MockWebServer[41298] received request: GET /apis/entando.org/v1/namespaces/entando-k8s-controller-coordinator-carcpr41/entandodatabaseservices?watch=true HTTP/1.1 and responded: HTTP/1.1 200 OK
Sep 07, 2020 11:39:21 AM io.fabric8.kubernetes.client.dsl.internal.WatchHTTPManager$1 onFailure
INFO: Watch connection failed. reason: e**cutor rejected
Sep 07, 2020 11:39:21 AM okhttp3.mockwebserver.MockWebServer$3 processOneRequest
INFO: MockWebServer[41298] received request: GET /api/v1/namespaces/entando-k8s-controller-coordinator-carcpr41 HTTP/1.1 and responded: HTTP/1.1 404 Client Error
Sep 07, 2020 11:39:21 AM okhttp3.mockwebserver.MockWebServer$3 processOneRequest
INFO: MockWebServer[41298] received request: GET /apis/entando.org/v1/namespaces/entando-k8s-controller-coordinator-carcpr41/entandodatabaseservices?watch=true HTTP/1.1 and responded: HTTP/1.1 200 OK
Sep 07, 2020 11:39:21 AM okhttp3.mockwebserver.MockWebServer$3 processOneRequest
INFO: MockWebServer[41298] received request: POST /api/v1/namespaces HTTP/1.1 and responded: HTTP/1.1 202 OK
Sep 07, 2020 11:39:21 AM io.fabric8.kubernetes.client.dsl.internal.WatchHTTPManager$1 onResponse
INFO: Watch terminated unexpectedly. reason: \n not found: limit=46 content=7b2261706956657273696f6e223a227631222c226b696e64223a224c69737422â€¦
Sep 07, 2020 11:39:21 AM okhttp3.mockwebserver.MockWebServer$3 processOneRequest
INFO: MockWebServer[41298] received request: GET /api/v1/namespaces/entando/configmaps/entando-docker-image-info-v6.1 HTTP/1.1 and responded: HTTP/1.1 404 Client Error
Sep 07, 2020 11:39:21 AM okhttp3.mockwebserver.MockWebServer$3 processOneRequest
INFO: MockWebServer[41298] received request: POST /api/v1/namespaces/entando/configmaps HTTP/1.1 and responded: HTTP/1.1 202 OK
Sep 07, 2020 11:39:21 AM io.fabric8.kubernetes.client.dsl.internal.WatchHTTPManager$1 onFailure
INFO: Watch connection failed. reason: e**cutor rejected
Sep 07, 2020 11:39:21 AM io.fabric8.kubernetes.client.dsl.internal.WatchHTTPManager$1 onResponse
INFO: Watch terminated unexpectedly. reason: \n not found: limit=46 content=7b2261706956657273696f6e223a227631222c226b696e64223a224c69737422â€¦
Sep 07, 2020 11:39:21 AM okhttp3.mockwebserver.MockWebServer$3 processOneRequest
INFO: MockWebServer[41298] received request: GET /apis/entando.org/v1/namespaces/entando-k8s-controller-coordinator-carcpr41/entandoapppluginlinks?watch=true HTTP/1.1 and responded: HTTP/1.1 200 OK
Sep 07, 2020 11:39:21 AM okhttp3.mockwebserver.MockWebServer$3 processOneRequest
INFO: MockWebServer[41298] received request: GET /api/v1/namespaces/entando-k8s-controller-coordinator-carcpr41 HTTP/1.1 and responded: HTTP/1.1 200 OK
Sep 07, 2020 11:39:21 AM okhttp3.mockwebserver.MockWebServer$3 processOneRequest
INFO: MockWebServer[41298] received request: GET /apis/entando.org/v1/namespaces/entando-k8s-controller-coordinator-carcpr41/entandokeycloakservers HTTP/1.1 and responded: HTTP/1.1 200 OK
Sep 07, 2020 11:39:21 AM okhttp3.mockwebserver.MockWebServer$3 processOneRequest
INFO: MockWebServer[41298] received request: GET /api/v1/namespaces/entando-k8s-controller-coordinator-carcpr41 HTTP/1.1 and responded: HTTP/1.1 200 OK
Sep 07, 2020 11:39:21 AM okhttp3.mockwebserver.MockWebServer$3 processOneRequest
INFO: MockWebServer[41298] received request: GET /apis/entando.org/v1/namespaces/entando-k8s-controller-coordinator-carcpr41/entandokeycloakservers HTTP/1.1 and responded: HTTP/1.1 200 OK
Sep 07, 2020 11:39:21 AM io.fabric8.kubernetes.client.dsl.internal.WatchHTTPManager$1 onResponse
INFO: Watch terminated unexpectedly. reason: \n not found: limit=46 content=7b2261706956657273696f6e223a227631222c226b696e64223a224c69737422â€¦
Sep 07, 2020 11:39:21 AM okhttp3.mockwebserver.MockWebServer$3 processOneRequest
INFO: MockWebServer[41298] received request: GET /apis/entando.org/v1/namespaces/entando-k8s-controller-coordinator-carcpr41/entandokeycloakservers?watch=true HTTP/1.1 and responded: HTTP/1.1 200 OK
Sep 07, 2020 11:39:21 AM okhttp3.mockwebserver.MockWebServer$3 processOneRequest
INFO: MockWebServer[41298] received request: POST /apis/entando.org/v1/namespaces/entando-k8s-controller-coordinator-carcpr41/entandokeycloakservers HTTP/1.1 and responded: HTTP/1.1 202 OK
Sep 07, 2020 11:39:22 AM io.fabric8.kubernetes.client.dsl.internal.WatchHTTPManager$1 onFailure
INFO: Watch connection failed. reason: e**cutor rejected
Sep 07, 2020 11:39:22 AM org.entando.kubernetes.controller.coordinator.EntandoResourceObserver logAction
INFO: Received ADDED for resource EntandoKeycloakServer entando-k8s-controller-coordinator-carcpr41/test-keycloak
Sep 07, 2020 11:39:22 AM okhttp3.mockwebserver.MockWebServer$3 processOneRequest
INFO: MockWebServer[41298] received request: GET /apis/entando.org/v1/namespaces/entando-k8s-controller-coordinator-carcpr41/entandocompositeapps?watch=true HTTP/1.1 and responded: HTTP/1.1 200 OK
Sep 07, 2020 11:39:22 AM io.fabric8.kubernetes.client.dsl.internal.WatchHTTPManager$1 onResponse
INFO: Watch terminated unexpectedly. reason: \n not found: limit=46 content=7b2261706956657273696f6e223a227631222c226b696e64223a224c69737422â€¦
Sep 07, 2020 11:39:22 AM io.fabric8.kubernetes.client.dsl.internal.WatchHTTPManager$1 onFailure
INFO: Watch connection failed. reason: e**cutor rejected
Sep 07, 2020 11:39:22 AM okhttp3.mockwebserver.MockWebServer$3 processOneRequest
INFO: MockWebServer[41298] received request: GET /api/v1/namespaces/entando/configmaps/entando-docker-image-info-v6.1 HTTP/1.1 and responded: HTTP/1.1 200 OK
Sep 07, 2020 11:39:22 AM okhttp3.mockwebserver.MockWebServer$3 processOneRequest
INFO: MockWebServer[41298] received request: GET /api/v1/namespaces/entando-k8s-controller-coordinator-carcpr41/pods?labelSelector=EntandoResourceKind%3DEntandoKeycloakServer HTTP/1.1 and responded: HTTP/1.1 200 OK
Sep 07, 2020 11:39:22 AM okhttp3.mockwebserver.MockWebServer$3 processOneRequest
INFO: MockWebServer[41298] received request: GET /api/v1/namespaces/entando-k8s-controller-coordinator-carcpr41/secrets/test-keycloak-controller-ca-cert-secret HTTP/1.1 and responded: HTTP/1.1 404 Client Error
Sep 07, 2020 11:39:22 AM okhttp3.mockwebserver.MockWebServer$3 processOneRequest
INFO: MockWebServer[41298] received request: POST /api/v1/namespaces/entando-k8s-controller-coordinator-carcpr41/secrets HTTP/1.1 and responded: HTTP/1.1 202 OK
Sep 07, 2020 11:39:22 AM okhttp3.mockwebserver.MockWebServer$3 processOneRequest
INFO: MockWebServer[41298] received request: POST /api/v1/namespaces/entando-k8s-controller-coordinator-carcpr41/pods HTTP/1.1 and responded: HTTP/1.1 202 OK
Sep 07, 2020 11:39:22 AM okhttp3.mockwebserver.MockWebServer$3 processOneRequest
INFO: MockWebServer[41298] received request: GET /api/v1/namespaces/entando-k8s-controller-coordinator-carcpr41/pods?labelSelector=EntandoResourceKind%3DEntandoKeycloakServer HTTP/1.1 and responded: HTTP/1.1 200 OK
Sep 07, 2020 11:39:22 AM okhttp3.mockwebserver.MockWebServer$3 processOneRequest
INFO: MockWebServer[41298] received request: GET /apis/entando.org/v1/namespaces/entando-k8s-controller-coordinator-carcpr41/entandoclusterinfrastructures?watch=true HTTP/1.1 and responded: HTTP/1.1 200 OK
Sep 07, 2020 11:39:22 AM okhttp3.mockwebserver.MockWebServer$3 processOneRequest
INFO: MockWebServer[41298] received request: GET /api/v1/namespaces/entando-k8s-controller-coordinator-carcpr41/pods?labelSelector=EntandoResourceKind%3DEntandoKeycloakServer HTTP/1.1 and responded: HTTP/1.1 200 OK
Sep 07, 2020 11:39:22 AM io.fabric8.kubernetes.client.dsl.internal.WatchHTTPManager$1 onFailure
INFO: Watch connection failed. reason: e**cutor rejected
Sep 07, 2020 11:39:22 AM io.fabric8.kubernetes.client.dsl.internal.WatchHTTPManager$1 onResponse
INFO: Watch terminated unexpectedly. reason: \n not found: limit=46 content=7b2261706956657273696f6e223a227631222c226b696e64223a224c69737422â€¦
Sep 07, 2020 11:39:22 AM okhttp3.mockwebserver.MockWebServer$2 acceptConnections
INFO: MockWebServer[41298] done accepting connections: Socket closed
Sep 07, 2020 11:39:22 AM io.fabric8.kubernetes.client.dsl.internal.WatchHTTPManager$1 onFailure
INFO: Watch connection failed. reason: Canceled
[INFO] Tests run: 1, Failures: 0, Errors: 0, Skipped: 0, Time elapsed: 4.373 s - in org.entando.kubernetes.controller.coordinator.inprocesstests.ControllerCoordinatorMockedTest
[INFO] 
[INFO] Results:
[INFO] 
[INFO] Tests run: 11, Failures: 0, Errors: 0, Skipped: 0
[INFO] 
[INFO] 
[INFO] --- maven-jar-plugin:3.2.0:jar (default-jar) @ entando-k8s-controller-coordinator ---
[INFO] Building jar: /workspace/source/target/entando-k8s-controller-coordinator-0.0.0-SNAPSHOT-PR-41-3.jar
[INFO] 
[INFO] --- maven-jar-plugin:3.2.0:test-jar (build-test-jar) @ entando-k8s-controller-coordinator ---
[INFO] Building jar: /workspace/source/target/entando-k8s-controller-coordinator-0.0.0-SNAPSHOT-PR-41-3-tests.jar
[INFO] 
[INFO] --- quarkus-maven-plugin:1.2.0.Final:build (default) @ entando-k8s-controller-coordinator ---
[WARNING] [io.quarkus.creator.curator.Curator] These dependencies are not recommended:
	- jakarta.xml.bind:jakarta.xml.bind-api should be replaced by org.jboss.spec.javax.xml.bind:jboss-jaxb-api_2.3_spec
	- javax.activation:activation should be replaced by com.sun.activation:jakarta.activation
You might end up with two different versions of the same classes or with an artifact you shouldn't have in your classpath.
[INFO] [org.jboss.threads] JBoss Threads version 3.0.0.Final
[WARNING] [io.quarkus.kubernetes.client.deployment.KubernetesClientProcessor] Watcher 'org.entando.kubernetes.controller.coordinator.EntandoResourceObserver' will most likely not work correctly in native mode. Consider specifying the generic type of 'io.fabric8.kubernetes.client.Watcher' that this class handles. See https://quarkus.io/guides/kubernetes-client#note-on-implementing-the-watcher-interface for more details
[WARNING] [io.quarkus.kubernetes.client.deployment.KubernetesClientProcessor] Watcher 'org.entando.kubernetes.controller.coordinator.EntandoDeploymentPhaseWatcher' will most likely not work correctly in native mode. Consider specifying the generic type of 'io.fabric8.kubernetes.client.Watcher' that this class handles. See https://quarkus.io/guides/kubernetes-client#note-on-implementing-the-watcher-interface for more details
[INFO] [io.quarkus.deployment.pkg.steps.JarResultBuildStep] Building thin jar: /workspace/source/target/entando-k8s-controller-coordinator-0.0.0-SNAPSHOT-PR-41-3-runner.jar
[INFO] [io.quarkus.deployment.QuarkusAugmentor] Quarkus augmentation completed in 1419ms
[INFO] 
[INFO] --- maven-surefire-report-plugin:3.0.0-M4:failsafe-report-only (integration-tests) @ entando-k8s-controller-coordinator ---
[INFO] 
[INFO] --- dependency-check-maven:5.3.2:aggregate (default) @ entando-k8s-controller-coordinator ---
[INFO] 

Dependency-Check is an open source tool performing a best effort analysis of 3rd party dependencies; false positives and false negatives may exist in the analysis performed by the tool. Use of the tool and the reporting provided constitutes acceptance for use in an AS IS condition, and there are NO warranties, implied or otherwise, with regard to the analysis or its use. Any use of the tool and the reporting provided is at the userâ€™s risk. In no event shall the copyright holder or OWASP be held liable for any damages whatsoever arising out of or in connection with the use of this tool, the analysis performed, or the resulting report.


[INFO] Analysis Started
[INFO] Finished Archive Analyzer (0 seconds)
[INFO] Finished File Name Analyzer (0 seconds)
[INFO] Finished Jar Analyzer (0 seconds)
[INFO] Finished Dependency Merging Analyzer (0 seconds)
[INFO] Finished Version Filter Analyzer (0 seconds)
[INFO] Finished Hint Analyzer (0 seconds)
[INFO] Created CPE Index (2 seconds)
[INFO] Finished CPE Analyzer (3 seconds)
[INFO] Finished False Positive Analyzer (0 seconds)
[INFO] Finished NVD CVE Analyzer (0 seconds)
[INFO] Finished Sonatype OSS Index Analyzer (1 seconds)
[INFO] Finished Vulnerability Suppression Analyzer (0 seconds)
[INFO] Finished Dependency Bundling Analyzer (0 seconds)
[INFO] Analysis Complete (7 seconds)
[INFO] 
[INFO] --- jacoco-maven-plugin:0.8.5:report (report) @ entando-k8s-controller-coordinator ---
[INFO] Loading e**cution data file /workspace/source/target/jacoco.e**c
[INFO] Analyzed bundle 'Entando K8S Controller Coordinator' with 4 classes
[INFO] 
[INFO] --- maven-surefire-report-plugin:3.0.0-M4:report-only (unit-tests) @ entando-k8s-controller-coordinator ---
[WARNING] Unable to locate Test Source XRef to link to - DISABLED
[INFO] 
[INFO] --- maven-install-plugin:2.4:install (default-install) @ entando-k8s-controller-coordinator ---
[INFO] Installing /workspace/source/target/entando-k8s-controller-coordinator-0.0.0-SNAPSHOT-PR-41-3.jar to /home/jenkins/.mvnrepository/org/entando/entando-k8s-controller-coordinator/0.0.0-SNAPSHOT-PR-41-3/entando-k8s-controller-coordinator-0.0.0-SNAPSHOT-PR-41-3.jar
[INFO] Installing /workspace/source/pom.xml to /home/jenkins/.mvnrepository/org/entando/entando-k8s-controller-coordinator/0.0.0-SNAPSHOT-PR-41-3/entando-k8s-controller-coordinator-0.0.0-SNAPSHOT-PR-41-3.pom
[INFO] Installing /workspace/source/target/entando-k8s-controller-coordinator-0.0.0-SNAPSHOT-PR-41-3-tests.jar to /home/jenkins/.mvnrepository/org/entando/entando-k8s-controller-coordinator/0.0.0-SNAPSHOT-PR-41-3/entando-k8s-controller-coordinator-0.0.0-SNAPSHOT-PR-41-3-tests.jar
[INFO] 
[INFO] --- maven-site-plugin:3.9.0:site (default-site) @ entando-k8s-controller-coordinator ---
[INFO] configuring report plugin org.apache.maven.plugins:maven-project-info-reports-plugin:3.0.0
[INFO] 9 reports configured for maven-project-info-reports-plugin:3.0.0: dependency-info, distribution-management, index, ci-management, issue-management, licenses, plugins, scm, summary
[INFO] Rendering site with default locale English (en)
[WARNING] Unable to find a URL to the parent project. The parent menu will NOT be added.
[INFO] Relativizing decoration links with respect to localized project URL: https://central.entando.com
[INFO] Rendering content with org.apache.maven.skins:maven-default-skin:jar:1.3 skin.
[INFO] Generating "Dependency Information" report --- maven-project-info-reports-plugin:3.0.0:dependency-info
[INFO] Generating "About" report         --- maven-project-info-reports-plugin:3.0.0:index
[INFO] Generating "Issue Management" report --- maven-project-info-reports-plugin:3.0.0:issue-management
[INFO] Generating "Licenses" report      --- maven-project-info-reports-plugin:3.0.0:licenses
[INFO] Generating "Plugins" report       --- maven-project-info-reports-plugin:3.0.0:plugins
[INFO] Generating "Source Code Management" report --- maven-project-info-reports-plugin:3.0.0:scm
[INFO] Generating "Summary" report       --- maven-project-info-reports-plugin:3.0.0:summary
[INFO] 
[INFO] -----------< org.entando:entando-k8s-controller-coordinator >-----------
[INFO] Building Entando K8S Controller Coordinator 0.0.0-SNAPSHOT-PR-41-3
[INFO] --------------------------------[ jar ]---------------------------------
[INFO] 
[INFO] --- sonar-maven-plugin:3.7.0.1746:sonar (default-cli) @ entando-k8s-controller-coordinator ---
[INFO] User cache: /****/.sonar/cache
[INFO] SonarQube version: 8.0.0
[INFO] Default locale: "en", source code encoding: "UTF-8"
[INFO] Load global settings
[INFO] Load global settings (done) | time=221ms
[INFO] Server id: 1BD809FA-AWHW8ct9-T_TB3XqouNu
[INFO] User cache: /****/.sonar/cache
[INFO] Load/download plugins
[INFO] Load plugins index
[INFO] Load plugins index (done) | time=69ms
[INFO] Load/download plugins (done) | time=20567ms
[INFO] Loaded core extensions: developer-scanner
[INFO] Process project properties
[INFO] E**cute project builders
[INFO] E**cute project builders (done) | time=2ms
[INFO] Project key: entando-k8s_entando-k8s-controller-coordinator
[INFO] Base dir: /workspace/source
[INFO] Working dir: /workspace/source/target/sonar
[INFO] Load project settings for component key: 'entando-k8s_entando-k8s-controller-coordinator'
[INFO] Load project settings for component key: 'entando-k8s_entando-k8s-controller-coordinator' (done) | time=130ms
[INFO] Load project branches
[INFO] Load project branches (done) | time=31ms
[INFO] Check ALM binding of project 'entando-k8s_entando-k8s-controller-coordinator'
[INFO] Detected project binding: BOUND
[INFO] Check ALM binding of project 'entando-k8s_entando-k8s-controller-coordinator' (done) | time=21ms
[INFO] Load project pull requests
[INFO] Load project pull requests (done) | time=39ms
[INFO] Load branch configuration
[INFO] Load branch configuration (done) | time=539ms
[INFO] Load quality profiles
[INFO] Load quality profiles (done) | time=76ms
[INFO] Load active rules
[INFO] Load active rules (done) | time=1234ms
[INFO] Organization key: entando-k8s
[INFO] Pull request 41 for merge into master from ENG-1205_cluster_wide_deployment
[INFO] SCM collecting changed files in the branch
[WARNING] Exception caught during e**cution of command '[git, config, --******, --edit]' in '/usr/local/git/bin', return code '128', error message 'fatal: Invalid path '/usr/local/git/etc': No such file or directory
'
[INFO] SCM collecting changed files in the branch (done) | time=338ms
[INFO] Indexing files...
[INFO] Project configuration:
[INFO] 12 files inde**d
[INFO] 0 files ignored because of scm ignore settings
[INFO] Quality profile for java: Sonar way
[INFO] Quality profile for xml: Sonar way
[INFO] ------------- Run sensors on module Entando K8S Controller Coordinator
[INFO] Load metrics repository
[INFO] Load metrics repository (done) | time=31ms
WARNING: An illegal reflective access operation has occurred
WARNING: Illegal reflective access by net.sf.cglib.core.ReflectUtils$1 (file:/****/.sonar/cache/a89f1943fc75b65becd9fb4ecab8d913/sonar-tsql-plugin.jar) to method java.lang.ClassLoader.defineClass(java.lang.String,byte[],int,int,java.security.ProtectionDomain)
WARNING: Please consider reporting this to the maintainers of net.sf.cglib.core.ReflectUtils$1
WARNING: Use --illegal-access=warn to enable warnings of further illegal reflective access operations
WARNING: All illegal access operations will be denied in a future release
[INFO] Sensor JavaSquidSensor [java]
[INFO] Configured Java source version (sonar.java.source): 8
[INFO] JavaClasspath initialization
[INFO] JavaClasspath initialization (done) | time=16ms
[INFO] JavaTestClasspath initialization
[INFO] JavaTestClasspath initialization (done) | time=4ms
[INFO] Java Main Files AST scan
[INFO] 4 source files to be analyzed
[INFO] Java Main Files AST scan (done) | time=3886ms
[INFO] Java Test Files AST scan
[INFO] 7 source files to be analyzed
[INFO] 4/4 source files have been analyzed
[INFO] Java Test Files AST scan (done) | time=669ms
[INFO] Java Generated Files AST scan
[INFO] 0 source files to be analyzed
[INFO] Java Generated Files AST scan (done) | time=0ms
[INFO] Sensor JavaSquidSensor [java] (done) | time=4773ms
[INFO] Sensor SonarCSS Rules [cssfamily]
[INFO] No CSS, PHP, HTML or VueJS files are found in the project. CSS analysis is skipped.
[INFO] Sensor SonarCSS Rules [cssfamily] (done) | time=1ms
[INFO] Sensor Import of Checkstyle issues [java]
[INFO] Importing /workspace/source/target/checkstyle-result.xml
[INFO] 7/7 source files have been analyzed
[INFO] 0/0 source files have been analyzed
[INFO] Sensor Import of Checkstyle issues [java] (done) | time=94ms
[INFO] Sensor SurefireSensor [java]
[INFO] parsing [/workspace/source/target/surefire-reports]
[INFO] Sensor SurefireSensor [java] (done) | time=43ms
[INFO] Sensor JavaXmlSensor [java]
[INFO] 1 source files to be analyzed
[INFO] Sensor JavaXmlSensor [java] (done) | time=229ms
[INFO] Sensor HTML [web]
[INFO] Sensor HTML [web] (done) | time=4ms
[INFO] Sensor XML Sensor [xml]
[INFO] 1 source files to be analyzed
[INFO] 1/1 source files have been analyzed
[INFO] Sensor XML Sensor [xml] (done) | time=183ms
[INFO] 1/1 source files have been analyzed
[INFO] Sensor JaCoCo XML Report Importer [jacoco]
[INFO] Importing 1 report(s). Turn your logs in debug mode in order to see the exhaustive list.
[INFO] Sensor JaCoCo XML Report Importer [jacoco] (done) | time=24ms
[INFO] Sensor ThymeLeaf template sensor [securityjavafrontend]
[INFO] Sensor ThymeLeaf template sensor [securityjavafrontend] (done) | time=3ms
[INFO] Sensor JavaSecuritySensor [security]
[INFO] Reading type hierarchy from: /workspace/source/target/sonar/ucfg2/java
[INFO] Read 101 type definitions
[INFO] Reading UCFGs from: /workspace/source/target/sonar/ucfg2/java
[INFO] 11:40:21.807306 Building Type propagation graph
[INFO] 11:40:21.819096 Running Tarjan on 85 nodes
[INFO] 11:40:21.821381 Tarjan found 85 components
[INFO] 11:40:21.824893 Variable type analysis: done
[INFO] 11:40:21.82965 Building Type propagation graph
[INFO] 11:40:21.834481 Running Tarjan on 85 nodes
[INFO] 11:40:21.835204 Tarjan found 85 components
[INFO] 11:40:21.835954 Variable type analysis: done
[INFO] Analyzing 28 ucfgs to detect vulnerabilities.
[INFO] All rules entrypoints : 0 Retained UCFGs : 0
[INFO] rule: S5131, entrypoints: 0
[INFO] rule: S5131 done
[INFO] rule: S3649, entrypoints: 0
[INFO] rule: S3649 done
[INFO] rule: S2076, entrypoints: 0
[INFO] rule: S2076 done
[INFO] rule: S2091, entrypoints: 0
[INFO] rule: S2091 done
[INFO] rule: S2078, entrypoints: 0
[INFO] rule: S2078 done
[INFO] rule: S2631, entrypoints: 0
[INFO] rule: S2631 done
[INFO] rule: S5135, entrypoints: 0
[INFO] rule: S5135 done
[INFO] rule: S2083, entrypoints: 0
[INFO] rule: S2083 done
[INFO] rule: S5167, entrypoints: 0
[INFO] rule: S5167 done
[INFO] rule: S5144, entrypoints: 0
[INFO] rule: S5144 done
[INFO] rule: S5145, entrypoints: 0
[INFO] rule: S5145 done
[INFO] rule: S5146, entrypoints: 0
[INFO] rule: S5146 done
[INFO] rule: S5334, entrypoints: 0
[INFO] rule: S5334 done
[INFO] Sensor JavaSecuritySensor [security] (done) | time=455ms
[INFO] Sensor CSharpSecuritySensor [security]
[INFO] Reading type hierarchy from: /workspace/source/target/ucfg_cs2
[INFO] Read 0 type definitions
[INFO] Reading UCFGs from: /workspace/source/target/ucfg_cs2
[INFO] No UCFGs have been included for analysis.
[INFO] Sensor CSharpSecuritySensor [security] (done) | time=1ms
[INFO] Sensor PhpSecuritySensor [security]
[INFO] Reading type hierarchy from: /workspace/source/target/sonar/ucfg2/php
[INFO] Read 0 type definitions
[INFO] Reading UCFGs from: /workspace/source/target/sonar/ucfg2/php
[INFO] No UCFGs have been included for analysis.
[INFO] Sensor PhpSecuritySensor [security] (done) | time=1ms
[INFO] Sensor PythonSecuritySensor [security]
[INFO] Reading type hierarchy from: /workspace/source/target/sonar/ucfg2/python
[INFO] Read 0 type definitions
[INFO] Reading UCFGs from: /workspace/source/target/sonar/ucfg2/python
[INFO] No UCFGs have been included for analysis.
[INFO] Sensor PythonSecuritySensor [security] (done) | time=1ms
[INFO] ------------- Run sensors on project
[INFO] Sensor Zero Coverage Sensor
[INFO] Sensor Zero Coverage Sensor (done) | time=0ms
[INFO] Sensor Java CPD Block Inde**r
[INFO] Sensor Java CPD Block Inde**r (done) | time=40ms
[INFO] SCM Publisher SCM provider for this project is: git
[INFO] SCM Publisher 10 source files to be analyzed
[INFO] SCM Publisher 9/10 source files have been analyzed (done) | time=222ms
[WARNING] Missing blame information for the following files:
[WARNING]   * pom.xml
[WARNING] This may lead to missing/broken features in SonarCloud
[INFO] CPD E**cutor Calculating CPD for 4 files
[INFO] CPD E**cutor CPD calculation finished (done) | time=17ms
[INFO] SCM writing changed lines
[INFO] SCM writing changed lines (done) | time=89ms
[INFO] Analysis report generated in 277ms, dir size=262 KB
[INFO] Analysis report compressed in 36ms, zip size=77 KB
[INFO] Analysis report uploaded in 149ms
[INFO] ANALYSIS SUCCESSFUL, you can find the results at: https://sonarcloud.io/dashboard?id=entando-k8s_entando-k8s-controller-coordinator&pullRequest=41
[INFO] Note that you will be able to access the updated dashboard once the server has processed the submitted analysis report
[INFO] More about the report processing at https://sonarcloud.io/api/ce/task?id=AXRoXfeTokWt49HMkpDK
[INFO] Analysis total time: 13.445 s
[INFO] ------------------------------------------------------------------------
[INFO] BUILD SUCCESS
[INFO] ------------------------------------------------------------------------
[INFO] Total time:  01:57 min
[INFO] Finished at: 2020-09-07T11:40:22Z
[INFO] ------------------------------------------------------------------------
shallow cloning https://github.com/entando-k8s/devops-results.git branch gh-pages
ran git init in /tmp/jenkins-x-collect983336861
ran git add remote origin https://github.com/entando-k8s/devops-results.git in /tmp/jenkins-x-collect983336861
ran git fetch origin --depth=1 gh-pages in dir /tmp/jenkins-x-collect983336861
Publishing https://raw.githubusercontent.com/entando-k8s/devops-results/gh-pages/entando-k8s-controller-coordinator/PR-41/checkstyle.html
Publishing https://raw.githubusercontent.com/entando-k8s/devops-results/gh-pages/entando-k8s-controller-coordinator/PR-41/checkstyle.rss
Publishing https://raw.githubusercontent.com/entando-k8s/devops-results/gh-pages/entando-k8s-controller-coordinator/PR-41/css/maven-base.css
Publishing https://raw.githubusercontent.com/entando-k8s/devops-results/gh-pages/entando-k8s-controller-coordinator/PR-41/css/maven-theme.css
Publishing https://raw.githubusercontent.com/entando-k8s/devops-results/gh-pages/entando-k8s-controller-coordinator/PR-41/css/print.css
Publishing https://raw.githubusercontent.com/entando-k8s/devops-results/gh-pages/entando-k8s-controller-coordinator/PR-41/css/site.css
Publishing https://raw.githubusercontent.com/entando-k8s/devops-results/gh-pages/entando-k8s-controller-coordinator/PR-41/dependency-check-junit.xml
Publishing https://raw.githubusercontent.com/entando-k8s/devops-results/gh-pages/entando-k8s-controller-coordinator/PR-41/dependency-check-report.html
Publishing https://raw.githubusercontent.com/entando-k8s/devops-results/gh-pages/entando-k8s-controller-coordinator/PR-41/dependency-check-report.xml
Publishing https://raw.githubusercontent.com/entando-k8s/devops-results/gh-pages/entando-k8s-controller-coordinator/PR-41/dependency-info.html
Publishing https://raw.githubusercontent.com/entando-k8s/devops-results/gh-pages/entando-k8s-controller-coordinator/PR-41/images/collapsed.gif
Publishing https://raw.githubusercontent.com/entando-k8s/devops-results/gh-pages/entando-k8s-controller-coordinator/PR-41/images/expanded.gif
Publishing https://raw.githubusercontent.com/entando-k8s/devops-results/gh-pages/entando-k8s-controller-coordinator/PR-41/images/external.png
Publishing https://raw.githubusercontent.com/entando-k8s/devops-results/gh-pages/entando-k8s-controller-coordinator/PR-41/images/icon_error_sml.gif
Publishing https://raw.githubusercontent.com/entando-k8s/devops-results/gh-pages/entando-k8s-controller-coordinator/PR-41/images/icon_info_sml.gif
Publishing https://raw.githubusercontent.com/entando-k8s/devops-results/gh-pages/entando-k8s-controller-coordinator/PR-41/images/icon_success_sml.gif
Publishing https://raw.githubusercontent.com/entando-k8s/devops-results/gh-pages/entando-k8s-controller-coordinator/PR-41/images/icon_warning_sml.gif
Publishing https://raw.githubusercontent.com/entando-k8s/devops-results/gh-pages/entando-k8s-controller-coordinator/PR-41/images/logos/build-by-maven-black.png
Publishing https://raw.githubusercontent.com/entando-k8s/devops-results/gh-pages/entando-k8s-controller-coordinator/PR-41/images/logos/build-by-maven-white.png
Publishing https://raw.githubusercontent.com/entando-k8s/devops-results/gh-pages/entando-k8s-controller-coordinator/PR-41/images/logos/maven-feather.png
Publishing https://raw.githubusercontent.com/entando-k8s/devops-results/gh-pages/entando-k8s-controller-coordinator/PR-41/images/newwindow.png
Publishing https://raw.githubusercontent.com/entando-k8s/devops-results/gh-pages/entando-k8s-controller-coordinator/PR-41/images/rss.png
Publishing https://raw.githubusercontent.com/entando-k8s/devops-results/gh-pages/entando-k8s-controller-coordinator/PR-41/index.html
Publishing https://raw.githubusercontent.com/entando-k8s/devops-results/gh-pages/entando-k8s-controller-coordinator/PR-41/issue-management.html
Publishing https://raw.githubusercontent.com/entando-k8s/devops-results/gh-pages/entando-k8s-controller-coordinator/PR-41/jacoco/index.html
Publishing https://raw.githubusercontent.com/entando-k8s/devops-results/gh-pages/entando-k8s-controller-coordinator/PR-41/jacoco/jacoco-resources/branchfc.gif
Publishing https://raw.githubusercontent.com/entando-k8s/devops-results/gh-pages/entando-k8s-controller-coordinator/PR-41/jacoco/jacoco-resources/branchnc.gif
Publishing https://raw.githubusercontent.com/entando-k8s/devops-results/gh-pages/entando-k8s-controller-coordinator/PR-41/jacoco/jacoco-resources/branchpc.gif
Publishing https://raw.githubusercontent.com/entando-k8s/devops-results/gh-pages/entando-k8s-controller-coordinator/PR-41/jacoco/jacoco-resources/bundle.gif
Publishing https://raw.githubusercontent.com/entando-k8s/devops-results/gh-pages/entando-k8s-controller-coordinator/PR-41/jacoco/jacoco-resources/class.gif
Publishing https://raw.githubusercontent.com/entando-k8s/devops-results/gh-pages/entando-k8s-controller-coordinator/PR-41/jacoco/jacoco-resources/down.gif
Publishing https://raw.githubusercontent.com/entando-k8s/devops-results/gh-pages/entando-k8s-controller-coordinator/PR-41/jacoco/jacoco-resources/greenbar.gif
Publishing https://raw.githubusercontent.com/entando-k8s/devops-results/gh-pages/entando-k8s-controller-coordinator/PR-41/jacoco/jacoco-resources/group.gif
Publishing https://raw.githubusercontent.com/entando-k8s/devops-results/gh-pages/entando-k8s-controller-coordinator/PR-41/jacoco/jacoco-resources/method.gif
Publishing https://raw.githubusercontent.com/entando-k8s/devops-results/gh-pages/entando-k8s-controller-coordinator/PR-41/jacoco/jacoco-resources/package.gif
Publishing https://raw.githubusercontent.com/entando-k8s/devops-results/gh-pages/entando-k8s-controller-coordinator/PR-41/jacoco/jacoco-resources/prettify.css
Publishing https://raw.githubusercontent.com/entando-k8s/devops-results/gh-pages/entando-k8s-controller-coordinator/PR-41/jacoco/jacoco-resources/prettify.js
Publishing https://raw.githubusercontent.com/entando-k8s/devops-results/gh-pages/entando-k8s-controller-coordinator/PR-41/jacoco/jacoco-resources/redbar.gif
Publishing https://raw.githubusercontent.com/entando-k8s/devops-results/gh-pages/entando-k8s-controller-coordinator/PR-41/jacoco/jacoco-resources/report.css
Publishing https://raw.githubusercontent.com/entando-k8s/devops-results/gh-pages/entando-k8s-controller-coordinator/PR-41/jacoco/jacoco-resources/report.gif
Publishing https://raw.githubusercontent.com/entando-k8s/devops-results/gh-pages/entando-k8s-controller-coordinator/PR-41/jacoco/jacoco-resources/session.gif
Publishing https://raw.githubusercontent.com/entando-k8s/devops-results/gh-pages/entando-k8s-controller-coordinator/PR-41/jacoco/jacoco-resources/sort.gif
Publishing https://raw.githubusercontent.com/entando-k8s/devops-results/gh-pages/entando-k8s-controller-coordinator/PR-41/jacoco/jacoco-resources/sort.js
Publishing https://raw.githubusercontent.com/entando-k8s/devops-results/gh-pages/entando-k8s-controller-coordinator/PR-41/jacoco/jacoco-resources/source.gif
Publishing https://raw.githubusercontent.com/entando-k8s/devops-results/gh-pages/entando-k8s-controller-coordinator/PR-41/jacoco/jacoco-resources/up.gif
Publishing https://raw.githubusercontent.com/entando-k8s/devops-results/gh-pages/entando-k8s-controller-coordinator/PR-41/jacoco/jacoco-sessions.html
Publishing https://raw.githubusercontent.com/entando-k8s/devops-results/gh-pages/entando-k8s-controller-coordinator/PR-41/jacoco/jacoco.csv
Publishing https://raw.githubusercontent.com/entando-k8s/devops-results/gh-pages/entando-k8s-controller-coordinator/PR-41/jacoco/jacoco.xml
Publishing https://raw.githubusercontent.com/entando-k8s/devops-results/gh-pages/entando-k8s-controller-coordinator/PR-41/jacoco/org.entando.kubernetes.controller.coordinator/EntandoControllerCoordinator.html
Publishing https://raw.githubusercontent.com/entando-k8s/devops-results/gh-pages/entando-k8s-controller-coordinator/PR-41/jacoco/org.entando.kubernetes.controller.coordinator/EntandoControllerCoordinator.java.html
Publishing https://raw.githubusercontent.com/entando-k8s/devops-results/gh-pages/entando-k8s-controller-coordinator/PR-41/jacoco/org.entando.kubernetes.controller.coordinator/EntandoDeploymentPhaseWatcher.html
Publishing https://raw.githubusercontent.com/entando-k8s/devops-results/gh-pages/entando-k8s-controller-coordinator/PR-41/jacoco/org.entando.kubernetes.controller.coordinator/EntandoDeploymentPhaseWatcher.java.html
Publishing https://raw.githubusercontent.com/entando-k8s/devops-results/gh-pages/entando-k8s-controller-coordinator/PR-41/jacoco/org.entando.kubernetes.controller.coordinator/EntandoOperatorMatcher.html
Publishing https://raw.githubusercontent.com/entando-k8s/devops-results/gh-pages/entando-k8s-controller-coordinator/PR-41/jacoco/org.entando.kubernetes.controller.coordinator/EntandoOperatorMatcher.java.html
Publishing https://raw.githubusercontent.com/entando-k8s/devops-results/gh-pages/entando-k8s-controller-coordinator/PR-41/jacoco/org.entando.kubernetes.controller.coordinator/EntandoResourceObserver.html
Publishing https://raw.githubusercontent.com/entando-k8s/devops-results/gh-pages/entando-k8s-controller-coordinator/PR-41/jacoco/org.entando.kubernetes.controller.coordinator/EntandoResourceObserver.java.html
Publishing https://raw.githubusercontent.com/entando-k8s/devops-results/gh-pages/entando-k8s-controller-coordinator/PR-41/jacoco/org.entando.kubernetes.controller.coordinator/index.html
Publishing https://raw.githubusercontent.com/entando-k8s/devops-results/gh-pages/entando-k8s-controller-coordinator/PR-41/jacoco/org.entando.kubernetes.controller.coordinator/index.source.html
Publishing https://raw.githubusercontent.com/entando-k8s/devops-results/gh-pages/entando-k8s-controller-coordinator/PR-41/licenses.html
Publishing https://raw.githubusercontent.com/entando-k8s/devops-results/gh-pages/entando-k8s-controller-coordinator/PR-41/plugins.html
Publishing https://raw.githubusercontent.com/entando-k8s/devops-results/gh-pages/entando-k8s-controller-coordinator/PR-41/project-info.html
Publishing https://raw.githubusercontent.com/entando-k8s/devops-results/gh-pages/entando-k8s-controller-coordinator/PR-41/scm.html
Publishing https://raw.githubusercontent.com/entando-k8s/devops-results/gh-pages/entando-k8s-controller-coordinator/PR-41/summary.html
Publishing https://raw.githubusercontent.com/entando-k8s/devops-results/gh-pages/entando-k8s-controller-coordinator/PR-41/surefire-report.html
stashed: https://raw.githubusercontent.com/entando-k8s/devops-results/gh-pages/entando-k8s-controller-coordinator/PR-41/checkstyle.html
stashed: https://raw.githubusercontent.com/entando-k8s/devops-results/gh-pages/entando-k8s-controller-coordinator/PR-41/checkstyle.rss
stashed: https://raw.githubusercontent.com/entando-k8s/devops-results/gh-pages/entando-k8s-controller-coordinator/PR-41/css/maven-base.css
stashed: https://raw.githubusercontent.com/entando-k8s/devops-results/gh-pages/entando-k8s-controller-coordinator/PR-41/css/maven-theme.css
stashed: https://raw.githubusercontent.com/entando-k8s/devops-results/gh-pages/entando-k8s-controller-coordinator/PR-41/css/print.css
stashed: https://raw.githubusercontent.com/entando-k8s/devops-results/gh-pages/entando-k8s-controller-coordinator/PR-41/css/site.css
stashed: https://raw.githubusercontent.com/entando-k8s/devops-results/gh-pages/entando-k8s-controller-coordinator/PR-41/dependency-check-junit.xml
stashed: https://raw.githubusercontent.com/entando-k8s/devops-results/gh-pages/entando-k8s-controller-coordinator/PR-41/dependency-check-report.html
stashed: https://raw.githubusercontent.com/entando-k8s/devops-results/gh-pages/entando-k8s-controller-coordinator/PR-41/dependency-check-report.xml
stashed: https://raw.githubusercontent.com/entando-k8s/devops-results/gh-pages/entando-k8s-controller-coordinator/PR-41/dependency-info.html
stashed: https://raw.githubusercontent.com/entando-k8s/devops-results/gh-pages/entando-k8s-controller-coordinator/PR-41/images/collapsed.gif
stashed: https://raw.githubusercontent.com/entando-k8s/devops-results/gh-pages/entando-k8s-controller-coordinator/PR-41/images/expanded.gif
stashed: https://raw.githubusercontent.com/entando-k8s/devops-results/gh-pages/entando-k8s-controller-coordinator/PR-41/images/external.png
stashed: https://raw.githubusercontent.com/entando-k8s/devops-results/gh-pages/entando-k8s-controller-coordinator/PR-41/images/icon_error_sml.gif
stashed: https://raw.githubusercontent.com/entando-k8s/devops-results/gh-pages/entando-k8s-controller-coordinator/PR-41/images/icon_info_sml.gif
stashed: https://raw.githubusercontent.com/entando-k8s/devops-results/gh-pages/entando-k8s-controller-coordinator/PR-41/images/icon_success_sml.gif
stashed: https://raw.githubusercontent.com/entando-k8s/devops-results/gh-pages/entando-k8s-controller-coordinator/PR-41/images/icon_warning_sml.gif
stashed: https://raw.githubusercontent.com/entando-k8s/devops-results/gh-pages/entando-k8s-controller-coordinator/PR-41/images/logos/build-by-maven-black.png
stashed: https://raw.githubusercontent.com/entando-k8s/devops-results/gh-pages/entando-k8s-controller-coordinator/PR-41/images/logos/build-by-maven-white.png
stashed: https://raw.githubusercontent.com/entando-k8s/devops-results/gh-pages/entando-k8s-controller-coordinator/PR-41/images/logos/maven-feather.png
stashed: https://raw.githubusercontent.com/entando-k8s/devops-results/gh-pages/entando-k8s-controller-coordinator/PR-41/images/newwindow.png
stashed: https://raw.githubusercontent.com/entando-k8s/devops-results/gh-pages/entando-k8s-controller-coordinator/PR-41/images/rss.png
stashed: https://raw.githubusercontent.com/entando-k8s/devops-results/gh-pages/entando-k8s-controller-coordinator/PR-41/index.html
stashed: https://raw.githubusercontent.com/entando-k8s/devops-results/gh-pages/entando-k8s-controller-coordinator/PR-41/issue-management.html
stashed: https://raw.githubusercontent.com/entando-k8s/devops-results/gh-pages/entando-k8s-controller-coordinator/PR-41/jacoco/index.html
stashed: https://raw.githubusercontent.com/entando-k8s/devops-results/gh-pages/entando-k8s-controller-coordinator/PR-41/jacoco/jacoco-resources/branchfc.gif
stashed: https://raw.githubusercontent.com/entando-k8s/devops-results/gh-pages/entando-k8s-controller-coordinator/PR-41/jacoco/jacoco-resources/branchnc.gif
stashed: https://raw.githubusercontent.com/entando-k8s/devops-results/gh-pages/entando-k8s-controller-coordinator/PR-41/jacoco/jacoco-resources/branchpc.gif
stashed: https://raw.githubusercontent.com/entando-k8s/devops-results/gh-pages/entando-k8s-controller-coordinator/PR-41/jacoco/jacoco-resources/bundle.gif
stashed: https://raw.githubusercontent.com/entando-k8s/devops-results/gh-pages/entando-k8s-controller-coordinator/PR-41/jacoco/jacoco-resources/class.gif
stashed: https://raw.githubusercontent.com/entando-k8s/devops-results/gh-pages/entando-k8s-controller-coordinator/PR-41/jacoco/jacoco-resources/down.gif
stashed: https://raw.githubusercontent.com/entando-k8s/devops-results/gh-pages/entando-k8s-controller-coordinator/PR-41/jacoco/jacoco-resources/greenbar.gif
stashed: https://raw.githubusercontent.com/entando-k8s/devops-results/gh-pages/entando-k8s-controller-coordinator/PR-41/jacoco/jacoco-resources/group.gif
stashed: https://raw.githubusercontent.com/entando-k8s/devops-results/gh-pages/entando-k8s-controller-coordinator/PR-41/jacoco/jacoco-resources/method.gif
stashed: https://raw.githubusercontent.com/entando-k8s/devops-results/gh-pages/entando-k8s-controller-coordinator/PR-41/jacoco/jacoco-resources/package.gif
stashed: https://raw.githubusercontent.com/entando-k8s/devops-results/gh-pages/entando-k8s-controller-coordinator/PR-41/jacoco/jacoco-resources/prettify.css
stashed: https://raw.githubusercontent.com/entando-k8s/devops-results/gh-pages/entando-k8s-controller-coordinator/PR-41/jacoco/jacoco-resources/prettify.js
stashed: https://raw.githubusercontent.com/entando-k8s/devops-results/gh-pages/entando-k8s-controller-coordinator/PR-41/jacoco/jacoco-resources/redbar.gif
stashed: https://raw.githubusercontent.com/entando-k8s/devops-results/gh-pages/entando-k8s-controller-coordinator/PR-41/jacoco/jacoco-resources/report.css
stashed: https://raw.githubusercontent.com/entando-k8s/devops-results/gh-pages/entando-k8s-controller-coordinator/PR-41/jacoco/jacoco-resources/report.gif
stashed: https://raw.githubusercontent.com/entando-k8s/devops-results/gh-pages/entando-k8s-controller-coordinator/PR-41/jacoco/jacoco-resources/session.gif
stashed: https://raw.githubusercontent.com/entando-k8s/devops-results/gh-pages/entando-k8s-controller-coordinator/PR-41/jacoco/jacoco-resources/sort.gif
stashed: https://raw.githubusercontent.com/entando-k8s/devops-results/gh-pages/entando-k8s-controller-coordinator/PR-41/jacoco/jacoco-resources/sort.js
stashed: https://raw.githubusercontent.com/entando-k8s/devops-results/gh-pages/entando-k8s-controller-coordinator/PR-41/jacoco/jacoco-resources/source.gif
stashed: https://raw.githubusercontent.com/entando-k8s/devops-results/gh-pages/entando-k8s-controller-coordinator/PR-41/jacoco/jacoco-resources/up.gif
stashed: https://raw.githubusercontent.com/entando-k8s/devops-results/gh-pages/entando-k8s-controller-coordinator/PR-41/jacoco/jacoco-sessions.html
stashed: https://raw.githubusercontent.com/entando-k8s/devops-results/gh-pages/entando-k8s-controller-coordinator/PR-41/jacoco/jacoco.csv
stashed: https://raw.githubusercontent.com/entando-k8s/devops-results/gh-pages/entando-k8s-controller-coordinator/PR-41/jacoco/jacoco.xml
stashed: https://raw.githubusercontent.com/entando-k8s/devops-results/gh-pages/entando-k8s-controller-coordinator/PR-41/jacoco/org.entando.kubernetes.controller.coordinator/EntandoControllerCoordinator.html
stashed: https://raw.githubusercontent.com/entando-k8s/devops-results/gh-pages/entando-k8s-controller-coordinator/PR-41/jacoco/org.entando.kubernetes.controller.coordinator/EntandoControllerCoordinator.java.html
stashed: https://raw.githubusercontent.com/entando-k8s/devops-results/gh-pages/entando-k8s-controller-coordinator/PR-41/jacoco/org.entando.kubernetes.controller.coordinator/EntandoDeploymentPhaseWatcher.html
stashed: https://raw.githubusercontent.com/entando-k8s/devops-results/gh-pages/entando-k8s-controller-coordinator/PR-41/jacoco/org.entando.kubernetes.controller.coordinator/EntandoDeploymentPhaseWatcher.java.html
stashed: https://raw.githubusercontent.com/entando-k8s/devops-results/gh-pages/entando-k8s-controller-coordinator/PR-41/jacoco/org.entando.kubernetes.controller.coordinator/EntandoOperatorMatcher.html
stashed: https://raw.githubusercontent.com/entando-k8s/devops-results/gh-pages/entando-k8s-controller-coordinator/PR-41/jacoco/org.entando.kubernetes.controller.coordinator/EntandoOperatorMatcher.java.html
stashed: https://raw.githubusercontent.com/entando-k8s/devops-results/gh-pages/entando-k8s-controller-coordinator/PR-41/jacoco/org.entando.kubernetes.controller.coordinator/EntandoResourceObserver.html
stashed: https://raw.githubusercontent.com/entando-k8s/devops-results/gh-pages/entando-k8s-controller-coordinator/PR-41/jacoco/org.entando.kubernetes.controller.coordinator/EntandoResourceObserver.java.html
stashed: https://raw.githubusercontent.com/entando-k8s/devops-results/gh-pages/entando-k8s-controller-coordinator/PR-41/jacoco/org.entando.kubernetes.controller.coordinator/index.html
stashed: https://raw.githubusercontent.com/entando-k8s/devops-results/gh-pages/entando-k8s-controller-coordinator/PR-41/jacoco/org.entando.kubernetes.controller.coordinator/index.source.html
stashed: https://raw.githubusercontent.com/entando-k8s/devops-results/gh-pages/entando-k8s-controller-coordinator/PR-41/licenses.html
stashed: https://raw.githubusercontent.com/entando-k8s/devops-results/gh-pages/entando-k8s-controller-coordinator/PR-41/plugins.html
stashed: https://raw.githubusercontent.com/entando-k8s/devops-results/gh-pages/entando-k8s-controller-coordinator/PR-41/project-info.html
stashed: https://raw.githubusercontent.com/entando-k8s/devops-results/gh-pages/entando-k8s-controller-coordinator/PR-41/scm.html
stashed: https://raw.githubusercontent.com/entando-k8s/devops-results/gh-pages/entando-k8s-controller-coordinator/PR-41/summary.html
stashed: https://raw.githubusercontent.com/entando-k8s/devops-results/gh-pages/entando-k8s-controller-coordinator/PR-41/surefire-report.html
error: etcdserver: request is too large
  % Total    % Received % Xferd  Average Speed   Time    Time     Time  Current
                                 Dload  Upload   Total   Spent    Left  Speed
  0     0    0     0    0     0      0      0 --:--:-- --:--:-- --:--:--     0100  1891  100  1665  100   226   2637    358 --:--:-- --:--:-- --:--:--  2638
  % Total    % Received % Xferd  Average Speed   Time    Time     Time  Current
                                 Dload  Upload   Total   Spent    Left  Speed
{
  "url": "https://api.github.com/repos/entando-k8s/entando-k8s-controller-coordinator/statuses/2bc6a99a4b426b87e6bd5a10e14cee7fc087cfb6",
  "avatar_url": "https://avatars2.githubusercontent.com/u/57885396?v=4",
  "id": 10692236693,
  "node_id": "MDEzOlN0YXR1c0NvbnRleHQxMDY5MjIzNjY5Mw==",
  "state": "success",
  "description": "Pre-deployment tests success!",
  "target_url": "https://entando-k8s.github.io/devops-results/entando-k8s-controller-coordinator/PR-41/surefire-report.html",
  "context": "Pre-deployment tests",
  "created_at": "2020-09-07T11:42:16Z",
  "updated_at": "2020-09-07T11:42:16Z",
  "creator": {
    "login": "entando-**",
    "id": 57885396,
    "node_id": "MDQ6VXNlcjU3ODg1Mzk2",
    "avatar_url": "https://avatars2.githubusercontent.com/u/57885396?v=4",
    "gravatar_id": "",
    "url": "https://api.github.com/users/**********",
    "html_url": "https://github.com/entando-**",
    "followers_url": "https://api.github.com/users/entando-**/followers",
    "following_url": "https://api.github.com/users/entando-**/following{/other_user}",
    "gists_url": "https://api.github.com/users/entando-**/gists{/gist_id}",
    "starred_url": "https://api.github.com/users/entando-**/starred{/owner}{/repo}",
    "subscriptions_url": "https://api.github.com/users/**********/subscriptions",
    "organizations_url": "https://api.github.com/users/**********/orgs",
    "repos_url": "https://api.github.com/users/**********/repos",
    "events_url": "https://api.github.com/users/entando-**/events{/privacy}",
    "received_events_url": "https://api.github.com/users/entando-**/received_events",
    "type": "User",
    "site_*****": false
  }
}
  0     0    0     0    0     0      0      0 --:--:-- --:--:-- --:--:--     0 10  1841    0     0  100   201      0    301 --:--:-- --:--:-- --:--:--   301100  1841  100  1640  100   201   2458    301 --:--:-- --:--:-- --:--:--  2458
{
  "url": "https://api.github.com/repos/entando-k8s/entando-k8s-controller-coordinator/statuses/2bc6a99a4b426b87e6bd5a10e14cee7fc087cfb6",
  "avatar_url": "https://avatars2.githubusercontent.com/u/57885396?v=4",
  "id": 10692236792,
  "node_id": "MDEzOlN0YXR1c0NvbnRleHQxMDY5MjIzNjc5Mg==",
  "state": "success",
  "description": "Checkstyle success!",
  "target_url": "https://entando-k8s.github.io/devops-results/entando-k8s-controller-coordinator/PR-41/checkstyle.html",
  "context": "Checkstyle",
  "created_at": "2020-09-07T11:42:16Z",
  "updated_at": "2020-09-07T11:42:16Z",
  "creator": {
    "login": "entando-**",
    "id": 57885396,
    "node_id": "MDQ6VXNlcjU3ODg1Mzk2",
    "avatar_url": "https://avatars2.githubusercontent.com/u/57885396?v=4",
    "gravatar_id": "",
    "url": "https://api.github.com/users/entando-**",
    "html_url": "https://github.com/entando-**",
    "followers_url": "https://api.github.com/users/**********/followers",
    "following_url": "https://api.github.com/users/entando-**/following{/other_user}",
    "gists_url": "https://api.github.com/users/entando-**/gists{/gist_id}",
    "starred_url": "https://api.github.com/users/entando-**/starred{/owner}{/repo}",
    "subscriptions_url": "https://api.github.com/users/**********/subscriptions",
    "organizations_url": "https://api.github.com/users/**********/orgs",
    "repos_url": "https://api.github.com/users/**********/repos",
    "events_url": "https://api.github.com/users/entando-**/events{/privacy}",
    "received_events_url": "https://api.github.com/users/entando-**/received_events",
    "type": "User",
    "site_*****": false
  }
}
  % Total    % Received % Xferd  Average Speed   Time    Time     Time  Current
                                 Dload  Upload   Total   Spent    Left  Speed
  0     0    0     0    0     0      0      0 --:--:-- --:--:-- --:--:--     0 11  1863    0     0  100   212      0    312 --:--:-- --:--:-- --:--:--   312100  1863  100  1651  100   212   2431    312 --:--:-- --:--:-- --:--:--  2431
{
  "url": "https://api.github.com/repos/entando-k8s/entando-k8s-controller-coordinator/statuses/2bc6a99a4b426b87e6bd5a10e14cee7fc087cfb6",
  "avatar_url": "https://avatars2.githubusercontent.com/u/57885396?v=4",
  "id": 10692236879,
  "node_id": "MDEzOlN0YXR1c0NvbnRleHQxMDY5MjIzNjg3OQ==",
  "state": "success",
  "description": "OWASP CVE success!",
  "target_url": "https://entando-k8s.github.io/devops-results/entando-k8s-controller-coordinator/PR-41/dependency-check-report.html",
  "context": "OWASP CVE",
  "created_at": "2020-09-07T11:42:17Z",
  "updated_at": "2020-09-07T11:42:17Z",
  "creator": {
    "login": "**********",
    "id": 57885396,
    "node_id": "MDQ6VXNlcjU3ODg1Mzk2",
    "avatar_url": "https://avatars2.githubusercontent.com/u/57885396?v=4",
    "gravatar_id": "",
    "url": "https://api.github.com/users/entando-**",
    "html_url": "https://github.com/entando-**",
    "followers_url": "https://api.github.com/users/entando-**/followers",
    "following_url": "https://api.github.com/users/entando-**/following{/other_user}",
    "gists_url": "https://api.github.com/users/**********/gists{/gist_id}",
    "starred_url": "https://api.github.com/users/**********/starred{/owner}{/repo}",
    "subscriptions_url": "https://api.github.com/users/**********/subscriptions",
    "organizations_url": "https://api.github.com/users/**********/orgs",
    "repos_url": "https://api.github.com/users/**********/repos",
    "events_url": "https://api.github.com/users/entando-**/events{/privacy}",
    "received_events_url": "https://api.github.com/users/**********/received_events",
    "type": "User",
    "site_*****": false
  }
}
Congratulations! No build failures found for entando-k8s-controller-coordinator-PR-41.

Showing logs for build [32mentando-k8s-entando-k8s-control-smwxp-3[0m stage [32mfrom-build-pack[0m and container [32mstep-build-container-build[0m
Generating tags...
 - entando/entando-k8s-controller-coordinator -> docker.io/entando/entando-k8s-controller-coordinator:0.0.0-SNAPSHOT-PR-41-3
Checking cache...
 - entando/entando-k8s-controller-coordinator: Not found. Building
Building [entando/entando-k8s-controller-coordinator]...
Sending build context to Docker daemon  544.8kBSending build context to Docker daemon  6.568MBSending build context to Docker daemon  13.73MBSending build context to Docker daemon  20.97MBSending build context to Docker daemon  27.64MBSending build context to Docker daemon   29.8MBSending build context to Docker daemon  35.89MBSending build context to Docker daemon   39.1MB
Step 1/6 : FROM fabric8/java-alpine-openjdk8-jre
 ---> 6383f0513235
Step 2/6 : ENV JAVA_OPTIONS "-Dquarkus.http.host=0.0.0.0 -Djava.util.logging.manager=org.jboss.logmanager.LogManager"
 ---> Using cache
 ---> 781f0699f0f0
Step 3/6 : ENV AB_ENABLED jmx_exporter
 ---> Using cache
 ---> 3d03a75b86f8
Step 4/6 : COPY target/lib/* /deployments/lib/
 ---> 19a82c226f89
Step 5/6 : COPY target/*-runner.jar /deployments/app.jar
 ---> ccada3fa2b7b
Step 6/6 : ENTRYPOINT /deployments/run-java.sh
 ---> Running in 80fdeac390d7
 ---> adaff57a8a35
Successfully built adaff57a8a35
The push refers to a repository [docker.io/entando/entando-k8s-controller-coordinator]
46b90ab9c0ac: Preparing
fff82c675158: Preparing
a37d6baa8a5e: Preparing
4246c252be29: Preparing
bbc6d89e45a1: Preparing
6a8968c88953: Preparing
c11f0dd7f64f: Preparing
081a861c7ecd: Preparing
df5b415aa3df: Preparing
77cae8ab23bf: Preparing
6a8968c88953: Waiting
c11f0dd7f64f: Waiting
081a861c7ecd: Waiting
df5b415aa3df: Waiting
77cae8ab23bf: Waiting
4246c252be29: Layer already exists
bbc6d89e45a1: Layer already exists
a37d6baa8a5e: Layer already exists
081a861c7ecd: Layer already exists
c11f0dd7f64f: Layer already exists
6a8968c88953: Layer already exists
df5b415aa3df: Layer already exists
77cae8ab23bf: Layer already exists
46b90ab9c0ac: Pushed
fff82c675158: Pushed
0.0.0-SNAPSHOT-PR-41-3: digest: sha256:2d28ba88491764dc6193d350c1c7ce89d97bf6c9e2d4dc0203e2c05ed03c0f5e size: 2410
There is a new version (1.14.0) of Skaffold available. Download it at https://storage.googleapis.com/skaffold/releases/latest/skaffold-linux-amd64


Showing logs for build [32mentando-k8s-entando-k8s-control-smwxp-3[0m stage [32mfrom-build-pack[0m and container [32mstep-postbuild-post-build[0m
no CVE provider running in the current ** namespace so skip adding image to be analysed

Showing logs for build [32mentando-k8s-entando-k8s-control-smwxp-3[0m stage [32mfrom-build-pack[0m and container [32mstep-promote-make-preview[0m
sed -i -e "s/version:.*/version: 0.0.0-SNAPSHOT-PR-41-3/" Chart.yaml
sed -i -e "s/version:.*/version: 0.0.0-SNAPSHOT-PR-41-3/" ../*/Chart.yaml
sed -i -e "s|repository:.*|repository: docker.io\/entando\/entando-k8s-controller-coordinator|" values.yaml
sed -i -e "s/tag:.*/tag: 0.0.0-SNAPSHOT-PR-41-3/" values.yaml
sed -i -e "s/ENTANDO_DOCKER_REGISTRY_OVERRIDE:.*/ENTANDO_DOCKER_REGISTRY_OVERRIDE: docker.io/" values.yaml
echo "  version: 0.0.0-SNAPSHOT-PR-41-3" >> requirements.yaml
** step helm build
WARNING: No $CHART_REPOSITORY defined so using the default value of: http://jenkins-x-chartmuseum:8080
Adding missing Helm repo: storage.googleapis.com https://storage.googleapis.com/chartmuseum.jenkins-x.io
Successfully added Helm repository storage.googleapis.com.
Adding missing Helm repo: jenkins-x-chartmuseum http://jenkins-x-chartmuseum:8080
Successfully added Helm repository jenkins-x-chartmuseum.
WARNING: No $CHART_REPOSITORY defined so using the default value of: http://jenkins-x-chartmuseum:8080

Showing logs for build [32mentando-k8s-entando-k8s-control-smwxp-3[0m stage [32mfrom-build-pack[0m and container [32mstep-promote-jx-preview[0m
Creating a preview
Found commit author match for: ampie with email address: ampie.private@gmail.com
Created environment entando-k8s-controller-coordinator-carcpr41
Namespace entando-k8s-controller-coordinator-carcpr41 created 
expose:
  Annotations:
    helm.sh/hook: post-install,post-upgrade
    helm.sh/hook-delete-policy: hook-succeeded
  config:
    domain: *************
    exposer: Ingress
    http: "true"
preview:
  image:
    repository: docker.io/entando/entando-k8s-controller-coordinator
    tag: 0.0.0-SNAPSHOT-PR-41-3

WARNING: Could not find the service URL in namespace entando-k8s-controller-coordinator-carcpr41 for names : Timed out after 1m0s, last error: %!s(<nil>)
Updating PipelineActivities entando-k8s-entando-k8s-controller-coordinator-pr-41-3 which has status Running
WARNING: Failed to find the service entando-k8s-controller-coordinator : failed to find service entando-k8s-controller-coordinator in namespace entando-k8s-controller-coordinator-carcpr41: services "entando-k8s-controller-coordinator" not found

Showing logs for build [32mentando-k8s-entando-k8s-control-smwxp-3[0m stage [32mfrom-build-pack[0m and container [32mstep-promote-run-post-deployment-tests[0m
Picked up _JAVA_OPTIONS: -XX:+UnlockExperimentalVMOptions -Dsun.zip.disableMemoryMapping=true -XX:+UseParallelGC -XX:MinHeapFreeRatio=5 -XX:MaxHeapFreeRatio=10 -XX:GCTimeRatio=4 -XX:AdaptiveSizePolicyWeight=90 -Xms1000m -Xmx12000m
[INFO] Scanning for projects...
[INFO] 
[INFO] -----------< org.entando:entando-k8s-controller-coordinator >-----------
[INFO] Building Entando K8S Controller Coordinator 0.0.0-SNAPSHOT-PR-41-3
[INFO] --------------------------------[ jar ]---------------------------------
[INFO] 
[INFO] --- maven-resources-plugin:2.6:resources (default-resources) @ entando-k8s-controller-coordinator ---
[INFO] Using 'UTF-8' encoding to copy filtered resources.
[INFO] Copying 3 resources
[INFO] 
[INFO] --- maven-compiler-plugin:3.8.1:compile (default-compile) @ entando-k8s-controller-coordinator ---
[INFO] Nothing to compile - all classes are up to date
[INFO] 
[INFO] --- maven-resources-plugin:2.6:testResources (default-testResources) @ entando-k8s-controller-coordinator ---
[INFO] Using 'UTF-8' encoding to copy filtered resources.
[INFO] Copying 6 resources
[INFO] 
[INFO] --- maven-compiler-plugin:3.8.1:testCompile (default-testCompile) @ entando-k8s-controller-coordinator ---
[INFO] Nothing to compile - all classes are up to date
[INFO] 
[INFO] --- maven-surefire-plugin:3.0.0-M1:test (default-test) @ entando-k8s-controller-coordinator ---
[INFO] Tests are skipped.
[INFO] 
[INFO] --- maven-jar-plugin:3.2.0:jar (default-jar) @ entando-k8s-controller-coordinator ---
[INFO] 
[INFO] --- maven-jar-plugin:3.2.0:test-jar (build-test-jar) @ entando-k8s-controller-coordinator ---
[INFO] 
[INFO] --- maven-failsafe-plugin:3.0.0-M4:integration-test (run-tests) @ entando-k8s-controller-coordinator ---
[INFO] 
[INFO] -------------------------------------------------------
[INFO]  T E S T S
[INFO] -------------------------------------------------------
[INFO] Running org.entando.kubernetes.controller.coordinator.interprocesstests.ControllerCoordinatorIntegratedTest
[INFO] Tests run: 1, Failures: 0, Errors: 0, Skipped: 0, Time elapsed: 7.467 s - in org.entando.kubernetes.controller.coordinator.interprocesstests.ControllerCoordinatorIntegratedTest
[INFO] 
[INFO] Results:
[INFO] 
[INFO] Tests run: 1, Failures: 0, Errors: 0, Skipped: 0
[INFO] 
[INFO] 
[INFO] --- maven-surefire-report-plugin:3.0.0-M4:failsafe-report-only (integration-tests) @ entando-k8s-controller-coordinator ---
[WARNING] Unable to locate Test Source XRef to link to - DISABLED
[INFO] 
[INFO] --- maven-surefire-report-plugin:3.0.0-M4:report-only (unit-tests) @ entando-k8s-controller-coordinator ---
[WARNING] Unable to locate Test Source XRef to link to - DISABLED
[INFO] 
[INFO] --- maven-failsafe-plugin:3.0.0-M4:verify (run-tests) @ entando-k8s-controller-coordinator ---
[INFO] ------------------------------------------------------------------------
[INFO] BUILD SUCCESS
[INFO] ------------------------------------------------------------------------
[INFO] Total time:  15.948 s
[INFO] Finished at: 2020-09-07T11:44:46Z
[INFO] ------------------------------------------------------------------------
shallow cloning https://github.com/entando-k8s/devops-results.git branch gh-pages
ran git init in /tmp/jenkins-x-collect450977684
ran git add remote origin https://github.com/entando-k8s/devops-results.git in /tmp/jenkins-x-collect450977684
ran git fetch origin --depth=1 gh-pages in dir /tmp/jenkins-x-collect450977684
Publishing https://raw.githubusercontent.com/entando-k8s/devops-results/gh-pages/entando-k8s-controller-coordinator/PR-41/failsafe-report.html
stashed: https://raw.githubusercontent.com/entando-k8s/devops-results/gh-pages/entando-k8s-controller-coordinator/PR-41/failsafe-report.html
error: etcdserver: request is too large
  % Total    % Received % Xferd  Average Speed   Time    Time     Time  Current
                                 Dload  Upload   Total   Spent    Left  Speed
{
  "url": "https://api.github.com/repos/entando-k8s/entando-k8s-controller-coordinator/statuses/2bc6a99a4b426b87e6bd5a10e14cee7fc087cfb6",
  "avatar_url": "https://avatars2.githubusercontent.com/u/57885396?v=4",
  "id": 10692274026,
  "node_id": "MDEzOlN0YXR1c0NvbnRleHQxMDY5MjI3NDAyNg==",
  "state": "success",
  "description": "Post-deployment tests success!",
  "target_url": "https://entando-k8s.github.io/devops-results/entando-k8s-controller-coordinator/PR-41/failsafe-report.html",
  "context": "Post-deployment tests",
  "created_at": "2020-09-07T11:47:03Z",
  "updated_at": "2020-09-07T11:47:03Z",
  "creator": {
    "login": "entando-**",
    "id": 57885396,
    "node_id": "MDQ6VXNlcjU3ODg1Mzk2",
    "avatar_url": "https://avatars2.githubusercontent.com/u/57885396?v=4",
    "gravatar_id": "",
    "url": "https://api.github.com/users/**********",
    "html_url": "https://github.com/**********",
    "followers_url": "https://api.github.com/users/**********/followers",
    "following_url": "https://api.github.com/users/entando-**/following{/other_user}",
    "gists_url": "https://api.github.com/users/**********/gists{/gist_id}",
    "starred_url": "https://api.github.com/users/**********/starred{/owner}{/repo}",
    "subscriptions_url": "https://api.github.com/users/**********/subscriptions",
    "organizations_url": "https://api.github.com/users/entando-**/orgs",
    "repos_url": "https://api.github.com/users/**********/repos",
    "events_url": "https://api.github.com/users/**********/events{/privacy}",
    "received_events_url": "https://api.github.com/users/**********/received_events",
    "type": "User",
    "site_*****": false
  }
}
  0     0    0     0    0     0      0      0 --:--:-- --:--:-- --:--:--     0 12  1895    0     0  100   228      0    254 --:--:-- --:--:-- --:--:--   254100  1895  100  1667  100   228   1855    253 --:--:-- --:--:-- --:--:--  1854
