
Showing logs for build [32mentando-entando-engine-pr-41-pr-z7nwv-5[0m stage [32mfrom-build-pack[0m and container [32mstep-credential-initializer-8nsgk[0m
Unable to retrieve container logs for docker://205e5f910607276b2e9d9c1d862c131f6094b09dc02d4c3b349459c1939d2002

Showing logs for build [32mentando-entando-engine-pr-41-pr-z7nwv-5[0m stage [32mfrom-build-pack[0m and container [32mstep-working-dir-initializer-wgdb4[0m
Unable to retrieve container logs for docker://9bbe94cff37314401ef3623ecc395d0e098e2c0978d3ec4c80f9168635bed46b

Showing logs for build [32mentando-entando-engine-pr-41-pr-z7nwv-5[0m stage [32mfrom-build-pack[0m and container [32mstep-place-tools[0m
Unable to retrieve container logs for docker://c8023a0ff2749109834bf84dd8fdd857a2e4c806e2d53754aa6ce3d73ab9f245

Showing logs for build [32mentando-entando-engine-pr-41-pr-z7nwv-5[0m stage [32mfrom-build-pack[0m and container [32mstep-git-source-entando-entando-engine-pr-41-pr-rl8nh[0m
{"level":"warn","ts":1600255020.2169535,"logger":"fallback-logger","caller":"logging/config.go:69","msg":"Fetch GitHub commit ID from kodata failed: \"ref: refs/heads/0.8.0-**-support-backwards-incompats\" is not a valid GitHub commit ID"}
{"level":"info","ts":1600255022.8074114,"logger":"fallback-logger","caller":"git/git.go:103","msg":"Successfully cloned https://github.com/entando/entando-engine.git @ master in path /workspace/source"}

Showing logs for build [32mentando-entando-engine-pr-41-pr-z7nwv-5[0m stage [32mfrom-build-pack[0m and container [32mstep-git-merge[0m
Using SHAs from PULL_REFS=master:7e8d405add80181e71b695bce8660e5a1495c5f3,41:873952a1284caaecc7a34575cf6a87433599e003
DEBUG: ran git fetch --unshallow origin 873952a1284caaecc7a34575cf6a87433599e003: 7e8d405add80181e71b695bce8660e5a1495c5f3: in 
DEBUG: ran git checkout master in 
DEBUG: ran git reset --hard 7e8d405add80181e71b695bce8660e5a1495c5f3 in 
DEBUG: ran clean --force -d . in 
DEBUG: ran git merge 873952a1284caaecc7a34575cf6a87433599e003 in 
Merged SHA 873952a1284caaecc7a34575cf6a87433599e003 with commit message 'ENG-1277: Introduce fist version of logger sanitization wrapper' into base branch master

Showing logs for build [32mentando-entando-engine-pr-41-pr-z7nwv-5[0m stage [32mfrom-build-pack[0m and container [32mstep-build-set-version[0m
Picked up _JAVA_OPTIONS: -XX:+UnlockExperimentalVMOptions -Dsun.zip.disableMemoryMapping=true -XX:+UseParallelGC -XX:MinHeapFreeRatio=5 -XX:MaxHeapFreeRatio=10 -XX:GCTimeRatio=4 -XX:AdaptiveSizePolicyWeight=90 -Xms10m -Xmx8000m
[INFO] Scanning for projects...
[WARNING] The POM for org.eclipse.m2e:lifecycle-mapping:jar:1.0.0 is missing, no dependency information available
[WARNING] Failed to retrieve plugin descriptor for org.eclipse.m2e:lifecycle-mapping:1.0.0: Plugin org.eclipse.m2e:lifecycle-mapping:1.0.0 or one of its dependencies could not be resolved: Could not find artifact org.eclipse.m2e:lifecycle-mapping:jar:1.0.0 in nexus (http://nexus/repository/maven-group/)
[INFO] 
[INFO] -----------------< org.entando.entando:entando-engine >-----------------
[INFO] Building Entando Core: Engine 6.2.0-SNAPSHOT
[INFO] --------------------------------[ jar ]---------------------------------
[WARNING] The POM for org.eclipse.m2e:lifecycle-mapping:jar:1.0.0 is missing, no dependency information available
[WARNING] Failed to retrieve plugin descriptor for org.eclipse.m2e:lifecycle-mapping:1.0.0: Plugin org.eclipse.m2e:lifecycle-mapping:1.0.0 or one of its dependencies could not be resolved: Failure to find org.eclipse.m2e:lifecycle-mapping:jar:1.0.0 in http://nexus/repository/maven-group/ was cached in the local repository, resolution will not be reattempted until the update interval of nexus has elapsed or updates are forced
[INFO] 
[INFO] --- versions-maven-plugin:2.8.1:set (default-cli) @ entando-engine ---
[INFO] Local aggregation ****: /workspace/source
[INFO] Processing change of org.entando.entando:entando-engine:6.2.0-SNAPSHOT -> 0.0.0-SNAPSHOT-PR-41-5
[INFO] Processing org.entando.entando:entando-engine
[INFO]     Updating project org.entando.entando:entando-engine
[INFO]         from version 6.2.0-SNAPSHOT to 0.0.0-SNAPSHOT-PR-41-5
[INFO] 
[INFO] ------------------------------------------------------------------------
[INFO] BUILD SUCCESS
[INFO] ------------------------------------------------------------------------
[INFO] Total time:  15.561 s
[INFO] Finished at: 2020-09-16T11:17:29Z
[INFO] ------------------------------------------------------------------------

Showing logs for build [32mentando-entando-engine-pr-41-pr-z7nwv-5[0m stage [32mfrom-build-pack[0m and container [32mstep-build-fix-git-for-sonar[0m
M	pom.xml
Switched to a new branch 'PR-41'
Deleted branch master (was 873952a1).
From https://github.com/entando/entando-engine
 * [new branch]        master            -> master
 * [new tag]           pia-crs4          -> pia-crs4
 * [new tag]           v4.2.0            -> v4.2.0
 * [new tag]           v4.3.2-RC1        -> v4.3.2-RC1
 * [new tag]           v5.0.0-pre        -> v5.0.0-pre
 * [new tag]           v6.2.0-sprint1-rc -> v6.2.0-sprint1-rc
 * [new tag]           v6.2.0-sprint2-rc -> v6.2.0-sprint2-rc
 * [new tag]           v6.2.0-sprint3-rc -> v6.2.0-sprint3-rc
 * [new tag]           v6.2.0-sprint4-rc -> v6.2.0-sprint4-rc
 * [new tag]           v6.2.0-sprint5-rc -> v6.2.0-sprint5-rc

Showing logs for build [32mentando-entando-engine-pr-41-pr-z7nwv-5[0m stage [32mfrom-build-pack[0m and container [32mstep-build-mvn-verify-pr[0m
  % Total    % Received % Xferd  Average Speed   Time    Time     Time  Current
                                 Dload  Upload   Total   Spent    Left  Speed
{
  "url": "https://api.github.com/repos/entando/entando-engine/statuses/873952a1284caaecc7a34575cf6a87433599e003",
  "avatar_url": "https://avatars2.githubusercontent.com/u/57885396?v=4",
  "id": 10779933599,
  "node_id": "MDEzOlN0YXR1c0NvbnRleHQxMDc3OTkzMzU5OQ==",
  "state": "pending",
  "description": "Pre-deployment tests pending!",
  "target_url": "https://entando-k8s.github.io/devops-results/entando-engine/PR-41/surefire-report.html",
  "context": "Pre-deployment tests",
  "created_at": "2020-09-16T11:17:32Z",
  "updated_at": "2020-09-16T11:17:32Z",
  "creator": {
    "login": "**********",
    "id": 57885396,
    "node_id": "MDQ6VXNlcjU3ODg1Mzk2",
    "avatar_url": "https://avatars2.githubusercontent.com/u/57885396?v=4",
    "gravatar_id": "",
    "url": "https://api.github.com/users/entando-**",
    "html_url": "https://github.com/**********",
    "followers_url": "https://api.github.com/users/**********/followers",
    "following_url": "https://api.github.com/users/**********/following{/other_user}",
    "gists_url": "https://api.github.com/users/entando-**/gists{/gist_id}",
    "starred_url": "https://api.github.com/users/**********/starred{/owner}{/repo}",
    "subscriptions_url": "https://api.github.com/users/entando-**/subscriptions",
    "organizations_url": "https://api.github.com/users/entando-**/orgs",
    "repos_url": "https://api.github.com/users/**********/repos",
    "events_url": "https://api.github.com/users/**********/events{/privacy}",
    "received_events_url": "https://api.github.com/users/entando-**/received_events",
    "type": "User",
    "site_*****": false
  }
}
  0     0    0     0    0     0      0      0 --:--:-- --:--:-- --:--:--     0100  1827  100  1621  100   206   2273    288 --:--:-- --:--:-- --:--:--  2286
  % Total    % Received % Xferd  Average Speed   Time    Time     Time  Current
                                 Dload  Upload   Total   Spent    Left  Speed
{
  "url": "https://api.github.com/repos/entando/entando-engine/statuses/873952a1284caaecc7a34575cf6a87433599e003",
  "avatar_url": "https://avatars2.githubusercontent.com/u/57885396?v=4",
  "id": 10779933744,
  "node_id": "MDEzOlN0YXR1c0NvbnRleHQxMDc3OTkzMzc0NA==",
  "state": "pending",
  "description": "OWASP CVE pending!",
  "target_url": "https://entando-k8s.github.io/devops-results/entando-engine/PR-41/dependency-check-report.html",
  "context": "OWASP CVE",
  "created_at": "2020-09-16T11:17:32Z",
  "updated_at": "2020-09-16T11:17:32Z",
  "creator": {
    "login": "**********",
    "id": 57885396,
    "node_id": "MDQ6VXNlcjU3ODg1Mzk2",
    "avatar_url": "https://avatars2.githubusercontent.com/u/57885396?v=4",
    "gravatar_id": "",
    "url": "https://api.github.com/users/**********",
    "html_url": "https://github.com/entando-**",
    "followers_url": "https://api.github.com/users/entando-**/followers",
    "following_url": "https://api.github.com/users/entando-**/following{/other_user}",
    "gists_url": "https://api.github.com/users/**********/gists{/gist_id}",
    "starred_url": "https://api.github.com/users/**********/starred{/owner}{/repo}",
    "subscriptions_url": "https://api.github.com/users/**********/subscriptions",
    "organizations_url": "https://api.github.com/users/entando-**/orgs",
    "repos_url": "https://api.github.com/users/**********/repos",
    "events_url": "https://api.github.com/users/**********/events{/privacy}",
    "received_events_url": "https://api.github.com/users/**********/received_events",
    "type": "User",
    "site_*****": false
  }
}
  0     0    0     0    0     0      0      0 --:--:-- --:--:-- --:--:--     0  0     0    0     0    0     0      0      0 --:--:-- --:--:-- --:--:--     0100  1799  100  1607  100   192   2196    262 --:--:-- --:--:-- --:--:--  2195
Picked up _JAVA_OPTIONS: -XX:+UnlockExperimentalVMOptions -Dsun.zip.disableMemoryMapping=true -XX:+UseParallelGC -XX:MinHeapFreeRatio=5 -XX:MaxHeapFreeRatio=10 -XX:GCTimeRatio=4 -XX:AdaptiveSizePolicyWeight=90 -Xms10m -Xmx8000m
[INFO] Scanning for projects...
[WARNING] The POM for org.eclipse.m2e:lifecycle-mapping:jar:1.0.0 is missing, no dependency information available
[WARNING] Failed to retrieve plugin descriptor for org.eclipse.m2e:lifecycle-mapping:1.0.0: Plugin org.eclipse.m2e:lifecycle-mapping:1.0.0 or one of its dependencies could not be resolved: Failure to find org.eclipse.m2e:lifecycle-mapping:jar:1.0.0 in http://nexus/repository/maven-group/ was cached in the local repository, resolution will not be reattempted until the update interval of nexus has elapsed or updates are forced
[INFO] 
[INFO] -----------------< org.entando.entando:entando-engine >-----------------
[INFO] Building Entando Core: Engine 0.0.0-SNAPSHOT-PR-41-5
[INFO] --------------------------------[ jar ]---------------------------------
[WARNING] The POM for com.sun.xml.bind:jaxb-impl:jar:2.2.11 is invalid, transitive dependencies (if any) will not be available, enable debug logging for more details
[WARNING] The artifact org.hibernate:hibernate-validator:jar:6.0.17.Final has been relocated to org.hibernate.validator:hibernate-validator:jar:6.0.17.Final
[INFO] 
[INFO] --- maven-enforcer-plugin:3.0.0-M3:enforce (enforce-versions) @ entando-engine ---
[INFO] 
[INFO] --- maven-checkstyle-plugin:3.1.1:check (validate) @ entando-engine ---
[INFO] 
[INFO] --- maven-checkstyle-plugin:3.1.1:checkstyle (validate) @ entando-engine ---
[INFO] 
[INFO] --- jacoco-maven-plugin:0.8.5:prepare-agent (prepare-agent) @ entando-engine ---
[INFO] argLine set to -javaagent:/home/jenkins/.mvnrepository/org/jacoco/org.jacoco.agent/0.8.5/org.jacoco.agent-0.8.5-runtime.jar=destfile=/workspace/source/target/jacoco.e**c
[INFO] 
[INFO] --- maven-resources-plugin:2.5:resources (default-resources) @ entando-engine ---
[debug] e**cute contextualize
[INFO] Using 'UTF-8' encoding to copy filtered resources.
[INFO] Copying 29 resources
[INFO] Copying 8 resources
[INFO] Copying 47 resources
[INFO] Copying 2 resources to META-INF
[INFO] 
[INFO] --- jrebel-maven-plugin:1.1.3:generate-liverebel-xml (generate-liverebel-xml) @ entando-engine ---
[INFO] Generating liverebel.xml
[INFO] 
[INFO] --- maven-compiler-plugin:3.8.1:compile (default-compile) @ entando-engine ---
[INFO] Changes detected - recompiling the module!
[INFO] Compiling 957 source files to /workspace/source/target/classes
[WARNING] /workspace/source/src/main/java/com/agiletec/aps/******/common/FieldSearchFilter.java:[99,33] unchecked method invocation: method addAll in interface java.util.List is applied to given types
  required: java.util.Collection<? extends E>
  found: java.util.Collection
[WARNING] /workspace/source/src/main/java/com/agiletec/aps/******/common/FieldSearchFilter.java:[99,34] unchecked conversion
  required: java.util.Collection<? extends E>
  found:    java.util.Collection
[WARNING] /workspace/source/src/main/java/org/entando/entando/aps/******/init/model/DataSourceDumpReport.java:[77,96] unchecked conversion
  required: java.util.List<org.jdom.Element>
  found:    java.util.List
[WARNING] /workspace/source/src/main/java/org/entando/entando/aps/******/init/model/DataSourceDumpReport.java:[84,73] unchecked conversion
  required: java.util.List<org.jdom.Element>
  found:    java.util.List
[WARNING] /workspace/source/src/main/java/org/entando/entando/aps/******/init/model/DataSourceDumpReport.java:[88,92] unchecked conversion
  required: java.util.List<org.jdom.Element>
  found:    java.util.List
[WARNING] /workspace/source/src/main/java/org/entando/entando/aps/******/init/model/DataSourceDumpReport.java:[125,49] unchecked method invocation: method sort in class java.util.Collections is applied to given types
  required: java.util.List<T>,java.util.Comparator<? super T>
  found: java.util.List<org.entando.entando.aps.******.init.model.TableDumpReport>,org.apache.commons.beanutils.BeanComparator
[WARNING] /workspace/source/src/main/java/org/entando/entando/aps/******/init/model/DataSourceDumpReport.java:[125,64] unchecked conversion
  required: java.util.Comparator<? super T>
  found:    org.apache.commons.beanutils.BeanComparator
[WARNING] /workspace/source/src/main/java/org/entando/entando/aps/******/init/model/DataSourceDumpReport.java:[194,33] unchecked method invocation: method sort in class java.util.Collections is applied to given types
  required: java.util.List<T>,java.util.Comparator<? super T>
  found: java.util.List<org.entando.entando.aps.******.init.model.ComponentInstallationReport>,org.apache.commons.beanutils.BeanComparator
[WARNING] /workspace/source/src/main/java/org/entando/entando/aps/******/init/model/DataSourceDumpReport.java:[194,59] unchecked conversion
  required: java.util.Comparator<? super T>
  found:    org.apache.commons.beanutils.BeanComparator
[WARNING] /workspace/source/src/main/java/org/entando/entando/aps/******/init/model/Component.java:[53,85] unchecked conversion
  required: java.util.List<org.jdom.Element>
  found:    java.util.List
[WARNING] /workspace/source/src/main/java/org/entando/entando/aps/******/init/model/Component.java:[63,83] unchecked conversion
  required: java.util.List<org.jdom.Element>
  found:    java.util.List
[WARNING] /workspace/source/src/main/java/org/entando/entando/aps/******/init/model/Component.java:[86,79] unchecked conversion
  required: java.util.List<org.jdom.Element>
  found:    java.util.List
[WARNING] /workspace/source/src/main/java/org/entando/entando/aps/******/init/model/Component.java:[91,75] unchecked conversion
  required: java.util.List<org.jdom.Element>
  found:    java.util.List
[WARNING] /workspace/source/src/main/java/org/entando/entando/aps/******/init/model/AbstractComponentModule.java:[39,79] unchecked conversion
  required: java.util.List<org.jdom.Element>
  found:    java.util.List
[WARNING] /workspace/source/src/main/java/org/entando/entando/aps/******/init/model/AbstractComponentModule.java:[51,81] unchecked conversion
  required: java.util.List<org.jdom.Element>
  found:    java.util.List
[WARNING] /workspace/source/src/main/java/org/entando/entando/aps/******/init/model/ComponentUninstallerInfo.java:[50,86] unchecked conversion
  required: java.util.List<org.jdom.Element>
  found:    java.util.List
[WARNING] /workspace/source/src/main/java/org/entando/entando/aps/******/init/model/SystemInstallationReport.java:[101,67] unchecked conversion
  required: java.util.List<org.jdom.Element>
  found:    java.util.List
[WARNING] /workspace/source/src/main/java/org/entando/entando/aps/******/init/model/DataSourceInstallationReport.java:[33,69] unchecked conversion
  required: java.util.List<org.jdom.Element>
  found:    java.util.List
[WARNING] /workspace/source/src/main/java/org/entando/entando/aps/******/init/model/DataSourceInstallationReport.java:[41,90] unchecked conversion
  required: java.util.List<org.jdom.Element>
  found:    java.util.List
[WARNING] /workspace/source/src/main/java/org/entando/entando/aps/******/init/model/DataInstallationReport.java:[29,69] unchecked conversion
  required: java.util.List<org.jdom.Element>
  found:    java.util.List
[WARNING] /workspace/source/src/main/java/com/agiletec/aps/******/common/entity/parse/AttributeDisablingCodesDOM.java:[44,83] unchecked conversion
  required: java.util.List<org.jdom.Element>
  found:    java.util.List
[WARNING] /workspace/source/src/main/java/org/entando/entando/aps/******/services/guifragment/model/GuiFragmentDtoBuilder.java:[56,92] unchecked conversion
  required: java.util.List<java.lang.Object>
  found:    java.util.List
[WARNING] /workspace/source/src/main/java/org/entando/entando/web/common/model/Filter.java:[126,22] unchecked call to EntitySearchFilter(java.lang.String,boolean,T,T) as a member of the raw type com.agiletec.aps.******.common.entity.model.EntitySearchFilter
[WARNING] /workspace/source/src/main/java/org/entando/entando/web/common/model/Filter.java:[128,22] unchecked call to EntitySearchFilter(java.lang.String,boolean,T,T) as a member of the raw type com.agiletec.aps.******.common.entity.model.EntitySearchFilter
[WARNING] /workspace/source/src/main/java/org/entando/entando/web/common/model/Filter.java:[130,22] unchecked call to EntitySearchFilter(java.lang.String,boolean,T,boolean) as a member of the raw type com.agiletec.aps.******.common.entity.model.EntitySearchFilter
[WARNING] /workspace/source/src/main/java/org/entando/entando/web/common/model/Filter.java:[133,22] unchecked call to EntitySearchFilter(java.lang.String,boolean,T,boolean,com.agiletec.aps.******.common.FieldSearchFilter.LikeOptionType) as a member of the raw type com.agiletec.aps.******.common.entity.model.EntitySearchFilter
[WARNING] /workspace/source/src/main/java/com/agiletec/aps/******/common/entity/model/EntitySearchFilter.java:[84,45] unchecked method invocation: method addAll in interface java.util.List is applied to given types
  required: java.util.Collection<? extends E>
  found: java.util.Collection
[WARNING] /workspace/source/src/main/java/com/agiletec/aps/******/common/entity/model/EntitySearchFilter.java:[84,46] unchecked conversion
  required: java.util.Collection<? extends E>
  found:    java.util.Collection
[WARNING] /workspace/source/src/main/java/com/agiletec/aps/******/common/entity/model/EntitySearchFilter.java:[85,46] unchecked call to setAllowedValues(java.util.List<T>) as a member of the raw type com.agiletec.aps.******.common.FieldSearchFilter
[WARNING] /workspace/source/src/main/java/com/agiletec/aps/******/common/entity/model/EntitySearchFilter.java:[90,38] unchecked call to setValue(T) as a member of the raw type com.agiletec.aps.******.common.FieldSearchFilter
[WARNING] /workspace/source/src/main/java/com/agiletec/aps/******/common/entity/model/EntitySearchFilter.java:[122,30] unchecked call to setStart(T) as a member of the raw type com.agiletec.aps.******.common.FieldSearchFilter
[WARNING] /workspace/source/src/main/java/com/agiletec/aps/******/common/entity/model/EntitySearchFilter.java:[123,28] unchecked call to setEnd(T) as a member of the raw type com.agiletec.aps.******.common.FieldSearchFilter
[WARNING] /workspace/source/src/main/java/com/agiletec/aps/******/common/entity/model/EntitySearchFilter.java:[142,38] unchecked call to setAllowedValues(java.util.List<T>) as a member of the raw type com.agiletec.aps.******.common.FieldSearchFilter
[WARNING] /workspace/source/src/main/java/com/agiletec/aps/******/common/entity/model/EntitySearchFilter.java:[166,45] unchecked method invocation: method addAll in interface java.util.List is applied to given types
  required: java.util.Collection<? extends E>
  found: java.util.Collection
[WARNING] /workspace/source/src/main/java/com/agiletec/aps/******/common/entity/model/EntitySearchFilter.java:[166,46] unchecked conversion
  required: java.util.Collection<? extends E>
  found:    java.util.Collection
[WARNING] /workspace/source/src/main/java/com/agiletec/aps/******/common/entity/model/EntitySearchFilter.java:[167,48] unchecked call to setAllowedValues(java.util.List<T>) as a member of the raw type com.agiletec.aps.******.common.FieldSearchFilter
[WARNING] /workspace/source/src/main/java/com/agiletec/aps/******/common/entity/model/EntitySearchFilter.java:[172,40] unchecked call to setValue(T) as a member of the raw type com.agiletec.aps.******.common.FieldSearchFilter
[WARNING] /workspace/source/src/main/java/com/agiletec/aps/******/common/entity/model/EntitySearchFilter.java:[195,32] unchecked call to setStart(T) as a member of the raw type com.agiletec.aps.******.common.FieldSearchFilter
[WARNING] /workspace/source/src/main/java/com/agiletec/aps/******/common/entity/model/EntitySearchFilter.java:[196,30] unchecked call to setEnd(T) as a member of the raw type com.agiletec.aps.******.common.FieldSearchFilter
[WARNING] /workspace/source/src/main/java/com/agiletec/aps/******/common/entity/model/EntitySearchFilter.java:[204,40] unchecked call to setAllowedValues(java.util.List<T>) as a member of the raw type com.agiletec.aps.******.common.FieldSearchFilter
[WARNING] /workspace/source/src/main/java/com/agiletec/aps/******/common/entity/model/EntitySearchFilter.java:[303,70] unchecked cast
  required: java.util.List<java.lang.Object>
  found:    java.lang.Object
[WARNING] /workspace/source/src/main/java/com/agiletec/aps/******/common/entity/model/EntitySearchFilter.java:[433,40] unchecked call to setValue(T) as a member of the raw type com.agiletec.aps.******.common.FieldSearchFilter
[WARNING] /workspace/source/src/main/java/com/agiletec/aps/******/common/entity/model/EntitySearchFilter.java:[439,48] unchecked call to setAllowedValues(java.util.List<T>) as a member of the raw type com.agiletec.aps.******.common.FieldSearchFilter
[WARNING] /workspace/source/src/main/java/com/agiletec/aps/******/common/entity/model/EntitySearchFilter.java:[445,40] unchecked call to setStart(T) as a member of the raw type com.agiletec.aps.******.common.FieldSearchFilter
[WARNING] /workspace/source/src/main/java/com/agiletec/aps/******/common/entity/model/EntitySearchFilter.java:[446,38] unchecked call to setEnd(T) as a member of the raw type com.agiletec.aps.******.common.FieldSearchFilter
[WARNING] /workspace/source/src/main/java/com/agiletec/aps/******/common/entity/model/attribute/AbstractAttribute.java:[300,57] unchecked conversion
  required: java.util.List<org.jdom.Element>
  found:    java.util.List
[WARNING] /workspace/source/src/main/java/org/entando/entando/aps/******/services/entity/model/EntityAttributeDto.java:[78,49] unchecked cast
  required: java.util.Map<java.lang.String,java.lang.Object>
  found:    java.lang.Object
[WARNING] /workspace/source/src/main/java/com/agiletec/aps/******/common/AbstractSearcherDAO.java:[147,65] unchecked conversion
  required: java.util.List<java.lang.Object>
  found:    java.util.List
[WARNING] /workspace/source/src/main/java/com/agiletec/aps/******/common/AbstractSearcherDAO.java:[299,65] unchecked conversion
  required: java.util.List<java.lang.Object>
  found:    java.util.List
[WARNING] /workspace/source/src/main/java/com/agiletec/aps/******/common/entity/AbstractEntitySearcherDAO.java:[93,41] unchecked call to EntitySearchFilter(java.lang.String,boolean,T,boolean) as a member of the raw type com.agiletec.aps.******.common.entity.model.EntitySearchFilter
[WARNING] /workspace/source/src/main/java/com/agiletec/aps/******/common/entity/AbstractEntitySearcherDAO.java:[348,65] unchecked conversion
  required: java.util.List<java.lang.Object>
  found:    java.util.List
[WARNING] /workspace/source/src/main/java/org/entando/entando/aps/******/services/dataobjectsearchengine/SearchEngineManager.java:[226,53] unchecked call to SearchEngineFilter(java.lang.String,T) as a member of the raw type org.entando.entando.aps.******.services.searchengine.SearchEngineFilter
[WARNING] /workspace/source/src/main/java/org/entando/entando/aps/******/services/searchengine/SearchEngineFilter.java:[77,32] unchecked call to setAllowedValues(java.util.List<T>) as a member of the raw type com.agiletec.aps.******.common.FieldSearchFilter
[WARNING] /workspace/source/src/main/java/org/entando/entando/aps/******/services/searchengine/SearchEngineFilter.java:[84,24] unchecked call to setStart(T) as a member of the raw type com.agiletec.aps.******.common.FieldSearchFilter
[WARNING] /workspace/source/src/main/java/org/entando/entando/aps/******/services/searchengine/SearchEngineFilter.java:[85,22] unchecked call to setEnd(T) as a member of the raw type com.agiletec.aps.******.common.FieldSearchFilter
[WARNING] /workspace/source/src/main/java/org/entando/entando/aps/******/init/AbstractDatabaseUtils.java:[49,113] unchecked cast
  required: java.util.List<java.lang.String>
  found:    java.lang.Object
[WARNING] /workspace/source/src/main/java/org/entando/entando/aps/******/services/api/model/ApiMethod.java:[82,97] unchecked conversion
  required: java.util.List<org.jdom.Element>
  found:    java.util.List
[WARNING] /workspace/source/src/main/java/org/entando/entando/aps/******/services/api/model/ApiMethodRelatedWidget.java:[34,69] unchecked conversion
  required: java.util.List<org.jdom.Element>
  found:    java.util.List
[WARNING] /workspace/source/src/main/java/org/entando/entando/aps/******/services/api/model/StringListApiResponseResult.java:[32,67] unchecked cast
  required: java.util.Collection<java.lang.String>
  found:    java.lang.Object
[WARNING] /workspace/source/src/main/java/com/agiletec/aps/******/common/AbstractCacheWrapper.java:[51,20] unchecked cast
  required: T
  found:    java.lang.Object
[WARNING] /workspace/source/src/main/java/com/agiletec/aps/******/services/baseconfig/cache/ConfigManagerCacheWrapper.java:[57,56] unchecked cast
  required: java.util.List<java.lang.String>
  found:    java.util.List
[WARNING] /workspace/source/src/main/java/com/agiletec/aps/******/services/group/GroupManager.java:[124,25] unchecked method invocation: method sort in class java.util.Collections is applied to given types
  required: java.util.List<T>,java.util.Comparator<? super T>
  found: java.util.List<com.agiletec.aps.******.services.group.Group>,org.apache.commons.beanutils.BeanComparator
[WARNING] /workspace/source/src/main/java/com/agiletec/aps/******/services/group/GroupManager.java:[124,34] unchecked conversion
  required: java.util.Comparator<? super T>
  found:    org.apache.commons.beanutils.BeanComparator
[WARNING] /workspace/source/src/main/java/org/entando/entando/aps/******/services/api/UnmarshalUtils.java:[82,51] unchecked call to readFrom(java.lang.Class<T>,java.lang.reflect.Type,java.lang.annotation.Annotation[],javax.ws.rs.core.MediaType,javax.ws.rs.core.MultivaluedMap<java.lang.String,java.lang.String>,java.io.InputStream) as a member of the raw type org.apache.cxf.jaxrs.provider.json.JSONProvider
[WARNING] /workspace/source/src/main/java/com/agiletec/aps/******/services/authorization/AuthorizationService.java:[81,91] unchecked cast
  required: com.agiletec.aps.******.services.group.GroupUtilizer<java.lang.String>
  found:    com.agiletec.aps.******.services.authorization.IAuthorizationManager
[WARNING] /workspace/source/src/main/java/org/entando/entando/aps/******/services/category/CategoryService.java:[119,53] unchecked call to SearcherDaoPaginatedResult(java.lang.Integer,java.util.List<T>) as a member of the raw type com.agiletec.aps.******.common.model.dao.SearcherDaoPaginatedResult
[WARNING] /workspace/source/src/main/java/org/entando/entando/aps/******/services/category/CategoryService.java:[121,46] unchecked cast
  required: java.util.List<java.lang.Object>
  found:    java.util.List<capture#1 of ?>
[WARNING] /workspace/source/src/main/java/com/agiletec/aps/******/common/entity/model/attribute/AbstractListAttribute.java:[47,86] unchecked conversion
  required: java.util.List<org.jdom.Element>
  found:    java.util.List
[WARNING] /workspace/source/src/main/java/org/entando/entando/aps/******/services/page/PageService.java:[752,46] unchecked cast
  required: java.util.List<java.lang.Object>
  found:    java.util.List<capture#2 of ?>
[WARNING] /workspace/source/src/main/java/org/entando/entando/aps/******/services/page/PageService.java:[800,29] unchecked method invocation: method sort in class java.util.Collections is applied to given types
  required: java.util.List<T>,java.util.Comparator<? super T>
  found: java.util.List<org.entando.entando.aps.******.services.page.model.PageDto>,java.util.Comparator
[WARNING] /workspace/source/src/main/java/org/entando/entando/aps/******/services/page/PageService.java:[800,56] unchecked conversion
  required: java.util.Comparator<? super T>
  found:    java.util.Comparator
[WARNING] /workspace/source/src/main/java/org/entando/entando/aps/******/services/page/PageService.java:[802,29] unchecked method invocation: method sort in class java.util.Collections is applied to given types
  required: java.util.List<T>,java.util.Comparator<? super T>
  found: java.util.List<org.entando.entando.aps.******.services.page.model.PageDto>,org.apache.commons.beanutils.BeanComparator
[WARNING] /workspace/source/src/main/java/org/entando/entando/aps/******/services/page/PageService.java:[802,37] unchecked conversion
  required: java.util.Comparator<? super T>
  found:    org.apache.commons.beanutils.BeanComparator
[WARNING] /workspace/source/src/main/java/com/agiletec/aps/******/services/authorization/AuthorizationManager.java:[133,64] unchecked cast
  required: java.util.List<com.agiletec.aps.******.services.authorization.IApsAuthority>
  found:    java.util.List
[WARNING] /workspace/source/src/main/java/com/agiletec/aps/******/services/authorization/AuthorizationManager.java:[161,32] unchecked call to add(E) as a member of the raw type java.util.List
[WARNING] /workspace/source/src/main/java/com/agiletec/aps/******/services/authorization/AuthorizationManager.java:[167,36] unchecked call to add(E) as a member of the raw type java.util.List
[WARNING] /workspace/source/src/main/java/com/agiletec/aps/******/services/authorization/AuthorizationManager.java:[186,42] unchecked conversion
  required: java.util.List<com.agiletec.aps.******.services.role.Role>
  found:    java.util.List
[WARNING] /workspace/source/src/main/java/com/agiletec/aps/******/services/authorization/AuthorizationManager.java:[233,51] unchecked conversion
  required: java.util.List<com.agiletec.aps.******.services.authorization.IApsAuthority>
  found:    java.util.List
[WARNING] /workspace/source/src/main/java/com/agiletec/aps/******/services/authorization/AuthorizationManager.java:[250,72] unchecked conversion
  required: java.util.List<com.agiletec.aps.******.services.authorization.IApsAuthority>
  found:    java.util.List
[WARNING] /workspace/source/src/main/java/com/agiletec/aps/******/services/authorization/AuthorizationManager.java:[286,29] unchecked call to addAll(java.util.Collection<? extends E>) as a member of the raw type java.util.List
[WARNING] /workspace/source/src/main/java/com/agiletec/aps/******/services/authorization/AuthorizationManager.java:[330,42] unchecked conversion
  required: java.util.List<com.agiletec.aps.******.services.authorization.IApsAuthority>
  found:    java.util.List
[WARNING] /workspace/source/src/main/java/com/agiletec/aps/******/services/authorization/AuthorizationManager.java:[335,42] unchecked conversion
  required: java.util.List<com.agiletec.aps.******.services.role.Role>
  found:    java.util.List
[WARNING] /workspace/source/src/main/java/com/agiletec/aps/******/services/authorization/AuthorizationManager.java:[345,42] unchecked conversion
  required: java.util.List<com.agiletec.aps.******.services.authorization.IApsAuthority>
  found:    java.util.List
[WARNING] /workspace/source/src/main/java/com/agiletec/aps/******/services/authorization/AuthorizationManager.java:[350,42] unchecked conversion
  required: java.util.List<com.agiletec.aps.******.services.group.Group>
  found:    java.util.List
[WARNING] /workspace/source/src/main/java/com/agiletec/aps/******/services/authorization/AuthorizationManager.java:[472,82] unchecked cast
  required: java.util.Map<java.lang.String,com.agiletec.aps.******.services.group.Group>
  found:    java.util.Map
[WARNING] /workspace/source/src/main/java/com/agiletec/aps/******/services/authorization/AuthorizationManager.java:[473,79] unchecked cast
  required: java.util.Map<java.lang.String,com.agiletec.aps.******.services.role.Role>
  found:    java.util.Map
[WARNING] /workspace/source/src/main/java/org/entando/entando/aps/******/services/dataobject/widget/UserFilterOptionBean.java:[255,26] unchecked call to EntitySearchFilter(java.lang.String,boolean,T,boolean) as a member of the raw type com.agiletec.aps.******.common.entity.model.EntitySearchFilter
[WARNING] /workspace/source/src/main/java/org/entando/entando/aps/******/services/dataobject/widget/UserFilterOptionBean.java:[264,26] unchecked call to EntitySearchFilter(java.lang.String,boolean,T,T) as a member of the raw type com.agiletec.aps.******.common.entity.model.EntitySearchFilter
[WARNING] /workspace/source/src/main/java/org/entando/entando/aps/******/services/dataobject/widget/UserFilterOptionBean.java:[275,30] unchecked call to EntitySearchFilter(java.lang.String,boolean,T,boolean) as a member of the raw type com.agiletec.aps.******.common.entity.model.EntitySearchFilter
[WARNING] /workspace/source/src/main/java/org/entando/entando/aps/******/services/dataobject/widget/UserFilterOptionBean.java:[292,26] unchecked call to EntitySearchFilter(java.lang.String,boolean,T,T) as a member of the raw type com.agiletec.aps.******.common.entity.model.EntitySearchFilter
[WARNING] /workspace/source/src/main/java/org/entando/entando/aps/******/services/dataobject/widget/UserFilterOptionBean.java:[322,26] unchecked call to SearchEngineFilter(java.lang.String,T,org.entando.entando.aps.******.services.searchengine.SearchEngineFilter.TextSearchOption) as a member of the raw type org.entando.entando.aps.******.services.searchengine.SearchEngineFilter
[WARNING] /workspace/source/src/main/java/org/entando/entando/aps/******/services/dataobject/widget/UserFilterOptionBean.java:[324,26] unchecked call to SearchEngineFilter(java.lang.String,T,org.entando.entando.aps.******.services.searchengine.SearchEngineFilter.TextSearchOption) as a member of the raw type org.entando.entando.aps.******.services.searchengine.SearchEngineFilter
[WARNING] /workspace/source/src/main/java/org/entando/entando/aps/******/services/dataobject/widget/UserFilterOptionBean.java:[329,26] unchecked call to SearchEngineFilter(java.lang.String,T,org.entando.entando.aps.******.services.searchengine.SearchEngineFilter.TextSearchOption) as a member of the raw type org.entando.entando.aps.******.services.searchengine.SearchEngineFilter
[WARNING] /workspace/source/src/main/java/org/entando/entando/aps/******/services/dataobject/widget/UserFilterOptionBean.java:[344,26] unchecked call to SearchEngineFilter(java.lang.String,T,T) as a member of the raw type org.entando.entando.aps.******.services.searchengine.SearchEngineFilter
[WARNING] /workspace/source/src/main/java/org/entando/entando/aps/******/services/dataobject/widget/UserFilterOptionBean.java:[347,26] unchecked call to SearchEngineFilter(java.lang.String,T,org.entando.entando.aps.******.services.searchengine.SearchEngineFilter.TextSearchOption) as a member of the raw type org.entando.entando.aps.******.services.searchengine.SearchEngineFilter
[WARNING] /workspace/source/src/main/java/org/entando/entando/aps/******/services/dataobject/widget/UserFilterOptionBean.java:[362,26] unchecked call to SearchEngineFilter(java.lang.String,T,T) as a member of the raw type org.entando.entando.aps.******.services.searchengine.SearchEngineFilter
[WARNING] /workspace/source/src/main/java/org/entando/entando/aps/******/services/api/response/ServicesResponseResult.java:[37,73] unchecked cast
  required: java.util.Collection<org.entando.entando.aps.******.services.api.model.ServiceInfo>
  found:    java.lang.Object
[WARNING] /workspace/source/src/main/java/org/entando/entando/aps/******/services/api/response/ServicesResponseResult.java:[38,68] unchecked call to ListResponse(java.util.List<T>) as a member of the raw type org.entando.entando.aps.******.services.api.model.ListResponse
[WARNING] /workspace/source/src/main/java/org/entando/entando/aps/******/services/api/ServiceExtraConfigDOM.java:[53,85] unchecked conversion
  required: java.util.List<org.jdom.Element>
  found:    java.util.List
[WARNING] /workspace/source/src/main/java/org/entando/entando/aps/******/services/entity/AbstractEntityTypeService.java:[152,60] unchecked cast
  required: I
  found:    com.agiletec.aps.******.common.entity.model.IApsEntity
[INFO] /workspace/source/src/main/java/com/agiletec/aps/******/services/baseconfig/BaseConfigManager.java: Some input files use or override a deprecated API.
[INFO] /workspace/source/src/main/java/com/agiletec/aps/******/services/baseconfig/BaseConfigManager.java: Recompile with -Xlint:deprecation for details.
[INFO] /workspace/source/src/main/java/org/entando/entando/aps/******/services/entity/AbstractEntityTypeService.java: Some input files additionally use unchecked or unsafe operations.
[INFO] 
[INFO] --- maven-resources-plugin:2.5:copy-resources (copy-resources-test) @ entando-engine ---
[debug] e**cute contextualize
[INFO] Using 'UTF-8' encoding to copy filtered resources.
[INFO] Copying 4 resources
[INFO] 
[INFO] --- maven-resources-plugin:2.5:copy-resources (copy-resources-file-test-) @ entando-engine ---
[debug] e**cute contextualize
[INFO] Using 'UTF-8' encoding to copy filtered resources.
[INFO] Copying 4 resources
[INFO] 
[INFO] --- maven-resources-plugin:2.5:testResources (default-testResources) @ entando-engine ---
[debug] e**cute contextualize
[INFO] Using 'UTF-8' encoding to copy filtered resources.
[INFO] Copying 8 resources
[INFO] 
[INFO] --- maven-compiler-plugin:3.8.1:testCompile (default-testCompile) @ entando-engine ---
[INFO] Changes detected - recompiling the module!
[INFO] Compiling 214 source files to /workspace/source/target/test-classes
[WARNING] /workspace/source/src/test/java/org/entando/entando/web/widget/WidgetControllerIntegrationTest.java:[588,26] unchecked method invocation: method setTitles in class org.entando.entando.web.widget.model.WidgetRequest is applied to given types
  required: java.util.Map<java.lang.String,java.lang.String>
  found: java.util.Map
[WARNING] /workspace/source/src/test/java/org/entando/entando/web/widget/WidgetControllerIntegrationTest.java:[588,27] unchecked conversion
  required: java.util.Map<java.lang.String,java.lang.String>
  found:    java.util.Map
[WARNING] /workspace/source/src/test/java/org/entando/entando/web/AbstractControllerTest.java:[118,41] unchecked method invocation: method readValue in class com.fasterxml.jackson.databind.ObjectMapper is applied to given types
  required: java.lang.String,java.lang.Class<T>
  found: java.lang.String,java.lang.Class
[WARNING] /workspace/source/src/test/java/org/entando/entando/web/AbstractControllerTest.java:[118,48] unchecked conversion
  required: java.lang.Class<T>
  found:    java.lang.Class
[WARNING] /workspace/source/src/test/java/org/entando/entando/aps/******/services/api/ApiBaseTestCase.java:[67,45] unchecked call to writeTo(T,java.lang.reflect.Type,java.lang.annotation.Annotation[],javax.ws.rs.core.MediaType,javax.ws.rs.core.MultivaluedMap<java.lang.String,java.lang.Object>,java.io.OutputStream) as a member of the raw type org.apache.cxf.jaxrs.provider.AbstractJAXBProvider
[WARNING] /workspace/source/src/test/java/org/entando/entando/aps/******/services/dataobjectsearchengine/TestSearchEngineManager.java:[151,59] unchecked call to SearchEngineFilter(java.lang.String,T) as a member of the raw type org.entando.entando.aps.******.services.searchengine.SearchEngineFilter
[WARNING] /workspace/source/src/test/java/org/entando/entando/aps/******/services/dataobjectsearchengine/TestSearchEngineManager.java:[242,54] unchecked call to SearchEngineFilter(java.lang.String,T,org.entando.entando.aps.******.services.searchengine.SearchEngineFilter.TextSearchOption) as a member of the raw type org.entando.entando.aps.******.services.searchengine.SearchEngineFilter
[WARNING] /workspace/source/src/test/java/org/entando/entando/aps/******/services/dataobjectsearchengine/TestSearchEngineManager.java:[249,54] unchecked call to SearchEngineFilter(java.lang.String,T,org.entando.entando.aps.******.services.searchengine.SearchEngineFilter.TextSearchOption) as a member of the raw type org.entando.entando.aps.******.services.searchengine.SearchEngineFilter
[WARNING] /workspace/source/src/test/java/org/entando/entando/aps/******/services/dataobjectsearchengine/TestSearchEngineManager.java:[257,54] unchecked call to SearchEngineFilter(java.lang.String,T,org.entando.entando.aps.******.services.searchengine.SearchEngineFilter.TextSearchOption) as a member of the raw type org.entando.entando.aps.******.services.searchengine.SearchEngineFilter
[WARNING] /workspace/source/src/test/java/org/entando/entando/aps/******/services/dataobjectsearchengine/TestSearchEngineManager.java:[263,54] unchecked call to SearchEngineFilter(java.lang.String,T,org.entando.entando.aps.******.services.searchengine.SearchEngineFilter.TextSearchOption) as a member of the raw type org.entando.entando.aps.******.services.searchengine.SearchEngineFilter
[WARNING] /workspace/source/src/test/java/org/entando/entando/aps/******/services/widgettype/WidgetServiceTest.java:[418,43] unchecked call to PagedMetadata(org.entando.entando.web.common.model.RestListRequest,java.util.List<T>,int) as a member of the raw type org.entando.entando.web.common.model.PagedMetadata
[WARNING] /workspace/source/src/test/java/org/entando/entando/aps/******/services/widgettype/WidgetServiceTest.java:[422,78] unchecked method invocation: method thenReturn in interface org.mockito.stubbing.OngoingStubbing is applied to given types
  required: T
  found: org.entando.entando.web.common.model.PagedMetadata
[WARNING] /workspace/source/src/test/java/org/entando/entando/aps/******/services/widgettype/WidgetServiceTest.java:[422,79] unchecked conversion
  required: T
  found:    org.entando.entando.web.common.model.PagedMetadata
[WARNING] /workspace/source/src/test/java/org/entando/entando/aps/******/services/pagemodel/PageModelTestUtil.java:[52,55] unchecked call to put(K,V) as a member of the raw type java.util.Map
[WARNING] /workspace/source/src/test/java/org/entando/entando/web/pagemodel/PageModelControllerIntegrationTest.java:[282,61] unchecked call to put(K,V) as a member of the raw type java.util.Map
[WARNING] /workspace/source/src/test/java/org/entando/entando/aps/******/services/dataobject/api/TestApiDataObjectInterface.java:[76,37] unchecked call to EntitySearchFilter(java.lang.String,boolean,T,T) as a member of the raw type com.agiletec.aps.******.common.entity.model.EntitySearchFilter
[WARNING] /workspace/source/src/test/java/org/entando/entando/aps/******/services/dataobject/entity/TestDataObjectEntityManager.java:[43,41] unchecked call to EntitySearchFilter(java.lang.String,boolean,T,boolean) as a member of the raw type com.agiletec.aps.******.common.entity.model.EntitySearchFilter
[WARNING] /workspace/source/src/test/java/org/entando/entando/aps/******/services/dataobject/entity/TestDataObjectEntityManager.java:[57,42] unchecked call to EntitySearchFilter(java.lang.String,boolean,T,boolean) as a member of the raw type com.agiletec.aps.******.common.entity.model.EntitySearchFilter
[WARNING] /workspace/source/src/test/java/org/entando/entando/aps/******/services/dataobject/entity/TestDataObjectEntityManager.java:[64,43] unchecked call to EntitySearchFilter(java.lang.String,boolean,T,boolean) as a member of the raw type com.agiletec.aps.******.common.entity.model.EntitySearchFilter
[WARNING] /workspace/source/src/test/java/org/entando/entando/aps/******/services/dataobject/entity/TestDataObjectEntityManager.java:[94,39] unchecked call to EntitySearchFilter(java.lang.String,boolean,T,boolean) as a member of the raw type com.agiletec.aps.******.common.entity.model.EntitySearchFilter
[WARNING] /workspace/source/src/test/java/org/entando/entando/aps/******/services/dataobject/entity/TestDataObjectEntityManager.java:[100,20] unchecked call to EntitySearchFilter(java.lang.String,boolean,T,boolean) as a member of the raw type com.agiletec.aps.******.common.entity.model.EntitySearchFilter
[WARNING] /workspace/source/src/test/java/org/entando/entando/aps/******/services/dataobject/entity/TestDataObjectEntityManager.java:[111,39] unchecked call to EntitySearchFilter(java.lang.String,boolean,T,boolean) as a member of the raw type com.agiletec.aps.******.common.entity.model.EntitySearchFilter
[WARNING] /workspace/source/src/test/java/org/entando/entando/aps/******/services/dataobject/entity/TestDataObjectEntityManager.java:[205,37] unchecked call to EntitySearchFilter(java.lang.String,boolean,T,T) as a member of the raw type com.agiletec.aps.******.common.entity.model.EntitySearchFilter
[WARNING] /workspace/source/src/test/java/org/entando/entando/aps/******/services/dataobject/entity/TestDataObjectEntityManager.java:[206,38] unchecked call to EntitySearchFilter(java.lang.String,boolean,T,boolean) as a member of the raw type com.agiletec.aps.******.common.entity.model.EntitySearchFilter
[WARNING] /workspace/source/src/test/java/org/entando/entando/aps/******/services/dataobject/entity/TestDataObjectEntityManager.java:[215,38] unchecked call to EntitySearchFilter(java.lang.String,boolean,T,boolean) as a member of the raw type com.agiletec.aps.******.common.entity.model.EntitySearchFilter
[WARNING] /workspace/source/src/test/java/org/entando/entando/aps/******/services/dataobject/entity/TestDataObjectEntityManager.java:[240,37] unchecked call to EntitySearchFilter(java.lang.String,boolean,T,T) as a member of the raw type com.agiletec.aps.******.common.entity.model.EntitySearchFilter
[WARNING] /workspace/source/src/test/java/org/entando/entando/aps/******/services/dataobject/entity/TestDataObjectEntityManager.java:[255,37] unchecked call to EntitySearchFilter(java.lang.String,boolean,T,T) as a member of the raw type com.agiletec.aps.******.common.entity.model.EntitySearchFilter
[WARNING] /workspace/source/src/test/java/org/entando/entando/aps/******/services/dataobject/entity/TestDataObjectEntityManager.java:[269,37] unchecked call to EntitySearchFilter(java.lang.String,boolean,T,T) as a member of the raw type com.agiletec.aps.******.common.entity.model.EntitySearchFilter
[WARNING] /workspace/source/src/test/java/org/entando/entando/aps/******/services/dataobject/entity/TestDataObjectEntityManager.java:[285,37] unchecked call to EntitySearchFilter(java.lang.String,boolean,T,T) as a member of the raw type com.agiletec.aps.******.common.entity.model.EntitySearchFilter
[WARNING] /workspace/source/src/test/java/org/entando/entando/aps/******/services/dataobject/entity/TestDataObjectEntityManager.java:[301,37] unchecked call to EntitySearchFilter(java.lang.String,boolean,T,T) as a member of the raw type com.agiletec.aps.******.common.entity.model.EntitySearchFilter
[WARNING] /workspace/source/src/test/java/org/entando/entando/aps/******/services/dataobject/entity/TestDataObjectEntityManager.java:[316,38] unchecked call to EntitySearchFilter(java.lang.String,boolean,T,T) as a member of the raw type com.agiletec.aps.******.common.entity.model.EntitySearchFilter
[WARNING] /workspace/source/src/test/java/org/entando/entando/aps/******/services/dataobject/entity/TestDataObjectEntityManager.java:[341,38] unchecked call to EntitySearchFilter(java.lang.String,boolean,T,T) as a member of the raw type com.agiletec.aps.******.common.entity.model.EntitySearchFilter
[WARNING] /workspace/source/src/test/java/org/entando/entando/aps/******/services/dataobject/entity/TestDataObjectEntityManager.java:[344,38] unchecked call to EntitySearchFilter(java.lang.String,boolean,T,T) as a member of the raw type com.agiletec.aps.******.common.entity.model.EntitySearchFilter
[WARNING] /workspace/source/src/test/java/org/entando/entando/aps/******/services/oauth2/OAuthConsumerManagerIntegrationTest.java:[107,36] unchecked call to FieldSearchFilter(java.lang.String,T,boolean) as a member of the raw type com.agiletec.aps.******.common.FieldSearchFilter
[WARNING] /workspace/source/src/test/java/org/entando/entando/web/MockMvcHelper.java:[236,54] Possible heap pollution from parameterized vararg type String
[WARNING] /workspace/source/src/test/java/org/entando/entando/aps/******/services/userprofile/UserProfileManagerIntegrationTest.java:[177,54] unchecked call to EntitySearchFilter(java.lang.String,boolean,T,boolean) as a member of the raw type com.agiletec.aps.******.common.entity.model.EntitySearchFilter
[WARNING] /workspace/source/src/test/java/org/entando/entando/aps/******/services/userprofile/UserProfileManagerIntegrationTest.java:[232,54] unchecked call to EntitySearchFilter(java.lang.String,boolean,T,boolean) as a member of the raw type com.agiletec.aps.******.common.entity.model.EntitySearchFilter
[WARNING] /workspace/source/src/test/java/org/entando/entando/aps/******/services/dataobject/TestDataObjectManager.java:[66,42] unchecked call to EntitySearchFilter(java.lang.String,boolean,T,boolean) as a member of the raw type com.agiletec.aps.******.common.entity.model.EntitySearchFilter
[WARNING] /workspace/source/src/test/java/org/entando/entando/aps/******/services/dataobject/TestDataObjectManager.java:[74,47] unchecked call to EntitySearchFilter(java.lang.String,boolean,T,boolean) as a member of the raw type com.agiletec.aps.******.common.entity.model.EntitySearchFilter
[WARNING] /workspace/source/src/test/java/org/entando/entando/aps/******/services/dataobject/TestDataObjectManager.java:[81,23] unchecked call to EntitySearchFilter(java.lang.String,boolean,T,boolean,com.agiletec.aps.******.common.FieldSearchFilter.LikeOptionType) as a member of the raw type com.agiletec.aps.******.common.entity.model.EntitySearchFilter
[WARNING] /workspace/source/src/test/java/org/entando/entando/aps/******/services/dataobject/TestDataObjectManager.java:[89,23] unchecked call to EntitySearchFilter(java.lang.String,boolean,T,boolean,com.agiletec.aps.******.common.FieldSearchFilter.LikeOptionType) as a member of the raw type com.agiletec.aps.******.common.entity.model.EntitySearchFilter
[WARNING] /workspace/source/src/test/java/org/entando/entando/aps/******/services/dataobject/TestDataObjectManager.java:[95,23] unchecked call to EntitySearchFilter(java.lang.String,boolean,T,boolean,com.agiletec.aps.******.common.FieldSearchFilter.LikeOptionType) as a member of the raw type com.agiletec.aps.******.common.entity.model.EntitySearchFilter
[WARNING] /workspace/source/src/test/java/org/entando/entando/aps/******/services/dataobject/TestDataObjectManager.java:[106,44] unchecked call to EntitySearchFilter(java.lang.String,boolean,T,boolean) as a member of the raw type com.agiletec.aps.******.common.entity.model.EntitySearchFilter
[WARNING] /workspace/source/src/test/java/org/entando/entando/aps/******/services/dataobject/TestDataObjectManager.java:[114,25] unchecked call to EntitySearchFilter(java.lang.String,boolean,T,boolean) as a member of the raw type com.agiletec.aps.******.common.entity.model.EntitySearchFilter
[WARNING] /workspace/source/src/test/java/org/entando/entando/aps/******/services/dataobject/TestDataObjectManager.java:[131,42] unchecked call to EntitySearchFilter(java.lang.String,boolean,T,boolean) as a member of the raw type com.agiletec.aps.******.common.entity.model.EntitySearchFilter
[WARNING] /workspace/source/src/test/java/org/entando/entando/aps/******/services/dataobject/TestDataObjectManager.java:[139,47] unchecked call to EntitySearchFilter(java.lang.String,boolean,T,boolean) as a member of the raw type com.agiletec.aps.******.common.entity.model.EntitySearchFilter
[WARNING] /workspace/source/src/test/java/org/entando/entando/aps/******/services/dataobject/TestDataObjectManager.java:[153,42] unchecked call to EntitySearchFilter(java.lang.String,boolean,T,boolean,com.agiletec.aps.******.common.FieldSearchFilter.LikeOptionType) as a member of the raw type com.agiletec.aps.******.common.entity.model.EntitySearchFilter
[WARNING] /workspace/source/src/test/java/org/entando/entando/aps/******/services/dataobject/TestDataObjectManager.java:[161,23] unchecked call to EntitySearchFilter(java.lang.String,boolean,T,boolean,com.agiletec.aps.******.common.FieldSearchFilter.LikeOptionType) as a member of the raw type com.agiletec.aps.******.common.entity.model.EntitySearchFilter
[WARNING] /workspace/source/src/test/java/org/entando/entando/aps/******/services/dataobject/TestDataObjectManager.java:[169,39] unchecked call to EntitySearchFilter(java.lang.String,boolean,T,boolean,com.agiletec.aps.******.common.FieldSearchFilter.LikeOptionType) as a member of the raw type com.agiletec.aps.******.common.entity.model.EntitySearchFilter
[WARNING] /workspace/source/src/test/java/org/entando/entando/aps/******/services/dataobject/TestDataObjectManager.java:[177,23] unchecked call to EntitySearchFilter(java.lang.String,boolean,T,boolean,com.agiletec.aps.******.common.FieldSearchFilter.LikeOptionType) as a member of the raw type com.agiletec.aps.******.common.entity.model.EntitySearchFilter
[WARNING] /workspace/source/src/test/java/org/entando/entando/aps/******/services/dataobject/TestDataObjectManager.java:[190,42] unchecked call to EntitySearchFilter(java.lang.String,boolean,T,boolean) as a member of the raw type com.agiletec.aps.******.common.entity.model.EntitySearchFilter
[WARNING] /workspace/source/src/test/java/org/entando/entando/aps/******/services/dataobject/TestDataObjectManager.java:[202,43] unchecked call to EntitySearchFilter(java.lang.String,boolean,T,boolean) as a member of the raw type com.agiletec.aps.******.common.entity.model.EntitySearchFilter
[WARNING] /workspace/source/src/test/java/org/entando/entando/aps/******/services/dataobject/TestDataObjectManager.java:[220,41] unchecked call to EntitySearchFilter(java.lang.String,boolean,T,boolean) as a member of the raw type com.agiletec.aps.******.common.entity.model.EntitySearchFilter
[WARNING] /workspace/source/src/test/java/org/entando/entando/aps/******/services/dataobject/TestDataObjectManager.java:[233,43] unchecked call to EntitySearchFilter(java.lang.String,boolean,T,boolean) as a member of the raw type com.agiletec.aps.******.common.entity.model.EntitySearchFilter
[WARNING] /workspace/source/src/test/java/org/entando/entando/aps/******/services/dataobject/TestDataObjectManager.java:[254,42] unchecked call to EntitySearchFilter(java.lang.String,boolean,T,boolean) as a member of the raw type com.agiletec.aps.******.common.entity.model.EntitySearchFilter
[WARNING] /workspace/source/src/test/java/org/entando/entando/aps/******/services/dataobject/TestDataObjectManager.java:[280,44] unchecked call to EntitySearchFilter(java.lang.String,boolean,T,boolean) as a member of the raw type com.agiletec.aps.******.common.entity.model.EntitySearchFilter
[WARNING] /workspace/source/src/test/java/org/entando/entando/aps/******/services/dataobject/TestDataObjectManager.java:[557,37] unchecked call to EntitySearchFilter(java.lang.String,boolean,T,T) as a member of the raw type com.agiletec.aps.******.common.entity.model.EntitySearchFilter
[WARNING] /workspace/source/src/test/java/org/entando/entando/aps/******/services/dataobject/TestDataObjectManager.java:[558,38] unchecked call to EntitySearchFilter(java.lang.String,boolean,T,boolean) as a member of the raw type com.agiletec.aps.******.common.entity.model.EntitySearchFilter
[WARNING] /workspace/source/src/test/java/org/entando/entando/aps/******/services/dataobject/TestDataObjectManager.java:[598,37] unchecked call to EntitySearchFilter(java.lang.String,boolean,T,T) as a member of the raw type com.agiletec.aps.******.common.entity.model.EntitySearchFilter
[WARNING] /workspace/source/src/test/java/org/entando/entando/aps/******/services/dataobject/TestDataObjectManager.java:[599,38] unchecked call to EntitySearchFilter(java.lang.String,boolean,T,boolean) as a member of the raw type com.agiletec.aps.******.common.entity.model.EntitySearchFilter
[WARNING] /workspace/source/src/test/java/org/entando/entando/aps/******/services/dataobject/TestDataObjectManager.java:[618,37] unchecked call to EntitySearchFilter(java.lang.String,boolean,T,T) as a member of the raw type com.agiletec.aps.******.common.entity.model.EntitySearchFilter
[WARNING] /workspace/source/src/test/java/org/entando/entando/aps/******/services/dataobject/TestDataObjectManager.java:[619,40] unchecked call to EntitySearchFilter(java.lang.String,boolean,T,boolean) as a member of the raw type com.agiletec.aps.******.common.entity.model.EntitySearchFilter
[WARNING] /workspace/source/src/test/java/org/entando/entando/aps/******/services/dataobject/TestDataObjectManager.java:[626,40] unchecked call to EntitySearchFilter(java.lang.String,boolean,T,boolean) as a member of the raw type com.agiletec.aps.******.common.entity.model.EntitySearchFilter
[WARNING] /workspace/source/src/test/java/org/entando/entando/aps/******/services/dataobject/TestDataObjectManager.java:[640,37] unchecked call to EntitySearchFilter(java.lang.String,boolean,T,boolean) as a member of the raw type com.agiletec.aps.******.common.entity.model.EntitySearchFilter
[WARNING] /workspace/source/src/test/java/org/entando/entando/aps/******/services/dataobject/TestDataObjectManager.java:[658,19] unchecked call to EntitySearchFilter(java.lang.String,boolean,T,T) as a member of the raw type com.agiletec.aps.******.common.entity.model.EntitySearchFilter
[WARNING] /workspace/source/src/test/java/org/entando/entando/aps/******/services/dataobject/TestDataObjectManager.java:[668,19] unchecked call to EntitySearchFilter(java.lang.String,boolean,T,T) as a member of the raw type com.agiletec.aps.******.common.entity.model.EntitySearchFilter
[WARNING] /workspace/source/src/test/java/org/entando/entando/aps/******/services/dataobject/TestDataObjectManager.java:[686,37] unchecked call to EntitySearchFilter(java.lang.String,boolean,java.util.List<T>,boolean) as a member of the raw type com.agiletec.aps.******.common.entity.model.EntitySearchFilter
[WARNING] /workspace/source/src/test/java/org/entando/entando/aps/******/services/dataobject/TestDataObjectManager.java:[710,19] unchecked call to EntitySearchFilter(java.lang.String,boolean,java.util.List<T>,boolean) as a member of the raw type com.agiletec.aps.******.common.entity.model.EntitySearchFilter
[WARNING] /workspace/source/src/test/java/org/entando/entando/aps/******/services/dataobject/TestDataObjectManager.java:[735,19] unchecked call to EntitySearchFilter(java.lang.String,boolean,java.util.List<T>,boolean) as a member of the raw type com.agiletec.aps.******.common.entity.model.EntitySearchFilter
[WARNING] /workspace/source/src/test/java/org/entando/entando/aps/******/services/dataobject/TestDataObjectManager.java:[761,19] unchecked call to EntitySearchFilter(java.lang.String,boolean,java.util.List<T>,boolean) as a member of the raw type com.agiletec.aps.******.common.entity.model.EntitySearchFilter
[WARNING] /workspace/source/src/test/java/org/entando/entando/aps/******/services/dataobject/TestDataObjectManager.java:[784,19] unchecked call to EntitySearchFilter(java.lang.String,boolean,T,boolean) as a member of the raw type com.agiletec.aps.******.common.entity.model.EntitySearchFilter
[WARNING] /workspace/source/src/test/java/org/entando/entando/aps/******/services/dataobject/TestDataObjectManager.java:[808,19] unchecked call to EntitySearchFilter(java.lang.String,boolean,T,boolean) as a member of the raw type com.agiletec.aps.******.common.entity.model.EntitySearchFilter
[WARNING] /workspace/source/src/test/java/org/entando/entando/aps/******/services/dataobject/TestDataObjectManager.java:[834,37] unchecked call to EntitySearchFilter(java.lang.String,boolean,java.util.List<T>,boolean) as a member of the raw type com.agiletec.aps.******.common.entity.model.EntitySearchFilter
[WARNING] /workspace/source/src/test/java/org/entando/entando/aps/******/services/dataobject/TestDataObjectManager.java:[948,37] unchecked call to EntitySearchFilter(java.lang.String,boolean,T,T) as a member of the raw type com.agiletec.aps.******.common.entity.model.EntitySearchFilter
[WARNING] /workspace/source/src/test/java/org/entando/entando/aps/******/services/dataobject/TestDataObjectManager.java:[962,37] unchecked call to EntitySearchFilter(java.lang.String,boolean,T,T) as a member of the raw type com.agiletec.aps.******.common.entity.model.EntitySearchFilter
[WARNING] /workspace/source/src/test/java/org/entando/entando/aps/******/services/dataobject/TestDataObjectManager.java:[978,37] unchecked call to EntitySearchFilter(java.lang.String,boolean,T,T) as a member of the raw type com.agiletec.aps.******.common.entity.model.EntitySearchFilter
[WARNING] /workspace/source/src/test/java/org/entando/entando/aps/******/services/dataobject/TestDataObjectManager.java:[993,37] unchecked call to EntitySearchFilter(java.lang.String,boolean,T,T) as a member of the raw type com.agiletec.aps.******.common.entity.model.EntitySearchFilter
[WARNING] /workspace/source/src/test/java/org/entando/entando/aps/******/services/dataobject/TestDataObjectManager.java:[1009,37] unchecked call to EntitySearchFilter(java.lang.String,boolean,T,T) as a member of the raw type com.agiletec.aps.******.common.entity.model.EntitySearchFilter
[WARNING] /workspace/source/src/test/java/org/entando/entando/aps/******/services/dataobject/TestDataObjectManager.java:[1024,37] unchecked call to EntitySearchFilter(java.lang.String,boolean,T,T) as a member of the raw type com.agiletec.aps.******.common.entity.model.EntitySearchFilter
[WARNING] /workspace/source/src/test/java/org/entando/entando/aps/******/services/dataobject/TestDataObjectManager.java:[1063,38] unchecked call to EntitySearchFilter(java.lang.String,boolean,T,boolean) as a member of the raw type com.agiletec.aps.******.common.entity.model.EntitySearchFilter
[WARNING] /workspace/source/src/test/java/org/entando/entando/aps/******/services/dataobject/TestDataObjectManager.java:[1149,37] unchecked call to EntitySearchFilter(java.lang.String,boolean,T,T) as a member of the raw type com.agiletec.aps.******.common.entity.model.EntitySearchFilter
[WARNING] /workspace/source/src/test/java/org/entando/entando/aps/******/services/dataobject/TestDataObjectManager.java:[1161,38] unchecked call to EntitySearchFilter(java.lang.String,boolean,T,boolean) as a member of the raw type com.agiletec.aps.******.common.entity.model.EntitySearchFilter
[WARNING] /workspace/source/src/test/java/org/entando/entando/aps/******/services/dataobject/TestDataObjectManager.java:[1251,38] unchecked call to EntitySearchFilter(java.lang.String,boolean,T,boolean) as a member of the raw type com.agiletec.aps.******.common.entity.model.EntitySearchFilter
[WARNING] /workspace/source/src/test/java/org/entando/entando/aps/******/services/dataobject/TestDataObjectManager.java:[1280,38] unchecked call to EntitySearchFilter(java.lang.String,boolean,T,boolean) as a member of the raw type com.agiletec.aps.******.common.entity.model.EntitySearchFilter
[WARNING] /workspace/source/src/test/java/org/entando/entando/aps/******/services/dataobject/TestDataObjectManager.java:[1323,42] unchecked call to EntitySearchFilter(java.lang.String,boolean,T,boolean) as a member of the raw type com.agiletec.aps.******.common.entity.model.EntitySearchFilter
[WARNING] /workspace/source/src/test/java/org/entando/entando/aps/******/services/guifragment/GuiFragmentServiceTest.java:[140,43] unchecked call to PagedMetadata(org.entando.entando.web.common.model.RestListRequest,java.util.List<T>,int) as a member of the raw type org.entando.entando.web.common.model.PagedMetadata
[WARNING] /workspace/source/src/test/java/org/entando/entando/aps/******/services/guifragment/GuiFragmentServiceTest.java:[144,78] unchecked method invocation: method thenReturn in interface org.mockito.stubbing.OngoingStubbing is applied to given types
  required: T
  found: org.entando.entando.web.common.model.PagedMetadata
[WARNING] /workspace/source/src/test/java/org/entando/entando/aps/******/services/guifragment/GuiFragmentServiceTest.java:[144,79] unchecked conversion
  required: T
  found:    org.entando.entando.web.common.model.PagedMetadata
[WARNING] /workspace/source/src/test/java/org/entando/entando/aps/******/services/pagemodel/PageModelServiceTest.java:[119,39] unchecked call to PagedMetadata(org.entando.entando.web.common.model.RestListRequest,java.util.List<T>,int) as a member of the raw type org.entando.entando.web.common.model.PagedMetadata
[WARNING] /workspace/source/src/test/java/org/entando/entando/aps/******/services/pagemodel/PageModelServiceTest.java:[123,74] unchecked method invocation: method thenReturn in interface org.mockito.stubbing.OngoingStubbing is applied to given types
  required: T
  found: org.entando.entando.web.common.model.PagedMetadata
[WARNING] /workspace/source/src/test/java/org/entando/entando/aps/******/services/pagemodel/PageModelServiceTest.java:[123,75] unchecked conversion
  required: T
  found:    org.entando.entando.web.common.model.PagedMetadata
[WARNING] /workspace/source/src/test/java/org/entando/entando/web/user/UserControllerUnitTest.java:[266,90] unchecked cast
  required: java.util.List<org.entando.entando.aps.******.services.user.model.UserAuthorityDto>
  found:    java.lang.Object
[WARNING] /workspace/source/src/test/java/org/entando/entando/aps/******/services/page/PageServiceTest.java:[426,43] unchecked call to PagedMetadata(org.entando.entando.web.common.model.RestListRequest,java.util.List<T>,int) as a member of the raw type org.entando.entando.web.common.model.PagedMetadata
[WARNING] /workspace/source/src/test/java/org/entando/entando/aps/******/services/page/PageServiceTest.java:[430,78] unchecked method invocation: method thenReturn in interface org.mockito.stubbing.OngoingStubbing is applied to given types
  required: T
  found: org.entando.entando.web.common.model.PagedMetadata
[WARNING] /workspace/source/src/test/java/org/entando/entando/aps/******/services/page/PageServiceTest.java:[430,79] unchecked conversion
  required: T
  found:    org.entando.entando.web.common.model.PagedMetadata
[WARNING] /workspace/source/src/test/java/org/entando/entando/aps/******/services/entity/AbstractEntityTypeServiceTest.java:[37,34] unchecked call to setEntityManagers(java.util.List<com.agiletec.aps.******.common.entity.IEntityManager>) as a member of the raw type org.entando.entando.aps.******.services.entity.AbstractEntityTypeService
[WARNING] /workspace/source/src/test/java/org/entando/entando/aps/******/services/entity/AbstractEntityTypeServiceTest.java:[131,19] unchecked method invocation: method assertThat in class org.assertj.core.api.Assertions is applied to given types
  required: java.util.List<? extends ELEMENT>
  found: java.util.List
[WARNING] /workspace/source/src/test/java/org/entando/entando/aps/******/services/entity/AbstractEntityTypeServiceTest.java:[131,36] unchecked conversion
  required: java.util.List<? extends ELEMENT>
  found:    java.util.List
[WARNING] /workspace/source/src/test/java/org/entando/entando/aps/******/services/entity/AbstractEntityTypeServiceTest.java:[131,55] unchecked call to containsExactly(ELEMENT...) as a member of the raw type org.assertj.core.api.ListAssert
[WARNING] /workspace/source/src/test/java/org/entando/entando/aps/******/services/label/LabelServiceTest.java:[177,58] unchecked conversion
  required: java.util.HashMap<java.lang.String,com.agiletec.aps.util.ApsProperties>
  found:    java.util.HashMap
[INFO] /workspace/source/src/test/java/org/entando/entando/aps/******/services/dataobject/widget/TestDataObjectListHelper.java: Some input files use or override a deprecated API.
[INFO] /workspace/source/src/test/java/org/entando/entando/aps/******/services/dataobject/widget/TestDataObjectListHelper.java: Recompile with -Xlint:deprecation for details.
[INFO] 
[INFO] --- maven-surefire-plugin:3.0.0-M4:test (default-test) @ entando-engine ---
[INFO] 
[INFO] -------------------------------------------------------
[INFO]  T E S T S
[INFO] -------------------------------------------------------
SLF4J: Failed to load class "org.slf4j.impl.StaticLoggerBinder".
SLF4J: Defaulting to no-operation (NOP) logger implementation
SLF4J: See http://www.slf4j.org/codes.html#StaticLoggerBinder for further details.
[INFO] Running org.entando.entando.ent.EntLoggingTest
[INFO] Tests run: 8, Failures: 0, Errors: 0, Skipped: 0, Time elapsed: 0.031 s - in org.entando.entando.ent.EntLoggingTest
[INFO] Running org.entando.entando.ent.util.EntSafeXmlUtilsTest
[DEBUG] 2020-09-16 11:18:37.330 [main] logging - Logging Provider: org.jboss.logging.Log4j2LoggerProvider
[INFO] Tests run: 2, Failures: 0, Errors: 0, Skipped: 0, Time elapsed: 0.462 s - in org.entando.entando.ent.util.EntSafeXmlUtilsTest
[INFO] Running org.entando.entando.aps.******.init.InitializerManagerTest
[INFO] Tests run: 1, Failures: 0, Errors: 0, Skipped: 0, Time elapsed: 1.435 s - in org.entando.entando.aps.******.init.InitializerManagerTest
[INFO] Running org.entando.entando.aps.******.init.DatabaseManagerTest
+ [ Component: test_component ] :: DATA
|   
|   Starting uninstall
|   
|   ( !! )  skipping portDataSource: not available
|   ( !! )  skipping servDataSource: not available
|   
|   Uninstall complete
|   
[INFO] Tests run: 1, Failures: 0, Errors: 0, Skipped: 0, Time elapsed: 0.399 s - in org.entando.entando.aps.******.init.DatabaseManagerTest
[INFO] Running com.agiletec.aps.******.common.entity.TestEntityManager
+ [ Component: Core ] :: SCHEMA
|   
|   Starting installation
|   
|   ( ok )  portDataSource.sysconfig
[DEBUG] 2020-09-16 11:18:48.501 [main] DaoManager - created dao for class class org.entando.entando.aps.******.init.model.portdb.Sysconfig with reflection
[DEBUG] 2020-09-16 11:18:48.502 [main] ApsTableUtils - creating table 'SYSCONFIG'
[DEBUG] 2020-09-16 11:18:48.510 [main] JdbcConnectionSource - opened connection to jdbc:derby:/workspace/source/target/test/db/entando-enginetestPort;create=true;user=agile;password=agile got #112287861
[DEBUG] 2020-09-16 11:18:48.560 [main] ApsTableUtils - e**cuted create table statement changed 0 rows: CREATE TABLE  SYSCONFIG  ( VERSION  VARCHAR(10) NOT NULL ,  ITEM  VARCHAR(40) NOT NULL ,  DESCR  VARCHAR(100) NOT NULL ,  CONFIG  CLOB NOT NULL ) 
[DEBUG] 2020-09-16 11:18:48.561 [main] StatementE**cutor - running raw e**cute statement: ALTER TABLE sysconfig ADD CONSTRAINT sysconfig_pkey PRIMARY KEY(version , item )
|   ( ok )  portDataSource.categories
[DEBUG] 2020-09-16 11:18:48.663 [main] DaoManager - created dao for class class org.entando.entando.aps.******.init.model.portdb.Category with reflection
[DEBUG] 2020-09-16 11:18:48.663 [main] ApsTableUtils - creating table 'CATEGORIES'
[DEBUG] 2020-09-16 11:18:48.696 [main] ApsTableUtils - e**cuted create table statement changed 0 rows: CREATE TABLE  CATEGORIES  ( CATCODE  VARCHAR(30) NOT NULL ,  PARENTCODE  VARCHAR(30) NOT NULL ,  TITLES  CLOB NOT NULL , PRIMARY KEY ( CATCODE ) ) 
|   ( ok )  portDataSource.localstrings
[DEBUG] 2020-09-16 11:18:48.698 [main] DaoManager - created dao for class class org.entando.entando.aps.******.init.model.portdb.LocalString with reflection
[DEBUG] 2020-09-16 11:18:48.698 [main] ApsTableUtils - creating table 'LOCALSTRINGS'
[DEBUG] 2020-09-16 11:18:48.720 [main] ApsTableUtils - e**cuted create table statement changed 0 rows: CREATE TABLE  LOCALSTRINGS  ( KEYCODE  VARCHAR(50) NOT NULL ,  LANGCODE  VARCHAR(2) NOT NULL ,  STRINGVALUE  CLOB NOT NULL ) 
[DEBUG] 2020-09-16 11:18:48.720 [main] StatementE**cutor - running raw e**cute statement: ALTER TABLE localstrings ADD CONSTRAINT localstrings_pkey PRIMARY KEY(keycode , langcode )
|   ( ok )  portDataSource.pagemodels
[DEBUG] 2020-09-16 11:18:48.738 [main] DaoManager - created dao for class class org.entando.entando.aps.******.init.model.portdb.PageModel with reflection
[DEBUG] 2020-09-16 11:18:48.738 [main] ApsTableUtils - creating table 'PAGEMODELS'
[DEBUG] 2020-09-16 11:18:48.766 [main] ApsTableUtils - e**cuted create table statement changed 0 rows: CREATE TABLE  PAGEMODELS  ( CODE  VARCHAR(40) NOT NULL ,  DESCR  VARCHAR(50) NOT NULL ,  FRAMES  CLOB ,  PLUGINCODE  VARCHAR(30) ,  TEMPLATEGUI  CLOB , PRIMARY KEY ( CODE ) ) 
|   ( ok )  portDataSource.pages
[DEBUG] 2020-09-16 11:18:48.769 [main] DaoManager - created dao for class class org.entando.entando.aps.******.init.model.portdb.Page with reflection
[DEBUG] 2020-09-16 11:18:48.769 [main] ApsTableUtils - creating table 'PAGES'
[DEBUG] 2020-09-16 11:18:48.798 [main] ApsTableUtils - e**cuted create table statement changed 0 rows: CREATE TABLE  PAGES  ( CODE  VARCHAR(30) NOT NULL ,  PARENTCODE  VARCHAR(30) NOT NULL ,  POS  INTEGER NOT NULL , PRIMARY KEY ( CODE ) ) 
|   ( ok )  portDataSource.pages_metadata_online
[DEBUG] 2020-09-16 11:18:48.802 [main] DaoManager - created dao for class class org.entando.entando.aps.******.init.model.portdb.PageMetadataOnline with reflection
[DEBUG] 2020-09-16 11:18:48.803 [main] ApsTableUtils - creating table 'PAGES_METADATA_ONLINE'
[DEBUG] 2020-09-16 11:18:48.833 [main] ApsTableUtils - e**cuted create table statement changed 0 rows: CREATE TABLE  PAGES_METADATA_ONLINE  ( CODE  VARCHAR(30) NOT NULL ,  GROUPCODE  VARCHAR(30) NOT NULL ,  TITLES  CLOB NOT NULL ,  MODELCODE  VARCHAR(40) NOT NULL ,  SHOWINMENU  SMALLINT NOT NULL ,  EXTRACONFIG  CLOB ,  UPDATEDAT  TIMESTAMP , PRIMARY KEY ( CODE ) ) 
[DEBUG] 2020-09-16 11:18:48.834 [main] StatementE**cutor - running raw e**cute statement: ALTER TABLE pages_metadata_online ADD CONSTRAINT pages_metadata_online_code_fk FOREIGN KEY (code) REFERENCES pages (code) 
[DEBUG] 2020-09-16 11:18:48.902 [main] StatementE**cutor - running raw e**cute statement: ALTER TABLE pages_metadata_online ADD CONSTRAINT pages_metadata_online_modelcode_fk FOREIGN KEY (modelcode) REFERENCES pagemodels (code)
|   ( ok )  portDataSource.pages_metadata_draft
[DEBUG] 2020-09-16 11:18:48.972 [main] DaoManager - created dao for class class org.entando.entando.aps.******.init.model.portdb.PageMetadataDraft with reflection
[DEBUG] 2020-09-16 11:18:48.972 [main] ApsTableUtils - creating table 'PAGES_METADATA_DRAFT'
[DEBUG] 2020-09-16 11:18:49.027 [main] ApsTableUtils - e**cuted create table statement changed 0 rows: CREATE TABLE  PAGES_METADATA_DRAFT  ( CODE  VARCHAR(30) NOT NULL ,  GROUPCODE  VARCHAR(30) NOT NULL ,  TITLES  CLOB NOT NULL ,  MODELCODE  VARCHAR(40) NOT NULL ,  SHOWINMENU  SMALLINT NOT NULL ,  EXTRACONFIG  CLOB ,  UPDATEDAT  TIMESTAMP , PRIMARY KEY ( CODE ) ) 
[DEBUG] 2020-09-16 11:18:49.028 [main] StatementE**cutor - running raw e**cute statement: ALTER TABLE pages_metadata_draft ADD CONSTRAINT pages_metadata_draft_code_fk FOREIGN KEY (code) REFERENCES pages (code) 
[DEBUG] 2020-09-16 11:18:49.040 [main] StatementE**cutor - running raw e**cute statement: ALTER TABLE pages_metadata_draft ADD CONSTRAINT pages_metadata_draft_modelcode_fk FOREIGN KEY (modelcode) REFERENCES pagemodels (code)
|   ( ok )  portDataSource.widgetcatalog
[DEBUG] 2020-09-16 11:18:49.072 [main] DaoManager - created dao for class class org.entando.entando.aps.******.init.model.portdb.WidgetCatalog with reflection
[DEBUG] 2020-09-16 11:18:49.072 [main] ApsTableUtils - creating table 'WIDGETCATALOG'
[DEBUG] 2020-09-16 11:18:49.105 [main] ApsTableUtils - e**cuted create table statement changed 0 rows: CREATE TABLE  WIDGETCATALOG  ( CODE  VARCHAR(40) NOT NULL ,  TITLES  CLOB NOT NULL ,  PARAMETERS  CLOB ,  PLUGINCODE  VARCHAR(30) ,  PARENTTYPECODE  VARCHAR(40) ,  DEFAULTCONFIG  CLOB ,  LOCKED  SMALLINT NOT NULL ,  MAINGROUP  VARCHAR(20) ,  CONFIGUI  CLOB ,  BUNDLEID  VARCHAR(150) , PRIMARY KEY ( CODE ) ) 
|   ( ok )  portDataSource.guifragment
[DEBUG] 2020-09-16 11:18:49.106 [main] DaoManager - created dao for class class org.entando.entando.aps.******.init.model.portdb.GuiFragment with reflection
[DEBUG] 2020-09-16 11:18:49.107 [main] ApsTableUtils - creating table 'GUIFRAGMENT'
[DEBUG] 2020-09-16 11:18:49.131 [main] ApsTableUtils - e**cuted create table statement changed 0 rows: CREATE TABLE  GUIFRAGMENT  ( CODE  VARCHAR(50) NOT NULL ,  WIDGETTYPECODE  VARCHAR(40) ,  PLUGINCODE  VARCHAR(30) ,  GUI  CLOB ,  DEFAULTGUI  CLOB ,  LOCKED  SMALLINT NOT NULL , PRIMARY KEY ( CODE ) ) 
[DEBUG] 2020-09-16 11:18:49.132 [main] StatementE**cutor - running raw e**cute statement: ALTER TABLE guifragment ADD CONSTRAINT guifragment_wdgtypecode_fkey FOREIGN KEY (widgettypecode) REFERENCES widgetcatalog (code)
|   ( ok )  portDataSource.widgetconfig
[DEBUG] 2020-09-16 11:18:49.160 [main] DaoManager - created dao for class class org.entando.entando.aps.******.init.model.portdb.WidgetConfig with reflection
[DEBUG] 2020-09-16 11:18:49.160 [main] ApsTableUtils - creating table 'WIDGETCONFIG'
[DEBUG] 2020-09-16 11:18:49.180 [main] ApsTableUtils - e**cuted create table statement changed 0 rows: CREATE TABLE  WIDGETCONFIG  ( PAGECODE  VARCHAR(30) NOT NULL ,  FRAMEPOS  INTEGER NOT NULL ,  WIDGETCODE  VARCHAR(40) NOT NULL ,  CONFIG  CLOB ) 
[DEBUG] 2020-09-16 11:18:49.180 [main] StatementE**cutor - running raw e**cute statement: ALTER TABLE widgetconfig ADD CONSTRAINT widgetconfig_pkey PRIMARY KEY(pagecode , framepos)
[DEBUG] 2020-09-16 11:18:49.214 [main] StatementE**cutor - running raw e**cute statement: ALTER TABLE widgetconfig ADD CONSTRAINT widgetconfig_pagecode_fkey FOREIGN KEY (pagecode) REFERENCES pages (code)
[DEBUG] 2020-09-16 11:18:49.300 [main] StatementE**cutor - running raw e**cute statement: ALTER TABLE widgetconfig ADD CONSTRAINT widgetconfig_widgetcode_fkey FOREIGN KEY (widgetcode) REFERENCES widgetcatalog (code)
|   ( ok )  portDataSource.widgetconfig_draft
[DEBUG] 2020-09-16 11:18:49.364 [main] DaoManager - created dao for class class org.entando.entando.aps.******.init.model.portdb.WidgetConfigDraft with reflection
[DEBUG] 2020-09-16 11:18:49.364 [main] ApsTableUtils - creating table 'WIDGETCONFIG_DRAFT'
[DEBUG] 2020-09-16 11:18:49.379 [main] ApsTableUtils - e**cuted create table statement changed 0 rows: CREATE TABLE  WIDGETCONFIG_DRAFT  ( PAGECODE  VARCHAR(30) NOT NULL ,  FRAMEPOS  INTEGER NOT NULL ,  WIDGETCODE  VARCHAR(40) NOT NULL ,  CONFIG  CLOB ) 
[DEBUG] 2020-09-16 11:18:49.380 [main] StatementE**cutor - running raw e**cute statement: ALTER TABLE widgetconfig_draft ADD CONSTRAINT widgetconfig_draft_pkey PRIMARY KEY(pagecode , framepos)
[DEBUG] 2020-09-16 11:18:49.425 [main] StatementE**cutor - running raw e**cute statement: ALTER TABLE widgetconfig_draft ADD CONSTRAINT widgetconfig_draft_pagecode_fkey FOREIGN KEY (pagecode) REFERENCES pages (code)
[DEBUG] 2020-09-16 11:18:49.466 [main] StatementE**cutor - running raw e**cute statement: ALTER TABLE widgetconfig_draft ADD CONSTRAINT widgetconfig_draft_widgetcode_fkey FOREIGN KEY (widgetcode) REFERENCES widgetcatalog (code)
|   ( ok )  portDataSource.uniquekeys
[DEBUG] 2020-09-16 11:18:49.513 [main] DaoManager - created dao for class class org.entando.entando.aps.******.init.model.portdb.Uniquekeys with reflection
[DEBUG] 2020-09-16 11:18:49.514 [main] ApsTableUtils - creating table 'UNIQUEKEYS'
[DEBUG] 2020-09-16 11:18:49.527 [main] ApsTableUtils - e**cuted create table statement changed 0 rows: CREATE TABLE  UNIQUEKEYS  ( ID  INTEGER NOT NULL ,  KEYVALUE  INTEGER NOT NULL , PRIMARY KEY ( ID ) ) 
[DEBUG] 2020-09-16 11:18:49.528 [main] JdbcConnectionSource - closed connection #112287861
|   
|   ( ok )  servDataSource.authgroups
[DEBUG] 2020-09-16 11:18:50.430 [main] DaoManager - created dao for class class org.entando.entando.aps.******.init.model.servdb.Group with reflection
[DEBUG] 2020-09-16 11:18:50.430 [main] ApsTableUtils - creating table 'AUTHGROUPS'
[DEBUG] 2020-09-16 11:18:50.431 [main] JdbcConnectionSource - opened connection to jdbc:derby:/workspace/source/target/test/db/entando-enginetestServ;create=true;user=agile;password=agile got #1112450920
[DEBUG] 2020-09-16 11:18:50.454 [main] ApsTableUtils - e**cuted create table statement changed 0 rows: CREATE TABLE  AUTHGROUPS  ( GROUPNAME  VARCHAR(20) NOT NULL ,  DESCR  VARCHAR(50) NOT NULL , PRIMARY KEY ( GROUPNAME ) ) 
|   ( ok )  servDataSource.authpermissions
[DEBUG] 2020-09-16 11:18:50.455 [main] DaoManager - created dao for class class org.entando.entando.aps.******.init.model.servdb.Permission with reflection
[DEBUG] 2020-09-16 11:18:50.455 [main] ApsTableUtils - creating table 'AUTHPERMISSIONS'
[DEBUG] 2020-09-16 11:18:50.468 [main] ApsTableUtils - e**cuted create table statement changed 0 rows: CREATE TABLE  AUTHPERMISSIONS  ( PERMISSIONNAME  VARCHAR(30) NOT NULL ,  DESCR  VARCHAR(50) NOT NULL , PRIMARY KEY ( PERMISSIONNAME ) ) 
|   ( ok )  servDataSource.authroles
[DEBUG] 2020-09-16 11:18:50.469 [main] DaoManager - created dao for class class org.entando.entando.aps.******.init.model.servdb.Role with reflection
[DEBUG] 2020-09-16 11:18:50.469 [main] ApsTableUtils - creating table 'AUTHROLES'
[DEBUG] 2020-09-16 11:18:50.513 [main] ApsTableUtils - e**cuted create table statement changed 0 rows: CREATE TABLE  AUTHROLES  ( ROLENAME  VARCHAR(20) NOT NULL ,  DESCR  VARCHAR(50) NOT NULL , PRIMARY KEY ( ROLENAME ) ) 
|   ( ok )  servDataSource.authrolepermissions
[DEBUG] 2020-09-16 11:18:50.516 [main] DaoManager - created dao for class class org.entando.entando.aps.******.init.model.servdb.RolePermissionReference with reflection
[DEBUG] 2020-09-16 11:18:50.516 [main] ApsTableUtils - creating table 'AUTHROLEPERMISSIONS'
[DEBUG] 2020-09-16 11:18:50.553 [main] ApsTableUtils - e**cuted create table statement changed 0 rows: CREATE TABLE  AUTHROLEPERMISSIONS  ( ID  INTEGER GENERATED BY DEFAULT AS IDENTITY ,  ROLENAME  VARCHAR(20) NOT NULL ,  PERMISSIONNAME  VARCHAR(30) NOT NULL , PRIMARY KEY ( ID ) ) 
[DEBUG] 2020-09-16 11:18:50.554 [main] StatementE**cutor - running raw e**cute statement: ALTER TABLE authrolepermissions ADD CONSTRAINT authrolepermissions_perm_fkey FOREIGN KEY (permissionname) REFERENCES authpermissions (permissionname)
[DEBUG] 2020-09-16 11:18:50.577 [main] StatementE**cutor - running raw e**cute statement: ALTER TABLE authrolepermissions ADD CONSTRAINT authrolepermissions_role_fkey FOREIGN KEY (rolename) REFERENCES authroles (rolename)
|   ( ok )  servDataSource.authusers
[DEBUG] 2020-09-16 11:18:50.610 [main] DaoManager - created dao for class class org.entando.entando.aps.******.init.model.servdb.User with reflection
[DEBUG] 2020-09-16 11:18:50.610 [main] ApsTableUtils - creating table 'AUTHUSERS'
[DEBUG] 2020-09-16 11:18:50.632 [main] ApsTableUtils - e**cuted create table statement changed 0 rows: CREATE TABLE  AUTHUSERS  ( USERNAME  VARCHAR(80) NOT NULL ,  PASSWD  VARCHAR(512) ,  REGISTRATIONDATE  TIMESTAMP NOT NULL ,  LASTACCESS  TIMESTAMP ,  LASTPASSWORDCHANGE  TIMESTAMP ,  ACTIVE  SMALLINT , PRIMARY KEY ( USERNAME ) ) 
|   ( ok )  servDataSource.authusergrouprole
[DEBUG] 2020-09-16 11:18:50.635 [main] DaoManager - created dao for class class org.entando.entando.aps.******.init.model.servdb.UserGroupRoleReference with reflection
[DEBUG] 2020-09-16 11:18:50.635 [main] ApsTableUtils - creating table 'AUTHUSERGROUPROLE'
[DEBUG] 2020-09-16 11:18:50.669 [main] ApsTableUtils - e**cuted create table statement changed 0 rows: CREATE TABLE  AUTHUSERGROUPROLE  ( ID  INTEGER GENERATED BY DEFAULT AS IDENTITY ,  USERNAME  VARCHAR(80) NOT NULL ,  GROUPNAME  VARCHAR(20) ,  ROLENAME  VARCHAR(20) , PRIMARY KEY ( ID ) ) 
[DEBUG] 2020-09-16 11:18:50.670 [main] StatementE**cutor - running raw e**cute statement: ALTER TABLE authusergrouprole ADD CONSTRAINT authusergrouprole_grn_fkey FOREIGN KEY (groupname) REFERENCES authgroups (groupname)
[DEBUG] 2020-09-16 11:18:50.707 [main] StatementE**cutor - running raw e**cute statement: ALTER TABLE authusergrouprole ADD CONSTRAINT authusergrouprole_rln_fkey FOREIGN KEY (rolename) REFERENCES authroles (rolename)
|   ( ok )  servDataSource.api_oauth_consumers
[DEBUG] 2020-09-16 11:18:50.741 [main] DaoManager - created dao for class class org.entando.entando.aps.******.init.model.servdb.ApiOAuthConsumer with reflection
[DEBUG] 2020-09-16 11:18:50.741 [main] ApsTableUtils - creating table 'API_OAUTH_CONSUMERS'
[DEBUG] 2020-09-16 11:18:50.829 [main] ApsTableUtils - e**cuted create table statement changed 0 rows: CREATE TABLE  API_OAUTH_CONSUMERS  ( CONSUMERKEY  VARCHAR(100) NOT NULL ,  CONSUMERSECRET  VARCHAR(100) NOT NULL ,  NAME  VARCHAR(255) ,  DESCRIPTION  CLOB NOT NULL ,  CALLBACKURL  CLOB ,  SCOPE  VARCHAR(255) ,  AUTHORIZEDGRANTTYPES  VARCHAR(255) ,  EXPIRATIONDATE  TIMESTAMP ,  ISSUEDDATE  TIMESTAMP , PRIMARY KEY ( CONSUMERKEY ) ) 
|   ( ok )  servDataSource.api_oauth_tokens
[DEBUG] 2020-09-16 11:18:50.831 [main] DaoManager - created dao for class class org.entando.entando.aps.******.init.model.servdb.ApiOAuthToken with reflection
[DEBUG] 2020-09-16 11:18:50.831 [main] ApsTableUtils - creating table 'API_OAUTH_TOKENS'
[DEBUG] 2020-09-16 11:18:50.863 [main] ApsTableUtils - e**cuted create table statement changed 0 rows: CREATE TABLE  API_OAUTH_TOKENS  ( ACCESSTOKEN  VARCHAR(100) NOT NULL ,  CLIENTID  VARCHAR(100) NOT NULL ,  EXPIRESIN  TIMESTAMP NOT NULL ,  REFRESHTOKEN  VARCHAR(255) NOT NULL ,  GRANTTYPE  VARCHAR(100) NOT NULL ,  LOCALUSER  VARCHAR(100) , PRIMARY KEY ( ACCESSTOKEN ) ) 
|   ( ok )  servDataSource.apicatalog_methods
[DEBUG] 2020-09-16 11:18:50.865 [main] DaoManager - created dao for class class org.entando.entando.aps.******.init.model.servdb.ApiCatalogMethod with reflection
[DEBUG] 2020-09-16 11:18:50.865 [main] ApsTableUtils - creating table 'APICATALOG_METHODS'
[DEBUG] 2020-09-16 11:18:50.876 [main] ApsTableUtils - e**cuted create table statement changed 0 rows: CREATE TABLE  APICATALOG_METHODS  ( RESOURCECODE  VARCHAR(100) NOT NULL ,  HTTPMETHOD  VARCHAR(6) NOT NULL ,  ISACTIVE  SMALLINT NOT NULL ,  ISHIDDEN  SMALLINT NOT NULL ,  AUTHENTICATIONREQUIRED  SMALLINT ,  AUTHORIZATIONREQUIRED  VARCHAR(30) ) 
[DEBUG] 2020-09-16 11:18:50.876 [main] StatementE**cutor - running raw e**cute statement: ALTER TABLE apicatalog_methods ADD CONSTRAINT apicatalog_methods_pkey PRIMARY KEY(resourcecode , httpmethod)
[DEBUG] 2020-09-16 11:18:50.902 [main] StatementE**cutor - running raw e**cute statement: ALTER TABLE apicatalog_methods ADD CONSTRAINT apicatalog_methods_auth_fkey FOREIGN KEY (authorizationrequired) REFERENCES authpermissions (permissionname)
|   ( ok )  servDataSource.apicatalog_services
[DEBUG] 2020-09-16 11:18:50.923 [main] DaoManager - created dao for class class org.entando.entando.aps.******.init.model.servdb.ApiCatalogService with reflection
[DEBUG] 2020-09-16 11:18:50.924 [main] ApsTableUtils - creating table 'APICATALOG_SERVICES'
[DEBUG] 2020-09-16 11:18:50.950 [main] ApsTableUtils - e**cuted create table statement changed 0 rows: CREATE TABLE  APICATALOG_SERVICES  ( SERVICEKEY  VARCHAR(100) NOT NULL ,  RESOURCECODE  VARCHAR(100) NOT NULL ,  DESCRIPTION  CLOB NOT NULL ,  PARAMETERS  CLOB ,  TAG  VARCHAR(100) ,  FREEPARAMETERS  CLOB ,  ISACTIVE  SMALLINT NOT NULL ,  ISHIDDEN  SMALLINT NOT NULL ,  MYENTANDO  SMALLINT NOT NULL ,  AUTHENTICATIONREQUIRED  SMALLINT ,  REQUIREDPERMISSION  VARCHAR(30) ,  REQUIREDGROUP  VARCHAR(20) , PRIMARY KEY ( SERVICEKEY ) ) 
[DEBUG] 2020-09-16 11:18:50.950 [main] StatementE**cutor - running raw e**cute statement: ALTER TABLE apicatalog_services ADD CONSTRAINT apicatalog_services_gr_fkey FOREIGN KEY (requiredgroup) REFERENCES authgroups (groupname)
[DEBUG] 2020-09-16 11:18:50.970 [main] StatementE**cutor - running raw e**cute statement: ALTER TABLE apicatalog_services ADD CONSTRAINT apicatalog_services_perm_fkey FOREIGN KEY (requiredpermission) REFERENCES authpermissions (permissionname)
|   ( ok )  servDataSource.authuserprofiles
[DEBUG] 2020-09-16 11:18:50.989 [main] DaoManager - created dao for class class org.entando.entando.aps.******.init.model.servdb.UserProfile with reflection
[DEBUG] 2020-09-16 11:18:50.989 [main] ApsTableUtils - creating table 'AUTHUSERPROFILES'
[DEBUG] 2020-09-16 11:18:50.989 [main] ApsTableUtils - creating index 'AUTHUSERPROFILES_profiletype_idx' for table 'AUTHUSERPROFILES
[DEBUG] 2020-09-16 11:18:51.008 [main] ApsTableUtils - e**cuted create table statement changed 0 rows: CREATE TABLE  AUTHUSERPROFILES  ( USERNAME  VARCHAR(80) NOT NULL ,  PROFILETYPE  VARCHAR(30) NOT NULL ,  PROFILEXML  CLOB NOT NULL ,  PUBLICPROFILE  SMALLINT NOT NULL , PRIMARY KEY ( USERNAME ) ) 
[DEBUG] 2020-09-16 11:18:51.027 [main] ApsTableUtils - e**cuted create table statement changed 0 rows: CREATE INDEX  AUTHUSERPROFILES_PROFILETYPE_IDX  ON  AUTHUSERPROFILES  (  PROFILETYPE  )
|   ( ok )  servDataSource.authuserprofilesearch
[DEBUG] 2020-09-16 11:18:51.029 [main] DaoManager - created dao for class class org.entando.entando.aps.******.init.model.servdb.UserProfileSearch with reflection
[DEBUG] 2020-09-16 11:18:51.029 [main] ApsTableUtils - creating table 'AUTHUSERPROFILESEARCH'
[DEBUG] 2020-09-16 11:18:51.029 [main] ApsTableUtils - creating index 'AUTHUSERPROFILESEARCH_username_idx' for table 'AUTHUSERPROFILESEARCH
[DEBUG] 2020-09-16 11:18:51.029 [main] ApsTableUtils - creating index 'AUTHUSERPROFILESEARCH_attrname_idx' for table 'AUTHUSERPROFILESEARCH
[DEBUG] 2020-09-16 11:18:51.154 [main] ApsTableUtils - e**cuted create table statement changed 0 rows: CREATE TABLE  AUTHUSERPROFILESEARCH  ( ID  INTEGER GENERATED BY DEFAULT AS IDENTITY ,  USERNAME  VARCHAR(80) NOT NULL ,  ATTRNAME  VARCHAR(30) NOT NULL ,  TEXTVALUE  VARCHAR(255) ,  DATEVALUE  TIMESTAMP ,  NUMVALUE  INTEGER ,  LANGCODE  VARCHAR(3) , PRIMARY KEY ( ID ) ) 
[DEBUG] 2020-09-16 11:18:51.234 [main] ApsTableUtils - e**cuted create table statement changed 0 rows: CREATE INDEX  AUTHUSERPROFILESEARCH_USERNAME_IDX  ON  AUTHUSERPROFILESEARCH  (  USERNAME  )
[DEBUG] 2020-09-16 11:18:51.255 [main] ApsTableUtils - e**cuted create table statement changed 0 rows: CREATE INDEX  AUTHUSERPROFILESEARCH_ATTRNAME_IDX  ON  AUTHUSERPROFILESEARCH  (  ATTRNAME  )
[DEBUG] 2020-09-16 11:18:51.256 [main] StatementE**cutor - running raw e**cute statement: ALTER TABLE authuserprofilesearch ADD CONSTRAINT authuserprofilesearch_fkey FOREIGN KEY (username) REFERENCES authuserprofiles (username)
|   ( ok )  servDataSource.authuserprofileattrroles
[DEBUG] 2020-09-16 11:18:51.371 [main] DaoManager - created dao for class class org.entando.entando.aps.******.init.model.servdb.UserProfileAttributeRole with reflection
[DEBUG] 2020-09-16 11:18:51.371 [main] ApsTableUtils - creating table 'AUTHUSERPROFILEATTRROLES'
[DEBUG] 2020-09-16 11:18:51.372 [main] ApsTableUtils - creating index 'AUTHUSERPROFILEATTRROLES_username_idx' for table 'AUTHUSERPROFILEATTRROLES
[DEBUG] 2020-09-16 11:18:51.372 [main] ApsTableUtils - creating index 'AUTHUSERPROFILEATTRROLES_attrname_idx' for table 'AUTHUSERPROFILEATTRROLES
[DEBUG] 2020-09-16 11:18:51.372 [main] ApsTableUtils - creating index 'AUTHUSERPROFILEATTRROLES_rolename_idx' for table 'AUTHUSERPROFILEATTRROLES
[DEBUG] 2020-09-16 11:18:51.409 [main] ApsTableUtils - e**cuted create table statement changed 0 rows: CREATE TABLE  AUTHUSERPROFILEATTRROLES  ( ID  INTEGER GENERATED BY DEFAULT AS IDENTITY ,  USERNAME  VARCHAR(80) NOT NULL ,  ATTRNAME  VARCHAR(30) NOT NULL ,  ROLENAME  VARCHAR(50) NOT NULL , PRIMARY KEY ( ID ) ) 
[DEBUG] 2020-09-16 11:18:51.432 [main] ApsTableUtils - e**cuted create table statement changed 0 rows: CREATE INDEX  AUTHUSERPROFILEATTRROLES_USERNAME_IDX  ON  AUTHUSERPROFILEATTRROLES  (  USERNAME  )
[DEBUG] 2020-09-16 11:18:51.456 [main] ApsTableUtils - e**cuted create table statement changed 0 rows: CREATE INDEX  AUTHUSERPROFILEATTRROLES_ATTRNAME_IDX  ON  AUTHUSERPROFILEATTRROLES  (  ATTRNAME  )
[DEBUG] 2020-09-16 11:18:51.471 [main] ApsTableUtils - e**cuted create table statement changed 0 rows: CREATE INDEX  AUTHUSERPROFILEATTRROLES_ROLENAME_IDX  ON  AUTHUSERPROFILEATTRROLES  (  ROLENAME  )
[DEBUG] 2020-09-16 11:18:51.471 [main] StatementE**cutor - running raw e**cute statement: ALTER TABLE authuserprofileattrroles ADD CONSTRAINT authuserprofileattrroles_fkey FOREIGN KEY (username) REFERENCES authuserprofiles (username)
|   ( ok )  servDataSource.actionlogrecords
[DEBUG] 2020-09-16 11:18:51.480 [main] DaoManager - created dao for class class org.entando.entando.aps.******.init.model.servdb.ActionLogRecord with reflection
[DEBUG] 2020-09-16 11:18:51.480 [main] ApsTableUtils - creating table 'ACTIONLOGRECORDS'
[DEBUG] 2020-09-16 11:18:51.480 [main] ApsTableUtils - creating index 'ACTIONLOGRECORDS_actiondate_idx' for table 'ACTIONLOGRECORDS
[DEBUG] 2020-09-16 11:18:51.481 [main] ApsTableUtils - creating index 'ACTIONLOGRECORDS_updatedate_idx' for table 'ACTIONLOGRECORDS
[DEBUG] 2020-09-16 11:18:51.517 [main] ApsTableUtils - e**cuted create table statement changed 0 rows: CREATE TABLE  ACTIONLOGRECORDS  ( ID  INTEGER NOT NULL ,  USERNAME  VARCHAR(40) ,  ACTIONDATE  TIMESTAMP ,  NAMESPACE  CLOB ,  ACTIONNAME  VARCHAR(250) ,  PARAMETERS  CLOB ,  ACTIVITYSTREAMINFO  CLOB ,  UPDATEDATE  TIMESTAMP , PRIMARY KEY ( ID ) ) 
[DEBUG] 2020-09-16 11:18:51.532 [main] ApsTableUtils - e**cuted create table statement changed 0 rows: CREATE INDEX  ACTIONLOGRECORDS_ACTIONDATE_IDX  ON  ACTIONLOGRECORDS  (  ACTIONDATE  )
[DEBUG] 2020-09-16 11:18:51.542 [main] ApsTableUtils - e**cuted create table statement changed 0 rows: CREATE INDEX  ACTIONLOGRECORDS_UPDATEDATE_IDX  ON  ACTIONLOGRECORDS  (  UPDATEDATE  )
|   ( ok )  servDataSource.actionlogrelations
[DEBUG] 2020-09-16 11:18:51.545 [main] DaoManager - created dao for class class org.entando.entando.aps.******.init.model.servdb.ActionLogRecordRelation with reflection
[DEBUG] 2020-09-16 11:18:51.545 [main] ApsTableUtils - creating table 'ACTIONLOGRELATIONS'
[DEBUG] 2020-09-16 11:18:51.545 [main] ApsTableUtils - creating index 'ACTIONLOGRELATIONS_recordid_idx' for table 'ACTIONLOGRELATIONS
[DEBUG] 2020-09-16 11:18:51.545 [main] ApsTableUtils - creating index 'ACTIONLOGRELATIONS_refgroup_idx' for table 'ACTIONLOGRELATIONS
[DEBUG] 2020-09-16 11:18:51.560 [main] ApsTableUtils - e**cuted create table statement changed 0 rows: CREATE TABLE  ACTIONLOGRELATIONS  ( ID  INTEGER GENERATED BY DEFAULT AS IDENTITY ,  RECORDID  INTEGER NOT NULL ,  REFGROUP  VARCHAR(20) , PRIMARY KEY ( ID ) ) 
[DEBUG] 2020-09-16 11:18:51.575 [main] ApsTableUtils - e**cuted create table statement changed 0 rows: CREATE INDEX  ACTIONLOGRELATIONS_RECORDID_IDX  ON  ACTIONLOGRELATIONS  (  RECORDID  )
[DEBUG] 2020-09-16 11:18:51.585 [main] ApsTableUtils - e**cuted create table statement changed 0 rows: CREATE INDEX  ACTIONLOGRELATIONS_REFGROUP_IDX  ON  ACTIONLOGRELATIONS  (  REFGROUP  )
[DEBUG] 2020-09-16 11:18:51.586 [main] StatementE**cutor - running raw e**cute statement: ALTER TABLE actionlogrelations ADD CONSTRAINT actionlogrelations_recid_fkey FOREIGN KEY (recordid) REFERENCES actionlogrecords (id)
|   ( ok )  servDataSource.actionloglikerecords
[DEBUG] 2020-09-16 11:18:51.594 [main] DaoManager - created dao for class class org.entando.entando.aps.******.init.model.servdb.ActionLogLikeRecord with reflection
[DEBUG] 2020-09-16 11:18:51.595 [main] ApsTableUtils - creating table 'ACTIONLOGLIKERECORDS'
[DEBUG] 2020-09-16 11:18:51.620 [main] ApsTableUtils - e**cuted create table statement changed 0 rows: CREATE TABLE  ACTIONLOGLIKERECORDS  ( ID  INTEGER GENERATED BY DEFAULT AS IDENTITY ,  RECORDID  INTEGER NOT NULL ,  USERNAME  VARCHAR(20) NOT NULL ,  LIKEDATE  TIMESTAMP NOT NULL , PRIMARY KEY ( ID ) ) 
[DEBUG] 2020-09-16 11:18:51.621 [main] StatementE**cutor - running raw e**cute statement: ALTER TABLE actionloglikerecords ADD CONSTRAINT actionloglikerec_recid_fkey FOREIGN KEY (recordid) REFERENCES actionlogrecords (id)
|   ( ok )  servDataSource.actionlogcommentrecords
[DEBUG] 2020-09-16 11:18:51.657 [main] DaoManager - created dao for class class org.entando.entando.aps.******.init.model.servdb.ActionLogCommentRecord with reflection
[DEBUG] 2020-09-16 11:18:51.657 [main] ApsTableUtils - creating table 'ACTIONLOGCOMMENTRECORDS'
[DEBUG] 2020-09-16 11:18:51.691 [main] ApsTableUtils - e**cuted create table statement changed 0 rows: CREATE TABLE  ACTIONLOGCOMMENTRECORDS  ( ID  INTEGER NOT NULL ,  RECORDID  INTEGER NOT NULL ,  USERNAME  VARCHAR(20) NOT NULL ,  COMMENTTEXT  CLOB NOT NULL ,  COMMENTDATE  TIMESTAMP NOT NULL , PRIMARY KEY ( ID ) ) 
[DEBUG] 2020-09-16 11:18:51.691 [main] StatementE**cutor - running raw e**cute statement: ALTER TABLE actionlogcommentrecords ADD CONSTRAINT actionlogcommentrec_recid_fkey FOREIGN KEY (recordid) REFERENCES actionlogrecords (id)
|   ( ok )  servDataSource.dataobjectmodels
[DEBUG] 2020-09-16 11:18:51.715 [main] DaoManager - created dao for class class org.entando.entando.aps.******.init.model.servdb.DataObjectModel with reflection
[DEBUG] 2020-09-16 11:18:51.716 [main] ApsTableUtils - creating table 'DATAOBJECTMODELS'
[DEBUG] 2020-09-16 11:18:51.734 [main] ApsTableUtils - e**cuted create table statement changed 0 rows: CREATE TABLE  DATAOBJECTMODELS  ( MODELID  INTEGER NOT NULL ,  DATATYPE  VARCHAR(30) NOT NULL ,  DESCR  VARCHAR(50) NOT NULL ,  MODEL  CLOB ,  STYLESHEET  VARCHAR(50) , PRIMARY KEY ( MODELID ) ) 
|   ( ok )  servDataSource.dataobjects
[DEBUG] 2020-09-16 11:18:51.736 [main] DaoManager - created dao for class class org.entando.entando.aps.******.init.model.servdb.DataObject with reflection
[DEBUG] 2020-09-16 11:18:51.736 [main] ApsTableUtils - creating table 'DATAOBJECTS'
[DEBUG] 2020-09-16 11:18:51.736 [main] ApsTableUtils - creating index 'DATAOBJECTS_status_idx' for table 'DATAOBJECTS
[DEBUG] 2020-09-16 11:18:51.737 [main] ApsTableUtils - creating index 'DATAOBJECTS_datatype_idx' for table 'DATAOBJECTS
[DEBUG] 2020-09-16 11:18:51.737 [main] ApsTableUtils - creating index 'DATAOBJECTS_maingroup_idx' for table 'DATAOBJECTS
[DEBUG] 2020-09-16 11:18:51.737 [main] ApsTableUtils - creating index 'DATAOBJECTS_lastmodified_idx' for table 'DATAOBJECTS
[DEBUG] 2020-09-16 11:18:51.759 [main] ApsTableUtils - e**cuted create table statement changed 0 rows: CREATE TABLE  DATAOBJECTS  ( DATAID  VARCHAR(16) NOT NULL ,  DATATYPE  VARCHAR(30) NOT NULL ,  DESCR  VARCHAR(255) NOT NULL ,  STATUS  VARCHAR(12) NOT NULL ,  WORKXML  CLOB NOT NULL ,  CREATED  VARCHAR(20) ,  LASTMODIFIED  VARCHAR(20) ,  ONLINEXML  CLOB ,  MAINGROUP  VARCHAR(20) NOT NULL ,  CURRENTVERSION  VARCHAR(7) NOT NULL ,  LASTEDITOR  VARCHAR(40) ,  FIRSTEDITOR  VARCHAR(40) , PRIMARY KEY ( DATAID ) ) 
[DEBUG] 2020-09-16 11:18:51.773 [main] ApsTableUtils - e**cuted create table statement changed 0 rows: CREATE INDEX  DATAOBJECTS_STATUS_IDX  ON  DATAOBJECTS  (  STATUS  )
[DEBUG] 2020-09-16 11:18:51.790 [main] ApsTableUtils - e**cuted create table statement changed 0 rows: CREATE INDEX  DATAOBJECTS_DATATYPE_IDX  ON  DATAOBJECTS  (  DATATYPE  )
[DEBUG] 2020-09-16 11:18:51.806 [main] ApsTableUtils - e**cuted create table statement changed 0 rows: CREATE INDEX  DATAOBJECTS_MAINGROUP_IDX  ON  DATAOBJECTS  (  MAINGROUP  )
[DEBUG] 2020-09-16 11:18:51.824 [main] ApsTableUtils - e**cuted create table statement changed 0 rows: CREATE INDEX  DATAOBJECTS_LASTMODIFIED_IDX  ON  DATAOBJECTS  (  LASTMODIFIED  )
|   ( ok )  servDataSource.dataobjectrelations
[DEBUG] 2020-09-16 11:18:51.826 [main] DaoManager - created dao for class class org.entando.entando.aps.******.init.model.servdb.DataObjectRelation with reflection
[DEBUG] 2020-09-16 11:18:51.826 [main] ApsTableUtils - creating table 'DATAOBJECTRELATIONS'
[DEBUG] 2020-09-16 11:18:51.827 [main] ApsTableUtils - creating index 'DATAOBJECTRELATIONS_refcategory_idx' for table 'DATAOBJECTRELATIONS
[DEBUG] 2020-09-16 11:18:51.827 [main] ApsTableUtils - creating index 'DATAOBJECTRELATIONS_dataid_idx' for table 'DATAOBJECTRELATIONS
[DEBUG] 2020-09-16 11:18:51.827 [main] ApsTableUtils - creating index 'DATAOBJECTRELATIONS_refgroup_idx' for table 'DATAOBJECTRELATIONS
[DEBUG] 2020-09-16 11:18:51.844 [main] ApsTableUtils - e**cuted create table statement changed 0 rows: CREATE TABLE  DATAOBJECTRELATIONS  ( ID  INTEGER GENERATED BY DEFAULT AS IDENTITY ,  DATAID  VARCHAR(16) NOT NULL ,  REFCATEGORY  VARCHAR(30) ,  REFGROUP  VARCHAR(20) , PRIMARY KEY ( ID ) ) 
[DEBUG] 2020-09-16 11:18:51.859 [main] ApsTableUtils - e**cuted create table statement changed 0 rows: CREATE INDEX  DATAOBJECTRELATIONS_REFCATEGORY_IDX  ON  DATAOBJECTRELATIONS  (  REFCATEGORY  )
[DEBUG] 2020-09-16 11:18:51.877 [main] ApsTableUtils - e**cuted create table statement changed 0 rows: CREATE INDEX  DATAOBJECTRELATIONS_DATAID_IDX  ON  DATAOBJECTRELATIONS  (  DATAID  )
[DEBUG] 2020-09-16 11:18:51.894 [main] ApsTableUtils - e**cuted create table statement changed 0 rows: CREATE INDEX  DATAOBJECTRELATIONS_REFGROUP_IDX  ON  DATAOBJECTRELATIONS  (  REFGROUP  )
|   ( ok )  servDataSource.dataobjectsearch
[DEBUG] 2020-09-16 11:18:51.895 [main] DaoManager - created dao for class class org.entando.entando.aps.******.init.model.servdb.DataObjectSearch with reflection
[DEBUG] 2020-09-16 11:18:51.896 [main] ApsTableUtils - creating table 'DATAOBJECTSEARCH'
[DEBUG] 2020-09-16 11:18:51.896 [main] ApsTableUtils - creating index 'DATAOBJECTSEARCH_attrname_idx' for table 'DATAOBJECTSEARCH
[DEBUG] 2020-09-16 11:18:51.896 [main] ApsTableUtils - creating index 'DATAOBJECTSEARCH_dataid_idx' for table 'DATAOBJECTSEARCH
[DEBUG] 2020-09-16 11:18:51.915 [main] ApsTableUtils - e**cuted create table statement changed 0 rows: CREATE TABLE  DATAOBJECTSEARCH  ( ID  INTEGER GENERATED BY DEFAULT AS IDENTITY ,  DATAID  VARCHAR(16) NOT NULL ,  ATTRNAME  VARCHAR(30) NOT NULL ,  TEXTVALUE  VARCHAR(255) ,  DATEVALUE  TIMESTAMP ,  NUMVALUE  INTEGER ,  LANGCODE  VARCHAR(3) , PRIMARY KEY ( ID ) ) 
[DEBUG] 2020-09-16 11:18:51.928 [main] ApsTableUtils - e**cuted create table statement changed 0 rows: CREATE INDEX  DATAOBJECTSEARCH_ATTRNAME_IDX  ON  DATAOBJECTSEARCH  (  ATTRNAME  )
[DEBUG] 2020-09-16 11:18:51.952 [main] ApsTableUtils - e**cuted create table statement changed 0 rows: CREATE INDEX  DATAOBJECTSEARCH_DATAID_IDX  ON  DATAOBJECTSEARCH  (  DATAID  )
[DEBUG] 2020-09-16 11:18:51.952 [main] StatementE**cutor - running raw e**cute statement: ALTER TABLE dataobjectsearch ADD CONSTRAINT dataobjectsearch_contid_fkey FOREIGN KEY (dataid) REFERENCES dataobjects (dataid)
|   ( ok )  servDataSource.dataobjectattributeroles
[DEBUG] 2020-09-16 11:18:51.970 [main] DaoManager - created dao for class class org.entando.entando.aps.******.init.model.servdb.DataObjectAttributeRole with reflection
[DEBUG] 2020-09-16 11:18:51.970 [main] ApsTableUtils - creating table 'DATAOBJECTATTRIBUTEROLES'
[DEBUG] 2020-09-16 11:18:51.970 [main] ApsTableUtils - creating index 'DATAOBJECTATTRIBUTEROLES_attrname_idx' for table 'DATAOBJECTATTRIBUTEROLES
[DEBUG] 2020-09-16 11:18:51.970 [main] ApsTableUtils - creating index 'DATAOBJECTATTRIBUTEROLES_dataid_idx' for table 'DATAOBJECTATTRIBUTEROLES
[DEBUG] 2020-09-16 11:18:51.970 [main] ApsTableUtils - creating index 'DATAOBJECTATTRIBUTEROLES_rolename_idx' for table 'DATAOBJECTATTRIBUTEROLES
[DEBUG] 2020-09-16 11:18:52.009 [main] ApsTableUtils - e**cuted create table statement changed 0 rows: CREATE TABLE  DATAOBJECTATTRIBUTEROLES  ( ID  INTEGER GENERATED BY DEFAULT AS IDENTITY ,  DATAID  VARCHAR(16) NOT NULL ,  ATTRNAME  VARCHAR(30) NOT NULL ,  ROLENAME  VARCHAR(50) NOT NULL , PRIMARY KEY ( ID ) ) 
[DEBUG] 2020-09-16 11:18:52.034 [main] ApsTableUtils - e**cuted create table statement changed 0 rows: CREATE INDEX  DATAOBJECTATTRIBUTEROLES_ATTRNAME_IDX  ON  DATAOBJECTATTRIBUTEROLES  (  ATTRNAME  )
[DEBUG] 2020-09-16 11:18:52.050 [main] ApsTableUtils - e**cuted create table statement changed 0 rows: CREATE INDEX  DATAOBJECTATTRIBUTEROLES_DATAID_IDX  ON  DATAOBJECTATTRIBUTEROLES  (  DATAID  )
[DEBUG] 2020-09-16 11:18:52.062 [main] ApsTableUtils - e**cuted create table statement changed 0 rows: CREATE INDEX  DATAOBJECTATTRIBUTEROLES_ROLENAME_IDX  ON  DATAOBJECTATTRIBUTEROLES  (  ROLENAME  )
[DEBUG] 2020-09-16 11:18:52.062 [main] StatementE**cutor - running raw e**cute statement: ALTER TABLE dataobjectattributeroles ADD CONSTRAINT contentattrroles_contid_fkey FOREIGN KEY (dataid) REFERENCES dataobjects (dataid)
[DEBUG] 2020-09-16 11:18:52.092 [main] JdbcConnectionSource - closed connection #1112450920
|   
|   Installation complete
|   
+ [ Component: Core ] :: DATA
|   
|   Starting installation
|   
|   ( ok )  portDataSource
|   ( ok )  servDataSource
|   
|   Installation complete
|   
+ [ Component: Core ] :: SCHEMA
|   
|   ( ok )  Already installed
|   
+ [ Component: Core ] :: DATA
|   
|   ( ok )  Already installed. OK
|   
[DEBUG] 2020-09-16 11:19:13.406 [main] BooleanConverter - Setting default value: false
[DEBUG] 2020-09-16 11:19:13.406 [main] BooleanConverter - Converting 'Boolean' value 'false' to type 'Boolean'
[DEBUG] 2020-09-16 11:19:13.407 [main] BooleanConverter -     No conversion required, value is already a Boolean
[DEBUG] 2020-09-16 11:19:13.410 [main] ByteConverter - Setting default value: 0
[DEBUG] 2020-09-16 11:19:13.410 [main] ByteConverter - Converting 'Integer' value '0' to type 'Byte'
[DEBUG] 2020-09-16 11:19:13.410 [main] ByteConverter -     Converted to Byte value '0'
[DEBUG] 2020-09-16 11:19:13.411 [main] CharacterConverter - Setting default value:  
[DEBUG] 2020-09-16 11:19:13.411 [main] CharacterConverter - Converting 'Character' value ' ' to type 'Character'
[DEBUG] 2020-09-16 11:19:13.411 [main] CharacterConverter -     No conversion required, value is already a Character
[DEBUG] 2020-09-16 11:19:13.412 [main] DoubleConverter - Setting default value: 0
[DEBUG] 2020-09-16 11:19:13.412 [main] DoubleConverter - Converting 'Integer' value '0' to type 'Double'
[DEBUG] 2020-09-16 11:19:13.412 [main] DoubleConverter -     Converted to Double value '0.0'
[DEBUG] 2020-09-16 11:19:13.413 [main] FloatConverter - Setting default value: 0
[DEBUG] 2020-09-16 11:19:13.413 [main] FloatConverter - Converting 'Integer' value '0' to type 'Float'
[DEBUG] 2020-09-16 11:19:13.413 [main] FloatConverter -     Converted to Float value '0.0'
[DEBUG] 2020-09-16 11:19:13.414 [main] IntegerConverter - Setting default value: 0
[DEBUG] 2020-09-16 11:19:13.414 [main] IntegerConverter - Converting 'Integer' value '0' to type 'Integer'
[DEBUG] 2020-09-16 11:19:13.414 [main] IntegerConverter -     No conversion required, value is already a Integer
[DEBUG] 2020-09-16 11:19:13.415 [main] LongConverter - Setting default value: 0
[DEBUG] 2020-09-16 11:19:13.415 [main] LongConverter - Converting 'Integer' value '0' to type 'Long'
[DEBUG] 2020-09-16 11:19:13.415 [main] LongConverter -     Converted to Long value '0'
[DEBUG] 2020-09-16 11:19:13.416 [main] ShortConverter - Setting default value: 0
[DEBUG] 2020-09-16 11:19:13.416 [main] ShortConverter - Converting 'Integer' value '0' to type 'Short'
[DEBUG] 2020-09-16 11:19:13.416 [main] ShortConverter -     Converted to Short value '0'
[DEBUG] 2020-09-16 11:19:13.417 [main] BigDecimalConverter - Setting default value: 0.0
[DEBUG] 2020-09-16 11:19:13.417 [main] BigDecimalConverter - Converting 'BigDecimal' value '0.0' to type 'BigDecimal'
[DEBUG] 2020-09-16 11:19:13.418 [main] BigDecimalConverter -     No conversion required, value is already a BigDecimal
[DEBUG] 2020-09-16 11:19:13.418 [main] BigIntegerConverter - Setting default value: 0
[DEBUG] 2020-09-16 11:19:13.418 [main] BigIntegerConverter - Converting 'BigInteger' value '0' to type 'BigInteger'
[DEBUG] 2020-09-16 11:19:13.418 [main] BigIntegerConverter -     No conversion required, value is already a BigInteger
[DEBUG] 2020-09-16 11:19:13.418 [main] BooleanConverter - Setting default value: false
[DEBUG] 2020-09-16 11:19:13.419 [main] BooleanConverter - Converting 'Boolean' value 'false' to type 'Boolean'
[DEBUG] 2020-09-16 11:19:13.419 [main] BooleanConverter -     No conversion required, value is already a Boolean
[DEBUG] 2020-09-16 11:19:13.419 [main] ByteConverter - Setting default value: 0
[DEBUG] 2020-09-16 11:19:13.419 [main] ByteConverter - Converting 'Integer' value '0' to type 'Byte'
[DEBUG] 2020-09-16 11:19:13.419 [main] ByteConverter -     Converted to Byte value '0'
[DEBUG] 2020-09-16 11:19:13.419 [main] CharacterConverter - Setting default value:  
[DEBUG] 2020-09-16 11:19:13.419 [main] CharacterConverter - Converting 'Character' value ' ' to type 'Character'
[DEBUG] 2020-09-16 11:19:13.419 [main] CharacterConverter -     No conversion required, value is already a Character
[DEBUG] 2020-09-16 11:19:13.419 [main] DoubleConverter - Setting default value: 0
[DEBUG] 2020-09-16 11:19:13.420 [main] DoubleConverter - Converting 'Integer' value '0' to type 'Double'
[DEBUG] 2020-09-16 11:19:13.420 [main] DoubleConverter -     Converted to Double value '0.0'
[DEBUG] 2020-09-16 11:19:13.420 [main] FloatConverter - Setting default value: 0
[DEBUG] 2020-09-16 11:19:13.420 [main] FloatConverter - Converting 'Integer' value '0' to type 'Float'
[DEBUG] 2020-09-16 11:19:13.420 [main] FloatConverter -     Converted to Float value '0.0'
[DEBUG] 2020-09-16 11:19:13.420 [main] IntegerConverter - Setting default value: 0
[DEBUG] 2020-09-16 11:19:13.420 [main] IntegerConverter - Converting 'Integer' value '0' to type 'Integer'
[DEBUG] 2020-09-16 11:19:13.420 [main] IntegerConverter -     No conversion required, value is already a Integer
[DEBUG] 2020-09-16 11:19:13.420 [main] LongConverter - Setting default value: 0
[DEBUG] 2020-09-16 11:19:13.420 [main] LongConverter - Converting 'Integer' value '0' to type 'Long'
[DEBUG] 2020-09-16 11:19:13.421 [main] LongConverter -     Converted to Long value '0'
[DEBUG] 2020-09-16 11:19:13.421 [main] ShortConverter - Setting default value: 0
[DEBUG] 2020-09-16 11:19:13.421 [main] ShortConverter - Converting 'Integer' value '0' to type 'Short'
[DEBUG] 2020-09-16 11:19:13.421 [main] ShortConverter -     Converted to Short value '0'
[DEBUG] 2020-09-16 11:19:13.422 [main] StringConverter - Setting default value: 
[DEBUG] 2020-09-16 11:19:13.422 [main] StringConverter - Converting 'String' value '' to type 'String'
[DEBUG] 2020-09-16 11:19:13.429 [main] ArrayConverter - Setting default value: [Z@315bbd88
[DEBUG] 2020-09-16 11:19:13.429 [main] ArrayConverter - Converting 'boolean[]' value '[Z@315bbd88' to type 'boolean[]'
[DEBUG] 2020-09-16 11:19:13.429 [main] ArrayConverter -     No conversion required, value is already a boolean[]
[DEBUG] 2020-09-16 11:19:13.429 [main] ArrayConverter - Setting default value: [B@7d8eb8ea
[DEBUG] 2020-09-16 11:19:13.429 [main] ArrayConverter - Converting 'byte[]' value '[B@7d8eb8ea' to type 'byte[]'
[DEBUG] 2020-09-16 11:19:13.429 [main] ArrayConverter -     No conversion required, value is already a byte[]
[DEBUG] 2020-09-16 11:19:13.429 [main] ArrayConverter - Setting default value: [C@3252af16
[DEBUG] 2020-09-16 11:19:13.429 [main] ArrayConverter - Converting 'char[]' value '[C@3252af16' to type 'char[]'
[DEBUG] 2020-09-16 11:19:13.430 [main] ArrayConverter -     No conversion required, value is already a char[]
[DEBUG] 2020-09-16 11:19:13.430 [main] ArrayConverter - Setting default value: [D@6e051d62
[DEBUG] 2020-09-16 11:19:13.430 [main] ArrayConverter - Converting 'double[]' value '[D@6e051d62' to type 'double[]'
[DEBUG] 2020-09-16 11:19:13.430 [main] ArrayConverter -     No conversion required, value is already a double[]
[DEBUG] 2020-09-16 11:19:13.430 [main] ArrayConverter - Setting default value: [F@25e4ad7
[DEBUG] 2020-09-16 11:19:13.430 [main] ArrayConverter - Converting 'float[]' value '[F@25e4ad7' to type 'float[]'
[DEBUG] 2020-09-16 11:19:13.430 [main] ArrayConverter -     No conversion required, value is already a float[]
[DEBUG] 2020-09-16 11:19:13.430 [main] ArrayConverter - Setting default value: [I@a9feb9e
[DEBUG] 2020-09-16 11:19:13.430 [main] ArrayConverter - Converting 'int[]' value '[I@a9feb9e' to type 'int[]'
[DEBUG] 2020-09-16 11:19:13.431 [main] ArrayConverter -     No conversion required, value is already a int[]
[DEBUG] 2020-09-16 11:19:13.431 [main] ArrayConverter - Setting default value: [J@2d12cfc4
[DEBUG] 2020-09-16 11:19:13.431 [main] ArrayConverter - Converting 'long[]' value '[J@2d12cfc4' to type 'long[]'
[DEBUG] 2020-09-16 11:19:13.431 [main] ArrayConverter -     No conversion required, value is already a long[]
[DEBUG] 2020-09-16 11:19:13.431 [main] ArrayConverter - Setting default value: [S@6b3a2909
[DEBUG] 2020-09-16 11:19:13.431 [main] ArrayConverter - Converting 'short[]' value '[S@6b3a2909' to type 'short[]'
[DEBUG] 2020-09-16 11:19:13.431 [main] ArrayConverter -     No conversion required, value is already a short[]
[DEBUG] 2020-09-16 11:19:13.431 [main] ArrayConverter - Setting default value: [Ljava.math.BigDecimal;@1bc2ce4b
[DEBUG] 2020-09-16 11:19:13.431 [main] ArrayConverter - Converting 'BigDecimal[]' value '[Ljava.math.BigDecimal;@1bc2ce4b' to type 'BigDecimal[]'
[DEBUG] 2020-09-16 11:19:13.432 [main] ArrayConverter -     No conversion required, value is already a BigDecimal[]
[DEBUG] 2020-09-16 11:19:13.432 [main] ArrayConverter - Setting default value: [Ljava.math.BigInteger;@55a39b53
[DEBUG] 2020-09-16 11:19:13.432 [main] ArrayConverter - Converting 'BigInteger[]' value '[Ljava.math.BigInteger;@55a39b53' to type 'BigInteger[]'
[DEBUG] 2020-09-16 11:19:13.432 [main] ArrayConverter -     No conversion required, value is already a BigInteger[]
[DEBUG] 2020-09-16 11:19:13.432 [main] ArrayConverter - Setting default value: [Ljava.lang.Boolean;@6256a9af
[DEBUG] 2020-09-16 11:19:13.432 [main] ArrayConverter - Converting 'Boolean[]' value '[Ljava.lang.Boolean;@6256a9af' to type 'Boolean[]'
[DEBUG] 2020-09-16 11:19:13.432 [main] ArrayConverter -     No conversion required, value is already a Boolean[]
[DEBUG] 2020-09-16 11:19:13.432 [main] ArrayConverter - Setting default value: [Ljava.lang.Byte;@65f1b62e
[DEBUG] 2020-09-16 11:19:13.433 [main] ArrayConverter - Converting 'Byte[]' value '[Ljava.lang.Byte;@65f1b62e' to type 'Byte[]'
[DEBUG] 2020-09-16 11:19:13.433 [main] ArrayConverter -     No conversion required, value is already a Byte[]
[DEBUG] 2020-09-16 11:19:13.433 [main] ArrayConverter - Setting default value: [Ljava.lang.Character;@171ff4c
[DEBUG] 2020-09-16 11:19:13.433 [main] ArrayConverter - Converting 'Character[]' value '[Ljava.lang.Character;@171ff4c' to type 'Character[]'
[DEBUG] 2020-09-16 11:19:13.433 [main] ArrayConverter -     No conversion required, value is already a Character[]
[DEBUG] 2020-09-16 11:19:13.433 [main] ArrayConverter - Setting default value: [Ljava.lang.Double;@4b750a6e
[DEBUG] 2020-09-16 11:19:13.433 [main] ArrayConverter - Converting 'Double[]' value '[Ljava.lang.Double;@4b750a6e' to type 'Double[]'
[DEBUG] 2020-09-16 11:19:13.433 [main] ArrayConverter -     No conversion required, value is already a Double[]
[DEBUG] 2020-09-16 11:19:13.433 [main] ArrayConverter - Setting default value: [Ljava.lang.Float;@7a0d5c30
[DEBUG] 2020-09-16 11:19:13.433 [main] ArrayConverter - Converting 'Float[]' value '[Ljava.lang.Float;@7a0d5c30' to type 'Float[]'
[DEBUG] 2020-09-16 11:19:13.434 [main] ArrayConverter -     No conversion required, value is already a Float[]
[DEBUG] 2020-09-16 11:19:13.434 [main] ArrayConverter - Setting default value: [Ljava.lang.Integer;@561de3d3
[DEBUG] 2020-09-16 11:19:13.434 [main] ArrayConverter - Converting 'Integer[]' value '[Ljava.lang.Integer;@561de3d3' to type 'Integer[]'
[DEBUG] 2020-09-16 11:19:13.434 [main] ArrayConverter -     No conversion required, value is already a Integer[]
[DEBUG] 2020-09-16 11:19:13.434 [main] ArrayConverter - Setting default value: [Ljava.lang.Long;@70ec38da
[DEBUG] 2020-09-16 11:19:13.434 [main] ArrayConverter - Converting 'Long[]' value '[Ljava.lang.Long;@70ec38da' to type 'Long[]'
[DEBUG] 2020-09-16 11:19:13.434 [main] ArrayConverter -     No conversion required, value is already a Long[]
[DEBUG] 2020-09-16 11:19:13.434 [main] ArrayConverter - Setting default value: [Ljava.lang.Short;@39b5945b
[DEBUG] 2020-09-16 11:19:13.435 [main] ArrayConverter - Converting 'Short[]' value '[Ljava.lang.Short;@39b5945b' to type 'Short[]'
[DEBUG] 2020-09-16 11:19:13.435 [main] ArrayConverter -     No conversion required, value is already a Short[]
[DEBUG] 2020-09-16 11:19:13.435 [main] ArrayConverter - Setting default value: [Ljava.lang.String;@48df5ff3
[DEBUG] 2020-09-16 11:19:13.435 [main] ArrayConverter - Converting 'String[]' value '[Ljava.lang.String;@48df5ff3' to type 'String[]'
[DEBUG] 2020-09-16 11:19:13.435 [main] ArrayConverter -     No conversion required, value is already a String[]
[DEBUG] 2020-09-16 11:19:13.435 [main] ArrayConverter - Setting default value: [Ljava.lang.Class;@37c8c276
[DEBUG] 2020-09-16 11:19:13.435 [main] ArrayConverter - Converting 'Class[]' value '[Ljava.lang.Class;@37c8c276' to type 'Class[]'
[DEBUG] 2020-09-16 11:19:13.435 [main] ArrayConverter -     No conversion required, value is already a Class[]
[DEBUG] 2020-09-16 11:19:13.436 [main] ArrayConverter - Setting default value: [Ljava.util.Date;@224a9f98
[DEBUG] 2020-09-16 11:19:13.436 [main] ArrayConverter - Converting 'Date[]' value '[Ljava.util.Date;@224a9f98' to type 'Date[]'
[DEBUG] 2020-09-16 11:19:13.436 [main] ArrayConverter -     No conversion required, value is already a Date[]
[DEBUG] 2020-09-16 11:19:13.436 [main] ArrayConverter - Setting default value: [Ljava.util.Calendar;@6df65a0a
[DEBUG] 2020-09-16 11:19:13.436 [main] ArrayConverter - Converting 'Calendar[]' value '[Ljava.util.Calendar;@6df65a0a' to type 'Calendar[]'
[DEBUG] 2020-09-16 11:19:13.436 [main] ArrayConverter -     No conversion required, value is already a Calendar[]
[DEBUG] 2020-09-16 11:19:13.436 [main] ArrayConverter - Setting default value: [Ljava.io.File;@6a1c14fc
[DEBUG] 2020-09-16 11:19:13.436 [main] ArrayConverter - Converting 'java.io.File[]' value '[Ljava.io.File;@6a1c14fc' to type 'java.io.File[]'
[DEBUG] 2020-09-16 11:19:13.436 [main] ArrayConverter -     No conversion required, value is already a java.io.File[]
[DEBUG] 2020-09-16 11:19:13.437 [main] ArrayConverter - Setting default value: [Ljava.sql.Date;@4f4d43cd
[DEBUG] 2020-09-16 11:19:13.437 [main] ArrayConverter - Converting 'java.sql.Date[]' value '[Ljava.sql.Date;@4f4d43cd' to type 'java.sql.Date[]'
[DEBUG] 2020-09-16 11:19:13.437 [main] ArrayConverter -     No conversion required, value is already a java.sql.Date[]
[DEBUG] 2020-09-16 11:19:13.437 [main] ArrayConverter - Setting default value: [Ljava.sql.Time;@3e2e4471
[DEBUG] 2020-09-16 11:19:13.437 [main] ArrayConverter - Converting 'java.sql.Time[]' value '[Ljava.sql.Time;@3e2e4471' to type 'java.sql.Time[]'
[DEBUG] 2020-09-16 11:19:13.437 [main] ArrayConverter -     No conversion required, value is already a java.sql.Time[]
[DEBUG] 2020-09-16 11:19:13.437 [main] ArrayConverter - Setting default value: [Ljava.sql.Timestamp;@2831c504
[DEBUG] 2020-09-16 11:19:13.437 [main] ArrayConverter - Converting 'java.sql.Timestamp[]' value '[Ljava.sql.Timestamp;@2831c504' to type 'java.sql.Timestamp[]'
[DEBUG] 2020-09-16 11:19:13.437 [main] ArrayConverter -     No conversion required, value is already a java.sql.Timestamp[]
[DEBUG] 2020-09-16 11:19:13.438 [main] ArrayConverter - Setting default value: [Ljava.net.URL;@28cc3019
[DEBUG] 2020-09-16 11:19:13.438 [main] ArrayConverter - Converting 'java.net.URL[]' value '[Ljava.net.URL;@28cc3019' to type 'java.net.URL[]'
[DEBUG] 2020-09-16 11:19:13.438 [main] ArrayConverter -     No conversion required, value is already a java.net.URL[]
+ [ Component: Core ] :: SCHEMA
|   
|   ( ok )  Already installed
|   
+ [ Component: Core ] :: DATA
|   
|   ( ok )  Already installed. OK
|   
+ [ Component: Core ] :: SCHEMA
|   
|   ( ok )  Already installed
|   
+ [ Component: Core ] :: DATA
|   
|   ( ok )  Already installed. OK
|   
[INFO] Tests run: 2, Failures: 0, Errors: 0, Skipped: 0, Time elapsed: 44.229 s - in com.agiletec.aps.******.common.entity.TestEntityManager
[INFO] Running org.entando.entando.aps.******.services.api.ApiCatalogManagerIntegrationTest
+ [ Component: Core ] :: SCHEMA
|   
|   ( ok )  Already installed
|   
+ [ Component: Core ] :: DATA
|   
|   ( ok )  Already installed. OK
|   
+ [ Component: Core ] :: SCHEMA
|   
|   ( ok )  Already installed
|   
+ [ Component: Core ] :: DATA
|   
|   ( ok )  Already installed. OK
|   
+ [ Component: Core ] :: SCHEMA
|   
|   ( ok )  Already installed
|   
+ [ Component: Core ] :: DATA
|   
|   ( ok )  Already installed. OK
|   
+ [ Component: Core ] :: SCHEMA
|   
|   ( ok )  Already installed
|   
+ [ Component: Core ] :: DATA
|   
|   ( ok )  Already installed. OK
|   
+ [ Component: Core ] :: SCHEMA
|   
|   ( ok )  Already installed
|   
+ [ Component: Core ] :: DATA
|   
|   ( ok )  Already installed. OK
|   
+ [ Component: Core ] :: SCHEMA
|   
|   ( ok )  Already installed
|   
+ [ Component: Core ] :: DATA
|   
|   ( ok )  Already installed. OK
|   
+ [ Component: Core ] :: SCHEMA
|   
|   ( ok )  Already installed
|   
+ [ Component: Core ] :: DATA
|   
|   ( ok )  Already installed. OK
|   
+ [ Component: Core ] :: SCHEMA
|   
|   ( ok )  Already installed
|   
+ [ Component: Core ] :: DATA
|   
|   ( ok )  Already installed. OK
|   
[INFO] Tests run: 4, Failures: 0, Errors: 0, Skipped: 0, Time elapsed: 34.914 s - in org.entando.entando.aps.******.services.api.ApiCatalogManagerIntegrationTest
[INFO] Running org.entando.entando.aps.******.services.api.ApiCatalogManagerTest
[INFO] Tests run: 5, Failures: 0, Errors: 0, Skipped: 0, Time elapsed: 0.408 s - in org.entando.entando.aps.******.services.api.ApiCatalogManagerTest
[INFO] Running com.agiletec.aps.******.services.authorization.TestAuthorizationManager
+ [ Component: Core ] :: SCHEMA
|   
|   ( ok )  Already installed
|   
+ [ Component: Core ] :: DATA
|   
|   ( ok )  Already installed. OK
|   
+ [ Component: Core ] :: SCHEMA
|   
|   ( ok )  Already installed
|   
+ [ Component: Core ] :: DATA
|   
|   ( ok )  Already installed. OK
|   
+ [ Component: Core ] :: SCHEMA
|   
|   ( ok )  Already installed
|   
+ [ Component: Core ] :: DATA
|   
|   ( ok )  Already installed. OK
|   
+ [ Component: Core ] :: SCHEMA
|   
|   ( ok )  Already installed
|   
+ [ Component: Core ] :: DATA
|   
|   ( ok )  Already installed. OK
|   
+ [ Component: Core ] :: SCHEMA
|   
|   ( ok )  Already installed
|   
+ [ Component: Core ] :: DATA
|   
|   ( ok )  Already installed. OK
|   
+ [ Component: Core ] :: SCHEMA
|   
|   ( ok )  Already installed
|   
+ [ Component: Core ] :: DATA
|   
|   ( ok )  Already installed. OK
|   
+ [ Component: Core ] :: SCHEMA
|   
|   ( ok )  Already installed
|   
+ [ Component: Core ] :: DATA
|   
|   ( ok )  Already installed. OK
|   
+ [ Component: Core ] :: SCHEMA
|   
|   ( ok )  Already installed
|   
+ [ Component: Core ] :: DATA
|   
|   ( ok )  Already installed. OK
|   
+ [ Component: Core ] :: SCHEMA
|   
|   ( ok )  Already installed
|   
+ [ Component: Core ] :: DATA
|   
|   ( ok )  Already installed. OK
|   
+ [ Component: Core ] :: SCHEMA
|   
|   ( ok )  Already installed
|   
+ [ Component: Core ] :: DATA
|   
|   ( ok )  Already installed. OK
|   
+ [ Component: Core ] :: SCHEMA
|   
|   ( ok )  Already installed
|   
+ [ Component: Core ] :: DATA
|   
|   ( ok )  Already installed. OK
|   
+ [ Component: Core ] :: SCHEMA
|   
|   ( ok )  Already installed
|   
+ [ Component: Core ] :: DATA
|   
|   ( ok )  Already installed. OK
|   
+ [ Component: Core ] :: SCHEMA
|   
|   ( ok )  Already installed
|   
+ [ Component: Core ] :: DATA
|   
|   ( ok )  Already installed. OK
|   
+ [ Component: Core ] :: SCHEMA
|   
|   ( ok )  Already installed
|   
+ [ Component: Core ] :: DATA
|   
|   ( ok )  Already installed. OK
|   
+ [ Component: Core ] :: SCHEMA
|   
|   ( ok )  Already installed
|   
+ [ Component: Core ] :: DATA
|   
|   ( ok )  Already installed. OK
|   
+ [ Component: Core ] :: SCHEMA
|   
|   ( ok )  Already installed
|   
+ [ Component: Core ] :: DATA
|   
|   ( ok )  Already installed. OK
|   
+ [ Component: Core ] :: SCHEMA
|   
|   ( ok )  Already installed
|   
+ [ Component: Core ] :: DATA
|   
|   ( ok )  Already installed. OK
|   
+ [ Component: Core ] :: SCHEMA
|   
|   ( ok )  Already installed
|   
+ [ Component: Core ] :: DATA
|   
|   ( ok )  Already installed. OK
|   
+ [ Component: Core ] :: SCHEMA
|   
|   ( ok )  Already installed
|   
+ [ Component: Core ] :: DATA
|   
|   ( ok )  Already installed. OK
|   
+ [ Component: Core ] :: SCHEMA
|   
|   ( ok )  Already installed
|   
+ [ Component: Core ] :: DATA
|   
|   ( ok )  Already installed. OK
|   
+ [ Component: Core ] :: SCHEMA
|   
|   ( ok )  Already installed
|   
+ [ Component: Core ] :: DATA
|   
|   ( ok )  Already installed. OK
|   
+ [ Component: Core ] :: SCHEMA
|   
|   ( ok )  Already installed
|   
+ [ Component: Core ] :: DATA
|   
|   ( ok )  Already installed. OK
|   
+ [ Component: Core ] :: SCHEMA
|   
|   ( ok )  Already installed
|   
+ [ Component: Core ] :: DATA
|   
|   ( ok )  Already installed. OK
|   
+ [ Component: Core ] :: SCHEMA
|   
|   ( ok )  Already installed
|   
+ [ Component: Core ] :: DATA
|   
|   ( ok )  Already installed. OK
|   
+ [ Component: Core ] :: SCHEMA
|   
|   ( ok )  Already installed
|   
+ [ Component: Core ] :: DATA
|   
|   ( ok )  Already installed. OK
|   
+ [ Component: Core ] :: SCHEMA
|   
|   ( ok )  Already installed
|   
+ [ Component: Core ] :: DATA
|   
|   ( ok )  Already installed. OK
|   
+ [ Component: Core ] :: SCHEMA
|   
|   ( ok )  Already installed
|   
+ [ Component: Core ] :: DATA
|   
|   ( ok )  Already installed. OK
|   
+ [ Component: Core ] :: SCHEMA
|   
|   ( ok )  Already installed
|   
+ [ Component: Core ] :: DATA
|   
|   ( ok )  Already installed. OK
|   
+ [ Component: Core ] :: SCHEMA
|   
|   ( ok )  Already installed
|   
+ [ Component: Core ] :: DATA
|   
|   ( ok )  Already installed. OK
|   
+ [ Component: Core ] :: SCHEMA
|   
|   ( ok )  Already installed
|   
+ [ Component: Core ] :: DATA
|   
|   ( ok )  Already installed. OK
|   
[INFO] Tests run: 15, Failures: 0, Errors: 0, Skipped: 0, Time elapsed: 123.461 s - in com.agiletec.aps.******.services.authorization.TestAuthorizationManager
[INFO] Running com.agiletec.aps.******.services.authorization.TestAuthorityManager
+ [ Component: Core ] :: SCHEMA
|   
|   ( ok )  Already installed
|   
+ [ Component: Core ] :: DATA
|   
|   ( ok )  Already installed. OK
|   
+ [ Component: Core ] :: SCHEMA
|   
|   ( ok )  Already installed
|   
+ [ Component: Core ] :: DATA
|   
|   ( ok )  Already installed. OK
|   
+ [ Component: Core ] :: SCHEMA
|   
|   ( ok )  Already installed
|   
+ [ Component: Core ] :: DATA
|   
|   ( ok )  Already installed. OK
|   
+ [ Component: Core ] :: SCHEMA
|   
|   ( ok )  Already installed
|   
+ [ Component: Core ] :: DATA
|   
|   ( ok )  Already installed. OK
|   
+ [ Component: Core ] :: SCHEMA
|   
|   ( ok )  Already installed
|   
+ [ Component: Core ] :: DATA
|   
|   ( ok )  Already installed. OK
|   
+ [ Component: Core ] :: SCHEMA
|   
|   ( ok )  Already installed
|   
+ [ Component: Core ] :: DATA
|   
|   ( ok )  Already installed. OK
|   
+ [ Component: Core ] :: SCHEMA
|   
|   ( ok )  Already installed
|   
+ [ Component: Core ] :: DATA
|   
|   ( ok )  Already installed. OK
|   
+ [ Component: Core ] :: SCHEMA
|   
|   ( ok )  Already installed
|   
+ [ Component: Core ] :: DATA
|   
|   ( ok )  Already installed. OK
|   
+ [ Component: Core ] :: SCHEMA
|   
|   ( ok )  Already installed
|   
+ [ Component: Core ] :: DATA
|   
|   ( ok )  Already installed. OK
|   
+ [ Component: Core ] :: SCHEMA
|   
|   ( ok )  Already installed
|   
+ [ Component: Core ] :: DATA
|   
|   ( ok )  Already installed. OK
|   
+ [ Component: Core ] :: SCHEMA
|   
|   ( ok )  Already installed
|   
+ [ Component: Core ] :: DATA
|   
|   ( ok )  Already installed. OK
|   
+ [ Component: Core ] :: SCHEMA
|   
|   ( ok )  Already installed
|   
+ [ Component: Core ] :: DATA
|   
|   ( ok )  Already installed. OK
|   
+ [ Component: Core ] :: SCHEMA
|   
|   ( ok )  Already installed
|   
+ [ Component: Core ] :: DATA
|   
|   ( ok )  Already installed. OK
|   
+ [ Component: Core ] :: SCHEMA
|   
|   ( ok )  Already installed
|   
+ [ Component: Core ] :: DATA
|   
|   ( ok )  Already installed. OK
|   
[INFO] Tests run: 7, Failures: 0, Errors: 0, Skipped: 0, Time elapsed: 55.467 s - in com.agiletec.aps.******.services.authorization.TestAuthorityManager
[INFO] Running com.agiletec.aps.******.services.baseconfig.TestBaseConfigService
+ [ Component: Core ] :: SCHEMA
|   
|   ( ok )  Already installed
|   
+ [ Component: Core ] :: DATA
|   
|   ( ok )  Already installed. OK
|   
+ [ Component: Core ] :: SCHEMA
|   
|   ( ok )  Already installed
|   
+ [ Component: Core ] :: DATA
|   
|   ( ok )  Already installed. OK
|   
+ [ Component: Core ] :: SCHEMA
|   
|   ( ok )  Already installed
|   
+ [ Component: Core ] :: DATA
|   
|   ( ok )  Already installed. OK
|   
+ [ Component: Core ] :: SCHEMA
|   
|   ( ok )  Already installed
|   
+ [ Component: Core ] :: DATA
|   
|   ( ok )  Already installed. OK
|   
+ [ Component: Core ] :: SCHEMA
|   
|   ( ok )  Already installed
|   
+ [ Component: Core ] :: DATA
|   
|   ( ok )  Already installed. OK
|   
+ [ Component: Core ] :: SCHEMA
|   
|   ( ok )  Already installed
|   
+ [ Component: Core ] :: DATA
|   
|   ( ok )  Already installed. OK
|   
+ [ Component: Core ] :: SCHEMA
|   
|   ( ok )  Already installed
|   
+ [ Component: Core ] :: DATA
|   
|   ( ok )  Already installed. OK
|   
+ [ Component: Core ] :: SCHEMA
|   
|   ( ok )  Already installed
|   
+ [ Component: Core ] :: DATA
|   
|   ( ok )  Already installed. OK
|   
[INFO] Tests run: 4, Failures: 0, Errors: 0, Skipped: 0, Time elapsed: 31.384 s - in com.agiletec.aps.******.services.baseconfig.TestBaseConfigService
[INFO] Running com.agiletec.aps.******.services.baseconfig.TestConfigItemDAO
+ [ Component: Core ] :: SCHEMA
|   
|   ( ok )  Already installed
|   
+ [ Component: Core ] :: DATA
|   
|   ( ok )  Already installed. OK
|   
+ [ Component: Core ] :: SCHEMA
|   
|   ( ok )  Already installed
|   
+ [ Component: Core ] :: DATA
|   
|   ( ok )  Already installed. OK
|   
+ [ Component: Core ] :: SCHEMA
|   
|   ( ok )  Already installed
|   
+ [ Component: Core ] :: DATA
|   
|   ( ok )  Already installed. OK
|   
+ [ Component: Core ] :: SCHEMA
|   
|   ( ok )  Already installed
|   
+ [ Component: Core ] :: DATA
|   
|   ( ok )  Already installed. OK
|   
[INFO] Tests run: 2, Failures: 0, Errors: 0, Skipped: 0, Time elapsed: 15.883 s - in com.agiletec.aps.******.services.baseconfig.TestConfigItemDAO
[INFO] Running org.entando.entando.aps.******.services.cache.CacheInfoManagerIntegrationTest
+ [ Component: Core ] :: SCHEMA
|   
|   ( ok )  Already installed
|   
+ [ Component: Core ] :: DATA
|   
|   ( ok )  Already installed. OK
|   
+ [ Component: Core ] :: SCHEMA
|   
|   ( ok )  Already installed
|   
+ [ Component: Core ] :: DATA
|   
|   ( ok )  Already installed. OK
|   
+ [ Component: Core ] :: SCHEMA
|   
|   ( ok )  Already installed
|   
+ [ Component: Core ] :: DATA
|   
|   ( ok )  Already installed. OK
|   
+ [ Component: Core ] :: SCHEMA
|   
|   ( ok )  Already installed
|   
+ [ Component: Core ] :: DATA
|   
|   ( ok )  Already installed. OK
|   
+ [ Component: Core ] :: SCHEMA
|   
|   ( ok )  Already installed
|   
+ [ Component: Core ] :: DATA
|   
|   ( ok )  Already installed. OK
|   
+ [ Component: Core ] :: SCHEMA
|   
|   ( ok )  Already installed
|   
+ [ Component: Core ] :: DATA
|   
|   ( ok )  Already installed. OK
|   
+ [ Component: Core ] :: SCHEMA
|   
|   ( ok )  Already installed
|   
+ [ Component: Core ] :: DATA
|   
|   ( ok )  Already installed. OK
|   
+ [ Component: Core ] :: SCHEMA
|   
|   ( ok )  Already installed
|   
+ [ Component: Core ] :: DATA
|   
|   ( ok )  Already installed. OK
|   
[INFO] Tests run: 4, Failures: 0, Errors: 0, Skipped: 0, Time elapsed: 37.099 s - in org.entando.entando.aps.******.services.cache.CacheInfoManagerIntegrationTest
[INFO] Running org.entando.entando.aps.******.services.cache.CacheInfoManagerTest
[INFO] Tests run: 14, Failures: 0, Errors: 0, Skipped: 0, Time elapsed: 2.333 s - in org.entando.entando.aps.******.services.cache.CacheInfoManagerTest
[INFO] Running com.agiletec.aps.******.services.category.TestCategoryManager
+ [ Component: Core ] :: SCHEMA
|   
|   ( ok )  Already installed
|   
+ [ Component: Core ] :: DATA
|   
|   ( ok )  Already installed. OK
|   
+ [ Component: Core ] :: SCHEMA
|   
|   ( ok )  Already installed
|   
+ [ Component: Core ] :: DATA
|   
|   ( ok )  Already installed. OK
|   
+ [ Component: Core ] :: SCHEMA
|   
|   ( ok )  Already installed
|   
+ [ Component: Core ] :: DATA
|   
|   ( ok )  Already installed. OK
|   
+ [ Component: Core ] :: SCHEMA
|   
|   ( ok )  Already installed
|   
+ [ Component: Core ] :: DATA
|   
|   ( ok )  Already installed. OK
|   
+ [ Component: Core ] :: SCHEMA
|   
|   ( ok )  Already installed
|   
+ [ Component: Core ] :: DATA
|   
|   ( ok )  Already installed. OK
|   
+ [ Component: Core ] :: SCHEMA
|   
|   ( ok )  Already installed
|   
+ [ Component: Core ] :: DATA
|   
|   ( ok )  Already installed. OK
|   
+ [ Component: Core ] :: SCHEMA
|   
|   ( ok )  Already installed
|   
+ [ Component: Core ] :: DATA
|   
|   ( ok )  Already installed. OK
|   
+ [ Component: Core ] :: SCHEMA
|   
|   ( ok )  Already installed
|   
+ [ Component: Core ] :: DATA
|   
|   ( ok )  Already installed. OK
|   
+ [ Component: Core ] :: SCHEMA
|   
|   ( ok )  Already installed
|   
+ [ Component: Core ] :: DATA
|   
|   ( ok )  Already installed. OK
|   
+ [ Component: Core ] :: SCHEMA
|   
|   ( ok )  Already installed
|   
+ [ Component: Core ] :: DATA
|   
|   ( ok )  Already installed. OK
|   
[INFO] Tests run: 5, Failures: 0, Errors: 0, Skipped: 0, Time elapsed: 39.459 s - in com.agiletec.aps.******.services.category.TestCategoryManager
[INFO] Running com.agiletec.aps.******.services.group.TestGroupManager
+ [ Component: Core ] :: SCHEMA
|   
|   ( ok )  Already installed
|   
+ [ Component: Core ] :: DATA
|   
|   ( ok )  Already installed. OK
|   
+ [ Component: Core ] :: SCHEMA
|   
|   ( ok )  Already installed
|   
+ [ Component: Core ] :: DATA
|   
|   ( ok )  Already installed. OK
|   
+ [ Component: Core ] :: SCHEMA
|   
|   ( ok )  Already installed
|   
+ [ Component: Core ] :: DATA
|   
|   ( ok )  Already installed. OK
|   
+ [ Component: Core ] :: SCHEMA
|   
|   ( ok )  Already installed
|   
+ [ Component: Core ] :: DATA
|   
|   ( ok )  Already installed. OK
|   
+ [ Component: Core ] :: SCHEMA
|   
|   ( ok )  Already installed
|   
+ [ Component: Core ] :: DATA
|   
|   ( ok )  Already installed. OK
|   
+ [ Component: Core ] :: SCHEMA
|   
|   ( ok )  Already installed
|   
+ [ Component: Core ] :: DATA
|   
|   ( ok )  Already installed. OK
|   
+ [ Component: Core ] :: SCHEMA
|   
|   ( ok )  Already installed
|   
+ [ Component: Core ] :: DATA
|   
|   ( ok )  Already installed. OK
|   
+ [ Component: Core ] :: SCHEMA
|   
|   ( ok )  Already installed
|   
+ [ Component: Core ] :: DATA
|   
|   ( ok )  Already installed. OK
|   
+ [ Component: Core ] :: SCHEMA
|   
|   ( ok )  Already installed
|   
+ [ Component: Core ] :: DATA
|   
|   ( ok )  Already installed. OK
|   
+ [ Component: Core ] :: SCHEMA
|   
|   ( ok )  Already installed
|   
+ [ Component: Core ] :: DATA
|   
|   ( ok )  Already installed. OK
|   
[INFO] Tests run: 5, Failures: 0, Errors: 0, Skipped: 0, Time elapsed: 38.583 s - in com.agiletec.aps.******.services.group.TestGroupManager
[INFO] Running com.agiletec.aps.******.services.group.TestGroupUtilizer
+ [ Component: Core ] :: SCHEMA
|   
|   ( ok )  Already installed
|   
+ [ Component: Core ] :: DATA
|   
|   ( ok )  Already installed. OK
|   
+ [ Component: Core ] :: SCHEMA
|   
|   ( ok )  Already installed
|   
+ [ Component: Core ] :: DATA
|   
|   ( ok )  Already installed. OK
|   
+ [ Component: Core ] :: SCHEMA
|   
|   ( ok )  Already installed
|   
+ [ Component: Core ] :: DATA
|   
|   ( ok )  Already installed. OK
|   
+ [ Component: Core ] :: SCHEMA
|   
|   ( ok )  Already installed
|   
+ [ Component: Core ] :: DATA
|   
|   ( ok )  Already installed. OK
|   
[INFO] Tests run: 2, Failures: 0, Errors: 0, Skipped: 0, Time elapsed: 15.649 s - in com.agiletec.aps.******.services.group.TestGroupUtilizer
[INFO] Running com.agiletec.aps.******.services.i18n.I18nManagerIntegrationTest
+ [ Component: Core ] :: SCHEMA
|   
|   ( ok )  Already installed
|   
+ [ Component: Core ] :: DATA
|   
|   ( ok )  Already installed. OK
|   
+ [ Component: Core ] :: SCHEMA
|   
|   ( ok )  Already installed
|   
+ [ Component: Core ] :: DATA
|   
|   ( ok )  Already installed. OK
|   
+ [ Component: Core ] :: SCHEMA
|   
|   ( ok )  Already installed
|   
+ [ Component: Core ] :: DATA
|   
|   ( ok )  Already installed. OK
|   
+ [ Component: Core ] :: SCHEMA
|   
|   ( ok )  Already installed
|   
+ [ Component: Core ] :: DATA
|   
|   ( ok )  Already installed. OK
|   
+ [ Component: Core ] :: SCHEMA
|   
|   ( ok )  Already installed
|   
+ [ Component: Core ] :: DATA
|   
|   ( ok )  Already installed. OK
|   
+ [ Component: Core ] :: SCHEMA
|   
|   ( ok )  Already installed
|   
+ [ Component: Core ] :: DATA
|   
|   ( ok )  Already installed. OK
|   
+ [ Component: Core ] :: SCHEMA
|   
|   ( ok )  Already installed
|   
+ [ Component: Core ] :: DATA
|   
|   ( ok )  Already installed. OK
|   
+ [ Component: Core ] :: SCHEMA
|   
|   ( ok )  Already installed
|   
+ [ Component: Core ] :: DATA
|   
|   ( ok )  Already installed. OK
|   
+ [ Component: Core ] :: SCHEMA
|   
|   ( ok )  Already installed
|   
+ [ Component: Core ] :: DATA
|   
|   ( ok )  Already installed. OK
|   
+ [ Component: Core ] :: SCHEMA
|   
|   ( ok )  Already installed
|   
+ [ Component: Core ] :: DATA
|   
|   ( ok )  Already installed. OK
|   
+ [ Component: Core ] :: SCHEMA
|   
|   ( ok )  Already installed
|   
+ [ Component: Core ] :: DATA
|   
|   ( ok )  Already installed. OK
|   
+ [ Component: Core ] :: SCHEMA
|   
|   ( ok )  Already installed
|   
+ [ Component: Core ] :: DATA
|   
|   ( ok )  Already installed. OK
|   
+ [ Component: Core ] :: SCHEMA
|   
|   ( ok )  Already installed
|   
+ [ Component: Core ] :: DATA
|   
|   ( ok )  Already installed. OK
|   
+ [ Component: Core ] :: SCHEMA
|   
|   ( ok )  Already installed
|   
+ [ Component: Core ] :: DATA
|   
|   ( ok )  Already installed. OK
|   
[INFO] Tests run: 7, Failures: 0, Errors: 0, Skipped: 0, Time elapsed: 53.204 s - in com.agiletec.aps.******.services.i18n.I18nManagerIntegrationTest
[INFO] Running com.agiletec.aps.******.services.i18n.I18nManagerTest
[INFO] Tests run: 6, Failures: 0, Errors: 0, Skipped: 0, Time elapsed: 0.14 s - in com.agiletec.aps.******.services.i18n.I18nManagerTest
[INFO] Running com.agiletec.aps.******.services.i18n.cache.I18nManagerCacheWrapperTest
[INFO] Tests run: 6, Failures: 0, Errors: 0, Skipped: 0, Time elapsed: 0.019 s - in com.agiletec.aps.******.services.i18n.cache.I18nManagerCacheWrapperTest
[INFO] Running com.agiletec.aps.******.services.keygenerator.TestKeyGeneratorDAO
+ [ Component: Core ] :: SCHEMA
|   
|   ( ok )  Already installed
|   
+ [ Component: Core ] :: DATA
|   
|   ( ok )  Already installed. OK
|   
+ [ Component: Core ] :: SCHEMA
|   
|   ( ok )  Already installed
|   
+ [ Component: Core ] :: DATA
|   
|   ( ok )  Already installed. OK
|   
[INFO] Tests run: 1, Failures: 0, Errors: 0, Skipped: 0, Time elapsed: 7.16 s - in com.agiletec.aps.******.services.keygenerator.TestKeyGeneratorDAO
[INFO] Running com.agiletec.aps.******.services.keygenerator.KeyGeneratorManagerIntegrationTest
+ [ Component: Core ] :: SCHEMA
|   
|   ( ok )  Already installed
|   
+ [ Component: Core ] :: DATA
|   
|   ( ok )  Already installed. OK
|   
+ [ Component: Core ] :: SCHEMA
|   
|   ( ok )  Already installed
|   
+ [ Component: Core ] :: DATA
|   
|   ( ok )  Already installed. OK
|   
[INFO] Tests run: 1, Failures: 0, Errors: 0, Skipped: 0, Time elapsed: 7.509 s - in com.agiletec.aps.******.services.keygenerator.KeyGeneratorManagerIntegrationTest
[INFO] Running com.agiletec.aps.******.services.lang.LangManagerIntegrationTest
+ [ Component: Core ] :: SCHEMA
|   
|   ( ok )  Already installed
|   
+ [ Component: Core ] :: DATA
|   
|   ( ok )  Already installed. OK
|   
+ [ Component: Core ] :: SCHEMA
|   
|   ( ok )  Already installed
|   
+ [ Component: Core ] :: DATA
|   
|   ( ok )  Already installed. OK
|   
+ [ Component: Core ] :: SCHEMA
|   
|   ( ok )  Already installed
|   
+ [ Component: Core ] :: DATA
|   
|   ( ok )  Already installed. OK
|   
+ [ Component: Core ] :: SCHEMA
|   
|   ( ok )  Already installed
|   
+ [ Component: Core ] :: DATA
|   
|   ( ok )  Already installed. OK
|   
+ [ Component: Core ] :: SCHEMA
|   
|   ( ok )  Already installed
|   
+ [ Component: Core ] :: DATA
|   
|   ( ok )  Already installed. OK
|   
+ [ Component: Core ] :: SCHEMA
|   
|   ( ok )  Already installed
|   
+ [ Component: Core ] :: DATA
|   
|   ( ok )  Already installed. OK
|   
+ [ Component: Core ] :: SCHEMA
|   
|   ( ok )  Already installed
|   
+ [ Component: Core ] :: DATA
|   
|   ( ok )  Already installed. OK
|   
+ [ Component: Core ] :: SCHEMA
|   
|   ( ok )  Already installed
|   
+ [ Component: Core ] :: DATA
|   
|   ( ok )  Already installed. OK
|   
+ [ Component: Core ] :: SCHEMA
|   
|   ( ok )  Already installed
|   
+ [ Component: Core ] :: DATA
|   
|   ( ok )  Already installed. OK
|   
+ [ Component: Core ] :: SCHEMA
|   
|   ( ok )  Already installed
|   
+ [ Component: Core ] :: DATA
|   
|   ( ok )  Already installed. OK
|   
[INFO] Tests run: 5, Failures: 0, Errors: 0, Skipped: 0, Time elapsed: 40.059 s - in com.agiletec.aps.******.services.lang.LangManagerIntegrationTest
[INFO] Running com.agiletec.aps.******.services.lang.LangManagerTest
[INFO] Tests run: 7, Failures: 0, Errors: 0, Skipped: 0, Time elapsed: 0.082 s - in com.agiletec.aps.******.services.lang.LangManagerTest
[INFO] Running com.agiletec.aps.******.services.page.TestPageManager
+ [ Component: Core ] :: SCHEMA
|   
|   ( ok )  Already installed
|   
+ [ Component: Core ] :: DATA
|   
|   ( ok )  Already installed. OK
|   
+ [ Component: Core ] :: SCHEMA
|   
|   ( ok )  Already installed
|   
+ [ Component: Core ] :: DATA
|   
|   ( ok )  Already installed. OK
|   
+ [ Component: Core ] :: SCHEMA
|   
|   ( ok )  Already installed
|   
+ [ Component: Core ] :: DATA
|   
|   ( ok )  Already installed. OK
|   
+ [ Component: Core ] :: SCHEMA
|   
|   ( ok )  Already installed
|   
+ [ Component: Core ] :: DATA
|   
|   ( ok )  Already installed. OK
|   
+ [ Component: Core ] :: SCHEMA
|   
|   ( ok )  Already installed
|   
+ [ Component: Core ] :: DATA
|   
|   ( ok )  Already installed. OK
|   
+ [ Component: Core ] :: SCHEMA
|   
|   ( ok )  Already installed
|   
+ [ Component: Core ] :: DATA
|   
|   ( ok )  Already installed. OK
|   
+ [ Component: Core ] :: SCHEMA
|   
|   ( ok )  Already installed
|   
+ [ Component: Core ] :: DATA
|   
|   ( ok )  Already installed. OK
|   
+ [ Component: Core ] :: SCHEMA
|   
|   ( ok )  Already installed
|   
+ [ Component: Core ] :: DATA
|   
|   ( ok )  Already installed. OK
|   
+ [ Component: Core ] :: SCHEMA
|   
|   ( ok )  Already installed
|   
+ [ Component: Core ] :: DATA
|   
|   ( ok )  Already installed. OK
|   
+ [ Component: Core ] :: SCHEMA
|   
|   ( ok )  Already installed
|   
+ [ Component: Core ] :: DATA
|   
|   ( ok )  Already installed. OK
|   
+ [ Component: Core ] :: SCHEMA
|   
|   ( ok )  Already installed
|   
+ [ Component: Core ] :: DATA
|   
|   ( ok )  Already installed. OK
|   
+ [ Component: Core ] :: SCHEMA
|   
|   ( ok )  Already installed
|   
+ [ Component: Core ] :: DATA
|   
|   ( ok )  Already installed. OK
|   
+ [ Component: Core ] :: SCHEMA
|   
|   ( ok )  Already installed
|   
+ [ Component: Core ] :: DATA
|   
|   ( ok )  Already installed. OK
|   
+ [ Component: Core ] :: SCHEMA
|   
|   ( ok )  Already installed
|   
+ [ Component: Core ] :: DATA
|   
|   ( ok )  Already installed. OK
|   
+ [ Component: Core ] :: SCHEMA
|   
|   ( ok )  Already installed
|   
+ [ Component: Core ] :: DATA
|   
|   ( ok )  Already installed. OK
|   
+ [ Component: Core ] :: SCHEMA
|   
|   ( ok )  Already installed
|   
+ [ Component: Core ] :: DATA
|   
|   ( ok )  Already installed. OK
|   
+ [ Component: Core ] :: SCHEMA
|   
|   ( ok )  Already installed
|   
+ [ Component: Core ] :: DATA
|   
|   ( ok )  Already installed. OK
|   
+ [ Component: Core ] :: SCHEMA
|   
|   ( ok )  Already installed
|   
+ [ Component: Core ] :: DATA
|   
|   ( ok )  Already installed. OK
|   
+ [ Component: Core ] :: SCHEMA
|   
|   ( ok )  Already installed
|   
+ [ Component: Core ] :: DATA
|   
|   ( ok )  Already installed. OK
|   
+ [ Component: Core ] :: SCHEMA
|   
|   ( ok )  Already installed
|   
+ [ Component: Core ] :: DATA
|   
|   ( ok )  Already installed. OK
|   
+ [ Component: Core ] :: SCHEMA
|   
|   ( ok )  Already installed
|   
+ [ Component: Core ] :: DATA
|   
|   ( ok )  Already installed. OK
|   
+ [ Component: Core ] :: SCHEMA
|   
|   ( ok )  Already installed
|   
+ [ Component: Core ] :: DATA
|   
|   ( ok )  Already installed. OK
|   
+ [ Component: Core ] :: SCHEMA
|   
|   ( ok )  Already installed
|   
+ [ Component: Core ] :: DATA
|   
|   ( ok )  Already installed. OK
|   
+ [ Component: Core ] :: SCHEMA
|   
|   ( ok )  Already installed
|   
+ [ Component: Core ] :: DATA
|   
|   ( ok )  Already installed. OK
|   
+ [ Component: Core ] :: SCHEMA
|   
|   ( ok )  Already installed
|   
+ [ Component: Core ] :: DATA
|   
|   ( ok )  Already installed. OK
|   
+ [ Component: Core ] :: SCHEMA
|   
|   ( ok )  Already installed
|   
+ [ Component: Core ] :: DATA
|   
|   ( ok )  Already installed. OK
|   
+ [ Component: Core ] :: SCHEMA
|   
|   ( ok )  Already installed
|   
+ [ Component: Core ] :: DATA
|   
|   ( ok )  Already installed. OK
|   
+ [ Component: Core ] :: SCHEMA
|   
|   ( ok )  Already installed
|   
+ [ Component: Core ] :: DATA
|   
|   ( ok )  Already installed. OK
|   
+ [ Component: Core ] :: SCHEMA
|   
|   ( ok )  Already installed
|   
+ [ Component: Core ] :: DATA
|   
|   ( ok )  Already installed. OK
|   
+ [ Component: Core ] :: SCHEMA
|   
|   ( ok )  Already installed
|   
+ [ Component: Core ] :: DATA
|   
|   ( ok )  Already installed. OK
|   
+ [ Component: Core ] :: SCHEMA
|   
|   ( ok )  Already installed
|   
+ [ Component: Core ] :: DATA
|   
|   ( ok )  Already installed. OK
|   
+ [ Component: Core ] :: SCHEMA
|   
|   ( ok )  Already installed
|   
+ [ Component: Core ] :: DATA
|   
|   ( ok )  Already installed. OK
|   
+ [ Component: Core ] :: SCHEMA
|   
|   ( ok )  Already installed
|   
+ [ Component: Core ] :: DATA
|   
|   ( ok )  Already installed. OK
|   
+ [ Component: Core ] :: SCHEMA
|   
|   ( ok )  Already installed
|   
+ [ Component: Core ] :: DATA
|   
|   ( ok )  Already installed. OK
|   
+ [ Component: Core ] :: SCHEMA
|   
|   ( ok )  Already installed
|   
+ [ Component: Core ] :: DATA
|   
|   ( ok )  Already installed. OK
|   
+ [ Component: Core ] :: SCHEMA
|   
|   ( ok )  Already installed
|   
+ [ Component: Core ] :: DATA
|   
|   ( ok )  Already installed. OK
|   
+ [ Component: Core ] :: SCHEMA
|   
|   ( ok )  Already installed
|   
+ [ Component: Core ] :: DATA
|   
|   ( ok )  Already installed. OK
|   
+ [ Component: Core ] :: SCHEMA
|   
|   ( ok )  Already installed
|   
+ [ Component: Core ] :: DATA
|   
|   ( ok )  Already installed. OK
|   
+ [ Component: Core ] :: SCHEMA
|   
|   ( ok )  Already installed
|   
+ [ Component: Core ] :: DATA
|   
|   ( ok )  Already installed. OK
|   
+ [ Component: Core ] :: SCHEMA
|   
|   ( ok )  Already installed
|   
+ [ Component: Core ] :: DATA
|   
|   ( ok )  Already installed. OK
|   
+ [ Component: Core ] :: SCHEMA
|   
|   ( ok )  Already installed
|   
+ [ Component: Core ] :: DATA
|   
|   ( ok )  Already installed. OK
|   
+ [ Component: Core ] :: SCHEMA
|   
|   ( ok )  Already installed
|   
+ [ Component: Core ] :: DATA
|   
|   ( ok )  Already installed. OK
|   
[INFO] Tests run: 21, Failures: 0, Errors: 0, Skipped: 0, Time elapsed: 161.197 s - in com.agiletec.aps.******.services.page.TestPageManager
[INFO] Running com.agiletec.aps.******.services.page.widget.TestNavigatorExpression
+ [ Component: Core ] :: SCHEMA
|   
|   ( ok )  Already installed
|   
+ [ Component: Core ] :: DATA
|   
|   ( ok )  Already installed. OK
|   
+ [ Component: Core ] :: SCHEMA
|   
|   ( ok )  Already installed
|   
+ [ Component: Core ] :: DATA
|   
|   ( ok )  Already installed. OK
|   
+ [ Component: Core ] :: SCHEMA
|   
|   ( ok )  Already installed
|   
+ [ Component: Core ] :: DATA
|   
|   ( ok )  Already installed. OK
|   
+ [ Component: Core ] :: SCHEMA
|   
|   ( ok )  Already installed
|   
+ [ Component: Core ] :: DATA
|   
|   ( ok )  Already installed. OK
|   
+ [ Component: Core ] :: SCHEMA
|   
|   ( ok )  Already installed
|   
+ [ Component: Core ] :: DATA
|   
|   ( ok )  Already installed. OK
|   
+ [ Component: Core ] :: SCHEMA
|   
|   ( ok )  Already installed
|   
+ [ Component: Core ] :: DATA
|   
|   ( ok )  Already installed. OK
|   
+ [ Component: Core ] :: SCHEMA
|   
|   ( ok )  Already installed
|   
+ [ Component: Core ] :: DATA
|   
|   ( ok )  Already installed. OK
|   
+ [ Component: Core ] :: SCHEMA
|   
|   ( ok )  Already installed
|   
+ [ Component: Core ] :: DATA
|   
|   ( ok )  Already installed. OK
|   
+ [ Component: Core ] :: SCHEMA
|   
|   ( ok )  Already installed
|   
+ [ Component: Core ] :: DATA
|   
|   ( ok )  Already installed. OK
|   
+ [ Component: Core ] :: SCHEMA
|   
|   ( ok )  Already installed
|   
+ [ Component: Core ] :: DATA
|   
|   ( ok )  Already installed. OK
|   
+ [ Component: Core ] :: SCHEMA
|   
|   ( ok )  Already installed
|   
+ [ Component: Core ] :: DATA
|   
|   ( ok )  Already installed. OK
|   
+ [ Component: Core ] :: SCHEMA
|   
|   ( ok )  Already installed
|   
+ [ Component: Core ] :: DATA
|   
|   ( ok )  Already installed. OK
|   
+ [ Component: Core ] :: SCHEMA
|   
|   ( ok )  Already installed
|   
+ [ Component: Core ] :: DATA
|   
|   ( ok )  Already installed. OK
|   
+ [ Component: Core ] :: SCHEMA
|   
|   ( ok )  Already installed
|   
+ [ Component: Core ] :: DATA
|   
|   ( ok )  Already installed. OK
|   
+ [ Component: Core ] :: SCHEMA
|   
|   ( ok )  Already installed
|   
+ [ Component: Core ] :: DATA
|   
|   ( ok )  Already installed. OK
|   
+ [ Component: Core ] :: SCHEMA
|   
|   ( ok )  Already installed
|   
+ [ Component: Core ] :: DATA
|   
|   ( ok )  Already installed. OK
|   
+ [ Component: Core ] :: SCHEMA
|   
|   ( ok )  Already installed
|   
+ [ Component: Core ] :: DATA
|   
|   ( ok )  Already installed. OK
|   
+ [ Component: Core ] :: SCHEMA
|   
|   ( ok )  Already installed
|   
+ [ Component: Core ] :: DATA
|   
|   ( ok )  Already installed. OK
|   
+ [ Component: Core ] :: SCHEMA
|   
|   ( ok )  Already installed
|   
+ [ Component: Core ] :: DATA
|   
|   ( ok )  Already installed. OK
|   
+ [ Component: Core ] :: SCHEMA
|   
|   ( ok )  Already installed
|   
+ [ Component: Core ] :: DATA
|   
|   ( ok )  Already installed. OK
|   
+ [ Component: Core ] :: SCHEMA
|   
|   ( ok )  Already installed
|   
+ [ Component: Core ] :: DATA
|   
|   ( ok )  Already installed. OK
|   
+ [ Component: Core ] :: SCHEMA
|   
|   ( ok )  Already installed
|   
+ [ Component: Core ] :: DATA
|   
|   ( ok )  Already installed. OK
|   
[INFO] Tests run: 11, Failures: 0, Errors: 0, Skipped: 0, Time elapsed: 85.754 s - in com.agiletec.aps.******.services.page.widget.TestNavigatorExpression
[INFO] Running com.agiletec.aps.******.services.page.widget.TestNavigatorParser
+ [ Component: Core ] :: SCHEMA
|   
|   ( ok )  Already installed
|   
+ [ Component: Core ] :: DATA
|   
|   ( ok )  Already installed. OK
|   
+ [ Component: Core ] :: SCHEMA
|   
|   ( ok )  Already installed
|   
+ [ Component: Core ] :: DATA
|   
|   ( ok )  Already installed. OK
|   
+ [ Component: Core ] :: SCHEMA
|   
|   ( ok )  Already installed
|   
+ [ Component: Core ] :: DATA
|   
|   ( ok )  Already installed. OK
|   
+ [ Component: Core ] :: SCHEMA
|   
|   ( ok )  Already installed
|   
+ [ Component: Core ] :: DATA
|   
|   ( ok )  Already installed. OK
|   
+ [ Component: Core ] :: SCHEMA
|   
|   ( ok )  Already installed
|   
+ [ Component: Core ] :: DATA
|   
|   ( ok )  Already installed. OK
|   
+ [ Component: Core ] :: SCHEMA
|   
|   ( ok )  Already installed
|   
+ [ Component: Core ] :: DATA
|   
|   ( ok )  Already installed. OK
|   
+ [ Component: Core ] :: SCHEMA
|   
|   ( ok )  Already installed
|   
+ [ Component: Core ] :: DATA
|   
|   ( ok )  Already installed. OK
|   
+ [ Component: Core ] :: SCHEMA
|   
|   ( ok )  Already installed
|   
+ [ Component: Core ] :: DATA
|   
|   ( ok )  Already installed. OK
|   
+ [ Component: Core ] :: SCHEMA
|   
|   ( ok )  Already installed
|   
+ [ Component: Core ] :: DATA
|   
|   ( ok )  Already installed. OK
|   
+ [ Component: Core ] :: SCHEMA
|   
|   ( ok )  Already installed
|   
+ [ Component: Core ] :: DATA
|   
|   ( ok )  Already installed. OK
|   
[INFO] Tests run: 5, Failures: 0, Errors: 0, Skipped: 0, Time elapsed: 38.988 s - in com.agiletec.aps.******.services.page.widget.TestNavigatorParser
[INFO] Running com.agiletec.aps.******.services.pagemodel.TestJaxbPageModel
+ [ Component: Core ] :: SCHEMA
|   
|   ( ok )  Already installed
|   
+ [ Component: Core ] :: DATA
|   
|   ( ok )  Already installed. OK
|   
+ [ Component: Core ] :: SCHEMA
|   
|   ( ok )  Already installed
|   
+ [ Component: Core ] :: DATA
|   
|   ( ok )  Already installed. OK
|   
[INFO] Tests run: 1, Failures: 0, Errors: 0, Skipped: 0, Time elapsed: 7.591 s - in com.agiletec.aps.******.services.pagemodel.TestJaxbPageModel
[INFO] Running com.agiletec.aps.******.services.pagemodel.TestPageModelDAO
+ [ Component: Core ] :: SCHEMA
|   
|   ( ok )  Already installed
|   
+ [ Component: Core ] :: DATA
|   
|   ( ok )  Already installed. OK
|   
+ [ Component: Core ] :: SCHEMA
|   
|   ( ok )  Already installed
|   
+ [ Component: Core ] :: DATA
|   
|   ( ok )  Already installed. OK
|   
+ [ Component: Core ] :: SCHEMA
|   
|   ( ok )  Already installed
|   
+ [ Component: Core ] :: DATA
|   
|   ( ok )  Already installed. OK
|   
+ [ Component: Core ] :: SCHEMA
|   
|   ( ok )  Already installed
|   
+ [ Component: Core ] :: DATA
|   
|   ( ok )  Already installed. OK
|   
+ [ Component: Core ] :: SCHEMA
|   
|   ( ok )  Already installed
|   
+ [ Component: Core ] :: DATA
|   
|   ( ok )  Already installed. OK
|   
+ [ Component: Core ] :: SCHEMA
|   
|   ( ok )  Already installed
|   
+ [ Component: Core ] :: DATA
|   
|   ( ok )  Already installed. OK
|   
[INFO] Tests run: 3, Failures: 0, Errors: 0, Skipped: 0, Time elapsed: 23.824 s - in com.agiletec.aps.******.services.pagemodel.TestPageModelDAO
[INFO] Running com.agiletec.aps.******.services.pagemodel.TestPageModelDOM
+ [ Component: Core ] :: SCHEMA
|   
|   ( ok )  Already installed
|   
+ [ Component: Core ] :: DATA
|   
|   ( ok )  Already installed. OK
|   
+ [ Component: Core ] :: SCHEMA
|   
|   ( ok )  Already installed
|   
+ [ Component: Core ] :: DATA
|   
|   ( ok )  Already installed. OK
|   
[INFO] Tests run: 1, Failures: 0, Errors: 0, Skipped: 0, Time elapsed: 7.333 s - in com.agiletec.aps.******.services.pagemodel.TestPageModelDOM
[INFO] Running com.agiletec.aps.******.services.pagemodel.TestPageModelManager
+ [ Component: Core ] :: SCHEMA
|   
|   ( ok )  Already installed
|   
+ [ Component: Core ] :: DATA
|   
|   ( ok )  Already installed. OK
|   
+ [ Component: Core ] :: SCHEMA
|   
|   ( ok )  Already installed
|   
+ [ Component: Core ] :: DATA
|   
|   ( ok )  Already installed. OK
|   
+ [ Component: Core ] :: SCHEMA
|   
|   ( ok )  Already installed
|   
+ [ Component: Core ] :: DATA
|   
|   ( ok )  Already installed. OK
|   
+ [ Component: Core ] :: SCHEMA
|   
|   ( ok )  Already installed
|   
+ [ Component: Core ] :: DATA
|   
|   ( ok )  Already installed. OK
|   
+ [ Component: Core ] :: SCHEMA
|   
|   ( ok )  Already installed
|   
+ [ Component: Core ] :: DATA
|   
|   ( ok )  Already installed. OK
|   
+ [ Component: Core ] :: SCHEMA
|   
|   ( ok )  Already installed
|   
+ [ Component: Core ] :: DATA
|   
|   ( ok )  Already installed. OK
|   
+ [ Component: Core ] :: SCHEMA
|   
|   ( ok )  Already installed
|   
+ [ Component: Core ] :: DATA
|   
|   ( ok )  Already installed. OK
|   
+ [ Component: Core ] :: SCHEMA
|   
|   ( ok )  Already installed
|   
+ [ Component: Core ] :: DATA
|   
|   ( ok )  Already installed. OK
|   
+ [ Component: Core ] :: SCHEMA
|   
|   ( ok )  Already installed
|   
+ [ Component: Core ] :: DATA
|   
|   ( ok )  Already installed. OK
|   
+ [ Component: Core ] :: SCHEMA
|   
|   ( ok )  Already installed
|   
+ [ Component: Core ] :: DATA
|   
|   ( ok )  Already installed. OK
|   
+ [ Component: Core ] :: SCHEMA
|   
|   ( ok )  Already installed
|   
+ [ Component: Core ] :: DATA
|   
|   ( ok )  Already installed. OK
|   
+ [ Component: Core ] :: SCHEMA
|   
|   ( ok )  Already installed
|   
+ [ Component: Core ] :: DATA
|   
|   ( ok )  Already installed. OK
|   
+ [ Component: Core ] :: SCHEMA
|   
|   ( ok )  Already installed
|   
+ [ Component: Core ] :: DATA
|   
|   ( ok )  Already installed. OK
|   
+ [ Component: Core ] :: SCHEMA
|   
|   ( ok )  Already installed
|   
+ [ Component: Core ] :: DATA
|   
|   ( ok )  Already installed. OK
|   
+ [ Component: Core ] :: SCHEMA
|   
|   ( ok )  Already installed
|   
+ [ Component: Core ] :: DATA
|   
|   ( ok )  Already installed. OK
|   
+ [ Component: Core ] :: SCHEMA
|   
|   ( ok )  Already installed
|   
+ [ Component: Core ] :: DATA
|   
|   ( ok )  Already installed. OK
|   
[INFO] Tests run: 8, Failures: 0, Errors: 0, Skipped: 0, Time elapsed: 64.377 s - in com.agiletec.aps.******.services.pagemodel.TestPageModelManager
[INFO] Running com.agiletec.aps.******.services.role.TestPermissionDAO
+ [ Component: Core ] :: SCHEMA
|   
|   ( ok )  Already installed
|   
+ [ Component: Core ] :: DATA
|   
|   ( ok )  Already installed. OK
|   
+ [ Component: Core ] :: SCHEMA
|   
|   ( ok )  Already installed
|   
+ [ Component: Core ] :: DATA
|   
|   ( ok )  Already installed. OK
|   
[INFO] Tests run: 1, Failures: 0, Errors: 0, Skipped: 0, Time elapsed: 8.008 s - in com.agiletec.aps.******.services.role.TestPermissionDAO
[INFO] Running com.agiletec.aps.******.services.role.TestRoleDAO
+ [ Component: Core ] :: SCHEMA
|   
|   ( ok )  Already installed
|   
+ [ Component: Core ] :: DATA
|   
|   ( ok )  Already installed. OK
|   
+ [ Component: Core ] :: SCHEMA
|   
|   ( ok )  Already installed
|   
+ [ Component: Core ] :: DATA
|   
|   ( ok )  Already installed. OK
|   
[INFO] Tests run: 1, Failures: 0, Errors: 0, Skipped: 0, Time elapsed: 7.268 s - in com.agiletec.aps.******.services.role.TestRoleDAO
[INFO] Running com.agiletec.aps.******.services.role.TestRoleManager
+ [ Component: Core ] :: SCHEMA
|   
|   ( ok )  Already installed
|   
+ [ Component: Core ] :: DATA
|   
|   ( ok )  Already installed. OK
|   
+ [ Component: Core ] :: SCHEMA
|   
|   ( ok )  Already installed
|   
+ [ Component: Core ] :: DATA
|   
|   ( ok )  Already installed. OK
|   
+ [ Component: Core ] :: SCHEMA
|   
|   ( ok )  Already installed
|   
+ [ Component: Core ] :: DATA
|   
|   ( ok )  Already installed. OK
|   
+ [ Component: Core ] :: SCHEMA
|   
|   ( ok )  Already installed
|   
+ [ Component: Core ] :: DATA
|   
|   ( ok )  Already installed. OK
|   
[INFO] Tests run: 2, Failures: 0, Errors: 0, Skipped: 0, Time elapsed: 17.275 s - in com.agiletec.aps.******.services.role.TestRoleManager
[INFO] Running com.agiletec.aps.******.services.widgettype.TestWidgetTypeDAO
+ [ Component: Core ] :: SCHEMA
|   
|   ( ok )  Already installed
|   
+ [ Component: Core ] :: DATA
|   
|   ( ok )  Already installed. OK
|   
+ [ Component: Core ] :: SCHEMA
|   
|   ( ok )  Already installed
|   
+ [ Component: Core ] :: DATA
|   
|   ( ok )  Already installed. OK
|   
[INFO] Tests run: 1, Failures: 0, Errors: 0, Skipped: 0, Time elapsed: 6.615 s - in com.agiletec.aps.******.services.widgettype.TestWidgetTypeDAO
[INFO] Running com.agiletec.aps.******.services.widgettype.TestWidgetTypeDOM
+ [ Component: Core ] :: SCHEMA
|   
|   ( ok )  Already installed
|   
+ [ Component: Core ] :: DATA
|   
|   ( ok )  Already installed. OK
|   
+ [ Component: Core ] :: SCHEMA
|   
|   ( ok )  Already installed
|   
+ [ Component: Core ] :: DATA
|   
|   ( ok )  Already installed. OK
|   
+ [ Component: Core ] :: SCHEMA
|   
|   ( ok )  Already installed
|   
+ [ Component: Core ] :: DATA
|   
|   ( ok )  Already installed. OK
|   
+ [ Component: Core ] :: SCHEMA
|   
|   ( ok )  Already installed
|   
+ [ Component: Core ] :: DATA
|   
|   ( ok )  Already installed. OK
|   
[INFO] Tests run: 2, Failures: 0, Errors: 0, Skipped: 0, Time elapsed: 15.414 s - in com.agiletec.aps.******.services.widgettype.TestWidgetTypeDOM
[INFO] Running com.agiletec.aps.******.services.widgettype.TestWidgetTypeManager
+ [ Component: Core ] :: SCHEMA
|   
|   ( ok )  Already installed
|   
+ [ Component: Core ] :: DATA
|   
|   ( ok )  Already installed. OK
|   
+ [ Component: Core ] :: SCHEMA
|   
|   ( ok )  Already installed
|   
+ [ Component: Core ] :: DATA
|   
|   ( ok )  Already installed. OK
|   
+ [ Component: Core ] :: SCHEMA
|   
|   ( ok )  Already installed
|   
+ [ Component: Core ] :: DATA
|   
|   ( ok )  Already installed. OK
|   
+ [ Component: Core ] :: SCHEMA
|   
|   ( ok )  Already installed
|   
+ [ Component: Core ] :: DATA
|   
|   ( ok )  Already installed. OK
|   
+ [ Component: Core ] :: SCHEMA
|   
|   ( ok )  Already installed
|   
+ [ Component: Core ] :: DATA
|   
|   ( ok )  Already installed. OK
|   
+ [ Component: Core ] :: SCHEMA
|   
|   ( ok )  Already installed
|   
+ [ Component: Core ] :: DATA
|   
|   ( ok )  Already installed. OK
|   
+ [ Component: Core ] :: SCHEMA
|   
|   ( ok )  Already installed
|   
+ [ Component: Core ] :: DATA
|   
|   ( ok )  Already installed. OK
|   
+ [ Component: Core ] :: SCHEMA
|   
|   ( ok )  Already installed
|   
+ [ Component: Core ] :: DATA
|   
|   ( ok )  Already installed. OK
|   
+ [ Component: Core ] :: SCHEMA
|   
|   ( ok )  Already installed
|   
+ [ Component: Core ] :: DATA
|   
|   ( ok )  Already installed. OK
|   
+ [ Component: Core ] :: SCHEMA
|   
|   ( ok )  Already installed
|   
+ [ Component: Core ] :: DATA
|   
|   ( ok )  Already installed. OK
|   
+ [ Component: Core ] :: SCHEMA
|   
|   ( ok )  Already installed
|   
+ [ Component: Core ] :: DATA
|   
|   ( ok )  Already installed. OK
|   
+ [ Component: Core ] :: SCHEMA
|   
|   ( ok )  Already installed
|   
+ [ Component: Core ] :: DATA
|   
|   ( ok )  Already installed. OK
|   
+ [ Component: Core ] :: SCHEMA
|   
|   ( ok )  Already installed
|   
+ [ Component: Core ] :: DATA
|   
|   ( ok )  Already installed. OK
|   
+ [ Component: Core ] :: SCHEMA
|   
|   ( ok )  Already installed
|   
+ [ Component: Core ] :: DATA
|   
|   ( ok )  Already installed. OK
|   
+ [ Component: Core ] :: SCHEMA
|   
|   ( ok )  Already installed
|   
+ [ Component: Core ] :: DATA
|   
|   ( ok )  Already installed. OK
|   
+ [ Component: Core ] :: SCHEMA
|   
|   ( ok )  Already installed
|   
+ [ Component: Core ] :: DATA
|   
|   ( ok )  Already installed. OK
|   
[INFO] Tests run: 8, Failures: 0, Errors: 0, Skipped: 0, Time elapsed: 62.86 s - in com.agiletec.aps.******.services.widgettype.TestWidgetTypeManager
[INFO] Running com.agiletec.aps.******.services.url.TestURLManager
+ [ Component: Core ] :: SCHEMA
|   
|   ( ok )  Already installed
|   
+ [ Component: Core ] :: DATA
|   
|   ( ok )  Already installed. OK
|   
+ [ Component: Core ] :: SCHEMA
|   
|   ( ok )  Already installed
|   
+ [ Component: Core ] :: DATA
|   
|   ( ok )  Already installed. OK
|   
+ [ Component: Core ] :: SCHEMA
|   
|   ( ok )  Already installed
|   
+ [ Component: Core ] :: DATA
|   
|   ( ok )  Already installed. OK
|   
+ [ Component: Core ] :: SCHEMA
|   
|   ( ok )  Already installed
|   
+ [ Component: Core ] :: DATA
|   
|   ( ok )  Already installed. OK
|   
[INFO] Tests run: 2, Failures: 0, Errors: 0, Skipped: 0, Time elapsed: 17.581 s - in com.agiletec.aps.******.services.url.TestURLManager
[INFO] Running com.agiletec.aps.******.services.user.AuthenticationProviderManagerIntegrationTest
+ [ Component: Core ] :: SCHEMA
|   
|   ( ok )  Already installed
|   
+ [ Component: Core ] :: DATA
|   
|   ( ok )  Already installed. OK
|   
+ [ Component: Core ] :: SCHEMA
|   
|   ( ok )  Already installed
|   
+ [ Component: Core ] :: DATA
|   
|   ( ok )  Already installed. OK
|   
+ [ Component: Core ] :: SCHEMA
|   
|   ( ok )  Already installed
|   
+ [ Component: Core ] :: DATA
|   
|   ( ok )  Already installed. OK
|   
+ [ Component: Core ] :: SCHEMA
|   
|   ( ok )  Already installed
|   
+ [ Component: Core ] :: DATA
|   
|   ( ok )  Already installed. OK
|   
+ [ Component: Core ] :: SCHEMA
|   
|   ( ok )  Already installed
|   
+ [ Component: Core ] :: DATA
|   
|   ( ok )  Already installed. OK
|   
+ [ Component: Core ] :: SCHEMA
|   
|   ( ok )  Already installed
|   
+ [ Component: Core ] :: DATA
|   
|   ( ok )  Already installed. OK
|   
+ [ Component: Core ] :: SCHEMA
|   
|   ( ok )  Already installed
|   
+ [ Component: Core ] :: DATA
|   
|   ( ok )  Already installed. OK
|   
+ [ Component: Core ] :: SCHEMA
|   
|   ( ok )  Already installed
|   
+ [ Component: Core ] :: DATA
|   
|   ( ok )  Already installed. OK
|   
+ [ Component: Core ] :: SCHEMA
|   
|   ( ok )  Already installed
|   
+ [ Component: Core ] :: DATA
|   
|   ( ok )  Already installed. OK
|   
+ [ Component: Core ] :: SCHEMA
|   
|   ( ok )  Already installed
|   
+ [ Component: Core ] :: DATA
|   
|   ( ok )  Already installed. OK
|   
+ [ Component: Core ] :: SCHEMA
|   
|   ( ok )  Already installed
|   
+ [ Component: Core ] :: DATA
|   
|   ( ok )  Already installed. OK
|   
+ [ Component: Core ] :: SCHEMA
|   
|   ( ok )  Already installed
|   
+ [ Component: Core ] :: DATA
|   
|   ( ok )  Already installed. OK
|   
+ [ Component: Core ] :: SCHEMA
|   
|   ( ok )  Already installed
|   
+ [ Component: Core ] :: DATA
|   
|   ( ok )  Already installed. OK
|   
+ [ Component: Core ] :: SCHEMA
|   
|   ( ok )  Already installed
|   
+ [ Component: Core ] :: DATA
|   
|   ( ok )  Already installed. OK
|   
+ [ Component: Core ] :: SCHEMA
|   
|   ( ok )  Already installed
|   
+ [ Component: Core ] :: DATA
|   
|   ( ok )  Already installed. OK
|   
+ [ Component: Core ] :: SCHEMA
|   
|   ( ok )  Already installed
|   
+ [ Component: Core ] :: DATA
|   
|   ( ok )  Already installed. OK
|   
+ [ Component: Core ] :: SCHEMA
|   
|   ( ok )  Already installed
|   
+ [ Component: Core ] :: DATA
|   
|   ( ok )  Already installed. OK
|   
+ [ Component: Core ] :: SCHEMA
|   
|   ( ok )  Already installed
|   
+ [ Component: Core ] :: DATA
|   
|   ( ok )  Already installed. OK
|   
[INFO] Tests run: 9, Failures: 0, Errors: 0, Skipped: 0, Time elapsed: 76.179 s - in com.agiletec.aps.******.services.user.AuthenticationProviderManagerIntegrationTest
[INFO] Running com.agiletec.aps.******.services.user.AuthenticationProviderManagerTest
[INFO] Tests run: 16, Failures: 0, Errors: 0, Skipped: 0, Time elapsed: 0.152 s - in com.agiletec.aps.******.services.user.AuthenticationProviderManagerTest
[INFO] Running com.agiletec.aps.******.services.user.UserDAOIntegrationTest
+ [ Component: Core ] :: SCHEMA
|   
|   ( ok )  Already installed
|   
+ [ Component: Core ] :: DATA
|   
|   ( ok )  Already installed. OK
|   
+ [ Component: Core ] :: SCHEMA
|   
|   ( ok )  Already installed
|   
+ [ Component: Core ] :: DATA
|   
|   ( ok )  Already installed. OK
|   
+ [ Component: Core ] :: SCHEMA
|   
|   ( ok )  Already installed
|   
+ [ Component: Core ] :: DATA
|   
|   ( ok )  Already installed. OK
|   
+ [ Component: Core ] :: SCHEMA
|   
|   ( ok )  Already installed
|   
+ [ Component: Core ] :: DATA
|   
|   ( ok )  Already installed. OK
|   
[INFO] Tests run: 2, Failures: 0, Errors: 0, Skipped: 0, Time elapsed: 16.296 s - in com.agiletec.aps.******.services.user.UserDAOIntegrationTest
[INFO] Running com.agiletec.aps.******.services.user.UserManagerIntegrationTest
+ [ Component: Core ] :: SCHEMA
|   
|   ( ok )  Already installed
|   
+ [ Component: Core ] :: DATA
|   
|   ( ok )  Already installed. OK
|   
+ [ Component: Core ] :: SCHEMA
|   
|   ( ok )  Already installed
|   
+ [ Component: Core ] :: DATA
|   
|   ( ok )  Already installed. OK
|   
+ [ Component: Core ] :: SCHEMA
|   
|   ( ok )  Already installed
|   
+ [ Component: Core ] :: DATA
|   
|   ( ok )  Already installed. OK
|   
+ [ Component: Core ] :: SCHEMA
|   
|   ( ok )  Already installed
|   
+ [ Component: Core ] :: DATA
|   
|   ( ok )  Already installed. OK
|   
+ [ Component: Core ] :: SCHEMA
|   
|   ( ok )  Already installed
|   
+ [ Component: Core ] :: DATA
|   
|   ( ok )  Already installed. OK
|   
+ [ Component: Core ] :: SCHEMA
|   
|   ( ok )  Already installed
|   
+ [ Component: Core ] :: DATA
|   
|   ( ok )  Already installed. OK
|   
[INFO] Tests run: 3, Failures: 0, Errors: 0, Skipped: 0, Time elapsed: 24.86 s - in com.agiletec.aps.******.services.user.UserManagerIntegrationTest
[INFO] Running com.agiletec.aps.******.services.user.UserManagerTest
[INFO] Tests run: 5, Failures: 0, Errors: 0, Skipped: 0, Time elapsed: 2.316 s - in com.agiletec.aps.******.services.user.UserManagerTest
[INFO] Running com.agiletec.aps.******.TestApplicationContext
+ [ Component: Core ] :: SCHEMA
|   
|   ( ok )  Already installed
|   
+ [ Component: Core ] :: DATA
|   
|   ( ok )  Already installed. OK
|   
+ [ Component: Core ] :: SCHEMA
|   
|   ( ok )  Already installed
|   
+ [ Component: Core ] :: DATA
|   
|   ( ok )  Already installed. OK
|   
[INFO] Tests run: 1, Failures: 0, Errors: 0, Skipped: 0, Time elapsed: 9.299 s - in com.agiletec.aps.******.TestApplicationContext
[INFO] Running com.agiletec.aps.util.TestHtmlHandler
+ [ Component: Core ] :: SCHEMA
|   
|   ( ok )  Already installed
|   
+ [ Component: Core ] :: DATA
|   
|   ( ok )  Already installed. OK
|   
+ [ Component: Core ] :: SCHEMA
|   
|   ( ok )  Already installed
|   
+ [ Component: Core ] :: DATA
|   
|   ( ok )  Already installed. OK
|   
[INFO] Tests run: 1, Failures: 0, Errors: 0, Skipped: 0, Time elapsed: 8.61 s - in com.agiletec.aps.util.TestHtmlHandler
[INFO] Running org.entando.entando.aps.******.services.actionlog.TestActionLogDAO
+ [ Component: Core ] :: SCHEMA
|   
|   ( ok )  Already installed
|   
+ [ Component: Core ] :: DATA
|   
|   ( ok )  Already installed. OK
|   
+ [ Component: Core ] :: SCHEMA
|   
|   ( ok )  Already installed
|   
+ [ Component: Core ] :: DATA
|   
|   ( ok )  Already installed. OK
|   
+ [ Component: Core ] :: SCHEMA
|   
|   ( ok )  Already installed
|   
+ [ Component: Core ] :: DATA
|   
|   ( ok )  Already installed. OK
|   
+ [ Component: Core ] :: SCHEMA
|   
|   ( ok )  Already installed
|   
+ [ Component: Core ] :: DATA
|   
|   ( ok )  Already installed. OK
|   
+ [ Component: Core ] :: SCHEMA
|   
|   ( ok )  Already installed
|   
+ [ Component: Core ] :: DATA
|   
|   ( ok )  Already installed. OK
|   
+ [ Component: Core ] :: SCHEMA
|   
|   ( ok )  Already installed
|   
+ [ Component: Core ] :: DATA
|   
|   ( ok )  Already installed. OK
|   
[INFO] Tests run: 3, Failures: 0, Errors: 0, Skipped: 0, Time elapsed: 29.204 s - in org.entando.entando.aps.******.services.actionlog.TestActionLogDAO
[INFO] Running org.entando.entando.aps.******.services.actionlog.TestActionLogManager
+ [ Component: Core ] :: SCHEMA
|   
|   ( ok )  Already installed
|   
+ [ Component: Core ] :: DATA
|   
|   ( ok )  Already installed. OK
|   
+ [ Component: Core ] :: SCHEMA
|   
|   ( ok )  Already installed
|   
+ [ Component: Core ] :: DATA
|   
|   ( ok )  Already installed. OK
|   
+ [ Component: Core ] :: SCHEMA
|   
|   ( ok )  Already installed
|   
+ [ Component: Core ] :: DATA
|   
|   ( ok )  Already installed. OK
|   
+ [ Component: Core ] :: SCHEMA
|   
|   ( ok )  Already installed
|   
+ [ Component: Core ] :: DATA
|   
|   ( ok )  Already installed. OK
|   
[INFO] Tests run: 2, Failures: 0, Errors: 0, Skipped: 0, Time elapsed: 16.738 s - in org.entando.entando.aps.******.services.actionlog.TestActionLogManager
[INFO] Running org.entando.entando.aps.******.services.storage.LocalStorageManagerIntegrationTest
+ [ Component: Core ] :: SCHEMA
|   
|   ( ok )  Already installed
|   
+ [ Component: Core ] :: DATA
|   
|   ( ok )  Already installed. OK
|   
+ [ Component: Core ] :: SCHEMA
|   
|   ( ok )  Already installed
|   
+ [ Component: Core ] :: DATA
|   
|   ( ok )  Already installed. OK
|   
+ [ Component: Core ] :: SCHEMA
|   
|   ( ok )  Already installed
|   
+ [ Component: Core ] :: DATA
|   
|   ( ok )  Already installed. OK
|   
+ [ Component: Core ] :: SCHEMA
|   
|   ( ok )  Already installed
|   
+ [ Component: Core ] :: DATA
|   
|   ( ok )  Already installed. OK
|   
+ [ Component: Core ] :: SCHEMA
|   
|   ( ok )  Already installed
|   
+ [ Component: Core ] :: DATA
|   
|   ( ok )  Already installed. OK
|   
+ [ Component: Core ] :: SCHEMA
|   
|   ( ok )  Already installed
|   
+ [ Component: Core ] :: DATA
|   
|   ( ok )  Already installed. OK
|   
+ [ Component: Core ] :: SCHEMA
|   
|   ( ok )  Already installed
|   
+ [ Component: Core ] :: DATA
|   
|   ( ok )  Already installed. OK
|   
+ [ Component: Core ] :: SCHEMA
|   
|   ( ok )  Already installed
|   
+ [ Component: Core ] :: DATA
|   
|   ( ok )  Already installed. OK
|   
+ [ Component: Core ] :: SCHEMA
|   
|   ( ok )  Already installed
|   
+ [ Component: Core ] :: DATA
|   
|   ( ok )  Already installed. OK
|   
+ [ Component: Core ] :: SCHEMA
|   
|   ( ok )  Already installed
|   
+ [ Component: Core ] :: DATA
|   
|   ( ok )  Already installed. OK
|   
+ [ Component: Core ] :: SCHEMA
|   
|   ( ok )  Already installed
|   
+ [ Component: Core ] :: DATA
|   
|   ( ok )  Already installed. OK
|   
+ [ Component: Core ] :: SCHEMA
|   
|   ( ok )  Already installed
|   
+ [ Component: Core ] :: DATA
|   
|   ( ok )  Already installed. OK
|   
+ [ Component: Core ] :: SCHEMA
|   
|   ( ok )  Already installed
|   
+ [ Component: Core ] :: DATA
|   
|   ( ok )  Already installed. OK
|   
+ [ Component: Core ] :: SCHEMA
|   
|   ( ok )  Already installed
|   
+ [ Component: Core ] :: DATA
|   
|   ( ok )  Already installed. OK
|   
[INFO] Tests run: 7, Failures: 0, Errors: 0, Skipped: 0, Time elapsed: 54.707 s - in org.entando.entando.aps.******.services.storage.LocalStorageManagerIntegrationTest
[INFO] Running org.entando.entando.aps.******.services.storage.StorageManagerUtilTest
[INFO] Tests run: 7, Failures: 0, Errors: 0, Skipped: 0, Time elapsed: 0.026 s - in org.entando.entando.aps.******.services.storage.StorageManagerUtilTest
[INFO] Running org.entando.entando.aps.******.services.userprofile.UserProfileManagerIntegrationTest
+ [ Component: Core ] :: SCHEMA
|   
|   ( ok )  Already installed
|   
+ [ Component: Core ] :: DATA
|   
|   ( ok )  Already installed. OK
|   
+ [ Component: Core ] :: SCHEMA
|   
|   ( ok )  Already installed
|   
+ [ Component: Core ] :: DATA
|   
|   ( ok )  Already installed. OK
|   
+ [ Component: Core ] :: SCHEMA
|   
|   ( ok )  Already installed
|   
+ [ Component: Core ] :: DATA
|   
|   ( ok )  Already installed. OK
|   
+ [ Component: Core ] :: SCHEMA
|   
|   ( ok )  Already installed
|   
+ [ Component: Core ] :: DATA
|   
|   ( ok )  Already installed. OK
|   
+ [ Component: Core ] :: SCHEMA
|   
|   ( ok )  Already installed
|   
+ [ Component: Core ] :: DATA
|   
|   ( ok )  Already installed. OK
|   
+ [ Component: Core ] :: SCHEMA
|   
|   ( ok )  Already installed
|   
+ [ Component: Core ] :: DATA
|   
|   ( ok )  Already installed. OK
|   
+ [ Component: Core ] :: SCHEMA
|   
|   ( ok )  Already installed
|   
+ [ Component: Core ] :: DATA
|   
|   ( ok )  Already installed. OK
|   
+ [ Component: Core ] :: SCHEMA
|   
|   ( ok )  Already installed
|   
+ [ Component: Core ] :: DATA
|   
|   ( ok )  Already installed. OK
|   
+ [ Component: Core ] :: SCHEMA
|   
|   ( ok )  Already installed
|   
+ [ Component: Core ] :: DATA
|   
|   ( ok )  Already installed. OK
|   
+ [ Component: Core ] :: SCHEMA
|   
|   ( ok )  Already installed
|   
+ [ Component: Core ] :: DATA
|   
|   ( ok )  Already installed. OK
|   
+ [ Component: Core ] :: SCHEMA
|   
|   ( ok )  Already installed
|   
+ [ Component: Core ] :: DATA
|   
|   ( ok )  Already installed. OK
|   
+ [ Component: Core ] :: SCHEMA
|   
|   ( ok )  Already installed
|   
+ [ Component: Core ] :: DATA
|   
|   ( ok )  Already installed. OK
|   
+ [ Component: Core ] :: SCHEMA
|   
|   ( ok )  Already installed
|   
+ [ Component: Core ] :: DATA
|   
|   ( ok )  Already installed. OK
|   
+ [ Component: Core ] :: SCHEMA
|   
|   ( ok )  Already installed
|   
+ [ Component: Core ] :: DATA
|   
|   ( ok )  Already installed. OK
|   
+ [ Component: Core ] :: SCHEMA
|   
|   ( ok )  Already installed
|   
+ [ Component: Core ] :: DATA
|   
|   ( ok )  Already installed. OK
|   
+ [ Component: Core ] :: SCHEMA
|   
|   ( ok )  Already installed
|   
+ [ Component: Core ] :: DATA
|   
|   ( ok )  Already installed. OK
|   
[INFO] Tests run: 8, Failures: 0, Errors: 0, Skipped: 0, Time elapsed: 288.153 s - in org.entando.entando.aps.******.services.userprofile.UserProfileManagerIntegrationTest
[INFO] Running org.entando.entando.aps.******.services.userprofile.TestUserManager
+ [ Component: Core ] :: SCHEMA
|   
|   ( ok )  Already installed
|   
+ [ Component: Core ] :: DATA
|   
|   ( ok )  Already installed. OK
|   
+ [ Component: Core ] :: SCHEMA
|   
|   ( ok )  Already installed
|   
+ [ Component: Core ] :: DATA
|   
|   ( ok )  Already installed. OK
|   
+ [ Component: Core ] :: SCHEMA
|   
|   ( ok )  Already installed
|   
+ [ Component: Core ] :: DATA
|   
|   ( ok )  Already installed. OK
|   
+ [ Component: Core ] :: SCHEMA
|   
|   ( ok )  Already installed
|   
+ [ Component: Core ] :: DATA
|   
|   ( ok )  Already installed. OK
|   
+ [ Component: Core ] :: SCHEMA
|   
|   ( ok )  Already installed
|   
+ [ Component: Core ] :: DATA
|   
|   ( ok )  Already installed. OK
|   
+ [ Component: Core ] :: SCHEMA
|   
|   ( ok )  Already installed
|   
+ [ Component: Core ] :: DATA
|   
|   ( ok )  Already installed. OK
|   
[INFO] Tests run: 3, Failures: 0, Errors: 0, Skipped: 0, Time elapsed: 25.785 s - in org.entando.entando.aps.******.services.userprofile.TestUserManager
[INFO] Running org.entando.entando.aps.******.services.userprofile.UserProfileManagerTest
+ [ Component: Core ] :: SCHEMA
|   
|   ( ok )  Already installed
|   
+ [ Component: Core ] :: DATA
|   
|   ( ok )  Already installed. OK
|   
+ [ Component: Core ] :: SCHEMA
|   
|   ( ok )  Already installed
|   
+ [ Component: Core ] :: DATA
|   
|   ( ok )  Already installed. OK
|   
+ [ Component: Core ] :: SCHEMA
|   
|   ( ok )  Already installed
|   
+ [ Component: Core ] :: DATA
|   
|   ( ok )  Already installed. OK
|   
+ [ Component: Core ] :: SCHEMA
|   
|   ( ok )  Already installed
|   
+ [ Component: Core ] :: DATA
|   
|   ( ok )  Already installed. OK
|   
[INFO] Tests run: 2, Failures: 0, Errors: 0, Skipped: 0, Time elapsed: 16.044 s - in org.entando.entando.aps.******.services.userprofile.UserProfileManagerTest
[INFO] Running org.entando.entando.aps.******.services.userprofile.UserProfileManagerAspectTest
[INFO] Tests run: 10, Failures: 0, Errors: 0, Skipped: 0, Time elapsed: 0.265 s - in org.entando.entando.aps.******.services.userprofile.UserProfileManagerAspectTest
[INFO] Running org.entando.entando.aps.******.services.userprofile.UserProfileTypeServiceTest
[INFO] Tests run: 2, Failures: 0, Errors: 0, Skipped: 0, Time elapsed: 0.148 s - in org.entando.entando.aps.******.services.userprofile.UserProfileTypeServiceTest
[INFO] Running org.entando.entando.aps.******.services.guifragment.GuiFragmentManagerIntegrationTest
+ [ Component: Core ] :: SCHEMA
|   
|   ( ok )  Already installed
|   
+ [ Component: Core ] :: DATA
|   
|   ( ok )  Already installed. OK
|   
+ [ Component: Core ] :: SCHEMA
|   
|   ( ok )  Already installed
|   
+ [ Component: Core ] :: DATA
|   
|   ( ok )  Already installed. OK
|   
+ [ Component: Core ] :: SCHEMA
|   
|   ( ok )  Already installed
|   
+ [ Component: Core ] :: DATA
|   
|   ( ok )  Already installed. OK
|   
+ [ Component: Core ] :: SCHEMA
|   
|   ( ok )  Already installed
|   
+ [ Component: Core ] :: DATA
|   
|   ( ok )  Already installed. OK
|   
[INFO] Tests run: 2, Failures: 0, Errors: 0, Skipped: 0, Time elapsed: 17.143 s - in org.entando.entando.aps.******.services.guifragment.GuiFragmentManagerIntegrationTest
[INFO] Running org.entando.entando.aps.******.services.widgettype.api.TestApiWidgetTypeInterface
+ [ Component: Core ] :: SCHEMA
|   
|   ( ok )  Already installed
|   
+ [ Component: Core ] :: DATA
|   
|   ( ok )  Already installed. OK
|   
+ [ Component: Core ] :: SCHEMA
|   
|   ( ok )  Already installed
|   
+ [ Component: Core ] :: DATA
|   
|   ( ok )  Already installed. OK
|   
+ [ Component: Core ] :: SCHEMA
|   
|   ( ok )  Already installed
|   
+ [ Component: Core ] :: DATA
|   
|   ( ok )  Already installed. OK
|   
+ [ Component: Core ] :: SCHEMA
|   
|   ( ok )  Already installed
|   
+ [ Component: Core ] :: DATA
|   
|   ( ok )  Already installed. OK
|   
+ [ Component: Core ] :: SCHEMA
|   
|   ( ok )  Already installed
|   
+ [ Component: Core ] :: DATA
|   
|   ( ok )  Already installed. OK
|   
+ [ Component: Core ] :: SCHEMA
|   
|   ( ok )  Already installed
|   
+ [ Component: Core ] :: DATA
|   
|   ( ok )  Already installed. OK
|   
+ [ Component: Core ] :: SCHEMA
|   
|   ( ok )  Already installed
|   
+ [ Component: Core ] :: DATA
|   
|   ( ok )  Already installed. OK
|   
+ [ Component: Core ] :: SCHEMA
|   
|   ( ok )  Already installed
|   
+ [ Component: Core ] :: DATA
|   
|   ( ok )  Already installed. OK
|   
+ [ Component: Core ] :: SCHEMA
|   
|   ( ok )  Already installed
|   
+ [ Component: Core ] :: DATA
|   
|   ( ok )  Already installed. OK
|   
+ [ Component: Core ] :: SCHEMA
|   
|   ( ok )  Already installed
|   
+ [ Component: Core ] :: DATA
|   
|   ( ok )  Already installed. OK
|   
+ [ Component: Core ] :: SCHEMA
|   
|   ( ok )  Already installed
|   
+ [ Component: Core ] :: DATA
|   
|   ( ok )  Already installed. OK
|   
+ [ Component: Core ] :: SCHEMA
|   
|   ( ok )  Already installed
|   
+ [ Component: Core ] :: DATA
|   
|   ( ok )  Already installed. OK
|   
+ [ Component: Core ] :: SCHEMA
|   
|   ( ok )  Already installed
|   
+ [ Component: Core ] :: DATA
|   
|   ( ok )  Already installed. OK
|   
+ [ Component: Core ] :: SCHEMA
|   
|   ( ok )  Already installed
|   
+ [ Component: Core ] :: DATA
|   
|   ( ok )  Already installed. OK
|   
[INFO] Tests run: 7, Failures: 0, Errors: 0, Skipped: 0, Time elapsed: 61.192 s - in org.entando.entando.aps.******.services.widgettype.api.TestApiWidgetTypeInterface
[INFO] Running org.entando.entando.aps.******.services.i18n.TestApiI18nLabelInterface
+ [ Component: Core ] :: SCHEMA
|   
|   ( ok )  Already installed
|   
+ [ Component: Core ] :: DATA
|   
|   ( ok )  Already installed. OK
|   
+ [ Component: Core ] :: SCHEMA
|   
|   ( ok )  Already installed
|   
+ [ Component: Core ] :: DATA
|   
|   ( ok )  Already installed. OK
|   
+ [ Component: Core ] :: SCHEMA
|   
|   ( ok )  Already installed
|   
+ [ Component: Core ] :: DATA
|   
|   ( ok )  Already installed. OK
|   
+ [ Component: Core ] :: SCHEMA
|   
|   ( ok )  Already installed
|   
+ [ Component: Core ] :: DATA
|   
|   ( ok )  Already installed. OK
|   
+ [ Component: Core ] :: SCHEMA
|   
|   ( ok )  Already installed
|   
+ [ Component: Core ] :: DATA
|   
|   ( ok )  Already installed. OK
|   
+ [ Component: Core ] :: SCHEMA
|   
|   ( ok )  Already installed
|   
+ [ Component: Core ] :: DATA
|   
|   ( ok )  Already installed. OK
|   
+ [ Component: Core ] :: SCHEMA
|   
|   ( ok )  Already installed
|   
+ [ Component: Core ] :: DATA
|   
|   ( ok )  Already installed. OK
|   
+ [ Component: Core ] :: SCHEMA
|   
|   ( ok )  Already installed
|   
+ [ Component: Core ] :: DATA
|   
|   ( ok )  Already installed. OK
|   
[INFO] Tests run: 4, Failures: 0, Errors: 0, Skipped: 0, Time elapsed: 37.009 s - in org.entando.entando.aps.******.services.i18n.TestApiI18nLabelInterface
[INFO] Running org.entando.entando.aps.******.init.util.TestQueryExtractor
+ [ Component: Core ] :: SCHEMA
|   
|   ( ok )  Already installed
|   
+ [ Component: Core ] :: DATA
|   
|   ( ok )  Already installed. OK
|   
+ [ Component: Core ] :: SCHEMA
|   
|   ( ok )  Already installed
|   
+ [ Component: Core ] :: DATA
|   
|   ( ok )  Already installed. OK
|   
[INFO] Tests run: 1, Failures: 0, Errors: 0, Skipped: 0, Time elapsed: 18.437 s - in org.entando.entando.aps.******.init.util.TestQueryExtractor
[INFO] Running org.entando.entando.aps.******.services.dataobjectmodel.DataObjectModelDAOIntegrationTest
+ [ Component: Core ] :: SCHEMA
|   
|   ( ok )  Already installed
|   
+ [ Component: Core ] :: DATA
|   
|   ( ok )  Already installed. OK
|   
+ [ Component: Core ] :: SCHEMA
|   
|   ( ok )  Already installed
|   
+ [ Component: Core ] :: DATA
|   
|   ( ok )  Already installed. OK
|   
+ [ Component: Core ] :: SCHEMA
|   
|   ( ok )  Already installed
|   
+ [ Component: Core ] :: DATA
|   
|   ( ok )  Already installed. OK
|   
+ [ Component: Core ] :: SCHEMA
|   
|   ( ok )  Already installed
|   
+ [ Component: Core ] :: DATA
|   
|   ( ok )  Already installed. OK
|   
[INFO] Tests run: 2, Failures: 0, Errors: 0, Skipped: 0, Time elapsed: 277.868 s - in org.entando.entando.aps.******.services.dataobjectmodel.DataObjectModelDAOIntegrationTest
[INFO] Running org.entando.entando.aps.******.services.dataobjectmodel.DataObjectModelManagerIntegrationTest
+ [ Component: Core ] :: SCHEMA
|   
|   ( ok )  Already installed
|   
+ [ Component: Core ] :: DATA
|   
|   ( ok )  Already installed. OK
|   
+ [ Component: Core ] :: SCHEMA
|   
|   ( ok )  Already installed
|   
+ [ Component: Core ] :: DATA
|   
|   ( ok )  Already installed. OK
|   
+ [ Component: Core ] :: SCHEMA
|   
|   ( ok )  Already installed
|   
+ [ Component: Core ] :: DATA
|   
|   ( ok )  Already installed. OK
|   
+ [ Component: Core ] :: SCHEMA
|   
|   ( ok )  Already installed
|   
+ [ Component: Core ] :: DATA
|   
|   ( ok )  Already installed. OK
|   
+ [ Component: Core ] :: SCHEMA
|   
|   ( ok )  Already installed
|   
+ [ Component: Core ] :: DATA
|   
|   ( ok )  Already installed. OK
|   
+ [ Component: Core ] :: SCHEMA
|   
|   ( ok )  Already installed
|   
+ [ Component: Core ] :: DATA
|   
|   ( ok )  Already installed. OK
|   
+ [ Component: Core ] :: SCHEMA
|   
|   ( ok )  Already installed
|   
+ [ Component: Core ] :: DATA
|   
|   ( ok )  Already installed. OK
|   
+ [ Component: Core ] :: SCHEMA
|   
|   ( ok )  Already installed
|   
+ [ Component: Core ] :: DATA
|   
|   ( ok )  Already installed. OK
|   
+ [ Component: Core ] :: SCHEMA
|   
|   ( ok )  Already installed
|   
+ [ Component: Core ] :: DATA
|   
|   ( ok )  Already installed. OK
|   
+ [ Component: Core ] :: SCHEMA
|   
|   ( ok )  Already installed
|   
+ [ Component: Core ] :: DATA
|   
|   ( ok )  Already installed. OK
|   
+ [ Component: Core ] :: SCHEMA
|   
|   ( ok )  Already installed
|   
+ [ Component: Core ] :: DATA
|   
|   ( ok )  Already installed. OK
|   
+ [ Component: Core ] :: SCHEMA
|   
|   ( ok )  Already installed
|   
+ [ Component: Core ] :: DATA
|   
|   ( ok )  Already installed. OK
|   
+ [ Component: Core ] :: SCHEMA
|   
|   ( ok )  Already installed
|   
+ [ Component: Core ] :: DATA
|   
|   ( ok )  Already installed. OK
|   
+ [ Component: Core ] :: SCHEMA
|   
|   ( ok )  Already installed
|   
+ [ Component: Core ] :: DATA
|   
|   ( ok )  Already installed. OK
|   
[INFO] Tests run: 7, Failures: 0, Errors: 0, Skipped: 0, Time elapsed: 61.09 s - in org.entando.entando.aps.******.services.dataobjectmodel.DataObjectModelManagerIntegrationTest
[INFO] Running org.entando.entando.aps.******.services.dataobjectmodel.DataObjectModelManagerTest
[INFO] Tests run: 5, Failures: 0, Errors: 0, Skipped: 0, Time elapsed: 0.18 s - in org.entando.entando.aps.******.services.dataobjectmodel.DataObjectModelManagerTest
[INFO] Running org.entando.entando.aps.******.services.dataobjectmapper.cache.DataObjectMapperCacheWrapperTest
[INFO] Tests run: 3, Failures: 0, Errors: 0, Skipped: 0, Time elapsed: 0.07 s - in org.entando.entando.aps.******.services.dataobjectmapper.cache.DataObjectMapperCacheWrapperTest
[INFO] Running org.entando.entando.aps.******.services.dataobjectmapper.DataObjectMapperManagerTest
[INFO] Tests run: 4, Failures: 0, Errors: 0, Skipped: 0, Time elapsed: 0.043 s - in org.entando.entando.aps.******.services.dataobjectmapper.DataObjectMapperManagerTest
[INFO] Running org.entando.entando.aps.******.services.dataobject.authorization.TestDataObjectAuthorization
+ [ Component: Core ] :: SCHEMA
|   
|   ( ok )  Already installed
|   
+ [ Component: Core ] :: DATA
|   
|   ( ok )  Already installed. OK
|   
+ [ Component: Core ] :: SCHEMA
|   
|   ( ok )  Already installed
|   
+ [ Component: Core ] :: DATA
|   
|   ( ok )  Already installed. OK
|   
+ [ Component: Core ] :: SCHEMA
|   
|   ( ok )  Already installed
|   
+ [ Component: Core ] :: DATA
|   
|   ( ok )  Already installed. OK
|   
+ [ Component: Core ] :: SCHEMA
|   
|   ( ok )  Already installed
|   
+ [ Component: Core ] :: DATA
|   
|   ( ok )  Already installed. OK
|   
+ [ Component: Core ] :: SCHEMA
|   
|   ( ok )  Already installed
|   
+ [ Component: Core ] :: DATA
|   
|   ( ok )  Already installed. OK
|   
+ [ Component: Core ] :: SCHEMA
|   
|   ( ok )  Already installed
|   
+ [ Component: Core ] :: DATA
|   
|   ( ok )  Already installed. OK
|   
[INFO] Tests run: 3, Failures: 0, Errors: 0, Skipped: 0, Time elapsed: 25.128 s - in org.entando.entando.aps.******.services.dataobject.authorization.TestDataObjectAuthorization
[INFO] Running org.entando.entando.aps.******.services.dataobject.entity.TestDataObjectEntityManager
+ [ Component: Core ] :: SCHEMA
|   
|   ( ok )  Already installed
|   
+ [ Component: Core ] :: DATA
|   
|   ( ok )  Already installed. OK
|   
+ [ Component: Core ] :: SCHEMA
|   
|   ( ok )  Already installed
|   
+ [ Component: Core ] :: DATA
|   
|   ( ok )  Already installed. OK
|   
+ [ Component: Core ] :: SCHEMA
|   
|   ( ok )  Already installed
|   
+ [ Component: Core ] :: DATA
|   
|   ( ok )  Already installed. OK
|   
+ [ Component: Core ] :: SCHEMA
|   
|   ( ok )  Already installed
|   
+ [ Component: Core ] :: DATA
|   
|   ( ok )  Already installed. OK
|   
+ [ Component: Core ] :: SCHEMA
|   
|   ( ok )  Already installed
|   
+ [ Component: Core ] :: DATA
|   
|   ( ok )  Already installed. OK
|   
+ [ Component: Core ] :: SCHEMA
|   
|   ( ok )  Already installed
|   
+ [ Component: Core ] :: DATA
|   
|   ( ok )  Already installed. OK
|   
+ [ Component: Core ] :: SCHEMA
|   
|   ( ok )  Already installed
|   
+ [ Component: Core ] :: DATA
|   
|   ( ok )  Already installed. OK
|   
+ [ Component: Core ] :: SCHEMA
|   
|   ( ok )  Already installed
|   
+ [ Component: Core ] :: DATA
|   
|   ( ok )  Already installed. OK
|   
+ [ Component: Core ] :: SCHEMA
|   
|   ( ok )  Already installed
|   
+ [ Component: Core ] :: DATA
|   
|   ( ok )  Already installed. OK
|   
+ [ Component: Core ] :: SCHEMA
|   
|   ( ok )  Already installed
|   
+ [ Component: Core ] :: DATA
|   
|   ( ok )  Already installed. OK
|   
+ [ Component: Core ] :: SCHEMA
|   
|   ( ok )  Already installed
|   
+ [ Component: Core ] :: DATA
|   
|   ( ok )  Already installed. OK
|   
+ [ Component: Core ] :: SCHEMA
|   
|   ( ok )  Already installed
|   
+ [ Component: Core ] :: DATA
|   
|   ( ok )  Already installed. OK
|   
+ [ Component: Core ] :: SCHEMA
|   
|   ( ok )  Already installed
|   
+ [ Component: Core ] :: DATA
|   
|   ( ok )  Already installed. OK
|   
+ [ Component: Core ] :: SCHEMA
|   
|   ( ok )  Already installed
|   
+ [ Component: Core ] :: DATA
|   
|   ( ok )  Already installed. OK
|   
+ [ Component: Core ] :: SCHEMA
|   
|   ( ok )  Already installed
|   
+ [ Component: Core ] :: DATA
|   
|   ( ok )  Already installed. OK
|   
+ [ Component: Core ] :: SCHEMA
|   
|   ( ok )  Already installed
|   
+ [ Component: Core ] :: DATA
|   
|   ( ok )  Already installed. OK
|   
+ [ Component: Core ] :: SCHEMA
|   
|   ( ok )  Already installed
|   
+ [ Component: Core ] :: DATA
|   
|   ( ok )  Already installed. OK
|   
+ [ Component: Core ] :: SCHEMA
|   
|   ( ok )  Already installed
|   
+ [ Component: Core ] :: DATA
|   
|   ( ok )  Already installed. OK
|   
+ [ Component: Core ] :: SCHEMA
|   
|   ( ok )  Already installed
|   
+ [ Component: Core ] :: DATA
|   
|   ( ok )  Already installed. OK
|   
+ [ Component: Core ] :: SCHEMA
|   
|   ( ok )  Already installed
|   
+ [ Component: Core ] :: DATA
|   
|   ( ok )  Already installed. OK
|   
+ [ Component: Core ] :: SCHEMA
|   
|   ( ok )  Already installed
|   
+ [ Component: Core ] :: DATA
|   
|   ( ok )  Already installed. OK
|   
+ [ Component: Core ] :: SCHEMA
|   
|   ( ok )  Already installed
|   
+ [ Component: Core ] :: DATA
|   
|   ( ok )  Already installed. OK
|   
+ [ Component: Core ] :: SCHEMA
|   
|   ( ok )  Already installed
|   
+ [ Component: Core ] :: DATA
|   
|   ( ok )  Already installed. OK
|   
+ [ Component: Core ] :: SCHEMA
|   
|   ( ok )  Already installed
|   
+ [ Component: Core ] :: DATA
|   
|   ( ok )  Already installed. OK
|   
+ [ Component: Core ] :: SCHEMA
|   
|   ( ok )  Already installed
|   
+ [ Component: Core ] :: DATA
|   
|   ( ok )  Already installed. OK
|   
+ [ Component: Core ] :: SCHEMA
|   
|   ( ok )  Already installed
|   
+ [ Component: Core ] :: DATA
|   
|   ( ok )  Already installed. OK
|   
[INFO] Tests run: 13, Failures: 0, Errors: 0, Skipped: 0, Time elapsed: 107.05 s - in org.entando.entando.aps.******.services.dataobject.entity.TestDataObjectEntityManager
[INFO] Running org.entando.entando.aps.******.services.dataobject.parse.TestDataObjectDOM
+ [ Component: Core ] :: SCHEMA
|   
|   ( ok )  Already installed
|   
+ [ Component: Core ] :: DATA
|   
|   ( ok )  Already installed. OK
|   
+ [ Component: Core ] :: SCHEMA
|   
|   ( ok )  Already installed
|   
+ [ Component: Core ] :: DATA
|   
|   ( ok )  Already installed. OK
|   
[INFO] Tests run: 1, Failures: 0, Errors: 0, Skipped: 0, Time elapsed: 7.795 s - in org.entando.entando.aps.******.services.dataobject.parse.TestDataObjectDOM
[INFO] Running org.entando.entando.aps.******.services.dataobject.api.TestApiDataObjectInterface
+ [ Component: Core ] :: SCHEMA
|   
|   ( ok )  Already installed
|   
+ [ Component: Core ] :: DATA
|   
|   ( ok )  Already installed. OK
|   
+ [ Component: Core ] :: SCHEMA
|   
|   ( ok )  Already installed
|   
+ [ Component: Core ] :: DATA
|   
|   ( ok )  Already installed. OK
|   
+ [ Component: Core ] :: SCHEMA
|   
|   ( ok )  Already installed
|   
+ [ Component: Core ] :: DATA
|   
|   ( ok )  Already installed. OK
|   
+ [ Component: Core ] :: SCHEMA
|   
|   ( ok )  Already installed
|   
+ [ Component: Core ] :: DATA
|   
|   ( ok )  Already installed. OK
|   
+ [ Component: Core ] :: SCHEMA
|   
|   ( ok )  Already installed
|   
+ [ Component: Core ] :: DATA
|   
|   ( ok )  Already installed. OK
|   
+ [ Component: Core ] :: SCHEMA
|   
|   ( ok )  Already installed
|   
+ [ Component: Core ] :: DATA
|   
|   ( ok )  Already installed. OK
|   
+ [ Component: Core ] :: SCHEMA
|   
|   ( ok )  Already installed
|   
+ [ Component: Core ] :: DATA
|   
|   ( ok )  Already installed. OK
|   
+ [ Component: Core ] :: SCHEMA
|   
|   ( ok )  Already installed
|   
+ [ Component: Core ] :: DATA
|   
|   ( ok )  Already installed. OK
|   
[INFO] Tests run: 4, Failures: 0, Errors: 0, Skipped: 0, Time elapsed: 32.676 s - in org.entando.entando.aps.******.services.dataobject.api.TestApiDataObjectInterface
[INFO] Running org.entando.entando.aps.******.services.dataobject.widget.TestDataObjectListHelper
+ [ Component: Core ] :: SCHEMA
|   
|   ( ok )  Already installed
|   
+ [ Component: Core ] :: DATA
|   
|   ( ok )  Already installed. OK
|   
+ [ Component: Core ] :: SCHEMA
|   
|   ( ok )  Already installed
|   
+ [ Component: Core ] :: DATA
|   
|   ( ok )  Already installed. OK
|   
+ [ Component: Core ] :: SCHEMA
|   
|   ( ok )  Already installed
|   
+ [ Component: Core ] :: DATA
|   
|   ( ok )  Already installed. OK
|   
+ [ Component: Core ] :: SCHEMA
|   
|   ( ok )  Already installed
|   
+ [ Component: Core ] :: DATA
|   
|   ( ok )  Already installed. OK
|   
+ [ Component: Core ] :: SCHEMA
|   
|   ( ok )  Already installed
|   
+ [ Component: Core ] :: DATA
|   
|   ( ok )  Already installed. OK
|   
+ [ Component: Core ] :: SCHEMA
|   
|   ( ok )  Already installed
|   
+ [ Component: Core ] :: DATA
|   
|   ( ok )  Already installed. OK
|   
+ [ Component: Core ] :: SCHEMA
|   
|   ( ok )  Already installed
|   
+ [ Component: Core ] :: DATA
|   
|   ( ok )  Already installed. OK
|   
+ [ Component: Core ] :: SCHEMA
|   
|   ( ok )  Already installed
|   
+ [ Component: Core ] :: DATA
|   
|   ( ok )  Already installed. OK
|   
+ [ Component: Core ] :: SCHEMA
|   
|   ( ok )  Already installed
|   
+ [ Component: Core ] :: DATA
|   
|   ( ok )  Already installed. OK
|   
+ [ Component: Core ] :: SCHEMA
|   
|   ( ok )  Already installed
|   
+ [ Component: Core ] :: DATA
|   
|   ( ok )  Already installed. OK
|   
[INFO] Tests run: 5, Failures: 0, Errors: 0, Skipped: 0, Time elapsed: 38.57 s - in org.entando.entando.aps.******.services.dataobject.widget.TestDataObjectListHelper
[31m
Pipeline failed on stage 'from-build-pack' : container 'step-build-mvn-verify-pr'. The execution of the pipeline has stopped.[0m
