
Showing logs for build [32mentando-k8s-entando-k8s-custom-vdgbc-1[0m stage [32mfrom-build-pack[0m and container [32mstep-credential-initializer-5qwq8[0m
{"level":"warn","ts":1601364692.9082012,"logger":"fallback-logger","caller":"logging/config.go:69","msg":"Fetch GitHub commit ID from kodata failed: \"ref: refs/heads/0.8.0-**-support-backwards-incompats\" is not a valid GitHub commit ID"}
{"level":"info","ts":1601364692.9173148,"logger":"fallback-logger","caller":"creds-init/main.go:40","msg":"Credentials initialized."}

Showing logs for build [32mentando-k8s-entando-k8s-custom-vdgbc-1[0m stage [32mfrom-build-pack[0m and container [32mstep-working-dir-initializer-gnp5n[0m
{"level":"warn","ts":1601364694.6021395,"logger":"fallback-logger","caller":"logging/config.go:69","msg":"Fetch GitHub commit ID from kodata failed: open /var/run/ko/HEAD: no such file or directory"}
{"level":"info","ts":1601364694.620281,"logger":"fallback-logger","caller":"bash/main.go:64","msg":"Successfully e**cuted command \"sh -c mkdir -p /workspace/source\"; output "}

Showing logs for build [32mentando-k8s-entando-k8s-custom-vdgbc-1[0m stage [32mfrom-build-pack[0m and container [32mstep-place-tools[0m

Showing logs for build [32mentando-k8s-entando-k8s-custom-vdgbc-1[0m stage [32mfrom-build-pack[0m and container [32mstep-git-source-entando-k8s-entando-k8s-custom-clqvq[0m
{"level":"warn","ts":1601364726.388835,"logger":"fallback-logger","caller":"logging/config.go:69","msg":"Fetch GitHub commit ID from kodata failed: \"ref: refs/heads/0.8.0-**-support-backwards-incompats\" is not a valid GitHub commit ID"}
{"level":"info","ts":1601364728.155319,"logger":"fallback-logger","caller":"git/git.go:103","msg":"Successfully cloned https://github.com/entando-k8s/entando-k8s-custom-model.git @ master in path /workspace/source"}

Showing logs for build [32mentando-k8s-entando-k8s-custom-vdgbc-1[0m stage [32mfrom-build-pack[0m and container [32mstep-git-merge[0m
Using SHAs from PULL_REFS=master:be31c21daccc906cdf24f7d492cf614c68310b0f,30:45f5858d86d39795bcfa3541f21bf0785f6a016d
DEBUG: ran git fetch --unshallow origin 45f5858d86d39795bcfa3541f21bf0785f6a016d: be31c21daccc906cdf24f7d492cf614c68310b0f: in 
DEBUG: ran git checkout master in 
DEBUG: ran git reset --hard be31c21daccc906cdf24f7d492cf614c68310b0f in 
DEBUG: ran clean --force -d . in 
DEBUG: ran git merge 45f5858d86d39795bcfa3541f21bf0785f6a016d in 
Merged SHA 45f5858d86d39795bcfa3541f21bf0785f6a016d with commit message 'ENG-1301 removed overly strick regexp for ingressHostname' into base branch master

Showing logs for build [32mentando-k8s-entando-k8s-custom-vdgbc-1[0m stage [32mfrom-build-pack[0m and container [32mstep-build-set-version[0m
Picked up _JAVA_OPTIONS: -XX:+UnlockExperimentalVMOptions -Dsun.zip.disableMemoryMapping=true -XX:+UseParallelGC -XX:MinHeapFreeRatio=5 -XX:MaxHeapFreeRatio=10 -XX:GCTimeRatio=4 -XX:AdaptiveSizePolicyWeight=90 -Xms10m -Xmx8000m
[INFO] Scanning for projects...
[INFO] 
[INFO] ----------------< org.entando:entando-k8s-custom-model >----------------
[INFO] Building Entando Kubernetes Custom Model 6.2.0-SNAPSHOT
[INFO] --------------------------------[ jar ]---------------------------------
[INFO] 
[INFO] --- versions-maven-plugin:2.8.1:set (default-cli) @ entando-k8s-custom-model ---
[INFO] Local aggregation ****: /workspace/source
[INFO] Processing change of org.entando:entando-k8s-custom-model:6.2.0-SNAPSHOT -> 0.0.0-SNAPSHOT-PR-30-1
[INFO] Processing org.entando:entando-k8s-custom-model
[INFO]     Updating project org.entando:entando-k8s-custom-model
[INFO]         from version 6.2.0-SNAPSHOT to 0.0.0-SNAPSHOT-PR-30-1
[INFO] 
[INFO] ------------------------------------------------------------------------
[INFO] BUILD SUCCESS
[INFO] ------------------------------------------------------------------------
[INFO] Total time:  14.942 s
[INFO] Finished at: 2020-09-29T07:32:29Z
[INFO] ------------------------------------------------------------------------

Showing logs for build [32mentando-k8s-entando-k8s-custom-vdgbc-1[0m stage [32mfrom-build-pack[0m and container [32mstep-build-fix-git-for-sonar[0m
M	pom.xml
Switched to a new branch 'PR-30'
Deleted branch master (was 45f5858).
From https://github.com/entando-k8s/entando-k8s-custom-model
 * [new branch]      master     -> master

Showing logs for build [32mentando-k8s-entando-k8s-custom-vdgbc-1[0m stage [32mfrom-build-pack[0m and container [32mstep-build-mvn-verify-pr[0m
  % Total    % Received % Xferd  Average Speed   Time    Time     Time  Current
                                 Dload  Upload   Total   Spent    Left  Speed
{
  "url": "https://api.github.com/repos/entando-k8s/entando-k8s-custom-model/statuses/45f5858d86d39795bcfa3541f21bf0785f6a016d",
  "avatar_url": "https://avatars2.githubusercontent.com/u/57885396?v=4",
  "id": 10897160395,
  "node_id": "MDEzOlN0YXR1c0NvbnRleHQxMDg5NzE2MDM5NQ==",
  "state": "pending",
  "description": "Pre-deployment tests pending!",
  "target_url": "https://entando-k8s.github.io/devops-results/entando-k8s-custom-model/PR-30/surefire-report.html",
  "context": "Pre-deployment tests",
  "created_at": "2020-09-29T07:32:32Z",
  "updated_at": "2020-09-29T07:32:32Z",
  "creator": {
    "login": "**********",
    "id": 57885396,
    "node_id": "MDQ6VXNlcjU3ODg1Mzk2",
    "avatar_url": "https://avatars2.githubusercontent.com/u/57885396?v=4",
    "gravatar_id": "",
    "url": "https://api.github.com/users/entando-**",
    "html_url": "https://github.com/entando-**",
    "followers_url": "https://api.github.com/users/entando-**/followers",
    "following_url": "https://api.github.com/users/**********/following{/other_user}",
    "gists_url": "https://api.github.com/users/entando-**/gists{/gist_id}",
    "starred_url": "https://api.github.com/users/**********/starred{/owner}{/repo}",
    "subscriptions_url": "https://api.github.com/users/**********/subscriptions",
    "organizations_url": "https://api.github.com/users/entando-**/orgs",
    "repos_url": "https://api.github.com/users/**********/repos",
    "events_url": "https://api.github.com/users/entando-**/events{/privacy}",
    "received_events_url": "https://api.github.com/users/**********/received_events",
    "type": "User",
    "site_*****": *****
  }
}
  0     0    0     0    0     0      0      0 --:--:-- --:--:-- --:--:--     0100  1861  100  1645  100   216   2245    294 --:--:-- --:--:-- --:--:--  2259
  % Total    % Received % Xferd  Average Speed   Time    Time     Time  Current
                                 Dload  Upload   Total   Spent    Left  Speed
{
  "url": "https://api.github.com/repos/entando-k8s/entando-k8s-custom-model/statuses/45f5858d86d39795bcfa3541f21bf0785f6a016d",
  "avatar_url": "https://avatars2.githubusercontent.com/u/57885396?v=4",
  "id": 10897160473,
  "node_id": "MDEzOlN0YXR1c0NvbnRleHQxMDg5NzE2MDQ3Mw==",
  "state": "pending",
  "description": "Checkstyle pending!",
  "target_url": "https://entando-k8s.github.io/devops-results/entando-k8s-custom-model/PR-30/checkstyle.html",
  "context": "Checkstyle",
  "created_at": "2020-09-29T07:32:32Z",
  "updated_at": "2020-09-29T07:32:32Z",
  "creator": {
    "login": "entando-**",
    "id": 57885396,
    "node_id": "MDQ6VXNlcjU3ODg1Mzk2",
    "avatar_url": "https://avatars2.githubusercontent.com/u/57885396?v=4",
    "gravatar_id": "",
    "url": "https://api.github.com/users/**********",
    "html_url": "https://github.com/entando-**",
    "followers_url": "https://api.github.com/users/**********/followers",
    "following_url": "https://api.github.com/users/**********/following{/other_user}",
    "gists_url": "https://api.github.com/users/entando-**/gists{/gist_id}",
    "starred_url": "https://api.github.com/users/entando-**/starred{/owner}{/repo}",
    "subscriptions_url": "https://api.github.com/users/**********/subscriptions",
    "organizations_url": "https://api.github.com/users/**********/orgs",
    "repos_url": "https://api.github.com/users/**********/repos",
    "events_url": "https://api.github.com/users/entando-**/events{/privacy}",
    "received_events_url": "https://api.github.com/users/**********/received_events",
    "type": "User",
    "site_*****": *****
  }
}
  0     0    0     0    0     0      0      0 --:--:-- --:--:-- --:--:--     0  0     0    0     0    0     0      0      0 --:--:-- --:--:-- --:--:--     0100  1811  100  1620  100   191   2854    336 --:--:-- --:--:-- --:--:--  2877
  % Total    % Received % Xferd  Average Speed   Time    Time     Time  Current
                                 Dload  Upload   Total   Spent    Left  Speed
{
  "url": "https://api.github.com/repos/entando-k8s/entando-k8s-custom-model/statuses/45f5858d86d39795bcfa3541f21bf0785f6a016d",
  "avatar_url": "https://avatars2.githubusercontent.com/u/57885396?v=4",
  "id": 10897160563,
  "node_id": "MDEzOlN0YXR1c0NvbnRleHQxMDg5NzE2MDU2Mw==",
  "state": "pending",
  "description": "OWASP CVE pending!",
  "target_url": "https://entando-k8s.github.io/devops-results/entando-k8s-custom-model/PR-30/dependency-check-report.html",
  "context": "OWASP CVE",
  "created_at": "2020-09-29T07:32:33Z",
  "updated_at": "2020-09-29T07:32:33Z",
  "creator": {
    "login": "**********",
    "id": 57885396,
    "node_id": "MDQ6VXNlcjU3ODg1Mzk2",
    "avatar_url": "https://avatars2.githubusercontent.com/u/57885396?v=4",
    "gravatar_id": "",
    "url": "https://api.github.com/users/**********",
    "html_url": "https://github.com/entando-**",
    "followers_url": "https://api.github.com/users/entando-**/followers",
    "following_url": "https://api.github.com/users/**********/following{/other_user}",
    "gists_url": "https://api.github.com/users/entando-**/gists{/gist_id}",
    "starred_url": "https://api.github.com/users/**********/starred{/owner}{/repo}",
    "subscriptions_url": "https://api.github.com/users/entando-**/subscriptions",
    "organizations_url": "https://api.github.com/users/entando-**/orgs",
    "repos_url": "https://api.github.com/users/entando-**/repos",
    "events_url": "https://api.github.com/users/**********/events{/privacy}",
    "received_events_url": "https://api.github.com/users/**********/received_events",
    "type": "User",
    "site_*****": *****
  }
}
  0     0    0     0    0     0      0      0 --:--:-- --:--:-- --:--:--     0 11  1833    0     0  100   202      0    337 --:--:-- --:--:-- --:--:--   337100  1833  100  1631  100   202   2722    337 --:--:-- --:--:-- --:--:--  2722
Picked up _JAVA_OPTIONS: -XX:+UnlockExperimentalVMOptions -Dsun.zip.disableMemoryMapping=true -XX:+UseParallelGC -XX:MinHeapFreeRatio=5 -XX:MaxHeapFreeRatio=10 -XX:GCTimeRatio=4 -XX:AdaptiveSizePolicyWeight=90 -Xms10m -Xmx8000m
[INFO] Scanning for projects...
[INFO] 
[INFO] ----------------< org.entando:entando-k8s-custom-model >----------------
[INFO] Building Entando Kubernetes Custom Model 0.0.0-SNAPSHOT-PR-30-1
[INFO] --------------------------------[ jar ]---------------------------------
[INFO] 
[INFO] --- maven-checkstyle-plugin:3.1.1:check (validate) @ entando-k8s-custom-model ---
[INFO] Starting audit...
Audit done.
[INFO] You have 0 Checkstyle violations.
[INFO] 
[INFO] --- maven-checkstyle-plugin:3.1.1:checkstyle (validate) @ entando-k8s-custom-model ---
[INFO] Starting audit...
Audit done.
[INFO] 
[INFO] --- jacoco-maven-plugin:0.8.5:prepare-agent (prepare-agent) @ entando-k8s-custom-model ---
[INFO] argLine set to -javaagent:/home/jenkins/.mvnrepository/org/jacoco/org.jacoco.agent/0.8.5/org.jacoco.agent-0.8.5-runtime.jar=destfile=/workspace/source/target/jacoco.e**c
[INFO] 
[INFO] --- maven-resources-plugin:2.6:resources (default-resources) @ entando-k8s-custom-model ---
[INFO] Using 'UTF-8' encoding to copy filtered resources.
[INFO] Copying 18 resources
[INFO] 
[INFO] --- maven-compiler-plugin:3.8.1:compile (default-compile) @ entando-k8s-custom-model ---
[INFO] Changes detected - recompiling the module!
[INFO] Compiling 112 source files to /workspace/source/target/classes
[WARNING] /workspace/source/src/main/java/org/entando/kubernetes/model/externaldatabase/EntandoDatabaseServiceSpecFluent.java:[42,39] unchecked generic array creation for varargs parameter of type java.util.Map<java.lang.String,java.lang.String>[]
[WARNING] /workspace/source/src/main/java/org/entando/kubernetes/model/externaldatabase/EntandoDatabaseServiceSpec.java:[73,39] unchecked generic array creation for varargs parameter of type java.util.Map<java.lang.String,java.lang.String>[]
[INFO] 
[INFO] --- maven-resources-plugin:2.6:testResources (default-testResources) @ entando-k8s-custom-model ---
[INFO] Using 'UTF-8' encoding to copy filtered resources.
[INFO] Copying 3 resources
[INFO] 
[INFO] --- maven-compiler-plugin:3.8.1:testCompile (default-testCompile) @ entando-k8s-custom-model ---
[INFO] Changes detected - recompiling the module!
[INFO] Compiling 28 source files to /workspace/source/target/test-classes
[INFO] 
[INFO] --- maven-surefire-plugin:3.0.0-M1:test (default-test) @ entando-k8s-custom-model ---
[INFO] 
[INFO] -------------------------------------------------------
[INFO]  T E S T S
[INFO] -------------------------------------------------------
[INFO] Running org.entando.kubernetes.model.inprocesstest.EntandoCustomResourceStatusTest
[INFO] Tests run: 1, Failures: 0, Errors: 0, Skipped: 0, Time elapsed: 2.578 s - in org.entando.kubernetes.model.inprocesstest.EntandoCustomResourceStatusTest
[INFO] Running org.entando.kubernetes.model.inprocesstest.EntandoPluginMockedTest
Sep 29, 2020 7:33:17 AM okhttp3.mockwebserver.MockWebServer$2 e**cute
INFO: MockWebServer[40028] starting to accept connections
Sep 29, 2020 7:33:17 AM okhttp3.mockwebserver.MockWebServer$3 processOneRequest
INFO: MockWebServer[40028] received request: GET /apis/apiextensions.k8s.io/v1beta1/customresourcedefinitions/entandoplugins.entando.org HTTP/1.1 and responded: HTTP/1.1 404 Client Error
Sep 29, 2020 7:33:18 AM okhttp3.mockwebserver.MockWebServer$3 processOneRequest
INFO: MockWebServer[40028] received request: POST /apis/apiextensions.k8s.io/v1beta1/customresourcedefinitions HTTP/1.1 and responded: HTTP/1.1 202 OK
Sep 29, 2020 7:33:18 AM okhttp3.mockwebserver.MockWebServer$3 processOneRequest
INFO: MockWebServer[40028] received request: GET /api/v1/namespaces/test HTTP/1.1 and responded: HTTP/1.1 404 Client Error
Sep 29, 2020 7:33:18 AM okhttp3.mockwebserver.MockWebServer$3 processOneRequest
INFO: MockWebServer[40028] received request: GET /apis/entando.org/v1/namespaces/default/entandoplugins HTTP/1.1 and responded: HTTP/1.1 200 OK
Sep 29, 2020 7:33:18 AM okhttp3.mockwebserver.MockWebServer$3 processOneRequest
INFO: MockWebServer[40028] received request: GET /api/v1/namespaces/test HTTP/1.1 and responded: HTTP/1.1 404 Client Error
Sep 29, 2020 7:33:18 AM okhttp3.mockwebserver.MockWebServer$3 processOneRequest
INFO: MockWebServer[40028] received request: GET /apis/entando.org/v1/namespaces/default/entandoplugins HTTP/1.1 and responded: HTTP/1.1 200 OK
Sep 29, 2020 7:33:18 AM okhttp3.mockwebserver.MockWebServer$3 processOneRequest
INFO: MockWebServer[40028] received request: GET /api/v1/namespaces/entando-k8s-custom-model-cupr30 HTTP/1.1 and responded: HTTP/1.1 404 Client Error
Sep 29, 2020 7:33:18 AM okhttp3.mockwebserver.MockWebServer$3 processOneRequest
INFO: MockWebServer[40028] received request: POST /api/v1/namespaces HTTP/1.1 and responded: HTTP/1.1 202 OK
Sep 29, 2020 7:33:18 AM okhttp3.mockwebserver.MockWebServer$3 processOneRequest
INFO: MockWebServer[40028] received request: POST /apis/entando.org/v1/namespaces/entando-k8s-custom-model-cupr30/entandoplugins HTTP/1.1 and responded: HTTP/1.1 202 OK
Sep 29, 2020 7:33:18 AM okhttp3.mockwebserver.MockWebServer$3 processOneRequest
INFO: MockWebServer[40028] received request: GET /apis/entando.org/v1/namespaces/entando-k8s-custom-model-cupr30/entandoplugins/my-plugin HTTP/1.1 and responded: HTTP/1.1 200 OK
Sep 29, 2020 7:33:18 AM okhttp3.mockwebserver.MockWebServer$3 processOneRequest
INFO: MockWebServer[40028] received request: GET /apis/entando.org/v1/namespaces/entando-k8s-custom-model-cupr30/entandoplugins/my-plugin HTTP/1.1 and responded: HTTP/1.1 200 OK
Sep 29, 2020 7:33:19 AM okhttp3.mockwebserver.MockWebServer$3 processOneRequest
INFO: MockWebServer[40028] received request: PATCH /apis/entando.org/v1/namespaces/entando-k8s-custom-model-cupr30/entandoplugins/my-plugin HTTP/1.1 and responded: HTTP/1.1 202 OK
Sep 29, 2020 7:33:19 AM okhttp3.mockwebserver.MockWebServer$2 acceptConnections
INFO: MockWebServer[40028] done accepting connections: Socket closed
Sep 29, 2020 7:33:19 AM okhttp3.mockwebserver.MockWebServer$2 e**cute
INFO: MockWebServer[54354] starting to accept connections
Sep 29, 2020 7:33:19 AM okhttp3.mockwebserver.MockWebServer$3 processOneRequest
INFO: MockWebServer[54354] received request: GET /api/v1/namespaces/test HTTP/1.1 and responded: HTTP/1.1 404 Client Error
Sep 29, 2020 7:33:19 AM okhttp3.mockwebserver.MockWebServer$3 processOneRequest
INFO: MockWebServer[54354] received request: GET /apis/entando.org/v1/namespaces/default/entandoplugins HTTP/1.1 and responded: HTTP/1.1 200 OK
Sep 29, 2020 7:33:19 AM okhttp3.mockwebserver.MockWebServer$3 processOneRequest
INFO: MockWebServer[54354] received request: GET /api/v1/namespaces/test HTTP/1.1 and responded: HTTP/1.1 404 Client Error
Sep 29, 2020 7:33:19 AM okhttp3.mockwebserver.MockWebServer$3 processOneRequest
INFO: MockWebServer[54354] received request: GET /apis/entando.org/v1/namespaces/default/entandoplugins HTTP/1.1 and responded: HTTP/1.1 200 OK
Sep 29, 2020 7:33:19 AM okhttp3.mockwebserver.MockWebServer$3 processOneRequest
INFO: MockWebServer[54354] received request: GET /api/v1/namespaces/entando-k8s-custom-model-cupr30 HTTP/1.1 and responded: HTTP/1.1 404 Client Error
Sep 29, 2020 7:33:19 AM okhttp3.mockwebserver.MockWebServer$3 processOneRequest
INFO: MockWebServer[54354] received request: POST /api/v1/namespaces HTTP/1.1 and responded: HTTP/1.1 202 OK
Sep 29, 2020 7:33:19 AM okhttp3.mockwebserver.MockWebServer$3 processOneRequest
INFO: MockWebServer[54354] received request: POST /apis/entando.org/v1/namespaces/entando-k8s-custom-model-cupr30/entandoplugins HTTP/1.1 and responded: HTTP/1.1 202 OK
Sep 29, 2020 7:33:19 AM okhttp3.mockwebserver.MockWebServer$3 processOneRequest
INFO: MockWebServer[54354] received request: GET /apis/entando.org/v1/namespaces/entando-k8s-custom-model-cupr30/entandoplugins/my-plugin HTTP/1.1 and responded: HTTP/1.1 200 OK
Sep 29, 2020 7:33:19 AM okhttp3.mockwebserver.MockWebServer$2 acceptConnections
INFO: MockWebServer[54354] done accepting connections: Socket closed
Sep 29, 2020 7:33:19 AM okhttp3.mockwebserver.MockWebServer$2 e**cute
INFO: MockWebServer[36790] starting to accept connections
Sep 29, 2020 7:33:19 AM okhttp3.mockwebserver.MockWebServer$3 processOneRequest
INFO: MockWebServer[36790] received request: GET /api/v1/namespaces/test HTTP/1.1 and responded: HTTP/1.1 404 Client Error
Sep 29, 2020 7:33:20 AM okhttp3.mockwebserver.MockWebServer$3 processOneRequest
INFO: MockWebServer[36790] received request: GET /apis/entando.org/v1/namespaces/default/entandoplugins HTTP/1.1 and responded: HTTP/1.1 200 OK
Sep 29, 2020 7:33:20 AM okhttp3.mockwebserver.MockWebServer$3 processOneRequest
INFO: MockWebServer[36790] received request: GET /api/v1/namespaces/test HTTP/1.1 and responded: HTTP/1.1 404 Client Error
Sep 29, 2020 7:33:20 AM okhttp3.mockwebserver.MockWebServer$3 processOneRequest
INFO: MockWebServer[36790] received request: GET /apis/entando.org/v1/namespaces/default/entandoplugins HTTP/1.1 and responded: HTTP/1.1 200 OK
Sep 29, 2020 7:33:20 AM okhttp3.mockwebserver.MockWebServer$3 processOneRequest
INFO: MockWebServer[36790] received request: GET /api/v1/namespaces/entando-k8s-custom-model-cupr30 HTTP/1.1 and responded: HTTP/1.1 404 Client Error
Sep 29, 2020 7:33:20 AM okhttp3.mockwebserver.MockWebServer$3 processOneRequest
INFO: MockWebServer[36790] received request: POST /api/v1/namespaces HTTP/1.1 and responded: HTTP/1.1 202 OK
Sep 29, 2020 7:33:20 AM okhttp3.mockwebserver.MockWebServer$2 acceptConnections
INFO: MockWebServer[36790] done accepting connections: Socket closed
[INFO] Tests run: 3, Failures: 0, Errors: 0, Skipped: 0, Time elapsed: 4.138 s - in org.entando.kubernetes.model.inprocesstest.EntandoPluginMockedTest
[INFO] Running org.entando.kubernetes.model.inprocesstest.EntandoKeycloakServerMockedTest
Sep 29, 2020 7:33:20 AM okhttp3.mockwebserver.MockWebServer$2 e**cute
INFO: MockWebServer[57203] starting to accept connections
Sep 29, 2020 7:33:20 AM okhttp3.mockwebserver.MockWebServer$3 processOneRequest
INFO: MockWebServer[57203] received request: GET /apis/apiextensions.k8s.io/v1beta1/customresourcedefinitions/entandokeycloakservers.entando.org HTTP/1.1 and responded: HTTP/1.1 404 Client Error
Sep 29, 2020 7:33:20 AM okhttp3.mockwebserver.MockWebServer$3 processOneRequest
INFO: MockWebServer[57203] received request: POST /apis/apiextensions.k8s.io/v1beta1/customresourcedefinitions HTTP/1.1 and responded: HTTP/1.1 202 OK
Sep 29, 2020 7:33:20 AM okhttp3.mockwebserver.MockWebServer$3 processOneRequest
INFO: MockWebServer[57203] received request: GET /api/v1/namespaces/test HTTP/1.1 and responded: HTTP/1.1 404 Client Error
Sep 29, 2020 7:33:20 AM okhttp3.mockwebserver.MockWebServer$3 processOneRequest
INFO: MockWebServer[57203] received request: GET /apis/entando.org/v1/namespaces/default/entandokeycloakservers HTTP/1.1 and responded: HTTP/1.1 200 OK
Sep 29, 2020 7:33:20 AM okhttp3.mockwebserver.MockWebServer$3 processOneRequest
INFO: MockWebServer[57203] received request: GET /api/v1/namespaces/test HTTP/1.1 and responded: HTTP/1.1 404 Client Error
Sep 29, 2020 7:33:20 AM okhttp3.mockwebserver.MockWebServer$3 processOneRequest
INFO: MockWebServer[57203] received request: GET /apis/entando.org/v1/namespaces/default/entandokeycloakservers HTTP/1.1 and responded: HTTP/1.1 200 OK
Sep 29, 2020 7:33:21 AM okhttp3.mockwebserver.MockWebServer$3 processOneRequest
INFO: MockWebServer[57203] received request: GET /api/v1/namespaces/entando-k8s-custom-model-cupr30 HTTP/1.1 and responded: HTTP/1.1 404 Client Error
Sep 29, 2020 7:33:21 AM okhttp3.mockwebserver.MockWebServer$3 processOneRequest
INFO: MockWebServer[57203] received request: POST /api/v1/namespaces HTTP/1.1 and responded: HTTP/1.1 202 OK
Sep 29, 2020 7:33:21 AM okhttp3.mockwebserver.MockWebServer$3 processOneRequest
INFO: MockWebServer[57203] received request: POST /apis/entando.org/v1/namespaces/entando-k8s-custom-model-cupr30/entandokeycloakservers HTTP/1.1 and responded: HTTP/1.1 202 OK
Sep 29, 2020 7:33:21 AM okhttp3.mockwebserver.MockWebServer$3 processOneRequest
INFO: MockWebServer[57203] received request: GET /apis/entando.org/v1/namespaces/entando-k8s-custom-model-cupr30/entandokeycloakservers/my-keycloak HTTP/1.1 and responded: HTTP/1.1 200 OK
Sep 29, 2020 7:33:21 AM okhttp3.mockwebserver.MockWebServer$2 acceptConnections
INFO: MockWebServer[57203] done accepting connections: Socket closed
Sep 29, 2020 7:33:21 AM okhttp3.mockwebserver.MockWebServer$2 e**cute
INFO: MockWebServer[32927] starting to accept connections
Sep 29, 2020 7:33:21 AM okhttp3.mockwebserver.MockWebServer$3 processOneRequest
INFO: MockWebServer[32927] received request: GET /api/v1/namespaces/test HTTP/1.1 and responded: HTTP/1.1 404 Client Error
Sep 29, 2020 7:33:21 AM okhttp3.mockwebserver.MockWebServer$3 processOneRequest
INFO: MockWebServer[32927] received request: GET /apis/entando.org/v1/namespaces/default/entandokeycloakservers HTTP/1.1 and responded: HTTP/1.1 200 OK
Sep 29, 2020 7:33:21 AM okhttp3.mockwebserver.MockWebServer$3 processOneRequest
INFO: MockWebServer[32927] received request: GET /api/v1/namespaces/test HTTP/1.1 and responded: HTTP/1.1 404 Client Error
Sep 29, 2020 7:33:21 AM okhttp3.mockwebserver.MockWebServer$3 processOneRequest
INFO: MockWebServer[32927] received request: GET /apis/entando.org/v1/namespaces/default/entandokeycloakservers HTTP/1.1 and responded: HTTP/1.1 200 OK
Sep 29, 2020 7:33:21 AM okhttp3.mockwebserver.MockWebServer$3 processOneRequest
INFO: MockWebServer[32927] received request: GET /api/v1/namespaces/entando-k8s-custom-model-cupr30 HTTP/1.1 and responded: HTTP/1.1 404 Client Error
Sep 29, 2020 7:33:21 AM okhttp3.mockwebserver.MockWebServer$3 processOneRequest
INFO: MockWebServer[32927] received request: POST /api/v1/namespaces HTTP/1.1 and responded: HTTP/1.1 202 OK
Sep 29, 2020 7:33:21 AM okhttp3.mockwebserver.MockWebServer$3 processOneRequest
INFO: MockWebServer[32927] received request: POST /apis/entando.org/v1/namespaces/entando-k8s-custom-model-cupr30/entandokeycloakservers HTTP/1.1 and responded: HTTP/1.1 202 OK
Sep 29, 2020 7:33:22 AM okhttp3.mockwebserver.MockWebServer$3 processOneRequest
INFO: MockWebServer[32927] received request: GET /apis/entando.org/v1/namespaces/entando-k8s-custom-model-cupr30/entandokeycloakservers/my-keycloak HTTP/1.1 and responded: HTTP/1.1 200 OK
Sep 29, 2020 7:33:22 AM okhttp3.mockwebserver.MockWebServer$3 processOneRequest
INFO: MockWebServer[32927] received request: GET /apis/entando.org/v1/namespaces/entando-k8s-custom-model-cupr30/entandokeycloakservers/my-keycloak HTTP/1.1 and responded: HTTP/1.1 200 OK
Sep 29, 2020 7:33:22 AM okhttp3.mockwebserver.MockWebServer$3 processOneRequest
INFO: MockWebServer[32927] received request: PATCH /apis/entando.org/v1/namespaces/entando-k8s-custom-model-cupr30/entandokeycloakservers/my-keycloak HTTP/1.1 and responded: HTTP/1.1 202 OK
Sep 29, 2020 7:33:22 AM okhttp3.mockwebserver.MockWebServer$2 acceptConnections
INFO: MockWebServer[32927] done accepting connections: Socket closed
Sep 29, 2020 7:33:22 AM okhttp3.mockwebserver.MockWebServer$2 e**cute
INFO: MockWebServer[58484] starting to accept connections
Sep 29, 2020 7:33:22 AM okhttp3.mockwebserver.MockWebServer$3 processOneRequest
INFO: MockWebServer[58484] received request: GET /api/v1/namespaces/test HTTP/1.1 and responded: HTTP/1.1 404 Client Error
Sep 29, 2020 7:33:22 AM okhttp3.mockwebserver.MockWebServer$3 processOneRequest
INFO: MockWebServer[58484] received request: GET /apis/entando.org/v1/namespaces/default/entandokeycloakservers HTTP/1.1 and responded: HTTP/1.1 200 OK
Sep 29, 2020 7:33:22 AM okhttp3.mockwebserver.MockWebServer$3 processOneRequest
INFO: MockWebServer[58484] received request: GET /api/v1/namespaces/test HTTP/1.1 and responded: HTTP/1.1 404 Client Error
Sep 29, 2020 7:33:22 AM okhttp3.mockwebserver.MockWebServer$3 processOneRequest
INFO: MockWebServer[58484] received request: GET /apis/entando.org/v1/namespaces/default/entandokeycloakservers HTTP/1.1 and responded: HTTP/1.1 200 OK
Sep 29, 2020 7:33:22 AM okhttp3.mockwebserver.MockWebServer$3 processOneRequest
INFO: MockWebServer[58484] received request: GET /api/v1/namespaces/entando-k8s-custom-model-cupr30 HTTP/1.1 and responded: HTTP/1.1 404 Client Error
Sep 29, 2020 7:33:22 AM okhttp3.mockwebserver.MockWebServer$3 processOneRequest
INFO: MockWebServer[58484] received request: POST /api/v1/namespaces HTTP/1.1 and responded: HTTP/1.1 202 OK
Sep 29, 2020 7:33:22 AM okhttp3.mockwebserver.MockWebServer$2 acceptConnections
INFO: MockWebServer[58484] done accepting connections: Socket closed
[INFO] Tests run: 3, Failures: 0, Errors: 0, Skipped: 0, Time elapsed: 2.447 s - in org.entando.kubernetes.model.inprocesstest.EntandoKeycloakServerMockedTest
[INFO] Running org.entando.kubernetes.model.inprocesstest.EntandoClusterInfrastructureMockedTest
Sep 29, 2020 7:33:22 AM okhttp3.mockwebserver.MockWebServer$2 e**cute
INFO: MockWebServer[51008] starting to accept connections
Sep 29, 2020 7:33:23 AM okhttp3.mockwebserver.MockWebServer$3 processOneRequest
INFO: MockWebServer[51008] received request: GET /apis/apiextensions.k8s.io/v1beta1/customresourcedefinitions/entandoclusterinfrastructures.entando.org HTTP/1.1 and responded: HTTP/1.1 404 Client Error
Sep 29, 2020 7:33:23 AM okhttp3.mockwebserver.MockWebServer$3 processOneRequest
INFO: MockWebServer[51008] received request: POST /apis/apiextensions.k8s.io/v1beta1/customresourcedefinitions HTTP/1.1 and responded: HTTP/1.1 202 OK
Sep 29, 2020 7:33:23 AM okhttp3.mockwebserver.MockWebServer$3 processOneRequest
INFO: MockWebServer[51008] received request: GET /api/v1/namespaces/test HTTP/1.1 and responded: HTTP/1.1 404 Client Error
Sep 29, 2020 7:33:23 AM okhttp3.mockwebserver.MockWebServer$3 processOneRequest
INFO: MockWebServer[51008] received request: GET /apis/entando.org/v1/namespaces/default/entandoclusterinfrastructures HTTP/1.1 and responded: HTTP/1.1 200 OK
Sep 29, 2020 7:33:23 AM okhttp3.mockwebserver.MockWebServer$3 processOneRequest
INFO: MockWebServer[51008] received request: GET /api/v1/namespaces/test HTTP/1.1 and responded: HTTP/1.1 404 Client Error
Sep 29, 2020 7:33:23 AM okhttp3.mockwebserver.MockWebServer$3 processOneRequest
INFO: MockWebServer[51008] received request: GET /apis/entando.org/v1/namespaces/default/entandoclusterinfrastructures HTTP/1.1 and responded: HTTP/1.1 200 OK
Sep 29, 2020 7:33:23 AM okhttp3.mockwebserver.MockWebServer$3 processOneRequest
INFO: MockWebServer[51008] received request: GET /api/v1/namespaces/entando-k8s-custom-model-cupr30 HTTP/1.1 and responded: HTTP/1.1 404 Client Error
Sep 29, 2020 7:33:23 AM okhttp3.mockwebserver.MockWebServer$3 processOneRequest
INFO: MockWebServer[51008] received request: POST /api/v1/namespaces HTTP/1.1 and responded: HTTP/1.1 202 OK
Sep 29, 2020 7:33:23 AM okhttp3.mockwebserver.MockWebServer$3 processOneRequest
INFO: MockWebServer[51008] received request: POST /apis/entando.org/v1/namespaces/entando-k8s-custom-model-cupr30/entandoclusterinfrastructures HTTP/1.1 and responded: HTTP/1.1 202 OK
Sep 29, 2020 7:33:23 AM okhttp3.mockwebserver.MockWebServer$3 processOneRequest
INFO: MockWebServer[51008] received request: GET /apis/entando.org/v1/namespaces/entando-k8s-custom-model-cupr30/entandoclusterinfrastructures/my-entando-cluster-infrastructure HTTP/1.1 and responded: HTTP/1.1 200 OK
Sep 29, 2020 7:33:23 AM okhttp3.mockwebserver.MockWebServer$2 acceptConnections
INFO: MockWebServer[51008] done accepting connections: Socket closed
Sep 29, 2020 7:33:23 AM okhttp3.mockwebserver.MockWebServer$2 e**cute
INFO: MockWebServer[39252] starting to accept connections
Sep 29, 2020 7:33:23 AM okhttp3.mockwebserver.MockWebServer$3 processOneRequest
INFO: MockWebServer[39252] received request: GET /api/v1/namespaces/test HTTP/1.1 and responded: HTTP/1.1 404 Client Error
Sep 29, 2020 7:33:23 AM okhttp3.mockwebserver.MockWebServer$3 processOneRequest
INFO: MockWebServer[39252] received request: GET /apis/entando.org/v1/namespaces/default/entandoclusterinfrastructures HTTP/1.1 and responded: HTTP/1.1 200 OK
Sep 29, 2020 7:33:24 AM okhttp3.mockwebserver.MockWebServer$3 processOneRequest
INFO: MockWebServer[39252] received request: GET /api/v1/namespaces/test HTTP/1.1 and responded: HTTP/1.1 404 Client Error
Sep 29, 2020 7:33:24 AM okhttp3.mockwebserver.MockWebServer$3 processOneRequest
INFO: MockWebServer[39252] received request: GET /apis/entando.org/v1/namespaces/default/entandoclusterinfrastructures HTTP/1.1 and responded: HTTP/1.1 200 OK
Sep 29, 2020 7:33:24 AM okhttp3.mockwebserver.MockWebServer$3 processOneRequest
INFO: MockWebServer[39252] received request: GET /api/v1/namespaces/entando-k8s-custom-model-cupr30 HTTP/1.1 and responded: HTTP/1.1 404 Client Error
Sep 29, 2020 7:33:24 AM okhttp3.mockwebserver.MockWebServer$3 processOneRequest
INFO: MockWebServer[39252] received request: POST /api/v1/namespaces HTTP/1.1 and responded: HTTP/1.1 202 OK
Sep 29, 2020 7:33:24 AM okhttp3.mockwebserver.MockWebServer$3 processOneRequest
INFO: MockWebServer[39252] received request: POST /apis/entando.org/v1/namespaces/entando-k8s-custom-model-cupr30/entandoclusterinfrastructures HTTP/1.1 and responded: HTTP/1.1 202 OK
Sep 29, 2020 7:33:24 AM okhttp3.mockwebserver.MockWebServer$3 processOneRequest
INFO: MockWebServer[39252] received request: GET /apis/entando.org/v1/namespaces/entando-k8s-custom-model-cupr30/entandoclusterinfrastructures/my-entando-cluster-infrastructure HTTP/1.1 and responded: HTTP/1.1 200 OK
Sep 29, 2020 7:33:24 AM okhttp3.mockwebserver.MockWebServer$3 processOneRequest
INFO: MockWebServer[39252] received request: GET /apis/entando.org/v1/namespaces/entando-k8s-custom-model-cupr30/entandoclusterinfrastructures/my-entando-cluster-infrastructure HTTP/1.1 and responded: HTTP/1.1 200 OK
Sep 29, 2020 7:33:24 AM okhttp3.mockwebserver.MockWebServer$3 processOneRequest
INFO: MockWebServer[39252] received request: PATCH /apis/entando.org/v1/namespaces/entando-k8s-custom-model-cupr30/entandoclusterinfrastructures/my-entando-cluster-infrastructure HTTP/1.1 and responded: HTTP/1.1 202 OK
Sep 29, 2020 7:33:24 AM okhttp3.mockwebserver.MockWebServer$2 acceptConnections
INFO: MockWebServer[39252] done accepting connections: Socket closed
Sep 29, 2020 7:33:24 AM okhttp3.mockwebserver.MockWebServer$2 e**cute
INFO: MockWebServer[46906] starting to accept connections
Sep 29, 2020 7:33:24 AM okhttp3.mockwebserver.MockWebServer$3 processOneRequest
INFO: MockWebServer[46906] received request: GET /api/v1/namespaces/test HTTP/1.1 and responded: HTTP/1.1 404 Client Error
Sep 29, 2020 7:33:24 AM okhttp3.mockwebserver.MockWebServer$3 processOneRequest
INFO: MockWebServer[46906] received request: GET /apis/entando.org/v1/namespaces/default/entandoclusterinfrastructures HTTP/1.1 and responded: HTTP/1.1 200 OK
Sep 29, 2020 7:33:24 AM okhttp3.mockwebserver.MockWebServer$3 processOneRequest
INFO: MockWebServer[46906] received request: GET /api/v1/namespaces/test HTTP/1.1 and responded: HTTP/1.1 404 Client Error
Sep 29, 2020 7:33:25 AM okhttp3.mockwebserver.MockWebServer$3 processOneRequest
INFO: MockWebServer[46906] received request: GET /apis/entando.org/v1/namespaces/default/entandoclusterinfrastructures HTTP/1.1 and responded: HTTP/1.1 200 OK
Sep 29, 2020 7:33:25 AM okhttp3.mockwebserver.MockWebServer$3 processOneRequest
INFO: MockWebServer[46906] received request: GET /api/v1/namespaces/entando-k8s-custom-model-cupr30 HTTP/1.1 and responded: HTTP/1.1 404 Client Error
Sep 29, 2020 7:33:25 AM okhttp3.mockwebserver.MockWebServer$3 processOneRequest
INFO: MockWebServer[46906] received request: POST /api/v1/namespaces HTTP/1.1 and responded: HTTP/1.1 202 OK
Sep 29, 2020 7:33:25 AM okhttp3.mockwebserver.MockWebServer$2 acceptConnections
INFO: MockWebServer[46906] done accepting connections: Socket closed
[INFO] Tests run: 3, Failures: 0, Errors: 0, Skipped: 0, Time elapsed: 2.376 s - in org.entando.kubernetes.model.inprocesstest.EntandoClusterInfrastructureMockedTest
[INFO] Running org.entando.kubernetes.model.inprocesstest.EntandoDeBundleMockedTest
Sep 29, 2020 7:33:25 AM okhttp3.mockwebserver.MockWebServer$2 e**cute
INFO: MockWebServer[34111] starting to accept connections
Sep 29, 2020 7:33:25 AM okhttp3.mockwebserver.MockWebServer$3 processOneRequest
INFO: MockWebServer[34111] received request: GET /apis/apiextensions.k8s.io/v1beta1/customresourcedefinitions/entandodebundles.entando.org HTTP/1.1 and responded: HTTP/1.1 404 Client Error
Sep 29, 2020 7:33:25 AM okhttp3.mockwebserver.MockWebServer$3 processOneRequest
INFO: MockWebServer[34111] received request: POST /apis/apiextensions.k8s.io/v1beta1/customresourcedefinitions HTTP/1.1 and responded: HTTP/1.1 202 OK
Sep 29, 2020 7:33:25 AM okhttp3.mockwebserver.MockWebServer$3 processOneRequest
INFO: MockWebServer[34111] received request: GET /api/v1/namespaces/test HTTP/1.1 and responded: HTTP/1.1 404 Client Error
Sep 29, 2020 7:33:25 AM okhttp3.mockwebserver.MockWebServer$3 processOneRequest
INFO: MockWebServer[34111] received request: GET /apis/entando.org/v1/namespaces/default/entandodebundles HTTP/1.1 and responded: HTTP/1.1 200 OK
Sep 29, 2020 7:33:25 AM okhttp3.mockwebserver.MockWebServer$3 processOneRequest
INFO: MockWebServer[34111] received request: GET /api/v1/namespaces/test HTTP/1.1 and responded: HTTP/1.1 404 Client Error
Sep 29, 2020 7:33:25 AM okhttp3.mockwebserver.MockWebServer$3 processOneRequest
INFO: MockWebServer[34111] received request: GET /apis/entando.org/v1/namespaces/default/entandodebundles HTTP/1.1 and responded: HTTP/1.1 200 OK
Sep 29, 2020 7:33:25 AM okhttp3.mockwebserver.MockWebServer$3 processOneRequest
INFO: MockWebServer[34111] received request: GET /api/v1/namespaces/entando-k8s-custom-model-cupr30 HTTP/1.1 and responded: HTTP/1.1 404 Client Error
Sep 29, 2020 7:33:25 AM okhttp3.mockwebserver.MockWebServer$3 processOneRequest
INFO: MockWebServer[34111] received request: POST /api/v1/namespaces HTTP/1.1 and responded: HTTP/1.1 202 OK
Sep 29, 2020 7:33:26 AM okhttp3.mockwebserver.MockWebServer$3 processOneRequest
INFO: MockWebServer[34111] received request: POST /apis/entando.org/v1/namespaces/entando-k8s-custom-model-cupr30/entandodebundles HTTP/1.1 and responded: HTTP/1.1 202 OK
Sep 29, 2020 7:33:26 AM okhttp3.mockwebserver.MockWebServer$3 processOneRequest
INFO: MockWebServer[34111] received request: GET /apis/entando.org/v1/namespaces/entando-k8s-custom-model-cupr30/entandodebundles/my-bundle HTTP/1.1 and responded: HTTP/1.1 200 OK
Sep 29, 2020 7:33:26 AM okhttp3.mockwebserver.MockWebServer$3 processOneRequest
INFO: MockWebServer[34111] received request: GET /apis/entando.org/v1/namespaces/entando-k8s-custom-model-cupr30/entandodebundles/my-bundle HTTP/1.1 and responded: HTTP/1.1 200 OK
Sep 29, 2020 7:33:26 AM okhttp3.mockwebserver.MockWebServer$3 processOneRequest
INFO: MockWebServer[34111] received request: PATCH /apis/entando.org/v1/namespaces/entando-k8s-custom-model-cupr30/entandodebundles/my-bundle HTTP/1.1 and responded: HTTP/1.1 202 OK
Sep 29, 2020 7:33:26 AM okhttp3.mockwebserver.MockWebServer$2 acceptConnections
INFO: MockWebServer[34111] done accepting connections: Socket closed
Sep 29, 2020 7:33:26 AM okhttp3.mockwebserver.MockWebServer$2 e**cute
INFO: MockWebServer[54148] starting to accept connections
Sep 29, 2020 7:33:26 AM okhttp3.mockwebserver.MockWebServer$3 processOneRequest
INFO: MockWebServer[54148] received request: GET /api/v1/namespaces/test HTTP/1.1 and responded: HTTP/1.1 404 Client Error
Sep 29, 2020 7:33:26 AM okhttp3.mockwebserver.MockWebServer$3 processOneRequest
INFO: MockWebServer[54148] received request: GET /apis/entando.org/v1/namespaces/default/entandodebundles HTTP/1.1 and responded: HTTP/1.1 200 OK
Sep 29, 2020 7:33:26 AM okhttp3.mockwebserver.MockWebServer$3 processOneRequest
INFO: MockWebServer[54148] received request: GET /api/v1/namespaces/test HTTP/1.1 and responded: HTTP/1.1 404 Client Error
Sep 29, 2020 7:33:26 AM okhttp3.mockwebserver.MockWebServer$3 processOneRequest
INFO: MockWebServer[54148] received request: GET /apis/entando.org/v1/namespaces/default/entandodebundles HTTP/1.1 and responded: HTTP/1.1 200 OK
Sep 29, 2020 7:33:26 AM okhttp3.mockwebserver.MockWebServer$3 processOneRequest
INFO: MockWebServer[54148] received request: GET /api/v1/namespaces/entando-k8s-custom-model-cupr30 HTTP/1.1 and responded: HTTP/1.1 404 Client Error
Sep 29, 2020 7:33:26 AM okhttp3.mockwebserver.MockWebServer$3 processOneRequest
INFO: MockWebServer[54148] received request: POST /api/v1/namespaces HTTP/1.1 and responded: HTTP/1.1 202 OK
Sep 29, 2020 7:33:26 AM okhttp3.mockwebserver.MockWebServer$3 processOneRequest
INFO: MockWebServer[54148] received request: POST /apis/entando.org/v1/namespaces/entando-k8s-custom-model-cupr30/entandodebundles HTTP/1.1 and responded: HTTP/1.1 202 OK
Sep 29, 2020 7:33:27 AM okhttp3.mockwebserver.MockWebServer$3 processOneRequest
INFO: MockWebServer[54148] received request: GET /apis/entando.org/v1/namespaces/entando-k8s-custom-model-cupr30/entandodebundles/my-bundle HTTP/1.1 and responded: HTTP/1.1 200 OK
Sep 29, 2020 7:33:27 AM okhttp3.mockwebserver.MockWebServer$2 acceptConnections
INFO: MockWebServer[54148] done accepting connections: Socket closed
Sep 29, 2020 7:33:27 AM okhttp3.mockwebserver.MockWebServer$2 e**cute
INFO: MockWebServer[35333] starting to accept connections
Sep 29, 2020 7:33:27 AM okhttp3.mockwebserver.MockWebServer$3 processOneRequest
INFO: MockWebServer[35333] received request: GET /api/v1/namespaces/test HTTP/1.1 and responded: HTTP/1.1 404 Client Error
Sep 29, 2020 7:33:27 AM okhttp3.mockwebserver.MockWebServer$3 processOneRequest
INFO: MockWebServer[35333] received request: GET /apis/entando.org/v1/namespaces/default/entandodebundles HTTP/1.1 and responded: HTTP/1.1 200 OK
Sep 29, 2020 7:33:27 AM okhttp3.mockwebserver.MockWebServer$3 processOneRequest
INFO: MockWebServer[35333] received request: GET /api/v1/namespaces/test HTTP/1.1 and responded: HTTP/1.1 404 Client Error
Sep 29, 2020 7:33:27 AM okhttp3.mockwebserver.MockWebServer$3 processOneRequest
INFO: MockWebServer[35333] received request: GET /apis/entando.org/v1/namespaces/default/entandodebundles HTTP/1.1 and responded: HTTP/1.1 200 OK
Sep 29, 2020 7:33:27 AM okhttp3.mockwebserver.MockWebServer$3 processOneRequest
INFO: MockWebServer[35333] received request: GET /api/v1/namespaces/entando-k8s-custom-model-cupr30 HTTP/1.1 and responded: HTTP/1.1 404 Client Error
Sep 29, 2020 7:33:27 AM okhttp3.mockwebserver.MockWebServer$3 processOneRequest
INFO: MockWebServer[35333] received request: POST /api/v1/namespaces HTTP/1.1 and responded: HTTP/1.1 202 OK
Sep 29, 2020 7:33:27 AM okhttp3.mockwebserver.MockWebServer$2 acceptConnections
INFO: MockWebServer[35333] done accepting connections: Socket closed
Sep 29, 2020 7:33:27 AM okhttp3.mockwebserver.MockWebServer$2 e**cute
INFO: MockWebServer[33465] starting to accept connections
[INFO] Tests run: 3, Failures: 0, Errors: 0, Skipped: 0, Time elapsed: 2.554 s - in org.entando.kubernetes.model.inprocesstest.EntandoDeBundleMockedTest
[INFO] Running org.entando.kubernetes.model.inprocesstest.EntandoAppPluginLinkMockedTest
Sep 29, 2020 7:33:27 AM okhttp3.mockwebserver.MockWebServer$3 processOneRequest
INFO: MockWebServer[33465] received request: GET /apis/apiextensions.k8s.io/v1beta1/customresourcedefinitions/entandoapppluginlinks.entando.org HTTP/1.1 and responded: HTTP/1.1 404 Client Error
Sep 29, 2020 7:33:28 AM okhttp3.mockwebserver.MockWebServer$3 processOneRequest
INFO: MockWebServer[33465] received request: POST /apis/apiextensions.k8s.io/v1beta1/customresourcedefinitions HTTP/1.1 and responded: HTTP/1.1 202 OK
Sep 29, 2020 7:33:28 AM okhttp3.mockwebserver.MockWebServer$3 processOneRequest
INFO: MockWebServer[33465] received request: GET /api/v1/namespaces/test HTTP/1.1 and responded: HTTP/1.1 404 Client Error
Sep 29, 2020 7:33:28 AM okhttp3.mockwebserver.MockWebServer$3 processOneRequest
INFO: MockWebServer[33465] received request: GET /apis/entando.org/v1/namespaces/default/entandoapppluginlinks HTTP/1.1 and responded: HTTP/1.1 200 OK
Sep 29, 2020 7:33:28 AM okhttp3.mockwebserver.MockWebServer$3 processOneRequest
INFO: MockWebServer[33465] received request: GET /api/v1/namespaces/test HTTP/1.1 and responded: HTTP/1.1 404 Client Error
Sep 29, 2020 7:33:28 AM okhttp3.mockwebserver.MockWebServer$3 processOneRequest
INFO: MockWebServer[33465] received request: GET /apis/entando.org/v1/namespaces/default/entandoapppluginlinks HTTP/1.1 and responded: HTTP/1.1 200 OK
Sep 29, 2020 7:33:28 AM okhttp3.mockwebserver.MockWebServer$3 processOneRequest
INFO: MockWebServer[33465] received request: GET /api/v1/namespaces/entando-k8s-custom-model-cupr30 HTTP/1.1 and responded: HTTP/1.1 404 Client Error
Sep 29, 2020 7:33:28 AM okhttp3.mockwebserver.MockWebServer$3 processOneRequest
INFO: MockWebServer[33465] received request: POST /api/v1/namespaces HTTP/1.1 and responded: HTTP/1.1 202 OK
Sep 29, 2020 7:33:28 AM okhttp3.mockwebserver.MockWebServer$3 processOneRequest
INFO: MockWebServer[33465] received request: POST /apis/entando.org/v1/namespaces/entando-k8s-custom-model-cupr30/entandoapppluginlinks HTTP/1.1 and responded: HTTP/1.1 202 OK
Sep 29, 2020 7:33:28 AM okhttp3.mockwebserver.MockWebServer$3 processOneRequest
INFO: MockWebServer[33465] received request: GET /apis/entando.org/v1/namespaces/entando-k8s-custom-model-cupr30/entandoapppluginlinks/my-app-plugin-link HTTP/1.1 and responded: HTTP/1.1 200 OK
Sep 29, 2020 7:33:28 AM okhttp3.mockwebserver.MockWebServer$3 processOneRequest
INFO: MockWebServer[33465] received request: GET /apis/entando.org/v1/namespaces/entando-k8s-custom-model-cupr30/entandoapppluginlinks/my-app-plugin-link HTTP/1.1 and responded: HTTP/1.1 200 OK
Sep 29, 2020 7:33:28 AM okhttp3.mockwebserver.MockWebServer$3 processOneRequest
INFO: MockWebServer[33465] received request: PATCH /apis/entando.org/v1/namespaces/entando-k8s-custom-model-cupr30/entandoapppluginlinks/my-app-plugin-link HTTP/1.1 and responded: HTTP/1.1 202 OK
Sep 29, 2020 7:33:28 AM okhttp3.mockwebserver.MockWebServer$2 acceptConnections
INFO: MockWebServer[33465] done accepting connections: Socket closed
Sep 29, 2020 7:33:28 AM okhttp3.mockwebserver.MockWebServer$2 e**cute
INFO: MockWebServer[46533] starting to accept connections
Sep 29, 2020 7:33:29 AM okhttp3.mockwebserver.MockWebServer$3 processOneRequest
INFO: MockWebServer[46533] received request: GET /api/v1/namespaces/test HTTP/1.1 and responded: HTTP/1.1 404 Client Error
Sep 29, 2020 7:33:29 AM okhttp3.mockwebserver.MockWebServer$3 processOneRequest
INFO: MockWebServer[46533] received request: GET /apis/entando.org/v1/namespaces/default/entandoapppluginlinks HTTP/1.1 and responded: HTTP/1.1 200 OK
Sep 29, 2020 7:33:29 AM okhttp3.mockwebserver.MockWebServer$3 processOneRequest
INFO: MockWebServer[46533] received request: GET /api/v1/namespaces/test HTTP/1.1 and responded: HTTP/1.1 404 Client Error
Sep 29, 2020 7:33:29 AM okhttp3.mockwebserver.MockWebServer$3 processOneRequest
INFO: MockWebServer[46533] received request: GET /apis/entando.org/v1/namespaces/default/entandoapppluginlinks HTTP/1.1 and responded: HTTP/1.1 200 OK
Sep 29, 2020 7:33:29 AM okhttp3.mockwebserver.MockWebServer$3 processOneRequest
INFO: MockWebServer[46533] received request: GET /api/v1/namespaces/entando-k8s-custom-model-cupr30 HTTP/1.1 and responded: HTTP/1.1 404 Client Error
Sep 29, 2020 7:33:29 AM okhttp3.mockwebserver.MockWebServer$3 processOneRequest
INFO: MockWebServer[46533] received request: POST /api/v1/namespaces HTTP/1.1 and responded: HTTP/1.1 202 OK
Sep 29, 2020 7:33:29 AM okhttp3.mockwebserver.MockWebServer$3 processOneRequest
INFO: MockWebServer[46533] received request: POST /apis/entando.org/v1/namespaces/entando-k8s-custom-model-cupr30/entandoapppluginlinks HTTP/1.1 and responded: HTTP/1.1 202 OK
Sep 29, 2020 7:33:29 AM okhttp3.mockwebserver.MockWebServer$3 processOneRequest
INFO: MockWebServer[46533] received request: GET /apis/entando.org/v1/namespaces/entando-k8s-custom-model-cupr30/entandoapppluginlinks/my-app-plugin-link HTTP/1.1 and responded: HTTP/1.1 200 OK
Sep 29, 2020 7:33:29 AM okhttp3.mockwebserver.MockWebServer$2 acceptConnections
INFO: MockWebServer[46533] done accepting connections: Socket closed
Sep 29, 2020 7:33:29 AM okhttp3.mockwebserver.MockWebServer$2 e**cute
INFO: MockWebServer[40278] starting to accept connections
Sep 29, 2020 7:33:29 AM okhttp3.mockwebserver.MockWebServer$3 processOneRequest
INFO: MockWebServer[40278] received request: GET /api/v1/namespaces/test HTTP/1.1 and responded: HTTP/1.1 404 Client Error
Sep 29, 2020 7:33:29 AM okhttp3.mockwebserver.MockWebServer$3 processOneRequest
INFO: MockWebServer[40278] received request: GET /apis/entando.org/v1/namespaces/default/entandoapppluginlinks HTTP/1.1 and responded: HTTP/1.1 200 OK
Sep 29, 2020 7:33:29 AM okhttp3.mockwebserver.MockWebServer$3 processOneRequest
INFO: MockWebServer[40278] received request: GET /api/v1/namespaces/test HTTP/1.1 and responded: HTTP/1.1 404 Client Error
Sep 29, 2020 7:33:29 AM okhttp3.mockwebserver.MockWebServer$3 processOneRequest
INFO: MockWebServer[40278] received request: GET /apis/entando.org/v1/namespaces/default/entandoapppluginlinks HTTP/1.1 and responded: HTTP/1.1 200 OK
Sep 29, 2020 7:33:30 AM okhttp3.mockwebserver.MockWebServer$3 processOneRequest
INFO: MockWebServer[40278] received request: GET /api/v1/namespaces/entando-k8s-custom-model-cupr30 HTTP/1.1 and responded: HTTP/1.1 404 Client Error
Sep 29, 2020 7:33:30 AM okhttp3.mockwebserver.MockWebServer$3 processOneRequest
INFO: MockWebServer[40278] received request: POST /api/v1/namespaces HTTP/1.1 and responded: HTTP/1.1 202 OK
Sep 29, 2020 7:33:30 AM okhttp3.mockwebserver.MockWebServer$2 acceptConnections
INFO: MockWebServer[40278] done accepting connections: Socket closed
Sep 29, 2020 7:33:30 AM okhttp3.mockwebserver.MockWebServer$2 e**cute
INFO: MockWebServer[37586] starting to accept connections
[INFO] Tests run: 3, Failures: 0, Errors: 0, Skipped: 0, Time elapsed: 2.339 s - in org.entando.kubernetes.model.inprocesstest.EntandoAppPluginLinkMockedTest
[INFO] Running org.entando.kubernetes.model.inprocesstest.EntandoCompositeAppMockedTest
Sep 29, 2020 7:33:30 AM okhttp3.mockwebserver.MockWebServer$3 processOneRequest
INFO: MockWebServer[37586] received request: GET /apis/apiextensions.k8s.io/v1beta1/customresourcedefinitions/entandocompositeapps.entando.org HTTP/1.1 and responded: HTTP/1.1 404 Client Error
Sep 29, 2020 7:33:30 AM okhttp3.mockwebserver.MockWebServer$3 processOneRequest
INFO: MockWebServer[37586] received request: POST /apis/apiextensions.k8s.io/v1beta1/customresourcedefinitions HTTP/1.1 and responded: HTTP/1.1 202 OK
Sep 29, 2020 7:33:30 AM okhttp3.mockwebserver.MockWebServer$3 processOneRequest
INFO: MockWebServer[37586] received request: GET /api/v1/namespaces/test HTTP/1.1 and responded: HTTP/1.1 404 Client Error
Sep 29, 2020 7:33:30 AM okhttp3.mockwebserver.MockWebServer$3 processOneRequest
INFO: MockWebServer[37586] received request: GET /apis/entando.org/v1/namespaces/default/entandocompositeapps HTTP/1.1 and responded: HTTP/1.1 200 OK
Sep 29, 2020 7:33:30 AM okhttp3.mockwebserver.MockWebServer$3 processOneRequest
INFO: MockWebServer[37586] received request: GET /api/v1/namespaces/test HTTP/1.1 and responded: HTTP/1.1 404 Client Error
Sep 29, 2020 7:33:30 AM okhttp3.mockwebserver.MockWebServer$3 processOneRequest
INFO: MockWebServer[37586] received request: GET /apis/entando.org/v1/namespaces/default/entandocompositeapps HTTP/1.1 and responded: HTTP/1.1 200 OK
Sep 29, 2020 7:33:30 AM okhttp3.mockwebserver.MockWebServer$3 processOneRequest
INFO: MockWebServer[37586] received request: GET /api/v1/namespaces/my-namespace HTTP/1.1 and responded: HTTP/1.1 404 Client Error
Sep 29, 2020 7:33:30 AM okhttp3.mockwebserver.MockWebServer$3 processOneRequest
INFO: MockWebServer[37586] received request: POST /api/v1/namespaces HTTP/1.1 and responded: HTTP/1.1 202 OK
Sep 29, 2020 7:33:31 AM okhttp3.mockwebserver.MockWebServer$3 processOneRequest
INFO: MockWebServer[37586] received request: POST /apis/entando.org/v1/namespaces/my-namespace/entandocompositeapps HTTP/1.1 and responded: HTTP/1.1 202 OK
Sep 29, 2020 7:33:31 AM okhttp3.mockwebserver.MockWebServer$3 processOneRequest
INFO: MockWebServer[37586] received request: GET /apis/entando.org/v1/namespaces/my-namespace/entandocompositeapps/my-comnposite-app HTTP/1.1 and responded: HTTP/1.1 200 OK
Sep 29, 2020 7:33:31 AM okhttp3.mockwebserver.MockWebServer$2 acceptConnections
INFO: MockWebServer[37586] done accepting connections: Socket closed
Sep 29, 2020 7:33:31 AM okhttp3.mockwebserver.MockWebServer$2 e**cute
INFO: MockWebServer[34512] starting to accept connections
Sep 29, 2020 7:33:31 AM okhttp3.mockwebserver.MockWebServer$3 processOneRequest
INFO: MockWebServer[34512] received request: GET /api/v1/namespaces/test HTTP/1.1 and responded: HTTP/1.1 404 Client Error
Sep 29, 2020 7:33:31 AM okhttp3.mockwebserver.MockWebServer$3 processOneRequest
INFO: MockWebServer[34512] received request: GET /apis/entando.org/v1/namespaces/default/entandocompositeapps HTTP/1.1 and responded: HTTP/1.1 200 OK
Sep 29, 2020 7:33:31 AM okhttp3.mockwebserver.MockWebServer$3 processOneRequest
INFO: MockWebServer[34512] received request: GET /api/v1/namespaces/test HTTP/1.1 and responded: HTTP/1.1 404 Client Error
Sep 29, 2020 7:33:31 AM okhttp3.mockwebserver.MockWebServer$3 processOneRequest
INFO: MockWebServer[34512] received request: GET /apis/entando.org/v1/namespaces/default/entandocompositeapps HTTP/1.1 and responded: HTTP/1.1 200 OK
Sep 29, 2020 7:33:31 AM okhttp3.mockwebserver.MockWebServer$3 processOneRequest
INFO: MockWebServer[34512] received request: GET /api/v1/namespaces/my-namespace HTTP/1.1 and responded: HTTP/1.1 404 Client Error
Sep 29, 2020 7:33:31 AM okhttp3.mockwebserver.MockWebServer$3 processOneRequest
INFO: MockWebServer[34512] received request: POST /api/v1/namespaces HTTP/1.1 and responded: HTTP/1.1 202 OK
Sep 29, 2020 7:33:31 AM okhttp3.mockwebserver.MockWebServer$3 processOneRequest
INFO: MockWebServer[34512] received request: POST /apis/entando.org/v1/namespaces/my-namespace/entandocompositeapps HTTP/1.1 and responded: HTTP/1.1 202 OK
Sep 29, 2020 7:33:31 AM okhttp3.mockwebserver.MockWebServer$3 processOneRequest
INFO: MockWebServer[34512] received request: GET /apis/entando.org/v1/namespaces/my-namespace/entandocompositeapps/my-comnposite-app HTTP/1.1 and responded: HTTP/1.1 200 OK
Sep 29, 2020 7:33:31 AM okhttp3.mockwebserver.MockWebServer$3 processOneRequest
INFO: MockWebServer[34512] received request: GET /apis/entando.org/v1/namespaces/my-namespace/entandocompositeapps/my-comnposite-app HTTP/1.1 and responded: HTTP/1.1 200 OK
Sep 29, 2020 7:33:31 AM okhttp3.mockwebserver.MockWebServer$3 processOneRequest
INFO: MockWebServer[34512] received request: PATCH /apis/entando.org/v1/namespaces/my-namespace/entandocompositeapps/my-comnposite-app HTTP/1.1 and responded: HTTP/1.1 202 OK
Sep 29, 2020 7:33:32 AM okhttp3.mockwebserver.MockWebServer$2 acceptConnections
INFO: MockWebServer[34512] done accepting connections: Socket closed
Sep 29, 2020 7:33:32 AM okhttp3.mockwebserver.MockWebServer$2 e**cute
INFO: MockWebServer[36033] starting to accept connections
Sep 29, 2020 7:33:32 AM okhttp3.mockwebserver.MockWebServer$3 processOneRequest
INFO: MockWebServer[36033] received request: GET /api/v1/namespaces/test HTTP/1.1 and responded: HTTP/1.1 404 Client Error
Sep 29, 2020 7:33:32 AM okhttp3.mockwebserver.MockWebServer$3 processOneRequest
INFO: MockWebServer[36033] received request: GET /apis/entando.org/v1/namespaces/default/entandocompositeapps HTTP/1.1 and responded: HTTP/1.1 200 OK
Sep 29, 2020 7:33:32 AM okhttp3.mockwebserver.MockWebServer$3 processOneRequest
INFO: MockWebServer[36033] received request: GET /api/v1/namespaces/test HTTP/1.1 and responded: HTTP/1.1 404 Client Error
Sep 29, 2020 7:33:32 AM okhttp3.mockwebserver.MockWebServer$3 processOneRequest
INFO: MockWebServer[36033] received request: GET /apis/entando.org/v1/namespaces/default/entandocompositeapps HTTP/1.1 and responded: HTTP/1.1 200 OK
Sep 29, 2020 7:33:32 AM okhttp3.mockwebserver.MockWebServer$3 processOneRequest
INFO: MockWebServer[36033] received request: GET /api/v1/namespaces/my-namespace HTTP/1.1 and responded: HTTP/1.1 404 Client Error
Sep 29, 2020 7:33:32 AM okhttp3.mockwebserver.MockWebServer$3 processOneRequest
INFO: MockWebServer[36033] received request: POST /api/v1/namespaces HTTP/1.1 and responded: HTTP/1.1 202 OK
Sep 29, 2020 7:33:32 AM okhttp3.mockwebserver.MockWebServer$2 acceptConnections
INFO: MockWebServer[36033] done accepting connections: Socket closed
[INFO] Tests run: 3, Failures: 0, Errors: 0, Skipped: 0, Time elapsed: 2.443 s - in org.entando.kubernetes.model.inprocesstest.EntandoCompositeAppMockedTest
[INFO] Running org.entando.kubernetes.model.inprocesstest.EntandoAppMockedTest
Sep 29, 2020 7:33:32 AM okhttp3.mockwebserver.MockWebServer$2 e**cute
INFO: MockWebServer[46114] starting to accept connections
Sep 29, 2020 7:33:32 AM okhttp3.mockwebserver.MockWebServer$3 processOneRequest
INFO: MockWebServer[46114] received request: GET /apis/apiextensions.k8s.io/v1beta1/customresourcedefinitions/entandoapps.entando.org HTTP/1.1 and responded: HTTP/1.1 404 Client Error
Sep 29, 2020 7:33:32 AM okhttp3.mockwebserver.MockWebServer$3 processOneRequest
INFO: MockWebServer[46114] received request: POST /apis/apiextensions.k8s.io/v1beta1/customresourcedefinitions HTTP/1.1 and responded: HTTP/1.1 202 OK
Sep 29, 2020 7:33:32 AM okhttp3.mockwebserver.MockWebServer$3 processOneRequest
INFO: MockWebServer[46114] received request: GET /api/v1/namespaces/test HTTP/1.1 and responded: HTTP/1.1 404 Client Error
Sep 29, 2020 7:33:32 AM okhttp3.mockwebserver.MockWebServer$3 processOneRequest
INFO: MockWebServer[46114] received request: GET /apis/entando.org/v1/namespaces/default/entandoapps HTTP/1.1 and responded: HTTP/1.1 200 OK
Sep 29, 2020 7:33:33 AM okhttp3.mockwebserver.MockWebServer$3 processOneRequest
INFO: MockWebServer[46114] received request: GET /api/v1/namespaces/test HTTP/1.1 and responded: HTTP/1.1 404 Client Error
Sep 29, 2020 7:33:33 AM okhttp3.mockwebserver.MockWebServer$3 processOneRequest
INFO: MockWebServer[46114] received request: GET /apis/entando.org/v1/namespaces/default/entandoapps HTTP/1.1 and responded: HTTP/1.1 200 OK
Sep 29, 2020 7:33:33 AM okhttp3.mockwebserver.MockWebServer$3 processOneRequest
INFO: MockWebServer[46114] received request: GET /api/v1/namespaces/entando-k8s-custom-model-cupr30 HTTP/1.1 and responded: HTTP/1.1 404 Client Error
Sep 29, 2020 7:33:33 AM okhttp3.mockwebserver.MockWebServer$3 processOneRequest
INFO: MockWebServer[46114] received request: POST /api/v1/namespaces HTTP/1.1 and responded: HTTP/1.1 202 OK
Sep 29, 2020 7:33:33 AM okhttp3.mockwebserver.MockWebServer$3 processOneRequest
INFO: MockWebServer[46114] received request: POST /apis/entando.org/v1/namespaces/entando-k8s-custom-model-cupr30/entandoapps HTTP/1.1 and responded: HTTP/1.1 202 OK
Sep 29, 2020 7:33:33 AM okhttp3.mockwebserver.MockWebServer$3 processOneRequest
INFO: MockWebServer[46114] received request: GET /apis/entando.org/v1/namespaces/entando-k8s-custom-model-cupr30/entandoapps/my-app HTTP/1.1 and responded: HTTP/1.1 200 OK
Sep 29, 2020 7:33:33 AM okhttp3.mockwebserver.MockWebServer$3 processOneRequest
INFO: MockWebServer[46114] received request: GET /apis/entando.org/v1/namespaces/entando-k8s-custom-model-cupr30/entandoapps/my-app HTTP/1.1 and responded: HTTP/1.1 200 OK
Sep 29, 2020 7:33:33 AM okhttp3.mockwebserver.MockWebServer$3 processOneRequest
INFO: MockWebServer[46114] received request: PATCH /apis/entando.org/v1/namespaces/entando-k8s-custom-model-cupr30/entandoapps/my-app HTTP/1.1 and responded: HTTP/1.1 202 OK
Sep 29, 2020 7:33:33 AM okhttp3.mockwebserver.MockWebServer$2 acceptConnections
INFO: MockWebServer[46114] done accepting connections: Socket closed
Sep 29, 2020 7:33:33 AM okhttp3.mockwebserver.MockWebServer$2 e**cute
INFO: MockWebServer[53911] starting to accept connections
Sep 29, 2020 7:33:33 AM okhttp3.mockwebserver.MockWebServer$3 processOneRequest
INFO: MockWebServer[53911] received request: GET /api/v1/namespaces/test HTTP/1.1 and responded: HTTP/1.1 404 Client Error
Sep 29, 2020 7:33:33 AM okhttp3.mockwebserver.MockWebServer$3 processOneRequest
INFO: MockWebServer[53911] received request: GET /apis/entando.org/v1/namespaces/default/entandoapps HTTP/1.1 and responded: HTTP/1.1 200 OK
Sep 29, 2020 7:33:33 AM okhttp3.mockwebserver.MockWebServer$3 processOneRequest
INFO: MockWebServer[53911] received request: GET /api/v1/namespaces/test HTTP/1.1 and responded: HTTP/1.1 404 Client Error
Sep 29, 2020 7:33:34 AM okhttp3.mockwebserver.MockWebServer$3 processOneRequest
INFO: MockWebServer[53911] received request: GET /apis/entando.org/v1/namespaces/default/entandoapps HTTP/1.1 and responded: HTTP/1.1 200 OK
Sep 29, 2020 7:33:34 AM okhttp3.mockwebserver.MockWebServer$3 processOneRequest
INFO: MockWebServer[53911] received request: GET /api/v1/namespaces/entando-k8s-custom-model-cupr30 HTTP/1.1 and responded: HTTP/1.1 404 Client Error
Sep 29, 2020 7:33:34 AM okhttp3.mockwebserver.MockWebServer$3 processOneRequest
INFO: MockWebServer[53911] received request: POST /api/v1/namespaces HTTP/1.1 and responded: HTTP/1.1 202 OK
Sep 29, 2020 7:33:34 AM okhttp3.mockwebserver.MockWebServer$3 processOneRequest
INFO: MockWebServer[53911] received request: POST /apis/entando.org/v1/namespaces/entando-k8s-custom-model-cupr30/entandoapps HTTP/1.1 and responded: HTTP/1.1 202 OK
Sep 29, 2020 7:33:34 AM okhttp3.mockwebserver.MockWebServer$3 processOneRequest
INFO: MockWebServer[53911] received request: GET /apis/entando.org/v1/namespaces/entando-k8s-custom-model-cupr30/entandoapps/my-app HTTP/1.1 and responded: HTTP/1.1 200 OK
Sep 29, 2020 7:33:34 AM okhttp3.mockwebserver.MockWebServer$2 acceptConnections
INFO: MockWebServer[53911] done accepting connections: Socket closed
Sep 29, 2020 7:33:34 AM okhttp3.mockwebserver.MockWebServer$2 e**cute
INFO: MockWebServer[54208] starting to accept connections
Sep 29, 2020 7:33:34 AM okhttp3.mockwebserver.MockWebServer$3 processOneRequest
INFO: MockWebServer[54208] received request: GET /api/v1/namespaces/test HTTP/1.1 and responded: HTTP/1.1 404 Client Error
Sep 29, 2020 7:33:34 AM okhttp3.mockwebserver.MockWebServer$3 processOneRequest
INFO: MockWebServer[54208] received request: GET /apis/entando.org/v1/namespaces/default/entandoapps HTTP/1.1 and responded: HTTP/1.1 200 OK
Sep 29, 2020 7:33:34 AM okhttp3.mockwebserver.MockWebServer$3 processOneRequest
INFO: MockWebServer[54208] received request: GET /api/v1/namespaces/test HTTP/1.1 and responded: HTTP/1.1 404 Client Error
Sep 29, 2020 7:33:34 AM okhttp3.mockwebserver.MockWebServer$3 processOneRequest
INFO: MockWebServer[54208] received request: GET /apis/entando.org/v1/namespaces/default/entandoapps HTTP/1.1 and responded: HTTP/1.1 200 OK
Sep 29, 2020 7:33:34 AM okhttp3.mockwebserver.MockWebServer$3 processOneRequest
INFO: MockWebServer[54208] received request: GET /api/v1/namespaces/entando-k8s-custom-model-cupr30 HTTP/1.1 and responded: HTTP/1.1 404 Client Error
Sep 29, 2020 7:33:34 AM okhttp3.mockwebserver.MockWebServer$3 processOneRequest
INFO: MockWebServer[54208] received request: POST /api/v1/namespaces HTTP/1.1 and responded: HTTP/1.1 202 OK
Sep 29, 2020 7:33:34 AM okhttp3.mockwebserver.MockWebServer$2 acceptConnections
INFO: MockWebServer[54208] done accepting connections: Socket closed
[INFO] Tests run: 3, Failures: 0, Errors: 0, Skipped: 0, Time elapsed: 2.328 s - in org.entando.kubernetes.model.inprocesstest.EntandoAppMockedTest
[INFO] Running org.entando.kubernetes.model.inprocesstest.EntandoDatabaseServiceMockedTest
Sep 29, 2020 7:33:34 AM okhttp3.mockwebserver.MockWebServer$2 e**cute
INFO: MockWebServer[45446] starting to accept connections
Sep 29, 2020 7:33:35 AM okhttp3.mockwebserver.MockWebServer$3 processOneRequest
INFO: MockWebServer[45446] received request: GET /apis/apiextensions.k8s.io/v1beta1/customresourcedefinitions/entandodatabaseservices.entando.org HTTP/1.1 and responded: HTTP/1.1 404 Client Error
Sep 29, 2020 7:33:35 AM okhttp3.mockwebserver.MockWebServer$3 processOneRequest
INFO: MockWebServer[45446] received request: POST /apis/apiextensions.k8s.io/v1beta1/customresourcedefinitions HTTP/1.1 and responded: HTTP/1.1 202 OK
Sep 29, 2020 7:33:35 AM okhttp3.mockwebserver.MockWebServer$3 processOneRequest
INFO: MockWebServer[45446] received request: GET /api/v1/namespaces/test HTTP/1.1 and responded: HTTP/1.1 404 Client Error
Sep 29, 2020 7:33:35 AM okhttp3.mockwebserver.MockWebServer$3 processOneRequest
INFO: MockWebServer[45446] received request: GET /apis/entando.org/v1/namespaces/default/entandodatabaseservices HTTP/1.1 and responded: HTTP/1.1 200 OK
Sep 29, 2020 7:33:35 AM okhttp3.mockwebserver.MockWebServer$3 processOneRequest
INFO: MockWebServer[45446] received request: GET /api/v1/namespaces/test HTTP/1.1 and responded: HTTP/1.1 404 Client Error
Sep 29, 2020 7:33:35 AM okhttp3.mockwebserver.MockWebServer$3 processOneRequest
INFO: MockWebServer[45446] received request: GET /apis/entando.org/v1/namespaces/default/entandodatabaseservices HTTP/1.1 and responded: HTTP/1.1 200 OK
Sep 29, 2020 7:33:35 AM okhttp3.mockwebserver.MockWebServer$3 processOneRequest
INFO: MockWebServer[45446] received request: GET /api/v1/namespaces/entando-k8s-custom-model-cupr30 HTTP/1.1 and responded: HTTP/1.1 404 Client Error
Sep 29, 2020 7:33:35 AM okhttp3.mockwebserver.MockWebServer$3 processOneRequest
INFO: MockWebServer[45446] received request: POST /api/v1/namespaces HTTP/1.1 and responded: HTTP/1.1 202 OK
Sep 29, 2020 7:33:35 AM okhttp3.mockwebserver.MockWebServer$3 processOneRequest
INFO: MockWebServer[45446] received request: POST /apis/entando.org/v1/namespaces/entando-k8s-custom-model-cupr30/entandodatabaseservices HTTP/1.1 and responded: HTTP/1.1 202 OK
Sep 29, 2020 7:33:35 AM okhttp3.mockwebserver.MockWebServer$3 processOneRequest
INFO: MockWebServer[45446] received request: GET /apis/entando.org/v1/namespaces/entando-k8s-custom-model-cupr30/entandodatabaseservices/my-external-database HTTP/1.1 and responded: HTTP/1.1 200 OK
Sep 29, 2020 7:33:35 AM okhttp3.mockwebserver.MockWebServer$2 acceptConnections
INFO: MockWebServer[45446] done accepting connections: Socket closed
Sep 29, 2020 7:33:35 AM okhttp3.mockwebserver.MockWebServer$2 e**cute
INFO: MockWebServer[45059] starting to accept connections
Sep 29, 2020 7:33:35 AM okhttp3.mockwebserver.MockWebServer$3 processOneRequest
INFO: MockWebServer[45059] received request: GET /api/v1/namespaces/test HTTP/1.1 and responded: HTTP/1.1 404 Client Error
Sep 29, 2020 7:33:36 AM okhttp3.mockwebserver.MockWebServer$3 processOneRequest
INFO: MockWebServer[45059] received request: GET /apis/entando.org/v1/namespaces/default/entandodatabaseservices HTTP/1.1 and responded: HTTP/1.1 200 OK
Sep 29, 2020 7:33:36 AM okhttp3.mockwebserver.MockWebServer$3 processOneRequest
INFO: MockWebServer[45059] received request: GET /api/v1/namespaces/test HTTP/1.1 and responded: HTTP/1.1 404 Client Error
Sep 29, 2020 7:33:36 AM okhttp3.mockwebserver.MockWebServer$3 processOneRequest
INFO: MockWebServer[45059] received request: GET /apis/entando.org/v1/namespaces/default/entandodatabaseservices HTTP/1.1 and responded: HTTP/1.1 200 OK
Sep 29, 2020 7:33:36 AM okhttp3.mockwebserver.MockWebServer$3 processOneRequest
INFO: MockWebServer[45059] received request: GET /api/v1/namespaces/entando-k8s-custom-model-cupr30 HTTP/1.1 and responded: HTTP/1.1 404 Client Error
Sep 29, 2020 7:33:36 AM okhttp3.mockwebserver.MockWebServer$3 processOneRequest
INFO: MockWebServer[45059] received request: POST /api/v1/namespaces HTTP/1.1 and responded: HTTP/1.1 202 OK
Sep 29, 2020 7:33:36 AM okhttp3.mockwebserver.MockWebServer$3 processOneRequest
INFO: MockWebServer[45059] received request: POST /apis/entando.org/v1/namespaces/entando-k8s-custom-model-cupr30/entandodatabaseservices HTTP/1.1 and responded: HTTP/1.1 202 OK
Sep 29, 2020 7:33:36 AM okhttp3.mockwebserver.MockWebServer$3 processOneRequest
INFO: MockWebServer[45059] received request: GET /apis/entando.org/v1/namespaces/entando-k8s-custom-model-cupr30/entandodatabaseservices/my-external-database HTTP/1.1 and responded: HTTP/1.1 200 OK
Sep 29, 2020 7:33:36 AM okhttp3.mockwebserver.MockWebServer$3 processOneRequest
INFO: MockWebServer[45059] received request: GET /apis/entando.org/v1/namespaces/entando-k8s-custom-model-cupr30/entandodatabaseservices/my-external-database HTTP/1.1 and responded: HTTP/1.1 200 OK
Sep 29, 2020 7:33:36 AM okhttp3.mockwebserver.MockWebServer$3 processOneRequest
INFO: MockWebServer[45059] received request: PATCH /apis/entando.org/v1/namespaces/entando-k8s-custom-model-cupr30/entandodatabaseservices/my-external-database HTTP/1.1 and responded: HTTP/1.1 202 OK
Sep 29, 2020 7:33:36 AM okhttp3.mockwebserver.MockWebServer$2 acceptConnections
INFO: MockWebServer[45059] done accepting connections: Socket closed
Sep 29, 2020 7:33:36 AM okhttp3.mockwebserver.MockWebServer$2 e**cute
INFO: MockWebServer[52061] starting to accept connections
Sep 29, 2020 7:33:36 AM okhttp3.mockwebserver.MockWebServer$3 processOneRequest
INFO: MockWebServer[52061] received request: GET /api/v1/namespaces/test HTTP/1.1 and responded: HTTP/1.1 404 Client Error
Sep 29, 2020 7:33:36 AM okhttp3.mockwebserver.MockWebServer$3 processOneRequest
INFO: MockWebServer[52061] received request: GET /apis/entando.org/v1/namespaces/default/entandodatabaseservices HTTP/1.1 and responded: HTTP/1.1 200 OK
Sep 29, 2020 7:33:37 AM okhttp3.mockwebserver.MockWebServer$3 processOneRequest
INFO: MockWebServer[52061] received request: GET /api/v1/namespaces/test HTTP/1.1 and responded: HTTP/1.1 404 Client Error
Sep 29, 2020 7:33:37 AM okhttp3.mockwebserver.MockWebServer$3 processOneRequest
INFO: MockWebServer[52061] received request: GET /apis/entando.org/v1/namespaces/default/entandodatabaseservices HTTP/1.1 and responded: HTTP/1.1 200 OK
Sep 29, 2020 7:33:37 AM okhttp3.mockwebserver.MockWebServer$3 processOneRequest
INFO: MockWebServer[52061] received request: GET /api/v1/namespaces/entando-k8s-custom-model-cupr30 HTTP/1.1 and responded: HTTP/1.1 404 Client Error
Sep 29, 2020 7:33:37 AM okhttp3.mockwebserver.MockWebServer$3 processOneRequest
INFO: MockWebServer[52061] received request: POST /api/v1/namespaces HTTP/1.1 and responded: HTTP/1.1 202 OK
Sep 29, 2020 7:33:37 AM okhttp3.mockwebserver.MockWebServer$2 acceptConnections
INFO: MockWebServer[52061] done accepting connections: Socket closed
[INFO] Tests run: 3, Failures: 0, Errors: 0, Skipped: 0, Time elapsed: 2.318 s - in org.entando.kubernetes.model.inprocesstest.EntandoDatabaseServiceMockedTest
[INFO] Running org.entando.kubernetes.model.interprocesstest.EntandoKeycloakServerIntegratedTest
[INFO] Tests run: 3, Failures: 0, Errors: 0, Skipped: 0, Time elapsed: 2.193 s - in org.entando.kubernetes.model.interprocesstest.EntandoKeycloakServerIntegratedTest
[INFO] Running org.entando.kubernetes.model.interprocesstest.EntandoAppPluginLinkIntegratedTest
[INFO] Tests run: 2, Failures: 0, Errors: 0, Skipped: 0, Time elapsed: 1.002 s - in org.entando.kubernetes.model.interprocesstest.EntandoAppPluginLinkIntegratedTest
[INFO] Running org.entando.kubernetes.model.interprocesstest.EntandoDatabaseServiceIntegratedTest
[INFO] Tests run: 2, Failures: 0, Errors: 0, Skipped: 0, Time elapsed: 0.767 s - in org.entando.kubernetes.model.interprocesstest.EntandoDatabaseServiceIntegratedTest
[INFO] Running org.entando.kubernetes.model.interprocesstest.EntandoPluginIntegratedTest
[INFO] Tests run: 2, Failures: 0, Errors: 0, Skipped: 0, Time elapsed: 0.862 s - in org.entando.kubernetes.model.interprocesstest.EntandoPluginIntegratedTest
[INFO] Running org.entando.kubernetes.model.interprocesstest.EntandoAppIntegratedTest
[INFO] Tests run: 2, Failures: 0, Errors: 0, Skipped: 0, Time elapsed: 0.833 s - in org.entando.kubernetes.model.interprocesstest.EntandoAppIntegratedTest
[INFO] Running org.entando.kubernetes.model.interprocesstest.EntandoDeBundleIntegratedTest
[INFO] Tests run: 2, Failures: 0, Errors: 0, Skipped: 0, Time elapsed: 0.773 s - in org.entando.kubernetes.model.interprocesstest.EntandoDeBundleIntegratedTest
[INFO] Running org.entando.kubernetes.model.interprocesstest.EntandoCompositeAppIntegratedTest
[INFO] Tests run: 2, Failures: 0, Errors: 0, Skipped: 0, Time elapsed: 0.747 s - in org.entando.kubernetes.model.interprocesstest.EntandoCompositeAppIntegratedTest
[INFO] Running org.entando.kubernetes.model.interprocesstest.EntandoClusterInfrastructureIntegratedTest
[INFO] Tests run: 3, Failures: 0, Errors: 0, Skipped: 0, Time elapsed: 1.468 s - in org.entando.kubernetes.model.interprocesstest.EntandoClusterInfrastructureIntegratedTest
[INFO] 
[INFO] Results:
[INFO] 
[INFO] Tests run: 43, Failures: 0, Errors: 0, Skipped: 0
[INFO] 
[INFO] 
[INFO] --- maven-jar-plugin:3.2.0:jar (default-jar) @ entando-k8s-custom-model ---
[INFO] Building jar: /workspace/source/target/entando-k8s-custom-model-0.0.0-SNAPSHOT-PR-30-1.jar
[INFO] 
[INFO] --- maven-jar-plugin:3.2.0:test-jar (build-test-jar) @ entando-k8s-custom-model ---
[INFO] Building jar: /workspace/source/target/entando-k8s-custom-model-0.0.0-SNAPSHOT-PR-30-1-tests.jar
[INFO] 
[INFO] --- maven-surefire-report-plugin:3.0.0-M4:failsafe-report-only (integration-tests) @ entando-k8s-custom-model ---
[INFO] 
[INFO] --- dependency-check-maven:5.3.2:aggregate (default) @ entando-k8s-custom-model ---
[INFO] 

Dependency-Check is an open source tool performing a best effort analysis of 3rd party dependencies; ***** positives and ***** negatives may exist in the analysis performed by the tool. Use of the tool and the reporting provided constitutes acceptance for use in an AS IS condition, and there are NO warranties, implied or otherwise, with regard to the analysis or its use. Any use of the tool and the reporting provided is at the user’s risk. In no event shall the copyright holder or OWASP be held liable for any damages whatsoever arising out of or in connection with the use of this tool, the analysis performed, or the resulting report.


[INFO] Analysis Started
[INFO] Finished Archive Analyzer (0 seconds)
[INFO] Finished File Name Analyzer (0 seconds)
[INFO] Finished Jar Analyzer (1 seconds)
[INFO] Finished Dependency Merging Analyzer (0 seconds)
[INFO] Finished Version Filter Analyzer (0 seconds)
[INFO] Finished Hint Analyzer (0 seconds)
[INFO] Created CPE Index (5 seconds)
[INFO] Finished CPE Analyzer (7 seconds)
[INFO] Finished False Positive Analyzer (0 seconds)
[INFO] Finished NVD CVE Analyzer (0 seconds)
[INFO] Finished Sonatype OSS Index Analyzer (1 seconds)
[INFO] Finished Vulnerability Suppression Analyzer (0 seconds)
[INFO] Finished Dependency Bundling Analyzer (0 seconds)
[INFO] Analysis Complete (12 seconds)
[WARNING] 

One or more dependencies were identified with known vulnerabilities in Entando Kubernetes Custom Model:

snakeyaml-1.23.jar (pkg:maven/org.yaml/snakeyaml@1.23, cpe:2.3:a:snakeyaml_project:snakeyaml:1.23:*:*:*:*:*:*:*) : CVE-2017-18640


See the dependency-check report for more details.


[INFO] 
[INFO] --- jacoco-maven-plugin:0.8.5:report (report) @ entando-k8s-custom-model ---
[INFO] Loading e**cution data file /workspace/source/target/jacoco.e**c
[INFO] Analyzed bundle 'Entando Kubernetes Custom Model' with 125 classes
[INFO] 
[INFO] --- maven-surefire-report-plugin:3.0.0-M4:report-only (unit-tests) @ entando-k8s-custom-model ---
[WARNING] Unable to locate Test Source XRef to link to - DISABLED
[INFO] 
[INFO] --- maven-install-plugin:2.4:install (default-install) @ entando-k8s-custom-model ---
[INFO] Installing /workspace/source/target/entando-k8s-custom-model-0.0.0-SNAPSHOT-PR-30-1.jar to /home/jenkins/.mvnrepository/org/entando/entando-k8s-custom-model/0.0.0-SNAPSHOT-PR-30-1/entando-k8s-custom-model-0.0.0-SNAPSHOT-PR-30-1.jar
[INFO] Installing /workspace/source/pom.xml to /home/jenkins/.mvnrepository/org/entando/entando-k8s-custom-model/0.0.0-SNAPSHOT-PR-30-1/entando-k8s-custom-model-0.0.0-SNAPSHOT-PR-30-1.pom
[INFO] Installing /workspace/source/target/entando-k8s-custom-model-0.0.0-SNAPSHOT-PR-30-1-tests.jar to /home/jenkins/.mvnrepository/org/entando/entando-k8s-custom-model/0.0.0-SNAPSHOT-PR-30-1/entando-k8s-custom-model-0.0.0-SNAPSHOT-PR-30-1-tests.jar
[INFO] 
[INFO] --- maven-site-plugin:3.9.0:site (default-site) @ entando-k8s-custom-model ---
[INFO] configuring report plugin org.apache.maven.plugins:maven-project-info-reports-plugin:3.0.0
[INFO] 9 reports configured for maven-project-info-reports-plugin:3.0.0: dependency-info, distribution-management, index, ci-management, issue-management, licenses, plugins, scm, summary
[INFO] Rendering site with default locale English (en)
[WARNING] Unable to find a URL to the parent project. The parent menu will NOT be added.
[INFO] Relativizing decoration links with respect to localized project URL: https://central.entando.com
[INFO] Rendering content with org.apache.maven.skins:maven-default-skin:jar:1.3 skin.
[INFO] Generating "Dependency Information" report --- maven-project-info-reports-plugin:3.0.0:dependency-info
[INFO] Generating "About" report         --- maven-project-info-reports-plugin:3.0.0:index
[INFO] Generating "Issue Management" report --- maven-project-info-reports-plugin:3.0.0:issue-management
[INFO] Generating "Licenses" report      --- maven-project-info-reports-plugin:3.0.0:licenses
[INFO] Generating "Plugins" report       --- maven-project-info-reports-plugin:3.0.0:plugins
[INFO] Generating "Source Code Management" report --- maven-project-info-reports-plugin:3.0.0:scm
[INFO] Generating "Summary" report       --- maven-project-info-reports-plugin:3.0.0:summary
[INFO] 
[INFO] ----------------< org.entando:entando-k8s-custom-model >----------------
[INFO] Building Entando Kubernetes Custom Model 0.0.0-SNAPSHOT-PR-30-1
[INFO] --------------------------------[ jar ]---------------------------------
[INFO] 
[INFO] --- sonar-maven-plugin:3.7.0.1746:sonar (default-cli) @ entando-k8s-custom-model ---
[INFO] User cache: /****/.sonar/cache
[INFO] SonarQube version: 8.0.0
[INFO] Default locale: "en", source code encoding: "UTF-8"
[INFO] Load global settings
[INFO] Load global settings (done) | time=236ms
[INFO] Server id: 1BD809FA-AWHW8ct9-T_TB3XqouNu
[INFO] User cache: /****/.sonar/cache
[INFO] Load/download plugins
[INFO] Load plugins index
[INFO] Load plugins index (done) | time=78ms
[INFO] Load/download plugins (done) | time=24088ms
[INFO] Loaded core extensions: developer-scanner
[INFO] Process project properties
[INFO] E**cute project builders
[INFO] E**cute project builders (done) | time=2ms
[INFO] Project key: entando-k8s_entando-k8s-custom-model
[INFO] Base dir: /workspace/source
[INFO] Working dir: /workspace/source/target/sonar
[INFO] Load project settings for component key: 'entando-k8s_entando-k8s-custom-model'
[INFO] Load project settings for component key: 'entando-k8s_entando-k8s-custom-model' (done) | time=188ms
[INFO] Load project branches
[INFO] Load project branches (done) | time=28ms
[INFO] Check ALM binding of project 'entando-k8s_entando-k8s-custom-model'
[INFO] Detected project binding: BOUND
[INFO] Check ALM binding of project 'entando-k8s_entando-k8s-custom-model' (done) | time=24ms
[INFO] Load project pull requests
[INFO] Load project pull requests (done) | time=32ms
[INFO] Load branch configuration
[INFO] Load branch configuration (done) | time=801ms
[INFO] Load quality profiles
[INFO] Load quality profiles (done) | time=73ms
[INFO] Load active rules
[INFO] Load active rules (done) | time=1637ms
[INFO] Organization key: entando-k8s
[INFO] Pull request 30 for merge into master from ENG-1301_single_host_quickstart
[INFO] SCM collecting changed files in the branch
[WARNING] Exception caught during e**cution of command '[git, config, --******, --edit]' in '/usr/local/git/bin', return code '128', error message 'fatal: Invalid path '/usr/local/git/etc': No such file or directory
'
[INFO] SCM collecting changed files in the branch (done) | time=309ms
[INFO] Indexing files...
[INFO] Project configuration:
[INFO] 141 files inde**d
[INFO] 0 files ignored because of scm ignore settings
[INFO] Quality profile for java: Sonar way
[INFO] Quality profile for xml: Sonar way
[INFO] ------------- Run sensors on module Entando Kubernetes Custom Model
[INFO] Load metrics repository
[INFO] Load metrics repository (done) | time=41ms
WARNING: An illegal reflective access operation has occurred
WARNING: Illegal reflective access by net.sf.cglib.core.ReflectUtils$1 (file:/****/.sonar/cache/a89f1943fc75b65becd9fb4ecab8d913/sonar-tsql-plugin.jar) to method java.lang.ClassLoader.defineClass(java.lang.String,byte[],int,int,java.security.ProtectionDomain)
WARNING: Please consider reporting this to the maintainers of net.sf.cglib.core.ReflectUtils$1
WARNING: Use --illegal-access=warn to enable warnings of further illegal reflective access operations
WARNING: All illegal access operations will be denied in a future release
[INFO] Sensor JavaSquidSensor [java]
[INFO] Configured Java source version (sonar.java.source): 8
[INFO] JavaClasspath initialization
[INFO] JavaClasspath initialization (done) | time=20ms
[INFO] JavaTestClasspath initialization
[INFO] JavaTestClasspath initialization (done) | time=2ms
[INFO] Java Main Files AST scan
[INFO] 112 source files to be analyzed
[INFO] 62/112 files analyzed, current file: src/main/java/org/entando/kubernetes/model/debundle/EntandoDeBundleDetailsBuilder.java
[INFO] 112/112 source files have been analyzed
[INFO] Java Main Files AST scan (done) | time=13873ms
[INFO] Java Test Files AST scan
[INFO] 28 source files to be analyzed
[INFO] Java Test Files AST scan (done) | time=1501ms
[INFO] 28/28 source files have been analyzed
[INFO] Java Generated Files AST scan
[INFO] 0 source files to be analyzed
[INFO] Java Generated Files AST scan (done) | time=1ms
[INFO] 0/0 source files have been analyzed
[INFO] Sensor JavaSquidSensor [java] (done) | time=15604ms
[INFO] Sensor SonarCSS Rules [cssfamily]
[INFO] No CSS, PHP, HTML or VueJS files are found in the project. CSS analysis is skipped.
[INFO] Sensor SonarCSS Rules [cssfamily] (done) | time=2ms
[INFO] Sensor Import of Checkstyle issues [java]
[INFO] Importing /workspace/source/target/checkstyle-result.xml
[INFO] Sensor Import of Checkstyle issues [java] (done) | time=78ms
[INFO] Sensor SurefireSensor [java]
[INFO] parsing [/workspace/source/target/surefire-reports]
[INFO] Sensor SurefireSensor [java] (done) | time=75ms
[INFO] Sensor JavaXmlSensor [java]
[INFO] 1 source files to be analyzed
[INFO] Sensor JavaXmlSensor [java] (done) | time=216ms
[INFO] 1/1 source files have been analyzed
[INFO] Sensor HTML [web]
[INFO] Sensor HTML [web] (done) | time=5ms
[INFO] Sensor XML Sensor [xml]
[INFO] 1 source files to be analyzed
[INFO] Sensor XML Sensor [xml] (done) | time=169ms
[INFO] Sensor JaCoCo XML Report Importer [jacoco]
[INFO] Importing 1 report(s). Turn your logs in debug mode in order to see the exhaustive list.
[INFO] 1/1 source files have been analyzed
[INFO] Sensor JaCoCo XML Report Importer [jacoco] (done) | time=95ms
[INFO] Sensor ThymeLeaf template sensor [securityjavafrontend]
[INFO] Sensor ThymeLeaf template sensor [securityjavafrontend] (done) | time=4ms
[INFO] Sensor JavaSecuritySensor [security]
[INFO] Reading type hierarchy from: /workspace/source/target/sonar/ucfg2/java
[INFO] Read 278 type definitions
[INFO] Reading UCFGs from: /workspace/source/target/sonar/ucfg2/java
[INFO] 07:35:24.877202 Building Type propagation graph
[INFO] 07:35:24.919442 Running Tarjan on 2130 nodes
[INFO] 07:35:24.929707 Tarjan found 2028 components
[INFO] 07:35:24.942845 Variable type analysis: done
[INFO] 07:35:24.949607 Building Type propagation graph
[INFO] 07:35:24.971076 Running Tarjan on 2130 nodes
[INFO] 07:35:24.974036 Tarjan found 2028 components
[INFO] 07:35:24.980028 Variable type analysis: done
[INFO] Analyzing 605 ucfgs to detect vulnerabilities.
[INFO] All rules entrypoints : 0 Retained UCFGs : 0
[INFO] rule: S5131, entrypoints: 0
[INFO] rule: S5131 done
[INFO] rule: S3649, entrypoints: 0
[INFO] rule: S3649 done
[INFO] rule: S2076, entrypoints: 0
[INFO] rule: S2076 done
[INFO] rule: S2091, entrypoints: 0
[INFO] rule: S2091 done
[INFO] rule: S2078, entrypoints: 0
[INFO] rule: S2078 done
[INFO] rule: S2631, entrypoints: 0
[INFO] rule: S2631 done
[INFO] rule: S5135, entrypoints: 0
[INFO] rule: S5135 done
[INFO] rule: S2083, entrypoints: 0
[INFO] rule: S2083 done
[INFO] rule: S5167, entrypoints: 0
[INFO] rule: S5167 done
[INFO] rule: S5144, entrypoints: 0
[INFO] rule: S5144 done
[INFO] rule: S5145, entrypoints: 0
[INFO] rule: S5145 done
[INFO] rule: S5146, entrypoints: 0
[INFO] rule: S5146 done
[INFO] rule: S5334, entrypoints: 0
[INFO] rule: S5334 done
[INFO] Sensor JavaSecuritySensor [security] (done) | time=1469ms
[INFO] Sensor CSharpSecuritySensor [security]
[INFO] Reading type hierarchy from: /workspace/source/target/ucfg_cs2
[INFO] Read 0 type definitions
[INFO] Reading UCFGs from: /workspace/source/target/ucfg_cs2
[INFO] No UCFGs have been included for analysis.
[INFO] Sensor CSharpSecuritySensor [security] (done) | time=1ms
[INFO] Sensor PhpSecuritySensor [security]
[INFO] Reading type hierarchy from: /workspace/source/target/sonar/ucfg2/php
[INFO] Read 0 type definitions
[INFO] Reading UCFGs from: /workspace/source/target/sonar/ucfg2/php
[INFO] No UCFGs have been included for analysis.
[INFO] Sensor PhpSecuritySensor [security] (done) | time=1ms
[INFO] Sensor PythonSecuritySensor [security]
[INFO] Reading type hierarchy from: /workspace/source/target/sonar/ucfg2/python
[INFO] Read 0 type definitions
[INFO] Reading UCFGs from: /workspace/source/target/sonar/ucfg2/python
[INFO] No UCFGs have been included for analysis.
[INFO] Sensor PythonSecuritySensor [security] (done) | time=1ms
[INFO] ------------- Run sensors on project
[INFO] Sensor Zero Coverage Sensor
[INFO] Sensor Zero Coverage Sensor (done) | time=1ms
[INFO] Sensor Java CPD Block Inde**r
[INFO] Sensor Java CPD Block Inde**r (done) | time=133ms
[INFO] CPD E**cutor 43 files had no CPD blocks
[INFO] CPD E**cutor Calculating CPD for 69 files
[INFO] CPD E**cutor CPD calculation finished (done) | time=62ms
[INFO] SCM writing changed lines
[INFO] SCM writing changed lines (done) | time=8ms
[INFO] Analysis report generated in 200ms, dir size=226 KB
[INFO] Analysis report compressed in 139ms, zip size=127 KB
[INFO] Analysis report uploaded in 92ms
[INFO] ANALYSIS SUCCESSFUL, you can find the results at: https://sonarcloud.io/dashboard?id=entando-k8s_entando-k8s-custom-model&pullRequest=30
[INFO] Note that you will be able to access the updated dashboard once the server has processed the submitted analysis report
[INFO] More about the report processing at https://sonarcloud.io/api/ce/task?id=AXTYyaCtDn558Qv6pSVP
[INFO] Analysis total time: 28.316 s
[INFO] ------------------------------------------------------------------------
[INFO] BUILD SUCCESS
[INFO] ------------------------------------------------------------------------
[INFO] Total time:  02:50 min
[INFO] Finished at: 2020-09-29T07:35:26Z
[INFO] ------------------------------------------------------------------------
shallow cloning https://github.com/entando-k8s/devops-results.git branch gh-pages
ran git init in /tmp/jenkins-x-collect151909004
ran git add remote origin https://github.com/entando-k8s/devops-results.git in /tmp/jenkins-x-collect151909004
ran git fetch origin --depth=1 gh-pages in dir /tmp/jenkins-x-collect151909004
Publishing https://raw.githubusercontent.com/entando-k8s/devops-results/gh-pages/entando-k8s-custom-model/PR-30/checkstyle.html
Publishing https://raw.githubusercontent.com/entando-k8s/devops-results/gh-pages/entando-k8s-custom-model/PR-30/checkstyle.rss
Publishing https://raw.githubusercontent.com/entando-k8s/devops-results/gh-pages/entando-k8s-custom-model/PR-30/css/maven-base.css
Publishing https://raw.githubusercontent.com/entando-k8s/devops-results/gh-pages/entando-k8s-custom-model/PR-30/css/maven-theme.css
Publishing https://raw.githubusercontent.com/entando-k8s/devops-results/gh-pages/entando-k8s-custom-model/PR-30/css/print.css
Publishing https://raw.githubusercontent.com/entando-k8s/devops-results/gh-pages/entando-k8s-custom-model/PR-30/css/site.css
Publishing https://raw.githubusercontent.com/entando-k8s/devops-results/gh-pages/entando-k8s-custom-model/PR-30/dependency-check-junit.xml
Publishing https://raw.githubusercontent.com/entando-k8s/devops-results/gh-pages/entando-k8s-custom-model/PR-30/dependency-check-report.html
Publishing https://raw.githubusercontent.com/entando-k8s/devops-results/gh-pages/entando-k8s-custom-model/PR-30/dependency-check-report.xml
Publishing https://raw.githubusercontent.com/entando-k8s/devops-results/gh-pages/entando-k8s-custom-model/PR-30/dependency-info.html
Publishing https://raw.githubusercontent.com/entando-k8s/devops-results/gh-pages/entando-k8s-custom-model/PR-30/images/collapsed.gif
Publishing https://raw.githubusercontent.com/entando-k8s/devops-results/gh-pages/entando-k8s-custom-model/PR-30/images/expanded.gif
Publishing https://raw.githubusercontent.com/entando-k8s/devops-results/gh-pages/entando-k8s-custom-model/PR-30/images/external.png
Publishing https://raw.githubusercontent.com/entando-k8s/devops-results/gh-pages/entando-k8s-custom-model/PR-30/images/icon_error_sml.gif
Publishing https://raw.githubusercontent.com/entando-k8s/devops-results/gh-pages/entando-k8s-custom-model/PR-30/images/icon_info_sml.gif
Publishing https://raw.githubusercontent.com/entando-k8s/devops-results/gh-pages/entando-k8s-custom-model/PR-30/images/icon_success_sml.gif
Publishing https://raw.githubusercontent.com/entando-k8s/devops-results/gh-pages/entando-k8s-custom-model/PR-30/images/icon_warning_sml.gif
Publishing https://raw.githubusercontent.com/entando-k8s/devops-results/gh-pages/entando-k8s-custom-model/PR-30/images/logos/build-by-maven-black.png
Publishing https://raw.githubusercontent.com/entando-k8s/devops-results/gh-pages/entando-k8s-custom-model/PR-30/images/logos/build-by-maven-white.png
Publishing https://raw.githubusercontent.com/entando-k8s/devops-results/gh-pages/entando-k8s-custom-model/PR-30/images/logos/maven-feather.png
Publishing https://raw.githubusercontent.com/entando-k8s/devops-results/gh-pages/entando-k8s-custom-model/PR-30/images/newwindow.png
Publishing https://raw.githubusercontent.com/entando-k8s/devops-results/gh-pages/entando-k8s-custom-model/PR-30/images/rss.png
Publishing https://raw.githubusercontent.com/entando-k8s/devops-results/gh-pages/entando-k8s-custom-model/PR-30/index.html
Publishing https://raw.githubusercontent.com/entando-k8s/devops-results/gh-pages/entando-k8s-custom-model/PR-30/issue-management.html
Publishing https://raw.githubusercontent.com/entando-k8s/devops-results/gh-pages/entando-k8s-custom-model/PR-30/jacoco/index.html
Publishing https://raw.githubusercontent.com/entando-k8s/devops-results/gh-pages/entando-k8s-custom-model/PR-30/jacoco/jacoco-resources/branchfc.gif
Publishing https://raw.githubusercontent.com/entando-k8s/devops-results/gh-pages/entando-k8s-custom-model/PR-30/jacoco/jacoco-resources/branchnc.gif
Publishing https://raw.githubusercontent.com/entando-k8s/devops-results/gh-pages/entando-k8s-custom-model/PR-30/jacoco/jacoco-resources/branchpc.gif
Publishing https://raw.githubusercontent.com/entando-k8s/devops-results/gh-pages/entando-k8s-custom-model/PR-30/jacoco/jacoco-resources/bundle.gif
Publishing https://raw.githubusercontent.com/entando-k8s/devops-results/gh-pages/entando-k8s-custom-model/PR-30/jacoco/jacoco-resources/class.gif
Publishing https://raw.githubusercontent.com/entando-k8s/devops-results/gh-pages/entando-k8s-custom-model/PR-30/jacoco/jacoco-resources/down.gif
Publishing https://raw.githubusercontent.com/entando-k8s/devops-results/gh-pages/entando-k8s-custom-model/PR-30/jacoco/jacoco-resources/greenbar.gif
Publishing https://raw.githubusercontent.com/entando-k8s/devops-results/gh-pages/entando-k8s-custom-model/PR-30/jacoco/jacoco-resources/group.gif
Publishing https://raw.githubusercontent.com/entando-k8s/devops-results/gh-pages/entando-k8s-custom-model/PR-30/jacoco/jacoco-resources/method.gif
Publishing https://raw.githubusercontent.com/entando-k8s/devops-results/gh-pages/entando-k8s-custom-model/PR-30/jacoco/jacoco-resources/package.gif
Publishing https://raw.githubusercontent.com/entando-k8s/devops-results/gh-pages/entando-k8s-custom-model/PR-30/jacoco/jacoco-resources/prettify.css
Publishing https://raw.githubusercontent.com/entando-k8s/devops-results/gh-pages/entando-k8s-custom-model/PR-30/jacoco/jacoco-resources/prettify.js
Publishing https://raw.githubusercontent.com/entando-k8s/devops-results/gh-pages/entando-k8s-custom-model/PR-30/jacoco/jacoco-resources/redbar.gif
Publishing https://raw.githubusercontent.com/entando-k8s/devops-results/gh-pages/entando-k8s-custom-model/PR-30/jacoco/jacoco-resources/report.css
Publishing https://raw.githubusercontent.com/entando-k8s/devops-results/gh-pages/entando-k8s-custom-model/PR-30/jacoco/jacoco-resources/report.gif
Publishing https://raw.githubusercontent.com/entando-k8s/devops-results/gh-pages/entando-k8s-custom-model/PR-30/jacoco/jacoco-resources/session.gif
Publishing https://raw.githubusercontent.com/entando-k8s/devops-results/gh-pages/entando-k8s-custom-model/PR-30/jacoco/jacoco-resources/sort.gif
Publishing https://raw.githubusercontent.com/entando-k8s/devops-results/gh-pages/entando-k8s-custom-model/PR-30/jacoco/jacoco-resources/sort.js
Publishing https://raw.githubusercontent.com/entando-k8s/devops-results/gh-pages/entando-k8s-custom-model/PR-30/jacoco/jacoco-resources/source.gif
Publishing https://raw.githubusercontent.com/entando-k8s/devops-results/gh-pages/entando-k8s-custom-model/PR-30/jacoco/jacoco-resources/up.gif
Publishing https://raw.githubusercontent.com/entando-k8s/devops-results/gh-pages/entando-k8s-custom-model/PR-30/jacoco/jacoco-sessions.html
Publishing https://raw.githubusercontent.com/entando-k8s/devops-results/gh-pages/entando-k8s-custom-model/PR-30/jacoco/jacoco.csv
Publishing https://raw.githubusercontent.com/entando-k8s/devops-results/gh-pages/entando-k8s-custom-model/PR-30/jacoco/jacoco.xml
Publishing https://raw.githubusercontent.com/entando-k8s/devops-results/gh-pages/entando-k8s-custom-model/PR-30/jacoco/org.entando.kubernetes.model/AbstractServerStatus.html
Publishing https://raw.githubusercontent.com/entando-k8s/devops-results/gh-pages/entando-k8s-custom-model/PR-30/jacoco/org.entando.kubernetes.model/AbstractServerStatus.java.html
Publishing https://raw.githubusercontent.com/entando-k8s/devops-results/gh-pages/entando-k8s-custom-model/PR-30/jacoco/org.entando.kubernetes.model/Coalescence.html
Publishing https://raw.githubusercontent.com/entando-k8s/devops-results/gh-pages/entando-k8s-custom-model/PR-30/jacoco/org.entando.kubernetes.model/Coalescence.java.html
Publishing https://raw.githubusercontent.com/entando-k8s/devops-results/gh-pages/entando-k8s-custom-model/PR-30/jacoco/org.entando.kubernetes.model/DbServerStatus.html
Publishing https://raw.githubusercontent.com/entando-k8s/devops-results/gh-pages/entando-k8s-custom-model/PR-30/jacoco/org.entando.kubernetes.model/DbServerStatus.java.html
Publishing https://raw.githubusercontent.com/entando-k8s/devops-results/gh-pages/entando-k8s-custom-model/PR-30/jacoco/org.entando.kubernetes.model/DbmsVendor.html
Publishing https://raw.githubusercontent.com/entando-k8s/devops-results/gh-pages/entando-k8s-custom-model/PR-30/jacoco/org.entando.kubernetes.model/DbmsVendor.java.html
Publishing https://raw.githubusercontent.com/entando-k8s/devops-results/gh-pages/entando-k8s-custom-model/PR-30/jacoco/org.entando.kubernetes.model/EntandoBaseCustomResource.html
Publishing https://raw.githubusercontent.com/entando-k8s/devops-results/gh-pages/entando-k8s-custom-model/PR-30/jacoco/org.entando.kubernetes.model/EntandoBaseCustomResource.java.html
Publishing https://raw.githubusercontent.com/entando-k8s/devops-results/gh-pages/entando-k8s-custom-model/PR-30/jacoco/org.entando.kubernetes.model/EntandoBaseFluent.html
Publishing https://raw.githubusercontent.com/entando-k8s/devops-results/gh-pages/entando-k8s-custom-model/PR-30/jacoco/org.entando.kubernetes.model/EntandoBaseFluent.java.html
Publishing https://raw.githubusercontent.com/entando-k8s/devops-results/gh-pages/entando-k8s-custom-model/PR-30/jacoco/org.entando.kubernetes.model/EntandoControllerFailure.html
Publishing https://raw.githubusercontent.com/entando-k8s/devops-results/gh-pages/entando-k8s-custom-model/PR-30/jacoco/org.entando.kubernetes.model/EntandoControllerFailure.java.html
Publishing https://raw.githubusercontent.com/entando-k8s/devops-results/gh-pages/entando-k8s-custom-model/PR-30/jacoco/org.entando.kubernetes.model/EntandoControllerFailureBuilder.html
Publishing https://raw.githubusercontent.com/entando-k8s/devops-results/gh-pages/entando-k8s-custom-model/PR-30/jacoco/org.entando.kubernetes.model/EntandoControllerFailureBuilder.java.html
Publishing https://raw.githubusercontent.com/entando-k8s/devops-results/gh-pages/entando-k8s-custom-model/PR-30/jacoco/org.entando.kubernetes.model/EntandoCustomResourceResolver.html
Publishing https://raw.githubusercontent.com/entando-k8s/devops-results/gh-pages/entando-k8s-custom-model/PR-30/jacoco/org.entando.kubernetes.model/EntandoCustomResourceResolver.java.html
Publishing https://raw.githubusercontent.com/entando-k8s/devops-results/gh-pages/entando-k8s-custom-model/PR-30/jacoco/org.entando.kubernetes.model/EntandoCustomResourceStatus.html
Publishing https://raw.githubusercontent.com/entando-k8s/devops-results/gh-pages/entando-k8s-custom-model/PR-30/jacoco/org.entando.kubernetes.model/EntandoCustomResourceStatus.java.html
Publishing https://raw.githubusercontent.com/entando-k8s/devops-results/gh-pages/entando-k8s-custom-model/PR-30/jacoco/org.entando.kubernetes.model/EntandoDeploymentPhase.html
Publishing https://raw.githubusercontent.com/entando-k8s/devops-results/gh-pages/entando-k8s-custom-model/PR-30/jacoco/org.entando.kubernetes.model/EntandoDeploymentPhase.java.html
Publishing https://raw.githubusercontent.com/entando-k8s/devops-results/gh-pages/entando-k8s-custom-model/PR-30/jacoco/org.entando.kubernetes.model/EntandoDeploymentSpec.html
Publishing https://raw.githubusercontent.com/entando-k8s/devops-results/gh-pages/entando-k8s-custom-model/PR-30/jacoco/org.entando.kubernetes.model/EntandoDeploymentSpec.java.html
Publishing https://raw.githubusercontent.com/entando-k8s/devops-results/gh-pages/entando-k8s-custom-model/PR-30/jacoco/org.entando.kubernetes.model/EntandoDeploymentSpecBuilder$EntandoResourceRequirementsNested.html
Publishing https://raw.githubusercontent.com/entando-k8s/devops-results/gh-pages/entando-k8s-custom-model/PR-30/jacoco/org.entando.kubernetes.model/EntandoDeploymentSpecBuilder.html
Publishing https://raw.githubusercontent.com/entando-k8s/devops-results/gh-pages/entando-k8s-custom-model/PR-30/jacoco/org.entando.kubernetes.model/EntandoDeploymentSpecBuilder.java.html
Publishing https://raw.githubusercontent.com/entando-k8s/devops-results/gh-pages/entando-k8s-custom-model/PR-30/jacoco/org.entando.kubernetes.model/EntandoResourceOperationsRegistry.html
Publishing https://raw.githubusercontent.com/entando-k8s/devops-results/gh-pages/entando-k8s-custom-model/PR-30/jacoco/org.entando.kubernetes.model/EntandoResourceOperationsRegistry.java.html
Publishing https://raw.githubusercontent.com/entando-k8s/devops-results/gh-pages/entando-k8s-custom-model/PR-30/jacoco/org.entando.kubernetes.model/EntandoResourceRequirements.html
Publishing https://raw.githubusercontent.com/entando-k8s/devops-results/gh-pages/entando-k8s-custom-model/PR-30/jacoco/org.entando.kubernetes.model/EntandoResourceRequirements.java.html
Publishing https://raw.githubusercontent.com/entando-k8s/devops-results/gh-pages/entando-k8s-custom-model/PR-30/jacoco/org.entando.kubernetes.model/EntandoResourceRequirementsBuilder.html
Publishing https://raw.githubusercontent.com/entando-k8s/devops-results/gh-pages/entando-k8s-custom-model/PR-30/jacoco/org.entando.kubernetes.model/EntandoResourceRequirementsBuilder.java.html
Publishing https://raw.githubusercontent.com/entando-k8s/devops-results/gh-pages/entando-k8s-custom-model/PR-30/jacoco/org.entando.kubernetes.model/EntandoResourceRequirementsFluent.html
Publishing https://raw.githubusercontent.com/entando-k8s/devops-results/gh-pages/entando-k8s-custom-model/PR-30/jacoco/org.entando.kubernetes.model/EntandoResourceRequirementsFluent.java.html
Publishing https://raw.githubusercontent.com/entando-k8s/devops-results/gh-pages/entando-k8s-custom-model/PR-30/jacoco/org.entando.kubernetes.model/JeeServer.html
Publishing https://raw.githubusercontent.com/entando-k8s/devops-results/gh-pages/entando-k8s-custom-model/PR-30/jacoco/org.entando.kubernetes.model/JeeServer.java.html
Publishing https://raw.githubusercontent.com/entando-k8s/devops-results/gh-pages/entando-k8s-custom-model/PR-30/jacoco/org.entando.kubernetes.model/MetadataNestedImpl.html
Publishing https://raw.githubusercontent.com/entando-k8s/devops-results/gh-pages/entando-k8s-custom-model/PR-30/jacoco/org.entando.kubernetes.model/MetadataNestedImpl.java.html
Publishing https://raw.githubusercontent.com/entando-k8s/devops-results/gh-pages/entando-k8s-custom-model/PR-30/jacoco/org.entando.kubernetes.model/SampleWriter.html
Publishing https://raw.githubusercontent.com/entando-k8s/devops-results/gh-pages/entando-k8s-custom-model/PR-30/jacoco/org.entando.kubernetes.model/SampleWriter.java.html
Publishing https://raw.githubusercontent.com/entando-k8s/devops-results/gh-pages/entando-k8s-custom-model/PR-30/jacoco/org.entando.kubernetes.model/SpecHasIngress.html
Publishing https://raw.githubusercontent.com/entando-k8s/devops-results/gh-pages/entando-k8s-custom-model/PR-30/jacoco/org.entando.kubernetes.model/SpecHasIngress.java.html
Publishing https://raw.githubusercontent.com/entando-k8s/devops-results/gh-pages/entando-k8s-custom-model/PR-30/jacoco/org.entando.kubernetes.model/WebServerStatus.html
Publishing https://raw.githubusercontent.com/entando-k8s/devops-results/gh-pages/entando-k8s-custom-model/PR-30/jacoco/org.entando.kubernetes.model/WebServerStatus.java.html
Publishing https://raw.githubusercontent.com/entando-k8s/devops-results/gh-pages/entando-k8s-custom-model/PR-30/jacoco/org.entando.kubernetes.model/index.html
Publishing https://raw.githubusercontent.com/entando-k8s/devops-results/gh-pages/entando-k8s-custom-model/PR-30/jacoco/org.entando.kubernetes.model/index.source.html
Publishing https://raw.githubusercontent.com/entando-k8s/devops-results/gh-pages/entando-k8s-custom-model/PR-30/jacoco/org.entando.kubernetes.model.app/DoneableEntandoApp.html
Publishing https://raw.githubusercontent.com/entando-k8s/devops-results/gh-pages/entando-k8s-custom-model/PR-30/jacoco/org.entando.kubernetes.model.app/DoneableEntandoApp.java.html
Publishing https://raw.githubusercontent.com/entando-k8s/devops-results/gh-pages/entando-k8s-custom-model/PR-30/jacoco/org.entando.kubernetes.model.app/EntandoApp.html
Publishing https://raw.githubusercontent.com/entando-k8s/devops-results/gh-pages/entando-k8s-custom-model/PR-30/jacoco/org.entando.kubernetes.model.app/EntandoApp.java.html
Publishing https://raw.githubusercontent.com/entando-k8s/devops-results/gh-pages/entando-k8s-custom-model/PR-30/jacoco/org.entando.kubernetes.model.app/EntandoAppBuilder.html
Publishing https://raw.githubusercontent.com/entando-k8s/devops-results/gh-pages/entando-k8s-custom-model/PR-30/jacoco/org.entando.kubernetes.model.app/EntandoAppBuilder.java.html
Publishing https://raw.githubusercontent.com/entando-k8s/devops-results/gh-pages/entando-k8s-custom-model/PR-30/jacoco/org.entando.kubernetes.model.app/EntandoAppFluent$NestedEntandoAppSpecFluent.html
Publishing https://raw.githubusercontent.com/entando-k8s/devops-results/gh-pages/entando-k8s-custom-model/PR-30/jacoco/org.entando.kubernetes.model.app/EntandoAppFluent.html
Publishing https://raw.githubusercontent.com/entando-k8s/devops-results/gh-pages/entando-k8s-custom-model/PR-30/jacoco/org.entando.kubernetes.model.app/EntandoAppFluent.java.html
Publishing https://raw.githubusercontent.com/entando-k8s/devops-results/gh-pages/entando-k8s-custom-model/PR-30/jacoco/org.entando.kubernetes.model.app/EntandoAppList.html
Publishing https://raw.githubusercontent.com/entando-k8s/devops-results/gh-pages/entando-k8s-custom-model/PR-30/jacoco/org.entando.kubernetes.model.app/EntandoAppList.java.html
Publishing https://raw.githubusercontent.com/entando-k8s/devops-results/gh-pages/entando-k8s-custom-model/PR-30/jacoco/org.entando.kubernetes.model.app/EntandoAppOperationFactory.html
Publishing https://raw.githubusercontent.com/entando-k8s/devops-results/gh-pages/entando-k8s-custom-model/PR-30/jacoco/org.entando.kubernetes.model.app/EntandoAppOperationFactory.java.html
Publishing https://raw.githubusercontent.com/entando-k8s/devops-results/gh-pages/entando-k8s-custom-model/PR-30/jacoco/org.entando.kubernetes.model.app/EntandoAppSpec.html
Publishing https://raw.githubusercontent.com/entando-k8s/devops-results/gh-pages/entando-k8s-custom-model/PR-30/jacoco/org.entando.kubernetes.model.app/EntandoAppSpec.java.html
Publishing https://raw.githubusercontent.com/entando-k8s/devops-results/gh-pages/entando-k8s-custom-model/PR-30/jacoco/org.entando.kubernetes.model.app/EntandoAppSpecBuilder.html
Publishing https://raw.githubusercontent.com/entando-k8s/devops-results/gh-pages/entando-k8s-custom-model/PR-30/jacoco/org.entando.kubernetes.model.app/EntandoAppSpecBuilder.java.html
Publishing https://raw.githubusercontent.com/entando-k8s/devops-results/gh-pages/entando-k8s-custom-model/PR-30/jacoco/org.entando.kubernetes.model.app/EntandoAppSpecFluent$GitSpecBuilderNested.html
Publishing https://raw.githubusercontent.com/entando-k8s/devops-results/gh-pages/entando-k8s-custom-model/PR-30/jacoco/org.entando.kubernetes.model.app/EntandoAppSpecFluent.html
Publishing https://raw.githubusercontent.com/entando-k8s/devops-results/gh-pages/entando-k8s-custom-model/PR-30/jacoco/org.entando.kubernetes.model.app/EntandoAppSpecFluent.java.html
Publishing https://raw.githubusercontent.com/entando-k8s/devops-results/gh-pages/entando-k8s-custom-model/PR-30/jacoco/org.entando.kubernetes.model.app/index.html
Publishing https://raw.githubusercontent.com/entando-k8s/devops-results/gh-pages/entando-k8s-custom-model/PR-30/jacoco/org.entando.kubernetes.model.app/index.source.html
Publishing https://raw.githubusercontent.com/entando-k8s/devops-results/gh-pages/entando-k8s-custom-model/PR-30/jacoco/org.entando.kubernetes.model.compositeapp/DoneableEntandoCompositeApp.html
Publishing https://raw.githubusercontent.com/entando-k8s/devops-results/gh-pages/entando-k8s-custom-model/PR-30/jacoco/org.entando.kubernetes.model.compositeapp/DoneableEntandoCompositeApp.java.html
Publishing https://raw.githubusercontent.com/entando-k8s/devops-results/gh-pages/entando-k8s-custom-model/PR-30/jacoco/org.entando.kubernetes.model.compositeapp/EntandoCompositeApp.html
Publishing https://raw.githubusercontent.com/entando-k8s/devops-results/gh-pages/entando-k8s-custom-model/PR-30/jacoco/org.entando.kubernetes.model.compositeapp/EntandoCompositeApp.java.html
Publishing https://raw.githubusercontent.com/entando-k8s/devops-results/gh-pages/entando-k8s-custom-model/PR-30/jacoco/org.entando.kubernetes.model.compositeapp/EntandoCompositeAppBuilder.html
Publishing https://raw.githubusercontent.com/entando-k8s/devops-results/gh-pages/entando-k8s-custom-model/PR-30/jacoco/org.entando.kubernetes.model.compositeapp/EntandoCompositeAppBuilder.java.html
Publishing https://raw.githubusercontent.com/entando-k8s/devops-results/gh-pages/entando-k8s-custom-model/PR-30/jacoco/org.entando.kubernetes.model.compositeapp/EntandoCompositeAppFluent$NestedEntandoCompositeAppFluent.html
Publishing https://raw.githubusercontent.com/entando-k8s/devops-results/gh-pages/entando-k8s-custom-model/PR-30/jacoco/org.entando.kubernetes.model.compositeapp/EntandoCompositeAppFluent.html
Publishing https://raw.githubusercontent.com/entando-k8s/devops-results/gh-pages/entando-k8s-custom-model/PR-30/jacoco/org.entando.kubernetes.model.compositeapp/EntandoCompositeAppFluent.java.html
Publishing https://raw.githubusercontent.com/entando-k8s/devops-results/gh-pages/entando-k8s-custom-model/PR-30/jacoco/org.entando.kubernetes.model.compositeapp/EntandoCompositeAppList.html
Publishing https://raw.githubusercontent.com/entando-k8s/devops-results/gh-pages/entando-k8s-custom-model/PR-30/jacoco/org.entando.kubernetes.model.compositeapp/EntandoCompositeAppList.java.html
Publishing https://raw.githubusercontent.com/entando-k8s/devops-results/gh-pages/entando-k8s-custom-model/PR-30/jacoco/org.entando.kubernetes.model.compositeapp/EntandoCompositeAppOperationFactory.html
Publishing https://raw.githubusercontent.com/entando-k8s/devops-results/gh-pages/entando-k8s-custom-model/PR-30/jacoco/org.entando.kubernetes.model.compositeapp/EntandoCompositeAppOperationFactory.java.html
Publishing https://raw.githubusercontent.com/entando-k8s/devops-results/gh-pages/entando-k8s-custom-model/PR-30/jacoco/org.entando.kubernetes.model.compositeapp/EntandoCompositeAppSpec.html
Publishing https://raw.githubusercontent.com/entando-k8s/devops-results/gh-pages/entando-k8s-custom-model/PR-30/jacoco/org.entando.kubernetes.model.compositeapp/EntandoCompositeAppSpec.java.html
Publishing https://raw.githubusercontent.com/entando-k8s/devops-results/gh-pages/entando-k8s-custom-model/PR-30/jacoco/org.entando.kubernetes.model.compositeapp/EntandoCompositeAppSpecBuilder.html
Publishing https://raw.githubusercontent.com/entando-k8s/devops-results/gh-pages/entando-k8s-custom-model/PR-30/jacoco/org.entando.kubernetes.model.compositeapp/EntandoCompositeAppSpecBuilder.java.html
Publishing https://raw.githubusercontent.com/entando-k8s/devops-results/gh-pages/entando-k8s-custom-model/PR-30/jacoco/org.entando.kubernetes.model.compositeapp/EntandoCompositeAppSpecFluent$EntandoAppNested.html
Publishing https://raw.githubusercontent.com/entando-k8s/devops-results/gh-pages/entando-k8s-custom-model/PR-30/jacoco/org.entando.kubernetes.model.compositeapp/EntandoCompositeAppSpecFluent$EntandoAppPluginLinkNested.html
Publishing https://raw.githubusercontent.com/entando-k8s/devops-results/gh-pages/entando-k8s-custom-model/PR-30/jacoco/org.entando.kubernetes.model.compositeapp/EntandoCompositeAppSpecFluent$EntandoClusterInfrastructureNested.html
Publishing https://raw.githubusercontent.com/entando-k8s/devops-results/gh-pages/entando-k8s-custom-model/PR-30/jacoco/org.entando.kubernetes.model.compositeapp/EntandoCompositeAppSpecFluent$EntandoDatabaseServiceNested.html
Publishing https://raw.githubusercontent.com/entando-k8s/devops-results/gh-pages/entando-k8s-custom-model/PR-30/jacoco/org.entando.kubernetes.model.compositeapp/EntandoCompositeAppSpecFluent$EntandoKeycloakServerNested.html
Publishing https://raw.githubusercontent.com/entando-k8s/devops-results/gh-pages/entando-k8s-custom-model/PR-30/jacoco/org.entando.kubernetes.model.compositeapp/EntandoCompositeAppSpecFluent$EntandoPluginNested.html
Publishing https://raw.githubusercontent.com/entando-k8s/devops-results/gh-pages/entando-k8s-custom-model/PR-30/jacoco/org.entando.kubernetes.model.compositeapp/EntandoCompositeAppSpecFluent.html
Publishing https://raw.githubusercontent.com/entando-k8s/devops-results/gh-pages/entando-k8s-custom-model/PR-30/jacoco/org.entando.kubernetes.model.compositeapp/EntandoCompositeAppSpecFluent.java.html
Publishing https://raw.githubusercontent.com/entando-k8s/devops-results/gh-pages/entando-k8s-custom-model/PR-30/jacoco/org.entando.kubernetes.model.compositeapp/index.html
Publishing https://raw.githubusercontent.com/entando-k8s/devops-results/gh-pages/entando-k8s-custom-model/PR-30/jacoco/org.entando.kubernetes.model.compositeapp/index.source.html
Publishing https://raw.githubusercontent.com/entando-k8s/devops-results/gh-pages/entando-k8s-custom-model/PR-30/jacoco/org.entando.kubernetes.model.debundle/DoneableEntandoDeBundle.html
Publishing https://raw.githubusercontent.com/entando-k8s/devops-results/gh-pages/entando-k8s-custom-model/PR-30/jacoco/org.entando.kubernetes.model.debundle/DoneableEntandoDeBundle.java.html
Publishing https://raw.githubusercontent.com/entando-k8s/devops-results/gh-pages/entando-k8s-custom-model/PR-30/jacoco/org.entando.kubernetes.model.debundle/EntandoDeBundle.html
Publishing https://raw.githubusercontent.com/entando-k8s/devops-results/gh-pages/entando-k8s-custom-model/PR-30/jacoco/org.entando.kubernetes.model.debundle/EntandoDeBundle.java.html
Publishing https://raw.githubusercontent.com/entando-k8s/devops-results/gh-pages/entando-k8s-custom-model/PR-30/jacoco/org.entando.kubernetes.model.debundle/EntandoDeBundleBuilder.html
Publishing https://raw.githubusercontent.com/entando-k8s/devops-results/gh-pages/entando-k8s-custom-model/PR-30/jacoco/org.entando.kubernetes.model.debundle/EntandoDeBundleBuilder.java.html
Publishing https://raw.githubusercontent.com/entando-k8s/devops-results/gh-pages/entando-k8s-custom-model/PR-30/jacoco/org.entando.kubernetes.model.debundle/EntandoDeBundleDetails.html
Publishing https://raw.githubusercontent.com/entando-k8s/devops-results/gh-pages/entando-k8s-custom-model/PR-30/jacoco/org.entando.kubernetes.model.debundle/EntandoDeBundleDetails.java.html
Publishing https://raw.githubusercontent.com/entando-k8s/devops-results/gh-pages/entando-k8s-custom-model/PR-30/jacoco/org.entando.kubernetes.model.debundle/EntandoDeBundleDetailsBuilder.html
Publishing https://raw.githubusercontent.com/entando-k8s/devops-results/gh-pages/entando-k8s-custom-model/PR-30/jacoco/org.entando.kubernetes.model.debundle/EntandoDeBundleDetailsBuilder.java.html
Publishing https://raw.githubusercontent.com/entando-k8s/devops-results/gh-pages/entando-k8s-custom-model/PR-30/jacoco/org.entando.kubernetes.model.debundle/EntandoDeBundleDetailsFluent.html
Publishing https://raw.githubusercontent.com/entando-k8s/devops-results/gh-pages/entando-k8s-custom-model/PR-30/jacoco/org.entando.kubernetes.model.debundle/EntandoDeBundleDetailsFluent.java.html
Publishing https://raw.githubusercontent.com/entando-k8s/devops-results/gh-pages/entando-k8s-custom-model/PR-30/jacoco/org.entando.kubernetes.model.debundle/EntandoDeBundleFluent$SpecNestedImpl.html
Publishing https://raw.githubusercontent.com/entando-k8s/devops-results/gh-pages/entando-k8s-custom-model/PR-30/jacoco/org.entando.kubernetes.model.debundle/EntandoDeBundleFluent.html
Publishing https://raw.githubusercontent.com/entando-k8s/devops-results/gh-pages/entando-k8s-custom-model/PR-30/jacoco/org.entando.kubernetes.model.debundle/EntandoDeBundleFluent.java.html
Publishing https://raw.githubusercontent.com/entando-k8s/devops-results/gh-pages/entando-k8s-custom-model/PR-30/jacoco/org.entando.kubernetes.model.debundle/EntandoDeBundleList.html
Publishing https://raw.githubusercontent.com/entando-k8s/devops-results/gh-pages/entando-k8s-custom-model/PR-30/jacoco/org.entando.kubernetes.model.debundle/EntandoDeBundleList.java.html
Publishing https://raw.githubusercontent.com/entando-k8s/devops-results/gh-pages/entando-k8s-custom-model/PR-30/jacoco/org.entando.kubernetes.model.debundle/EntandoDeBundleOperationFactory.html
Publishing https://raw.githubusercontent.com/entando-k8s/devops-results/gh-pages/entando-k8s-custom-model/PR-30/jacoco/org.entando.kubernetes.model.debundle/EntandoDeBundleOperationFactory.java.html
Publishing https://raw.githubusercontent.com/entando-k8s/devops-results/gh-pages/entando-k8s-custom-model/PR-30/jacoco/org.entando.kubernetes.model.debundle/EntandoDeBundleSpec.html
Publishing https://raw.githubusercontent.com/entando-k8s/devops-results/gh-pages/entando-k8s-custom-model/PR-30/jacoco/org.entando.kubernetes.model.debundle/EntandoDeBundleSpec.java.html
Publishing https://raw.githubusercontent.com/entando-k8s/devops-results/gh-pages/entando-k8s-custom-model/PR-30/jacoco/org.entando.kubernetes.model.debundle/EntandoDeBundleSpecBuilder.html
Publishing https://raw.githubusercontent.com/entando-k8s/devops-results/gh-pages/entando-k8s-custom-model/PR-30/jacoco/org.entando.kubernetes.model.debundle/EntandoDeBundleSpecBuilder.java.html
Publishing https://raw.githubusercontent.com/entando-k8s/devops-results/gh-pages/entando-k8s-custom-model/PR-30/jacoco/org.entando.kubernetes.model.debundle/EntandoDeBundleSpecFluent$DetailsNested.html
Publishing https://raw.githubusercontent.com/entando-k8s/devops-results/gh-pages/entando-k8s-custom-model/PR-30/jacoco/org.entando.kubernetes.model.debundle/EntandoDeBundleSpecFluent$TagNested.html
Publishing https://raw.githubusercontent.com/entando-k8s/devops-results/gh-pages/entando-k8s-custom-model/PR-30/jacoco/org.entando.kubernetes.model.debundle/EntandoDeBundleSpecFluent.html
Publishing https://raw.githubusercontent.com/entando-k8s/devops-results/gh-pages/entando-k8s-custom-model/PR-30/jacoco/org.entando.kubernetes.model.debundle/EntandoDeBundleSpecFluent.java.html
Publishing https://raw.githubusercontent.com/entando-k8s/devops-results/gh-pages/entando-k8s-custom-model/PR-30/jacoco/org.entando.kubernetes.model.debundle/EntandoDeBundleTag.html
Publishing https://raw.githubusercontent.com/entando-k8s/devops-results/gh-pages/entando-k8s-custom-model/PR-30/jacoco/org.entando.kubernetes.model.debundle/EntandoDeBundleTag.java.html
Publishing https://raw.githubusercontent.com/entando-k8s/devops-results/gh-pages/entando-k8s-custom-model/PR-30/jacoco/org.entando.kubernetes.model.debundle/EntandoDeBundleTagBuilder.html
Publishing https://raw.githubusercontent.com/entando-k8s/devops-results/gh-pages/entando-k8s-custom-model/PR-30/jacoco/org.entando.kubernetes.model.debundle/EntandoDeBundleTagBuilder.java.html
Publishing https://raw.githubusercontent.com/entando-k8s/devops-results/gh-pages/entando-k8s-custom-model/PR-30/jacoco/org.entando.kubernetes.model.debundle/EntandoDeBundleTagFluent.html
Publishing https://raw.githubusercontent.com/entando-k8s/devops-results/gh-pages/entando-k8s-custom-model/PR-30/jacoco/org.entando.kubernetes.model.debundle/EntandoDeBundleTagFluent.java.html
Publishing https://raw.githubusercontent.com/entando-k8s/devops-results/gh-pages/entando-k8s-custom-model/PR-30/jacoco/org.entando.kubernetes.model.debundle/index.html
Publishing https://raw.githubusercontent.com/entando-k8s/devops-results/gh-pages/entando-k8s-custom-model/PR-30/jacoco/org.entando.kubernetes.model.debundle/index.source.html
Publishing https://raw.githubusercontent.com/entando-k8s/devops-results/gh-pages/entando-k8s-custom-model/PR-30/jacoco/org.entando.kubernetes.model.externaldatabase/DoneableEntandoDatabaseService.html
Publishing https://raw.githubusercontent.com/entando-k8s/devops-results/gh-pages/entando-k8s-custom-model/PR-30/jacoco/org.entando.kubernetes.model.externaldatabase/DoneableEntandoDatabaseService.java.html
Publishing https://raw.githubusercontent.com/entando-k8s/devops-results/gh-pages/entando-k8s-custom-model/PR-30/jacoco/org.entando.kubernetes.model.externaldatabase/EntandoDatabaseService.html
Publishing https://raw.githubusercontent.com/entando-k8s/devops-results/gh-pages/entando-k8s-custom-model/PR-30/jacoco/org.entando.kubernetes.model.externaldatabase/EntandoDatabaseService.java.html
Publishing https://raw.githubusercontent.com/entando-k8s/devops-results/gh-pages/entando-k8s-custom-model/PR-30/jacoco/org.entando.kubernetes.model.externaldatabase/EntandoDatabaseServiceBuilder.html
Publishing https://raw.githubusercontent.com/entando-k8s/devops-results/gh-pages/entando-k8s-custom-model/PR-30/jacoco/org.entando.kubernetes.model.externaldatabase/EntandoDatabaseServiceBuilder.java.html
Publishing https://raw.githubusercontent.com/entando-k8s/devops-results/gh-pages/entando-k8s-custom-model/PR-30/jacoco/org.entando.kubernetes.model.externaldatabase/EntandoDatabaseServiceFluent$SpecNestedImpl.html
Publishing https://raw.githubusercontent.com/entando-k8s/devops-results/gh-pages/entando-k8s-custom-model/PR-30/jacoco/org.entando.kubernetes.model.externaldatabase/EntandoDatabaseServiceFluent.html
Publishing https://raw.githubusercontent.com/entando-k8s/devops-results/gh-pages/entando-k8s-custom-model/PR-30/jacoco/org.entando.kubernetes.model.externaldatabase/EntandoDatabaseServiceFluent.java.html
Publishing https://raw.githubusercontent.com/entando-k8s/devops-results/gh-pages/entando-k8s-custom-model/PR-30/jacoco/org.entando.kubernetes.model.externaldatabase/EntandoDatabaseServiceList.html
Publishing https://raw.githubusercontent.com/entando-k8s/devops-results/gh-pages/entando-k8s-custom-model/PR-30/jacoco/org.entando.kubernetes.model.externaldatabase/EntandoDatabaseServiceList.java.html
Publishing https://raw.githubusercontent.com/entando-k8s/devops-results/gh-pages/entando-k8s-custom-model/PR-30/jacoco/org.entando.kubernetes.model.externaldatabase/EntandoDatabaseServiceOperationFactory.html
Publishing https://raw.githubusercontent.com/entando-k8s/devops-results/gh-pages/entando-k8s-custom-model/PR-30/jacoco/org.entando.kubernetes.model.externaldatabase/EntandoDatabaseServiceOperationFactory.java.html
Publishing https://raw.githubusercontent.com/entando-k8s/devops-results/gh-pages/entando-k8s-custom-model/PR-30/jacoco/org.entando.kubernetes.model.externaldatabase/EntandoDatabaseServiceSpec.html
Publishing https://raw.githubusercontent.com/entando-k8s/devops-results/gh-pages/entando-k8s-custom-model/PR-30/jacoco/org.entando.kubernetes.model.externaldatabase/EntandoDatabaseServiceSpec.java.html
Publishing https://raw.githubusercontent.com/entando-k8s/devops-results/gh-pages/entando-k8s-custom-model/PR-30/jacoco/org.entando.kubernetes.model.externaldatabase/EntandoDatabaseServiceSpecBuilder.html
Publishing https://raw.githubusercontent.com/entando-k8s/devops-results/gh-pages/entando-k8s-custom-model/PR-30/jacoco/org.entando.kubernetes.model.externaldatabase/EntandoDatabaseServiceSpecBuilder.java.html
Publishing https://raw.githubusercontent.com/entando-k8s/devops-results/gh-pages/entando-k8s-custom-model/PR-30/jacoco/org.entando.kubernetes.model.externaldatabase/EntandoDatabaseServiceSpecFluent.html
Publishing https://raw.githubusercontent.com/entando-k8s/devops-results/gh-pages/entando-k8s-custom-model/PR-30/jacoco/org.entando.kubernetes.model.externaldatabase/EntandoDatabaseServiceSpecFluent.java.html
Publishing https://raw.githubusercontent.com/entando-k8s/devops-results/gh-pages/entando-k8s-custom-model/PR-30/jacoco/org.entando.kubernetes.model.externaldatabase/index.html
Publishing https://raw.githubusercontent.com/entando-k8s/devops-results/gh-pages/entando-k8s-custom-model/PR-30/jacoco/org.entando.kubernetes.model.externaldatabase/index.source.html
Publishing https://raw.githubusercontent.com/entando-k8s/devops-results/gh-pages/entando-k8s-custom-model/PR-30/jacoco/org.entando.kubernetes.model.gitspec/GitResponsibility.html
Publishing https://raw.githubusercontent.com/entando-k8s/devops-results/gh-pages/entando-k8s-custom-model/PR-30/jacoco/org.entando.kubernetes.model.gitspec/GitResponsibility.java.html
Publishing https://raw.githubusercontent.com/entando-k8s/devops-results/gh-pages/entando-k8s-custom-model/PR-30/jacoco/org.entando.kubernetes.model.gitspec/GitSpec.html
Publishing https://raw.githubusercontent.com/entando-k8s/devops-results/gh-pages/entando-k8s-custom-model/PR-30/jacoco/org.entando.kubernetes.model.gitspec/GitSpec.java.html
Publishing https://raw.githubusercontent.com/entando-k8s/devops-results/gh-pages/entando-k8s-custom-model/PR-30/jacoco/org.entando.kubernetes.model.gitspec/GitSpecBuilder.html
Publishing https://raw.githubusercontent.com/entando-k8s/devops-results/gh-pages/entando-k8s-custom-model/PR-30/jacoco/org.entando.kubernetes.model.gitspec/GitSpecBuilder.java.html
Publishing https://raw.githubusercontent.com/entando-k8s/devops-results/gh-pages/entando-k8s-custom-model/PR-30/jacoco/org.entando.kubernetes.model.gitspec/GitSpecFluent.html
Publishing https://raw.githubusercontent.com/entando-k8s/devops-results/gh-pages/entando-k8s-custom-model/PR-30/jacoco/org.entando.kubernetes.model.gitspec/GitSpecFluent.java.html
Publishing https://raw.githubusercontent.com/entando-k8s/devops-results/gh-pages/entando-k8s-custom-model/PR-30/jacoco/org.entando.kubernetes.model.gitspec/index.html
Publishing https://raw.githubusercontent.com/entando-k8s/devops-results/gh-pages/entando-k8s-custom-model/PR-30/jacoco/org.entando.kubernetes.model.gitspec/index.source.html
Publishing https://raw.githubusercontent.com/entando-k8s/devops-results/gh-pages/entando-k8s-custom-model/PR-30/jacoco/org.entando.kubernetes.model.infrastructure/DoneableEntandoClusterInfrastructure.html
Publishing https://raw.githubusercontent.com/entando-k8s/devops-results/gh-pages/entando-k8s-custom-model/PR-30/jacoco/org.entando.kubernetes.model.infrastructure/DoneableEntandoClusterInfrastructure.java.html
Publishing https://raw.githubusercontent.com/entando-k8s/devops-results/gh-pages/entando-k8s-custom-model/PR-30/jacoco/org.entando.kubernetes.model.infrastructure/EntandoClusterInfrastructure.html
Publishing https://raw.githubusercontent.com/entando-k8s/devops-results/gh-pages/entando-k8s-custom-model/PR-30/jacoco/org.entando.kubernetes.model.infrastructure/EntandoClusterInfrastructure.java.html
Publishing https://raw.githubusercontent.com/entando-k8s/devops-results/gh-pages/entando-k8s-custom-model/PR-30/jacoco/org.entando.kubernetes.model.infrastructure/EntandoClusterInfrastructureBuilder.html
Publishing https://raw.githubusercontent.com/entando-k8s/devops-results/gh-pages/entando-k8s-custom-model/PR-30/jacoco/org.entando.kubernetes.model.infrastructure/EntandoClusterInfrastructureBuilder.java.html
Publishing https://raw.githubusercontent.com/entando-k8s/devops-results/gh-pages/entando-k8s-custom-model/PR-30/jacoco/org.entando.kubernetes.model.infrastructure/EntandoClusterInfrastructureFluent$SpecNestedImplCluster.html
Publishing https://raw.githubusercontent.com/entando-k8s/devops-results/gh-pages/entando-k8s-custom-model/PR-30/jacoco/org.entando.kubernetes.model.infrastructure/EntandoClusterInfrastructureFluent.html
Publishing https://raw.githubusercontent.com/entando-k8s/devops-results/gh-pages/entando-k8s-custom-model/PR-30/jacoco/org.entando.kubernetes.model.infrastructure/EntandoClusterInfrastructureFluent.java.html
Publishing https://raw.githubusercontent.com/entando-k8s/devops-results/gh-pages/entando-k8s-custom-model/PR-30/jacoco/org.entando.kubernetes.model.infrastructure/EntandoClusterInfrastructureList.html
Publishing https://raw.githubusercontent.com/entando-k8s/devops-results/gh-pages/entando-k8s-custom-model/PR-30/jacoco/org.entando.kubernetes.model.infrastructure/EntandoClusterInfrastructureList.java.html
Publishing https://raw.githubusercontent.com/entando-k8s/devops-results/gh-pages/entando-k8s-custom-model/PR-30/jacoco/org.entando.kubernetes.model.infrastructure/EntandoClusterInfrastructureOperationFactory.html
Publishing https://raw.githubusercontent.com/entando-k8s/devops-results/gh-pages/entando-k8s-custom-model/PR-30/jacoco/org.entando.kubernetes.model.infrastructure/EntandoClusterInfrastructureOperationFactory.java.html
Publishing https://raw.githubusercontent.com/entando-k8s/devops-results/gh-pages/entando-k8s-custom-model/PR-30/jacoco/org.entando.kubernetes.model.infrastructure/EntandoClusterInfrastructureSpec.html
Publishing https://raw.githubusercontent.com/entando-k8s/devops-results/gh-pages/entando-k8s-custom-model/PR-30/jacoco/org.entando.kubernetes.model.infrastructure/EntandoClusterInfrastructureSpec.java.html
Publishing https://raw.githubusercontent.com/entando-k8s/devops-results/gh-pages/entando-k8s-custom-model/PR-30/jacoco/org.entando.kubernetes.model.infrastructure/EntandoClusterInfrastructureSpecBuilder.html
Publishing https://raw.githubusercontent.com/entando-k8s/devops-results/gh-pages/entando-k8s-custom-model/PR-30/jacoco/org.entando.kubernetes.model.infrastructure/EntandoClusterInfrastructureSpecBuilder.java.html
Publishing https://raw.githubusercontent.com/entando-k8s/devops-results/gh-pages/entando-k8s-custom-model/PR-30/jacoco/org.entando.kubernetes.model.infrastructure/EntandoClusterInfrastructureSpecFluent.html
Publishing https://raw.githubusercontent.com/entando-k8s/devops-results/gh-pages/entando-k8s-custom-model/PR-30/jacoco/org.entando.kubernetes.model.infrastructure/EntandoClusterInfrastructureSpecFluent.java.html
Publishing https://raw.githubusercontent.com/entando-k8s/devops-results/gh-pages/entando-k8s-custom-model/PR-30/jacoco/org.entando.kubernetes.model.infrastructure/index.html
Publishing https://raw.githubusercontent.com/entando-k8s/devops-results/gh-pages/entando-k8s-custom-model/PR-30/jacoco/org.entando.kubernetes.model.infrastructure/index.source.html
Publishing https://raw.githubusercontent.com/entando-k8s/devops-results/gh-pages/entando-k8s-custom-model/PR-30/jacoco/org.entando.kubernetes.model.keycloakserver/DoneableEntandoKeycloakServer.html
Publishing https://raw.githubusercontent.com/entando-k8s/devops-results/gh-pages/entando-k8s-custom-model/PR-30/jacoco/org.entando.kubernetes.model.keycloakserver/DoneableEntandoKeycloakServer.java.html
Publishing https://raw.githubusercontent.com/entando-k8s/devops-results/gh-pages/entando-k8s-custom-model/PR-30/jacoco/org.entando.kubernetes.model.keycloakserver/EntandoKeycloakServer.html
Publishing https://raw.githubusercontent.com/entando-k8s/devops-results/gh-pages/entando-k8s-custom-model/PR-30/jacoco/org.entando.kubernetes.model.keycloakserver/EntandoKeycloakServer.java.html
Publishing https://raw.githubusercontent.com/entando-k8s/devops-results/gh-pages/entando-k8s-custom-model/PR-30/jacoco/org.entando.kubernetes.model.keycloakserver/EntandoKeycloakServerBuilder.html
Publishing https://raw.githubusercontent.com/entando-k8s/devops-results/gh-pages/entando-k8s-custom-model/PR-30/jacoco/org.entando.kubernetes.model.keycloakserver/EntandoKeycloakServerBuilder.java.html
Publishing https://raw.githubusercontent.com/entando-k8s/devops-results/gh-pages/entando-k8s-custom-model/PR-30/jacoco/org.entando.kubernetes.model.keycloakserver/EntandoKeycloakServerFluent$NestedEntandoKeycloakServerFluent.html
Publishing https://raw.githubusercontent.com/entando-k8s/devops-results/gh-pages/entando-k8s-custom-model/PR-30/jacoco/org.entando.kubernetes.model.keycloakserver/EntandoKeycloakServerFluent.html
Publishing https://raw.githubusercontent.com/entando-k8s/devops-results/gh-pages/entando-k8s-custom-model/PR-30/jacoco/org.entando.kubernetes.model.keycloakserver/EntandoKeycloakServerFluent.java.html
Publishing https://raw.githubusercontent.com/entando-k8s/devops-results/gh-pages/entando-k8s-custom-model/PR-30/jacoco/org.entando.kubernetes.model.keycloakserver/EntandoKeycloakServerList.html
Publishing https://raw.githubusercontent.com/entando-k8s/devops-results/gh-pages/entando-k8s-custom-model/PR-30/jacoco/org.entando.kubernetes.model.keycloakserver/EntandoKeycloakServerList.java.html
Publishing https://raw.githubusercontent.com/entando-k8s/devops-results/gh-pages/entando-k8s-custom-model/PR-30/jacoco/org.entando.kubernetes.model.keycloakserver/EntandoKeycloakServerOperationFactory.html
Publishing https://raw.githubusercontent.com/entando-k8s/devops-results/gh-pages/entando-k8s-custom-model/PR-30/jacoco/org.entando.kubernetes.model.keycloakserver/EntandoKeycloakServerOperationFactory.java.html
Publishing https://raw.githubusercontent.com/entando-k8s/devops-results/gh-pages/entando-k8s-custom-model/PR-30/jacoco/org.entando.kubernetes.model.keycloakserver/EntandoKeycloakServerSpec.html
Publishing https://raw.githubusercontent.com/entando-k8s/devops-results/gh-pages/entando-k8s-custom-model/PR-30/jacoco/org.entando.kubernetes.model.keycloakserver/EntandoKeycloakServerSpec.java.html
Publishing https://raw.githubusercontent.com/entando-k8s/devops-results/gh-pages/entando-k8s-custom-model/PR-30/jacoco/org.entando.kubernetes.model.keycloakserver/EntandoKeycloakServerSpecBuilder.html
Publishing https://raw.githubusercontent.com/entando-k8s/devops-results/gh-pages/entando-k8s-custom-model/PR-30/jacoco/org.entando.kubernetes.model.keycloakserver/EntandoKeycloakServerSpecBuilder.java.html
Publishing https://raw.githubusercontent.com/entando-k8s/devops-results/gh-pages/entando-k8s-custom-model/PR-30/jacoco/org.entando.kubernetes.model.keycloakserver/EntandoKeycloakServerSpecFluent.html
Publishing https://raw.githubusercontent.com/entando-k8s/devops-results/gh-pages/entando-k8s-custom-model/PR-30/jacoco/org.entando.kubernetes.model.keycloakserver/EntandoKeycloakServerSpecFluent.java.html
Publishing https://raw.githubusercontent.com/entando-k8s/devops-results/gh-pages/entando-k8s-custom-model/PR-30/jacoco/org.entando.kubernetes.model.keycloakserver/index.html
Publishing https://raw.githubusercontent.com/entando-k8s/devops-results/gh-pages/entando-k8s-custom-model/PR-30/jacoco/org.entando.kubernetes.model.keycloakserver/index.source.html
Publishing https://raw.githubusercontent.com/entando-k8s/devops-results/gh-pages/entando-k8s-custom-model/PR-30/jacoco/org.entando.kubernetes.model.link/DoneableEntandoAppPluginLink.html
Publishing https://raw.githubusercontent.com/entando-k8s/devops-results/gh-pages/entando-k8s-custom-model/PR-30/jacoco/org.entando.kubernetes.model.link/DoneableEntandoAppPluginLink.java.html
Publishing https://raw.githubusercontent.com/entando-k8s/devops-results/gh-pages/entando-k8s-custom-model/PR-30/jacoco/org.entando.kubernetes.model.link/EntandoAppPluginLink.html
Publishing https://raw.githubusercontent.com/entando-k8s/devops-results/gh-pages/entando-k8s-custom-model/PR-30/jacoco/org.entando.kubernetes.model.link/EntandoAppPluginLink.java.html
Publishing https://raw.githubusercontent.com/entando-k8s/devops-results/gh-pages/entando-k8s-custom-model/PR-30/jacoco/org.entando.kubernetes.model.link/EntandoAppPluginLinkBuilder.html
Publishing https://raw.githubusercontent.com/entando-k8s/devops-results/gh-pages/entando-k8s-custom-model/PR-30/jacoco/org.entando.kubernetes.model.link/EntandoAppPluginLinkBuilder.java.html
Publishing https://raw.githubusercontent.com/entando-k8s/devops-results/gh-pages/entando-k8s-custom-model/PR-30/jacoco/org.entando.kubernetes.model.link/EntandoAppPluginLinkFluent$NestedEntandoAppPluginLinkSpecFluent.html
Publishing https://raw.githubusercontent.com/entando-k8s/devops-results/gh-pages/entando-k8s-custom-model/PR-30/jacoco/org.entando.kubernetes.model.link/EntandoAppPluginLinkFluent.html
Publishing https://raw.githubusercontent.com/entando-k8s/devops-results/gh-pages/entando-k8s-custom-model/PR-30/jacoco/org.entando.kubernetes.model.link/EntandoAppPluginLinkFluent.java.html
Publishing https://raw.githubusercontent.com/entando-k8s/devops-results/gh-pages/entando-k8s-custom-model/PR-30/jacoco/org.entando.kubernetes.model.link/EntandoAppPluginLinkList.html
Publishing https://raw.githubusercontent.com/entando-k8s/devops-results/gh-pages/entando-k8s-custom-model/PR-30/jacoco/org.entando.kubernetes.model.link/EntandoAppPluginLinkList.java.html
Publishing https://raw.githubusercontent.com/entando-k8s/devops-results/gh-pages/entando-k8s-custom-model/PR-30/jacoco/org.entando.kubernetes.model.link/EntandoAppPluginLinkOperationFactory.html
Publishing https://raw.githubusercontent.com/entando-k8s/devops-results/gh-pages/entando-k8s-custom-model/PR-30/jacoco/org.entando.kubernetes.model.link/EntandoAppPluginLinkOperationFactory.java.html
Publishing https://raw.githubusercontent.com/entando-k8s/devops-results/gh-pages/entando-k8s-custom-model/PR-30/jacoco/org.entando.kubernetes.model.link/EntandoAppPluginLinkSpec.html
Publishing https://raw.githubusercontent.com/entando-k8s/devops-results/gh-pages/entando-k8s-custom-model/PR-30/jacoco/org.entando.kubernetes.model.link/EntandoAppPluginLinkSpec.java.html
Publishing https://raw.githubusercontent.com/entando-k8s/devops-results/gh-pages/entando-k8s-custom-model/PR-30/jacoco/org.entando.kubernetes.model.link/EntandoAppPluginLinkSpecBuilder.html
Publishing https://raw.githubusercontent.com/entando-k8s/devops-results/gh-pages/entando-k8s-custom-model/PR-30/jacoco/org.entando.kubernetes.model.link/EntandoAppPluginLinkSpecBuilder.java.html
Publishing https://raw.githubusercontent.com/entando-k8s/devops-results/gh-pages/entando-k8s-custom-model/PR-30/jacoco/org.entando.kubernetes.model.link/EntandoAppPluginLinkSpecFluent.html
Publishing https://raw.githubusercontent.com/entando-k8s/devops-results/gh-pages/entando-k8s-custom-model/PR-30/jacoco/org.entando.kubernetes.model.link/EntandoAppPluginLinkSpecFluent.java.html
Publishing https://raw.githubusercontent.com/entando-k8s/devops-results/gh-pages/entando-k8s-custom-model/PR-30/jacoco/org.entando.kubernetes.model.link/index.html
Publishing https://raw.githubusercontent.com/entando-k8s/devops-results/gh-pages/entando-k8s-custom-model/PR-30/jacoco/org.entando.kubernetes.model.link/index.source.html
Publishing https://raw.githubusercontent.com/entando-k8s/devops-results/gh-pages/entando-k8s-custom-model/PR-30/jacoco/org.entando.kubernetes.model.plugin/DoneableEntandoPlugin.html
Publishing https://raw.githubusercontent.com/entando-k8s/devops-results/gh-pages/entando-k8s-custom-model/PR-30/jacoco/org.entando.kubernetes.model.plugin/DoneableEntandoPlugin.java.html
Publishing https://raw.githubusercontent.com/entando-k8s/devops-results/gh-pages/entando-k8s-custom-model/PR-30/jacoco/org.entando.kubernetes.model.plugin/EntandoPlugin.html
Publishing https://raw.githubusercontent.com/entando-k8s/devops-results/gh-pages/entando-k8s-custom-model/PR-30/jacoco/org.entando.kubernetes.model.plugin/EntandoPlugin.java.html
Publishing https://raw.githubusercontent.com/entando-k8s/devops-results/gh-pages/entando-k8s-custom-model/PR-30/jacoco/org.entando.kubernetes.model.plugin/EntandoPluginBuilder.html
Publishing https://raw.githubusercontent.com/entando-k8s/devops-results/gh-pages/entando-k8s-custom-model/PR-30/jacoco/org.entando.kubernetes.model.plugin/EntandoPluginBuilder.java.html
Publishing https://raw.githubusercontent.com/entando-k8s/devops-results/gh-pages/entando-k8s-custom-model/PR-30/jacoco/org.entando.kubernetes.model.plugin/EntandoPluginFluent$NestedEntandoPluginSpecFluent.html
Publishing https://raw.githubusercontent.com/entando-k8s/devops-results/gh-pages/entando-k8s-custom-model/PR-30/jacoco/org.entando.kubernetes.model.plugin/EntandoPluginFluent.html
Publishing https://raw.githubusercontent.com/entando-k8s/devops-results/gh-pages/entando-k8s-custom-model/PR-30/jacoco/org.entando.kubernetes.model.plugin/EntandoPluginFluent.java.html
Publishing https://raw.githubusercontent.com/entando-k8s/devops-results/gh-pages/entando-k8s-custom-model/PR-30/jacoco/org.entando.kubernetes.model.plugin/EntandoPluginList.html
Publishing https://raw.githubusercontent.com/entando-k8s/devops-results/gh-pages/entando-k8s-custom-model/PR-30/jacoco/org.entando.kubernetes.model.plugin/EntandoPluginList.java.html
Publishing https://raw.githubusercontent.com/entando-k8s/devops-results/gh-pages/entando-k8s-custom-model/PR-30/jacoco/org.entando.kubernetes.model.plugin/EntandoPluginOperationFactory.html
Publishing https://raw.githubusercontent.com/entando-k8s/devops-results/gh-pages/entando-k8s-custom-model/PR-30/jacoco/org.entando.kubernetes.model.plugin/EntandoPluginOperationFactory.java.html
Publishing https://raw.githubusercontent.com/entando-k8s/devops-results/gh-pages/entando-k8s-custom-model/PR-30/jacoco/org.entando.kubernetes.model.plugin/EntandoPluginSpec.html
Publishing https://raw.githubusercontent.com/entando-k8s/devops-results/gh-pages/entando-k8s-custom-model/PR-30/jacoco/org.entando.kubernetes.model.plugin/EntandoPluginSpec.java.html
Publishing https://raw.githubusercontent.com/entando-k8s/devops-results/gh-pages/entando-k8s-custom-model/PR-30/jacoco/org.entando.kubernetes.model.plugin/EntandoPluginSpecBuilder.html
Publishing https://raw.githubusercontent.com/entando-k8s/devops-results/gh-pages/entando-k8s-custom-model/PR-30/jacoco/org.entando.kubernetes.model.plugin/EntandoPluginSpecBuilder.java.html
Publishing https://raw.githubusercontent.com/entando-k8s/devops-results/gh-pages/entando-k8s-custom-model/PR-30/jacoco/org.entando.kubernetes.model.plugin/EntandoPluginSpecFluent.html
Publishing https://raw.githubusercontent.com/entando-k8s/devops-results/gh-pages/entando-k8s-custom-model/PR-30/jacoco/org.entando.kubernetes.model.plugin/EntandoPluginSpecFluent.java.html
Publishing https://raw.githubusercontent.com/entando-k8s/devops-results/gh-pages/entando-k8s-custom-model/PR-30/jacoco/org.entando.kubernetes.model.plugin/ExpectedRole.html
Publishing https://raw.githubusercontent.com/entando-k8s/devops-results/gh-pages/entando-k8s-custom-model/PR-30/jacoco/org.entando.kubernetes.model.plugin/ExpectedRole.java.html
Publishing https://raw.githubusercontent.com/entando-k8s/devops-results/gh-pages/entando-k8s-custom-model/PR-30/jacoco/org.entando.kubernetes.model.plugin/Permission.html
Publishing https://raw.githubusercontent.com/entando-k8s/devops-results/gh-pages/entando-k8s-custom-model/PR-30/jacoco/org.entando.kubernetes.model.plugin/Permission.java.html
Publishing https://raw.githubusercontent.com/entando-k8s/devops-results/gh-pages/entando-k8s-custom-model/PR-30/jacoco/org.entando.kubernetes.model.plugin/PluginSecurityLevel.html
Publishing https://raw.githubusercontent.com/entando-k8s/devops-results/gh-pages/entando-k8s-custom-model/PR-30/jacoco/org.entando.kubernetes.model.plugin/PluginSecurityLevel.java.html
Publishing https://raw.githubusercontent.com/entando-k8s/devops-results/gh-pages/entando-k8s-custom-model/PR-30/jacoco/org.entando.kubernetes.model.plugin/index.html
Publishing https://raw.githubusercontent.com/entando-k8s/devops-results/gh-pages/entando-k8s-custom-model/PR-30/jacoco/org.entando.kubernetes.model.plugin/index.source.html
Publishing https://raw.githubusercontent.com/entando-k8s/devops-results/gh-pages/entando-k8s-custom-model/PR-30/licenses.html
Publishing https://raw.githubusercontent.com/entando-k8s/devops-results/gh-pages/entando-k8s-custom-model/PR-30/plugins.html
Publishing https://raw.githubusercontent.com/entando-k8s/devops-results/gh-pages/entando-k8s-custom-model/PR-30/project-info.html
Publishing https://raw.githubusercontent.com/entando-k8s/devops-results/gh-pages/entando-k8s-custom-model/PR-30/scm.html
Publishing https://raw.githubusercontent.com/entando-k8s/devops-results/gh-pages/entando-k8s-custom-model/PR-30/summary.html
Publishing https://raw.githubusercontent.com/entando-k8s/devops-results/gh-pages/entando-k8s-custom-model/PR-30/surefire-report.html
error: failed to collect patterns target/site/* to path entando-k8s-custom-model/PR-30: Have you set up a git credential helper? See https://help.github.com/articles/caching-your-github-password-in-git/
: git output: To https://github.com/entando-k8s/devops-results.git
 ! [rejected]          gh-pages -> gh-pages (fetch first)
error: failed to push some refs to 'https://github.com/entando-k8s/devops-results.git'
hint: Updates were rejected because the remote contains work that you do
hint: not have locally. This is usually caused by another repository pushing
hint: to the same ref. You may want to first integrate the remote changes
hint: (e.g., 'git pull ...') before pushing again.
hint: See the 'Note about fast-forwards' in 'git push --help' for details.: failed to run 'git push origin gh-pages' command in directory '/tmp/jenkins-x-collect151909004', output: 'To https://github.com/entando-k8s/devops-results.git
 ! [rejected]          gh-pages -> gh-pages (fetch first)
error: failed to push some refs to 'https://github.com/entando-k8s/devops-results.git'
hint: Updates were rejected because the remote contains work that you do
hint: not have locally. This is usually caused by another repository pushing
hint: to the same ref. You may want to first integrate the remote changes
hint: (e.g., 'git pull ...') before pushing again.
hint: See the 'Note about fast-forwards' in 'git push --help' for details.'
  % Total    % Received % Xferd  Average Speed   Time    Time     Time  Current
                                 Dload  Upload   Total   Spent    Left  Speed
  0     0    0     0    0     0      0      0 --:--:-- --:--:-- --:--:--     0 11  1861    0     0  100   216      0    304 --:--:-- --:--:-- --:--:--   304100  1861  100  1645  100   216   2319    304 --:--:-- --:--:-- --:--:--  2320
{
  "url": "https://api.github.com/repos/entando-k8s/entando-k8s-custom-model/statuses/45f5858d86d39795bcfa3541f21bf0785f6a016d",
  "avatar_url": "https://avatars2.githubusercontent.com/u/57885396?v=4",
  "id": 10897212631,
  "node_id": "MDEzOlN0YXR1c0NvbnRleHQxMDg5NzIxMjYzMQ==",
  "state": "success",
  "description": "Pre-deployment tests success!",
  "target_url": "https://entando-k8s.github.io/devops-results/entando-k8s-custom-model/PR-30/surefire-report.html",
  "context": "Pre-deployment tests",
  "created_at": "2020-09-29T07:38:08Z",
  "updated_at": "2020-09-29T07:38:08Z",
  "creator": {
    "login": "entando-**",
    "id": 57885396,
    "node_id": "MDQ6VXNlcjU3ODg1Mzk2",
    "avatar_url": "https://avatars2.githubusercontent.com/u/57885396?v=4",
    "gravatar_id": "",
    "url": "https://api.github.com/users/entando-**",
    "html_url": "https://github.com/entando-**",
    "followers_url": "https://api.github.com/users/entando-**/followers",
    "following_url": "https://api.github.com/users/entando-**/following{/other_user}",
    "gists_url": "https://api.github.com/users/**********/gists{/gist_id}",
    "starred_url": "https://api.github.com/users/**********/starred{/owner}{/repo}",
    "subscriptions_url": "https://api.github.com/users/**********/subscriptions",
    "organizations_url": "https://api.github.com/users/**********/orgs",
    "repos_url": "https://api.github.com/users/**********/repos",
    "events_url": "https://api.github.com/users/**********/events{/privacy}",
    "received_events_url": "https://api.github.com/users/entando-**/received_events",
    "type": "User",
    "site_*****": *****
  }
}
  % Total    % Received % Xferd  Average Speed   Time    Time     Time  Current
                                 Dload  Upload   Total   Spent    Left  Speed
  0     0    0     0    0     0      0      0 --:--:-- --:--:-- --:--:--     0100  1811  100  1620  100   191   2764    325 --:--:-- --:--:-- --:--:--  2769
{
  "url": "https://api.github.com/repos/entando-k8s/entando-k8s-custom-model/statuses/45f5858d86d39795bcfa3541f21bf0785f6a016d",
  "avatar_url": "https://avatars2.githubusercontent.com/u/57885396?v=4",
  "id": 10897212711,
  "node_id": "MDEzOlN0YXR1c0NvbnRleHQxMDg5NzIxMjcxMQ==",
  "state": "success",
  "description": "Checkstyle success!",
  "target_url": "https://entando-k8s.github.io/devops-results/entando-k8s-custom-model/PR-30/checkstyle.html",
  "context": "Checkstyle",
  "created_at": "2020-09-29T07:38:09Z",
  "updated_at": "2020-09-29T07:38:09Z",
  "creator": {
    "login": "entando-**",
    "id": 57885396,
    "node_id": "MDQ6VXNlcjU3ODg1Mzk2",
    "avatar_url": "https://avatars2.githubusercontent.com/u/57885396?v=4",
    "gravatar_id": "",
    "url": "https://api.github.com/users/entando-**",
    "html_url": "https://github.com/**********",
    "followers_url": "https://api.github.com/users/entando-**/followers",
    "following_url": "https://api.github.com/users/**********/following{/other_user}",
    "gists_url": "https://api.github.com/users/entando-**/gists{/gist_id}",
    "starred_url": "https://api.github.com/users/**********/starred{/owner}{/repo}",
    "subscriptions_url": "https://api.github.com/users/entando-**/subscriptions",
    "organizations_url": "https://api.github.com/users/entando-**/orgs",
    "repos_url": "https://api.github.com/users/**********/repos",
    "events_url": "https://api.github.com/users/entando-**/events{/privacy}",
    "received_events_url": "https://api.github.com/users/entando-**/received_events",
    "type": "User",
    "site_*****": *****
  }
}
OWASP has found dependencies with vulnerabilities for entando-k8s-custom-model-PR-30.
  % Total    % Received % Xferd  Average Speed   Time    Time     Time  Current
                                 Dload  Upload   Total   Spent    Left  Speed
{
  "url": "https://api.github.com/repos/entando-k8s/entando-k8s-custom-model/statuses/45f5858d86d39795bcfa3541f21bf0785f6a016d",
  "avatar_url": "https://avatars2.githubusercontent.com/u/57885396?v=4",
  "id": 10897212821,
  "node_id": "MDEzOlN0YXR1c0NvbnRleHQxMDg5NzIxMjgyMQ==",
  "state": "failure",
  "description": "OWASP CVE failure!",
  "target_url": "https://entando-k8s.github.io/devops-results/entando-k8s-custom-model/PR-30/dependency-check-report.html",
  "context": "OWASP CVE",
  "created_at": "2020-09-29T07:38:09Z",
  "updated_at": "2020-09-29T07:38:09Z",
  "creator": {
    "login": "**********",
    "id": 57885396,
    "node_id": "MDQ6VXNlcjU3ODg1Mzk2",
    "avatar_url": "https://avatars2.githubusercontent.com/u/57885396?v=4",
    "gravatar_id": "",
    "url": "https://api.github.com/users/**********",
    "html_url": "https://github.com/**********",
    "followers_url": "https://api.github.com/users/entando-**/followers",
    "following_url": "https://api.github.com/users/entando-**/following{/other_user}",
    "gists_url": "https://api.github.com/users/entando-**/gists{/gist_id}",
    "starred_url": "https://api.github.com/users/entando-**/starred{/owner}{/repo}",
    "subscriptions_url": "https://api.github.com/users/entando-**/subscriptions",
    "organizations_url": "https://api.github.com/users/entando-**/orgs",
    "repos_url": "https://api.github.com/users/entando-**/repos",
    "events_url": "https://api.github.com/users/**********/events{/privacy}",
    "received_events_url": "https://api.github.com/users/**********/received_events",
    "type": "User",
    "site_*****": *****
  }
}
  0     0    0     0    0     0      0      0 --:--:-- --:--:-- --:--:--     0 11  1833    0     0  100   202      0    310 --:--:-- --:--:-- --:--:--   310100  1833  100  1631  100   202   2507    310 --:--:-- --:--:-- --:--:--  2505
The following checks failed: for entando-k8s-custom-model-PR-30 : OWASP Maven Dependency Check; 
[31m
Pipeline failed on stage 'from-build-pack' : container 'step-build-mvn-verify-pr'. The execution of the pipeline has stopped.[0m
