
Showing logs for build [32mentando-entando-portal-ui-pr-7-hpg82-1[0m stage [32mfrom-build-pack[0m and container [32mstep-credential-initializer-lws9b[0m
{"level":"warn","ts":1601998461.0598507,"logger":"fallback-logger","caller":"logging/config.go:69","msg":"Fetch GitHub commit ID from kodata failed: \"ref: refs/heads/0.8.0-**-support-backwards-incompats\" is not a valid GitHub commit ID"}
{"level":"info","ts":1601998461.066078,"logger":"fallback-logger","caller":"creds-init/main.go:40","msg":"Credentials initialized."}

Showing logs for build [32mentando-entando-portal-ui-pr-7-hpg82-1[0m stage [32mfrom-build-pack[0m and container [32mstep-working-dir-initializer-xlv9q[0m
{"level":"warn","ts":1601998463.1727874,"logger":"fallback-logger","caller":"logging/config.go:69","msg":"Fetch GitHub commit ID from kodata failed: open /var/run/ko/HEAD: no such file or directory"}
{"level":"info","ts":1601998463.1813593,"logger":"fallback-logger","caller":"bash/main.go:64","msg":"Successfully e**cuted command \"sh -c mkdir -p /workspace/source\"; output "}

Showing logs for build [32mentando-entando-portal-ui-pr-7-hpg82-1[0m stage [32mfrom-build-pack[0m and container [32mstep-place-tools[0m

Showing logs for build [32mentando-entando-portal-ui-pr-7-hpg82-1[0m stage [32mfrom-build-pack[0m and container [32mstep-git-source-entando-entando-portal-ui-pr-7-57qcn[0m
{"level":"warn","ts":1601998551.7998502,"logger":"fallback-logger","caller":"logging/config.go:69","msg":"Fetch GitHub commit ID from kodata failed: \"ref: refs/heads/0.8.0-**-support-backwards-incompats\" is not a valid GitHub commit ID"}
{"level":"info","ts":1601998553.1738627,"logger":"fallback-logger","caller":"git/git.go:103","msg":"Successfully cloned https://github.com/entando/entando-portal-ui.git @ master in path /workspace/source"}

Showing logs for build [32mentando-entando-portal-ui-pr-7-hpg82-1[0m stage [32mfrom-build-pack[0m and container [32mstep-git-merge[0m
Using SHAs from PULL_REFS=master:2887ad375623905724816e24bd62f840e25f0719,7:0f809e4925d2d080b0bdddd07975e9ec0f8d01ee
DEBUG: ran git fetch --unshallow origin 0f809e4925d2d080b0bdddd07975e9ec0f8d01ee: 2887ad375623905724816e24bd62f840e25f0719: in 
DEBUG: ran git checkout master in 
DEBUG: ran git reset --hard 2887ad375623905724816e24bd62f840e25f0719 in 
DEBUG: ran clean --force -d . in 
DEBUG: ran git merge 0f809e4925d2d080b0bdddd07975e9ec0f8d01ee in 
Merged SHA 0f809e4925d2d080b0bdddd07975e9ec0f8d01ee with commit message 'ENG-1348-Update-core-parent' into base branch master

Showing logs for build [32mentando-entando-portal-ui-pr-7-hpg82-1[0m stage [32mfrom-build-pack[0m and container [32mstep-build-set-version[0m
Picked up _JAVA_OPTIONS: -XX:+UnlockExperimentalVMOptions -Dsun.zip.disableMemoryMapping=true -XX:+UseParallelGC -XX:MinHeapFreeRatio=5 -XX:MaxHeapFreeRatio=10 -XX:GCTimeRatio=4 -XX:AdaptiveSizePolicyWeight=90 -Xms10m -Xmx8000m
[INFO] Scanning for projects...
[WARNING] The POM for org.eclipse.m2e:lifecycle-mapping:jar:1.0.0 is missing, no dependency information available
[WARNING] Failed to retrieve plugin descriptor for org.eclipse.m2e:lifecycle-mapping:1.0.0: Plugin org.eclipse.m2e:lifecycle-mapping:1.0.0 or one of its dependencies could not be resolved: Could not find artifact org.eclipse.m2e:lifecycle-mapping:jar:1.0.0 in nexus (http://nexus/repository/maven-group/)
[INFO] 
[INFO] ---------------< org.entando.entando:entando-portal-ui >----------------
[INFO] Building Entando Core: Portal UI 6.2.0-SNAPSHOT
[INFO] --------------------------------[ war ]---------------------------------
[WARNING] The POM for org.eclipse.m2e:lifecycle-mapping:jar:1.0.0 is missing, no dependency information available
[WARNING] Failed to retrieve plugin descriptor for org.eclipse.m2e:lifecycle-mapping:1.0.0: Plugin org.eclipse.m2e:lifecycle-mapping:1.0.0 or one of its dependencies could not be resolved: Failure to find org.eclipse.m2e:lifecycle-mapping:jar:1.0.0 in http://nexus/repository/maven-group/ was cached in the local repository, resolution will not be reattempted until the update interval of nexus has elapsed or updates are forced
[INFO] 
[INFO] --- versions-maven-plugin:2.8.1:set (default-cli) @ entando-portal-ui ---
[INFO] Local aggregation ****: /workspace/source
[INFO] Processing change of org.entando.entando:entando-portal-ui:6.2.0-SNAPSHOT -> 0.0.0-SNAPSHOT-PR-7-1
[INFO] Processing org.entando.entando:entando-portal-ui
[INFO]     Updating project org.entando.entando:entando-portal-ui
[INFO]         from version 6.2.0-SNAPSHOT to 0.0.0-SNAPSHOT-PR-7-1
[INFO] 
[INFO] ------------------------------------------------------------------------
[INFO] BUILD SUCCESS
[INFO] ------------------------------------------------------------------------
[INFO] Total time:  14.519 s
[INFO] Finished at: 2020-10-06T15:36:12Z
[INFO] ------------------------------------------------------------------------

Showing logs for build [32mentando-entando-portal-ui-pr-7-hpg82-1[0m stage [32mfrom-build-pack[0m and container [32mstep-build-fix-git-for-sonar[0m
M	pom.xml
Switched to a new branch 'PR-7'
Deleted branch master (was 0f809e4).
From https://github.com/entando/entando-portal-ui
 * [new branch]      master            -> master
 * [new tag]         pia-crs4          -> pia-crs4
 * [new tag]         v4.2.0            -> v4.2.0
 * [new tag]         v4.3.2-RC1        -> v4.3.2-RC1
 * [new tag]         v5.0.0-pre        -> v5.0.0-pre
 * [new tag]         v6.2.0-sprint1-rc -> v6.2.0-sprint1-rc
 * [new tag]         v6.2.0-sprint2-rc -> v6.2.0-sprint2-rc
 * [new tag]         v6.2.0-sprint3-rc -> v6.2.0-sprint3-rc
 * [new tag]         v6.2.0-sprint4-rc -> v6.2.0-sprint4-rc
 * [new tag]         v6.2.0-sprint5-rc -> v6.2.0-sprint5-rc

Showing logs for build [32mentando-entando-portal-ui-pr-7-hpg82-1[0m stage [32mfrom-build-pack[0m and container [32mstep-build-mvn-verify-pr[0m
  % Total    % Received % Xferd  Average Speed   Time    Time     Time  Current
                                 Dload  Upload   Total   Spent    Left  Speed
  0     0    0     0    0     0      0      0 --:--:-- --:--:-- --:--:--     0 11  1834    0     0  100   208      0    252 --:--:-- --:--:-- --:--:--   252100  1834  100  1626  100   208   1970    252 --:--:-- --:--:-- --:--:--  1968
{
  "url": "https://api.github.com/repos/entando/entando-portal-ui/statuses/0f809e4925d2d080b0bdddd07975e9ec0f8d01ee",
  "avatar_url": "https://avatars2.githubusercontent.com/u/57885396?v=4",
  "id": 10969531888,
  "node_id": "MDEzOlN0YXR1c0NvbnRleHQxMDk2OTUzMTg4OA==",
  "state": "pending",
  "description": "Pre-deployment tests pending!",
  "target_url": "https://entando-k8s.github.io/devops-results/entando-portal-ui/PR-7/surefire-report.html",
  "context": "Pre-deployment tests",
  "created_at": "2020-10-06T15:36:14Z",
  "updated_at": "2020-10-06T15:36:14Z",
  "creator": {
    "login": "**********",
    "id": 57885396,
    "node_id": "MDQ6VXNlcjU3ODg1Mzk2",
    "avatar_url": "https://avatars2.githubusercontent.com/u/57885396?v=4",
    "gravatar_id": "",
    "url": "https://api.github.com/users/entando-**",
    "html_url": "https://github.com/**********",
    "followers_url": "https://api.github.com/users/entando-**/followers",
    "following_url": "https://api.github.com/users/**********/following{/other_user}",
    "gists_url": "https://api.github.com/users/entando-**/gists{/gist_id}",
    "starred_url": "https://api.github.com/users/entando-**/starred{/owner}{/repo}",
    "subscriptions_url": "https://api.github.com/users/**********/subscriptions",
    "organizations_url": "https://api.github.com/users/**********/orgs",
    "repos_url": "https://api.github.com/users/entando-**/repos",
    "events_url": "https://api.github.com/users/entando-**/events{/privacy}",
    "received_events_url": "https://api.github.com/users/entando-**/received_events",
    "type": "User",
    "site_*****": *****
  }
}
  % Total    % Received % Xferd  Average Speed   Time    Time     Time  Current
                                 Dload  Upload   Total   Spent    Left  Speed
  0     0    0     0    0     0      0      0 --:--:-- --:--:-- --:--:--     0100  1806  100  1612  100   194   2327    280 --:--:-- --:--:-- --:--:--  2329
{
  "url": "https://api.github.com/repos/entando/entando-portal-ui/statuses/0f809e4925d2d080b0bdddd07975e9ec0f8d01ee",
  "avatar_url": "https://avatars2.githubusercontent.com/u/57885396?v=4",
  "id": 10969532028,
  "node_id": "MDEzOlN0YXR1c0NvbnRleHQxMDk2OTUzMjAyOA==",
  "state": "pending",
  "description": "OWASP CVE pending!",
  "target_url": "https://entando-k8s.github.io/devops-results/entando-portal-ui/PR-7/dependency-check-report.html",
  "context": "OWASP CVE",
  "created_at": "2020-10-06T15:36:15Z",
  "updated_at": "2020-10-06T15:36:15Z",
  "creator": {
    "login": "**********",
    "id": 57885396,
    "node_id": "MDQ6VXNlcjU3ODg1Mzk2",
    "avatar_url": "https://avatars2.githubusercontent.com/u/57885396?v=4",
    "gravatar_id": "",
    "url": "https://api.github.com/users/entando-**",
    "html_url": "https://github.com/**********",
    "followers_url": "https://api.github.com/users/entando-**/followers",
    "following_url": "https://api.github.com/users/entando-**/following{/other_user}",
    "gists_url": "https://api.github.com/users/entando-**/gists{/gist_id}",
    "starred_url": "https://api.github.com/users/**********/starred{/owner}{/repo}",
    "subscriptions_url": "https://api.github.com/users/entando-**/subscriptions",
    "organizations_url": "https://api.github.com/users/entando-**/orgs",
    "repos_url": "https://api.github.com/users/**********/repos",
    "events_url": "https://api.github.com/users/**********/events{/privacy}",
    "received_events_url": "https://api.github.com/users/entando-**/received_events",
    "type": "User",
    "site_*****": *****
  }
}
Picked up _JAVA_OPTIONS: -XX:+UnlockExperimentalVMOptions -Dsun.zip.disableMemoryMapping=true -XX:+UseParallelGC -XX:MinHeapFreeRatio=5 -XX:MaxHeapFreeRatio=10 -XX:GCTimeRatio=4 -XX:AdaptiveSizePolicyWeight=90 -Xms10m -Xmx8000m
[INFO] Scanning for projects...
[WARNING] The POM for org.eclipse.m2e:lifecycle-mapping:jar:1.0.0 is missing, no dependency information available
[WARNING] Failed to retrieve plugin descriptor for org.eclipse.m2e:lifecycle-mapping:1.0.0: Plugin org.eclipse.m2e:lifecycle-mapping:1.0.0 or one of its dependencies could not be resolved: Failure to find org.eclipse.m2e:lifecycle-mapping:jar:1.0.0 in http://nexus/repository/maven-group/ was cached in the local repository, resolution will not be reattempted until the update interval of nexus has elapsed or updates are forced
[INFO] 
[INFO] ---------------< org.entando.entando:entando-portal-ui >----------------
[INFO] Building Entando Core: Portal UI 0.0.0-SNAPSHOT-PR-7-1
[INFO] --------------------------------[ war ]---------------------------------
[WARNING] The POM for com.sun.xml.bind:jaxb-impl:jar:2.2.11 is invalid, transitive dependencies (if any) will not be available, enable debug logging for more details
[INFO] 
[INFO] --- maven-checkstyle-plugin:3.1.1:check (validate) @ entando-portal-ui ---
[INFO] 
[INFO] --- maven-checkstyle-plugin:3.1.1:checkstyle (validate) @ entando-portal-ui ---
[INFO] 
[INFO] --- jacoco-maven-plugin:0.8.5:prepare-agent (prepare-agent) @ entando-portal-ui ---
[INFO] argLine set to -javaagent:/home/jenkins/.mvnrepository/org/jacoco/org.jacoco.agent/0.8.5/org.jacoco.agent-0.8.5-runtime.jar=destfile=/workspace/source/target/jacoco.e**c
[INFO] 
[INFO] --- maven-resources-plugin:2.5:resources (default-resources) @ entando-portal-ui ---
[debug] e**cute contextualize
[INFO] Using 'UTF-8' encoding to copy filtered resources.
[INFO] Copying 8 resources
[INFO] Copying 1 resource
[INFO] Copying 0 resource
[INFO] Copying 0 resource to META-INF
[INFO] 
[INFO] --- maven-compiler-plugin:3.8.1:compile (default-compile) @ entando-portal-ui ---
[INFO] Changes detected - recompiling the module!
[INFO] Compiling 20 source files to /workspace/source/target/classes
[WARNING] /workspace/source/src/main/java/org/entando/entando/aps/******/services/controller/e**cutor/AbstractWidgetE**cutorService.java:[141,41] unchecked method invocation: method sort in class java.util.Collections is applied to given types
  required: java.util.List<T>,java.util.Comparator<? super T>
  found: java.util.List<com.agiletec.aps.tags.util.IFrameDecoratorContainer>,org.apache.commons.beanutils.BeanComparator
[WARNING] /workspace/source/src/main/java/org/entando/entando/aps/******/services/controller/e**cutor/AbstractWidgetE**cutorService.java:[141,55] unchecked conversion
  required: java.util.Comparator<? super T>
  found:    org.apache.commons.beanutils.BeanComparator
[WARNING] /workspace/source/src/main/java/org/entando/entando/aps/servlet/ControllerServlet.java:[114,123] unchecked cast
  required: java.util.List<org.entando.entando.aps.******.services.controller.e**cutor.E**cutorServiceInterface>
  found:    java.lang.Object
[WARNING] /workspace/source/src/main/java/org/entando/entando/aps/servlet/PreviewControllerServlet.java:[77,120] unchecked cast
  required: java.util.List<com.agiletec.aps.******.services.controller.control.ControlServiceInterface>
  found:    java.lang.Object
[INFO] /workspace/source/src/main/java/org/entando/entando/aps/******/services/controller/e**cutor/AbstractWidgetE**cutorService.java: Some input files use or override a deprecated API.
[INFO] /workspace/source/src/main/java/org/entando/entando/aps/******/services/controller/e**cutor/AbstractWidgetE**cutorService.java: Recompile with -Xlint:deprecation for details.
[INFO] 
[INFO] --- maven-resources-plugin:2.5:copy-resources (copy-resources-test) @ entando-portal-ui ---
[debug] e**cute contextualize
[INFO] Using 'UTF-8' encoding to copy filtered resources.
[INFO] Copying 4 resources
[INFO] 
[INFO] --- maven-resources-plugin:2.5:copy-resources (copy-resources-file-test-) @ entando-portal-ui ---
[debug] e**cute contextualize
[INFO] Using 'UTF-8' encoding to copy filtered resources.
[INFO] Copying 4 resources
[INFO] 
[INFO] --- maven-resources-plugin:2.5:testResources (default-testResources) @ entando-portal-ui ---
[debug] e**cute contextualize
[INFO] Using 'UTF-8' encoding to copy filtered resources.
[INFO] Copying 3 resources
[INFO] 
[INFO] --- maven-compiler-plugin:3.8.1:testCompile (default-testCompile) @ entando-portal-ui ---
[INFO] Changes detected - recompiling the module!
[INFO] Compiling 8 source files to /workspace/source/target/test-classes
[INFO] /workspace/source/src/test/java/org/entando/entando/aps/******/services/controller/AbstractTestE**cutorService.java: /workspace/source/src/test/java/org/entando/entando/aps/******/services/controller/AbstractTestE**cutorService.java uses or overrides a deprecated API.
[INFO] /workspace/source/src/test/java/org/entando/entando/aps/******/services/controller/AbstractTestE**cutorService.java: Recompile with -Xlint:deprecation for details.
[INFO] 
[INFO] --- maven-surefire-plugin:3.0.0-M1:test (default-test) @ entando-portal-ui ---
[INFO] 
[INFO] -------------------------------------------------------
[INFO]  T E S T S
[INFO] -------------------------------------------------------
[INFO] Running org.entando.entando.aps.******.services.controller.control.TestAuthenticator
SLF4J: Failed to load class "org.slf4j.impl.StaticLoggerBinder".
SLF4J: Defaulting to no-operation (NOP) logger implementation
SLF4J: See http://www.slf4j.org/codes.html#StaticLoggerBinder for further details.
+ [ Component: Core ] :: SCHEMA
|   
|   Starting installation
|   
|   ( ok )  portDataSource.sysconfig
|   ( ok )  portDataSource.categories
|   ( ok )  portDataSource.localstrings
|   ( ok )  portDataSource.pagemodels
|   ( ok )  portDataSource.pages
|   ( ok )  portDataSource.pages_metadata_online
|   ( ok )  portDataSource.pages_metadata_draft
|   ( ok )  portDataSource.widgetcatalog
|   ( ok )  portDataSource.guifragment
|   ( ok )  portDataSource.widgetconfig
|   ( ok )  portDataSource.widgetconfig_draft
|   ( ok )  portDataSource.uniquekeys
|   
|   ( ok )  servDataSource.authgroups
|   ( ok )  servDataSource.authpermissions
|   ( ok )  servDataSource.authroles
|   ( ok )  servDataSource.authrolepermissions
|   ( ok )  servDataSource.authusers
|   ( ok )  servDataSource.authusergrouprole
|   ( ok )  servDataSource.api_oauth_consumers
|   ( ok )  servDataSource.api_oauth_tokens
|   ( ok )  servDataSource.apicatalog_methods
|   ( ok )  servDataSource.apicatalog_services
|   ( ok )  servDataSource.authuserprofiles
|   ( ok )  servDataSource.authuserprofilesearch
|   ( ok )  servDataSource.authuserprofileattrroles
|   ( ok )  servDataSource.actionlogrecords
|   ( ok )  servDataSource.actionlogrelations
|   ( ok )  servDataSource.actionloglikerecords
|   ( ok )  servDataSource.actionlogcommentrecords
|   ( ok )  servDataSource.dataobjectmodels
|   ( ok )  servDataSource.dataobjects
|   ( ok )  servDataSource.dataobjectrelations
|   ( ok )  servDataSource.dataobjectsearch
|   ( ok )  servDataSource.dataobjectattributeroles
|   
|   Installation complete
|   
+ [ Component: entando-*****-console ] :: SCHEMA
|   
|   Starting installation
|   
|   ( !! )  skipping portDataSource: not available
|   ( ok )  servDataSource.authusershortcuts
|   
|   
|   Installation complete
|   
+ [ Component: entando-portal-ui ] :: SCHEMA
|   
|   Starting installation
|   
|   ( !! )  skipping portDataSource: not available
|   ( !! )  skipping servDataSource: not available
|   
|   Installation complete
|   
+ [ Component: Core ] :: DATA
|   
|   Starting installation
|   
|   ( ok )  portDataSource
|   ( ok )  servDataSource
|   
|   Installation complete
|   
+ [ Component: entando-*****-console ] :: DATA
|   
|   Starting installation
|   
|   ( !! )  skipping portDataSource: not available
|   ( ok )  servDataSource
|   
|   Installation complete
|   
+ [ Component: entando-portal-ui ] :: DATA
|   
|   Starting installation
|   
|   ( !! )  skipping portDataSource: not available
|   ( !! )  skipping servDataSource: not available
|   
|   Installation complete
|   
+ [ Component: Core ] :: SCHEMA
|   
|   ( ok )  Already installed
|   
+ [ Component: entando-*****-console ] :: SCHEMA
|   
|   ( ok )  Already installed
|   
+ [ Component: entando-portal-ui ] :: SCHEMA
|   
|   ( ok )  Already installed
|   
+ [ Component: Core ] :: DATA
|   
|   ( ok )  Already installed. OK
|   
+ [ Component: entando-*****-console ] :: DATA
|   
|   ( ok )  Already installed
|   
+ [ Component: entando-portal-ui ] :: DATA
|   
|   ( ok )  Already installed
|   
+ [ Component: Core ] :: SCHEMA
|   
|   ( ok )  Already installed
|   
+ [ Component: entando-*****-console ] :: SCHEMA
|   
|   ( ok )  Already installed
|   
+ [ Component: entando-portal-ui ] :: SCHEMA
|   
|   ( ok )  Already installed
|   
+ [ Component: Core ] :: DATA
|   
|   ( ok )  Already installed. OK
|   
+ [ Component: entando-*****-console ] :: DATA
|   
|   ( ok )  Already installed
|   
+ [ Component: entando-portal-ui ] :: DATA
|   
|   ( ok )  Already installed
|   
+ [ Component: Core ] :: SCHEMA
|   
|   ( ok )  Already installed
|   
+ [ Component: entando-*****-console ] :: SCHEMA
|   
|   ( ok )  Already installed
|   
+ [ Component: entando-portal-ui ] :: SCHEMA
|   
|   ( ok )  Already installed
|   
+ [ Component: Core ] :: DATA
|   
|   ( ok )  Already installed. OK
|   
+ [ Component: entando-*****-console ] :: DATA
|   
|   ( ok )  Already installed
|   
+ [ Component: entando-portal-ui ] :: DATA
|   
|   ( ok )  Already installed
|   
+ [ Component: Core ] :: SCHEMA
|   
|   ( ok )  Already installed
|   
+ [ Component: entando-*****-console ] :: SCHEMA
|   
|   ( ok )  Already installed
|   
+ [ Component: entando-portal-ui ] :: SCHEMA
|   
|   ( ok )  Already installed
|   
+ [ Component: Core ] :: DATA
|   
|   ( ok )  Already installed. OK
|   
+ [ Component: entando-*****-console ] :: DATA
|   
|   ( ok )  Already installed
|   
+ [ Component: entando-portal-ui ] :: DATA
|   
|   ( ok )  Already installed
|   
+ [ Component: Core ] :: SCHEMA
|   
|   ( ok )  Already installed
|   
+ [ Component: entando-*****-console ] :: SCHEMA
|   
|   ( ok )  Already installed
|   
+ [ Component: entando-portal-ui ] :: SCHEMA
|   
|   ( ok )  Already installed
|   
+ [ Component: Core ] :: DATA
|   
|   ( ok )  Already installed. OK
|   
+ [ Component: entando-*****-console ] :: DATA
|   
|   ( ok )  Already installed
|   
+ [ Component: entando-portal-ui ] :: DATA
|   
|   ( ok )  Already installed
|   
[INFO] Tests run: 3, Failures: 0, Errors: 0, Skipped: 0, Time elapsed: 49.882 s - in org.entando.entando.aps.******.services.controller.control.TestAuthenticator
[INFO] Running org.entando.entando.aps.******.services.controller.control.TestRequestAuthorizator
+ [ Component: Core ] :: SCHEMA
|   
|   ( ok )  Already installed
|   
+ [ Component: entando-*****-console ] :: SCHEMA
|   
|   ( ok )  Already installed
|   
+ [ Component: entando-portal-ui ] :: SCHEMA
|   
|   ( ok )  Already installed
|   
+ [ Component: Core ] :: DATA
|   
|   ( ok )  Already installed. OK
|   
+ [ Component: entando-*****-console ] :: DATA
|   
|   ( ok )  Already installed
|   
+ [ Component: entando-portal-ui ] :: DATA
|   
|   ( ok )  Already installed
|   
+ [ Component: Core ] :: SCHEMA
|   
|   ( ok )  Already installed
|   
+ [ Component: entando-*****-console ] :: SCHEMA
|   
|   ( ok )  Already installed
|   
+ [ Component: entando-portal-ui ] :: SCHEMA
|   
|   ( ok )  Already installed
|   
+ [ Component: Core ] :: DATA
|   
|   ( ok )  Already installed. OK
|   
+ [ Component: entando-*****-console ] :: DATA
|   
|   ( ok )  Already installed
|   
+ [ Component: entando-portal-ui ] :: DATA
|   
|   ( ok )  Already installed
|   
+ [ Component: Core ] :: SCHEMA
|   
|   ( ok )  Already installed
|   
+ [ Component: entando-*****-console ] :: SCHEMA
|   
|   ( ok )  Already installed
|   
+ [ Component: entando-portal-ui ] :: SCHEMA
|   
|   ( ok )  Already installed
|   
+ [ Component: Core ] :: DATA
|   
|   ( ok )  Already installed. OK
|   
+ [ Component: entando-*****-console ] :: DATA
|   
|   ( ok )  Already installed
|   
+ [ Component: entando-portal-ui ] :: DATA
|   
|   ( ok )  Already installed
|   
+ [ Component: Core ] :: SCHEMA
|   
|   ( ok )  Already installed
|   
+ [ Component: entando-*****-console ] :: SCHEMA
|   
|   ( ok )  Already installed
|   
+ [ Component: entando-portal-ui ] :: SCHEMA
|   
|   ( ok )  Already installed
|   
+ [ Component: Core ] :: DATA
|   
|   ( ok )  Already installed. OK
|   
+ [ Component: entando-*****-console ] :: DATA
|   
|   ( ok )  Already installed
|   
+ [ Component: entando-portal-ui ] :: DATA
|   
|   ( ok )  Already installed
|   
+ [ Component: Core ] :: SCHEMA
|   
|   ( ok )  Already installed
|   
+ [ Component: entando-*****-console ] :: SCHEMA
|   
|   ( ok )  Already installed
|   
+ [ Component: entando-portal-ui ] :: SCHEMA
|   
|   ( ok )  Already installed
|   
+ [ Component: Core ] :: DATA
|   
|   ( ok )  Already installed. OK
|   
+ [ Component: entando-*****-console ] :: DATA
|   
|   ( ok )  Already installed
|   
+ [ Component: entando-portal-ui ] :: DATA
|   
|   ( ok )  Already installed
|   
+ [ Component: Core ] :: SCHEMA
|   
|   ( ok )  Already installed
|   
+ [ Component: entando-*****-console ] :: SCHEMA
|   
|   ( ok )  Already installed
|   
+ [ Component: entando-portal-ui ] :: SCHEMA
|   
|   ( ok )  Already installed
|   
+ [ Component: Core ] :: DATA
|   
|   ( ok )  Already installed. OK
|   
+ [ Component: entando-*****-console ] :: DATA
|   
|   ( ok )  Already installed
|   
+ [ Component: entando-portal-ui ] :: DATA
|   
|   ( ok )  Already installed
|   
+ [ Component: Core ] :: SCHEMA
|   
|   ( ok )  Already installed
|   
+ [ Component: entando-*****-console ] :: SCHEMA
|   
|   ( ok )  Already installed
|   
+ [ Component: entando-portal-ui ] :: SCHEMA
|   
|   ( ok )  Already installed
|   
+ [ Component: Core ] :: DATA
|   
|   ( ok )  Already installed. OK
|   
+ [ Component: entando-*****-console ] :: DATA
|   
|   ( ok )  Already installed
|   
+ [ Component: entando-portal-ui ] :: DATA
|   
|   ( ok )  Already installed
|   
+ [ Component: Core ] :: SCHEMA
|   
|   ( ok )  Already installed
|   
+ [ Component: entando-*****-console ] :: SCHEMA
|   
|   ( ok )  Already installed
|   
+ [ Component: entando-portal-ui ] :: SCHEMA
|   
|   ( ok )  Already installed
|   
+ [ Component: Core ] :: DATA
|   
|   ( ok )  Already installed. OK
|   
+ [ Component: entando-*****-console ] :: DATA
|   
|   ( ok )  Already installed
|   
+ [ Component: entando-portal-ui ] :: DATA
|   
|   ( ok )  Already installed
|   
[INFO] Tests run: 4, Failures: 0, Errors: 0, Skipped: 0, Time elapsed: 41.265 s - in org.entando.entando.aps.******.services.controller.control.TestRequestAuthorizator
[INFO] Running org.entando.entando.aps.******.services.controller.control.TestErrorManager
+ [ Component: Core ] :: SCHEMA
|   
|   ( ok )  Already installed
|   
+ [ Component: entando-*****-console ] :: SCHEMA
|   
|   ( ok )  Already installed
|   
+ [ Component: entando-portal-ui ] :: SCHEMA
|   
|   ( ok )  Already installed
|   
+ [ Component: Core ] :: DATA
|   
|   ( ok )  Already installed. OK
|   
+ [ Component: entando-*****-console ] :: DATA
|   
|   ( ok )  Already installed
|   
+ [ Component: entando-portal-ui ] :: DATA
|   
|   ( ok )  Already installed
|   
+ [ Component: Core ] :: SCHEMA
|   
|   ( ok )  Already installed
|   
+ [ Component: entando-*****-console ] :: SCHEMA
|   
|   ( ok )  Already installed
|   
+ [ Component: entando-portal-ui ] :: SCHEMA
|   
|   ( ok )  Already installed
|   
+ [ Component: Core ] :: DATA
|   
|   ( ok )  Already installed. OK
|   
+ [ Component: entando-*****-console ] :: DATA
|   
|   ( ok )  Already installed
|   
+ [ Component: entando-portal-ui ] :: DATA
|   
|   ( ok )  Already installed
|   
[INFO] Tests run: 1, Failures: 0, Errors: 0, Skipped: 0, Time elapsed: 10.625 s - in org.entando.entando.aps.******.services.controller.control.TestErrorManager
[INFO] Running org.entando.entando.aps.******.services.controller.control.TestRequestValidator
+ [ Component: Core ] :: SCHEMA
|   
|   ( ok )  Already installed
|   
+ [ Component: entando-*****-console ] :: SCHEMA
|   
|   ( ok )  Already installed
|   
+ [ Component: entando-portal-ui ] :: SCHEMA
|   
|   ( ok )  Already installed
|   
+ [ Component: Core ] :: DATA
|   
|   ( ok )  Already installed. OK
|   
+ [ Component: entando-*****-console ] :: DATA
|   
|   ( ok )  Already installed
|   
+ [ Component: entando-portal-ui ] :: DATA
|   
|   ( ok )  Already installed
|   
+ [ Component: Core ] :: SCHEMA
|   
|   ( ok )  Already installed
|   
+ [ Component: entando-*****-console ] :: SCHEMA
|   
|   ( ok )  Already installed
|   
+ [ Component: entando-portal-ui ] :: SCHEMA
|   
|   ( ok )  Already installed
|   
+ [ Component: Core ] :: DATA
|   
|   ( ok )  Already installed. OK
|   
+ [ Component: entando-*****-console ] :: DATA
|   
|   ( ok )  Already installed
|   
+ [ Component: entando-portal-ui ] :: DATA
|   
|   ( ok )  Already installed
|   
+ [ Component: Core ] :: SCHEMA
|   
|   ( ok )  Already installed
|   
+ [ Component: entando-*****-console ] :: SCHEMA
|   
|   ( ok )  Already installed
|   
+ [ Component: entando-portal-ui ] :: SCHEMA
|   
|   ( ok )  Already installed
|   
+ [ Component: Core ] :: DATA
|   
|   ( ok )  Already installed. OK
|   
+ [ Component: entando-*****-console ] :: DATA
|   
|   ( ok )  Already installed
|   
+ [ Component: entando-portal-ui ] :: DATA
|   
|   ( ok )  Already installed
|   
+ [ Component: Core ] :: SCHEMA
|   
|   ( ok )  Already installed
|   
+ [ Component: entando-*****-console ] :: SCHEMA
|   
|   ( ok )  Already installed
|   
+ [ Component: entando-portal-ui ] :: SCHEMA
|   
|   ( ok )  Already installed
|   
+ [ Component: Core ] :: DATA
|   
|   ( ok )  Already installed. OK
|   
+ [ Component: entando-*****-console ] :: DATA
|   
|   ( ok )  Already installed
|   
+ [ Component: entando-portal-ui ] :: DATA
|   
|   ( ok )  Already installed
|   
+ [ Component: Core ] :: SCHEMA
|   
|   ( ok )  Already installed
|   
+ [ Component: entando-*****-console ] :: SCHEMA
|   
|   ( ok )  Already installed
|   
+ [ Component: entando-portal-ui ] :: SCHEMA
|   
|   ( ok )  Already installed
|   
+ [ Component: Core ] :: DATA
|   
|   ( ok )  Already installed. OK
|   
+ [ Component: entando-*****-console ] :: DATA
|   
|   ( ok )  Already installed
|   
+ [ Component: entando-portal-ui ] :: DATA
|   
|   ( ok )  Already installed
|   
+ [ Component: Core ] :: SCHEMA
|   
|   ( ok )  Already installed
|   
+ [ Component: entando-*****-console ] :: SCHEMA
|   
|   ( ok )  Already installed
|   
+ [ Component: entando-portal-ui ] :: SCHEMA
|   
|   ( ok )  Already installed
|   
+ [ Component: Core ] :: DATA
|   
|   ( ok )  Already installed. OK
|   
+ [ Component: entando-*****-console ] :: DATA
|   
|   ( ok )  Already installed
|   
+ [ Component: entando-portal-ui ] :: DATA
|   
|   ( ok )  Already installed
|   
+ [ Component: Core ] :: SCHEMA
|   
|   ( ok )  Already installed
|   
+ [ Component: entando-*****-console ] :: SCHEMA
|   
|   ( ok )  Already installed
|   
+ [ Component: entando-portal-ui ] :: SCHEMA
|   
|   ( ok )  Already installed
|   
+ [ Component: Core ] :: DATA
|   
|   ( ok )  Already installed. OK
|   
+ [ Component: entando-*****-console ] :: DATA
|   
|   ( ok )  Already installed
|   
+ [ Component: entando-portal-ui ] :: DATA
|   
|   ( ok )  Already installed
|   
+ [ Component: Core ] :: SCHEMA
|   
|   ( ok )  Already installed
|   
+ [ Component: entando-*****-console ] :: SCHEMA
|   
|   ( ok )  Already installed
|   
+ [ Component: entando-portal-ui ] :: SCHEMA
|   
|   ( ok )  Already installed
|   
+ [ Component: Core ] :: DATA
|   
|   ( ok )  Already installed. OK
|   
+ [ Component: entando-*****-console ] :: DATA
|   
|   ( ok )  Already installed
|   
+ [ Component: entando-portal-ui ] :: DATA
|   
|   ( ok )  Already installed
|   
[INFO] Tests run: 4, Failures: 0, Errors: 0, Skipped: 0, Time elapsed: 41.491 s - in org.entando.entando.aps.******.services.controller.control.TestRequestValidator
[INFO] Running org.entando.entando.aps.******.services.controller.TestControllerManager
+ [ Component: Core ] :: SCHEMA
|   
|   ( ok )  Already installed
|   
+ [ Component: entando-*****-console ] :: SCHEMA
|   
|   ( ok )  Already installed
|   
+ [ Component: entando-portal-ui ] :: SCHEMA
|   
|   ( ok )  Already installed
|   
+ [ Component: Core ] :: DATA
|   
|   ( ok )  Already installed. OK
|   
+ [ Component: entando-*****-console ] :: DATA
|   
|   ( ok )  Already installed
|   
+ [ Component: entando-portal-ui ] :: DATA
|   
|   ( ok )  Already installed
|   
+ [ Component: Core ] :: SCHEMA
|   
|   ( ok )  Already installed
|   
+ [ Component: entando-*****-console ] :: SCHEMA
|   
|   ( ok )  Already installed
|   
+ [ Component: entando-portal-ui ] :: SCHEMA
|   
|   ( ok )  Already installed
|   
+ [ Component: Core ] :: DATA
|   
|   ( ok )  Already installed. OK
|   
+ [ Component: entando-*****-console ] :: DATA
|   
|   ( ok )  Already installed
|   
+ [ Component: entando-portal-ui ] :: DATA
|   
|   ( ok )  Already installed
|   
+ [ Component: Core ] :: SCHEMA
|   
|   ( ok )  Already installed
|   
+ [ Component: entando-*****-console ] :: SCHEMA
|   
|   ( ok )  Already installed
|   
+ [ Component: entando-portal-ui ] :: SCHEMA
|   
|   ( ok )  Already installed
|   
+ [ Component: Core ] :: DATA
|   
|   ( ok )  Already installed. OK
|   
+ [ Component: entando-*****-console ] :: DATA
|   
|   ( ok )  Already installed
|   
+ [ Component: entando-portal-ui ] :: DATA
|   
|   ( ok )  Already installed
|   
+ [ Component: Core ] :: SCHEMA
|   
|   ( ok )  Already installed
|   
+ [ Component: entando-*****-console ] :: SCHEMA
|   
|   ( ok )  Already installed
|   
+ [ Component: entando-portal-ui ] :: SCHEMA
|   
|   ( ok )  Already installed
|   
+ [ Component: Core ] :: DATA
|   
|   ( ok )  Already installed. OK
|   
+ [ Component: entando-*****-console ] :: DATA
|   
|   ( ok )  Already installed
|   
+ [ Component: entando-portal-ui ] :: DATA
|   
|   ( ok )  Already installed
|   
+ [ Component: Core ] :: SCHEMA
|   
|   ( ok )  Already installed
|   
+ [ Component: entando-*****-console ] :: SCHEMA
|   
|   ( ok )  Already installed
|   
+ [ Component: entando-portal-ui ] :: SCHEMA
|   
|   ( ok )  Already installed
|   
+ [ Component: Core ] :: DATA
|   
|   ( ok )  Already installed. OK
|   
+ [ Component: entando-*****-console ] :: DATA
|   
|   ( ok )  Already installed
|   
+ [ Component: entando-portal-ui ] :: DATA
|   
|   ( ok )  Already installed
|   
+ [ Component: Core ] :: SCHEMA
|   
|   ( ok )  Already installed
|   
+ [ Component: entando-*****-console ] :: SCHEMA
|   
|   ( ok )  Already installed
|   
+ [ Component: entando-portal-ui ] :: SCHEMA
|   
|   ( ok )  Already installed
|   
+ [ Component: Core ] :: DATA
|   
|   ( ok )  Already installed. OK
|   
+ [ Component: entando-*****-console ] :: DATA
|   
|   ( ok )  Already installed
|   
+ [ Component: entando-portal-ui ] :: DATA
|   
|   ( ok )  Already installed
|   
[INFO] Tests run: 3, Failures: 0, Errors: 0, Skipped: 0, Time elapsed: 31.267 s - in org.entando.entando.aps.******.services.controller.TestControllerManager
[INFO] 
[INFO] Results:
[INFO] 
[INFO] Tests run: 15, Failures: 0, Errors: 0, Skipped: 0
[INFO] 
[INFO] 
[INFO] --- maven-war-plugin:2.1.1:war (default-war) @ entando-portal-ui ---
WARNING: An illegal reflective access operation has occurred
WARNING: Illegal reflective access by com.thoughtworks.xstream.core.util.Fields (file:/home/jenkins/.mvnrepository/com/thoughtworks/xstream/xstream/1.3.1/xstream-1.3.1.jar) to field java.util.Properties.defaults
WARNING: Please consider reporting this to the maintainers of com.thoughtworks.xstream.core.util.Fields
WARNING: Use --illegal-access=warn to enable warnings of further illegal reflective access operations
WARNING: All illegal access operations will be denied in a future release
[INFO] Packaging webapp
[INFO] Assembling webapp [entando-portal-ui] in [/workspace/source/target/entando-portal-ui-0.0.0-SNAPSHOT-PR-7-1]
[INFO] Processing war project
[INFO] Copying webapp resources [/workspace/source/src/main/webapp]
[INFO] Building jar: /workspace/source/target/entando-portal-ui-0.0.0-SNAPSHOT-PR-7-1/WEB-INF/lib/entando-portal-ui-0.0.0-SNAPSHOT-PR-7-1.jar
[INFO] Webapp assembled in [528 msecs]
[INFO] Building war: /workspace/source/target/entando-portal-ui-0.0.0-SNAPSHOT-PR-7-1.war
[INFO] 
[INFO] --- maven-jar-plugin:3.2.0:test-jar (build-test-jar) @ entando-portal-ui ---
[INFO] Building jar: /workspace/source/target/entando-portal-ui-0.0.0-SNAPSHOT-PR-7-1-tests.jar
[INFO] 
[INFO] --- maven-assembly-plugin:2.2.1:single (package-classes) @ entando-portal-ui ---
[INFO] Reading assembly descriptor: /workspace/source/src/main/assembly/classes.xml
[INFO] Building jar: /workspace/source/target/entando-portal-ui-0.0.0-SNAPSHOT-PR-7-1-classes.jar
[INFO] 
[INFO] --- maven-surefire-report-plugin:3.0.0-M4:failsafe-report-only (integration-tests) @ entando-portal-ui ---
[INFO] 
[INFO] --- dependency-check-maven:5.3.2:aggregate (default) @ entando-portal-ui ---
[INFO] 

Dependency-Check is an open source tool performing a best effort analysis of 3rd party dependencies; ***** positives and ***** negatives may exist in the analysis performed by the tool. Use of the tool and the reporting provided constitutes acceptance for use in an AS IS condition, and there are NO warranties, implied or otherwise, with regard to the analysis or its use. Any use of the tool and the reporting provided is at the userâ€™s risk. In no event shall the copyright holder or OWASP be held liable for any damages whatsoever arising out of or in connection with the use of this tool, the analysis performed, or the resulting report.


[INFO] Analysis Started
[INFO] Finished Archive Analyzer (0 seconds)
[INFO] Finished File Name Analyzer (0 seconds)
[INFO] Finished Jar Analyzer (1 seconds)
[ERROR] ----------------------------------------------------
[ERROR] .NET Assembly Analyzer could not be initialized and at least one 'e**' or 'dll' was scanned. The 'dotnet' e**cutable could not be found on the path; either disable the Assembly Analyzer or add the path to dotnet core in the configuration.
[ERROR] ----------------------------------------------------
[INFO] Finished Dependency Merging Analyzer (0 seconds)
[INFO] Finished Version Filter Analyzer (0 seconds)
[INFO] Finished Hint Analyzer (0 seconds)
[INFO] Created CPE Index (2 seconds)
[INFO] Finished CPE Analyzer (5 seconds)
[INFO] Finished False Positive Analyzer (0 seconds)
[INFO] Finished NVD CVE Analyzer (0 seconds)
[INFO] Finished Sonatype OSS Index Analyzer (3 seconds)
[INFO] Finished Vulnerability Suppression Analyzer (0 seconds)
[INFO] Finished Dependency Bundling Analyzer (0 seconds)
[INFO] Analysis Complete (11 seconds)
[INFO] 
[INFO] --- jacoco-maven-plugin:0.8.5:report (report) @ entando-portal-ui ---
[INFO] Loading e**cution data file /workspace/source/target/jacoco.e**c
[INFO] Analyzed bundle 'Entando Core: Portal UI' with 18 classes
[INFO] 
[INFO] --- maven-surefire-report-plugin:3.0.0-M4:report-only (unit-tests) @ entando-portal-ui ---
[WARNING] Unable to locate Test Source XRef to link to - DISABLED
[INFO] 
[INFO] --- maven-install-plugin:2.4:install (default-install) @ entando-portal-ui ---
[INFO] Installing /workspace/source/target/entando-portal-ui-0.0.0-SNAPSHOT-PR-7-1.war to /home/jenkins/.mvnrepository/org/entando/entando/entando-portal-ui/0.0.0-SNAPSHOT-PR-7-1/entando-portal-ui-0.0.0-SNAPSHOT-PR-7-1.war
[INFO] Installing /workspace/source/pom.xml to /home/jenkins/.mvnrepository/org/entando/entando/entando-portal-ui/0.0.0-SNAPSHOT-PR-7-1/entando-portal-ui-0.0.0-SNAPSHOT-PR-7-1.pom
[INFO] Installing /workspace/source/target/entando-portal-ui-0.0.0-SNAPSHOT-PR-7-1-tests.jar to /home/jenkins/.mvnrepository/org/entando/entando/entando-portal-ui/0.0.0-SNAPSHOT-PR-7-1/entando-portal-ui-0.0.0-SNAPSHOT-PR-7-1-tests.jar
[INFO] Installing /workspace/source/target/entando-portal-ui-0.0.0-SNAPSHOT-PR-7-1-classes.jar to /home/jenkins/.mvnrepository/org/entando/entando/entando-portal-ui/0.0.0-SNAPSHOT-PR-7-1/entando-portal-ui-0.0.0-SNAPSHOT-PR-7-1-classes.jar
[INFO] 
[INFO] --- maven-site-plugin:3.9.0:site (default-site) @ entando-portal-ui ---
[INFO] configuring report plugin org.apache.maven.plugins:maven-project-info-reports-plugin:3.0.0
[INFO] 9 reports configured for maven-project-info-reports-plugin:3.0.0: dependency-info, distribution-management, index, ci-management, issue-management, licenses, plugins, scm, summary
[INFO] Rendering site with default locale English (en)
[WARNING] Unable to find a URL to the parent project. The parent menu will NOT be added.
[INFO] Relativizing decoration links with respect to localized project URL: http://www.entando.com/
[INFO] Rendering content with org.apache.maven.skins:maven-default-skin:jar:1.3 skin.
[INFO] Generating "Dependency Information" report --- maven-project-info-reports-plugin:3.0.0:dependency-info
[INFO] Generating "About" report         --- maven-project-info-reports-plugin:3.0.0:index
[INFO] Generating "Issue Management" report --- maven-project-info-reports-plugin:3.0.0:issue-management
[INFO] Generating "Licenses" report      --- maven-project-info-reports-plugin:3.0.0:licenses
[INFO] Generating "Plugins" report       --- maven-project-info-reports-plugin:3.0.0:plugins
[INFO] Generating "Source Code Management" report --- maven-project-info-reports-plugin:3.0.0:scm
[INFO] Generating "Summary" report       --- maven-project-info-reports-plugin:3.0.0:summary
[INFO] 
[INFO] ---------------< org.entando.entando:entando-portal-ui >----------------
[INFO] Building Entando Core: Portal UI 0.0.0-SNAPSHOT-PR-7-1
[INFO] --------------------------------[ war ]---------------------------------
[WARNING] The POM for org.eclipse.m2e:lifecycle-mapping:jar:1.0.0 is missing, no dependency information available
[WARNING] Failed to retrieve plugin descriptor for org.eclipse.m2e:lifecycle-mapping:1.0.0: Plugin org.eclipse.m2e:lifecycle-mapping:1.0.0 or one of its dependencies could not be resolved: Failure to find org.eclipse.m2e:lifecycle-mapping:jar:1.0.0 in http://nexus/repository/maven-group/ was cached in the local repository, resolution will not be reattempted until the update interval of nexus has elapsed or updates are forced
[INFO] 
[INFO] --- sonar-maven-plugin:3.7.0.1746:sonar (default-cli) @ entando-portal-ui ---
[INFO] User cache: /****/.sonar/cache
[INFO] SonarQube version: 8.0.0
[INFO] Default locale: "en", source code encoding: "UTF-8"
[INFO] Load global settings
[INFO] Load global settings (done) | time=260ms
[INFO] Server id: 1BD809FA-AWHW8ct9-T_TB3XqouNu
[INFO] User cache: /****/.sonar/cache
[INFO] Load/download plugins
[INFO] Load plugins index
[INFO] Load plugins index (done) | time=64ms
[INFO] Load/download plugins (done) | time=22687ms
[INFO] Loaded core extensions: developer-scanner
[INFO] JavaScript/TypeScript frontend is enabled
[INFO] Process project properties
[INFO] E**cute project builders
[INFO] E**cute project builders (done) | time=2ms
[INFO] Project key: entando_entando-portal-ui
[INFO] Base dir: /workspace/source
[INFO] Working dir: /workspace/source/target/sonar
[INFO] Load project settings for component key: 'entando_entando-portal-ui'
[INFO] Load project settings for component key: 'entando_entando-portal-ui' (done) | time=144ms
[INFO] Load project branches
[INFO] Load project branches (done) | time=31ms
[INFO] Check ALM binding of project 'entando_entando-portal-ui'
[INFO] Detected project binding: NOT_BOUND
[INFO] Check ALM binding of project 'entando_entando-portal-ui' (done) | time=47ms
[INFO] Load project pull requests
[INFO] Load project pull requests (done) | time=50ms
[INFO] Load branch configuration
[INFO] Load branch configuration (done) | time=6ms
[INFO] Load quality profiles
[INFO] Load quality profiles (done) | time=68ms
[INFO] Load active rules
[INFO] Load active rules (done) | time=1285ms
[INFO] Organization key: entando
[INFO] Pull request 7 for merge into master from PR-7
[INFO] SCM collecting changed files in the branch
[WARNING] Exception caught during e**cution of command '[git, config, --******, --edit]' in '/usr/local/git/bin', return code '128', error message 'fatal: Invalid path '/usr/local/git/etc': No such file or directory
'
[INFO] SCM collecting changed files in the branch (done) | time=361ms
[INFO] Indexing files...
[INFO] Project configuration:
[INFO] 67 files inde**d
[INFO] 0 files ignored because of scm ignore settings
[INFO] Quality profile for java: Sonar way
[INFO] Quality profile for jsp: Sonar way
[INFO] Quality profile for xml: Sonar way
[INFO] ------------- Run sensors on module Entando Core: Portal UI
[INFO] JavaScript/TypeScript frontend is enabled
[INFO] Load metrics repository
[INFO] Load metrics repository (done) | time=33ms
[INFO] Sensor JavaSquidSensor [java]
[INFO] Configured Java source version (sonar.java.source): 8
[INFO] JavaClasspath initialization
[INFO] JavaClasspath initialization (done) | time=15ms
[INFO] JavaTestClasspath initialization
[INFO] JavaTestClasspath initialization (done) | time=2ms
[INFO] Java Main Files AST scan
[INFO] 20 source files to be analyzed
[INFO] 20/20 source files have been analyzed
[INFO] Java Main Files AST scan (done) | time=9544ms
[INFO] Java Test Files AST scan
[INFO] 8 source files to be analyzed
[INFO] Java Test Files AST scan (done) | time=674ms
[INFO] Java Generated Files AST scan
[INFO] 0 source files to be analyzed
[INFO] Java Generated Files AST scan (done) | time=0ms
[INFO] Sensor JavaSquidSensor [java] (done) | time=10427ms
[INFO] Sensor CSS Rules [cssfamily]
[INFO] 8/8 source files have been analyzed
[INFO] No CSS, PHP, HTML or VueJS files are found in the project. CSS analysis is skipped.
[INFO] Sensor CSS Rules [cssfamily] (done) | time=1ms
[INFO] 0/0 source files have been analyzed
[INFO] Sensor C# Properties [csharp]
[INFO] Sensor C# Properties [csharp] (done) | time=1ms
[INFO] Sensor Import of Checkstyle issues [java]
[WARNING] Checkstyle report not found: /workspace/source/target/checkstyle-result.xml
[INFO] Sensor Import of Checkstyle issues [java] (done) | time=3ms
[INFO] Sensor SurefireSensor [java]
[INFO] parsing [/workspace/source/target/surefire-reports]
[INFO] Sensor SurefireSensor [java] (done) | time=199ms
[INFO] Sensor JavaXmlSensor [java]
[INFO] 2 source files to be analyzed
[INFO] Sensor JavaXmlSensor [java] (done) | time=262ms
[INFO] 2/2 source files have been analyzed
[INFO] Sensor HTML [web]
[INFO] Sensor HTML [web] (done) | time=452ms
[INFO] Sensor XML Sensor [xml]
[INFO] 2 source files to be analyzed
[INFO] Sensor XML Sensor [xml] (done) | time=225ms
[INFO] 2/2 source files have been analyzed
[INFO] Sensor VB.NET Properties [vbnet]
[INFO] Sensor VB.NET Properties [vbnet] (done) | time=1ms
[INFO] Sensor JaCoCo XML Report Importer [jacoco]
[INFO] Importing 1 report(s). Turn your logs in debug mode in order to see the exhaustive list.
[INFO] Sensor JaCoCo XML Report Importer [jacoco] (done) | time=94ms
[INFO] Sensor ThymeLeaf template sensor [securityjavafrontend]
[INFO] Sensor ThymeLeaf template sensor [securityjavafrontend] (done) | time=5ms
[INFO] Sensor JavaSecuritySensor [security]
[INFO] Reading type hierarchy from: /workspace/source/target/sonar/ucfg2/java
[INFO] Read 164 type definitions
[INFO] Reading UCFGs from: /workspace/source/target/sonar/ucfg2/java
[INFO] 15:41:08.013205 Building Type propagation graph
[INFO] 15:41:08.064141 Running Tarjan on 627 nodes
[INFO] 15:41:08.079089 Tarjan found 626 components
[INFO] 15:41:08.088526 Variable type analysis: done
[INFO] 15:41:08.108128 Building Type propagation graph
[INFO] 15:41:08.121065 Running Tarjan on 627 nodes
[INFO] 15:41:08.123934 Tarjan found 626 components
[INFO] 15:41:08.126361 Variable type analysis: done
[INFO] Analyzing 106 ucfgs to detect vulnerabilities.
[INFO] All rules entrypoints : 2 Retained UCFGs : 17
[INFO] rule: S5131, entrypoints: 0
[INFO] rule: S5131 done
[INFO] rule: S3649, entrypoints: 0
[INFO] rule: S3649 done
[INFO] rule: S2076, entrypoints: 0
[INFO] rule: S2076 done
[INFO] rule: S2091, entrypoints: 0
[INFO] rule: S2091 done
[INFO] rule: S2078, entrypoints: 0
[INFO] rule: S2078 done
[INFO] rule: S2631, entrypoints: 0
[INFO] rule: S2631 done
[INFO] rule: S5135, entrypoints: 0
[INFO] rule: S5135 done
[INFO] rule: S2083, entrypoints: 0
[INFO] rule: S2083 done
[INFO] rule: S5167, entrypoints: 0
[INFO] rule: S5167 done
[INFO] rule: S5144, entrypoints: 0
[INFO] rule: S5144 done
[INFO] rule: S5145, entrypoints: 2
[INFO] Running symbolic analysis
[INFO] rule: S5145 done
[INFO] rule: S5146, entrypoints: 0
[INFO] rule: S5146 done
[INFO] rule: S5334, entrypoints: 0
[INFO] rule: S5334 done
[INFO] Sensor JavaSecuritySensor [security] (done) | time=1115ms
[INFO] Sensor CSharpSecuritySensor [security]
[INFO] Reading type hierarchy from: /workspace/source/target/ucfg_cs2
[INFO] Read 0 type definitions
[INFO] Reading UCFGs from: /workspace/source/target/ucfg_cs2
[INFO] No UCFGs have been included for analysis.
[INFO] Sensor CSharpSecuritySensor [security] (done) | time=1ms
[INFO] Sensor PhpSecuritySensor [security]
[INFO] Reading type hierarchy from: /workspace/source/target/sonar/ucfg2/php
[INFO] Read 0 type definitions
[INFO] Reading UCFGs from: /workspace/source/target/sonar/ucfg2/php
[INFO] No UCFGs have been included for analysis.
[INFO] Sensor PhpSecuritySensor [security] (done) | time=1ms
[INFO] Sensor PythonSecuritySensor [security]
[INFO] Reading type hierarchy from: /workspace/source/target/sonar/ucfg2/python
[INFO] Read 0 type definitions
[INFO] Reading UCFGs from: /workspace/source/target/sonar/ucfg2/python
[INFO] No UCFGs have been included for analysis.
[INFO] Sensor PythonSecuritySensor [security] (done) | time=1ms
[INFO] Sensor JsSecuritySensor [security]
[INFO] Reading type hierarchy from: /workspace/source/target/sonar/ucfg2/js
[INFO] Read 0 type definitions
[INFO] Reading UCFGs from: /workspace/source/target/sonar/ucfg2/js
[INFO] No UCFGs have been included for analysis.
[INFO] Sensor JsSecuritySensor [security] (done) | time=1ms
[INFO] ------------- Run sensors on project
[INFO] Sensor Zero Coverage Sensor
[INFO] Sensor Zero Coverage Sensor (done) | time=2ms
[INFO] Sensor Java CPD Block Inde**r
[INFO] Sensor Java CPD Block Inde**r (done) | time=76ms
[INFO] SCM Publisher SCM provider for this project is: git
[INFO] SCM Publisher 1 source file to be analyzed
[INFO] SCM Publisher 0/1 source files have been analyzed (done) | time=147ms
[WARNING] Missing blame information for the following files:
[WARNING]   * pom.xml
[WARNING] This may lead to missing/broken features in SonarCloud
[INFO] CPD E**cutor 15 files had no CPD blocks
[INFO] CPD E**cutor Calculating CPD for 39 files
[INFO] CPD E**cutor CPD calculation finished (done) | time=55ms
[INFO] SCM writing changed lines
[INFO] SCM writing changed lines (done) | time=67ms
[INFO] Analysis report generated in 280ms, dir size=216 KB
[INFO] Analysis report compressed in 64ms, zip size=77 KB
[INFO] Analysis report uploaded in 114ms
[INFO] ANALYSIS SUCCESSFUL, you can find the results at: https://sonarcloud.io/dashboard?id=entando_entando-portal-ui&pullRequest=7
[INFO] Note that you will be able to access the updated dashboard once the server has processed the submitted analysis report
[INFO] More about the report processing at https://sonarcloud.io/api/ce/task?id=AXT-ktQ5juj8lU8knD2z
[INFO] Analysis total time: 22.153 s
[INFO] ------------------------------------------------------------------------
[INFO] BUILD SUCCESS
[INFO] ------------------------------------------------------------------------
[INFO] Total time:  04:52 min
[INFO] Finished at: 2020-10-06T15:41:09Z
[INFO] ------------------------------------------------------------------------
shallow cloning https://github.com/entando-k8s/devops-results.git branch gh-pages
ran git init in /tmp/jenkins-x-collect078282697
ran git add remote origin https://github.com/entando-k8s/devops-results.git in /tmp/jenkins-x-collect078282697
ran git fetch origin --depth=1 gh-pages in dir /tmp/jenkins-x-collect078282697
Publishing https://raw.githubusercontent.com/entando-k8s/devops-results/gh-pages/entando-portal-ui/PR-7/css/maven-base.css
Publishing https://raw.githubusercontent.com/entando-k8s/devops-results/gh-pages/entando-portal-ui/PR-7/css/maven-theme.css
Publishing https://raw.githubusercontent.com/entando-k8s/devops-results/gh-pages/entando-portal-ui/PR-7/css/print.css
Publishing https://raw.githubusercontent.com/entando-k8s/devops-results/gh-pages/entando-portal-ui/PR-7/css/site.css
Publishing https://raw.githubusercontent.com/entando-k8s/devops-results/gh-pages/entando-portal-ui/PR-7/dependency-check-junit.xml
Publishing https://raw.githubusercontent.com/entando-k8s/devops-results/gh-pages/entando-portal-ui/PR-7/dependency-check-report.html
Publishing https://raw.githubusercontent.com/entando-k8s/devops-results/gh-pages/entando-portal-ui/PR-7/dependency-check-report.xml
Publishing https://raw.githubusercontent.com/entando-k8s/devops-results/gh-pages/entando-portal-ui/PR-7/dependency-info.html
Publishing https://raw.githubusercontent.com/entando-k8s/devops-results/gh-pages/entando-portal-ui/PR-7/images/collapsed.gif
Publishing https://raw.githubusercontent.com/entando-k8s/devops-results/gh-pages/entando-portal-ui/PR-7/images/expanded.gif
Publishing https://raw.githubusercontent.com/entando-k8s/devops-results/gh-pages/entando-portal-ui/PR-7/images/external.png
Publishing https://raw.githubusercontent.com/entando-k8s/devops-results/gh-pages/entando-portal-ui/PR-7/images/icon_error_sml.gif
Publishing https://raw.githubusercontent.com/entando-k8s/devops-results/gh-pages/entando-portal-ui/PR-7/images/icon_info_sml.gif
Publishing https://raw.githubusercontent.com/entando-k8s/devops-results/gh-pages/entando-portal-ui/PR-7/images/icon_success_sml.gif
Publishing https://raw.githubusercontent.com/entando-k8s/devops-results/gh-pages/entando-portal-ui/PR-7/images/icon_warning_sml.gif
Publishing https://raw.githubusercontent.com/entando-k8s/devops-results/gh-pages/entando-portal-ui/PR-7/images/logos/build-by-maven-black.png
Publishing https://raw.githubusercontent.com/entando-k8s/devops-results/gh-pages/entando-portal-ui/PR-7/images/logos/build-by-maven-white.png
Publishing https://raw.githubusercontent.com/entando-k8s/devops-results/gh-pages/entando-portal-ui/PR-7/images/logos/maven-feather.png
Publishing https://raw.githubusercontent.com/entando-k8s/devops-results/gh-pages/entando-portal-ui/PR-7/images/newwindow.png
Publishing https://raw.githubusercontent.com/entando-k8s/devops-results/gh-pages/entando-portal-ui/PR-7/index.html
Publishing https://raw.githubusercontent.com/entando-k8s/devops-results/gh-pages/entando-portal-ui/PR-7/issue-management.html
Publishing https://raw.githubusercontent.com/entando-k8s/devops-results/gh-pages/entando-portal-ui/PR-7/jacoco/com.agiletec.aps.******.services.controller/ControllerManager.html
Publishing https://raw.githubusercontent.com/entando-k8s/devops-results/gh-pages/entando-portal-ui/PR-7/jacoco/com.agiletec.aps.******.services.controller/ControllerManager.java.html
Publishing https://raw.githubusercontent.com/entando-k8s/devops-results/gh-pages/entando-portal-ui/PR-7/jacoco/com.agiletec.aps.******.services.controller/index.html
Publishing https://raw.githubusercontent.com/entando-k8s/devops-results/gh-pages/entando-portal-ui/PR-7/jacoco/com.agiletec.aps.******.services.controller/index.source.html
Publishing https://raw.githubusercontent.com/entando-k8s/devops-results/gh-pages/entando-portal-ui/PR-7/jacoco/com.agiletec.aps.******.services.controller.control/AbstractControlService.html
Publishing https://raw.githubusercontent.com/entando-k8s/devops-results/gh-pages/entando-portal-ui/PR-7/jacoco/com.agiletec.aps.******.services.controller.control/AbstractControlService.java.html
Publishing https://raw.githubusercontent.com/entando-k8s/devops-results/gh-pages/entando-portal-ui/PR-7/jacoco/com.agiletec.aps.******.services.controller.control/Authenticator.html
Publishing https://raw.githubusercontent.com/entando-k8s/devops-results/gh-pages/entando-portal-ui/PR-7/jacoco/com.agiletec.aps.******.services.controller.control/Authenticator.java.html
Publishing https://raw.githubusercontent.com/entando-k8s/devops-results/gh-pages/entando-portal-ui/PR-7/jacoco/com.agiletec.aps.******.services.controller.control/ErrorManager.html
Publishing https://raw.githubusercontent.com/entando-k8s/devops-results/gh-pages/entando-portal-ui/PR-7/jacoco/com.agiletec.aps.******.services.controller.control/ErrorManager.java.html
Publishing https://raw.githubusercontent.com/entando-k8s/devops-results/gh-pages/entando-portal-ui/PR-7/jacoco/com.agiletec.aps.******.services.controller.control/RequestAuthorizator.html
Publishing https://raw.githubusercontent.com/entando-k8s/devops-results/gh-pages/entando-portal-ui/PR-7/jacoco/com.agiletec.aps.******.services.controller.control/RequestAuthorizator.java.html
Publishing https://raw.githubusercontent.com/entando-k8s/devops-results/gh-pages/entando-portal-ui/PR-7/jacoco/com.agiletec.aps.******.services.controller.control/RequestValidator.html
Publishing https://raw.githubusercontent.com/entando-k8s/devops-results/gh-pages/entando-portal-ui/PR-7/jacoco/com.agiletec.aps.******.services.controller.control/RequestValidator.java.html
Publishing https://raw.githubusercontent.com/entando-k8s/devops-results/gh-pages/entando-portal-ui/PR-7/jacoco/com.agiletec.aps.******.services.controller.control/index.html
Publishing https://raw.githubusercontent.com/entando-k8s/devops-results/gh-pages/entando-portal-ui/PR-7/jacoco/com.agiletec.aps.******.services.controller.control/index.source.html
Publishing https://raw.githubusercontent.com/entando-k8s/devops-results/gh-pages/entando-portal-ui/PR-7/jacoco/index.html
Publishing https://raw.githubusercontent.com/entando-k8s/devops-results/gh-pages/entando-portal-ui/PR-7/jacoco/jacoco-resources/branchfc.gif
Publishing https://raw.githubusercontent.com/entando-k8s/devops-results/gh-pages/entando-portal-ui/PR-7/jacoco/jacoco-resources/branchnc.gif
Publishing https://raw.githubusercontent.com/entando-k8s/devops-results/gh-pages/entando-portal-ui/PR-7/jacoco/jacoco-resources/branchpc.gif
Publishing https://raw.githubusercontent.com/entando-k8s/devops-results/gh-pages/entando-portal-ui/PR-7/jacoco/jacoco-resources/bundle.gif
Publishing https://raw.githubusercontent.com/entando-k8s/devops-results/gh-pages/entando-portal-ui/PR-7/jacoco/jacoco-resources/class.gif
Publishing https://raw.githubusercontent.com/entando-k8s/devops-results/gh-pages/entando-portal-ui/PR-7/jacoco/jacoco-resources/down.gif
Publishing https://raw.githubusercontent.com/entando-k8s/devops-results/gh-pages/entando-portal-ui/PR-7/jacoco/jacoco-resources/greenbar.gif
Publishing https://raw.githubusercontent.com/entando-k8s/devops-results/gh-pages/entando-portal-ui/PR-7/jacoco/jacoco-resources/group.gif
Publishing https://raw.githubusercontent.com/entando-k8s/devops-results/gh-pages/entando-portal-ui/PR-7/jacoco/jacoco-resources/method.gif
Publishing https://raw.githubusercontent.com/entando-k8s/devops-results/gh-pages/entando-portal-ui/PR-7/jacoco/jacoco-resources/package.gif
Publishing https://raw.githubusercontent.com/entando-k8s/devops-results/gh-pages/entando-portal-ui/PR-7/jacoco/jacoco-resources/prettify.css
Publishing https://raw.githubusercontent.com/entando-k8s/devops-results/gh-pages/entando-portal-ui/PR-7/jacoco/jacoco-resources/prettify.js
Publishing https://raw.githubusercontent.com/entando-k8s/devops-results/gh-pages/entando-portal-ui/PR-7/jacoco/jacoco-resources/redbar.gif
Publishing https://raw.githubusercontent.com/entando-k8s/devops-results/gh-pages/entando-portal-ui/PR-7/jacoco/jacoco-resources/report.css
Publishing https://raw.githubusercontent.com/entando-k8s/devops-results/gh-pages/entando-portal-ui/PR-7/jacoco/jacoco-resources/report.gif
Publishing https://raw.githubusercontent.com/entando-k8s/devops-results/gh-pages/entando-portal-ui/PR-7/jacoco/jacoco-resources/session.gif
Publishing https://raw.githubusercontent.com/entando-k8s/devops-results/gh-pages/entando-portal-ui/PR-7/jacoco/jacoco-resources/sort.gif
Publishing https://raw.githubusercontent.com/entando-k8s/devops-results/gh-pages/entando-portal-ui/PR-7/jacoco/jacoco-resources/sort.js
Publishing https://raw.githubusercontent.com/entando-k8s/devops-results/gh-pages/entando-portal-ui/PR-7/jacoco/jacoco-resources/source.gif
Publishing https://raw.githubusercontent.com/entando-k8s/devops-results/gh-pages/entando-portal-ui/PR-7/jacoco/jacoco-resources/up.gif
Publishing https://raw.githubusercontent.com/entando-k8s/devops-results/gh-pages/entando-portal-ui/PR-7/jacoco/jacoco-sessions.html
Publishing https://raw.githubusercontent.com/entando-k8s/devops-results/gh-pages/entando-portal-ui/PR-7/jacoco/jacoco.csv
Publishing https://raw.githubusercontent.com/entando-k8s/devops-results/gh-pages/entando-portal-ui/PR-7/jacoco/jacoco.xml
Publishing https://raw.githubusercontent.com/entando-k8s/devops-results/gh-pages/entando-portal-ui/PR-7/jacoco/org.entando.entando.aps.servlet/ControllerServlet.html
Publishing https://raw.githubusercontent.com/entando-k8s/devops-results/gh-pages/entando-portal-ui/PR-7/jacoco/org.entando.entando.aps.servlet/ControllerServlet.java.html
Publishing https://raw.githubusercontent.com/entando-k8s/devops-results/gh-pages/entando-portal-ui/PR-7/jacoco/org.entando.entando.aps.servlet/PreviewControllerServlet.html
Publishing https://raw.githubusercontent.com/entando-k8s/devops-results/gh-pages/entando-portal-ui/PR-7/jacoco/org.entando.entando.aps.servlet/PreviewControllerServlet.java.html
Publishing https://raw.githubusercontent.com/entando-k8s/devops-results/gh-pages/entando-portal-ui/PR-7/jacoco/org.entando.entando.aps.servlet/XSSFilter.html
Publishing https://raw.githubusercontent.com/entando-k8s/devops-results/gh-pages/entando-portal-ui/PR-7/jacoco/org.entando.entando.aps.servlet/XSSFilter.java.html
Publishing https://raw.githubusercontent.com/entando-k8s/devops-results/gh-pages/entando-portal-ui/PR-7/jacoco/org.entando.entando.aps.servlet/XSSRequestWrapper.html
Publishing https://raw.githubusercontent.com/entando-k8s/devops-results/gh-pages/entando-portal-ui/PR-7/jacoco/org.entando.entando.aps.servlet/XSSRequestWrapper.java.html
Publishing https://raw.githubusercontent.com/entando-k8s/devops-results/gh-pages/entando-portal-ui/PR-7/jacoco/org.entando.entando.aps.servlet/index.html
Publishing https://raw.githubusercontent.com/entando-k8s/devops-results/gh-pages/entando-portal-ui/PR-7/jacoco/org.entando.entando.aps.servlet/index.source.html
Publishing https://raw.githubusercontent.com/entando-k8s/devops-results/gh-pages/entando-portal-ui/PR-7/jacoco/org.entando.entando.aps.******.services.controller.e**cutor/AbstractWidgetE**cutorService.html
Publishing https://raw.githubusercontent.com/entando-k8s/devops-results/gh-pages/entando-portal-ui/PR-7/jacoco/org.entando.entando.aps.******.services.controller.e**cutor/AbstractWidgetE**cutorService.java.html
Publishing https://raw.githubusercontent.com/entando-k8s/devops-results/gh-pages/entando-portal-ui/PR-7/jacoco/org.entando.entando.aps.******.services.controller.e**cutor/BufferedHttpResponseWrapper.html
Publishing https://raw.githubusercontent.com/entando-k8s/devops-results/gh-pages/entando-portal-ui/PR-7/jacoco/org.entando.entando.aps.******.services.controller.e**cutor/BufferedHttpResponseWrapper.java.html
Publishing https://raw.githubusercontent.com/entando-k8s/devops-results/gh-pages/entando-portal-ui/PR-7/jacoco/org.entando.entando.aps.******.services.controller.e**cutor/ContentNegotiationE**cutorService.html
Publishing https://raw.githubusercontent.com/entando-k8s/devops-results/gh-pages/entando-portal-ui/PR-7/jacoco/org.entando.entando.aps.******.services.controller.e**cutor/ContentNegotiationE**cutorService.java.html
Publishing https://raw.githubusercontent.com/entando-k8s/devops-results/gh-pages/entando-portal-ui/PR-7/jacoco/org.entando.entando.aps.******.services.controller.e**cutor/PageE**cutorService.html
Publishing https://raw.githubusercontent.com/entando-k8s/devops-results/gh-pages/entando-portal-ui/PR-7/jacoco/org.entando.entando.aps.******.services.controller.e**cutor/PageE**cutorService.java.html
Publishing https://raw.githubusercontent.com/entando-k8s/devops-results/gh-pages/entando-portal-ui/PR-7/jacoco/org.entando.entando.aps.******.services.controller.e**cutor/WidgetE**cutorService.html
Publishing https://raw.githubusercontent.com/entando-k8s/devops-results/gh-pages/entando-portal-ui/PR-7/jacoco/org.entando.entando.aps.******.services.controller.e**cutor/WidgetE**cutorService.java.html
Publishing https://raw.githubusercontent.com/entando-k8s/devops-results/gh-pages/entando-portal-ui/PR-7/jacoco/org.entando.entando.aps.******.services.controller.e**cutor/index.html
Publishing https://raw.githubusercontent.com/entando-k8s/devops-results/gh-pages/entando-portal-ui/PR-7/jacoco/org.entando.entando.aps.******.services.controller.e**cutor/index.source.html
Publishing https://raw.githubusercontent.com/entando-k8s/devops-results/gh-pages/entando-portal-ui/PR-7/jacoco/org.entando.entando.aps.******.services.controller.preview.control/PreviewErrorManager.html
Publishing https://raw.githubusercontent.com/entando-k8s/devops-results/gh-pages/entando-portal-ui/PR-7/jacoco/org.entando.entando.aps.******.services.controller.preview.control/PreviewErrorManager.java.html
Publishing https://raw.githubusercontent.com/entando-k8s/devops-results/gh-pages/entando-portal-ui/PR-7/jacoco/org.entando.entando.aps.******.services.controller.preview.control/PreviewRequestAuthorizator.html
Publishing https://raw.githubusercontent.com/entando-k8s/devops-results/gh-pages/entando-portal-ui/PR-7/jacoco/org.entando.entando.aps.******.services.controller.preview.control/PreviewRequestAuthorizator.java.html
Publishing https://raw.githubusercontent.com/entando-k8s/devops-results/gh-pages/entando-portal-ui/PR-7/jacoco/org.entando.entando.aps.******.services.controller.preview.control/PreviewRequestValidator.html
Publishing https://raw.githubusercontent.com/entando-k8s/devops-results/gh-pages/entando-portal-ui/PR-7/jacoco/org.entando.entando.aps.******.services.controller.preview.control/PreviewRequestValidator.java.html
Publishing https://raw.githubusercontent.com/entando-k8s/devops-results/gh-pages/entando-portal-ui/PR-7/jacoco/org.entando.entando.aps.******.services.controller.preview.control/index.html
Publishing https://raw.githubusercontent.com/entando-k8s/devops-results/gh-pages/entando-portal-ui/PR-7/jacoco/org.entando.entando.aps.******.services.controller.preview.control/index.source.html
Publishing https://raw.githubusercontent.com/entando-k8s/devops-results/gh-pages/entando-portal-ui/PR-7/licenses.html
Publishing https://raw.githubusercontent.com/entando-k8s/devops-results/gh-pages/entando-portal-ui/PR-7/plugins.html
Publishing https://raw.githubusercontent.com/entando-k8s/devops-results/gh-pages/entando-portal-ui/PR-7/project-info.html
Publishing https://raw.githubusercontent.com/entando-k8s/devops-results/gh-pages/entando-portal-ui/PR-7/scm.html
Publishing https://raw.githubusercontent.com/entando-k8s/devops-results/gh-pages/entando-portal-ui/PR-7/summary.html
Publishing https://raw.githubusercontent.com/entando-k8s/devops-results/gh-pages/entando-portal-ui/PR-7/surefire-report.html
stashed: https://raw.githubusercontent.com/entando-k8s/devops-results/gh-pages/entando-portal-ui/PR-7/css/maven-base.css
stashed: https://raw.githubusercontent.com/entando-k8s/devops-results/gh-pages/entando-portal-ui/PR-7/css/maven-theme.css
stashed: https://raw.githubusercontent.com/entando-k8s/devops-results/gh-pages/entando-portal-ui/PR-7/css/print.css
stashed: https://raw.githubusercontent.com/entando-k8s/devops-results/gh-pages/entando-portal-ui/PR-7/css/site.css
stashed: https://raw.githubusercontent.com/entando-k8s/devops-results/gh-pages/entando-portal-ui/PR-7/dependency-check-junit.xml
stashed: https://raw.githubusercontent.com/entando-k8s/devops-results/gh-pages/entando-portal-ui/PR-7/dependency-check-report.html
stashed: https://raw.githubusercontent.com/entando-k8s/devops-results/gh-pages/entando-portal-ui/PR-7/dependency-check-report.xml
stashed: https://raw.githubusercontent.com/entando-k8s/devops-results/gh-pages/entando-portal-ui/PR-7/dependency-info.html
stashed: https://raw.githubusercontent.com/entando-k8s/devops-results/gh-pages/entando-portal-ui/PR-7/images/collapsed.gif
stashed: https://raw.githubusercontent.com/entando-k8s/devops-results/gh-pages/entando-portal-ui/PR-7/images/expanded.gif
stashed: https://raw.githubusercontent.com/entando-k8s/devops-results/gh-pages/entando-portal-ui/PR-7/images/external.png
stashed: https://raw.githubusercontent.com/entando-k8s/devops-results/gh-pages/entando-portal-ui/PR-7/images/icon_error_sml.gif
stashed: https://raw.githubusercontent.com/entando-k8s/devops-results/gh-pages/entando-portal-ui/PR-7/images/icon_info_sml.gif
stashed: https://raw.githubusercontent.com/entando-k8s/devops-results/gh-pages/entando-portal-ui/PR-7/images/icon_success_sml.gif
stashed: https://raw.githubusercontent.com/entando-k8s/devops-results/gh-pages/entando-portal-ui/PR-7/images/icon_warning_sml.gif
stashed: https://raw.githubusercontent.com/entando-k8s/devops-results/gh-pages/entando-portal-ui/PR-7/images/logos/build-by-maven-black.png
stashed: https://raw.githubusercontent.com/entando-k8s/devops-results/gh-pages/entando-portal-ui/PR-7/images/logos/build-by-maven-white.png
stashed: https://raw.githubusercontent.com/entando-k8s/devops-results/gh-pages/entando-portal-ui/PR-7/images/logos/maven-feather.png
stashed: https://raw.githubusercontent.com/entando-k8s/devops-results/gh-pages/entando-portal-ui/PR-7/images/newwindow.png
stashed: https://raw.githubusercontent.com/entando-k8s/devops-results/gh-pages/entando-portal-ui/PR-7/index.html
stashed: https://raw.githubusercontent.com/entando-k8s/devops-results/gh-pages/entando-portal-ui/PR-7/issue-management.html
stashed: https://raw.githubusercontent.com/entando-k8s/devops-results/gh-pages/entando-portal-ui/PR-7/jacoco/com.agiletec.aps.******.services.controller/ControllerManager.html
stashed: https://raw.githubusercontent.com/entando-k8s/devops-results/gh-pages/entando-portal-ui/PR-7/jacoco/com.agiletec.aps.******.services.controller/ControllerManager.java.html
stashed: https://raw.githubusercontent.com/entando-k8s/devops-results/gh-pages/entando-portal-ui/PR-7/jacoco/com.agiletec.aps.******.services.controller/index.html
stashed: https://raw.githubusercontent.com/entando-k8s/devops-results/gh-pages/entando-portal-ui/PR-7/jacoco/com.agiletec.aps.******.services.controller/index.source.html
stashed: https://raw.githubusercontent.com/entando-k8s/devops-results/gh-pages/entando-portal-ui/PR-7/jacoco/com.agiletec.aps.******.services.controller.control/AbstractControlService.html
stashed: https://raw.githubusercontent.com/entando-k8s/devops-results/gh-pages/entando-portal-ui/PR-7/jacoco/com.agiletec.aps.******.services.controller.control/AbstractControlService.java.html
stashed: https://raw.githubusercontent.com/entando-k8s/devops-results/gh-pages/entando-portal-ui/PR-7/jacoco/com.agiletec.aps.******.services.controller.control/Authenticator.html
stashed: https://raw.githubusercontent.com/entando-k8s/devops-results/gh-pages/entando-portal-ui/PR-7/jacoco/com.agiletec.aps.******.services.controller.control/Authenticator.java.html
stashed: https://raw.githubusercontent.com/entando-k8s/devops-results/gh-pages/entando-portal-ui/PR-7/jacoco/com.agiletec.aps.******.services.controller.control/ErrorManager.html
stashed: https://raw.githubusercontent.com/entando-k8s/devops-results/gh-pages/entando-portal-ui/PR-7/jacoco/com.agiletec.aps.******.services.controller.control/ErrorManager.java.html
stashed: https://raw.githubusercontent.com/entando-k8s/devops-results/gh-pages/entando-portal-ui/PR-7/jacoco/com.agiletec.aps.******.services.controller.control/RequestAuthorizator.html
stashed: https://raw.githubusercontent.com/entando-k8s/devops-results/gh-pages/entando-portal-ui/PR-7/jacoco/com.agiletec.aps.******.services.controller.control/RequestAuthorizator.java.html
stashed: https://raw.githubusercontent.com/entando-k8s/devops-results/gh-pages/entando-portal-ui/PR-7/jacoco/com.agiletec.aps.******.services.controller.control/RequestValidator.html
stashed: https://raw.githubusercontent.com/entando-k8s/devops-results/gh-pages/entando-portal-ui/PR-7/jacoco/com.agiletec.aps.******.services.controller.control/RequestValidator.java.html
stashed: https://raw.githubusercontent.com/entando-k8s/devops-results/gh-pages/entando-portal-ui/PR-7/jacoco/com.agiletec.aps.******.services.controller.control/index.html
stashed: https://raw.githubusercontent.com/entando-k8s/devops-results/gh-pages/entando-portal-ui/PR-7/jacoco/com.agiletec.aps.******.services.controller.control/index.source.html
stashed: https://raw.githubusercontent.com/entando-k8s/devops-results/gh-pages/entando-portal-ui/PR-7/jacoco/index.html
stashed: https://raw.githubusercontent.com/entando-k8s/devops-results/gh-pages/entando-portal-ui/PR-7/jacoco/jacoco-resources/branchfc.gif
stashed: https://raw.githubusercontent.com/entando-k8s/devops-results/gh-pages/entando-portal-ui/PR-7/jacoco/jacoco-resources/branchnc.gif
stashed: https://raw.githubusercontent.com/entando-k8s/devops-results/gh-pages/entando-portal-ui/PR-7/jacoco/jacoco-resources/branchpc.gif
stashed: https://raw.githubusercontent.com/entando-k8s/devops-results/gh-pages/entando-portal-ui/PR-7/jacoco/jacoco-resources/bundle.gif
stashed: https://raw.githubusercontent.com/entando-k8s/devops-results/gh-pages/entando-portal-ui/PR-7/jacoco/jacoco-resources/class.gif
stashed: https://raw.githubusercontent.com/entando-k8s/devops-results/gh-pages/entando-portal-ui/PR-7/jacoco/jacoco-resources/down.gif
stashed: https://raw.githubusercontent.com/entando-k8s/devops-results/gh-pages/entando-portal-ui/PR-7/jacoco/jacoco-resources/greenbar.gif
stashed: https://raw.githubusercontent.com/entando-k8s/devops-results/gh-pages/entando-portal-ui/PR-7/jacoco/jacoco-resources/group.gif
stashed: https://raw.githubusercontent.com/entando-k8s/devops-results/gh-pages/entando-portal-ui/PR-7/jacoco/jacoco-resources/method.gif
stashed: https://raw.githubusercontent.com/entando-k8s/devops-results/gh-pages/entando-portal-ui/PR-7/jacoco/jacoco-resources/package.gif
stashed: https://raw.githubusercontent.com/entando-k8s/devops-results/gh-pages/entando-portal-ui/PR-7/jacoco/jacoco-resources/prettify.css
stashed: https://raw.githubusercontent.com/entando-k8s/devops-results/gh-pages/entando-portal-ui/PR-7/jacoco/jacoco-resources/prettify.js
stashed: https://raw.githubusercontent.com/entando-k8s/devops-results/gh-pages/entando-portal-ui/PR-7/jacoco/jacoco-resources/redbar.gif
stashed: https://raw.githubusercontent.com/entando-k8s/devops-results/gh-pages/entando-portal-ui/PR-7/jacoco/jacoco-resources/report.css
stashed: https://raw.githubusercontent.com/entando-k8s/devops-results/gh-pages/entando-portal-ui/PR-7/jacoco/jacoco-resources/report.gif
stashed: https://raw.githubusercontent.com/entando-k8s/devops-results/gh-pages/entando-portal-ui/PR-7/jacoco/jacoco-resources/session.gif
stashed: https://raw.githubusercontent.com/entando-k8s/devops-results/gh-pages/entando-portal-ui/PR-7/jacoco/jacoco-resources/sort.gif
stashed: https://raw.githubusercontent.com/entando-k8s/devops-results/gh-pages/entando-portal-ui/PR-7/jacoco/jacoco-resources/sort.js
stashed: https://raw.githubusercontent.com/entando-k8s/devops-results/gh-pages/entando-portal-ui/PR-7/jacoco/jacoco-resources/source.gif
stashed: https://raw.githubusercontent.com/entando-k8s/devops-results/gh-pages/entando-portal-ui/PR-7/jacoco/jacoco-resources/up.gif
stashed: https://raw.githubusercontent.com/entando-k8s/devops-results/gh-pages/entando-portal-ui/PR-7/jacoco/jacoco-sessions.html
stashed: https://raw.githubusercontent.com/entando-k8s/devops-results/gh-pages/entando-portal-ui/PR-7/jacoco/jacoco.csv
stashed: https://raw.githubusercontent.com/entando-k8s/devops-results/gh-pages/entando-portal-ui/PR-7/jacoco/jacoco.xml
stashed: https://raw.githubusercontent.com/entando-k8s/devops-results/gh-pages/entando-portal-ui/PR-7/jacoco/org.entando.entando.aps.servlet/ControllerServlet.html
stashed: https://raw.githubusercontent.com/entando-k8s/devops-results/gh-pages/entando-portal-ui/PR-7/jacoco/org.entando.entando.aps.servlet/ControllerServlet.java.html
stashed: https://raw.githubusercontent.com/entando-k8s/devops-results/gh-pages/entando-portal-ui/PR-7/jacoco/org.entando.entando.aps.servlet/PreviewControllerServlet.html
stashed: https://raw.githubusercontent.com/entando-k8s/devops-results/gh-pages/entando-portal-ui/PR-7/jacoco/org.entando.entando.aps.servlet/PreviewControllerServlet.java.html
stashed: https://raw.githubusercontent.com/entando-k8s/devops-results/gh-pages/entando-portal-ui/PR-7/jacoco/org.entando.entando.aps.servlet/XSSFilter.html
stashed: https://raw.githubusercontent.com/entando-k8s/devops-results/gh-pages/entando-portal-ui/PR-7/jacoco/org.entando.entando.aps.servlet/XSSFilter.java.html
stashed: https://raw.githubusercontent.com/entando-k8s/devops-results/gh-pages/entando-portal-ui/PR-7/jacoco/org.entando.entando.aps.servlet/XSSRequestWrapper.html
stashed: https://raw.githubusercontent.com/entando-k8s/devops-results/gh-pages/entando-portal-ui/PR-7/jacoco/org.entando.entando.aps.servlet/XSSRequestWrapper.java.html
stashed: https://raw.githubusercontent.com/entando-k8s/devops-results/gh-pages/entando-portal-ui/PR-7/jacoco/org.entando.entando.aps.servlet/index.html
stashed: https://raw.githubusercontent.com/entando-k8s/devops-results/gh-pages/entando-portal-ui/PR-7/jacoco/org.entando.entando.aps.servlet/index.source.html
stashed: https://raw.githubusercontent.com/entando-k8s/devops-results/gh-pages/entando-portal-ui/PR-7/jacoco/org.entando.entando.aps.******.services.controller.e**cutor/AbstractWidgetE**cutorService.html
stashed: https://raw.githubusercontent.com/entando-k8s/devops-results/gh-pages/entando-portal-ui/PR-7/jacoco/org.entando.entando.aps.******.services.controller.e**cutor/AbstractWidgetE**cutorService.java.html
stashed: https://raw.githubusercontent.com/entando-k8s/devops-results/gh-pages/entando-portal-ui/PR-7/jacoco/org.entando.entando.aps.******.services.controller.e**cutor/BufferedHttpResponseWrapper.html
stashed: https://raw.githubusercontent.com/entando-k8s/devops-results/gh-pages/entando-portal-ui/PR-7/jacoco/org.entando.entando.aps.******.services.controller.e**cutor/BufferedHttpResponseWrapper.java.html
stashed: https://raw.githubusercontent.com/entando-k8s/devops-results/gh-pages/entando-portal-ui/PR-7/jacoco/org.entando.entando.aps.******.services.controller.e**cutor/ContentNegotiationE**cutorService.html
stashed: https://raw.githubusercontent.com/entando-k8s/devops-results/gh-pages/entando-portal-ui/PR-7/jacoco/org.entando.entando.aps.******.services.controller.e**cutor/ContentNegotiationE**cutorService.java.html
stashed: https://raw.githubusercontent.com/entando-k8s/devops-results/gh-pages/entando-portal-ui/PR-7/jacoco/org.entando.entando.aps.******.services.controller.e**cutor/PageE**cutorService.html
stashed: https://raw.githubusercontent.com/entando-k8s/devops-results/gh-pages/entando-portal-ui/PR-7/jacoco/org.entando.entando.aps.******.services.controller.e**cutor/PageE**cutorService.java.html
stashed: https://raw.githubusercontent.com/entando-k8s/devops-results/gh-pages/entando-portal-ui/PR-7/jacoco/org.entando.entando.aps.******.services.controller.e**cutor/WidgetE**cutorService.html
stashed: https://raw.githubusercontent.com/entando-k8s/devops-results/gh-pages/entando-portal-ui/PR-7/jacoco/org.entando.entando.aps.******.services.controller.e**cutor/WidgetE**cutorService.java.html
stashed: https://raw.githubusercontent.com/entando-k8s/devops-results/gh-pages/entando-portal-ui/PR-7/jacoco/org.entando.entando.aps.******.services.controller.e**cutor/index.html
stashed: https://raw.githubusercontent.com/entando-k8s/devops-results/gh-pages/entando-portal-ui/PR-7/jacoco/org.entando.entando.aps.******.services.controller.e**cutor/index.source.html
stashed: https://raw.githubusercontent.com/entando-k8s/devops-results/gh-pages/entando-portal-ui/PR-7/jacoco/org.entando.entando.aps.******.services.controller.preview.control/PreviewErrorManager.html
stashed: https://raw.githubusercontent.com/entando-k8s/devops-results/gh-pages/entando-portal-ui/PR-7/jacoco/org.entando.entando.aps.******.services.controller.preview.control/PreviewErrorManager.java.html
stashed: https://raw.githubusercontent.com/entando-k8s/devops-results/gh-pages/entando-portal-ui/PR-7/jacoco/org.entando.entando.aps.******.services.controller.preview.control/PreviewRequestAuthorizator.html
stashed: https://raw.githubusercontent.com/entando-k8s/devops-results/gh-pages/entando-portal-ui/PR-7/jacoco/org.entando.entando.aps.******.services.controller.preview.control/PreviewRequestAuthorizator.java.html
stashed: https://raw.githubusercontent.com/entando-k8s/devops-results/gh-pages/entando-portal-ui/PR-7/jacoco/org.entando.entando.aps.******.services.controller.preview.control/PreviewRequestValidator.html
stashed: https://raw.githubusercontent.com/entando-k8s/devops-results/gh-pages/entando-portal-ui/PR-7/jacoco/org.entando.entando.aps.******.services.controller.preview.control/PreviewRequestValidator.java.html
stashed: https://raw.githubusercontent.com/entando-k8s/devops-results/gh-pages/entando-portal-ui/PR-7/jacoco/org.entando.entando.aps.******.services.controller.preview.control/index.html
stashed: https://raw.githubusercontent.com/entando-k8s/devops-results/gh-pages/entando-portal-ui/PR-7/jacoco/org.entando.entando.aps.******.services.controller.preview.control/index.source.html
stashed: https://raw.githubusercontent.com/entando-k8s/devops-results/gh-pages/entando-portal-ui/PR-7/licenses.html
stashed: https://raw.githubusercontent.com/entando-k8s/devops-results/gh-pages/entando-portal-ui/PR-7/plugins.html
stashed: https://raw.githubusercontent.com/entando-k8s/devops-results/gh-pages/entando-portal-ui/PR-7/project-info.html
stashed: https://raw.githubusercontent.com/entando-k8s/devops-results/gh-pages/entando-portal-ui/PR-7/scm.html
stashed: https://raw.githubusercontent.com/entando-k8s/devops-results/gh-pages/entando-portal-ui/PR-7/summary.html
stashed: https://raw.githubusercontent.com/entando-k8s/devops-results/gh-pages/entando-portal-ui/PR-7/surefire-report.html
error: etcdserver: request is too large
  % Total    % Received % Xferd  Average Speed   Time    Time     Time  Current
                                 Dload  Upload   Total   Spent    Left  Speed
{
  "url": "https://api.github.com/repos/entando/entando-portal-ui/statuses/0f809e4925d2d080b0bdddd07975e9ec0f8d01ee",
  "avatar_url": "https://avatars2.githubusercontent.com/u/57885396?v=4",
  "id": 10969639000,
  "node_id": "MDEzOlN0YXR1c0NvbnRleHQxMDk2OTYzOTAwMA==",
  "state": "success",
  "description": "Pre-deployment tests success!",
  "target_url": "https://entando-k8s.github.io/devops-results/entando-portal-ui/PR-7/surefire-report.html",
  "context": "Pre-deployment tests",
  "created_at": "2020-10-06T15:44:06Z",
  "updated_at": "2020-10-06T15:44:06Z",
  "creator": {
    "login": "**********",
    "id": 57885396,
    "node_id": "MDQ6VXNlcjU3ODg1Mzk2",
    "avatar_url": "https://avatars2.githubusercontent.com/u/57885396?v=4",
    "gravatar_id": "",
    "url": "https://api.github.com/users/entando-**",
    "html_url": "https://github.com/**********",
    "followers_url": "https://api.github.com/users/**********/followers",
    "following_url": "https://api.github.com/users/entando-**/following{/other_user}",
    "gists_url": "https://api.github.com/users/**********/gists{/gist_id}",
    "starred_url": "https://api.github.com/users/**********/starred{/owner}{/repo}",
    "subscriptions_url": "https://api.github.com/users/entando-**/subscriptions",
    "organizations_url": "https://api.github.com/users/entando-**/orgs",
    "repos_url": "https://api.github.com/users/entando-**/repos",
    "events_url": "https://api.github.com/users/entando-**/events{/privacy}",
    "received_events_url": "https://api.github.com/users/**********/received_events",
    "type": "User",
    "site_*****": *****
  }
}
  0     0    0     0    0     0      0      0 --:--:-- --:--:-- --:--:--     0 11  1834    0     0  100   208      0    313 --:--:-- --:--:-- --:--:--   313100  1834  100  1626  100   208   2451    313 --:--:-- --:--:-- --:--:--  2448
  % Total    % Received % Xferd  Average Speed   Time    Time     Time  Current
                                 Dload  Upload   Total   Spent    Left  Speed
{
  "url": "https://api.github.com/repos/entando/entando-portal-ui/statuses/0f809e4925d2d080b0bdddd07975e9ec0f8d01ee",
  "avatar_url": "https://avatars2.githubusercontent.com/u/57885396?v=4",
  "id": 10969639167,
  0     0    0     0    0     0      0      0 --:--:-- --:--:-- --:--:--     0 10  1806    0     0  100   194      0    294 --:--:-- --:--:-- --:--:--   293100  1806  100  1612  100   194   2444    294 --:--:-- --:--:-- --:--:--  2442
  "node_id": "MDEzOlN0YXR1c0NvbnRleHQxMDk2OTYzOTE2Nw==",
  "state": "success",
  "description": "OWASP CVE success!",
  "target_url": "https://entando-k8s.github.io/devops-results/entando-portal-ui/PR-7/dependency-check-report.html",
  "context": "OWASP CVE",
  "created_at": "2020-10-06T15:44:07Z",
  "updated_at": "2020-10-06T15:44:07Z",
  "creator": {
    "login": "entando-**",
    "id": 57885396,
    "node_id": "MDQ6VXNlcjU3ODg1Mzk2",
    "avatar_url": "https://avatars2.githubusercontent.com/u/57885396?v=4",
    "gravatar_id": "",
    "url": "https://api.github.com/users/entando-**",
    "html_url": "https://github.com/entando-**",
    "followers_url": "https://api.github.com/users/entando-**/followers",
    "following_url": "https://api.github.com/users/entando-**/following{/other_user}",
    "gists_url": "https://api.github.com/users/entando-**/gists{/gist_id}",
    "starred_url": "https://api.github.com/users/entando-**/starred{/owner}{/repo}",
    "subscriptions_url": "https://api.github.com/users/entando-**/subscriptions",
    "organizations_url": "https://api.github.com/users/entando-**/orgs",
    "repos_url": "https://api.github.com/users/entando-**/repos",
    "events_url": "https://api.github.com/users/entando-**/events{/privacy}",
    "received_events_url": "https://api.github.com/users/entando-**/received_events",
    "type": "User",
    "site_*****": *****
  }
}
Congratulations! No build failures found for entando-portal-ui-PR-7.
