
Showing logs for build [32mentando-entando-portal-ui-maste-xp2dl-8[0m stage [32mfrom-build-pack[0m and container [32mstep-credential-initializer-m9rfp[0m
{"level":"warn","ts":1602000687.8408074,"logger":"fallback-logger","caller":"logging/config.go:69","msg":"Fetch GitHub commit ID from kodata failed: \"ref: refs/heads/0.8.0-**-support-backwards-incompats\" is not a valid GitHub commit ID"}
{"level":"info","ts":1602000687.8492873,"logger":"fallback-logger","caller":"creds-init/main.go:40","msg":"Credentials initialized."}

Showing logs for build [32mentando-entando-portal-ui-maste-xp2dl-8[0m stage [32mfrom-build-pack[0m and container [32mstep-working-dir-initializer-dbflx[0m
{"level":"warn","ts":1602000689.423945,"logger":"fallback-logger","caller":"logging/config.go:69","msg":"Fetch GitHub commit ID from kodata failed: open /var/run/ko/HEAD: no such file or directory"}
{"level":"info","ts":1602000689.4493709,"logger":"fallback-logger","caller":"bash/main.go:64","msg":"Successfully e**cuted command \"sh -c mkdir -p /workspace/source\"; output "}

Showing logs for build [32mentando-entando-portal-ui-maste-xp2dl-8[0m stage [32mfrom-build-pack[0m and container [32mstep-place-tools[0m

Showing logs for build [32mentando-entando-portal-ui-maste-xp2dl-8[0m stage [32mfrom-build-pack[0m and container [32mstep-git-source-entando-entando-portal-ui-maste-zdp44[0m
{"level":"warn","ts":1602000795.4886236,"logger":"fallback-logger","caller":"logging/config.go:69","msg":"Fetch GitHub commit ID from kodata failed: \"ref: refs/heads/0.8.0-**-support-backwards-incompats\" is not a valid GitHub commit ID"}
{"level":"info","ts":1602000797.1696224,"logger":"fallback-logger","caller":"git/git.go:103","msg":"Successfully cloned https://github.com/entando/entando-portal-ui.git @ v6.2.8 in path /workspace/source"}

Showing logs for build [32mentando-entando-portal-ui-maste-xp2dl-8[0m stage [32mfrom-build-pack[0m and container [32mstep-git-merge[0m
Using SHAs from PULL_REFS=master:0cdbda78ccb101353334eea4227ccad02fa8febd
WARNING: no SHAs to merge, falling back to initial cloned commit

Showing logs for build [32mentando-entando-portal-ui-maste-xp2dl-8[0m stage [32mfrom-build-pack[0m and container [32mstep-setup-jx-git-credentials[0m
Generated Git credentials file /workspace/xdg_config/git/credentials

Showing logs for build [32mentando-entando-portal-ui-maste-xp2dl-8[0m stage [32mfrom-build-pack[0m and container [32mstep-build-fetch-history-for-sonar[0m
From https://github.com/entando/entando-portal-ui
 * [new branch]      5.1.1-dev              -> origin/5.1.1-dev
 * [new branch]      EN-1939_implement_cropper -> origin/EN-1939_implement_cropper
 * [new branch]      EN-2299_SwaggerReverseProxy -> origin/EN-2299_SwaggerReverseProxy
 * [new branch]      EN-2313_Ratings        -> origin/EN-2313_Ratings
 * [new branch]      EN-2317                -> origin/EN-2317
 * [new branch]      EN-2338-JsonPatchJson  -> origin/EN-2338-JsonPatchJson
 * [new branch]      EN-4.3.6               -> origin/EN-4.3.6
 * [new branch]      ENDOC-34-update-readme -> origin/ENDOC-34-update-readme
 * [new branch]      ENG-283_labels         -> origin/ENG-283_labels
 * [new branch]      ENG-407-password-change-is-broken -> origin/ENG-407-password-change-is-broken
 * [new branch]      ENG-416_component-usage-improvement -> origin/ENG-416_component-usage-improvement
 * [new branch]      ENG-421_current-user-authorities -> origin/ENG-421_current-user-authorities
 * [new branch]      ENG-442-adding-csrf-protection -> origin/ENG-442-adding-csrf-protection
 * [new branch]      ENG-531_envForRedis    -> origin/ENG-531_envForRedis
 * [new branch]      ENG-531_envForRedis_master -> origin/ENG-531_envForRedis_master
 * [new branch]      ENG-612-oauth-session  -> origin/ENG-612-oauth-session
 * [new branch]      ENG-731-*****-console-cms-table-and-actions-on-content-list-table-unusable-due-to-content-description-been-too-long -> origin/ENG-731-*****-console-cms-table-and-actions-on-content-list-table-unusable-due-to-content-description-been-too-long
 * [new branch]      ENG-827_finalize_pipelines -> origin/ENG-827_finalize_pipelines
 * [new branch]      ENG-877-add-license-file-to-the-repositories-decoupled-from-core-and-components-for-eng-564 -> origin/ENG-877-add-license-file-to-the-repositories-decoupled-from-core-and-components-for-eng-564
 * [new branch]      ENG-950_removed_ac_war_dependency -> origin/ENG-950_removed_ac_war_dependency
 * [new branch]      Ver-6.1.0-release      -> origin/Ver-6.1.0-release
 * [new branch]      fix-password           -> origin/fix-password
 * [new branch]      manual_resultset_limit_offset -> origin/manual_resultset_limit_offset
 * [new branch]      master                 -> origin/master
 * [new branch]      ******Improvement      -> origin/******Improvement
 * [new branch]      ******_id              -> origin/******_id
 * [new branch]      redis-test-pj          -> origin/redis-test-pj
 * [new branch]      release_4.3            -> origin/release_4.3
 * [new branch]      removeApacheCxf        -> origin/removeApacheCxf
 * [new branch]      rzsouza_LoggingLibs    -> origin/rzsouza_LoggingLibs
 * [new branch]      update-*****           -> origin/update-*****
 * [new branch]      v5.0.3-dev             -> origin/v5.0.3-dev
 * [new branch]      v5.0.4-dev             -> origin/v5.0.4-dev
 * [new branch]      v5.2.1-dev             -> origin/v5.2.1-dev
 * [new branch]      v5.3.0-dev             -> origin/v5.3.0-dev
 * [new branch]      v6.1.1-release         -> origin/v6.1.1-release
 * [new branch]      widget_api_default_ui  -> origin/widget_api_default_ui
 * [new tag]         v4.3.5                 -> v4.3.5
 * [new tag]         v6.1.0                 -> v6.1.0
 * [new tag]         v6.1.1                 -> v6.1.1
 * [new tag]         v6.2.0-sprint1-rc      -> v6.2.0-sprint1-rc
 * [new tag]         v6.2.0-sprint2-rc      -> v6.2.0-sprint2-rc
 * [new tag]         v6.2.0-sprint3-rc      -> v6.2.0-sprint3-rc
 * [new tag]         v6.2.0-sprint4-rc      -> v6.2.0-sprint4-rc
 * [new tag]         v6.2.0-sprint5-rc      -> v6.2.0-sprint5-rc
 * [new tag]         v6.2.8                 -> v6.2.8
 * [new tag]         EN-4.3.2-CloudNative   -> EN-4.3.2-CloudNative
 * [new tag]         pia-crs4               -> pia-crs4
 * [new tag]         v4.2.0                 -> v4.2.0
 * [new tag]         v4.3.2-RC1             -> v4.3.2-RC1
 * [new tag]         v4.3.3                 -> v4.3.3
 * [new tag]         v4.3.4                 -> v4.3.4
 * [new tag]         v5.0.0                 -> v5.0.0
 * [new tag]         v5.0.0-pre             -> v5.0.0-pre
 * [new tag]         v5.0.2                 -> v5.0.2
 * [new tag]         v5.2.0                 -> v5.2.0
 * [new tag]         v5.3.0-comca           -> v5.3.0-comca

Showing logs for build [32mentando-entando-portal-ui-maste-xp2dl-8[0m stage [32mfrom-build-pack[0m and container [32mstep-build-mvn-deploy-release[0m
Picked up _JAVA_OPTIONS: -XX:+UnlockExperimentalVMOptions -Dsun.zip.disableMemoryMapping=true -XX:+UseParallelGC -XX:MinHeapFreeRatio=5 -XX:MaxHeapFreeRatio=10 -XX:GCTimeRatio=4 -XX:AdaptiveSizePolicyWeight=90 -Xms10m -Xmx8000m
[INFO] Scanning for projects...
[WARNING] The POM for org.eclipse.m2e:lifecycle-mapping:jar:1.0.0 is missing, no dependency information available
[WARNING] Failed to retrieve plugin descriptor for org.eclipse.m2e:lifecycle-mapping:1.0.0: Plugin org.eclipse.m2e:lifecycle-mapping:1.0.0 or one of its dependencies could not be resolved: Could not find artifact org.eclipse.m2e:lifecycle-mapping:jar:1.0.0 in nexus (http://nexus/repository/maven-group/)
[INFO] 
[INFO] ---------------< org.entando.entando:entando-portal-ui >----------------
[INFO] Building Entando Core: Portal UI 6.2.8
[INFO] --------------------------------[ war ]---------------------------------
[WARNING] The POM for com.sun.xml.bind:jaxb-impl:jar:2.2.11 is invalid, transitive dependencies (if any) will not be available, enable debug logging for more details
[INFO] 
[INFO] --- maven-clean-plugin:2.5:clean (default-clean) @ entando-portal-ui ---
[INFO] 
[INFO] --- maven-checkstyle-plugin:3.1.1:check (validate) @ entando-portal-ui ---
[INFO] 
[INFO] --- maven-checkstyle-plugin:3.1.1:checkstyle (validate) @ entando-portal-ui ---
[INFO] 
[INFO] --- jacoco-maven-plugin:0.8.5:prepare-agent (prepare-agent) @ entando-portal-ui ---
[INFO] argLine set to -javaagent:/home/jenkins/.mvnrepository/org/jacoco/org.jacoco.agent/0.8.5/org.jacoco.agent-0.8.5-runtime.jar=destfile=/workspace/source/target/jacoco.e**c
[INFO] 
[INFO] --- maven-resources-plugin:2.5:resources (default-resources) @ entando-portal-ui ---
[debug] e**cute contextualize
[INFO] Using 'UTF-8' encoding to copy filtered resources.
[INFO] Copying 8 resources
[INFO] Copying 1 resource
[INFO] Copying 0 resource
[INFO] Copying 0 resource to META-INF
[INFO] 
[INFO] --- maven-compiler-plugin:3.8.1:compile (default-compile) @ entando-portal-ui ---
[INFO] Changes detected - recompiling the module!
[INFO] Compiling 20 source files to /workspace/source/target/classes
[WARNING] /workspace/source/src/main/java/org/entando/entando/aps/******/services/controller/e**cutor/AbstractWidgetE**cutorService.java:[141,41] unchecked method invocation: method sort in class java.util.Collections is applied to given types
  required: java.util.List<T>,java.util.Comparator<? super T>
  found: java.util.List<com.agiletec.aps.tags.util.IFrameDecoratorContainer>,org.apache.commons.beanutils.BeanComparator
[WARNING] /workspace/source/src/main/java/org/entando/entando/aps/******/services/controller/e**cutor/AbstractWidgetE**cutorService.java:[141,55] unchecked conversion
  required: java.util.Comparator<? super T>
  found:    org.apache.commons.beanutils.BeanComparator
[WARNING] /workspace/source/src/main/java/org/entando/entando/aps/servlet/ControllerServlet.java:[114,123] unchecked cast
  required: java.util.List<org.entando.entando.aps.******.services.controller.e**cutor.E**cutorServiceInterface>
  found:    java.lang.Object
[WARNING] /workspace/source/src/main/java/org/entando/entando/aps/servlet/PreviewControllerServlet.java:[77,120] unchecked cast
  required: java.util.List<com.agiletec.aps.******.services.controller.control.ControlServiceInterface>
  found:    java.lang.Object
[INFO] /workspace/source/src/main/java/org/entando/entando/aps/******/services/controller/e**cutor/AbstractWidgetE**cutorService.java: Some input files use or override a deprecated API.
[INFO] /workspace/source/src/main/java/org/entando/entando/aps/******/services/controller/e**cutor/AbstractWidgetE**cutorService.java: Recompile with -Xlint:deprecation for details.
[INFO] 
[INFO] --- maven-resources-plugin:2.5:copy-resources (copy-resources-test) @ entando-portal-ui ---
[debug] e**cute contextualize
[INFO] Using 'UTF-8' encoding to copy filtered resources.
[INFO] Copying 4 resources
[INFO] 
[INFO] --- maven-resources-plugin:2.5:copy-resources (copy-resources-file-test-) @ entando-portal-ui ---
[debug] e**cute contextualize
[INFO] Using 'UTF-8' encoding to copy filtered resources.
[INFO] Copying 4 resources
[INFO] 
[INFO] --- maven-resources-plugin:2.5:testResources (default-testResources) @ entando-portal-ui ---
[debug] e**cute contextualize
[INFO] Using 'UTF-8' encoding to copy filtered resources.
[INFO] Copying 3 resources
[INFO] 
[INFO] --- maven-compiler-plugin:3.8.1:testCompile (default-testCompile) @ entando-portal-ui ---
[INFO] Changes detected - recompiling the module!
[INFO] Compiling 8 source files to /workspace/source/target/test-classes
[INFO] /workspace/source/src/test/java/org/entando/entando/aps/******/services/controller/AbstractTestE**cutorService.java: /workspace/source/src/test/java/org/entando/entando/aps/******/services/controller/AbstractTestE**cutorService.java uses or overrides a deprecated API.
[INFO] /workspace/source/src/test/java/org/entando/entando/aps/******/services/controller/AbstractTestE**cutorService.java: Recompile with -Xlint:deprecation for details.
[INFO] 
[INFO] --- maven-surefire-plugin:3.0.0-M1:test (default-test) @ entando-portal-ui ---
[INFO] 
[INFO] -------------------------------------------------------
[INFO]  T E S T S
[INFO] -------------------------------------------------------
[INFO] Running org.entando.entando.aps.******.services.controller.control.TestAuthenticator
+ [ Component: Core ] :: SCHEMA
|   
|   Starting installation
|   
|   ( ok )  portDataSource.sysconfig
|   ( ok )  portDataSource.categories
|   ( ok )  portDataSource.localstrings
|   ( ok )  portDataSource.pagemodels
|   ( ok )  portDataSource.pages
|   ( ok )  portDataSource.pages_metadata_online
|   ( ok )  portDataSource.pages_metadata_draft
|   ( ok )  portDataSource.widgetcatalog
|   ( ok )  portDataSource.guifragment
|   ( ok )  portDataSource.widgetconfig
|   ( ok )  portDataSource.widgetconfig_draft
|   ( ok )  portDataSource.uniquekeys
|   
|   ( ok )  servDataSource.authgroups
|   ( ok )  servDataSource.authpermissions
|   ( ok )  servDataSource.authroles
|   ( ok )  servDataSource.authrolepermissions
|   ( ok )  servDataSource.authusers
|   ( ok )  servDataSource.authusergrouprole
|   ( ok )  servDataSource.api_oauth_consumers
|   ( ok )  servDataSource.api_oauth_tokens
|   ( ok )  servDataSource.apicatalog_methods
|   ( ok )  servDataSource.apicatalog_services
|   ( ok )  servDataSource.authuserprofiles
|   ( ok )  servDataSource.authuserprofilesearch
|   ( ok )  servDataSource.authuserprofileattrroles
|   ( ok )  servDataSource.actionlogrecords
|   ( ok )  servDataSource.actionlogrelations
|   ( ok )  servDataSource.actionloglikerecords
|   ( ok )  servDataSource.actionlogcommentrecords
|   ( ok )  servDataSource.dataobjectmodels
|   ( ok )  servDataSource.dataobjects
|   ( ok )  servDataSource.dataobjectrelations
|   ( ok )  servDataSource.dataobjectsearch
|   ( ok )  servDataSource.dataobjectattributeroles
|   
|   Installation complete
|   
+ [ Component: entando-*****-console ] :: SCHEMA
|   
|   Starting installation
|   
|   ( !! )  skipping portDataSource: not available
|   ( ok )  servDataSource.authusershortcuts
|   
|   
|   Installation complete
|   
+ [ Component: entando-portal-ui ] :: SCHEMA
|   
|   Starting installation
|   
|   ( !! )  skipping portDataSource: not available
|   ( !! )  skipping servDataSource: not available
|   
|   Installation complete
|   
+ [ Component: Core ] :: DATA
|   
|   Starting installation
|   
|   ( ok )  portDataSource
|   ( ok )  servDataSource
|   
|   Installation complete
|   
+ [ Component: entando-*****-console ] :: DATA
|   
|   Starting installation
|   
|   ( !! )  skipping portDataSource: not available
|   ( ok )  servDataSource
|   
|   Installation complete
|   
+ [ Component: entando-portal-ui ] :: DATA
|   
|   Starting installation
|   
|   ( !! )  skipping portDataSource: not available
|   ( !! )  skipping servDataSource: not available
|   
|   Installation complete
|   
+ [ Component: Core ] :: SCHEMA
|   
|   ( ok )  Already installed
|   
+ [ Component: entando-*****-console ] :: SCHEMA
|   
|   ( ok )  Already installed
|   
+ [ Component: entando-portal-ui ] :: SCHEMA
|   
|   ( ok )  Already installed
|   
+ [ Component: Core ] :: DATA
|   
|   ( ok )  Already installed. OK
|   
+ [ Component: entando-*****-console ] :: DATA
|   
|   ( ok )  Already installed
|   
SLF4J: Failed to load class "org.slf4j.impl.StaticLoggerBinder".
SLF4J: Defaulting to no-operation (NOP) logger implementation
SLF4J: See http://www.slf4j.org/codes.html#StaticLoggerBinder for further details.
+ [ Component: entando-portal-ui ] :: DATA
|   
|   ( ok )  Already installed
|   
+ [ Component: Core ] :: SCHEMA
|   
|   ( ok )  Already installed
|   
+ [ Component: entando-*****-console ] :: SCHEMA
|   
|   ( ok )  Already installed
|   
+ [ Component: entando-portal-ui ] :: SCHEMA
|   
|   ( ok )  Already installed
|   
+ [ Component: Core ] :: DATA
|   
|   ( ok )  Already installed. OK
|   
+ [ Component: entando-*****-console ] :: DATA
|   
|   ( ok )  Already installed
|   
+ [ Component: entando-portal-ui ] :: DATA
|   
|   ( ok )  Already installed
|   
+ [ Component: Core ] :: SCHEMA
|   
|   ( ok )  Already installed
|   
+ [ Component: entando-*****-console ] :: SCHEMA
|   
|   ( ok )  Already installed
|   
+ [ Component: entando-portal-ui ] :: SCHEMA
|   
|   ( ok )  Already installed
|   
+ [ Component: Core ] :: DATA
|   
|   ( ok )  Already installed. OK
|   
+ [ Component: entando-*****-console ] :: DATA
|   
|   ( ok )  Already installed
|   
+ [ Component: entando-portal-ui ] :: DATA
|   
|   ( ok )  Already installed
|   
+ [ Component: Core ] :: SCHEMA
|   
|   ( ok )  Already installed
|   
+ [ Component: entando-*****-console ] :: SCHEMA
|   
|   ( ok )  Already installed
|   
+ [ Component: entando-portal-ui ] :: SCHEMA
|   
|   ( ok )  Already installed
|   
+ [ Component: Core ] :: DATA
|   
|   ( ok )  Already installed. OK
|   
+ [ Component: entando-*****-console ] :: DATA
|   
|   ( ok )  Already installed
|   
+ [ Component: entando-portal-ui ] :: DATA
|   
|   ( ok )  Already installed
|   
+ [ Component: Core ] :: SCHEMA
|   
|   ( ok )  Already installed
|   
+ [ Component: entando-*****-console ] :: SCHEMA
|   
|   ( ok )  Already installed
|   
+ [ Component: entando-portal-ui ] :: SCHEMA
|   
|   ( ok )  Already installed
|   
+ [ Component: Core ] :: DATA
|   
|   ( ok )  Already installed. OK
|   
+ [ Component: entando-*****-console ] :: DATA
|   
|   ( ok )  Already installed
|   
+ [ Component: entando-portal-ui ] :: DATA
|   
|   ( ok )  Already installed
|   
[INFO] Tests run: 3, Failures: 0, Errors: 0, Skipped: 0, Time elapsed: 85.878 s - in org.entando.entando.aps.******.services.controller.control.TestAuthenticator
[INFO] Running org.entando.entando.aps.******.services.controller.control.TestRequestAuthorizator
+ [ Component: Core ] :: SCHEMA
|   
|   ( ok )  Already installed
|   
+ [ Component: entando-*****-console ] :: SCHEMA
|   
|   ( ok )  Already installed
|   
+ [ Component: entando-portal-ui ] :: SCHEMA
|   
|   ( ok )  Already installed
|   
+ [ Component: Core ] :: DATA
|   
|   ( ok )  Already installed. OK
|   
+ [ Component: entando-*****-console ] :: DATA
|   
|   ( ok )  Already installed
|   
+ [ Component: entando-portal-ui ] :: DATA
|   
|   ( ok )  Already installed
|   
+ [ Component: Core ] :: SCHEMA
|   
|   ( ok )  Already installed
|   
+ [ Component: entando-*****-console ] :: SCHEMA
|   
|   ( ok )  Already installed
|   
+ [ Component: entando-portal-ui ] :: SCHEMA
|   
|   ( ok )  Already installed
|   
+ [ Component: Core ] :: DATA
|   
|   ( ok )  Already installed. OK
|   
+ [ Component: entando-*****-console ] :: DATA
|   
|   ( ok )  Already installed
|   
+ [ Component: entando-portal-ui ] :: DATA
|   
|   ( ok )  Already installed
|   
+ [ Component: Core ] :: SCHEMA
|   
|   ( ok )  Already installed
|   
+ [ Component: entando-*****-console ] :: SCHEMA
|   
|   ( ok )  Already installed
|   
+ [ Component: entando-portal-ui ] :: SCHEMA
|   
|   ( ok )  Already installed
|   
+ [ Component: Core ] :: DATA
|   
|   ( ok )  Already installed. OK
|   
+ [ Component: entando-*****-console ] :: DATA
|   
|   ( ok )  Already installed
|   
+ [ Component: entando-portal-ui ] :: DATA
|   
|   ( ok )  Already installed
|   
+ [ Component: Core ] :: SCHEMA
|   
|   ( ok )  Already installed
|   
+ [ Component: entando-*****-console ] :: SCHEMA
|   
|   ( ok )  Already installed
|   
+ [ Component: entando-portal-ui ] :: SCHEMA
|   
|   ( ok )  Already installed
|   
+ [ Component: Core ] :: DATA
|   
|   ( ok )  Already installed. OK
|   
+ [ Component: entando-*****-console ] :: DATA
|   
|   ( ok )  Already installed
|   
+ [ Component: entando-portal-ui ] :: DATA
|   
|   ( ok )  Already installed
|   
+ [ Component: Core ] :: SCHEMA
|   
|   ( ok )  Already installed
|   
+ [ Component: entando-*****-console ] :: SCHEMA
|   
|   ( ok )  Already installed
|   
+ [ Component: entando-portal-ui ] :: SCHEMA
|   
|   ( ok )  Already installed
|   
+ [ Component: Core ] :: DATA
|   
|   ( ok )  Already installed. OK
|   
+ [ Component: entando-*****-console ] :: DATA
|   
|   ( ok )  Already installed
|   
+ [ Component: entando-portal-ui ] :: DATA
|   
|   ( ok )  Already installed
|   
+ [ Component: Core ] :: SCHEMA
|   
|   ( ok )  Already installed
|   
+ [ Component: entando-*****-console ] :: SCHEMA
|   
|   ( ok )  Already installed
|   
+ [ Component: entando-portal-ui ] :: SCHEMA
|   
|   ( ok )  Already installed
|   
+ [ Component: Core ] :: DATA
|   
|   ( ok )  Already installed. OK
|   
+ [ Component: entando-*****-console ] :: DATA
|   
|   ( ok )  Already installed
|   
+ [ Component: entando-portal-ui ] :: DATA
|   
|   ( ok )  Already installed
|   
+ [ Component: Core ] :: SCHEMA
|   
|   ( ok )  Already installed
|   
+ [ Component: entando-*****-console ] :: SCHEMA
|   
|   ( ok )  Already installed
|   
+ [ Component: entando-portal-ui ] :: SCHEMA
|   
|   ( ok )  Already installed
|   
+ [ Component: Core ] :: DATA
|   
|   ( ok )  Already installed. OK
|   
+ [ Component: entando-*****-console ] :: DATA
|   
|   ( ok )  Already installed
|   
+ [ Component: entando-portal-ui ] :: DATA
|   
|   ( ok )  Already installed
|   
+ [ Component: Core ] :: SCHEMA
|   
|   ( ok )  Already installed
|   
+ [ Component: entando-*****-console ] :: SCHEMA
|   
|   ( ok )  Already installed
|   
+ [ Component: entando-portal-ui ] :: SCHEMA
|   
|   ( ok )  Already installed
|   
+ [ Component: Core ] :: DATA
|   
|   ( ok )  Already installed. OK
|   
+ [ Component: entando-*****-console ] :: DATA
|   
|   ( ok )  Already installed
|   
+ [ Component: entando-portal-ui ] :: DATA
|   
|   ( ok )  Already installed
|   
[INFO] Tests run: 4, Failures: 0, Errors: 0, Skipped: 0, Time elapsed: 46.364 s - in org.entando.entando.aps.******.services.controller.control.TestRequestAuthorizator
[INFO] Running org.entando.entando.aps.******.services.controller.control.TestErrorManager
+ [ Component: Core ] :: SCHEMA
|   
|   ( ok )  Already installed
|   
+ [ Component: entando-*****-console ] :: SCHEMA
|   
|   ( ok )  Already installed
|   
+ [ Component: entando-portal-ui ] :: SCHEMA
|   
|   ( ok )  Already installed
|   
+ [ Component: Core ] :: DATA
|   
|   ( ok )  Already installed. OK
|   
+ [ Component: entando-*****-console ] :: DATA
|   
|   ( ok )  Already installed
|   
+ [ Component: entando-portal-ui ] :: DATA
|   
|   ( ok )  Already installed
|   
+ [ Component: Core ] :: SCHEMA
|   
|   ( ok )  Already installed
|   
+ [ Component: entando-*****-console ] :: SCHEMA
|   
|   ( ok )  Already installed
|   
+ [ Component: entando-portal-ui ] :: SCHEMA
|   
|   ( ok )  Already installed
|   
+ [ Component: Core ] :: DATA
|   
|   ( ok )  Already installed. OK
|   
+ [ Component: entando-*****-console ] :: DATA
|   
|   ( ok )  Already installed
|   
+ [ Component: entando-portal-ui ] :: DATA
|   
|   ( ok )  Already installed
|   
[INFO] Tests run: 1, Failures: 0, Errors: 0, Skipped: 0, Time elapsed: 10.864 s - in org.entando.entando.aps.******.services.controller.control.TestErrorManager
[INFO] Running org.entando.entando.aps.******.services.controller.control.TestRequestValidator
+ [ Component: Core ] :: SCHEMA
|   
|   ( ok )  Already installed
|   
+ [ Component: entando-*****-console ] :: SCHEMA
|   
|   ( ok )  Already installed
|   
+ [ Component: entando-portal-ui ] :: SCHEMA
|   
|   ( ok )  Already installed
|   
+ [ Component: Core ] :: DATA
|   
|   ( ok )  Already installed. OK
|   
+ [ Component: entando-*****-console ] :: DATA
|   
|   ( ok )  Already installed
|   
+ [ Component: entando-portal-ui ] :: DATA
|   
|   ( ok )  Already installed
|   
+ [ Component: Core ] :: SCHEMA
|   
|   ( ok )  Already installed
|   
+ [ Component: entando-*****-console ] :: SCHEMA
|   
|   ( ok )  Already installed
|   
+ [ Component: entando-portal-ui ] :: SCHEMA
|   
|   ( ok )  Already installed
|   
+ [ Component: Core ] :: DATA
|   
|   ( ok )  Already installed. OK
|   
+ [ Component: entando-*****-console ] :: DATA
|   
|   ( ok )  Already installed
|   
+ [ Component: entando-portal-ui ] :: DATA
|   
|   ( ok )  Already installed
|   
+ [ Component: Core ] :: SCHEMA
|   
|   ( ok )  Already installed
|   
+ [ Component: entando-*****-console ] :: SCHEMA
|   
|   ( ok )  Already installed
|   
+ [ Component: entando-portal-ui ] :: SCHEMA
|   
|   ( ok )  Already installed
|   
+ [ Component: Core ] :: DATA
|   
|   ( ok )  Already installed. OK
|   
+ [ Component: entando-*****-console ] :: DATA
|   
|   ( ok )  Already installed
|   
+ [ Component: entando-portal-ui ] :: DATA
|   
|   ( ok )  Already installed
|   
+ [ Component: Core ] :: SCHEMA
|   
|   ( ok )  Already installed
|   
+ [ Component: entando-*****-console ] :: SCHEMA
|   
|   ( ok )  Already installed
|   
+ [ Component: entando-portal-ui ] :: SCHEMA
|   
|   ( ok )  Already installed
|   
+ [ Component: Core ] :: DATA
|   
|   ( ok )  Already installed. OK
|   
+ [ Component: entando-*****-console ] :: DATA
|   
|   ( ok )  Already installed
|   
+ [ Component: entando-portal-ui ] :: DATA
|   
|   ( ok )  Already installed
|   
+ [ Component: Core ] :: SCHEMA
|   
|   ( ok )  Already installed
|   
+ [ Component: entando-*****-console ] :: SCHEMA
|   
|   ( ok )  Already installed
|   
+ [ Component: entando-portal-ui ] :: SCHEMA
|   
|   ( ok )  Already installed
|   
+ [ Component: Core ] :: DATA
|   
|   ( ok )  Already installed. OK
|   
+ [ Component: entando-*****-console ] :: DATA
|   
|   ( ok )  Already installed
|   
+ [ Component: entando-portal-ui ] :: DATA
|   
|   ( ok )  Already installed
|   
+ [ Component: Core ] :: SCHEMA
|   
|   ( ok )  Already installed
|   
+ [ Component: entando-*****-console ] :: SCHEMA
|   
|   ( ok )  Already installed
|   
+ [ Component: entando-portal-ui ] :: SCHEMA
|   
|   ( ok )  Already installed
|   
+ [ Component: Core ] :: DATA
|   
|   ( ok )  Already installed. OK
|   
+ [ Component: entando-*****-console ] :: DATA
|   
|   ( ok )  Already installed
|   
+ [ Component: entando-portal-ui ] :: DATA
|   
|   ( ok )  Already installed
|   
+ [ Component: Core ] :: SCHEMA
|   
|   ( ok )  Already installed
|   
+ [ Component: entando-*****-console ] :: SCHEMA
|   
|   ( ok )  Already installed
|   
+ [ Component: entando-portal-ui ] :: SCHEMA
|   
|   ( ok )  Already installed
|   
+ [ Component: Core ] :: DATA
|   
|   ( ok )  Already installed. OK
|   
+ [ Component: entando-*****-console ] :: DATA
|   
|   ( ok )  Already installed
|   
+ [ Component: entando-portal-ui ] :: DATA
|   
|   ( ok )  Already installed
|   
+ [ Component: Core ] :: SCHEMA
|   
|   ( ok )  Already installed
|   
+ [ Component: entando-*****-console ] :: SCHEMA
|   
|   ( ok )  Already installed
|   
+ [ Component: entando-portal-ui ] :: SCHEMA
|   
|   ( ok )  Already installed
|   
+ [ Component: Core ] :: DATA
|   
|   ( ok )  Already installed. OK
|   
+ [ Component: entando-*****-console ] :: DATA
|   
|   ( ok )  Already installed
|   
+ [ Component: entando-portal-ui ] :: DATA
|   
|   ( ok )  Already installed
|   
[INFO] Tests run: 4, Failures: 0, Errors: 0, Skipped: 0, Time elapsed: 46.522 s - in org.entando.entando.aps.******.services.controller.control.TestRequestValidator
[INFO] Running org.entando.entando.aps.******.services.controller.TestControllerManager
+ [ Component: Core ] :: SCHEMA
|   
|   ( ok )  Already installed
|   
+ [ Component: entando-*****-console ] :: SCHEMA
|   
|   ( ok )  Already installed
|   
+ [ Component: entando-portal-ui ] :: SCHEMA
|   
|   ( ok )  Already installed
|   
+ [ Component: Core ] :: DATA
|   
|   ( ok )  Already installed. OK
|   
+ [ Component: entando-*****-console ] :: DATA
|   
|   ( ok )  Already installed
|   
+ [ Component: entando-portal-ui ] :: DATA
|   
|   ( ok )  Already installed
|   
+ [ Component: Core ] :: SCHEMA
|   
|   ( ok )  Already installed
|   
+ [ Component: entando-*****-console ] :: SCHEMA
|   
|   ( ok )  Already installed
|   
+ [ Component: entando-portal-ui ] :: SCHEMA
|   
|   ( ok )  Already installed
|   
+ [ Component: Core ] :: DATA
|   
|   ( ok )  Already installed. OK
|   
+ [ Component: entando-*****-console ] :: DATA
|   
|   ( ok )  Already installed
|   
+ [ Component: entando-portal-ui ] :: DATA
|   
|   ( ok )  Already installed
|   
+ [ Component: Core ] :: SCHEMA
|   
|   ( ok )  Already installed
|   
+ [ Component: entando-*****-console ] :: SCHEMA
|   
|   ( ok )  Already installed
|   
+ [ Component: entando-portal-ui ] :: SCHEMA
|   
|   ( ok )  Already installed
|   
+ [ Component: Core ] :: DATA
|   
|   ( ok )  Already installed. OK
|   
+ [ Component: entando-*****-console ] :: DATA
|   
|   ( ok )  Already installed
|   
+ [ Component: entando-portal-ui ] :: DATA
|   
|   ( ok )  Already installed
|   
+ [ Component: Core ] :: SCHEMA
|   
|   ( ok )  Already installed
|   
+ [ Component: entando-*****-console ] :: SCHEMA
|   
|   ( ok )  Already installed
|   
+ [ Component: entando-portal-ui ] :: SCHEMA
|   
|   ( ok )  Already installed
|   
+ [ Component: Core ] :: DATA
|   
|   ( ok )  Already installed. OK
|   
+ [ Component: entando-*****-console ] :: DATA
|   
|   ( ok )  Already installed
|   
+ [ Component: entando-portal-ui ] :: DATA
|   
|   ( ok )  Already installed
|   
+ [ Component: Core ] :: SCHEMA
|   
|   ( ok )  Already installed
|   
+ [ Component: entando-*****-console ] :: SCHEMA
|   
|   ( ok )  Already installed
|   
+ [ Component: entando-portal-ui ] :: SCHEMA
|   
|   ( ok )  Already installed
|   
+ [ Component: Core ] :: DATA
|   
|   ( ok )  Already installed. OK
|   
+ [ Component: entando-*****-console ] :: DATA
|   
|   ( ok )  Already installed
|   
+ [ Component: entando-portal-ui ] :: DATA
|   
|   ( ok )  Already installed
|   
+ [ Component: Core ] :: SCHEMA
|   
|   ( ok )  Already installed
|   
+ [ Component: entando-*****-console ] :: SCHEMA
|   
|   ( ok )  Already installed
|   
+ [ Component: entando-portal-ui ] :: SCHEMA
|   
|   ( ok )  Already installed
|   
+ [ Component: Core ] :: DATA
|   
|   ( ok )  Already installed. OK
|   
+ [ Component: entando-*****-console ] :: DATA
|   
|   ( ok )  Already installed
|   
+ [ Component: entando-portal-ui ] :: DATA
|   
|   ( ok )  Already installed
|   
[INFO] Tests run: 3, Failures: 0, Errors: 0, Skipped: 0, Time elapsed: 32.103 s - in org.entando.entando.aps.******.services.controller.TestControllerManager
[INFO] 
[INFO] Results:
[INFO] 
[INFO] Tests run: 15, Failures: 0, Errors: 0, Skipped: 0
[INFO] 
[INFO] 
[INFO] --- maven-war-plugin:2.1.1:war (default-war) @ entando-portal-ui ---
WARNING: An illegal reflective access operation has occurred
WARNING: Illegal reflective access by com.thoughtworks.xstream.core.util.Fields (file:/home/jenkins/.mvnrepository/com/thoughtworks/xstream/xstream/1.3.1/xstream-1.3.1.jar) to field java.util.Properties.defaults
WARNING: Please consider reporting this to the maintainers of com.thoughtworks.xstream.core.util.Fields
WARNING: Use --illegal-access=warn to enable warnings of further illegal reflective access operations
WARNING: All illegal access operations will be denied in a future release
[INFO] Packaging webapp
[INFO] Assembling webapp [entando-portal-ui] in [/workspace/source/target/entando-portal-ui-6.2.8]
[INFO] Processing war project
[INFO] Copying webapp resources [/workspace/source/src/main/webapp]
[INFO] Building jar: /workspace/source/target/entando-portal-ui-6.2.8/WEB-INF/lib/entando-portal-ui-6.2.8.jar
[INFO] Webapp assembled in [1328 msecs]
[INFO] Building war: /workspace/source/target/entando-portal-ui-6.2.8.war
[INFO] 
[INFO] --- maven-jar-plugin:3.2.0:test-jar (build-test-jar) @ entando-portal-ui ---
[INFO] Building jar: /workspace/source/target/entando-portal-ui-6.2.8-tests.jar
[INFO] 
[INFO] --- maven-source-plugin:3.2.1:jar-no-fork (attach-sources) @ entando-portal-ui ---
[INFO] Building jar: /workspace/source/target/entando-portal-ui-6.2.8-sources.jar
[INFO] 
[INFO] >>> maven-source-plugin:3.2.1:test-jar (attach-sources) > generate-sources @ entando-portal-ui >>>
[INFO] 
[INFO] --- maven-checkstyle-plugin:3.1.1:check (validate) @ entando-portal-ui ---
[INFO] 
[INFO] --- maven-checkstyle-plugin:3.1.1:checkstyle (validate) @ entando-portal-ui ---
[INFO] 
[INFO] --- jacoco-maven-plugin:0.8.5:prepare-agent (prepare-agent) @ entando-portal-ui ---
[INFO] argLine set to -javaagent:/home/jenkins/.mvnrepository/org/jacoco/org.jacoco.agent/0.8.5/org.jacoco.agent-0.8.5-runtime.jar=destfile=/workspace/source/target/jacoco.e**c
[INFO] 
[INFO] <<< maven-source-plugin:3.2.1:test-jar (attach-sources) < generate-sources @ entando-portal-ui <<<
[INFO] 
[INFO] 
[INFO] --- maven-source-plugin:3.2.1:test-jar (attach-sources) @ entando-portal-ui ---
[INFO] Building jar: /workspace/source/target/entando-portal-ui-6.2.8-test-sources.jar
[INFO] 
[INFO] --- maven-javadoc-plugin:3.2.0:jar (attach-javadocs) @ entando-portal-ui ---
[WARNING] '/workspace/source/target/entando-portal-ui-6.2.8.war' not allowed on the path, only outputDirectories and jars are accepted
[INFO] No previous run data found, generating javadoc.
[INFO] 
Loading source files for package org.entando.entando.aps.******.services.controller.e**cutor...
Loading source files for package org.entando.entando.aps.******.services.controller.preview.control...
Loading source files for package org.entando.entando.aps.servlet...
Loading source files for package com.agiletec.aps.******.services.controller...
Loading source files for package com.agiletec.aps.******.services.controller.control...
Constructing Javadoc information...
Standard Doclet version 11.0.6
Building tree for all the packages and classes...
Generating /workspace/source/target/apidocs/com/agiletec/aps/******/services/controller/ControllerManager.html...
Generating /workspace/source/target/apidocs/com/agiletec/aps/******/services/controller/control/AbstractControlService.html...
Generating /workspace/source/target/apidocs/com/agiletec/aps/******/services/controller/control/Authenticator.html...
Generating /workspace/source/target/apidocs/com/agiletec/aps/******/services/controller/control/ControlServiceInterface.html...
Generating /workspace/source/target/apidocs/com/agiletec/aps/******/services/controller/control/ErrorManager.html...
Generating /workspace/source/target/apidocs/com/agiletec/aps/******/services/controller/control/RequestAuthorizator.html...
Generating /workspace/source/target/apidocs/com/agiletec/aps/******/services/controller/control/RequestValidator.html...
Generating /workspace/source/target/apidocs/org/entando/entando/aps/servlet/ControllerServlet.html...
Generating /workspace/source/target/apidocs/org/entando/entando/aps/servlet/PreviewControllerServlet.html...
Generating /workspace/source/target/apidocs/org/entando/entando/aps/servlet/XSSFilter.html...
Generating /workspace/source/target/apidocs/org/entando/entando/aps/servlet/XSSRequestWrapper.html...
Generating /workspace/source/target/apidocs/org/entando/entando/aps/******/services/controller/e**cutor/AbstractWidgetE**cutorService.html...
Generating /workspace/source/target/apidocs/org/entando/entando/aps/******/services/controller/e**cutor/BufferedHttpResponseWrapper.html...
Generating /workspace/source/target/apidocs/org/entando/entando/aps/******/services/controller/e**cutor/ContentNegotiationE**cutorService.html...
Generating /workspace/source/target/apidocs/org/entando/entando/aps/******/services/controller/e**cutor/E**cutorServiceInterface.html...
Generating /workspace/source/target/apidocs/org/entando/entando/aps/******/services/controller/e**cutor/PageE**cutorService.html...
Generating /workspace/source/target/apidocs/org/entando/entando/aps/******/services/controller/e**cutor/WidgetE**cutorService.html...
Generating /workspace/source/target/apidocs/org/entando/entando/aps/******/services/controller/preview/control/PreviewErrorManager.html...
Generating /workspace/source/target/apidocs/org/entando/entando/aps/******/services/controller/preview/control/PreviewRequestAuthorizator.html...
Generating /workspace/source/target/apidocs/org/entando/entando/aps/******/services/controller/preview/control/PreviewRequestValidator.html...
Generating /workspace/source/target/apidocs/com/agiletec/aps/******/services/controller/package-summary.html...
Generating /workspace/source/target/apidocs/com/agiletec/aps/******/services/controller/package-tree.html...
Generating /workspace/source/target/apidocs/com/agiletec/aps/******/services/controller/control/package-summary.html...
Generating /workspace/source/target/apidocs/com/agiletec/aps/******/services/controller/control/package-tree.html...
Generating /workspace/source/target/apidocs/org/entando/entando/aps/servlet/package-summary.html...
Generating /workspace/source/target/apidocs/org/entando/entando/aps/servlet/package-tree.html...
Generating /workspace/source/target/apidocs/org/entando/entando/aps/******/services/controller/e**cutor/package-summary.html...
Generating /workspace/source/target/apidocs/org/entando/entando/aps/******/services/controller/e**cutor/package-tree.html...
Generating /workspace/source/target/apidocs/org/entando/entando/aps/******/services/controller/preview/control/package-summary.html...
Generating /workspace/source/target/apidocs/org/entando/entando/aps/******/services/controller/preview/control/package-tree.html...
Generating /workspace/source/target/apidocs/constant-values.html...
Generating /workspace/source/target/apidocs/serialized-form.html...
Generating /workspace/source/target/apidocs/org/entando/entando/aps/******/services/controller/e**cutor/class-use/AbstractWidgetE**cutorService.html...
Generating /workspace/source/target/apidocs/org/entando/entando/aps/******/services/controller/e**cutor/class-use/PageE**cutorService.html...
Generating /workspace/source/target/apidocs/org/entando/entando/aps/******/services/controller/e**cutor/class-use/E**cutorServiceInterface.html...
Generating /workspace/source/target/apidocs/org/entando/entando/aps/******/services/controller/e**cutor/class-use/ContentNegotiationE**cutorService.html...
Generating /workspace/source/target/apidocs/org/entando/entando/aps/******/services/controller/e**cutor/class-use/WidgetE**cutorService.html...
Generating /workspace/source/target/apidocs/org/entando/entando/aps/******/services/controller/e**cutor/class-use/BufferedHttpResponseWrapper.html...
Generating /workspace/source/target/apidocs/org/entando/entando/aps/******/services/controller/preview/control/class-use/PreviewRequestAuthorizator.html...
Generating /workspace/source/target/apidocs/org/entando/entando/aps/******/services/controller/preview/control/class-use/PreviewErrorManager.html...
Generating /workspace/source/target/apidocs/org/entando/entando/aps/******/services/controller/preview/control/class-use/PreviewRequestValidator.html...
Generating /workspace/source/target/apidocs/org/entando/entando/aps/servlet/class-use/ControllerServlet.html...
Generating /workspace/source/target/apidocs/org/entando/entando/aps/servlet/class-use/PreviewControllerServlet.html...
Generating /workspace/source/target/apidocs/org/entando/entando/aps/servlet/class-use/XSSFilter.html...
Generating /workspace/source/target/apidocs/org/entando/entando/aps/servlet/class-use/XSSRequestWrapper.html...
Generating /workspace/source/target/apidocs/com/agiletec/aps/******/services/controller/class-use/ControllerManager.html...
Generating /workspace/source/target/apidocs/com/agiletec/aps/******/services/controller/control/class-use/RequestAuthorizator.html...
Generating /workspace/source/target/apidocs/com/agiletec/aps/******/services/controller/control/class-use/AbstractControlService.html...
Generating /workspace/source/target/apidocs/com/agiletec/aps/******/services/controller/control/class-use/RequestValidator.html...
Generating /workspace/source/target/apidocs/com/agiletec/aps/******/services/controller/control/class-use/Authenticator.html...
Generating /workspace/source/target/apidocs/com/agiletec/aps/******/services/controller/control/class-use/ControlServiceInterface.html...
Generating /workspace/source/target/apidocs/com/agiletec/aps/******/services/controller/control/class-use/ErrorManager.html...
Generating /workspace/source/target/apidocs/com/agiletec/aps/******/services/controller/package-use.html...
Generating /workspace/source/target/apidocs/com/agiletec/aps/******/services/controller/control/package-use.html...
Generating /workspace/source/target/apidocs/org/entando/entando/aps/servlet/package-use.html...
Generating /workspace/source/target/apidocs/org/entando/entando/aps/******/services/controller/e**cutor/package-use.html...
Generating /workspace/source/target/apidocs/org/entando/entando/aps/******/services/controller/preview/control/package-use.html...
Building index for all the packages and classes...
Generating /workspace/source/target/apidocs/overview-tree.html...
Generating /workspace/source/target/apidocs/index-all.html...
Building index for all classes...
Generating /workspace/source/target/apidocs/allclasses-index.html...
Generating /workspace/source/target/apidocs/allpackages-index.html...
Generating /workspace/source/target/apidocs/deprecated-list.html...
Building index for all classes...
Generating /workspace/source/target/apidocs/allclasses.html...
Generating /workspace/source/target/apidocs/allclasses.html...
Generating /workspace/source/target/apidocs/index.html...
Generating /workspace/source/target/apidocs/overview-summary.html...
Generating /workspace/source/target/apidocs/help-doc.html...
[INFO] Building jar: /workspace/source/target/entando-portal-ui-6.2.8-javadoc.jar
[INFO] 
[INFO] --- maven-assembly-plugin:2.2.1:single (package-classes) @ entando-portal-ui ---
[INFO] Reading assembly descriptor: /workspace/source/src/main/assembly/classes.xml
[INFO] Building jar: /workspace/source/target/entando-portal-ui-6.2.8-classes.jar
[INFO] 
[INFO] --- maven-surefire-report-plugin:3.0.0-M4:failsafe-report-only (integration-tests) @ entando-portal-ui ---
[INFO] 
[INFO] --- dependency-check-maven:5.3.2:aggregate (default) @ entando-portal-ui ---
[INFO] 

Dependency-Check is an open source tool performing a best effort analysis of 3rd party dependencies; ***** positives and ***** negatives may exist in the analysis performed by the tool. Use of the tool and the reporting provided constitutes acceptance for use in an AS IS condition, and there are NO warranties, implied or otherwise, with regard to the analysis or its use. Any use of the tool and the reporting provided is at the userâ€™s risk. In no event shall the copyright holder or OWASP be held liable for any damages whatsoever arising out of or in connection with the use of this tool, the analysis performed, or the resulting report.


[INFO] Analysis Started
[INFO] Finished Archive Analyzer (2 seconds)
[INFO] Finished File Name Analyzer (0 seconds)
[INFO] Finished Jar Analyzer (3 seconds)
[ERROR] ----------------------------------------------------
[ERROR] .NET Assembly Analyzer could not be initialized and at least one 'e**' or 'dll' was scanned. The 'dotnet' e**cutable could not be found on the path; either disable the Assembly Analyzer or add the path to dotnet core in the configuration.
[ERROR] ----------------------------------------------------
[INFO] Finished Dependency Merging Analyzer (0 seconds)
[INFO] Finished Version Filter Analyzer (0 seconds)
[INFO] Finished Hint Analyzer (0 seconds)
[INFO] Created CPE Index (4 seconds)
[INFO] Finished CPE Analyzer (11 seconds)
[INFO] Finished False Positive Analyzer (0 seconds)
[INFO] Finished NVD CVE Analyzer (0 seconds)
[INFO] Finished Sonatype OSS Index Analyzer (3 seconds)
[INFO] Finished Vulnerability Suppression Analyzer (0 seconds)
[INFO] Finished Dependency Bundling Analyzer (0 seconds)
[INFO] Analysis Complete (22 seconds)
[INFO] 
[INFO] --- jacoco-maven-plugin:0.8.5:report (report) @ entando-portal-ui ---
[INFO] Loading e**cution data file /workspace/source/target/jacoco.e**c
[INFO] Analyzed bundle 'Entando Core: Portal UI' with 18 classes
[INFO] 
[INFO] --- maven-gpg-plugin:1.6:sign (sign-artifacts) @ entando-portal-ui ---
gpg: WARNING: unsafe permissions on homedir `********************'
gpg: WARNING: unsafe permissions on homedir `********************'
gpg: WARNING: unsafe permissions on homedir `********************'
gpg: WARNING: unsafe permissions on homedir `********************'
gpg: WARNING: unsafe permissions on homedir `********************'
gpg: WARNING: unsafe permissions on homedir `********************'
gpg: WARNING: unsafe permissions on homedir `********************'
[INFO] 
[INFO] --- maven-surefire-report-plugin:3.0.0-M4:report-only (unit-tests) @ entando-portal-ui ---
[WARNING] Unable to locate Test Source XRef to link to - DISABLED
[INFO] 
[INFO] --- maven-install-plugin:2.4:install (default-install) @ entando-portal-ui ---
[INFO] Installing /workspace/source/target/entando-portal-ui-6.2.8.war to /home/jenkins/.mvnrepository/org/entando/entando/entando-portal-ui/6.2.8/entando-portal-ui-6.2.8.war
[INFO] Installing /workspace/source/pom.xml to /home/jenkins/.mvnrepository/org/entando/entando/entando-portal-ui/6.2.8/entando-portal-ui-6.2.8.pom
[INFO] Installing /workspace/source/target/entando-portal-ui-6.2.8-tests.jar to /home/jenkins/.mvnrepository/org/entando/entando/entando-portal-ui/6.2.8/entando-portal-ui-6.2.8-tests.jar
[INFO] Installing /workspace/source/target/entando-portal-ui-6.2.8-sources.jar to /home/jenkins/.mvnrepository/org/entando/entando/entando-portal-ui/6.2.8/entando-portal-ui-6.2.8-sources.jar
[INFO] Installing /workspace/source/target/entando-portal-ui-6.2.8-test-sources.jar to /home/jenkins/.mvnrepository/org/entando/entando/entando-portal-ui/6.2.8/entando-portal-ui-6.2.8-test-sources.jar
[INFO] Installing /workspace/source/target/entando-portal-ui-6.2.8-javadoc.jar to /home/jenkins/.mvnrepository/org/entando/entando/entando-portal-ui/6.2.8/entando-portal-ui-6.2.8-javadoc.jar
[INFO] Installing /workspace/source/target/entando-portal-ui-6.2.8-classes.jar to /home/jenkins/.mvnrepository/org/entando/entando/entando-portal-ui/6.2.8/entando-portal-ui-6.2.8-classes.jar
[INFO] Installing /workspace/source/target/entando-portal-ui-6.2.8.war.asc to /home/jenkins/.mvnrepository/org/entando/entando/entando-portal-ui/6.2.8/entando-portal-ui-6.2.8.war.asc
[INFO] Installing /workspace/source/target/entando-portal-ui-6.2.8.pom.asc to /home/jenkins/.mvnrepository/org/entando/entando/entando-portal-ui/6.2.8/entando-portal-ui-6.2.8.pom.asc
[INFO] Installing /workspace/source/target/entando-portal-ui-6.2.8-tests.jar.asc to /home/jenkins/.mvnrepository/org/entando/entando/entando-portal-ui/6.2.8/entando-portal-ui-6.2.8-tests.jar.asc
[INFO] Installing /workspace/source/target/entando-portal-ui-6.2.8-sources.jar.asc to /home/jenkins/.mvnrepository/org/entando/entando/entando-portal-ui/6.2.8/entando-portal-ui-6.2.8-sources.jar.asc
[INFO] Installing /workspace/source/target/entando-portal-ui-6.2.8-test-sources.jar.asc to /home/jenkins/.mvnrepository/org/entando/entando/entando-portal-ui/6.2.8/entando-portal-ui-6.2.8-test-sources.jar.asc
[INFO] Installing /workspace/source/target/entando-portal-ui-6.2.8-javadoc.jar.asc to /home/jenkins/.mvnrepository/org/entando/entando/entando-portal-ui/6.2.8/entando-portal-ui-6.2.8-javadoc.jar.asc
[INFO] Installing /workspace/source/target/entando-portal-ui-6.2.8-classes.jar.asc to /home/jenkins/.mvnrepository/org/entando/entando/entando-portal-ui/6.2.8/entando-portal-ui-6.2.8-classes.jar.asc
[INFO] 
[INFO] --- maven-deploy-plugin:2.8.2:deploy (default-deploy) @ entando-portal-ui ---
[INFO] Using alternate deployment repository local-nexus::default::http://nexus/repository/maven-releases/
[INFO] 
[INFO] --- maven-site-plugin:3.9.0:site (default-site) @ entando-portal-ui ---
[INFO] configuring report plugin org.apache.maven.plugins:maven-project-info-reports-plugin:3.0.0
[INFO] 9 reports configured for maven-project-info-reports-plugin:3.0.0: dependency-info, distribution-management, index, ci-management, issue-management, licenses, plugins, scm, summary
[INFO] Rendering site with default locale English (en)
[WARNING] Unable to find a URL to the parent project. The parent menu will NOT be added.
[INFO] Relativizing decoration links with respect to localized project URL: http://www.entando.com/
[INFO] Rendering content with org.apache.maven.skins:maven-default-skin:jar:1.3 skin.
[INFO] Generating "Dependency Information" report --- maven-project-info-reports-plugin:3.0.0:dependency-info
[INFO] Generating "About" report         --- maven-project-info-reports-plugin:3.0.0:index
[INFO] Generating "Issue Management" report --- maven-project-info-reports-plugin:3.0.0:issue-management
[INFO] Generating "Licenses" report      --- maven-project-info-reports-plugin:3.0.0:licenses
[INFO] Generating "Plugins" report       --- maven-project-info-reports-plugin:3.0.0:plugins
[INFO] Generating "Source Code Management" report --- maven-project-info-reports-plugin:3.0.0:scm
[INFO] Generating "Summary" report       --- maven-project-info-reports-plugin:3.0.0:summary
[INFO] 
[INFO] ---------------< org.entando.entando:entando-portal-ui >----------------
[INFO] Building Entando Core: Portal UI 6.2.8
[INFO] --------------------------------[ war ]---------------------------------
[WARNING] The POM for org.eclipse.m2e:lifecycle-mapping:jar:1.0.0 is missing, no dependency information available
[WARNING] Failed to retrieve plugin descriptor for org.eclipse.m2e:lifecycle-mapping:1.0.0: Plugin org.eclipse.m2e:lifecycle-mapping:1.0.0 or one of its dependencies could not be resolved: Failure to find org.eclipse.m2e:lifecycle-mapping:jar:1.0.0 in http://nexus/repository/maven-group/ was cached in the local repository, resolution will not be reattempted until the update interval of nexus has elapsed or updates are forced
[INFO] 
[INFO] --- sonar-maven-plugin:3.7.0.1746:sonar (default-cli) @ entando-portal-ui ---
[INFO] User cache: /****/.sonar/cache
[INFO] SonarQube version: 8.0.0
[INFO] Default locale: "en", source code encoding: "UTF-8"
[INFO] Load global settings
[INFO] Load global settings (done) | time=283ms
[INFO] Server id: 1BD809FA-AWHW8ct9-T_TB3XqouNu
[INFO] User cache: /****/.sonar/cache
[INFO] Load/download plugins
[INFO] Load plugins index
[INFO] Load plugins index (done) | time=85ms
[INFO] Load/download plugins (done) | time=27183ms
[INFO] Loaded core extensions: developer-scanner
[INFO] JavaScript/TypeScript frontend is enabled
[INFO] Process project properties
[INFO] E**cute project builders
[INFO] E**cute project builders (done) | time=2ms
[INFO] Project key: entando_entando-portal-ui
[INFO] Base dir: /workspace/source
[INFO] Working dir: /workspace/source/target/sonar
[INFO] Load project settings for component key: 'entando_entando-portal-ui'
[INFO] Load project settings for component key: 'entando_entando-portal-ui' (done) | time=120ms
[INFO] Load project branches
[INFO] Load project branches (done) | time=36ms
[INFO] Check ALM binding of project 'entando_entando-portal-ui'
[INFO] Detected project binding: NOT_BOUND
[INFO] Check ALM binding of project 'entando_entando-portal-ui' (done) | time=22ms
[INFO] Load project pull requests
[INFO] Load project pull requests (done) | time=31ms
[INFO] Load branch configuration
[INFO] Load branch configuration (done) | time=3ms
[INFO] Load quality profiles
[INFO] Load quality profiles (done) | time=68ms
[INFO] Load active rules
[INFO] Load active rules (done) | time=1598ms
[INFO] Organization key: entando
[INFO] Indexing files...
[INFO] Project configuration:
[WARNING] Exception caught during e**cution of command '[git, config, --******, --edit]' in '/usr/local/git/bin', return code '128', error message 'fatal: Invalid path '/usr/local/git/etc': No such file or directory
'
[INFO] 67 files inde**d
[INFO] 0 files ignored because of scm ignore settings
[INFO] Quality profile for java: Sonar way
[INFO] Quality profile for jsp: Sonar way
[INFO] Quality profile for xml: Sonar way
[INFO] ------------- Run sensors on module Entando Core: Portal UI
[INFO] JavaScript/TypeScript frontend is enabled
[INFO] Load metrics repository
[INFO] Load metrics repository (done) | time=57ms
[INFO] Sensor JavaSquidSensor [java]
[INFO] Configured Java source version (sonar.java.source): 8
[INFO] JavaClasspath initialization
[INFO] JavaClasspath initialization (done) | time=24ms
[INFO] JavaTestClasspath initialization
[INFO] JavaTestClasspath initialization (done) | time=6ms
[INFO] Java Main Files AST scan
[INFO] 20 source files to be analyzed
[INFO] Load project repositories
[INFO] Load project repositories (done) | time=46ms
[INFO] 13/20 files analyzed, current file: src/main/java/org/entando/entando/aps/******/services/controller/e**cutor/AbstractWidgetE**cutorService.java
[INFO] 20/20 source files have been analyzed
[INFO] Java Main Files AST scan (done) | time=13047ms
[INFO] Java Test Files AST scan
[INFO] 8 source files to be analyzed
[INFO] Java Test Files AST scan (done) | time=857ms
[INFO] Java Generated Files AST scan
[INFO] 0 source files to be analyzed
[INFO] Java Generated Files AST scan (done) | time=5ms
[INFO] 0/0 source files have been analyzed
[INFO] 8/8 source files have been analyzed
[INFO] Sensor JavaSquidSensor [java] (done) | time=14166ms
[INFO] Sensor CSS Rules [cssfamily]
[INFO] No CSS, PHP, HTML or VueJS files are found in the project. CSS analysis is skipped.
[INFO] Sensor CSS Rules [cssfamily] (done) | time=2ms
[INFO] Sensor C# Properties [csharp]
[INFO] Sensor C# Properties [csharp] (done) | time=6ms
[INFO] Sensor Import of Checkstyle issues [java]
[WARNING] Checkstyle report not found: /workspace/source/target/checkstyle-result.xml
[INFO] Sensor Import of Checkstyle issues [java] (done) | time=3ms
[INFO] Sensor SurefireSensor [java]
[INFO] parsing [/workspace/source/target/surefire-reports]
[INFO] Sensor SurefireSensor [java] (done) | time=135ms
[INFO] Sensor JavaXmlSensor [java]
[INFO] 2 source files to be analyzed
[INFO] Sensor JavaXmlSensor [java] (done) | time=396ms
[INFO] Sensor HTML [web]
[INFO] 2/2 source files have been analyzed
[INFO] Sensor HTML [web] (done) | time=1035ms
[INFO] Sensor XML Sensor [xml]
[INFO] 2 source files to be analyzed
[INFO] Sensor XML Sensor [xml] (done) | time=249ms
[INFO] Sensor VB.NET Properties [vbnet]
[INFO] Sensor VB.NET Properties [vbnet] (done) | time=2ms
[INFO] 2/2 source files have been analyzed
[INFO] Sensor JaCoCo XML Report Importer [jacoco]
[INFO] Importing 1 report(s). Turn your logs in debug mode in order to see the exhaustive list.
[INFO] Sensor JaCoCo XML Report Importer [jacoco] (done) | time=83ms
[INFO] Sensor ThymeLeaf template sensor [securityjavafrontend]
[INFO] Sensor ThymeLeaf template sensor [securityjavafrontend] (done) | time=6ms
[INFO] Sensor JavaSecuritySensor [security]
[INFO] Reading type hierarchy from: /workspace/source/target/sonar/ucfg2/java
[INFO] Read 164 type definitions
[INFO] Reading UCFGs from: /workspace/source/target/sonar/ucfg2/java
[INFO] 16:19:43.296255 Building Type propagation graph
[INFO] 16:19:43.35434 Running Tarjan on 627 nodes
[INFO] 16:19:43.361372 Tarjan found 626 components
[INFO] 16:19:43.381273 Variable type analysis: done
[INFO] 16:19:43.386644 Building Type propagation graph
[INFO] 16:19:43.417893 Running Tarjan on 627 nodes
[INFO] 16:19:43.422241 Tarjan found 626 components
[INFO] 16:19:43.430933 Variable type analysis: done
[INFO] Analyzing 106 ucfgs to detect vulnerabilities.
[INFO] All rules entrypoints : 2 Retained UCFGs : 17
[INFO] rule: S5131, entrypoints: 0
[INFO] rule: S5131 done
[INFO] rule: S3649, entrypoints: 0
[INFO] rule: S3649 done
[INFO] rule: S2076, entrypoints: 0
[INFO] rule: S2076 done
[INFO] rule: S2091, entrypoints: 0
[INFO] rule: S2091 done
[INFO] rule: S2078, entrypoints: 0
[INFO] rule: S2078 done
[INFO] rule: S2631, entrypoints: 0
[INFO] rule: S2631 done
[INFO] rule: S5135, entrypoints: 0
[INFO] rule: S5135 done
[INFO] rule: S2083, entrypoints: 0
[INFO] rule: S2083 done
[INFO] rule: S5167, entrypoints: 0
[INFO] rule: S5167 done
[INFO] rule: S5144, entrypoints: 0
[INFO] rule: S5144 done
[INFO] rule: S5145, entrypoints: 2
[INFO] Running symbolic analysis
[INFO] rule: S5145 done
[INFO] rule: S5146, entrypoints: 0
[INFO] rule: S5146 done
[INFO] rule: S5334, entrypoints: 0
[INFO] rule: S5334 done
[INFO] Sensor JavaSecuritySensor [security] (done) | time=1723ms
[INFO] Sensor CSharpSecuritySensor [security]
[INFO] Reading type hierarchy from: /workspace/source/target/ucfg_cs2
[INFO] Read 0 type definitions
[INFO] Reading UCFGs from: /workspace/source/target/ucfg_cs2
[INFO] No UCFGs have been included for analysis.
[INFO] Sensor CSharpSecuritySensor [security] (done) | time=1ms
[INFO] Sensor PhpSecuritySensor [security]
[INFO] Reading type hierarchy from: /workspace/source/target/sonar/ucfg2/php
[INFO] Read 0 type definitions
[INFO] Reading UCFGs from: /workspace/source/target/sonar/ucfg2/php
[INFO] No UCFGs have been included for analysis.
[INFO] Sensor PhpSecuritySensor [security] (done) | time=1ms
[INFO] Sensor PythonSecuritySensor [security]
[INFO] Reading type hierarchy from: /workspace/source/target/sonar/ucfg2/python
[INFO] Read 0 type definitions
[INFO] Reading UCFGs from: /workspace/source/target/sonar/ucfg2/python
[INFO] No UCFGs have been included for analysis.
[INFO] Sensor PythonSecuritySensor [security] (done) | time=1ms
[INFO] Sensor JsSecuritySensor [security]
[INFO] Reading type hierarchy from: /workspace/source/target/sonar/ucfg2/js
[INFO] Read 0 type definitions
[INFO] Reading UCFGs from: /workspace/source/target/sonar/ucfg2/js
[INFO] No UCFGs have been included for analysis.
[INFO] Sensor JsSecuritySensor [security] (done) | time=1ms
[INFO] ------------- Run sensors on project
[INFO] Sensor Zero Coverage Sensor
[INFO] Sensor Zero Coverage Sensor (done) | time=16ms
[INFO] Sensor Java CPD Block Inde**r
[INFO] Sensor Java CPD Block Inde**r (done) | time=106ms
[INFO] SCM Publisher SCM provider for this project is: git
[INFO] SCM Publisher 64 source files to be analyzed
[WARNING] Shallow clone detected, no blame information will be provided. You can convert to non-shallow with 'git fetch --unshallow'.
[INFO] SCM Publisher 0/64 source files have been analyzed (done) | time=2ms
[WARNING] Missing blame information for the following files:
[WARNING]   * src/main/java/com/agiletec/aps/******/services/controller/control/ControlServiceInterface.java
[WARNING]   * src/main/webapp/WEB-INF/aps/jsp/internalservlet/user/inc/attributes/front_hypertextAttribute.jsp
[WARNING]   * src/main/webapp/WEB-INF/aps/jsp/internalservlet/user/inc/attributes/front_compositeAttribute.jsp
[WARNING]   * src/main/java/org/entando/entando/aps/******/services/controller/e**cutor/BufferedHttpResponseWrapper.java
[WARNING]   * src/test/java/org/entando/entando/aps/******/services/controller/AbstractTestE**cutorService.java
[WARNING]   * src/main/java/com/agiletec/aps/******/services/controller/control/RequestAuthorizator.java
[WARNING]   * src/main/webapp/WEB-INF/aps/jsp/internalservlet/user/inc/attributes/front_attributeInfo-help-block.jsp
[WARNING]   * src/main/webapp/WEB-INF/aps/jsp/internalservlet/user/inc/attributes/front_checkBoxAttribute.jsp
[WARNING]   * src/main/webapp/WEB-INF/aps/jsp/internalservlet/user/inc/iteratorAttribute.jsp
[WARNING]   * src/main/java/org/entando/entando/aps/******/services/controller/e**cutor/WidgetE**cutorService.java
[WARNING]   * src/main/java/com/agiletec/aps/******/services/controller/ControllerManager.java
[WARNING]   * src/main/webapp/WEB-INF/aps/jsp/internalservlet/user/passwordChangingConfirm.jsp
[WARNING]   * src/main/webapp/WEB-INF/aps/jsp/internalservlet/user/entryUserPassword.jsp
[WARNING]   * src/main/webapp/WEB-INF/aps/jsp/internalservlet/api/service-list.jsp
[WARNING]   * src/main/java/com/agiletec/aps/******/services/controller/control/ErrorManager.java
[WARNING]   * src/main/java/org/entando/entando/aps/******/services/controller/e**cutor/PageE**cutorService.java
[WARNING]   * src/main/webapp/WEB-INF/aps/jsp/******/internalServlet_userNotAllowed.jsp
[WARNING]   * src/main/webapp/WEB-INF/aps/jsp/******/internalServlet_error.jsp
[WARNING]   * src/test/java/org/entando/entando/aps/******/services/controller/control/TestErrorManager.java
[WARNING]   * src/main/webapp/WEB-INF/aps/jsp/internalservlet/user/inc/attributes/front_threeStateAttribute.jsp
[WARNING]   * src/main/webapp/WEB-INF/aps/jsp/internalservlet/user/inc/attributes/front_enumeratorAttribute.jsp
[WARNING]   * src/test/java/org/entando/entando/aps/******/services/controller/e**cutor/TestWidgetE**cutorService.java
[WARNING]   * src/test/java/org/entando/entando/aps/******/services/controller/TestControllerManager.java
[WARNING]   * src/test/java/org/entando/entando/aps/AllTests.java
[WARNING]   * src/test/java/org/entando/entando/aps/******/services/controller/control/TestRequestValidator.java
[WARNING]   * src/main/java/org/entando/entando/aps/******/services/controller/preview/control/PreviewRequestAuthorizator.java
[WARNING]   * src/main/webapp/WEB-INF/aps/jsp/internalservlet/api/resource-detail.jsp
[WARNING]   * src/main/webapp/WEB-INF/aps/jsp/widgets/formAction.jsp
[WARNING]   * src/test/java/org/entando/entando/aps/******/services/controller/control/TestAuthenticator.java
[WARNING]   * src/main/webapp/WEB-INF/aps/jsp/internalservlet/user/inc/attributes/front_numberAttribute.jsp
[WARNING]   * src/main/webapp/META-INF/context.xml
[WARNING]   * src/main/java/org/entando/entando/aps/******/services/controller/e**cutor/ContentNegotiationE**cutorService.java
[WARNING]   * src/main/webapp/WEB-INF/aps/jsp/internalservlet/user/entryCurrentProfile.jsp
[WARNING]   * src/main/java/com/agiletec/aps/******/services/controller/control/Authenticator.java
[WARNING]   * src/main/java/com/agiletec/aps/******/services/controller/control/AbstractControlService.java
[WARNING]   * src/main/java/org/entando/entando/aps/servlet/PreviewControllerServlet.java
[WARNING]   * src/main/webapp/WEB-INF/aps/jsp/internalservlet/user/inc/attributes/front_monolistAttribute.jsp
[WARNING]   * src/main/java/org/entando/entando/aps/******/services/controller/preview/control/PreviewRequestValidator.java
[WARNING]   * src/main/webapp/WEB-INF/aps/jsp/internalservlet/user/inc/attributes/listAttributes/front_allList_operationModule.jsp
[WARNING]   * src/main/java/org/entando/entando/aps/******/services/controller/e**cutor/AbstractWidgetE**cutorService.java
[WARNING]   * src/main/webapp/WEB-INF/aps/jsp/internalservlet/api/service-detail.jsp
[WARNING]   * pom.xml
[WARNING]   * src/main/webapp/WEB-INF/aps/jsp/internalservlet/user/inc/attributes/front_monotextAttribute.jsp
[WARNING]   * src/main/webapp/WEB-INF/aps/jsp/internalservlet/user/editCurrentUser.jsp
[WARNING]   * src/main/webapp/WEB-INF/aps/jsp/internalservlet/user/inc/attributes/front_attributeInfo.jsp
[WARNING]   * src/main/java/org/entando/entando/aps/servlet/XSSRequestWrapper.java
[WARNING]   * src/main/webapp/index.jsp
[WARNING]   * src/main/webapp/WEB-INF/aps/jsp/internalservlet/user/inc/attributes/front_dateAttribute.jsp
[WARNING]   * src/main/webapp/WEB-INF/aps/jsp/internalservlet/user/inc/attributes/front_booleanAttribute.jsp
[WARNING]   * src/test/java/org/entando/entando/aps/******/services/controller/control/TestRequestAuthorizator.java
[WARNING]   * src/main/webapp/WEB-INF/aps/jsp/internalservlet/api/include/resource-method-detail.jsp
[WARNING]   * src/main/java/org/entando/entando/aps/******/services/controller/e**cutor/E**cutorServiceInterface.java
[WARNING]   * src/main/java/org/entando/entando/aps/******/services/controller/preview/control/PreviewErrorManager.java
[WARNING]   * src/main/webapp/WEB-INF/aps/jsp/widgets/login_form.jsp
[WARNING]   * src/main/webapp/WEB-INF/aps/jsp/internalservlet/user/currentWithoutProfile.jsp
[WARNING]   * src/main/webapp/WEB-INF/aps/jsp/internalservlet/user/inc/attributes/front_listAttribute.jsp
[WARNING]   * src/main/java/org/entando/entando/aps/servlet/XSSFilter.java
[WARNING]   * src/main/webapp/WEB-INF/aps/jsp/internalservlet/user/profileChangingConfirm.jsp
[WARNING]   * src/main/webapp/WEB-INF/aps/jsp/internalservlet/api/resource-list.jsp
[WARNING]   * src/main/java/com/agiletec/aps/******/services/controller/control/RequestValidator.java
[WARNING]   * src/main/webapp/WEB-INF/aps/jsp/internalservlet/user/inc/attributes/listAttributes/front_allList_addElementButton.jsp
[WARNING]   * src/main/java/org/entando/entando/aps/servlet/ControllerServlet.java
[WARNING]   * src/main/webapp/WEB-INF/aps/jsp/internalservlet/user/inc/attributes/front_enumeratorMapAttribute.jsp
[WARNING]   * src/main/webapp/WEB-INF/aps/jsp/widgets/messages_******.jsp
[WARNING] This may lead to missing/broken features in SonarCloud
[INFO] CPD E**cutor 15 files had no CPD blocks
[INFO] CPD E**cutor Calculating CPD for 39 files
[INFO] CPD E**cutor CPD calculation finished (done) | time=160ms
[INFO] Analysis report generated in 277ms, dir size=509 KB
[INFO] Analysis report compressed in 112ms, zip size=207 KB
[INFO] Analysis report uploaded in 175ms
[INFO] ANALYSIS SUCCESSFUL, you can find the results at: https://sonarcloud.io/dashboard?id=entando_entando-portal-ui
[INFO] Note that you will be able to access the updated dashboard once the server has processed the submitted analysis report
[INFO] More about the report processing at https://sonarcloud.io/api/ce/task?id=AXT-tirxaymVdIFoasFJ
[INFO] Analysis total time: 27.919 s
[INFO] ------------------------------------------------------------------------
[INFO] BUILD SUCCESS
[INFO] ------------------------------------------------------------------------
[INFO] Total time:  06:20 min
[INFO] Finished at: 2020-10-06T16:19:45Z
[INFO] ------------------------------------------------------------------------
shallow cloning https://github.com/entando-k8s/devops-results.git branch gh-pages
ran git init in /tmp/jenkins-x-collect250270524
ran git add remote origin https://github.com/entando-k8s/devops-results.git in /tmp/jenkins-x-collect250270524
ran git fetch origin --depth=1 gh-pages in dir /tmp/jenkins-x-collect250270524
Publishing https://raw.githubusercontent.com/entando-k8s/devops-results/gh-pages/entando-portal-ui/master/css/maven-base.css
Publishing https://raw.githubusercontent.com/entando-k8s/devops-results/gh-pages/entando-portal-ui/master/css/maven-theme.css
Publishing https://raw.githubusercontent.com/entando-k8s/devops-results/gh-pages/entando-portal-ui/master/css/print.css
Publishing https://raw.githubusercontent.com/entando-k8s/devops-results/gh-pages/entando-portal-ui/master/css/site.css
Publishing https://raw.githubusercontent.com/entando-k8s/devops-results/gh-pages/entando-portal-ui/master/dependency-check-junit.xml
Publishing https://raw.githubusercontent.com/entando-k8s/devops-results/gh-pages/entando-portal-ui/master/dependency-check-report.html
Publishing https://raw.githubusercontent.com/entando-k8s/devops-results/gh-pages/entando-portal-ui/master/dependency-check-report.xml
Publishing https://raw.githubusercontent.com/entando-k8s/devops-results/gh-pages/entando-portal-ui/master/dependency-info.html
Publishing https://raw.githubusercontent.com/entando-k8s/devops-results/gh-pages/entando-portal-ui/master/images/collapsed.gif
Publishing https://raw.githubusercontent.com/entando-k8s/devops-results/gh-pages/entando-portal-ui/master/images/expanded.gif
Publishing https://raw.githubusercontent.com/entando-k8s/devops-results/gh-pages/entando-portal-ui/master/images/external.png
Publishing https://raw.githubusercontent.com/entando-k8s/devops-results/gh-pages/entando-portal-ui/master/images/icon_error_sml.gif
Publishing https://raw.githubusercontent.com/entando-k8s/devops-results/gh-pages/entando-portal-ui/master/images/icon_info_sml.gif
Publishing https://raw.githubusercontent.com/entando-k8s/devops-results/gh-pages/entando-portal-ui/master/images/icon_success_sml.gif
Publishing https://raw.githubusercontent.com/entando-k8s/devops-results/gh-pages/entando-portal-ui/master/images/icon_warning_sml.gif
Publishing https://raw.githubusercontent.com/entando-k8s/devops-results/gh-pages/entando-portal-ui/master/images/logos/build-by-maven-black.png
Publishing https://raw.githubusercontent.com/entando-k8s/devops-results/gh-pages/entando-portal-ui/master/images/logos/build-by-maven-white.png
Publishing https://raw.githubusercontent.com/entando-k8s/devops-results/gh-pages/entando-portal-ui/master/images/logos/maven-feather.png
Publishing https://raw.githubusercontent.com/entando-k8s/devops-results/gh-pages/entando-portal-ui/master/images/newwindow.png
Publishing https://raw.githubusercontent.com/entando-k8s/devops-results/gh-pages/entando-portal-ui/master/index.html
Publishing https://raw.githubusercontent.com/entando-k8s/devops-results/gh-pages/entando-portal-ui/master/issue-management.html
Publishing https://raw.githubusercontent.com/entando-k8s/devops-results/gh-pages/entando-portal-ui/master/jacoco/com.agiletec.aps.******.services.controller/ControllerManager.html
Publishing https://raw.githubusercontent.com/entando-k8s/devops-results/gh-pages/entando-portal-ui/master/jacoco/com.agiletec.aps.******.services.controller/ControllerManager.java.html
Publishing https://raw.githubusercontent.com/entando-k8s/devops-results/gh-pages/entando-portal-ui/master/jacoco/com.agiletec.aps.******.services.controller/index.html
Publishing https://raw.githubusercontent.com/entando-k8s/devops-results/gh-pages/entando-portal-ui/master/jacoco/com.agiletec.aps.******.services.controller/index.source.html
Publishing https://raw.githubusercontent.com/entando-k8s/devops-results/gh-pages/entando-portal-ui/master/jacoco/com.agiletec.aps.******.services.controller.control/AbstractControlService.html
Publishing https://raw.githubusercontent.com/entando-k8s/devops-results/gh-pages/entando-portal-ui/master/jacoco/com.agiletec.aps.******.services.controller.control/AbstractControlService.java.html
Publishing https://raw.githubusercontent.com/entando-k8s/devops-results/gh-pages/entando-portal-ui/master/jacoco/com.agiletec.aps.******.services.controller.control/Authenticator.html
Publishing https://raw.githubusercontent.com/entando-k8s/devops-results/gh-pages/entando-portal-ui/master/jacoco/com.agiletec.aps.******.services.controller.control/Authenticator.java.html
Publishing https://raw.githubusercontent.com/entando-k8s/devops-results/gh-pages/entando-portal-ui/master/jacoco/com.agiletec.aps.******.services.controller.control/ErrorManager.html
Publishing https://raw.githubusercontent.com/entando-k8s/devops-results/gh-pages/entando-portal-ui/master/jacoco/com.agiletec.aps.******.services.controller.control/ErrorManager.java.html
Publishing https://raw.githubusercontent.com/entando-k8s/devops-results/gh-pages/entando-portal-ui/master/jacoco/com.agiletec.aps.******.services.controller.control/RequestAuthorizator.html
Publishing https://raw.githubusercontent.com/entando-k8s/devops-results/gh-pages/entando-portal-ui/master/jacoco/com.agiletec.aps.******.services.controller.control/RequestAuthorizator.java.html
Publishing https://raw.githubusercontent.com/entando-k8s/devops-results/gh-pages/entando-portal-ui/master/jacoco/com.agiletec.aps.******.services.controller.control/RequestValidator.html
Publishing https://raw.githubusercontent.com/entando-k8s/devops-results/gh-pages/entando-portal-ui/master/jacoco/com.agiletec.aps.******.services.controller.control/RequestValidator.java.html
Publishing https://raw.githubusercontent.com/entando-k8s/devops-results/gh-pages/entando-portal-ui/master/jacoco/com.agiletec.aps.******.services.controller.control/index.html
Publishing https://raw.githubusercontent.com/entando-k8s/devops-results/gh-pages/entando-portal-ui/master/jacoco/com.agiletec.aps.******.services.controller.control/index.source.html
Publishing https://raw.githubusercontent.com/entando-k8s/devops-results/gh-pages/entando-portal-ui/master/jacoco/index.html
Publishing https://raw.githubusercontent.com/entando-k8s/devops-results/gh-pages/entando-portal-ui/master/jacoco/jacoco-resources/branchfc.gif
Publishing https://raw.githubusercontent.com/entando-k8s/devops-results/gh-pages/entando-portal-ui/master/jacoco/jacoco-resources/branchnc.gif
Publishing https://raw.githubusercontent.com/entando-k8s/devops-results/gh-pages/entando-portal-ui/master/jacoco/jacoco-resources/branchpc.gif
Publishing https://raw.githubusercontent.com/entando-k8s/devops-results/gh-pages/entando-portal-ui/master/jacoco/jacoco-resources/bundle.gif
Publishing https://raw.githubusercontent.com/entando-k8s/devops-results/gh-pages/entando-portal-ui/master/jacoco/jacoco-resources/class.gif
Publishing https://raw.githubusercontent.com/entando-k8s/devops-results/gh-pages/entando-portal-ui/master/jacoco/jacoco-resources/down.gif
Publishing https://raw.githubusercontent.com/entando-k8s/devops-results/gh-pages/entando-portal-ui/master/jacoco/jacoco-resources/greenbar.gif
Publishing https://raw.githubusercontent.com/entando-k8s/devops-results/gh-pages/entando-portal-ui/master/jacoco/jacoco-resources/group.gif
Publishing https://raw.githubusercontent.com/entando-k8s/devops-results/gh-pages/entando-portal-ui/master/jacoco/jacoco-resources/method.gif
Publishing https://raw.githubusercontent.com/entando-k8s/devops-results/gh-pages/entando-portal-ui/master/jacoco/jacoco-resources/package.gif
Publishing https://raw.githubusercontent.com/entando-k8s/devops-results/gh-pages/entando-portal-ui/master/jacoco/jacoco-resources/prettify.css
Publishing https://raw.githubusercontent.com/entando-k8s/devops-results/gh-pages/entando-portal-ui/master/jacoco/jacoco-resources/prettify.js
Publishing https://raw.githubusercontent.com/entando-k8s/devops-results/gh-pages/entando-portal-ui/master/jacoco/jacoco-resources/redbar.gif
Publishing https://raw.githubusercontent.com/entando-k8s/devops-results/gh-pages/entando-portal-ui/master/jacoco/jacoco-resources/report.css
Publishing https://raw.githubusercontent.com/entando-k8s/devops-results/gh-pages/entando-portal-ui/master/jacoco/jacoco-resources/report.gif
Publishing https://raw.githubusercontent.com/entando-k8s/devops-results/gh-pages/entando-portal-ui/master/jacoco/jacoco-resources/session.gif
Publishing https://raw.githubusercontent.com/entando-k8s/devops-results/gh-pages/entando-portal-ui/master/jacoco/jacoco-resources/sort.gif
Publishing https://raw.githubusercontent.com/entando-k8s/devops-results/gh-pages/entando-portal-ui/master/jacoco/jacoco-resources/sort.js
Publishing https://raw.githubusercontent.com/entando-k8s/devops-results/gh-pages/entando-portal-ui/master/jacoco/jacoco-resources/source.gif
Publishing https://raw.githubusercontent.com/entando-k8s/devops-results/gh-pages/entando-portal-ui/master/jacoco/jacoco-resources/up.gif
Publishing https://raw.githubusercontent.com/entando-k8s/devops-results/gh-pages/entando-portal-ui/master/jacoco/jacoco-sessions.html
Publishing https://raw.githubusercontent.com/entando-k8s/devops-results/gh-pages/entando-portal-ui/master/jacoco/jacoco.csv
Publishing https://raw.githubusercontent.com/entando-k8s/devops-results/gh-pages/entando-portal-ui/master/jacoco/jacoco.xml
Publishing https://raw.githubusercontent.com/entando-k8s/devops-results/gh-pages/entando-portal-ui/master/jacoco/org.entando.entando.aps.servlet/ControllerServlet.html
Publishing https://raw.githubusercontent.com/entando-k8s/devops-results/gh-pages/entando-portal-ui/master/jacoco/org.entando.entando.aps.servlet/ControllerServlet.java.html
Publishing https://raw.githubusercontent.com/entando-k8s/devops-results/gh-pages/entando-portal-ui/master/jacoco/org.entando.entando.aps.servlet/PreviewControllerServlet.html
Publishing https://raw.githubusercontent.com/entando-k8s/devops-results/gh-pages/entando-portal-ui/master/jacoco/org.entando.entando.aps.servlet/PreviewControllerServlet.java.html
Publishing https://raw.githubusercontent.com/entando-k8s/devops-results/gh-pages/entando-portal-ui/master/jacoco/org.entando.entando.aps.servlet/XSSFilter.html
Publishing https://raw.githubusercontent.com/entando-k8s/devops-results/gh-pages/entando-portal-ui/master/jacoco/org.entando.entando.aps.servlet/XSSFilter.java.html
Publishing https://raw.githubusercontent.com/entando-k8s/devops-results/gh-pages/entando-portal-ui/master/jacoco/org.entando.entando.aps.servlet/XSSRequestWrapper.html
Publishing https://raw.githubusercontent.com/entando-k8s/devops-results/gh-pages/entando-portal-ui/master/jacoco/org.entando.entando.aps.servlet/XSSRequestWrapper.java.html
Publishing https://raw.githubusercontent.com/entando-k8s/devops-results/gh-pages/entando-portal-ui/master/jacoco/org.entando.entando.aps.servlet/index.html
Publishing https://raw.githubusercontent.com/entando-k8s/devops-results/gh-pages/entando-portal-ui/master/jacoco/org.entando.entando.aps.servlet/index.source.html
Publishing https://raw.githubusercontent.com/entando-k8s/devops-results/gh-pages/entando-portal-ui/master/jacoco/org.entando.entando.aps.******.services.controller.e**cutor/AbstractWidgetE**cutorService.html
Publishing https://raw.githubusercontent.com/entando-k8s/devops-results/gh-pages/entando-portal-ui/master/jacoco/org.entando.entando.aps.******.services.controller.e**cutor/AbstractWidgetE**cutorService.java.html
Publishing https://raw.githubusercontent.com/entando-k8s/devops-results/gh-pages/entando-portal-ui/master/jacoco/org.entando.entando.aps.******.services.controller.e**cutor/BufferedHttpResponseWrapper.html
Publishing https://raw.githubusercontent.com/entando-k8s/devops-results/gh-pages/entando-portal-ui/master/jacoco/org.entando.entando.aps.******.services.controller.e**cutor/BufferedHttpResponseWrapper.java.html
Publishing https://raw.githubusercontent.com/entando-k8s/devops-results/gh-pages/entando-portal-ui/master/jacoco/org.entando.entando.aps.******.services.controller.e**cutor/ContentNegotiationE**cutorService.html
Publishing https://raw.githubusercontent.com/entando-k8s/devops-results/gh-pages/entando-portal-ui/master/jacoco/org.entando.entando.aps.******.services.controller.e**cutor/ContentNegotiationE**cutorService.java.html
Publishing https://raw.githubusercontent.com/entando-k8s/devops-results/gh-pages/entando-portal-ui/master/jacoco/org.entando.entando.aps.******.services.controller.e**cutor/PageE**cutorService.html
Publishing https://raw.githubusercontent.com/entando-k8s/devops-results/gh-pages/entando-portal-ui/master/jacoco/org.entando.entando.aps.******.services.controller.e**cutor/PageE**cutorService.java.html
Publishing https://raw.githubusercontent.com/entando-k8s/devops-results/gh-pages/entando-portal-ui/master/jacoco/org.entando.entando.aps.******.services.controller.e**cutor/WidgetE**cutorService.html
Publishing https://raw.githubusercontent.com/entando-k8s/devops-results/gh-pages/entando-portal-ui/master/jacoco/org.entando.entando.aps.******.services.controller.e**cutor/WidgetE**cutorService.java.html
Publishing https://raw.githubusercontent.com/entando-k8s/devops-results/gh-pages/entando-portal-ui/master/jacoco/org.entando.entando.aps.******.services.controller.e**cutor/index.html
Publishing https://raw.githubusercontent.com/entando-k8s/devops-results/gh-pages/entando-portal-ui/master/jacoco/org.entando.entando.aps.******.services.controller.e**cutor/index.source.html
Publishing https://raw.githubusercontent.com/entando-k8s/devops-results/gh-pages/entando-portal-ui/master/jacoco/org.entando.entando.aps.******.services.controller.preview.control/PreviewErrorManager.html
Publishing https://raw.githubusercontent.com/entando-k8s/devops-results/gh-pages/entando-portal-ui/master/jacoco/org.entando.entando.aps.******.services.controller.preview.control/PreviewErrorManager.java.html
Publishing https://raw.githubusercontent.com/entando-k8s/devops-results/gh-pages/entando-portal-ui/master/jacoco/org.entando.entando.aps.******.services.controller.preview.control/PreviewRequestAuthorizator.html
Publishing https://raw.githubusercontent.com/entando-k8s/devops-results/gh-pages/entando-portal-ui/master/jacoco/org.entando.entando.aps.******.services.controller.preview.control/PreviewRequestAuthorizator.java.html
Publishing https://raw.githubusercontent.com/entando-k8s/devops-results/gh-pages/entando-portal-ui/master/jacoco/org.entando.entando.aps.******.services.controller.preview.control/PreviewRequestValidator.html
Publishing https://raw.githubusercontent.com/entando-k8s/devops-results/gh-pages/entando-portal-ui/master/jacoco/org.entando.entando.aps.******.services.controller.preview.control/PreviewRequestValidator.java.html
Publishing https://raw.githubusercontent.com/entando-k8s/devops-results/gh-pages/entando-portal-ui/master/jacoco/org.entando.entando.aps.******.services.controller.preview.control/index.html
Publishing https://raw.githubusercontent.com/entando-k8s/devops-results/gh-pages/entando-portal-ui/master/jacoco/org.entando.entando.aps.******.services.controller.preview.control/index.source.html
Publishing https://raw.githubusercontent.com/entando-k8s/devops-results/gh-pages/entando-portal-ui/master/licenses.html
Publishing https://raw.githubusercontent.com/entando-k8s/devops-results/gh-pages/entando-portal-ui/master/plugins.html
Publishing https://raw.githubusercontent.com/entando-k8s/devops-results/gh-pages/entando-portal-ui/master/project-info.html
Publishing https://raw.githubusercontent.com/entando-k8s/devops-results/gh-pages/entando-portal-ui/master/scm.html
Publishing https://raw.githubusercontent.com/entando-k8s/devops-results/gh-pages/entando-portal-ui/master/summary.html
Publishing https://raw.githubusercontent.com/entando-k8s/devops-results/gh-pages/entando-portal-ui/master/surefire-report.html
stashed: https://raw.githubusercontent.com/entando-k8s/devops-results/gh-pages/entando-portal-ui/master/css/maven-base.css
stashed: https://raw.githubusercontent.com/entando-k8s/devops-results/gh-pages/entando-portal-ui/master/css/maven-theme.css
stashed: https://raw.githubusercontent.com/entando-k8s/devops-results/gh-pages/entando-portal-ui/master/css/print.css
stashed: https://raw.githubusercontent.com/entando-k8s/devops-results/gh-pages/entando-portal-ui/master/css/site.css
stashed: https://raw.githubusercontent.com/entando-k8s/devops-results/gh-pages/entando-portal-ui/master/dependency-check-junit.xml
stashed: https://raw.githubusercontent.com/entando-k8s/devops-results/gh-pages/entando-portal-ui/master/dependency-check-report.html
stashed: https://raw.githubusercontent.com/entando-k8s/devops-results/gh-pages/entando-portal-ui/master/dependency-check-report.xml
stashed: https://raw.githubusercontent.com/entando-k8s/devops-results/gh-pages/entando-portal-ui/master/dependency-info.html
stashed: https://raw.githubusercontent.com/entando-k8s/devops-results/gh-pages/entando-portal-ui/master/images/collapsed.gif
stashed: https://raw.githubusercontent.com/entando-k8s/devops-results/gh-pages/entando-portal-ui/master/images/expanded.gif
stashed: https://raw.githubusercontent.com/entando-k8s/devops-results/gh-pages/entando-portal-ui/master/images/external.png
stashed: https://raw.githubusercontent.com/entando-k8s/devops-results/gh-pages/entando-portal-ui/master/images/icon_error_sml.gif
stashed: https://raw.githubusercontent.com/entando-k8s/devops-results/gh-pages/entando-portal-ui/master/images/icon_info_sml.gif
stashed: https://raw.githubusercontent.com/entando-k8s/devops-results/gh-pages/entando-portal-ui/master/images/icon_success_sml.gif
stashed: https://raw.githubusercontent.com/entando-k8s/devops-results/gh-pages/entando-portal-ui/master/images/icon_warning_sml.gif
stashed: https://raw.githubusercontent.com/entando-k8s/devops-results/gh-pages/entando-portal-ui/master/images/logos/build-by-maven-black.png
stashed: https://raw.githubusercontent.com/entando-k8s/devops-results/gh-pages/entando-portal-ui/master/images/logos/build-by-maven-white.png
stashed: https://raw.githubusercontent.com/entando-k8s/devops-results/gh-pages/entando-portal-ui/master/images/logos/maven-feather.png
stashed: https://raw.githubusercontent.com/entando-k8s/devops-results/gh-pages/entando-portal-ui/master/images/newwindow.png
stashed: https://raw.githubusercontent.com/entando-k8s/devops-results/gh-pages/entando-portal-ui/master/index.html
stashed: https://raw.githubusercontent.com/entando-k8s/devops-results/gh-pages/entando-portal-ui/master/issue-management.html
stashed: https://raw.githubusercontent.com/entando-k8s/devops-results/gh-pages/entando-portal-ui/master/jacoco/com.agiletec.aps.******.services.controller/ControllerManager.html
stashed: https://raw.githubusercontent.com/entando-k8s/devops-results/gh-pages/entando-portal-ui/master/jacoco/com.agiletec.aps.******.services.controller/ControllerManager.java.html
stashed: https://raw.githubusercontent.com/entando-k8s/devops-results/gh-pages/entando-portal-ui/master/jacoco/com.agiletec.aps.******.services.controller/index.html
stashed: https://raw.githubusercontent.com/entando-k8s/devops-results/gh-pages/entando-portal-ui/master/jacoco/com.agiletec.aps.******.services.controller/index.source.html
stashed: https://raw.githubusercontent.com/entando-k8s/devops-results/gh-pages/entando-portal-ui/master/jacoco/com.agiletec.aps.******.services.controller.control/AbstractControlService.html
stashed: https://raw.githubusercontent.com/entando-k8s/devops-results/gh-pages/entando-portal-ui/master/jacoco/com.agiletec.aps.******.services.controller.control/AbstractControlService.java.html
stashed: https://raw.githubusercontent.com/entando-k8s/devops-results/gh-pages/entando-portal-ui/master/jacoco/com.agiletec.aps.******.services.controller.control/Authenticator.html
stashed: https://raw.githubusercontent.com/entando-k8s/devops-results/gh-pages/entando-portal-ui/master/jacoco/com.agiletec.aps.******.services.controller.control/Authenticator.java.html
stashed: https://raw.githubusercontent.com/entando-k8s/devops-results/gh-pages/entando-portal-ui/master/jacoco/com.agiletec.aps.******.services.controller.control/ErrorManager.html
stashed: https://raw.githubusercontent.com/entando-k8s/devops-results/gh-pages/entando-portal-ui/master/jacoco/com.agiletec.aps.******.services.controller.control/ErrorManager.java.html
stashed: https://raw.githubusercontent.com/entando-k8s/devops-results/gh-pages/entando-portal-ui/master/jacoco/com.agiletec.aps.******.services.controller.control/RequestAuthorizator.html
stashed: https://raw.githubusercontent.com/entando-k8s/devops-results/gh-pages/entando-portal-ui/master/jacoco/com.agiletec.aps.******.services.controller.control/RequestAuthorizator.java.html
stashed: https://raw.githubusercontent.com/entando-k8s/devops-results/gh-pages/entando-portal-ui/master/jacoco/com.agiletec.aps.******.services.controller.control/RequestValidator.html
stashed: https://raw.githubusercontent.com/entando-k8s/devops-results/gh-pages/entando-portal-ui/master/jacoco/com.agiletec.aps.******.services.controller.control/RequestValidator.java.html
stashed: https://raw.githubusercontent.com/entando-k8s/devops-results/gh-pages/entando-portal-ui/master/jacoco/com.agiletec.aps.******.services.controller.control/index.html
stashed: https://raw.githubusercontent.com/entando-k8s/devops-results/gh-pages/entando-portal-ui/master/jacoco/com.agiletec.aps.******.services.controller.control/index.source.html
stashed: https://raw.githubusercontent.com/entando-k8s/devops-results/gh-pages/entando-portal-ui/master/jacoco/index.html
stashed: https://raw.githubusercontent.com/entando-k8s/devops-results/gh-pages/entando-portal-ui/master/jacoco/jacoco-resources/branchfc.gif
stashed: https://raw.githubusercontent.com/entando-k8s/devops-results/gh-pages/entando-portal-ui/master/jacoco/jacoco-resources/branchnc.gif
stashed: https://raw.githubusercontent.com/entando-k8s/devops-results/gh-pages/entando-portal-ui/master/jacoco/jacoco-resources/branchpc.gif
stashed: https://raw.githubusercontent.com/entando-k8s/devops-results/gh-pages/entando-portal-ui/master/jacoco/jacoco-resources/bundle.gif
stashed: https://raw.githubusercontent.com/entando-k8s/devops-results/gh-pages/entando-portal-ui/master/jacoco/jacoco-resources/class.gif
stashed: https://raw.githubusercontent.com/entando-k8s/devops-results/gh-pages/entando-portal-ui/master/jacoco/jacoco-resources/down.gif
stashed: https://raw.githubusercontent.com/entando-k8s/devops-results/gh-pages/entando-portal-ui/master/jacoco/jacoco-resources/greenbar.gif
stashed: https://raw.githubusercontent.com/entando-k8s/devops-results/gh-pages/entando-portal-ui/master/jacoco/jacoco-resources/group.gif
stashed: https://raw.githubusercontent.com/entando-k8s/devops-results/gh-pages/entando-portal-ui/master/jacoco/jacoco-resources/method.gif
stashed: https://raw.githubusercontent.com/entando-k8s/devops-results/gh-pages/entando-portal-ui/master/jacoco/jacoco-resources/package.gif
stashed: https://raw.githubusercontent.com/entando-k8s/devops-results/gh-pages/entando-portal-ui/master/jacoco/jacoco-resources/prettify.css
stashed: https://raw.githubusercontent.com/entando-k8s/devops-results/gh-pages/entando-portal-ui/master/jacoco/jacoco-resources/prettify.js
stashed: https://raw.githubusercontent.com/entando-k8s/devops-results/gh-pages/entando-portal-ui/master/jacoco/jacoco-resources/redbar.gif
stashed: https://raw.githubusercontent.com/entando-k8s/devops-results/gh-pages/entando-portal-ui/master/jacoco/jacoco-resources/report.css
stashed: https://raw.githubusercontent.com/entando-k8s/devops-results/gh-pages/entando-portal-ui/master/jacoco/jacoco-resources/report.gif
stashed: https://raw.githubusercontent.com/entando-k8s/devops-results/gh-pages/entando-portal-ui/master/jacoco/jacoco-resources/session.gif
stashed: https://raw.githubusercontent.com/entando-k8s/devops-results/gh-pages/entando-portal-ui/master/jacoco/jacoco-resources/sort.gif
stashed: https://raw.githubusercontent.com/entando-k8s/devops-results/gh-pages/entando-portal-ui/master/jacoco/jacoco-resources/sort.js
stashed: https://raw.githubusercontent.com/entando-k8s/devops-results/gh-pages/entando-portal-ui/master/jacoco/jacoco-resources/source.gif
stashed: https://raw.githubusercontent.com/entando-k8s/devops-results/gh-pages/entando-portal-ui/master/jacoco/jacoco-resources/up.gif
stashed: https://raw.githubusercontent.com/entando-k8s/devops-results/gh-pages/entando-portal-ui/master/jacoco/jacoco-sessions.html
stashed: https://raw.githubusercontent.com/entando-k8s/devops-results/gh-pages/entando-portal-ui/master/jacoco/jacoco.csv
stashed: https://raw.githubusercontent.com/entando-k8s/devops-results/gh-pages/entando-portal-ui/master/jacoco/jacoco.xml
stashed: https://raw.githubusercontent.com/entando-k8s/devops-results/gh-pages/entando-portal-ui/master/jacoco/org.entando.entando.aps.servlet/ControllerServlet.html
stashed: https://raw.githubusercontent.com/entando-k8s/devops-results/gh-pages/entando-portal-ui/master/jacoco/org.entando.entando.aps.servlet/ControllerServlet.java.html
stashed: https://raw.githubusercontent.com/entando-k8s/devops-results/gh-pages/entando-portal-ui/master/jacoco/org.entando.entando.aps.servlet/PreviewControllerServlet.html
stashed: https://raw.githubusercontent.com/entando-k8s/devops-results/gh-pages/entando-portal-ui/master/jacoco/org.entando.entando.aps.servlet/PreviewControllerServlet.java.html
stashed: https://raw.githubusercontent.com/entando-k8s/devops-results/gh-pages/entando-portal-ui/master/jacoco/org.entando.entando.aps.servlet/XSSFilter.html
stashed: https://raw.githubusercontent.com/entando-k8s/devops-results/gh-pages/entando-portal-ui/master/jacoco/org.entando.entando.aps.servlet/XSSFilter.java.html
stashed: https://raw.githubusercontent.com/entando-k8s/devops-results/gh-pages/entando-portal-ui/master/jacoco/org.entando.entando.aps.servlet/XSSRequestWrapper.html
stashed: https://raw.githubusercontent.com/entando-k8s/devops-results/gh-pages/entando-portal-ui/master/jacoco/org.entando.entando.aps.servlet/XSSRequestWrapper.java.html
stashed: https://raw.githubusercontent.com/entando-k8s/devops-results/gh-pages/entando-portal-ui/master/jacoco/org.entando.entando.aps.servlet/index.html
stashed: https://raw.githubusercontent.com/entando-k8s/devops-results/gh-pages/entando-portal-ui/master/jacoco/org.entando.entando.aps.servlet/index.source.html
stashed: https://raw.githubusercontent.com/entando-k8s/devops-results/gh-pages/entando-portal-ui/master/jacoco/org.entando.entando.aps.******.services.controller.e**cutor/AbstractWidgetE**cutorService.html
stashed: https://raw.githubusercontent.com/entando-k8s/devops-results/gh-pages/entando-portal-ui/master/jacoco/org.entando.entando.aps.******.services.controller.e**cutor/AbstractWidgetE**cutorService.java.html
stashed: https://raw.githubusercontent.com/entando-k8s/devops-results/gh-pages/entando-portal-ui/master/jacoco/org.entando.entando.aps.******.services.controller.e**cutor/BufferedHttpResponseWrapper.html
stashed: https://raw.githubusercontent.com/entando-k8s/devops-results/gh-pages/entando-portal-ui/master/jacoco/org.entando.entando.aps.******.services.controller.e**cutor/BufferedHttpResponseWrapper.java.html
stashed: https://raw.githubusercontent.com/entando-k8s/devops-results/gh-pages/entando-portal-ui/master/jacoco/org.entando.entando.aps.******.services.controller.e**cutor/ContentNegotiationE**cutorService.html
stashed: https://raw.githubusercontent.com/entando-k8s/devops-results/gh-pages/entando-portal-ui/master/jacoco/org.entando.entando.aps.******.services.controller.e**cutor/ContentNegotiationE**cutorService.java.html
stashed: https://raw.githubusercontent.com/entando-k8s/devops-results/gh-pages/entando-portal-ui/master/jacoco/org.entando.entando.aps.******.services.controller.e**cutor/PageE**cutorService.html
stashed: https://raw.githubusercontent.com/entando-k8s/devops-results/gh-pages/entando-portal-ui/master/jacoco/org.entando.entando.aps.******.services.controller.e**cutor/PageE**cutorService.java.html
stashed: https://raw.githubusercontent.com/entando-k8s/devops-results/gh-pages/entando-portal-ui/master/jacoco/org.entando.entando.aps.******.services.controller.e**cutor/WidgetE**cutorService.html
stashed: https://raw.githubusercontent.com/entando-k8s/devops-results/gh-pages/entando-portal-ui/master/jacoco/org.entando.entando.aps.******.services.controller.e**cutor/WidgetE**cutorService.java.html
stashed: https://raw.githubusercontent.com/entando-k8s/devops-results/gh-pages/entando-portal-ui/master/jacoco/org.entando.entando.aps.******.services.controller.e**cutor/index.html
stashed: https://raw.githubusercontent.com/entando-k8s/devops-results/gh-pages/entando-portal-ui/master/jacoco/org.entando.entando.aps.******.services.controller.e**cutor/index.source.html
stashed: https://raw.githubusercontent.com/entando-k8s/devops-results/gh-pages/entando-portal-ui/master/jacoco/org.entando.entando.aps.******.services.controller.preview.control/PreviewErrorManager.html
stashed: https://raw.githubusercontent.com/entando-k8s/devops-results/gh-pages/entando-portal-ui/master/jacoco/org.entando.entando.aps.******.services.controller.preview.control/PreviewErrorManager.java.html
stashed: https://raw.githubusercontent.com/entando-k8s/devops-results/gh-pages/entando-portal-ui/master/jacoco/org.entando.entando.aps.******.services.controller.preview.control/PreviewRequestAuthorizator.html
stashed: https://raw.githubusercontent.com/entando-k8s/devops-results/gh-pages/entando-portal-ui/master/jacoco/org.entando.entando.aps.******.services.controller.preview.control/PreviewRequestAuthorizator.java.html
stashed: https://raw.githubusercontent.com/entando-k8s/devops-results/gh-pages/entando-portal-ui/master/jacoco/org.entando.entando.aps.******.services.controller.preview.control/PreviewRequestValidator.html
stashed: https://raw.githubusercontent.com/entando-k8s/devops-results/gh-pages/entando-portal-ui/master/jacoco/org.entando.entando.aps.******.services.controller.preview.control/PreviewRequestValidator.java.html
stashed: https://raw.githubusercontent.com/entando-k8s/devops-results/gh-pages/entando-portal-ui/master/jacoco/org.entando.entando.aps.******.services.controller.preview.control/index.html
stashed: https://raw.githubusercontent.com/entando-k8s/devops-results/gh-pages/entando-portal-ui/master/jacoco/org.entando.entando.aps.******.services.controller.preview.control/index.source.html
stashed: https://raw.githubusercontent.com/entando-k8s/devops-results/gh-pages/entando-portal-ui/master/licenses.html
stashed: https://raw.githubusercontent.com/entando-k8s/devops-results/gh-pages/entando-portal-ui/master/plugins.html
stashed: https://raw.githubusercontent.com/entando-k8s/devops-results/gh-pages/entando-portal-ui/master/project-info.html
stashed: https://raw.githubusercontent.com/entando-k8s/devops-results/gh-pages/entando-portal-ui/master/scm.html
stashed: https://raw.githubusercontent.com/entando-k8s/devops-results/gh-pages/entando-portal-ui/master/summary.html
stashed: https://raw.githubusercontent.com/entando-k8s/devops-results/gh-pages/entando-portal-ui/master/surefire-report.html
error: etcdserver: request is too large
Congratulations! No build failures found for entando-portal-ui-master.

Showing logs for build [32mentando-entando-portal-ui-maste-xp2dl-8[0m stage [32mfrom-build-pack[0m and container [32mstep-promote-changelog[0m
Converted /workspace/source to an unshallow repository
Generating change log from git ref 0a76871efe5b2fedbdf74a0042aa050ded9389ad => b516962b0e439331814f3cafbaccff7327a44baa
Associating user alepintus-0 in users.jenkins.io with email alepintus@users.noreply.github.com to git GitProvider user with login alessio-pintus-1 as emails match
Adding label jenkins.io/git-github-userid=alessio-pintus-1 to user alepintus-0 in users.jenkins.io
Associating user github in users.jenkins.io with email noreply@github.com to git GitProvider user with login github-0 as emails match
Adding label jenkins.io/git-github-userid=github-0 to user github in users.jenkins.io
Finding issues in commit messages using git format
WARNING: No release found for entando/entando-portal-ui and tag v6.2.8 so creating a new release
Updated the release information at https://github.com/entando/entando-portal-ui/releases/tag/v6.2.8
generated: /workspace/source/templates/release.yaml
Created Release entando-portal-ui-6-2-8 resource in namespace **
Updating PipelineActivity entando-entando-portal-ui-master-8 with version 6.2.8
Updated PipelineActivities entando-entando-portal-ui-master-8 with release notes URL: https://github.com/entando/entando-portal-ui/releases/tag/v6.2.8

Showing logs for build [32mentando-entando-portal-ui-maste-xp2dl-8[0m stage [32mfrom-build-pack[0m and container [32mstep-promote-update-bom[0m
/tmp /workspace/source
Cloning into 'entando-core-bom'...
/tmp/entando-core-bom /tmp /workspace/source
[master 5be1677] Bumped entando-portal-ui to 6.2.8
 1 file changed, 1 insertion(+), 1 deletion(-)
To https://github.com/entando/entando-core-bom.git
   b9eaa5e..5be1677  master -> master
/tmp /workspace/source
/workspace/source
